<?xml version="1.0" encoding="utf-8" standalone="no"?>
<test-run id="2" testcasecount="3793" result="Skipped" label="Ignored" total="3793" passed="3661" failed="0" inconclusive="109" skipped="23" asserts="7395" engine-version="3.5.0.0" clr-version="4.0.30319.17020" start-time="2017-02-21 11:04:43Z" end-time="2017-02-21 11:05:09Z" duration="26.620629">
  <command-line><![CDATA[/home/tinedel/projects/nunit-3.6/tools/NUnit.ConsoleRunner/tools/nunit3-console.exe /home/tinedel/projects/nunit-3.6/bin/Release/net-4.5/nunit.framework.tests.dll --process=InProcess]]></command-line>
  <test-suite type="Assembly" id="0-5517" name="nunit.framework.tests.dll" fullname="/home/tinedel/projects/nunit-3.6/bin/Release/net-4.5/nunit.framework.tests.dll" runstate="Runnable" testcasecount="3793" result="Skipped" label="Ignored" start-time="2017-02-21 11:04:43Z" end-time="2017-02-21 11:05:08Z" duration="25.584553" total="3793" passed="3661" failed="0" warnings="0" inconclusive="109" skipped="23" asserts="7395">
    <environment framework-version="3.6.0.0" clr-version="4.0.30319.17020" os-version="Unix 4.4.0.62" platform="Unix" cwd="/home/tinedel/projects/nunit-3.6" machine-name="nout" user="tinedel" user-domain="nout" culture="en-US" uiculture="en-US" os-architecture="x64" />
    <settings>
      <setting name="ProcessModel" value="InProcess" />
      <setting name="DisposeRunners" value="True" />
      <setting name="WorkDirectory" value="/home/tinedel/projects/nunit-3.6" />
      <setting name="ImageRuntimeVersion" value="4.0.30319" />
      <setting name="ImageTargetFrameworkName" value=".NETFramework,Version=v4.5" />
      <setting name="ImageRequiresX86" value="False" />
      <setting name="ImageRequiresDefaultAppDomainAssemblyResolver" value="False" />
      <setting name="NumberOfTestWorkers" value="4" />
    </settings>
    <properties>
      <property name="ParallelScope" value="Fixtures" />
      <property name="_PID" value="6122" />
      <property name="_APPDOMAIN" value="test-domain-" />
    </properties>
    <reason>
      <message><![CDATA[One or more child tests were ignored]]></message>
    </reason>
    <test-suite type="TestSuite" id="0-5518" name="NUnit" fullname="NUnit" runstate="Runnable" testcasecount="3793" result="Skipped" label="Ignored" start-time="2017-02-21 11:04:43Z" end-time="2017-02-21 11:05:08Z" duration="25.575363" total="3793" passed="3661" failed="0" warnings="0" inconclusive="109" skipped="23" asserts="7395">
      <reason>
        <message><![CDATA[One or more child tests were ignored]]></message>
      </reason>
      <test-suite type="TestSuite" id="0-5537" name="TestUtilities" fullname="NUnit.TestUtilities" runstate="Runnable" testcasecount="6" result="Passed" start-time="2017-02-21 11:04:43Z" end-time="2017-02-21 11:04:50Z" duration="7.682522" total="6" passed="6" failed="0" warnings="0" inconclusive="0" skipped="0" asserts="6">
        <test-suite type="TestFixture" id="0-5492" name="UniqueValues" fullname="NUnit.TestUtilities.UniqueValues" classname="NUnit.TestUtilities.UniqueValues" runstate="Runnable" testcasecount="6" result="Passed" start-time="2017-02-21 11:04:50Z" end-time="2017-02-21 11:04:50Z" duration="0.019276" total="6" passed="6" failed="0" warnings="0" inconclusive="0" skipped="0" asserts="6">
          <test-suite type="ParameterizedMethod" id="0-5499" name="CountUniqueValuesTest" fullname="NUnit.TestUtilities.UniqueValues.CountUniqueValuesTest" classname="NUnit.TestUtilities.UniqueValues" runstate="Runnable" testcasecount="6" result="Passed" start-time="2017-02-21 11:04:50Z" end-time="2017-02-21 11:04:50Z" duration="0.016489" total="6" passed="6" failed="0" warnings="0" inconclusive="0" skipped="0" asserts="6">
            <test-case id="0-5493" name="CountUniqueValuesTest(1,2,3,4,5)" fullname="NUnit.TestUtilities.UniqueValues.CountUniqueValuesTest(1,2,3,4,5)" methodname="CountUniqueValuesTest" classname="NUnit.TestUtilities.UniqueValues" runstate="Runnable" seed="2041836537" result="Passed" start-time="2017-02-21 11:04:50Z" end-time="2017-02-21 11:04:50Z" duration="0.000644" asserts="1" />
            <test-case id="0-5494" name="CountUniqueValuesTest(1,2,3,4,3)" fullname="NUnit.TestUtilities.UniqueValues.CountUniqueValuesTest(1,2,3,4,3)" methodname="CountUniqueValuesTest" classname="NUnit.TestUtilities.UniqueValues" runstate="Runnable" seed="43313" result="Passed" start-time="2017-02-21 11:04:50Z" end-time="2017-02-21 11:04:50Z" duration="0.000099" asserts="1" />
            <test-case id="0-5495" name="CountUniqueValuesTest(1,1,1,1,1)" fullname="NUnit.TestUtilities.UniqueValues.CountUniqueValuesTest(1,1,1,1,1)" methodname="CountUniqueValuesTest" classname="NUnit.TestUtilities.UniqueValues" runstate="Runnable" seed="2018403542" result="Passed" start-time="2017-02-21 11:04:50Z" end-time="2017-02-21 11:04:50Z" duration="0.000159" asserts="1" />
            <test-case id="0-5496" name="CountUniqueValuesTest(1,2,1,2,1)" fullname="NUnit.TestUtilities.UniqueValues.CountUniqueValuesTest(1,2,1,2,1)" methodname="CountUniqueValuesTest" classname="NUnit.TestUtilities.UniqueValues" runstate="Runnable" seed="1795547435" result="Passed" start-time="2017-02-21 11:04:50Z" end-time="2017-02-21 11:04:50Z" duration="0.000075" asserts="1" />
            <test-case id="0-5497" name="CountUniqueValuesTest(1,1,1,2,2)" fullname="NUnit.TestUtilities.UniqueValues.CountUniqueValuesTest(1,1,1,2,2)" methodname="CountUniqueValuesTest" classname="NUnit.TestUtilities.UniqueValues" runstate="Runnable" seed="978818143" result="Passed" start-time="2017-02-21 11:04:50Z" end-time="2017-02-21 11:04:50Z" duration="0.000099" asserts="1" />
            <test-case id="0-5498" name="CountUniqueValuesTest()" fullname="NUnit.TestUtilities.UniqueValues.CountUniqueValuesTest()" methodname="CountUniqueValuesTest" classname="NUnit.TestUtilities.UniqueValues" runstate="Runnable" seed="310049770" result="Passed" start-time="2017-02-21 11:04:50Z" end-time="2017-02-21 11:04:50Z" duration="0.000141" asserts="1" />
          </test-suite>
        </test-suite>
      </test-suite>
      <test-suite type="TestSuite" id="0-5519" name="Framework" fullname="NUnit.Framework" runstate="Runnable" testcasecount="3787" result="Skipped" label="Ignored" start-time="2017-02-21 11:04:43Z" end-time="2017-02-21 11:05:08Z" duration="25.573176" total="3787" passed="3655" failed="0" warnings="0" inconclusive="109" skipped="23" asserts="7389">
        <reason>
          <message><![CDATA[One or more child tests were ignored]]></message>
        </reason>
        <test-suite type="TestSuite" id="0-5532" name="Internal" fullname="NUnit.Framework.Internal" runstate="Runnable" testcasecount="891" result="Skipped" label="Ignored" start-time="2017-02-21 11:04:43Z" end-time="2017-02-21 11:04:49Z" duration="5.801428" total="891" passed="875" failed="0" warnings="0" inconclusive="5" skipped="11" asserts="3028">
          <reason>
            <message><![CDATA[One or more child tests were ignored]]></message>
          </reason>
          <test-suite type="TestFixture" id="0-4062" name="AsyncSetupTeardownTests" fullname="NUnit.Framework.Internal.AsyncSetupTeardownTests" classname="NUnit.Framework.Internal.AsyncSetupTeardownTests" runstate="Runnable" testcasecount="5" result="Passed" start-time="2017-02-21 11:04:46Z" end-time="2017-02-21 11:04:46Z" duration="0.021678" total="5" passed="5" failed="0" warnings="0" inconclusive="0" skipped="0" asserts="6">
            <test-case id="0-4064" name="FailingSetupShouldLetExceptionBubbleUpUnwrapped" fullname="NUnit.Framework.Internal.AsyncSetupTeardownTests.FailingSetupShouldLetExceptionBubbleUpUnwrapped" methodname="FailingSetupShouldLetExceptionBubbleUpUnwrapped" classname="NUnit.Framework.Internal.AsyncSetupTeardownTests" runstate="Runnable" seed="746167638" result="Passed" start-time="2017-02-21 11:04:46Z" end-time="2017-02-21 11:04:46Z" duration="0.003289" asserts="1" />
            <test-case id="0-4065" name="FailingTeardownShouldRecordFailureInTestContext" fullname="NUnit.Framework.Internal.AsyncSetupTeardownTests.FailingTeardownShouldRecordFailureInTestContext" methodname="FailingTeardownShouldRecordFailureInTestContext" classname="NUnit.Framework.Internal.AsyncSetupTeardownTests" runstate="Runnable" seed="587971312" result="Passed" start-time="2017-02-21 11:04:46Z" end-time="2017-02-21 11:04:46Z" duration="0.001731" asserts="1" />
            <test-case id="0-4063" name="SuccessfulSetup" fullname="NUnit.Framework.Internal.AsyncSetupTeardownTests.SuccessfulSetup" methodname="SuccessfulSetup" classname="NUnit.Framework.Internal.AsyncSetupTeardownTests" runstate="Runnable" seed="1610841649" result="Passed" start-time="2017-02-21 11:04:46Z" end-time="2017-02-21 11:04:46Z" duration="0.001413" asserts="1" />
            <test-case id="0-4066" name="SuccessfulThenFailingSetupShouldLetExceptionBubbleUpUnwrapped" fullname="NUnit.Framework.Internal.AsyncSetupTeardownTests.SuccessfulThenFailingSetupShouldLetExceptionBubbleUpUnwrapped" methodname="SuccessfulThenFailingSetupShouldLetExceptionBubbleUpUnwrapped" classname="NUnit.Framework.Internal.AsyncSetupTeardownTests" runstate="Runnable" seed="1970207820" result="Passed" start-time="2017-02-21 11:04:46Z" end-time="2017-02-21 11:04:46Z" duration="0.001412" asserts="2" />
            <test-case id="0-4067" name="SuccessfulThenFailingTeardownShouldRecordFailureInTestContext" fullname="NUnit.Framework.Internal.AsyncSetupTeardownTests.SuccessfulThenFailingTeardownShouldRecordFailureInTestContext" methodname="SuccessfulThenFailingTeardownShouldRecordFailureInTestContext" classname="NUnit.Framework.Internal.AsyncSetupTeardownTests" runstate="Runnable" seed="133028690" result="Passed" start-time="2017-02-21 11:04:46Z" end-time="2017-02-21 11:04:46Z" duration="0.000705" asserts="1" />
          </test-suite>
          <test-suite type="TestFixture" id="0-4068" name="AsyncTestMethodTests" fullname="NUnit.Framework.Internal.AsyncTestMethodTests" classname="NUnit.Framework.Internal.AsyncTestMethodTests" runstate="Runnable" testcasecount="26" result="Skipped" label="Ignored" start-time="2017-02-21 11:04:46Z" end-time="2017-02-21 11:04:46Z" duration="0.133736" total="26" passed="15" failed="0" warnings="0" inconclusive="0" skipped="11" asserts="0">
            <reason>
              <message><![CDATA[One or more child tests were ignored]]></message>
            </reason>
            <test-suite type="ParameterizedMethod" id="0-4095" name="RunTests" fullname="NUnit.Framework.Internal.AsyncTestMethodTests.RunTests" classname="NUnit.Framework.Internal.AsyncTestMethodTests" runstate="Runnable" testcasecount="26" result="Skipped" label="Ignored" start-time="2017-02-21 11:04:46Z" end-time="2017-02-21 11:04:46Z" duration="0.130968" total="26" passed="15" failed="0" warnings="0" inconclusive="0" skipped="11" asserts="0">
              <reason>
                <message><![CDATA[One or more child tests were ignored]]></message>
              </reason>
              <test-case id="0-4069" name="RunTests(AsyncVoid,Failed:Invalid,0)" fullname="NUnit.Framework.Internal.AsyncTestMethodTests.RunTests(AsyncVoid,Failed:Invalid,0)" methodname="RunTests" classname="NUnit.Framework.Internal.AsyncTestMethodTests" runstate="Runnable" seed="1897299476" result="Passed" start-time="2017-02-21 11:04:46Z" end-time="2017-02-21 11:04:46Z" duration="0.000676" asserts="0" />
              <test-case id="0-4070" name="RunTests(AsyncTaskSuccess,Passed,1)" fullname="NUnit.Framework.Internal.AsyncTestMethodTests.RunTests(AsyncTaskSuccess,Passed,1)" methodname="RunTests" classname="NUnit.Framework.Internal.AsyncTestMethodTests" runstate="Ignored" seed="211226507" result="Skipped" label="Ignored" start-time="2017-02-21 11:04:46Z" end-time="2017-02-21 11:04:46Z" duration="0.000009" asserts="0">
                <properties>
                  <property name="_SKIPREASON" value="Intermittent failure on Linux and under Portable build" />
                </properties>
                <reason>
                  <message><![CDATA[Intermittent failure on Linux and under Portable build]]></message>
                </reason>
              </test-case>
              <test-case id="0-4071" name="RunTests(AsyncTaskFailure,Failed,1)" fullname="NUnit.Framework.Internal.AsyncTestMethodTests.RunTests(AsyncTaskFailure,Failed,1)" methodname="RunTests" classname="NUnit.Framework.Internal.AsyncTestMethodTests" runstate="Ignored" seed="1486027123" result="Skipped" label="Ignored" start-time="2017-02-21 11:04:46Z" end-time="2017-02-21 11:04:46Z" duration="0.000011" asserts="0">
                <properties>
                  <property name="_SKIPREASON" value="Intermittent failure on Linux and under Portable build" />
                </properties>
                <reason>
                  <message><![CDATA[Intermittent failure on Linux and under Portable build]]></message>
                </reason>
              </test-case>
              <test-case id="0-4072" name="RunTests(AsyncTaskError,Failed:Error,0)" fullname="NUnit.Framework.Internal.AsyncTestMethodTests.RunTests(AsyncTaskError,Failed:Error,0)" methodname="RunTests" classname="NUnit.Framework.Internal.AsyncTestMethodTests" runstate="Runnable" seed="39796483" result="Passed" start-time="2017-02-21 11:04:46Z" end-time="2017-02-21 11:04:46Z" duration="0.003201" asserts="0" />
              <test-case id="0-4073" name="RunTests(TaskSuccess,Passed,1)" fullname="NUnit.Framework.Internal.AsyncTestMethodTests.RunTests(TaskSuccess,Passed,1)" methodname="RunTests" classname="NUnit.Framework.Internal.AsyncTestMethodTests" runstate="Ignored" seed="403874313" result="Skipped" label="Ignored" start-time="2017-02-21 11:04:46Z" end-time="2017-02-21 11:04:46Z" duration="0.000013" asserts="0">
                <properties>
                  <property name="_SKIPREASON" value="Intermittent failure on Linux and under Portable build" />
                </properties>
                <reason>
                  <message><![CDATA[Intermittent failure on Linux and under Portable build]]></message>
                </reason>
              </test-case>
              <test-case id="0-4074" name="RunTests(TaskFailure,Failed,1)" fullname="NUnit.Framework.Internal.AsyncTestMethodTests.RunTests(TaskFailure,Failed,1)" methodname="RunTests" classname="NUnit.Framework.Internal.AsyncTestMethodTests" runstate="Ignored" seed="1552108783" result="Skipped" label="Ignored" start-time="2017-02-21 11:04:46Z" end-time="2017-02-21 11:04:46Z" duration="0.000009" asserts="0">
                <properties>
                  <property name="_SKIPREASON" value="Intermittent failure on Linux and under Portable build" />
                </properties>
                <reason>
                  <message><![CDATA[Intermittent failure on Linux and under Portable build]]></message>
                </reason>
              </test-case>
              <test-case id="0-4075" name="RunTests(TaskError,Failed:Error,0)" fullname="NUnit.Framework.Internal.AsyncTestMethodTests.RunTests(TaskError,Failed:Error,0)" methodname="RunTests" classname="NUnit.Framework.Internal.AsyncTestMethodTests" runstate="Runnable" seed="1621800979" result="Passed" start-time="2017-02-21 11:04:46Z" end-time="2017-02-21 11:04:46Z" duration="0.000516" asserts="0" />
              <test-case id="0-4076" name="RunTests(AsyncTaskResult,Failed:Invalid,0)" fullname="NUnit.Framework.Internal.AsyncTestMethodTests.RunTests(AsyncTaskResult,Failed:Invalid,0)" methodname="RunTests" classname="NUnit.Framework.Internal.AsyncTestMethodTests" runstate="Runnable" seed="996427042" result="Passed" start-time="2017-02-21 11:04:46Z" end-time="2017-02-21 11:04:46Z" duration="0.000142" asserts="0" />
              <test-case id="0-4077" name="RunTests(TaskResult,Failed:Invalid,0)" fullname="NUnit.Framework.Internal.AsyncTestMethodTests.RunTests(TaskResult,Failed:Invalid,0)" methodname="RunTests" classname="NUnit.Framework.Internal.AsyncTestMethodTests" runstate="Runnable" seed="1796916766" result="Passed" start-time="2017-02-21 11:04:46Z" end-time="2017-02-21 11:04:46Z" duration="0.000132" asserts="0" />
              <test-case id="0-4078" name="RunTests(AsyncTaskResultCheckSuccess,Passed,1)" fullname="NUnit.Framework.Internal.AsyncTestMethodTests.RunTests(AsyncTaskResultCheckSuccess,Passed,1)" methodname="RunTests" classname="NUnit.Framework.Internal.AsyncTestMethodTests" runstate="Runnable" seed="743033901" result="Passed" start-time="2017-02-21 11:04:46Z" end-time="2017-02-21 11:04:46Z" duration="0.001328" asserts="0" />
              <test-case id="0-4079" name="RunTests(AsyncTaskResultCheckFailure,Failed(Child),1)" fullname="NUnit.Framework.Internal.AsyncTestMethodTests.RunTests(AsyncTaskResultCheckFailure,Failed(Child),1)" methodname="RunTests" classname="NUnit.Framework.Internal.AsyncTestMethodTests" runstate="Runnable" seed="1082370217" result="Passed" start-time="2017-02-21 11:04:46Z" end-time="2017-02-21 11:04:46Z" duration="0.008231" asserts="0" />
              <test-case id="0-4080" name="RunTests(AsyncTaskResultCheckError,Failed(Child),0)" fullname="NUnit.Framework.Internal.AsyncTestMethodTests.RunTests(AsyncTaskResultCheckError,Failed(Child),0)" methodname="RunTests" classname="NUnit.Framework.Internal.AsyncTestMethodTests" runstate="Runnable" seed="1907689017" result="Passed" start-time="2017-02-21 11:04:46Z" end-time="2017-02-21 11:04:46Z" duration="0.003980" asserts="0" />
              <test-case id="0-4081" name="RunTests(TaskResultCheckSuccess,Passed,1)" fullname="NUnit.Framework.Internal.AsyncTestMethodTests.RunTests(TaskResultCheckSuccess,Passed,1)" methodname="RunTests" classname="NUnit.Framework.Internal.AsyncTestMethodTests" runstate="Runnable" seed="358747561" result="Passed" start-time="2017-02-21 11:04:46Z" end-time="2017-02-21 11:04:46Z" duration="0.001901" asserts="0" />
              <test-case id="0-4082" name="RunTests(TaskResultCheckFailure,Failed(Child),1)" fullname="NUnit.Framework.Internal.AsyncTestMethodTests.RunTests(TaskResultCheckFailure,Failed(Child),1)" methodname="RunTests" classname="NUnit.Framework.Internal.AsyncTestMethodTests" runstate="Runnable" seed="1130665294" result="Passed" start-time="2017-02-21 11:04:46Z" end-time="2017-02-21 11:04:46Z" duration="0.006074" asserts="0" />
              <test-case id="0-4083" name="RunTests(TaskResultCheckError,Failed(Child),0)" fullname="NUnit.Framework.Internal.AsyncTestMethodTests.RunTests(TaskResultCheckError,Failed(Child),0)" methodname="RunTests" classname="NUnit.Framework.Internal.AsyncTestMethodTests" runstate="Runnable" seed="1242570487" result="Passed" start-time="2017-02-21 11:04:46Z" end-time="2017-02-21 11:04:46Z" duration="0.001494" asserts="0" />
              <test-case id="0-4084" name="RunTests(AsyncTaskTestCaseWithParametersSuccess,Passed,1)" fullname="NUnit.Framework.Internal.AsyncTestMethodTests.RunTests(AsyncTaskTestCaseWithParametersSuccess,Passed,1)" methodname="RunTests" classname="NUnit.Framework.Internal.AsyncTestMethodTests" runstate="Ignored" seed="758162508" result="Skipped" label="Ignored" start-time="2017-02-21 11:04:46Z" end-time="2017-02-21 11:04:46Z" duration="0.000011" asserts="0">
                <properties>
                  <property name="_SKIPREASON" value="Intermittent failure on Linux and under Portable build" />
                </properties>
                <reason>
                  <message><![CDATA[Intermittent failure on Linux and under Portable build]]></message>
                </reason>
              </test-case>
              <test-case id="0-4085" name="RunTests(AsyncTaskResultCheckSuccessReturningNull,Passed,1)" fullname="NUnit.Framework.Internal.AsyncTestMethodTests.RunTests(AsyncTaskResultCheckSuccessReturningNull,Passed,1)" methodname="RunTests" classname="NUnit.Framework.Internal.AsyncTestMethodTests" runstate="Runnable" seed="1644859439" result="Passed" start-time="2017-02-21 11:04:46Z" end-time="2017-02-21 11:04:46Z" duration="0.007044" asserts="0" />
              <test-case id="0-4086" name="RunTests(TaskResultCheckSuccessReturningNull,Passed,1)" fullname="NUnit.Framework.Internal.AsyncTestMethodTests.RunTests(TaskResultCheckSuccessReturningNull,Passed,1)" methodname="RunTests" classname="NUnit.Framework.Internal.AsyncTestMethodTests" runstate="Runnable" seed="882232616" result="Passed" start-time="2017-02-21 11:04:46Z" end-time="2017-02-21 11:04:46Z" duration="0.000695" asserts="0" />
              <test-case id="0-4087" name="RunTests(NestedAsyncTaskSuccess,Passed,1)" fullname="NUnit.Framework.Internal.AsyncTestMethodTests.RunTests(NestedAsyncTaskSuccess,Passed,1)" methodname="RunTests" classname="NUnit.Framework.Internal.AsyncTestMethodTests" runstate="Ignored" seed="1218617780" result="Skipped" label="Ignored" start-time="2017-02-21 11:04:46Z" end-time="2017-02-21 11:04:46Z" duration="0.000009" asserts="0">
                <properties>
                  <property name="_SKIPREASON" value="Intermittent failure on Linux and under Portable build" />
                </properties>
                <reason>
                  <message><![CDATA[Intermittent failure on Linux and under Portable build]]></message>
                </reason>
              </test-case>
              <test-case id="0-4088" name="RunTests(NestedAsyncTaskFailure,Failed,1)" fullname="NUnit.Framework.Internal.AsyncTestMethodTests.RunTests(NestedAsyncTaskFailure,Failed,1)" methodname="RunTests" classname="NUnit.Framework.Internal.AsyncTestMethodTests" runstate="Ignored" seed="386228288" result="Skipped" label="Ignored" start-time="2017-02-21 11:04:46Z" end-time="2017-02-21 11:04:46Z" duration="0.000008" asserts="0">
                <properties>
                  <property name="_SKIPREASON" value="Intermittent failure on Linux and under Portable build" />
                </properties>
                <reason>
                  <message><![CDATA[Intermittent failure on Linux and under Portable build]]></message>
                </reason>
              </test-case>
              <test-case id="0-4089" name="RunTests(NestedAsyncTaskError,Failed:Error,0)" fullname="NUnit.Framework.Internal.AsyncTestMethodTests.RunTests(NestedAsyncTaskError,Failed:Error,0)" methodname="RunTests" classname="NUnit.Framework.Internal.AsyncTestMethodTests" runstate="Runnable" seed="576392764" result="Passed" start-time="2017-02-21 11:04:46Z" end-time="2017-02-21 11:04:46Z" duration="0.005590" asserts="0" />
              <test-case id="0-4090" name="RunTests(AsyncTaskMultipleSuccess,Passed,1)" fullname="NUnit.Framework.Internal.AsyncTestMethodTests.RunTests(AsyncTaskMultipleSuccess,Passed,1)" methodname="RunTests" classname="NUnit.Framework.Internal.AsyncTestMethodTests" runstate="Ignored" seed="388608954" result="Skipped" label="Ignored" start-time="2017-02-21 11:04:46Z" end-time="2017-02-21 11:04:46Z" duration="0.000013" asserts="0">
                <properties>
                  <property name="_SKIPREASON" value="Intermittent failure on Linux and under Portable build" />
                </properties>
                <reason>
                  <message><![CDATA[Intermittent failure on Linux and under Portable build]]></message>
                </reason>
              </test-case>
              <test-case id="0-4091" name="RunTests(AsyncTaskMultipleFailure,Failed,1)" fullname="NUnit.Framework.Internal.AsyncTestMethodTests.RunTests(AsyncTaskMultipleFailure,Failed,1)" methodname="RunTests" classname="NUnit.Framework.Internal.AsyncTestMethodTests" runstate="Ignored" seed="521955081" result="Skipped" label="Ignored" start-time="2017-02-21 11:04:46Z" end-time="2017-02-21 11:04:46Z" duration="0.000011" asserts="0">
                <properties>
                  <property name="_SKIPREASON" value="Intermittent failure on Linux and under Portable build" />
                </properties>
                <reason>
                  <message><![CDATA[Intermittent failure on Linux and under Portable build]]></message>
                </reason>
              </test-case>
              <test-case id="0-4092" name="RunTests(AsyncTaskMultipleError,Failed:Error,0)" fullname="NUnit.Framework.Internal.AsyncTestMethodTests.RunTests(AsyncTaskMultipleError,Failed:Error,0)" methodname="RunTests" classname="NUnit.Framework.Internal.AsyncTestMethodTests" runstate="Runnable" seed="2070016393" result="Passed" start-time="2017-02-21 11:04:46Z" end-time="2017-02-21 11:04:46Z" duration="0.002401" asserts="0" />
              <test-case id="0-4093" name="RunTests(TaskCheckTestContextAcrossTasks,Passed,2)" fullname="NUnit.Framework.Internal.AsyncTestMethodTests.RunTests(TaskCheckTestContextAcrossTasks,Passed,2)" methodname="RunTests" classname="NUnit.Framework.Internal.AsyncTestMethodTests" runstate="Ignored" seed="1710653179" result="Skipped" label="Ignored" start-time="2017-02-21 11:04:46Z" end-time="2017-02-21 11:04:46Z" duration="0.000010" asserts="0">
                <properties>
                  <property name="_SKIPREASON" value="Intermittent failure on Linux and under Portable build" />
                </properties>
                <reason>
                  <message><![CDATA[Intermittent failure on Linux and under Portable build]]></message>
                </reason>
              </test-case>
              <test-case id="0-4094" name="RunTests(TaskCheckTestContextWithinTestBody,Passed,2)" fullname="NUnit.Framework.Internal.AsyncTestMethodTests.RunTests(TaskCheckTestContextWithinTestBody,Passed,2)" methodname="RunTests" classname="NUnit.Framework.Internal.AsyncTestMethodTests" runstate="Ignored" seed="76071363" result="Skipped" label="Ignored" start-time="2017-02-21 11:04:46Z" end-time="2017-02-21 11:04:46Z" duration="0.000007" asserts="0">
                <properties>
                  <property name="_SKIPREASON" value="Intermittent failure on Linux and under Portable build" />
                </properties>
                <reason>
                  <message><![CDATA[Intermittent failure on Linux and under Portable build]]></message>
                </reason>
              </test-case>
            </test-suite>
          </test-suite>
          <test-suite type="TestFixture" id="0-4096" name="CallContextTests" fullname="NUnit.Framework.Internal.CallContextTests" classname="NUnit.Framework.Internal.CallContextTests" runstate="Runnable" testcasecount="7" result="Passed" start-time="2017-02-21 11:04:46Z" end-time="2017-02-21 11:04:46Z" duration="0.027185" total="7" passed="7" failed="0" warnings="0" inconclusive="0" skipped="0" asserts="0">
            <test-case id="0-4099" name="GenericPrincipalTest" fullname="NUnit.Framework.Internal.CallContextTests.GenericPrincipalTest" methodname="GenericPrincipalTest" classname="NUnit.Framework.Internal.CallContextTests" runstate="Runnable" seed="1674617911" result="Passed" start-time="2017-02-21 11:04:46Z" end-time="2017-02-21 11:04:46Z" duration="0.000186" asserts="0" />
            <test-case id="0-4097" name="ILogicalThreadAffinativeTest" fullname="NUnit.Framework.Internal.CallContextTests.ILogicalThreadAffinativeTest" methodname="ILogicalThreadAffinativeTest" classname="NUnit.Framework.Internal.CallContextTests" runstate="Runnable" seed="705308578" result="Passed" start-time="2017-02-21 11:04:46Z" end-time="2017-02-21 11:04:46Z" duration="0.000117" asserts="0" />
            <test-case id="0-4098" name="ILogicalThreadAffinativeTestConsole" fullname="NUnit.Framework.Internal.CallContextTests.ILogicalThreadAffinativeTestConsole" methodname="ILogicalThreadAffinativeTestConsole" classname="NUnit.Framework.Internal.CallContextTests" runstate="Runnable" seed="103004795" result="Passed" start-time="2017-02-21 11:04:46Z" end-time="2017-02-21 11:04:46Z" duration="0.000177" asserts="0" />
            <test-case id="0-4101" name="SetCustomPrincipalOnThread" fullname="NUnit.Framework.Internal.CallContextTests.SetCustomPrincipalOnThread" methodname="SetCustomPrincipalOnThread" classname="NUnit.Framework.Internal.CallContextTests" runstate="Runnable" seed="1940795773" result="Passed" start-time="2017-02-21 11:04:46Z" end-time="2017-02-21 11:04:46Z" duration="0.000201" asserts="0" />
            <test-case id="0-4100" name="SetGenericPrincipalOnThread" fullname="NUnit.Framework.Internal.CallContextTests.SetGenericPrincipalOnThread" methodname="SetGenericPrincipalOnThread" classname="NUnit.Framework.Internal.CallContextTests" runstate="Runnable" seed="1022364785" result="Passed" start-time="2017-02-21 11:04:46Z" end-time="2017-02-21 11:04:46Z" duration="0.000127" asserts="0" />
            <test-case id="0-4103" name="ShouldRestoreCurrentPrincipalAfterTestRun" fullname="NUnit.Framework.Internal.CallContextTests.ShouldRestoreCurrentPrincipalAfterTestRun" methodname="ShouldRestoreCurrentPrincipalAfterTestRun" classname="NUnit.Framework.Internal.CallContextTests" runstate="Runnable" seed="2048229724" result="Passed" start-time="2017-02-21 11:04:46Z" end-time="2017-02-21 11:04:46Z" duration="0.005096" asserts="0" />
            <test-case id="0-4102" name="UseCustomIdentity" fullname="NUnit.Framework.Internal.CallContextTests.UseCustomIdentity" methodname="UseCustomIdentity" classname="NUnit.Framework.Internal.CallContextTests" runstate="Runnable" seed="789681032" result="Passed" start-time="2017-02-21 11:04:46Z" end-time="2017-02-21 11:04:46Z" duration="0.001251" asserts="0" />
          </test-suite>
          <test-suite type="TestFixture" id="0-4104" name="CultureSettingAndDetectionTests" fullname="NUnit.Framework.Internal.CultureSettingAndDetectionTests" classname="NUnit.Framework.Internal.CultureSettingAndDetectionTests" runstate="Runnable" testcasecount="7" result="Passed" start-time="2017-02-21 11:04:46Z" end-time="2017-02-21 11:04:47Z" duration="0.042460" total="7" passed="7" failed="0" warnings="0" inconclusive="0" skipped="0" asserts="25">
            <test-case id="0-4107" name="CanMatchAttributeWithExclude" fullname="NUnit.Framework.Internal.CultureSettingAndDetectionTests.CanMatchAttributeWithExclude" methodname="CanMatchAttributeWithExclude" classname="NUnit.Framework.Internal.CultureSettingAndDetectionTests" runstate="Runnable" seed="1285809300" result="Passed" start-time="2017-02-21 11:04:46Z" end-time="2017-02-21 11:04:46Z" duration="0.000693" asserts="2" />
            <test-case id="0-4106" name="CanMatchAttributeWithInclude" fullname="NUnit.Framework.Internal.CultureSettingAndDetectionTests.CanMatchAttributeWithInclude" methodname="CanMatchAttributeWithInclude" classname="NUnit.Framework.Internal.CultureSettingAndDetectionTests" runstate="Runnable" seed="1094200224" result="Passed" start-time="2017-02-21 11:04:46Z" end-time="2017-02-21 11:04:46Z" duration="0.000247" asserts="2" />
            <test-case id="0-4108" name="CanMatchAttributeWithIncludeAndExclude" fullname="NUnit.Framework.Internal.CultureSettingAndDetectionTests.CanMatchAttributeWithIncludeAndExclude" methodname="CanMatchAttributeWithIncludeAndExclude" classname="NUnit.Framework.Internal.CultureSettingAndDetectionTests" runstate="Runnable" seed="1682663435" result="Passed" start-time="2017-02-21 11:04:46Z" end-time="2017-02-21 11:04:46Z" duration="0.000232" asserts="1" />
            <test-case id="0-4105" name="CanMatchStrings" fullname="NUnit.Framework.Internal.CultureSettingAndDetectionTests.CanMatchStrings" methodname="CanMatchStrings" classname="NUnit.Framework.Internal.CultureSettingAndDetectionTests" runstate="Runnable" seed="856871134" result="Passed" start-time="2017-02-21 11:04:46Z" end-time="2017-02-21 11:04:46Z" duration="0.004472" asserts="5" />
            <test-case id="0-4110" name="LoadWithFrenchCanadianCulture" fullname="NUnit.Framework.Internal.CultureSettingAndDetectionTests.LoadWithFrenchCanadianCulture" methodname="LoadWithFrenchCanadianCulture" classname="NUnit.Framework.Internal.CultureSettingAndDetectionTests" runstate="Runnable" seed="1908536839" result="Passed" start-time="2017-02-21 11:04:46Z" end-time="2017-02-21 11:04:46Z" duration="0.002276" asserts="5">
              <properties>
                <property name="SetCulture" value="fr-CA" />
              </properties>
            </test-case>
            <test-case id="0-4109" name="LoadWithFrenchCulture" fullname="NUnit.Framework.Internal.CultureSettingAndDetectionTests.LoadWithFrenchCulture" methodname="LoadWithFrenchCulture" classname="NUnit.Framework.Internal.CultureSettingAndDetectionTests" runstate="Runnable" seed="1027192849" result="Passed" start-time="2017-02-21 11:04:46Z" end-time="2017-02-21 11:04:46Z" duration="0.001073" asserts="5">
              <properties>
                <property name="SetCulture" value="fr-FR" />
              </properties>
            </test-case>
            <test-case id="0-4111" name="LoadWithRussianCulture" fullname="NUnit.Framework.Internal.CultureSettingAndDetectionTests.LoadWithRussianCulture" methodname="LoadWithRussianCulture" classname="NUnit.Framework.Internal.CultureSettingAndDetectionTests" runstate="Runnable" seed="1196869891" result="Passed" start-time="2017-02-21 11:04:47Z" end-time="2017-02-21 11:04:47Z" duration="0.015520" asserts="5">
              <properties>
                <property name="SetCulture" value="ru-RU" />
              </properties>
            </test-case>
          </test-suite>
          <test-suite type="TestFixture" id="0-4112" name="CultureSettingAndDetectionTests+NestedFixture" fullname="NUnit.Framework.Internal.CultureSettingAndDetectionTests+NestedFixture" classname="NUnit.Framework.Internal.CultureSettingAndDetectionTests+NestedFixture" runstate="Runnable" testcasecount="1" result="Passed" start-time="2017-02-21 11:04:47Z" end-time="2017-02-21 11:04:47Z" duration="0.003673" total="1" passed="1" failed="0" warnings="0" inconclusive="0" skipped="0" asserts="1">
            <properties>
              <property name="SetCulture" value="en-GB" />
            </properties>
            <test-case id="0-4113" name="CanSetCultureOnFixture" fullname="NUnit.Framework.Internal.CultureSettingAndDetectionTests+NestedFixture.CanSetCultureOnFixture" methodname="CanSetCultureOnFixture" classname="NUnit.Framework.Internal.CultureSettingAndDetectionTests+NestedFixture" runstate="Runnable" seed="1684464178" result="Passed" start-time="2017-02-21 11:04:47Z" end-time="2017-02-21 11:04:47Z" duration="0.000135" asserts="1" />
          </test-suite>
          <test-suite type="GenericFixture" id="0-4120" name="DeduceTypeArgsFromArgs&lt;T1,T2&gt;" fullname="NUnit.Framework.Internal.DeduceTypeArgsFromArgs&lt;T1,T2&gt;" runstate="Runnable" testcasecount="2" result="Passed" start-time="2017-02-21 11:04:43Z" end-time="2017-02-21 11:04:47Z" duration="3.791060" total="2" passed="2" failed="0" warnings="0" inconclusive="0" skipped="0" asserts="4">
            <test-suite type="TestFixture" id="0-4114" name="DeduceTypeArgsFromArgs&lt;Double,Double&gt;(100.0d,42)" fullname="NUnit.Framework.Internal.DeduceTypeArgsFromArgs&lt;Double,Double&gt;(100.0d,42)" classname="NUnit.Framework.Internal.DeduceTypeArgsFromArgs`2" runstate="Runnable" testcasecount="1" result="Passed" start-time="2017-02-21 11:04:47Z" end-time="2017-02-21 11:04:47Z" duration="0.007447" total="1" passed="1" failed="0" warnings="0" inconclusive="0" skipped="0" asserts="2">
              <properties>
                <property name="Category" value="Generics" />
              </properties>
              <test-suite type="ParameterizedMethod" id="0-4116" name="TestMyArgTypes" fullname="NUnit.Framework.Internal.DeduceTypeArgsFromArgs`2[[System.Double, mscorlib, Version=4.0.0.0, Culture=neutral, PublicKeyToken=b77a5c561934e089],[System.Double, mscorlib, Version=4.0.0.0, Culture=neutral, PublicKeyToken=b77a5c561934e089]].TestMyArgTypes" classname="NUnit.Framework.Internal.DeduceTypeArgsFromArgs`2" runstate="Runnable" testcasecount="1" result="Passed" start-time="2017-02-21 11:04:47Z" end-time="2017-02-21 11:04:47Z" duration="0.003365" total="1" passed="1" failed="0" warnings="0" inconclusive="0" skipped="0" asserts="2">
                <test-case id="0-4115" name="TestMyArgTypes(5,7)" fullname="NUnit.Framework.Internal.DeduceTypeArgsFromArgs&lt;Double,Double&gt;(100.0d,42).TestMyArgTypes(5,7)" methodname="TestMyArgTypes" classname="NUnit.Framework.Internal.DeduceTypeArgsFromArgs`2" runstate="Runnable" seed="1900378958" result="Passed" start-time="2017-02-21 11:04:47Z" end-time="2017-02-21 11:04:47Z" duration="0.000478" asserts="2" />
              </test-suite>
            </test-suite>
            <test-suite type="TestFixture" id="0-4117" name="DeduceTypeArgsFromArgs&lt;Double,Double&gt;(42,100.0d)" fullname="NUnit.Framework.Internal.DeduceTypeArgsFromArgs&lt;Double,Double&gt;(42,100.0d)" classname="NUnit.Framework.Internal.DeduceTypeArgsFromArgs`2" runstate="Runnable" testcasecount="1" result="Passed" start-time="2017-02-21 11:04:47Z" end-time="2017-02-21 11:04:47Z" duration="0.005742" total="1" passed="1" failed="0" warnings="0" inconclusive="0" skipped="0" asserts="2">
              <properties>
                <property name="Category" value="Generics" />
              </properties>
              <test-suite type="ParameterizedMethod" id="0-4119" name="TestMyArgTypes" fullname="NUnit.Framework.Internal.DeduceTypeArgsFromArgs`2[[System.Double, mscorlib, Version=4.0.0.0, Culture=neutral, PublicKeyToken=b77a5c561934e089],[System.Double, mscorlib, Version=4.0.0.0, Culture=neutral, PublicKeyToken=b77a5c561934e089]].TestMyArgTypes" classname="NUnit.Framework.Internal.DeduceTypeArgsFromArgs`2" runstate="Runnable" testcasecount="1" result="Passed" start-time="2017-02-21 11:04:47Z" end-time="2017-02-21 11:04:47Z" duration="0.002842" total="1" passed="1" failed="0" warnings="0" inconclusive="0" skipped="0" asserts="2">
                <test-case id="0-4118" name="TestMyArgTypes(5,7)" fullname="NUnit.Framework.Internal.DeduceTypeArgsFromArgs&lt;Double,Double&gt;(42,100.0d).TestMyArgTypes(5,7)" methodname="TestMyArgTypes" classname="NUnit.Framework.Internal.DeduceTypeArgsFromArgs`2" runstate="Runnable" seed="1121471679" result="Passed" start-time="2017-02-21 11:04:47Z" end-time="2017-02-21 11:04:47Z" duration="0.000146" asserts="2" />
              </test-suite>
            </test-suite>
          </test-suite>
          <test-suite type="TestSuite" id="0-5534" name="Execution" fullname="NUnit.Framework.Internal.Execution" runstate="Runnable" testcasecount="27" result="Passed" start-time="2017-02-21 11:04:43Z" end-time="2017-02-21 11:04:47Z" duration="4.071985" total="27" passed="27" failed="0" warnings="0" inconclusive="0" skipped="0" asserts="78">
            <test-suite type="TestFixture" id="0-4128" name="EventQueueTests+DequeueBlocking_StopTest" fullname="NUnit.Framework.Internal.Execution.EventQueueTests+DequeueBlocking_StopTest" classname="NUnit.Framework.Internal.Execution.EventQueueTests+DequeueBlocking_StopTest" runstate="Runnable" testcasecount="1" result="Passed" start-time="2017-02-21 11:04:47Z" end-time="2017-02-21 11:04:47Z" duration="0.013543" total="1" passed="1" failed="0" warnings="0" inconclusive="0" skipped="0" asserts="3">
              <test-case id="0-4129" name="DequeueBlocking_Stop" fullname="NUnit.Framework.Internal.Execution.EventQueueTests+DequeueBlocking_StopTest.DequeueBlocking_Stop" methodname="DequeueBlocking_Stop" classname="NUnit.Framework.Internal.Execution.EventQueueTests+DequeueBlocking_StopTest" runstate="Runnable" seed="418025169" result="Passed" start-time="2017-02-21 11:04:47Z" end-time="2017-02-21 11:04:47Z" duration="0.009465" asserts="3">
                <properties>
                  <property name="Timeout" value="1000" />
                </properties>
              </test-case>
            </test-suite>
            <test-suite type="TestFixture" id="0-4121" name="EventQueueTests" fullname="NUnit.Framework.Internal.Execution.EventQueueTests" classname="NUnit.Framework.Internal.Execution.EventQueueTests" runstate="Runnable" testcasecount="6" result="Passed" start-time="2017-02-21 11:04:47Z" end-time="2017-02-21 11:04:47Z" duration="0.072386" total="6" passed="6" failed="0" warnings="0" inconclusive="0" skipped="0" asserts="30">
              <test-case id="0-4123" name="DequeueEmpty" fullname="NUnit.Framework.Internal.Execution.EventQueueTests.DequeueEmpty" methodname="DequeueEmpty" classname="NUnit.Framework.Internal.Execution.EventQueueTests" runstate="Runnable" seed="1812300947" result="Passed" start-time="2017-02-21 11:04:47Z" end-time="2017-02-21 11:04:47Z" duration="0.000119" asserts="1" />
              <test-case id="0-4126" name="PumpEvents" fullname="NUnit.Framework.Internal.Execution.EventQueueTests.PumpEvents" methodname="PumpEvents" classname="NUnit.Framework.Internal.Execution.EventQueueTests" runstate="Runnable" seed="971280402" result="Passed" start-time="2017-02-21 11:04:47Z" end-time="2017-02-21 11:04:47Z" duration="0.015610" asserts="11">
                <properties>
                  <property name="Timeout" value="3000" />
                </properties>
              </test-case>
              <test-case id="0-4127" name="PumpSynchronousAndAsynchronousEvents" fullname="NUnit.Framework.Internal.Execution.EventQueueTests.PumpSynchronousAndAsynchronousEvents" methodname="PumpSynchronousAndAsynchronousEvents" classname="NUnit.Framework.Internal.Execution.EventQueueTests" runstate="Runnable" seed="376783293" result="Passed" start-time="2017-02-21 11:04:47Z" end-time="2017-02-21 11:04:47Z" duration="0.017898" asserts="0">
                <properties>
                  <property name="Timeout" value="1000" />
                </properties>
                <output><![CDATA[Average queue length: 0
]]></output>
              </test-case>
              <test-case id="0-4122" name="QueueEvents" fullname="NUnit.Framework.Internal.Execution.EventQueueTests.QueueEvents" methodname="QueueEvents" classname="NUnit.Framework.Internal.Execution.EventQueueTests" runstate="Runnable" seed="1053007652" result="Passed" start-time="2017-02-21 11:04:47Z" end-time="2017-02-21 11:04:47Z" duration="0.012142" asserts="8" />
              <test-case id="0-4124" name="SendEvents" fullname="NUnit.Framework.Internal.Execution.EventQueueTests.SendEvents" methodname="SendEvents" classname="NUnit.Framework.Internal.Execution.EventQueueTests" runstate="Runnable" seed="2073459600" result="Passed" start-time="2017-02-21 11:04:47Z" end-time="2017-02-21 11:04:47Z" duration="0.008928" asserts="8" />
              <test-case id="0-4125" name="StartAndStopPumpOnEmptyQueue" fullname="NUnit.Framework.Internal.Execution.EventQueueTests.StartAndStopPumpOnEmptyQueue" methodname="StartAndStopPumpOnEmptyQueue" classname="NUnit.Framework.Internal.Execution.EventQueueTests" runstate="Runnable" seed="1303216382" result="Passed" start-time="2017-02-21 11:04:47Z" end-time="2017-02-21 11:04:47Z" duration="0.000446" asserts="2" />
            </test-suite>
            <test-suite type="TestFixture" id="0-4130" name="EventQueueTests+SetWaitHandle_Enqueue_AsynchronousTest" fullname="NUnit.Framework.Internal.Execution.EventQueueTests+SetWaitHandle_Enqueue_AsynchronousTest" classname="NUnit.Framework.Internal.Execution.EventQueueTests+SetWaitHandle_Enqueue_AsynchronousTest" runstate="Runnable" testcasecount="1" result="Passed" start-time="2017-02-21 11:04:47Z" end-time="2017-02-21 11:04:47Z" duration="0.034428" total="1" passed="1" failed="0" warnings="0" inconclusive="0" skipped="0" asserts="3">
              <test-case id="0-4131" name="SetWaitHandle_Enqueue_Asynchronous" fullname="NUnit.Framework.Internal.Execution.EventQueueTests+SetWaitHandle_Enqueue_AsynchronousTest.SetWaitHandle_Enqueue_Asynchronous" methodname="SetWaitHandle_Enqueue_Asynchronous" classname="NUnit.Framework.Internal.Execution.EventQueueTests+SetWaitHandle_Enqueue_AsynchronousTest" runstate="Runnable" seed="1643886718" result="Passed" start-time="2017-02-21 11:04:47Z" end-time="2017-02-21 11:04:47Z" duration="0.030864" asserts="3">
                <properties>
                  <property name="Timeout" value="1000" />
                </properties>
              </test-case>
            </test-suite>
            <test-suite type="TestFixture" id="0-5055" name="WorkItemQueueTests" fullname="NUnit.Framework.Internal.Execution.WorkItemQueueTests" classname="NUnit.Framework.Internal.Execution.WorkItemQueueTests" runstate="Runnable" testcasecount="8" result="Passed" start-time="2017-02-21 11:04:47Z" end-time="2017-02-21 11:04:47Z" duration="0.107593" total="8" passed="8" failed="0" warnings="0" inconclusive="0" skipped="0" asserts="19">
              <test-case id="0-5062" name="DequeueBeforeEnqueue" fullname="NUnit.Framework.Internal.Execution.WorkItemQueueTests.DequeueBeforeEnqueue" methodname="DequeueBeforeEnqueue" classname="NUnit.Framework.Internal.Execution.WorkItemQueueTests" runstate="Runnable" seed="944283" result="Passed" start-time="2017-02-21 11:04:47Z" end-time="2017-02-21 11:04:47Z" duration="0.011490" asserts="3" />
              <test-case id="0-5063" name="EnqueueAndDequeueWhilePaused" fullname="NUnit.Framework.Internal.Execution.WorkItemQueueTests.EnqueueAndDequeueWhilePaused" methodname="EnqueueAndDequeueWhilePaused" classname="NUnit.Framework.Internal.Execution.WorkItemQueueTests" runstate="Runnable" seed="13460546" result="Passed" start-time="2017-02-21 11:04:47Z" end-time="2017-02-21 11:04:47Z" duration="0.010410" asserts="3" />
              <test-case id="0-5061" name="EnqueueBeforeDequeue" fullname="NUnit.Framework.Internal.Execution.WorkItemQueueTests.EnqueueBeforeDequeue" methodname="EnqueueBeforeDequeue" classname="NUnit.Framework.Internal.Execution.WorkItemQueueTests" runstate="Runnable" seed="589885759" result="Passed" start-time="2017-02-21 11:04:47Z" end-time="2017-02-21 11:04:47Z" duration="0.000174" asserts="3" />
              <test-case id="0-5056" name="InitialState" fullname="NUnit.Framework.Internal.Execution.WorkItemQueueTests.InitialState" methodname="InitialState" classname="NUnit.Framework.Internal.Execution.WorkItemQueueTests" runstate="Runnable" seed="2033225115" result="Passed" start-time="2017-02-21 11:04:47Z" end-time="2017-02-21 11:04:47Z" duration="0.001411" asserts="3" />
              <test-case id="0-5060" name="PauseQueue" fullname="NUnit.Framework.Internal.Execution.WorkItemQueueTests.PauseQueue" methodname="PauseQueue" classname="NUnit.Framework.Internal.Execution.WorkItemQueueTests" runstate="Runnable" seed="180206473" result="Passed" start-time="2017-02-21 11:04:47Z" end-time="2017-02-21 11:04:47Z" duration="0.000439" asserts="1" />
              <test-case id="0-5057" name="StartQueue" fullname="NUnit.Framework.Internal.Execution.WorkItemQueueTests.StartQueue" methodname="StartQueue" classname="NUnit.Framework.Internal.Execution.WorkItemQueueTests" runstate="Runnable" seed="129082488" result="Passed" start-time="2017-02-21 11:04:47Z" end-time="2017-02-21 11:04:47Z" duration="0.000303" asserts="1" />
              <test-case id="0-5058" name="StopQueue_NoWorkers" fullname="NUnit.Framework.Internal.Execution.WorkItemQueueTests.StopQueue_NoWorkers" methodname="StopQueue_NoWorkers" classname="NUnit.Framework.Internal.Execution.WorkItemQueueTests" runstate="Runnable" seed="1941770802" result="Passed" start-time="2017-02-21 11:04:47Z" end-time="2017-02-21 11:04:47Z" duration="0.000298" asserts="1" />
              <test-case id="0-5059" name="StopQueue_WithWorkers" fullname="NUnit.Framework.Internal.Execution.WorkItemQueueTests.StopQueue_WithWorkers" methodname="StopQueue_WithWorkers" classname="NUnit.Framework.Internal.Execution.WorkItemQueueTests" runstate="Runnable" seed="1425498958" result="Passed" start-time="2017-02-21 11:04:47Z" end-time="2017-02-21 11:04:47Z" duration="0.061367" asserts="4" />
            </test-suite>
            <test-suite type="TestFixture" id="0-5513" name="WorkItemTests" fullname="NUnit.Framework.Internal.Execution.WorkItemTests" classname="NUnit.Framework.Internal.Execution.WorkItemTests" runstate="Runnable" testcasecount="3" result="Passed" start-time="2017-02-21 11:04:47Z" end-time="2017-02-21 11:04:47Z" duration="0.010806" total="3" passed="3" failed="0" warnings="0" inconclusive="0" skipped="0" asserts="3">
              <test-case id="0-5516" name="CanStopRun" fullname="NUnit.Framework.Internal.Execution.WorkItemTests.CanStopRun" methodname="CanStopRun" classname="NUnit.Framework.Internal.Execution.WorkItemTests" runstate="Runnable" seed="1094752641" result="Passed" start-time="2017-02-21 11:04:47Z" end-time="2017-02-21 11:04:47Z" duration="0.002104" asserts="0" />
              <test-case id="0-5514" name="ConstructWorkItem" fullname="NUnit.Framework.Internal.Execution.WorkItemTests.ConstructWorkItem" methodname="ConstructWorkItem" classname="NUnit.Framework.Internal.Execution.WorkItemTests" runstate="Runnable" seed="44503553" result="Passed" start-time="2017-02-21 11:04:47Z" end-time="2017-02-21 11:04:47Z" duration="0.000754" asserts="3" />
              <test-case id="0-5515" name="ExecuteWorkItem" fullname="NUnit.Framework.Internal.Execution.WorkItemTests.ExecuteWorkItem" methodname="ExecuteWorkItem" classname="NUnit.Framework.Internal.Execution.WorkItemTests" runstate="Runnable" seed="997932218" result="Passed" start-time="2017-02-21 11:04:47Z" end-time="2017-02-21 11:04:47Z" duration="0.000679" asserts="0" />
            </test-suite>
            <test-suite type="TestFixture" id="0-5064" name="WorkShiftTests" fullname="NUnit.Framework.Internal.Execution.WorkShiftTests" classname="NUnit.Framework.Internal.Execution.WorkShiftTests" runstate="Runnable" testcasecount="7" result="Passed" start-time="2017-02-21 11:04:47Z" end-time="2017-02-21 11:04:47Z" duration="0.020147" total="7" passed="7" failed="0" warnings="0" inconclusive="0" skipped="0" asserts="19">
              <test-case id="0-5067" name="AddQueue" fullname="NUnit.Framework.Internal.Execution.WorkShiftTests.AddQueue" methodname="AddQueue" classname="NUnit.Framework.Internal.Execution.WorkShiftTests" runstate="Runnable" seed="410223852" result="Passed" start-time="2017-02-21 11:04:47Z" end-time="2017-02-21 11:04:47Z" duration="0.000617" asserts="3" />
              <test-case id="0-5068" name="AddQueueThenStart" fullname="NUnit.Framework.Internal.Execution.WorkShiftTests.AddQueueThenStart" methodname="AddQueueThenStart" classname="NUnit.Framework.Internal.Execution.WorkShiftTests" runstate="Runnable" seed="1861409422" result="Passed" start-time="2017-02-21 11:04:47Z" end-time="2017-02-21 11:04:47Z" duration="0.000346" asserts="3" />
              <test-case id="0-5070" name="AddQueueThenStartThenAddQueue" fullname="NUnit.Framework.Internal.Execution.WorkShiftTests.AddQueueThenStartThenAddQueue" methodname="AddQueueThenStartThenAddQueue" classname="NUnit.Framework.Internal.Execution.WorkShiftTests" runstate="Runnable" seed="685415074" result="Passed" start-time="2017-02-21 11:04:47Z" end-time="2017-02-21 11:04:47Z" duration="0.000400" asserts="4" />
              <test-case id="0-5071" name="HasWorkTest" fullname="NUnit.Framework.Internal.Execution.WorkShiftTests.HasWorkTest" methodname="HasWorkTest" classname="NUnit.Framework.Internal.Execution.WorkShiftTests" runstate="Runnable" seed="526233000" result="Passed" start-time="2017-02-21 11:04:47Z" end-time="2017-02-21 11:04:47Z" duration="0.000230" asserts="3" />
              <test-case id="0-5065" name="InitialState" fullname="NUnit.Framework.Internal.Execution.WorkShiftTests.InitialState" methodname="InitialState" classname="NUnit.Framework.Internal.Execution.WorkShiftTests" runstate="Runnable" seed="1921614854" result="Passed" start-time="2017-02-21 11:04:47Z" end-time="2017-02-21 11:04:47Z" duration="0.000231" asserts="2" />
              <test-case id="0-5066" name="StartShift" fullname="NUnit.Framework.Internal.Execution.WorkShiftTests.StartShift" methodname="StartShift" classname="NUnit.Framework.Internal.Execution.WorkShiftTests" runstate="Runnable" seed="335895120" result="Passed" start-time="2017-02-21 11:04:47Z" end-time="2017-02-21 11:04:47Z" duration="0.000138" asserts="1" />
              <test-case id="0-5069" name="StartShiftThenAddQueue" fullname="NUnit.Framework.Internal.Execution.WorkShiftTests.StartShiftThenAddQueue" methodname="StartShiftThenAddQueue" classname="NUnit.Framework.Internal.Execution.WorkShiftTests" runstate="Runnable" seed="44881848" result="Passed" start-time="2017-02-21 11:04:47Z" end-time="2017-02-21 11:04:47Z" duration="0.000287" asserts="3" />
            </test-suite>
            <test-suite type="TestFixture" id="0-5003" name="TestWorkerTests" fullname="NUnit.Framework.Internal.Execution.TestWorkerTests" classname="NUnit.Framework.Internal.Execution.TestWorkerTests" runstate="Runnable" testcasecount="1" result="Passed" start-time="2017-02-21 11:04:47Z" end-time="2017-02-21 11:04:47Z" duration="0.204494" total="1" passed="1" failed="0" warnings="0" inconclusive="0" skipped="0" asserts="1">
              <test-case id="0-5004" name="BusyExecuteIdleEventsCalledInSequence" fullname="NUnit.Framework.Internal.Execution.TestWorkerTests.BusyExecuteIdleEventsCalledInSequence" methodname="BusyExecuteIdleEventsCalledInSequence" classname="NUnit.Framework.Internal.Execution.TestWorkerTests" runstate="Runnable" seed="54064785" result="Passed" start-time="2017-02-21 11:04:47Z" end-time="2017-02-21 11:04:47Z" duration="0.201528" asserts="1" />
            </test-suite>
          </test-suite>
          <test-suite type="GenericFixture" id="0-4314" name="GenericTestFixture_IList&lt;T&gt;" fullname="NUnit.Framework.Internal.GenericTestFixture_IList&lt;T&gt;" runstate="Runnable" testcasecount="3" result="Passed" start-time="2017-02-21 11:04:43Z" end-time="2017-02-21 11:04:47Z" duration="4.295508" total="3" passed="3" failed="0" warnings="0" inconclusive="0" skipped="0" asserts="3">
            <test-suite type="TestFixture" id="0-4312" name="GenericTestFixture_IList&lt;ArrayList&gt;" fullname="NUnit.Framework.Internal.GenericTestFixture_IList&lt;ArrayList&gt;" classname="NUnit.Framework.Internal.GenericTestFixture_IList`1" runstate="Runnable" testcasecount="1" result="Passed" start-time="2017-02-21 11:04:47Z" end-time="2017-02-21 11:04:47Z" duration="0.003273" total="1" passed="1" failed="0" warnings="0" inconclusive="0" skipped="0" asserts="1">
              <test-case id="0-4313" name="TestCollectionCount" fullname="NUnit.Framework.Internal.GenericTestFixture_IList&lt;ArrayList&gt;.TestCollectionCount" methodname="TestCollectionCount" classname="NUnit.Framework.Internal.GenericTestFixture_IList`1" runstate="Runnable" seed="722505987" result="Passed" start-time="2017-02-21 11:04:47Z" end-time="2017-02-21 11:04:47Z" duration="0.000389" asserts="1" />
            </test-suite>
            <test-suite type="TestFixture" id="0-4308" name="GenericTestFixture_IList&lt;List&lt;Int32&gt;&gt;" fullname="NUnit.Framework.Internal.GenericTestFixture_IList&lt;List&lt;Int32&gt;&gt;" classname="NUnit.Framework.Internal.GenericTestFixture_IList`1" runstate="Runnable" testcasecount="1" result="Passed" start-time="2017-02-21 11:04:47Z" end-time="2017-02-21 11:04:47Z" duration="0.004704" total="1" passed="1" failed="0" warnings="0" inconclusive="0" skipped="0" asserts="1">
              <test-case id="0-4309" name="TestCollectionCount" fullname="NUnit.Framework.Internal.GenericTestFixture_IList&lt;List&lt;Int32&gt;&gt;.TestCollectionCount" methodname="TestCollectionCount" classname="NUnit.Framework.Internal.GenericTestFixture_IList`1" runstate="Runnable" seed="1831276735" result="Passed" start-time="2017-02-21 11:04:47Z" end-time="2017-02-21 11:04:47Z" duration="0.000436" asserts="1" />
            </test-suite>
            <test-suite type="TestFixture" id="0-4310" name="GenericTestFixture_IList&lt;List&lt;Object&gt;&gt;" fullname="NUnit.Framework.Internal.GenericTestFixture_IList&lt;List&lt;Object&gt;&gt;" classname="NUnit.Framework.Internal.GenericTestFixture_IList`1" runstate="Runnable" testcasecount="1" result="Passed" start-time="2017-02-21 11:04:47Z" end-time="2017-02-21 11:04:47Z" duration="0.003009" total="1" passed="1" failed="0" warnings="0" inconclusive="0" skipped="0" asserts="1">
              <test-case id="0-4311" name="TestCollectionCount" fullname="NUnit.Framework.Internal.GenericTestFixture_IList&lt;List&lt;Object&gt;&gt;.TestCollectionCount" methodname="TestCollectionCount" classname="NUnit.Framework.Internal.GenericTestFixture_IList`1" runstate="Runnable" seed="1551841675" result="Passed" start-time="2017-02-21 11:04:47Z" end-time="2017-02-21 11:04:47Z" duration="0.000103" asserts="1" />
            </test-suite>
          </test-suite>
          <test-suite type="GenericFixture" id="0-4319" name="GenericTestFixture_Numeric&lt;T&gt;" fullname="NUnit.Framework.Internal.GenericTestFixture_Numeric&lt;T&gt;" runstate="Runnable" testcasecount="2" result="Passed" start-time="2017-02-21 11:04:43Z" end-time="2017-02-21 11:04:47Z" duration="4.305358" total="2" passed="2" failed="0" warnings="0" inconclusive="0" skipped="0" asserts="2">
            <test-suite type="TestFixture" id="0-4315" name="GenericTestFixture_Numeric&lt;Double&gt;" fullname="NUnit.Framework.Internal.GenericTestFixture_Numeric&lt;Double&gt;" classname="NUnit.Framework.Internal.GenericTestFixture_Numeric`1" runstate="Runnable" testcasecount="2" result="Passed" start-time="2017-02-21 11:04:47Z" end-time="2017-02-21 11:04:47Z" duration="0.007924" total="2" passed="2" failed="0" warnings="0" inconclusive="0" skipped="0" asserts="2">
              <test-suite type="ParameterizedMethod" id="0-4318" name="TestMyArgType" fullname="NUnit.Framework.Internal.GenericTestFixture_Numeric`1[[System.Double, mscorlib, Version=4.0.0.0, Culture=neutral, PublicKeyToken=b77a5c561934e089]].TestMyArgType" classname="NUnit.Framework.Internal.GenericTestFixture_Numeric`1" runstate="Runnable" testcasecount="2" result="Passed" start-time="2017-02-21 11:04:47Z" end-time="2017-02-21 11:04:47Z" duration="0.005343" total="2" passed="2" failed="0" warnings="0" inconclusive="0" skipped="0" asserts="2">
                <test-case id="0-4316" name="TestMyArgType(5)" fullname="NUnit.Framework.Internal.GenericTestFixture_Numeric&lt;Double&gt;.TestMyArgType(5)" methodname="TestMyArgType" classname="NUnit.Framework.Internal.GenericTestFixture_Numeric`1" runstate="Runnable" seed="490355904" result="Passed" start-time="2017-02-21 11:04:47Z" end-time="2017-02-21 11:04:47Z" duration="0.000185" asserts="1" />
                <test-case id="0-4317" name="TestMyArgType(1.23d)" fullname="NUnit.Framework.Internal.GenericTestFixture_Numeric&lt;Double&gt;.TestMyArgType(1.23d)" methodname="TestMyArgType" classname="NUnit.Framework.Internal.GenericTestFixture_Numeric`1" runstate="Runnable" seed="1615005637" result="Passed" start-time="2017-02-21 11:04:47Z" end-time="2017-02-21 11:04:47Z" duration="0.000042" asserts="1" />
              </test-suite>
            </test-suite>
          </test-suite>
          <test-suite type="TestSuite" id="0-5535" name="Filters" fullname="NUnit.Framework.Internal.Filters" runstate="Runnable" testcasecount="122" result="Passed" start-time="2017-02-21 11:04:43Z" end-time="2017-02-21 11:04:47Z" duration="4.343945" total="122" passed="122" failed="0" warnings="0" inconclusive="0" skipped="0" asserts="501">
            <test-suite type="TestFixture" id="0-4132" name="AndFilterTests" fullname="NUnit.Framework.Internal.Filters.AndFilterTests" classname="NUnit.Framework.Internal.Filters.AndFilterTests" runstate="Runnable" testcasecount="19" result="Passed" start-time="2017-02-21 11:04:47Z" end-time="2017-02-21 11:04:47Z" duration="0.066649" total="19" passed="19" failed="0" warnings="0" inconclusive="0" skipped="0" asserts="141">
              <test-case id="0-4151" name="BuildFromXml" fullname="NUnit.Framework.Internal.Filters.AndFilterTests.BuildFromXml" methodname="BuildFromXml" classname="NUnit.Framework.Internal.Filters.AndFilterTests" runstate="Runnable" seed="263306070" result="Passed" start-time="2017-02-21 11:04:47Z" end-time="2017-02-21 11:04:47Z" duration="0.002749" asserts="3" />
              <test-case id="0-4152" name="BuildFromXml_TopLevelDefaultsToAnd" fullname="NUnit.Framework.Internal.Filters.AndFilterTests.BuildFromXml_TopLevelDefaultsToAnd" methodname="BuildFromXml_TopLevelDefaultsToAnd" classname="NUnit.Framework.Internal.Filters.AndFilterTests" runstate="Runnable" seed="1490323723" result="Passed" start-time="2017-02-21 11:04:47Z" end-time="2017-02-21 11:04:47Z" duration="0.000482" asserts="3" />
              <test-suite type="ParameterizedMethod" id="0-4150" name="CombineTest" fullname="NUnit.Framework.Internal.Filters.AndFilterTests.CombineTest" classname="NUnit.Framework.Internal.Filters.AndFilterTests" runstate="Runnable" testcasecount="12" result="Passed" start-time="2017-02-21 11:04:47Z" end-time="2017-02-21 11:04:47Z" duration="0.034849" total="12" passed="12" failed="0" warnings="0" inconclusive="0" skipped="0" asserts="120">
                <test-case id="0-4138" name="CombineTest(System.Boolean[],False,IsExplicitMatch)" fullname="NUnit.Framework.Internal.Filters.AndFilterTests.CombineTest(System.Boolean[],False,IsExplicitMatch)" methodname="CombineTest" classname="NUnit.Framework.Internal.Filters.AndFilterTests" runstate="Runnable" seed="679059806" result="Passed" start-time="2017-02-21 11:04:47Z" end-time="2017-02-21 11:04:47Z" duration="0.002281" asserts="9" />
                <test-case id="0-4139" name="CombineTest(System.Boolean[],False,IsExplicitMatch)" fullname="NUnit.Framework.Internal.Filters.AndFilterTests.CombineTest(System.Boolean[],False,IsExplicitMatch)" methodname="CombineTest" classname="NUnit.Framework.Internal.Filters.AndFilterTests" runstate="Runnable" seed="131428624" result="Passed" start-time="2017-02-21 11:04:47Z" end-time="2017-02-21 11:04:47Z" duration="0.000138" asserts="11" />
                <test-case id="0-4140" name="CombineTest(System.Boolean[],False,IsExplicitMatch)" fullname="NUnit.Framework.Internal.Filters.AndFilterTests.CombineTest(System.Boolean[],False,IsExplicitMatch)" methodname="CombineTest" classname="NUnit.Framework.Internal.Filters.AndFilterTests" runstate="Runnable" seed="460101771" result="Passed" start-time="2017-02-21 11:04:47Z" end-time="2017-02-21 11:04:47Z" duration="0.000154" asserts="9" />
                <test-case id="0-4141" name="CombineTest(System.Boolean[],True,IsExplicitMatch)" fullname="NUnit.Framework.Internal.Filters.AndFilterTests.CombineTest(System.Boolean[],True,IsExplicitMatch)" methodname="CombineTest" classname="NUnit.Framework.Internal.Filters.AndFilterTests" runstate="Runnable" seed="465753250" result="Passed" start-time="2017-02-21 11:04:47Z" end-time="2017-02-21 11:04:47Z" duration="0.000111" asserts="11" />
                <test-case id="0-4142" name="CombineTest(System.Boolean[],False,Match)" fullname="NUnit.Framework.Internal.Filters.AndFilterTests.CombineTest(System.Boolean[],False,Match)" methodname="CombineTest" classname="NUnit.Framework.Internal.Filters.AndFilterTests" runstate="Runnable" seed="251628522" result="Passed" start-time="2017-02-21 11:04:47Z" end-time="2017-02-21 11:04:47Z" duration="0.000177" asserts="9" />
                <test-case id="0-4143" name="CombineTest(System.Boolean[],False,Match)" fullname="NUnit.Framework.Internal.Filters.AndFilterTests.CombineTest(System.Boolean[],False,Match)" methodname="CombineTest" classname="NUnit.Framework.Internal.Filters.AndFilterTests" runstate="Runnable" seed="806387677" result="Passed" start-time="2017-02-21 11:04:47Z" end-time="2017-02-21 11:04:47Z" duration="0.000433" asserts="11" />
                <test-case id="0-4144" name="CombineTest(System.Boolean[],False,Match)" fullname="NUnit.Framework.Internal.Filters.AndFilterTests.CombineTest(System.Boolean[],False,Match)" methodname="CombineTest" classname="NUnit.Framework.Internal.Filters.AndFilterTests" runstate="Runnable" seed="207994578" result="Passed" start-time="2017-02-21 11:04:47Z" end-time="2017-02-21 11:04:47Z" duration="0.000096" asserts="9" />
                <test-case id="0-4145" name="CombineTest(System.Boolean[],True,Match)" fullname="NUnit.Framework.Internal.Filters.AndFilterTests.CombineTest(System.Boolean[],True,Match)" methodname="CombineTest" classname="NUnit.Framework.Internal.Filters.AndFilterTests" runstate="Runnable" seed="1589631884" result="Passed" start-time="2017-02-21 11:04:47Z" end-time="2017-02-21 11:04:47Z" duration="0.000115" asserts="11" />
                <test-case id="0-4146" name="CombineTest(System.Boolean[],False,Pass)" fullname="NUnit.Framework.Internal.Filters.AndFilterTests.CombineTest(System.Boolean[],False,Pass)" methodname="CombineTest" classname="NUnit.Framework.Internal.Filters.AndFilterTests" runstate="Runnable" seed="912640365" result="Passed" start-time="2017-02-21 11:04:47Z" end-time="2017-02-21 11:04:47Z" duration="0.000302" asserts="9" />
                <test-case id="0-4147" name="CombineTest(System.Boolean[],False,Pass)" fullname="NUnit.Framework.Internal.Filters.AndFilterTests.CombineTest(System.Boolean[],False,Pass)" methodname="CombineTest" classname="NUnit.Framework.Internal.Filters.AndFilterTests" runstate="Runnable" seed="1130988738" result="Passed" start-time="2017-02-21 11:04:47Z" end-time="2017-02-21 11:04:47Z" duration="0.000102" asserts="11" />
                <test-case id="0-4148" name="CombineTest(System.Boolean[],False,Pass)" fullname="NUnit.Framework.Internal.Filters.AndFilterTests.CombineTest(System.Boolean[],False,Pass)" methodname="CombineTest" classname="NUnit.Framework.Internal.Filters.AndFilterTests" runstate="Runnable" seed="997175821" result="Passed" start-time="2017-02-21 11:04:47Z" end-time="2017-02-21 11:04:47Z" duration="0.000131" asserts="9" />
                <test-case id="0-4149" name="CombineTest(System.Boolean[],True,Pass)" fullname="NUnit.Framework.Internal.Filters.AndFilterTests.CombineTest(System.Boolean[],True,Pass)" methodname="CombineTest" classname="NUnit.Framework.Internal.Filters.AndFilterTests" runstate="Runnable" seed="527427604" result="Passed" start-time="2017-02-21 11:04:47Z" end-time="2017-02-21 11:04:47Z" duration="0.000694" asserts="11" />
              </test-suite>
              <test-case id="0-4136" name="ExplicitMatchTest" fullname="NUnit.Framework.Internal.Filters.AndFilterTests.ExplicitMatchTest" methodname="ExplicitMatchTest" classname="NUnit.Framework.Internal.Filters.AndFilterTests" runstate="Runnable" seed="2077109578" result="Passed" start-time="2017-02-21 11:04:47Z" end-time="2017-02-21 11:04:47Z" duration="0.000836" asserts="4" />
              <test-case id="0-4137" name="ExplicitMatchWithNotTest" fullname="NUnit.Framework.Internal.Filters.AndFilterTests.ExplicitMatchWithNotTest" methodname="ExplicitMatchWithNotTest" classname="NUnit.Framework.Internal.Filters.AndFilterTests" runstate="Runnable" seed="341210455" result="Passed" start-time="2017-02-21 11:04:47Z" end-time="2017-02-21 11:04:47Z" duration="0.000389" asserts="4" />
              <test-case id="0-4133" name="IsNotEmpty" fullname="NUnit.Framework.Internal.Filters.AndFilterTests.IsNotEmpty" methodname="IsNotEmpty" classname="NUnit.Framework.Internal.Filters.AndFilterTests" runstate="Runnable" seed="2127433003" result="Passed" start-time="2017-02-21 11:04:47Z" end-time="2017-02-21 11:04:47Z" duration="0.000349" asserts="1" />
              <test-case id="0-4134" name="MatchTest" fullname="NUnit.Framework.Internal.Filters.AndFilterTests.MatchTest" methodname="MatchTest" classname="NUnit.Framework.Internal.Filters.AndFilterTests" runstate="Runnable" seed="955817443" result="Passed" start-time="2017-02-21 11:04:47Z" end-time="2017-02-21 11:04:47Z" duration="0.000213" asserts="2" />
              <test-case id="0-4135" name="PassTest" fullname="NUnit.Framework.Internal.Filters.AndFilterTests.PassTest" methodname="PassTest" classname="NUnit.Framework.Internal.Filters.AndFilterTests" runstate="Runnable" seed="1719610384" result="Passed" start-time="2017-02-21 11:04:47Z" end-time="2017-02-21 11:04:47Z" duration="0.000264" asserts="4" />
            </test-suite>
            <test-suite type="ParameterizedFixture" id="0-4163" name="CategoryFilterTests" fullname="NUnit.Framework.Internal.Filters.CategoryFilterTests" runstate="Runnable" testcasecount="8" result="Passed" start-time="2017-02-21 11:04:43Z" end-time="2017-02-21 11:04:47Z" duration="4.104712" total="8" passed="8" failed="0" warnings="0" inconclusive="0" skipped="0" asserts="22">
              <test-suite type="TestFixture" id="0-4158" name="CategoryFilterTests(&quot;D.mmy&quot;,True)" fullname="NUnit.Framework.Internal.Filters.CategoryFilterTests(&quot;D.mmy&quot;,True)" classname="NUnit.Framework.Internal.Filters.CategoryFilterTests" runstate="Runnable" testcasecount="4" result="Passed" start-time="2017-02-21 11:04:47Z" end-time="2017-02-21 11:04:47Z" duration="0.014691" total="4" passed="4" failed="0" warnings="0" inconclusive="0" skipped="0" asserts="11">
                <test-case id="0-4162" name="ExplicitMatchTest" fullname="NUnit.Framework.Internal.Filters.CategoryFilterTests(&quot;D.mmy&quot;,True).ExplicitMatchTest" methodname="ExplicitMatchTest" classname="NUnit.Framework.Internal.Filters.CategoryFilterTests" runstate="Runnable" seed="410482278" result="Passed" start-time="2017-02-21 11:04:47Z" end-time="2017-02-21 11:04:47Z" duration="0.000571" asserts="4" />
                <test-case id="0-4159" name="IsNotEmpty" fullname="NUnit.Framework.Internal.Filters.CategoryFilterTests(&quot;D.mmy&quot;,True).IsNotEmpty" methodname="IsNotEmpty" classname="NUnit.Framework.Internal.Filters.CategoryFilterTests" runstate="Runnable" seed="1709025312" result="Passed" start-time="2017-02-21 11:04:47Z" end-time="2017-02-21 11:04:47Z" duration="0.000192" asserts="1" />
                <test-case id="0-4160" name="MatchTest" fullname="NUnit.Framework.Internal.Filters.CategoryFilterTests(&quot;D.mmy&quot;,True).MatchTest" methodname="MatchTest" classname="NUnit.Framework.Internal.Filters.CategoryFilterTests" runstate="Runnable" seed="733545" result="Passed" start-time="2017-02-21 11:04:47Z" end-time="2017-02-21 11:04:47Z" duration="0.000127" asserts="2" />
                <test-case id="0-4161" name="PassTest" fullname="NUnit.Framework.Internal.Filters.CategoryFilterTests(&quot;D.mmy&quot;,True).PassTest" methodname="PassTest" classname="NUnit.Framework.Internal.Filters.CategoryFilterTests" runstate="Runnable" seed="1225915407" result="Passed" start-time="2017-02-21 11:04:47Z" end-time="2017-02-21 11:04:47Z" duration="0.000260" asserts="4" />
              </test-suite>
              <test-suite type="TestFixture" id="0-4153" name="CategoryFilterTests(&quot;Dummy&quot;,False)" fullname="NUnit.Framework.Internal.Filters.CategoryFilterTests(&quot;Dummy&quot;,False)" classname="NUnit.Framework.Internal.Filters.CategoryFilterTests" runstate="Runnable" testcasecount="4" result="Passed" start-time="2017-02-21 11:04:47Z" end-time="2017-02-21 11:04:47Z" duration="0.015119" total="4" passed="4" failed="0" warnings="0" inconclusive="0" skipped="0" asserts="11">
                <test-case id="0-4157" name="ExplicitMatchTest" fullname="NUnit.Framework.Internal.Filters.CategoryFilterTests(&quot;Dummy&quot;,False).ExplicitMatchTest" methodname="ExplicitMatchTest" classname="NUnit.Framework.Internal.Filters.CategoryFilterTests" runstate="Runnable" seed="1408116278" result="Passed" start-time="2017-02-21 11:04:47Z" end-time="2017-02-21 11:04:47Z" duration="0.000071" asserts="4" />
                <test-case id="0-4154" name="IsNotEmpty" fullname="NUnit.Framework.Internal.Filters.CategoryFilterTests(&quot;Dummy&quot;,False).IsNotEmpty" methodname="IsNotEmpty" classname="NUnit.Framework.Internal.Filters.CategoryFilterTests" runstate="Runnable" seed="1731412651" result="Passed" start-time="2017-02-21 11:04:47Z" end-time="2017-02-21 11:04:47Z" duration="0.000045" asserts="1" />
                <test-case id="0-4155" name="MatchTest" fullname="NUnit.Framework.Internal.Filters.CategoryFilterTests(&quot;Dummy&quot;,False).MatchTest" methodname="MatchTest" classname="NUnit.Framework.Internal.Filters.CategoryFilterTests" runstate="Runnable" seed="1830857010" result="Passed" start-time="2017-02-21 11:04:47Z" end-time="2017-02-21 11:04:47Z" duration="0.000038" asserts="2" />
                <test-case id="0-4156" name="PassTest" fullname="NUnit.Framework.Internal.Filters.CategoryFilterTests(&quot;Dummy&quot;,False).PassTest" methodname="PassTest" classname="NUnit.Framework.Internal.Filters.CategoryFilterTests" runstate="Runnable" seed="2009874552" result="Passed" start-time="2017-02-21 11:04:47Z" end-time="2017-02-21 11:04:47Z" duration="0.000039" asserts="4" />
              </test-suite>
            </test-suite>
            <test-suite type="ParameterizedFixture" id="0-4174" name="ClassNameFilterTests" fullname="NUnit.Framework.Internal.Filters.ClassNameFilterTests" runstate="Runnable" testcasecount="8" result="Passed" start-time="2017-02-21 11:04:43Z" end-time="2017-02-21 11:04:47Z" duration="4.125961" total="8" passed="8" failed="0" warnings="0" inconclusive="0" skipped="0" asserts="22">
              <test-suite type="TestFixture" id="0-4164" name="ClassNameFilterTests(&quot;NUnit.Framework.Internal.Filters.Test...&quot;,False)" fullname="NUnit.Framework.Internal.Filters.ClassNameFilterTests(&quot;NUnit.Framework.Internal.Filters.Test...&quot;,False)" classname="NUnit.Framework.Internal.Filters.ClassNameFilterTests" runstate="Runnable" testcasecount="4" result="Passed" start-time="2017-02-21 11:04:47Z" end-time="2017-02-21 11:04:47Z" duration="0.018345" total="4" passed="4" failed="0" warnings="0" inconclusive="0" skipped="0" asserts="11">
                <test-case id="0-4168" name="ExplicitMatchTest" fullname="NUnit.Framework.Internal.Filters.ClassNameFilterTests(&quot;NUnit.Framework.Internal.Filters.Test...&quot;,False).ExplicitMatchTest" methodname="ExplicitMatchTest" classname="NUnit.Framework.Internal.Filters.ClassNameFilterTests" runstate="Runnable" seed="1630163191" result="Passed" start-time="2017-02-21 11:04:47Z" end-time="2017-02-21 11:04:47Z" duration="0.000266" asserts="4" />
                <test-case id="0-4165" name="IsNotEmpty" fullname="NUnit.Framework.Internal.Filters.ClassNameFilterTests(&quot;NUnit.Framework.Internal.Filters.Test...&quot;,False).IsNotEmpty" methodname="IsNotEmpty" classname="NUnit.Framework.Internal.Filters.ClassNameFilterTests" runstate="Runnable" seed="288284666" result="Passed" start-time="2017-02-21 11:04:47Z" end-time="2017-02-21 11:04:47Z" duration="0.000105" asserts="1" />
                <test-case id="0-4166" name="MatchTest" fullname="NUnit.Framework.Internal.Filters.ClassNameFilterTests(&quot;NUnit.Framework.Internal.Filters.Test...&quot;,False).MatchTest" methodname="MatchTest" classname="NUnit.Framework.Internal.Filters.ClassNameFilterTests" runstate="Runnable" seed="2084216761" result="Passed" start-time="2017-02-21 11:04:47Z" end-time="2017-02-21 11:04:47Z" duration="0.000118" asserts="2" />
                <test-case id="0-4167" name="PassTest" fullname="NUnit.Framework.Internal.Filters.ClassNameFilterTests(&quot;NUnit.Framework.Internal.Filters.Test...&quot;,False).PassTest" methodname="PassTest" classname="NUnit.Framework.Internal.Filters.ClassNameFilterTests" runstate="Runnable" seed="546896815" result="Passed" start-time="2017-02-21 11:04:47Z" end-time="2017-02-21 11:04:47Z" duration="0.000273" asserts="4" />
              </test-suite>
              <test-suite type="TestFixture" id="0-4169" name="ClassNameFilterTests(&quot;Dummy&quot;,True)" fullname="NUnit.Framework.Internal.Filters.ClassNameFilterTests(&quot;Dummy&quot;,True)" classname="NUnit.Framework.Internal.Filters.ClassNameFilterTests" runstate="Runnable" testcasecount="4" result="Passed" start-time="2017-02-21 11:04:47Z" end-time="2017-02-21 11:04:47Z" duration="0.018887" total="4" passed="4" failed="0" warnings="0" inconclusive="0" skipped="0" asserts="11">
                <test-case id="0-4173" name="ExplicitMatchTest" fullname="NUnit.Framework.Internal.Filters.ClassNameFilterTests(&quot;Dummy&quot;,True).ExplicitMatchTest" methodname="ExplicitMatchTest" classname="NUnit.Framework.Internal.Filters.ClassNameFilterTests" runstate="Runnable" seed="574597473" result="Passed" start-time="2017-02-21 11:04:47Z" end-time="2017-02-21 11:04:47Z" duration="0.000063" asserts="4" />
                <test-case id="0-4170" name="IsNotEmpty" fullname="NUnit.Framework.Internal.Filters.ClassNameFilterTests(&quot;Dummy&quot;,True).IsNotEmpty" methodname="IsNotEmpty" classname="NUnit.Framework.Internal.Filters.ClassNameFilterTests" runstate="Runnable" seed="632269228" result="Passed" start-time="2017-02-21 11:04:47Z" end-time="2017-02-21 11:04:47Z" duration="0.000032" asserts="1" />
                <test-case id="0-4171" name="MatchTest" fullname="NUnit.Framework.Internal.Filters.ClassNameFilterTests(&quot;Dummy&quot;,True).MatchTest" methodname="MatchTest" classname="NUnit.Framework.Internal.Filters.ClassNameFilterTests" runstate="Runnable" seed="1732538090" result="Passed" start-time="2017-02-21 11:04:47Z" end-time="2017-02-21 11:04:47Z" duration="0.000145" asserts="2" />
                <test-case id="0-4172" name="PassTest" fullname="NUnit.Framework.Internal.Filters.ClassNameFilterTests(&quot;Dummy&quot;,True).PassTest" methodname="PassTest" classname="NUnit.Framework.Internal.Filters.ClassNameFilterTests" runstate="Runnable" seed="234191276" result="Passed" start-time="2017-02-21 11:04:47Z" end-time="2017-02-21 11:04:47Z" duration="0.000129" asserts="4" />
              </test-suite>
            </test-suite>
            <test-suite type="TestFixture" id="0-4175" name="EmptyFilterTests" fullname="NUnit.Framework.Internal.Filters.EmptyFilterTests" classname="NUnit.Framework.Internal.Filters.EmptyFilterTests" runstate="Runnable" testcasecount="5" result="Passed" start-time="2017-02-21 11:04:47Z" end-time="2017-02-21 11:04:47Z" duration="0.020648" total="5" passed="5" failed="0" warnings="0" inconclusive="0" skipped="0" asserts="11">
              <test-case id="0-4177" name="BuildFromXml" fullname="NUnit.Framework.Internal.Filters.EmptyFilterTests.BuildFromXml" methodname="BuildFromXml" classname="NUnit.Framework.Internal.Filters.EmptyFilterTests" runstate="Runnable" seed="686922912" result="Passed" start-time="2017-02-21 11:04:47Z" end-time="2017-02-21 11:04:47Z" duration="0.000201" asserts="1" />
              <test-case id="0-4176" name="IsEmpty" fullname="NUnit.Framework.Internal.Filters.EmptyFilterTests.IsEmpty" methodname="IsEmpty" classname="NUnit.Framework.Internal.Filters.EmptyFilterTests" runstate="Runnable" seed="1210377154" result="Passed" start-time="2017-02-21 11:04:47Z" end-time="2017-02-21 11:04:47Z" duration="0.000129" asserts="1" />
              <test-case id="0-4178" name="MatchesAnything" fullname="NUnit.Framework.Internal.Filters.EmptyFilterTests.MatchesAnything" methodname="MatchesAnything" classname="NUnit.Framework.Internal.Filters.EmptyFilterTests" runstate="Runnable" seed="420396430" result="Passed" start-time="2017-02-21 11:04:47Z" end-time="2017-02-21 11:04:47Z" duration="0.000242" asserts="3" />
              <test-case id="0-4180" name="MatchesNothingExplicitly" fullname="NUnit.Framework.Internal.Filters.EmptyFilterTests.MatchesNothingExplicitly" methodname="MatchesNothingExplicitly" classname="NUnit.Framework.Internal.Filters.EmptyFilterTests" runstate="Runnable" seed="1171147599" result="Passed" start-time="2017-02-21 11:04:47Z" end-time="2017-02-21 11:04:47Z" duration="0.000119" asserts="3" />
              <test-case id="0-4179" name="PassesAnything" fullname="NUnit.Framework.Internal.Filters.EmptyFilterTests.PassesAnything" methodname="PassesAnything" classname="NUnit.Framework.Internal.Filters.EmptyFilterTests" runstate="Runnable" seed="1863866482" result="Passed" start-time="2017-02-21 11:04:47Z" end-time="2017-02-21 11:04:47Z" duration="0.000499" asserts="3" />
            </test-suite>
            <test-suite type="ParameterizedFixture" id="0-4189" name="FullNameFilterTests" fullname="NUnit.Framework.Internal.Filters.FullNameFilterTests" runstate="Runnable" testcasecount="6" result="Passed" start-time="2017-02-21 11:04:43Z" end-time="2017-02-21 11:04:47Z" duration="4.156170" total="6" passed="6" failed="0" warnings="0" inconclusive="0" skipped="0" asserts="14">
              <test-suite type="TestFixture" id="0-4185" name="FullNameFilterTests(&quot;Dummy&quot;,True)" fullname="NUnit.Framework.Internal.Filters.FullNameFilterTests(&quot;Dummy&quot;,True)" classname="NUnit.Framework.Internal.Filters.FullNameFilterTests" runstate="Runnable" testcasecount="3" result="Passed" start-time="2017-02-21 11:04:47Z" end-time="2017-02-21 11:04:47Z" duration="0.013079" total="3" passed="3" failed="0" warnings="0" inconclusive="0" skipped="0" asserts="7">
                <test-case id="0-4186" name="IsNotEmpty" fullname="NUnit.Framework.Internal.Filters.FullNameFilterTests(&quot;Dummy&quot;,True).IsNotEmpty" methodname="IsNotEmpty" classname="NUnit.Framework.Internal.Filters.FullNameFilterTests" runstate="Runnable" seed="839562057" result="Passed" start-time="2017-02-21 11:04:47Z" end-time="2017-02-21 11:04:47Z" duration="0.000149" asserts="1" />
                <test-case id="0-4187" name="MatchTest" fullname="NUnit.Framework.Internal.Filters.FullNameFilterTests(&quot;Dummy&quot;,True).MatchTest" methodname="MatchTest" classname="NUnit.Framework.Internal.Filters.FullNameFilterTests" runstate="Runnable" seed="1574072654" result="Passed" start-time="2017-02-21 11:04:47Z" end-time="2017-02-21 11:04:47Z" duration="0.000212" asserts="2" />
                <test-case id="0-4188" name="PassTest" fullname="NUnit.Framework.Internal.Filters.FullNameFilterTests(&quot;Dummy&quot;,True).PassTest" methodname="PassTest" classname="NUnit.Framework.Internal.Filters.FullNameFilterTests" runstate="Runnable" seed="1229218660" result="Passed" start-time="2017-02-21 11:04:47Z" end-time="2017-02-21 11:04:47Z" duration="0.000315" asserts="4" />
              </test-suite>
              <test-suite type="TestFixture" id="0-4181" name="FullNameFilterTests(&quot;NUnit.Framework.Internal.Filters.Test...&quot;,False)" fullname="NUnit.Framework.Internal.Filters.FullNameFilterTests(&quot;NUnit.Framework.Internal.Filters.Test...&quot;,False)" classname="NUnit.Framework.Internal.Filters.FullNameFilterTests" runstate="Runnable" testcasecount="3" result="Passed" start-time="2017-02-21 11:04:47Z" end-time="2017-02-21 11:04:47Z" duration="0.012551" total="3" passed="3" failed="0" warnings="0" inconclusive="0" skipped="0" asserts="7">
                <test-case id="0-4182" name="IsNotEmpty" fullname="NUnit.Framework.Internal.Filters.FullNameFilterTests(&quot;NUnit.Framework.Internal.Filters.Test...&quot;,False).IsNotEmpty" methodname="IsNotEmpty" classname="NUnit.Framework.Internal.Filters.FullNameFilterTests" runstate="Runnable" seed="1344405537" result="Passed" start-time="2017-02-21 11:04:47Z" end-time="2017-02-21 11:04:47Z" duration="0.000176" asserts="1" />
                <test-case id="0-4183" name="MatchTest" fullname="NUnit.Framework.Internal.Filters.FullNameFilterTests(&quot;NUnit.Framework.Internal.Filters.Test...&quot;,False).MatchTest" methodname="MatchTest" classname="NUnit.Framework.Internal.Filters.FullNameFilterTests" runstate="Runnable" seed="1643392709" result="Passed" start-time="2017-02-21 11:04:47Z" end-time="2017-02-21 11:04:47Z" duration="0.000045" asserts="2" />
                <test-case id="0-4184" name="PassTest" fullname="NUnit.Framework.Internal.Filters.FullNameFilterTests(&quot;NUnit.Framework.Internal.Filters.Test...&quot;,False).PassTest" methodname="PassTest" classname="NUnit.Framework.Internal.Filters.FullNameFilterTests" runstate="Runnable" seed="2102614505" result="Passed" start-time="2017-02-21 11:04:47Z" end-time="2017-02-21 11:04:47Z" duration="0.000054" asserts="4" />
              </test-suite>
            </test-suite>
            <test-suite type="TestFixture" id="0-4190" name="IdFilterTests" fullname="NUnit.Framework.Internal.Filters.IdFilterTests" classname="NUnit.Framework.Internal.Filters.IdFilterTests" runstate="Runnable" testcasecount="4" result="Passed" start-time="2017-02-21 11:04:47Z" end-time="2017-02-21 11:04:47Z" duration="0.014833" total="4" passed="4" failed="0" warnings="0" inconclusive="0" skipped="0" asserts="11">
              <test-case id="0-4194" name="ExplicitMatchTest" fullname="NUnit.Framework.Internal.Filters.IdFilterTests.ExplicitMatchTest" methodname="ExplicitMatchTest" classname="NUnit.Framework.Internal.Filters.IdFilterTests" runstate="Runnable" seed="482586649" result="Passed" start-time="2017-02-21 11:04:47Z" end-time="2017-02-21 11:04:47Z" duration="0.000227" asserts="4" />
              <test-case id="0-4191" name="IsNotEmpty" fullname="NUnit.Framework.Internal.Filters.IdFilterTests.IsNotEmpty" methodname="IsNotEmpty" classname="NUnit.Framework.Internal.Filters.IdFilterTests" runstate="Runnable" seed="52995496" result="Passed" start-time="2017-02-21 11:04:47Z" end-time="2017-02-21 11:04:47Z" duration="0.000778" asserts="1" />
              <test-case id="0-4192" name="MatchTest" fullname="NUnit.Framework.Internal.Filters.IdFilterTests.MatchTest" methodname="MatchTest" classname="NUnit.Framework.Internal.Filters.IdFilterTests" runstate="Runnable" seed="422187845" result="Passed" start-time="2017-02-21 11:04:47Z" end-time="2017-02-21 11:04:47Z" duration="0.001207" asserts="2" />
              <test-case id="0-4193" name="PassTest" fullname="NUnit.Framework.Internal.Filters.IdFilterTests.PassTest" methodname="PassTest" classname="NUnit.Framework.Internal.Filters.IdFilterTests" runstate="Runnable" seed="335311404" result="Passed" start-time="2017-02-21 11:04:47Z" end-time="2017-02-21 11:04:47Z" duration="0.000262" asserts="4" />
            </test-suite>
            <test-suite type="ParameterizedFixture" id="0-4203" name="MethodNameFilterTests" fullname="NUnit.Framework.Internal.Filters.MethodNameFilterTests" runstate="Runnable" testcasecount="6" result="Passed" start-time="2017-02-21 11:04:43Z" end-time="2017-02-21 11:04:47Z" duration="4.175484" total="6" passed="6" failed="0" warnings="0" inconclusive="0" skipped="0" asserts="18">
              <test-suite type="TestFixture" id="0-4199" name="MethodNameFilterTests(&quot;T.st&quot;,True)" fullname="NUnit.Framework.Internal.Filters.MethodNameFilterTests(&quot;T.st&quot;,True)" classname="NUnit.Framework.Internal.Filters.MethodNameFilterTests" runstate="Runnable" testcasecount="3" result="Passed" start-time="2017-02-21 11:04:47Z" end-time="2017-02-21 11:04:47Z" duration="0.013305" total="3" passed="3" failed="0" warnings="0" inconclusive="0" skipped="0" asserts="9">
                <test-case id="0-4200" name="IsNotEmpty" fullname="NUnit.Framework.Internal.Filters.MethodNameFilterTests(&quot;T.st&quot;,True).IsNotEmpty" methodname="IsNotEmpty" classname="NUnit.Framework.Internal.Filters.MethodNameFilterTests" runstate="Runnable" seed="1334245584" result="Passed" start-time="2017-02-21 11:04:47Z" end-time="2017-02-21 11:04:47Z" duration="0.000178" asserts="1" />
                <test-case id="0-4201" name="MatchTest" fullname="NUnit.Framework.Internal.Filters.MethodNameFilterTests(&quot;T.st&quot;,True).MatchTest" methodname="MatchTest" classname="NUnit.Framework.Internal.Filters.MethodNameFilterTests" runstate="Runnable" seed="1635153753" result="Passed" start-time="2017-02-21 11:04:47Z" end-time="2017-02-21 11:04:47Z" duration="0.000565" asserts="2" />
                <test-case id="0-4202" name="PassTest" fullname="NUnit.Framework.Internal.Filters.MethodNameFilterTests(&quot;T.st&quot;,True).PassTest" methodname="PassTest" classname="NUnit.Framework.Internal.Filters.MethodNameFilterTests" runstate="Runnable" seed="1533950182" result="Passed" start-time="2017-02-21 11:04:47Z" end-time="2017-02-21 11:04:47Z" duration="0.000336" asserts="6" />
              </test-suite>
              <test-suite type="TestFixture" id="0-4195" name="MethodNameFilterTests(&quot;Test&quot;,False)" fullname="NUnit.Framework.Internal.Filters.MethodNameFilterTests(&quot;Test&quot;,False)" classname="NUnit.Framework.Internal.Filters.MethodNameFilterTests" runstate="Runnable" testcasecount="3" result="Passed" start-time="2017-02-21 11:04:47Z" end-time="2017-02-21 11:04:47Z" duration="0.010320" total="3" passed="3" failed="0" warnings="0" inconclusive="0" skipped="0" asserts="9">
                <test-case id="0-4196" name="IsNotEmpty" fullname="NUnit.Framework.Internal.Filters.MethodNameFilterTests(&quot;Test&quot;,False).IsNotEmpty" methodname="IsNotEmpty" classname="NUnit.Framework.Internal.Filters.MethodNameFilterTests" runstate="Runnable" seed="2047177347" result="Passed" start-time="2017-02-21 11:04:47Z" end-time="2017-02-21 11:04:47Z" duration="0.000031" asserts="1" />
                <test-case id="0-4197" name="MatchTest" fullname="NUnit.Framework.Internal.Filters.MethodNameFilterTests(&quot;Test&quot;,False).MatchTest" methodname="MatchTest" classname="NUnit.Framework.Internal.Filters.MethodNameFilterTests" runstate="Runnable" seed="867717130" result="Passed" start-time="2017-02-21 11:04:47Z" end-time="2017-02-21 11:04:47Z" duration="0.000034" asserts="2" />
                <test-case id="0-4198" name="PassTest" fullname="NUnit.Framework.Internal.Filters.MethodNameFilterTests(&quot;Test&quot;,False).PassTest" methodname="PassTest" classname="NUnit.Framework.Internal.Filters.MethodNameFilterTests" runstate="Runnable" seed="1254200696" result="Passed" start-time="2017-02-21 11:04:47Z" end-time="2017-02-21 11:04:47Z" duration="0.000377" asserts="6" />
              </test-suite>
            </test-suite>
            <test-suite type="TestFixture" id="0-4204" name="NotFilterTests" fullname="NUnit.Framework.Internal.Filters.NotFilterTests" classname="NUnit.Framework.Internal.Filters.NotFilterTests" runstate="Runnable" testcasecount="5" result="Passed" start-time="2017-02-21 11:04:47Z" end-time="2017-02-21 11:04:47Z" duration="0.022021" total="5" passed="5" failed="0" warnings="0" inconclusive="0" skipped="0" asserts="25">
              <test-case id="0-4209" name="BuildFromXml" fullname="NUnit.Framework.Internal.Filters.NotFilterTests.BuildFromXml" methodname="BuildFromXml" classname="NUnit.Framework.Internal.Filters.NotFilterTests" runstate="Runnable" seed="432512791" result="Passed" start-time="2017-02-21 11:04:47Z" end-time="2017-02-21 11:04:47Z" duration="0.003603" asserts="4" />
              <test-case id="0-4208" name="ExplicitMatchTest" fullname="NUnit.Framework.Internal.Filters.NotFilterTests.ExplicitMatchTest" methodname="ExplicitMatchTest" classname="NUnit.Framework.Internal.Filters.NotFilterTests" runstate="Runnable" seed="665491606" result="Passed" start-time="2017-02-21 11:04:47Z" end-time="2017-02-21 11:04:47Z" duration="0.000205" asserts="5" />
              <test-case id="0-4205" name="IsNotEmpty" fullname="NUnit.Framework.Internal.Filters.NotFilterTests.IsNotEmpty" methodname="IsNotEmpty" classname="NUnit.Framework.Internal.Filters.NotFilterTests" runstate="Runnable" seed="2044349199" result="Passed" start-time="2017-02-21 11:04:47Z" end-time="2017-02-21 11:04:47Z" duration="0.000538" asserts="1" />
              <test-case id="0-4206" name="MatchTest" fullname="NUnit.Framework.Internal.Filters.NotFilterTests.MatchTest" methodname="MatchTest" classname="NUnit.Framework.Internal.Filters.NotFilterTests" runstate="Runnable" seed="1032805206" result="Passed" start-time="2017-02-21 11:04:47Z" end-time="2017-02-21 11:04:47Z" duration="0.000381" asserts="7" />
              <test-case id="0-4207" name="PassTest" fullname="NUnit.Framework.Internal.Filters.NotFilterTests.PassTest" methodname="PassTest" classname="NUnit.Framework.Internal.Filters.NotFilterTests" runstate="Runnable" seed="662132955" result="Passed" start-time="2017-02-21 11:04:47Z" end-time="2017-02-21 11:04:47Z" duration="0.000298" asserts="8" />
            </test-suite>
            <test-suite type="ParameterizedFixture" id="0-4239" name="PropertyFilterTests" fullname="NUnit.Framework.Internal.Filters.PropertyFilterTests" runstate="Runnable" testcasecount="8" result="Passed" start-time="2017-02-21 11:04:43Z" end-time="2017-02-21 11:04:47Z" duration="4.227127" total="8" passed="8" failed="0" warnings="0" inconclusive="0" skipped="0" asserts="28">
              <test-suite type="TestFixture" id="0-4234" name="PropertyFilterTests(&quot;Author&quot;,&quot;Charlie&quot;,True)" fullname="NUnit.Framework.Internal.Filters.PropertyFilterTests(&quot;Author&quot;,&quot;Charlie&quot;,True)" classname="NUnit.Framework.Internal.Filters.PropertyFilterTests" runstate="Runnable" testcasecount="4" result="Passed" start-time="2017-02-21 11:04:47Z" end-time="2017-02-21 11:04:47Z" duration="0.014124" total="4" passed="4" failed="0" warnings="0" inconclusive="0" skipped="0" asserts="14">
                <test-case id="0-4238" name="ExplicitMatchTest" fullname="NUnit.Framework.Internal.Filters.PropertyFilterTests(&quot;Author&quot;,&quot;Charlie&quot;,True).ExplicitMatchTest" methodname="ExplicitMatchTest" classname="NUnit.Framework.Internal.Filters.PropertyFilterTests" runstate="Runnable" seed="1623588011" result="Passed" start-time="2017-02-21 11:04:47Z" end-time="2017-02-21 11:04:47Z" duration="0.000436" asserts="5" />
                <test-case id="0-4235" name="IsNotEmpty" fullname="NUnit.Framework.Internal.Filters.PropertyFilterTests(&quot;Author&quot;,&quot;Charlie&quot;,True).IsNotEmpty" methodname="IsNotEmpty" classname="NUnit.Framework.Internal.Filters.PropertyFilterTests" runstate="Runnable" seed="730843199" result="Passed" start-time="2017-02-21 11:04:47Z" end-time="2017-02-21 11:04:47Z" duration="0.000198" asserts="1" />
                <test-case id="0-4236" name="MatchTest" fullname="NUnit.Framework.Internal.Filters.PropertyFilterTests(&quot;Author&quot;,&quot;Charlie&quot;,True).MatchTest" methodname="MatchTest" classname="NUnit.Framework.Internal.Filters.PropertyFilterTests" runstate="Runnable" seed="112509155" result="Passed" start-time="2017-02-21 11:04:47Z" end-time="2017-02-21 11:04:47Z" duration="0.000247" asserts="3" />
                <test-case id="0-4237" name="PassTest" fullname="NUnit.Framework.Internal.Filters.PropertyFilterTests(&quot;Author&quot;,&quot;Charlie&quot;,True).PassTest" methodname="PassTest" classname="NUnit.Framework.Internal.Filters.PropertyFilterTests" runstate="Runnable" seed="1935976241" result="Passed" start-time="2017-02-21 11:04:47Z" end-time="2017-02-21 11:04:47Z" duration="0.000322" asserts="5" />
              </test-suite>
              <test-suite type="TestFixture" id="0-4229" name="PropertyFilterTests(&quot;Priority&quot;,&quot;High&quot;,False)" fullname="NUnit.Framework.Internal.Filters.PropertyFilterTests(&quot;Priority&quot;,&quot;High&quot;,False)" classname="NUnit.Framework.Internal.Filters.PropertyFilterTests" runstate="Runnable" testcasecount="4" result="Passed" start-time="2017-02-21 11:04:47Z" end-time="2017-02-21 11:04:47Z" duration="0.012932" total="4" passed="4" failed="0" warnings="0" inconclusive="0" skipped="0" asserts="14">
                <test-case id="0-4233" name="ExplicitMatchTest" fullname="NUnit.Framework.Internal.Filters.PropertyFilterTests(&quot;Priority&quot;,&quot;High&quot;,False).ExplicitMatchTest" methodname="ExplicitMatchTest" classname="NUnit.Framework.Internal.Filters.PropertyFilterTests" runstate="Runnable" seed="476430403" result="Passed" start-time="2017-02-21 11:04:47Z" end-time="2017-02-21 11:04:47Z" duration="0.000058" asserts="5" />
                <test-case id="0-4230" name="IsNotEmpty" fullname="NUnit.Framework.Internal.Filters.PropertyFilterTests(&quot;Priority&quot;,&quot;High&quot;,False).IsNotEmpty" methodname="IsNotEmpty" classname="NUnit.Framework.Internal.Filters.PropertyFilterTests" runstate="Runnable" seed="1830786816" result="Passed" start-time="2017-02-21 11:04:47Z" end-time="2017-02-21 11:04:47Z" duration="0.000039" asserts="1" />
                <test-case id="0-4231" name="MatchTest" fullname="NUnit.Framework.Internal.Filters.PropertyFilterTests(&quot;Priority&quot;,&quot;High&quot;,False).MatchTest" methodname="MatchTest" classname="NUnit.Framework.Internal.Filters.PropertyFilterTests" runstate="Runnable" seed="754659035" result="Passed" start-time="2017-02-21 11:04:47Z" end-time="2017-02-21 11:04:47Z" duration="0.000041" asserts="3" />
                <test-case id="0-4232" name="PassTest" fullname="NUnit.Framework.Internal.Filters.PropertyFilterTests(&quot;Priority&quot;,&quot;High&quot;,False).PassTest" methodname="PassTest" classname="NUnit.Framework.Internal.Filters.PropertyFilterTests" runstate="Runnable" seed="1542255810" result="Passed" start-time="2017-02-21 11:04:47Z" end-time="2017-02-21 11:04:47Z" duration="0.000047" asserts="5" />
              </test-suite>
            </test-suite>
            <test-suite type="TestFixture" id="0-4242" name="TestFilterTests+AnotherFixture" fullname="NUnit.Framework.Internal.Filters.TestFilterTests+AnotherFixture" classname="NUnit.Framework.Internal.Filters.TestFilterTests+AnotherFixture" runstate="Runnable" testcasecount="1" result="Passed" start-time="2017-02-21 11:04:47Z" end-time="2017-02-21 11:04:47Z" duration="0.003038" total="1" passed="1" failed="0" warnings="0" inconclusive="0" skipped="0" asserts="0">
              <properties>
                <property name="Category" value="Another" />
                <property name="Priority" value="Low" />
                <property name="Author" value="Fred Smith" />
              </properties>
              <test-case id="0-4243" name="Test" fullname="NUnit.Framework.Internal.Filters.TestFilterTests+AnotherFixture.Test" methodname="Test" classname="NUnit.Framework.Internal.Filters.TestFilterTests+AnotherFixture" runstate="Runnable" seed="813880325" result="Passed" start-time="2017-02-21 11:04:47Z" end-time="2017-02-21 11:04:47Z" duration="0.000069" asserts="0" />
            </test-suite>
            <test-suite type="TestFixture" id="0-4210" name="OrFilterTests" fullname="NUnit.Framework.Internal.Filters.OrFilterTests" classname="NUnit.Framework.Internal.Filters.OrFilterTests" runstate="Runnable" testcasecount="17" result="Passed" start-time="2017-02-21 11:04:47Z" end-time="2017-02-21 11:04:47Z" duration="0.057006" total="17" passed="17" failed="0" warnings="0" inconclusive="0" skipped="0" asserts="139">
              <test-case id="0-4228" name="BuildFromXml" fullname="NUnit.Framework.Internal.Filters.OrFilterTests.BuildFromXml" methodname="BuildFromXml" classname="NUnit.Framework.Internal.Filters.OrFilterTests" runstate="Runnable" seed="2011996128" result="Passed" start-time="2017-02-21 11:04:47Z" end-time="2017-02-21 11:04:47Z" duration="0.000647" asserts="3" />
              <test-suite type="ParameterizedMethod" id="0-4227" name="CombineTest" fullname="NUnit.Framework.Internal.Filters.OrFilterTests.CombineTest" classname="NUnit.Framework.Internal.Filters.OrFilterTests" runstate="Runnable" testcasecount="12" result="Passed" start-time="2017-02-21 11:04:47Z" end-time="2017-02-21 11:04:47Z" duration="0.035669" total="12" passed="12" failed="0" warnings="0" inconclusive="0" skipped="0" asserts="120">
                <test-case id="0-4215" name="CombineTest(System.Boolean[],False,IsExplicitMatch)" fullname="NUnit.Framework.Internal.Filters.OrFilterTests.CombineTest(System.Boolean[],False,IsExplicitMatch)" methodname="CombineTest" classname="NUnit.Framework.Internal.Filters.OrFilterTests" runstate="Runnable" seed="1424231568" result="Passed" start-time="2017-02-21 11:04:47Z" end-time="2017-02-21 11:04:47Z" duration="0.000869" asserts="11" />
                <test-case id="0-4216" name="CombineTest(System.Boolean[],True,IsExplicitMatch)" fullname="NUnit.Framework.Internal.Filters.OrFilterTests.CombineTest(System.Boolean[],True,IsExplicitMatch)" methodname="CombineTest" classname="NUnit.Framework.Internal.Filters.OrFilterTests" runstate="Runnable" seed="1261265138" result="Passed" start-time="2017-02-21 11:04:47Z" end-time="2017-02-21 11:04:47Z" duration="0.000148" asserts="9" />
                <test-case id="0-4217" name="CombineTest(System.Boolean[],True,IsExplicitMatch)" fullname="NUnit.Framework.Internal.Filters.OrFilterTests.CombineTest(System.Boolean[],True,IsExplicitMatch)" methodname="CombineTest" classname="NUnit.Framework.Internal.Filters.OrFilterTests" runstate="Runnable" seed="1154253529" result="Passed" start-time="2017-02-21 11:04:47Z" end-time="2017-02-21 11:04:47Z" duration="0.000178" asserts="11" />
                <test-case id="0-4218" name="CombineTest(System.Boolean[],True,IsExplicitMatch)" fullname="NUnit.Framework.Internal.Filters.OrFilterTests.CombineTest(System.Boolean[],True,IsExplicitMatch)" methodname="CombineTest" classname="NUnit.Framework.Internal.Filters.OrFilterTests" runstate="Runnable" seed="1798092797" result="Passed" start-time="2017-02-21 11:04:47Z" end-time="2017-02-21 11:04:47Z" duration="0.000141" asserts="9" />
                <test-case id="0-4219" name="CombineTest(System.Boolean[],False,Match)" fullname="NUnit.Framework.Internal.Filters.OrFilterTests.CombineTest(System.Boolean[],False,Match)" methodname="CombineTest" classname="NUnit.Framework.Internal.Filters.OrFilterTests" runstate="Runnable" seed="252862086" result="Passed" start-time="2017-02-21 11:04:47Z" end-time="2017-02-21 11:04:47Z" duration="0.000147" asserts="11" />
                <test-case id="0-4220" name="CombineTest(System.Boolean[],True,Match)" fullname="NUnit.Framework.Internal.Filters.OrFilterTests.CombineTest(System.Boolean[],True,Match)" methodname="CombineTest" classname="NUnit.Framework.Internal.Filters.OrFilterTests" runstate="Runnable" seed="1043359120" result="Passed" start-time="2017-02-21 11:04:47Z" end-time="2017-02-21 11:04:47Z" duration="0.000178" asserts="9" />
                <test-case id="0-4221" name="CombineTest(System.Boolean[],True,Match)" fullname="NUnit.Framework.Internal.Filters.OrFilterTests.CombineTest(System.Boolean[],True,Match)" methodname="CombineTest" classname="NUnit.Framework.Internal.Filters.OrFilterTests" runstate="Runnable" seed="1019211612" result="Passed" start-time="2017-02-21 11:04:47Z" end-time="2017-02-21 11:04:47Z" duration="0.000176" asserts="11" />
                <test-case id="0-4222" name="CombineTest(System.Boolean[],True,Match)" fullname="NUnit.Framework.Internal.Filters.OrFilterTests.CombineTest(System.Boolean[],True,Match)" methodname="CombineTest" classname="NUnit.Framework.Internal.Filters.OrFilterTests" runstate="Runnable" seed="1688476419" result="Passed" start-time="2017-02-21 11:04:47Z" end-time="2017-02-21 11:04:47Z" duration="0.000153" asserts="9" />
                <test-case id="0-4223" name="CombineTest(System.Boolean[],False,Pass)" fullname="NUnit.Framework.Internal.Filters.OrFilterTests.CombineTest(System.Boolean[],False,Pass)" methodname="CombineTest" classname="NUnit.Framework.Internal.Filters.OrFilterTests" runstate="Runnable" seed="1399820123" result="Passed" start-time="2017-02-21 11:04:47Z" end-time="2017-02-21 11:04:47Z" duration="0.000902" asserts="11" />
                <test-case id="0-4224" name="CombineTest(System.Boolean[],True,Pass)" fullname="NUnit.Framework.Internal.Filters.OrFilterTests.CombineTest(System.Boolean[],True,Pass)" methodname="CombineTest" classname="NUnit.Framework.Internal.Filters.OrFilterTests" runstate="Runnable" seed="2103490250" result="Passed" start-time="2017-02-21 11:04:47Z" end-time="2017-02-21 11:04:47Z" duration="0.000398" asserts="9" />
                <test-case id="0-4225" name="CombineTest(System.Boolean[],True,Pass)" fullname="NUnit.Framework.Internal.Filters.OrFilterTests.CombineTest(System.Boolean[],True,Pass)" methodname="CombineTest" classname="NUnit.Framework.Internal.Filters.OrFilterTests" runstate="Runnable" seed="1098544418" result="Passed" start-time="2017-02-21 11:04:47Z" end-time="2017-02-21 11:04:47Z" duration="0.000118" asserts="11" />
                <test-case id="0-4226" name="CombineTest(System.Boolean[],True,Pass)" fullname="NUnit.Framework.Internal.Filters.OrFilterTests.CombineTest(System.Boolean[],True,Pass)" methodname="CombineTest" classname="NUnit.Framework.Internal.Filters.OrFilterTests" runstate="Runnable" seed="2038071581" result="Passed" start-time="2017-02-21 11:04:47Z" end-time="2017-02-21 11:04:47Z" duration="0.000096" asserts="9" />
              </test-suite>
              <test-case id="0-4214" name="ExplicitMatchTest" fullname="NUnit.Framework.Internal.Filters.OrFilterTests.ExplicitMatchTest" methodname="ExplicitMatchTest" classname="NUnit.Framework.Internal.Filters.OrFilterTests" runstate="Runnable" seed="575085260" result="Passed" start-time="2017-02-21 11:04:47Z" end-time="2017-02-21 11:04:47Z" duration="0.000398" asserts="6" />
              <test-case id="0-4211" name="IsNotEmpty" fullname="NUnit.Framework.Internal.Filters.OrFilterTests.IsNotEmpty" methodname="IsNotEmpty" classname="NUnit.Framework.Internal.Filters.OrFilterTests" runstate="Runnable" seed="1743756376" result="Passed" start-time="2017-02-21 11:04:47Z" end-time="2017-02-21 11:04:47Z" duration="0.000246" asserts="1" />
              <test-case id="0-4212" name="MatchTest" fullname="NUnit.Framework.Internal.Filters.OrFilterTests.MatchTest" methodname="MatchTest" classname="NUnit.Framework.Internal.Filters.OrFilterTests" runstate="Runnable" seed="332387298" result="Passed" start-time="2017-02-21 11:04:47Z" end-time="2017-02-21 11:04:47Z" duration="0.000506" asserts="3" />
              <test-case id="0-4213" name="PassTest" fullname="NUnit.Framework.Internal.Filters.OrFilterTests.PassTest" methodname="PassTest" classname="NUnit.Framework.Internal.Filters.OrFilterTests" runstate="Runnable" seed="2075988593" result="Passed" start-time="2017-02-21 11:04:47Z" end-time="2017-02-21 11:04:47Z" duration="0.000283" asserts="6" />
            </test-suite>
            <test-suite type="TestFixture" id="0-4240" name="TestFilterTests+DummyFixture" fullname="NUnit.Framework.Internal.Filters.TestFilterTests+DummyFixture" classname="NUnit.Framework.Internal.Filters.TestFilterTests+DummyFixture" runstate="Runnable" testcasecount="1" result="Passed" start-time="2017-02-21 11:04:47Z" end-time="2017-02-21 11:04:47Z" duration="0.003786" total="1" passed="1" failed="0" warnings="0" inconclusive="0" skipped="0" asserts="0">
              <properties>
                <property name="Category" value="Dummy" />
                <property name="Priority" value="High" />
                <property name="Author" value="Charlie Poole" />
              </properties>
              <test-case id="0-4241" name="Test" fullname="NUnit.Framework.Internal.Filters.TestFilterTests+DummyFixture.Test" methodname="Test" classname="NUnit.Framework.Internal.Filters.TestFilterTests+DummyFixture" runstate="Runnable" seed="1809277497" result="Passed" start-time="2017-02-21 11:04:47Z" end-time="2017-02-21 11:04:47Z" duration="0.000800" asserts="0" />
            </test-suite>
            <test-suite type="TestFixture" id="0-4244" name="TestFilterTests+FixtureWithMultipleTests" fullname="NUnit.Framework.Internal.Filters.TestFilterTests+FixtureWithMultipleTests" classname="NUnit.Framework.Internal.Filters.TestFilterTests+FixtureWithMultipleTests" runstate="Runnable" testcasecount="2" result="Passed" start-time="2017-02-21 11:04:47Z" end-time="2017-02-21 11:04:47Z" duration="0.008366" total="2" passed="2" failed="0" warnings="0" inconclusive="0" skipped="0" asserts="0">
              <test-case id="0-4245" name="Test1" fullname="NUnit.Framework.Internal.Filters.TestFilterTests+FixtureWithMultipleTests.Test1" methodname="Test1" classname="NUnit.Framework.Internal.Filters.TestFilterTests+FixtureWithMultipleTests" runstate="Runnable" seed="893447875" result="Passed" start-time="2017-02-21 11:04:47Z" end-time="2017-02-21 11:04:47Z" duration="0.000112" asserts="0" />
              <test-case id="0-4246" name="Test2" fullname="NUnit.Framework.Internal.Filters.TestFilterTests+FixtureWithMultipleTests.Test2" methodname="Test2" classname="NUnit.Framework.Internal.Filters.TestFilterTests+FixtureWithMultipleTests" runstate="Runnable" seed="1995542651" result="Passed" start-time="2017-02-21 11:04:47Z" end-time="2017-02-21 11:04:47Z" duration="0.000413" asserts="0">
                <properties>
                  <property name="Category" value="Dummy" />
                </properties>
              </test-case>
            </test-suite>
            <test-suite type="ParameterizedFixture" id="0-4282" name="TestNameFilterTests" fullname="NUnit.Framework.Internal.Filters.TestNameFilterTests" runstate="Runnable" testcasecount="6" result="Passed" start-time="2017-02-21 11:04:43Z" end-time="2017-02-21 11:04:47Z" duration="4.276465" total="6" passed="6" failed="0" warnings="0" inconclusive="0" skipped="0" asserts="14">
              <test-suite type="TestFixture" id="0-4278" name="TestNameFilterTests(&quot;Dummy&quot;,True)" fullname="NUnit.Framework.Internal.Filters.TestNameFilterTests(&quot;Dummy&quot;,True)" classname="NUnit.Framework.Internal.Filters.TestNameFilterTests" runstate="Runnable" testcasecount="3" result="Passed" start-time="2017-02-21 11:04:47Z" end-time="2017-02-21 11:04:47Z" duration="0.013904" total="3" passed="3" failed="0" warnings="0" inconclusive="0" skipped="0" asserts="7">
                <test-case id="0-4279" name="IsNotEmpty" fullname="NUnit.Framework.Internal.Filters.TestNameFilterTests(&quot;Dummy&quot;,True).IsNotEmpty" methodname="IsNotEmpty" classname="NUnit.Framework.Internal.Filters.TestNameFilterTests" runstate="Runnable" seed="1163695092" result="Passed" start-time="2017-02-21 11:04:47Z" end-time="2017-02-21 11:04:47Z" duration="0.000263" asserts="1" />
                <test-case id="0-4280" name="MatchTest" fullname="NUnit.Framework.Internal.Filters.TestNameFilterTests(&quot;Dummy&quot;,True).MatchTest" methodname="MatchTest" classname="NUnit.Framework.Internal.Filters.TestNameFilterTests" runstate="Runnable" seed="1796067255" result="Passed" start-time="2017-02-21 11:04:47Z" end-time="2017-02-21 11:04:47Z" duration="0.000227" asserts="2" />
                <test-case id="0-4281" name="PassTest" fullname="NUnit.Framework.Internal.Filters.TestNameFilterTests(&quot;Dummy&quot;,True).PassTest" methodname="PassTest" classname="NUnit.Framework.Internal.Filters.TestNameFilterTests" runstate="Runnable" seed="1684475141" result="Passed" start-time="2017-02-21 11:04:47Z" end-time="2017-02-21 11:04:47Z" duration="0.000170" asserts="4" />
              </test-suite>
              <test-suite type="TestFixture" id="0-4274" name="TestNameFilterTests(&quot;TestFilterTests+DummyFixture&quot;,False)" fullname="NUnit.Framework.Internal.Filters.TestNameFilterTests(&quot;TestFilterTests+DummyFixture&quot;,False)" classname="NUnit.Framework.Internal.Filters.TestNameFilterTests" runstate="Runnable" testcasecount="3" result="Passed" start-time="2017-02-21 11:04:47Z" end-time="2017-02-21 11:04:47Z" duration="0.012225" total="3" passed="3" failed="0" warnings="0" inconclusive="0" skipped="0" asserts="7">
                <test-case id="0-4275" name="IsNotEmpty" fullname="NUnit.Framework.Internal.Filters.TestNameFilterTests(&quot;TestFilterTests+DummyFixture&quot;,False).IsNotEmpty" methodname="IsNotEmpty" classname="NUnit.Framework.Internal.Filters.TestNameFilterTests" runstate="Runnable" seed="250564365" result="Passed" start-time="2017-02-21 11:04:47Z" end-time="2017-02-21 11:04:47Z" duration="0.001314" asserts="1" />
                <test-case id="0-4276" name="MatchTest" fullname="NUnit.Framework.Internal.Filters.TestNameFilterTests(&quot;TestFilterTests+DummyFixture&quot;,False).MatchTest" methodname="MatchTest" classname="NUnit.Framework.Internal.Filters.TestNameFilterTests" runstate="Runnable" seed="1292933747" result="Passed" start-time="2017-02-21 11:04:47Z" end-time="2017-02-21 11:04:47Z" duration="0.000081" asserts="2" />
                <test-case id="0-4277" name="PassTest" fullname="NUnit.Framework.Internal.Filters.TestNameFilterTests(&quot;TestFilterTests+DummyFixture&quot;,False).PassTest" methodname="PassTest" classname="NUnit.Framework.Internal.Filters.TestNameFilterTests" runstate="Runnable" seed="1303633057" result="Passed" start-time="2017-02-21 11:04:47Z" end-time="2017-02-21 11:04:47Z" duration="0.000035" asserts="4" />
              </test-suite>
            </test-suite>
            <test-suite type="TestFixture" id="0-4247" name="TestFilterXmlTests" fullname="NUnit.Framework.Internal.Filters.TestFilterXmlTests" classname="NUnit.Framework.Internal.Filters.TestFilterXmlTests" runstate="Runnable" testcasecount="26" result="Passed" start-time="2017-02-21 11:04:47Z" end-time="2017-02-21 11:04:47Z" duration="0.096614" total="26" passed="26" failed="0" warnings="0" inconclusive="0" skipped="0" asserts="56">
              <test-case id="0-4254" name="BuildMethodNameFilter_FromXml_Regex" fullname="NUnit.Framework.Internal.Filters.TestFilterXmlTests.BuildMethodNameFilter_FromXml_Regex" methodname="BuildMethodNameFilter_FromXml_Regex" classname="NUnit.Framework.Internal.Filters.TestFilterXmlTests" runstate="Runnable" seed="1360067725" result="Passed" start-time="2017-02-21 11:04:47Z" end-time="2017-02-21 11:04:47Z" duration="0.000344" asserts="4" />
              <test-case id="0-4264" name="CategoryFilter_FromXml" fullname="NUnit.Framework.Internal.Filters.TestFilterXmlTests.CategoryFilter_FromXml" methodname="CategoryFilter_FromXml" classname="NUnit.Framework.Internal.Filters.TestFilterXmlTests" runstate="Runnable" seed="1211879403" result="Passed" start-time="2017-02-21 11:04:47Z" end-time="2017-02-21 11:04:47Z" duration="0.000318" asserts="3" />
              <test-case id="0-4266" name="CategoryFilter_FromXml_Regex" fullname="NUnit.Framework.Internal.Filters.TestFilterXmlTests.CategoryFilter_FromXml_Regex" methodname="CategoryFilter_FromXml_Regex" classname="NUnit.Framework.Internal.Filters.TestFilterXmlTests" runstate="Runnable" seed="1524994100" result="Passed" start-time="2017-02-21 11:04:47Z" end-time="2017-02-21 11:04:47Z" duration="0.000242" asserts="3" />
              <test-case id="0-4265" name="CategoryFilter_ToXml" fullname="NUnit.Framework.Internal.Filters.TestFilterXmlTests.CategoryFilter_ToXml" methodname="CategoryFilter_ToXml" classname="NUnit.Framework.Internal.Filters.TestFilterXmlTests" runstate="Runnable" seed="1854548243" result="Passed" start-time="2017-02-21 11:04:47Z" end-time="2017-02-21 11:04:47Z" duration="0.001659" asserts="1" />
              <test-case id="0-4267" name="CategoryFilter_ToXml_Regex" fullname="NUnit.Framework.Internal.Filters.TestFilterXmlTests.CategoryFilter_ToXml_Regex" methodname="CategoryFilter_ToXml_Regex" classname="NUnit.Framework.Internal.Filters.TestFilterXmlTests" runstate="Runnable" seed="1550779670" result="Passed" start-time="2017-02-21 11:04:47Z" end-time="2017-02-21 11:04:47Z" duration="0.001703" asserts="1" />
              <test-case id="0-4248" name="ClassNameFilter_FromXml" fullname="NUnit.Framework.Internal.Filters.TestFilterXmlTests.ClassNameFilter_FromXml" methodname="ClassNameFilter_FromXml" classname="NUnit.Framework.Internal.Filters.TestFilterXmlTests" runstate="Runnable" seed="234776501" result="Passed" start-time="2017-02-21 11:04:47Z" end-time="2017-02-21 11:04:47Z" duration="0.000291" asserts="3" />
              <test-case id="0-4250" name="ClassNameFilter_FromXml_Regex" fullname="NUnit.Framework.Internal.Filters.TestFilterXmlTests.ClassNameFilter_FromXml_Regex" methodname="ClassNameFilter_FromXml_Regex" classname="NUnit.Framework.Internal.Filters.TestFilterXmlTests" runstate="Runnable" seed="2045701285" result="Passed" start-time="2017-02-21 11:04:47Z" end-time="2017-02-21 11:04:47Z" duration="0.000249" asserts="3" />
              <test-case id="0-4249" name="ClassNameFilter_ToXml" fullname="NUnit.Framework.Internal.Filters.TestFilterXmlTests.ClassNameFilter_ToXml" methodname="ClassNameFilter_ToXml" classname="NUnit.Framework.Internal.Filters.TestFilterXmlTests" runstate="Runnable" seed="1665079402" result="Passed" start-time="2017-02-21 11:04:47Z" end-time="2017-02-21 11:04:47Z" duration="0.000266" asserts="1" />
              <test-case id="0-4251" name="ClassNameFilter_ToXml_Regex" fullname="NUnit.Framework.Internal.Filters.TestFilterXmlTests.ClassNameFilter_ToXml_Regex" methodname="ClassNameFilter_ToXml_Regex" classname="NUnit.Framework.Internal.Filters.TestFilterXmlTests" runstate="Runnable" seed="528557476" result="Passed" start-time="2017-02-21 11:04:47Z" end-time="2017-02-21 11:04:47Z" duration="0.000397" asserts="1" />
              <test-case id="0-4260" name="FullNameFilter_FromXml" fullname="NUnit.Framework.Internal.Filters.TestFilterXmlTests.FullNameFilter_FromXml" methodname="FullNameFilter_FromXml" classname="NUnit.Framework.Internal.Filters.TestFilterXmlTests" runstate="Runnable" seed="364966955" result="Passed" start-time="2017-02-21 11:04:47Z" end-time="2017-02-21 11:04:47Z" duration="0.000583" asserts="3" />
              <test-case id="0-4262" name="FullNameFilter_FromXml_Regex" fullname="NUnit.Framework.Internal.Filters.TestFilterXmlTests.FullNameFilter_FromXml_Regex" methodname="FullNameFilter_FromXml_Regex" classname="NUnit.Framework.Internal.Filters.TestFilterXmlTests" runstate="Runnable" seed="944226689" result="Passed" start-time="2017-02-21 11:04:47Z" end-time="2017-02-21 11:04:47Z" duration="0.000417" asserts="3" />
              <test-case id="0-4261" name="FullNameFilter_ToXml" fullname="NUnit.Framework.Internal.Filters.TestFilterXmlTests.FullNameFilter_ToXml" methodname="FullNameFilter_ToXml" classname="NUnit.Framework.Internal.Filters.TestFilterXmlTests" runstate="Runnable" seed="139974774" result="Passed" start-time="2017-02-21 11:04:47Z" end-time="2017-02-21 11:04:47Z" duration="0.000233" asserts="1" />
              <test-case id="0-4263" name="FullNameFilter_ToXml_Regex" fullname="NUnit.Framework.Internal.Filters.TestFilterXmlTests.FullNameFilter_ToXml_Regex" methodname="FullNameFilter_ToXml_Regex" classname="NUnit.Framework.Internal.Filters.TestFilterXmlTests" runstate="Runnable" seed="520263727" result="Passed" start-time="2017-02-21 11:04:47Z" end-time="2017-02-21 11:04:47Z" duration="0.000194" asserts="1" />
              <test-case id="0-4272" name="IdFilter_FromXml" fullname="NUnit.Framework.Internal.Filters.TestFilterXmlTests.IdFilter_FromXml" methodname="IdFilter_FromXml" classname="NUnit.Framework.Internal.Filters.TestFilterXmlTests" runstate="Runnable" seed="1942469010" result="Passed" start-time="2017-02-21 11:04:47Z" end-time="2017-02-21 11:04:47Z" duration="0.000292" asserts="3" />
              <test-case id="0-4273" name="IdFilter_ToXml" fullname="NUnit.Framework.Internal.Filters.TestFilterXmlTests.IdFilter_ToXml" methodname="IdFilter_ToXml" classname="NUnit.Framework.Internal.Filters.TestFilterXmlTests" runstate="Runnable" seed="869573650" result="Passed" start-time="2017-02-21 11:04:47Z" end-time="2017-02-21 11:04:47Z" duration="0.000213" asserts="1" />
              <test-case id="0-4252" name="MethodNameFilter_FromXml" fullname="NUnit.Framework.Internal.Filters.TestFilterXmlTests.MethodNameFilter_FromXml" methodname="MethodNameFilter_FromXml" classname="NUnit.Framework.Internal.Filters.TestFilterXmlTests" runstate="Runnable" seed="1285996065" result="Passed" start-time="2017-02-21 11:04:47Z" end-time="2017-02-21 11:04:47Z" duration="0.000266" asserts="4" />
              <test-case id="0-4253" name="MethodNameFilter_ToXml" fullname="NUnit.Framework.Internal.Filters.TestFilterXmlTests.MethodNameFilter_ToXml" methodname="MethodNameFilter_ToXml" classname="NUnit.Framework.Internal.Filters.TestFilterXmlTests" runstate="Runnable" seed="309773444" result="Passed" start-time="2017-02-21 11:04:47Z" end-time="2017-02-21 11:04:47Z" duration="0.000249" asserts="1" />
              <test-case id="0-4255" name="MethodNameFilter_ToXml_Regex" fullname="NUnit.Framework.Internal.Filters.TestFilterXmlTests.MethodNameFilter_ToXml_Regex" methodname="MethodNameFilter_ToXml_Regex" classname="NUnit.Framework.Internal.Filters.TestFilterXmlTests" runstate="Runnable" seed="689102414" result="Passed" start-time="2017-02-21 11:04:47Z" end-time="2017-02-21 11:04:47Z" duration="0.000769" asserts="1" />
              <test-case id="0-4268" name="PropertyFilter_FromXml" fullname="NUnit.Framework.Internal.Filters.TestFilterXmlTests.PropertyFilter_FromXml" methodname="PropertyFilter_FromXml" classname="NUnit.Framework.Internal.Filters.TestFilterXmlTests" runstate="Runnable" seed="1665941330" result="Passed" start-time="2017-02-21 11:04:47Z" end-time="2017-02-21 11:04:47Z" duration="0.000460" asserts="4" />
              <test-case id="0-4270" name="PropertyFilter_FromXml_Regex" fullname="NUnit.Framework.Internal.Filters.TestFilterXmlTests.PropertyFilter_FromXml_Regex" methodname="PropertyFilter_FromXml_Regex" classname="NUnit.Framework.Internal.Filters.TestFilterXmlTests" runstate="Runnable" seed="1728192435" result="Passed" start-time="2017-02-21 11:04:47Z" end-time="2017-02-21 11:04:47Z" duration="0.000730" asserts="4" />
              <test-case id="0-4269" name="PropertyFilter_ToXml" fullname="NUnit.Framework.Internal.Filters.TestFilterXmlTests.PropertyFilter_ToXml" methodname="PropertyFilter_ToXml" classname="NUnit.Framework.Internal.Filters.TestFilterXmlTests" runstate="Runnable" seed="523751568" result="Passed" start-time="2017-02-21 11:04:47Z" end-time="2017-02-21 11:04:47Z" duration="0.000591" asserts="1" />
              <test-case id="0-4271" name="PropertyFilter_ToXml_Regex" fullname="NUnit.Framework.Internal.Filters.TestFilterXmlTests.PropertyFilter_ToXml_Regex" methodname="PropertyFilter_ToXml_Regex" classname="NUnit.Framework.Internal.Filters.TestFilterXmlTests" runstate="Runnable" seed="1270810444" result="Passed" start-time="2017-02-21 11:04:47Z" end-time="2017-02-21 11:04:47Z" duration="0.000340" asserts="1" />
              <test-case id="0-4256" name="TestNameFilter_FromXml" fullname="NUnit.Framework.Internal.Filters.TestFilterXmlTests.TestNameFilter_FromXml" methodname="TestNameFilter_FromXml" classname="NUnit.Framework.Internal.Filters.TestFilterXmlTests" runstate="Runnable" seed="1676678830" result="Passed" start-time="2017-02-21 11:04:47Z" end-time="2017-02-21 11:04:47Z" duration="0.000333" asserts="3" />
              <test-case id="0-4258" name="TestNameFilter_FromXml_Regex" fullname="NUnit.Framework.Internal.Filters.TestFilterXmlTests.TestNameFilter_FromXml_Regex" methodname="TestNameFilter_FromXml_Regex" classname="NUnit.Framework.Internal.Filters.TestFilterXmlTests" runstate="Runnable" seed="455235062" result="Passed" start-time="2017-02-21 11:04:47Z" end-time="2017-02-21 11:04:47Z" duration="0.000320" asserts="3" />
              <test-case id="0-4257" name="TestNameFilter_ToXml" fullname="NUnit.Framework.Internal.Filters.TestFilterXmlTests.TestNameFilter_ToXml" methodname="TestNameFilter_ToXml" classname="NUnit.Framework.Internal.Filters.TestFilterXmlTests" runstate="Runnable" seed="2118490231" result="Passed" start-time="2017-02-21 11:04:47Z" end-time="2017-02-21 11:04:47Z" duration="0.000305" asserts="1" />
              <test-case id="0-4259" name="TestNameFilter_ToXml_Regex" fullname="NUnit.Framework.Internal.Filters.TestFilterXmlTests.TestNameFilter_ToXml_Regex" methodname="TestNameFilter_ToXml_Regex" classname="NUnit.Framework.Internal.Filters.TestFilterXmlTests" runstate="Runnable" seed="1435195965" result="Passed" start-time="2017-02-21 11:04:47Z" end-time="2017-02-21 11:04:47Z" duration="0.000355" asserts="1" />
            </test-suite>
          </test-suite>
          <test-suite type="TestFixture" id="0-4283" name="GenericMethodHelperTests" fullname="NUnit.Framework.Internal.GenericMethodHelperTests" classname="NUnit.Framework.Internal.GenericMethodHelperTests" runstate="Runnable" testcasecount="23" result="Passed" start-time="2017-02-21 11:04:47Z" end-time="2017-02-21 11:04:47Z" duration="0.073245" total="23" passed="23" failed="0" warnings="0" inconclusive="0" skipped="0" asserts="23">
            <test-suite type="ParameterizedMethod" id="0-4307" name="GetTypeArgumentsForMethodTests" fullname="NUnit.Framework.Internal.GenericMethodHelperTests.GetTypeArgumentsForMethodTests" classname="NUnit.Framework.Internal.GenericMethodHelperTests" runstate="Runnable" testcasecount="23" result="Passed" start-time="2017-02-21 11:04:47Z" end-time="2017-02-21 11:04:47Z" duration="0.070172" total="23" passed="23" failed="0" warnings="0" inconclusive="0" skipped="0" asserts="23">
              <test-case id="0-4284" name="GetTypeArgumentsForMethodTests(&quot;MethodWithOneTypeAndOneParameter&quot;,System.Object[],System.Type[])" fullname="NUnit.Framework.Internal.GenericMethodHelperTests.GetTypeArgumentsForMethodTests(&quot;MethodWithOneTypeAndOneParameter&quot;,System.Object[],System.Type[])" methodname="GetTypeArgumentsForMethodTests" classname="NUnit.Framework.Internal.GenericMethodHelperTests" runstate="Runnable" seed="54202211" result="Passed" start-time="2017-02-21 11:04:47Z" end-time="2017-02-21 11:04:47Z" duration="0.000361" asserts="1" />
              <test-case id="0-4285" name="GetTypeArgumentsForMethodTests(&quot;MethodWithOneTypeAndTwoParameters&quot;,System.Object[],System.Type[])" fullname="NUnit.Framework.Internal.GenericMethodHelperTests.GetTypeArgumentsForMethodTests(&quot;MethodWithOneTypeAndTwoParameters&quot;,System.Object[],System.Type[])" methodname="GetTypeArgumentsForMethodTests" classname="NUnit.Framework.Internal.GenericMethodHelperTests" runstate="Runnable" seed="1989901583" result="Passed" start-time="2017-02-21 11:04:47Z" end-time="2017-02-21 11:04:47Z" duration="0.000081" asserts="1" />
              <test-case id="0-4286" name="GetTypeArgumentsForMethodTests(&quot;MethodWithOneTypeAndTwoParameters&quot;,System.Object[],System.Type[])" fullname="NUnit.Framework.Internal.GenericMethodHelperTests.GetTypeArgumentsForMethodTests(&quot;MethodWithOneTypeAndTwoParameters&quot;,System.Object[],System.Type[])" methodname="GetTypeArgumentsForMethodTests" classname="NUnit.Framework.Internal.GenericMethodHelperTests" runstate="Runnable" seed="119720468" result="Passed" start-time="2017-02-21 11:04:47Z" end-time="2017-02-21 11:04:47Z" duration="0.000085" asserts="1" />
              <test-case id="0-4287" name="GetTypeArgumentsForMethodTests(&quot;MethodWithOneTypeAndTwoParameters&quot;,System.Object[],System.Type[])" fullname="NUnit.Framework.Internal.GenericMethodHelperTests.GetTypeArgumentsForMethodTests(&quot;MethodWithOneTypeAndTwoParameters&quot;,System.Object[],System.Type[])" methodname="GetTypeArgumentsForMethodTests" classname="NUnit.Framework.Internal.GenericMethodHelperTests" runstate="Runnable" seed="1985678491" result="Passed" start-time="2017-02-21 11:04:47Z" end-time="2017-02-21 11:04:47Z" duration="0.000084" asserts="1" />
              <test-case id="0-4288" name="GetTypeArgumentsForMethodTests(&quot;MethodWithOneTypeAndTwoParameters&quot;,System.Object[],System.Type[])" fullname="NUnit.Framework.Internal.GenericMethodHelperTests.GetTypeArgumentsForMethodTests(&quot;MethodWithOneTypeAndTwoParameters&quot;,System.Object[],System.Type[])" methodname="GetTypeArgumentsForMethodTests" classname="NUnit.Framework.Internal.GenericMethodHelperTests" runstate="Runnable" seed="532030794" result="Passed" start-time="2017-02-21 11:04:47Z" end-time="2017-02-21 11:04:47Z" duration="0.000126" asserts="1" />
              <test-case id="0-4289" name="GetTypeArgumentsForMethodTests(&quot;MethodWithOneTypeAndThreeParameters&quot;,System.Object[],System.Type[])" fullname="NUnit.Framework.Internal.GenericMethodHelperTests.GetTypeArgumentsForMethodTests(&quot;MethodWithOneTypeAndThreeParameters&quot;,System.Object[],System.Type[])" methodname="GetTypeArgumentsForMethodTests" classname="NUnit.Framework.Internal.GenericMethodHelperTests" runstate="Runnable" seed="1500502512" result="Passed" start-time="2017-02-21 11:04:47Z" end-time="2017-02-21 11:04:47Z" duration="0.000115" asserts="1" />
              <test-case id="0-4290" name="GetTypeArgumentsForMethodTests(&quot;MethodWithTwoTypesAndTwoParameters&quot;,System.Object[],System.Type[])" fullname="NUnit.Framework.Internal.GenericMethodHelperTests.GetTypeArgumentsForMethodTests(&quot;MethodWithTwoTypesAndTwoParameters&quot;,System.Object[],System.Type[])" methodname="GetTypeArgumentsForMethodTests" classname="NUnit.Framework.Internal.GenericMethodHelperTests" runstate="Runnable" seed="943322909" result="Passed" start-time="2017-02-21 11:04:47Z" end-time="2017-02-21 11:04:47Z" duration="0.000113" asserts="1" />
              <test-case id="0-4291" name="GetTypeArgumentsForMethodTests(&quot;MethodWithTwoTypesAndTwoParameters_Reversed&quot;,System.Object[],System.Type[])" fullname="NUnit.Framework.Internal.GenericMethodHelperTests.GetTypeArgumentsForMethodTests(&quot;MethodWithTwoTypesAndTwoParameters_Reversed&quot;,System.Object[],System.Type[])" methodname="GetTypeArgumentsForMethodTests" classname="NUnit.Framework.Internal.GenericMethodHelperTests" runstate="Runnable" seed="2121750619" result="Passed" start-time="2017-02-21 11:04:47Z" end-time="2017-02-21 11:04:47Z" duration="0.000073" asserts="1" />
              <test-case id="0-4292" name="GetTypeArgumentsForMethodTests(&quot;MethodWithTwoTypesAndThreeParameters&quot;,System.Object[],System.Type[])" fullname="NUnit.Framework.Internal.GenericMethodHelperTests.GetTypeArgumentsForMethodTests(&quot;MethodWithTwoTypesAndThreeParameters&quot;,System.Object[],System.Type[])" methodname="GetTypeArgumentsForMethodTests" classname="NUnit.Framework.Internal.GenericMethodHelperTests" runstate="Runnable" seed="1678191510" result="Passed" start-time="2017-02-21 11:04:47Z" end-time="2017-02-21 11:04:47Z" duration="0.000048" asserts="1" />
              <test-case id="0-4293" name="GetTypeArgumentsForMethodTests(&quot;MethodWithTwoTypesAndFourParameters&quot;,System.Object[],System.Type[])" fullname="NUnit.Framework.Internal.GenericMethodHelperTests.GetTypeArgumentsForMethodTests(&quot;MethodWithTwoTypesAndFourParameters&quot;,System.Object[],System.Type[])" methodname="GetTypeArgumentsForMethodTests" classname="NUnit.Framework.Internal.GenericMethodHelperTests" runstate="Runnable" seed="1992319238" result="Passed" start-time="2017-02-21 11:04:47Z" end-time="2017-02-21 11:04:47Z" duration="0.000046" asserts="1" />
              <test-case id="0-4294" name="GetTypeArgumentsForMethodTests(&quot;MethodWithThreeTypes_Order123&quot;,System.Object[],System.Type[])" fullname="NUnit.Framework.Internal.GenericMethodHelperTests.GetTypeArgumentsForMethodTests(&quot;MethodWithThreeTypes_Order123&quot;,System.Object[],System.Type[])" methodname="GetTypeArgumentsForMethodTests" classname="NUnit.Framework.Internal.GenericMethodHelperTests" runstate="Runnable" seed="1894512346" result="Passed" start-time="2017-02-21 11:04:47Z" end-time="2017-02-21 11:04:47Z" duration="0.000364" asserts="1" />
              <test-case id="0-4295" name="GetTypeArgumentsForMethodTests(&quot;MethodWithThreeTypes_Order132&quot;,System.Object[],System.Type[])" fullname="NUnit.Framework.Internal.GenericMethodHelperTests.GetTypeArgumentsForMethodTests(&quot;MethodWithThreeTypes_Order132&quot;,System.Object[],System.Type[])" methodname="GetTypeArgumentsForMethodTests" classname="NUnit.Framework.Internal.GenericMethodHelperTests" runstate="Runnable" seed="1417618039" result="Passed" start-time="2017-02-21 11:04:47Z" end-time="2017-02-21 11:04:47Z" duration="0.000056" asserts="1" />
              <test-case id="0-4296" name="GetTypeArgumentsForMethodTests(&quot;MethodWithThreeTypes_Order321&quot;,System.Object[],System.Type[])" fullname="NUnit.Framework.Internal.GenericMethodHelperTests.GetTypeArgumentsForMethodTests(&quot;MethodWithThreeTypes_Order321&quot;,System.Object[],System.Type[])" methodname="GetTypeArgumentsForMethodTests" classname="NUnit.Framework.Internal.GenericMethodHelperTests" runstate="Runnable" seed="1237334956" result="Passed" start-time="2017-02-21 11:04:47Z" end-time="2017-02-21 11:04:47Z" duration="0.000052" asserts="1" />
              <test-case id="0-4297" name="GetTypeArgumentsForMethodTests(&quot;MethodWithThreeTypes_Order213&quot;,System.Object[],System.Type[])" fullname="NUnit.Framework.Internal.GenericMethodHelperTests.GetTypeArgumentsForMethodTests(&quot;MethodWithThreeTypes_Order213&quot;,System.Object[],System.Type[])" methodname="GetTypeArgumentsForMethodTests" classname="NUnit.Framework.Internal.GenericMethodHelperTests" runstate="Runnable" seed="1281527400" result="Passed" start-time="2017-02-21 11:04:47Z" end-time="2017-02-21 11:04:47Z" duration="0.000055" asserts="1" />
              <test-case id="0-4298" name="GetTypeArgumentsForMethodTests(&quot;MethodWithOneTypeAndOneParameter&quot;,System.Object[],System.Type[])" fullname="NUnit.Framework.Internal.GenericMethodHelperTests.GetTypeArgumentsForMethodTests(&quot;MethodWithOneTypeAndOneParameter&quot;,System.Object[],System.Type[])" methodname="GetTypeArgumentsForMethodTests" classname="NUnit.Framework.Internal.GenericMethodHelperTests" runstate="Runnable" seed="277693647" result="Passed" start-time="2017-02-21 11:04:47Z" end-time="2017-02-21 11:04:47Z" duration="0.000410" asserts="1" />
              <test-case id="0-4299" name="GetTypeArgumentsForMethodTests(&quot;MethodWithGenericListOfType&quot;,System.Object[],System.Type[])" fullname="NUnit.Framework.Internal.GenericMethodHelperTests.GetTypeArgumentsForMethodTests(&quot;MethodWithGenericListOfType&quot;,System.Object[],System.Type[])" methodname="GetTypeArgumentsForMethodTests" classname="NUnit.Framework.Internal.GenericMethodHelperTests" runstate="Runnable" seed="63366963" result="Passed" start-time="2017-02-21 11:04:47Z" end-time="2017-02-21 11:04:47Z" duration="0.000539" asserts="1" />
              <test-case id="0-4300" name="GetTypeArgumentsForMethodTests(&quot;MethodWithGenericListOfType&quot;,System.Object[],System.Type[])" fullname="NUnit.Framework.Internal.GenericMethodHelperTests.GetTypeArgumentsForMethodTests(&quot;MethodWithGenericListOfType&quot;,System.Object[],System.Type[])" methodname="GetTypeArgumentsForMethodTests" classname="NUnit.Framework.Internal.GenericMethodHelperTests" runstate="Runnable" seed="379181465" result="Passed" start-time="2017-02-21 11:04:47Z" end-time="2017-02-21 11:04:47Z" duration="0.000077" asserts="1" />
              <test-case id="0-4301" name="GetTypeArgumentsForMethodTests(&quot;MethodWithGenericListOfLists&quot;,System.Object[],System.Type[])" fullname="NUnit.Framework.Internal.GenericMethodHelperTests.GetTypeArgumentsForMethodTests(&quot;MethodWithGenericListOfLists&quot;,System.Object[],System.Type[])" methodname="GetTypeArgumentsForMethodTests" classname="NUnit.Framework.Internal.GenericMethodHelperTests" runstate="Runnable" seed="1834376868" result="Passed" start-time="2017-02-21 11:04:47Z" end-time="2017-02-21 11:04:47Z" duration="0.000156" asserts="1" />
              <test-case id="0-4302" name="GetTypeArgumentsForMethodTests(&quot;MethodWithGenericEnumerableOfType&quot;,System.Object[],System.Type[])" fullname="NUnit.Framework.Internal.GenericMethodHelperTests.GetTypeArgumentsForMethodTests(&quot;MethodWithGenericEnumerableOfType&quot;,System.Object[],System.Type[])" methodname="GetTypeArgumentsForMethodTests" classname="NUnit.Framework.Internal.GenericMethodHelperTests" runstate="Runnable" seed="423069950" result="Passed" start-time="2017-02-21 11:04:47Z" end-time="2017-02-21 11:04:47Z" duration="0.000079" asserts="1" />
              <test-case id="0-4303" name="GetTypeArgumentsForMethodTests(&quot;MethodWithGenericEnumerableOfType&quot;,System.Object[],System.Type[])" fullname="NUnit.Framework.Internal.GenericMethodHelperTests.GetTypeArgumentsForMethodTests(&quot;MethodWithGenericEnumerableOfType&quot;,System.Object[],System.Type[])" methodname="GetTypeArgumentsForMethodTests" classname="NUnit.Framework.Internal.GenericMethodHelperTests" runstate="Runnable" seed="285556307" result="Passed" start-time="2017-02-21 11:04:47Z" end-time="2017-02-21 11:04:47Z" duration="0.000045" asserts="1" />
              <test-case id="0-4304" name="GetTypeArgumentsForMethodTests(&quot;MethodWithGenericEnumerableOfTypeAsSecondArg&quot;,System.Object[],System.Type[])" fullname="NUnit.Framework.Internal.GenericMethodHelperTests.GetTypeArgumentsForMethodTests(&quot;MethodWithGenericEnumerableOfTypeAsSecondArg&quot;,System.Object[],System.Type[])" methodname="GetTypeArgumentsForMethodTests" classname="NUnit.Framework.Internal.GenericMethodHelperTests" runstate="Runnable" seed="1434696275" result="Passed" start-time="2017-02-21 11:04:47Z" end-time="2017-02-21 11:04:47Z" duration="0.000047" asserts="1" />
              <test-case id="0-4305" name="GetTypeArgumentsForMethodTests(&quot;MethodTakingDictionary&quot;,System.Object[],System.Type[])" fullname="NUnit.Framework.Internal.GenericMethodHelperTests.GetTypeArgumentsForMethodTests(&quot;MethodTakingDictionary&quot;,System.Object[],System.Type[])" methodname="GetTypeArgumentsForMethodTests" classname="NUnit.Framework.Internal.GenericMethodHelperTests" runstate="Runnable" seed="1625561623" result="Passed" start-time="2017-02-21 11:04:47Z" end-time="2017-02-21 11:04:47Z" duration="0.000091" asserts="1" />
              <test-case id="0-4306" name="GetTypeArgumentsForMethodTests(&quot;MethodWithNestedTypes&quot;,System.Object[],System.Type[])" fullname="NUnit.Framework.Internal.GenericMethodHelperTests.GetTypeArgumentsForMethodTests(&quot;MethodWithNestedTypes&quot;,System.Object[],System.Type[])" methodname="GetTypeArgumentsForMethodTests" classname="NUnit.Framework.Internal.GenericMethodHelperTests" runstate="Runnable" seed="533145566" result="Passed" start-time="2017-02-21 11:04:47Z" end-time="2017-02-21 11:04:47Z" duration="0.000209" asserts="1" />
            </test-suite>
          </test-suite>
          <test-suite type="TestFixture" id="0-4359" name="NUnitTestCaseBuilderTests" fullname="NUnit.Framework.Internal.NUnitTestCaseBuilderTests" classname="NUnit.Framework.Internal.NUnitTestCaseBuilderTests" runstate="Runnable" testcasecount="23" result="Passed" start-time="2017-02-21 11:04:47Z" end-time="2017-02-21 11:04:47Z" duration="0.079554" total="23" passed="23" failed="0" warnings="0" inconclusive="0" skipped="0" asserts="46">
            <test-suite type="ParameterizedMethod" id="0-4376" name="AsyncTestCases" fullname="NUnit.Framework.Internal.NUnitTestCaseBuilderTests.AsyncTestCases" classname="NUnit.Framework.Internal.NUnitTestCaseBuilderTests" runstate="Runnable" testcasecount="10" result="Passed" start-time="2017-02-21 11:04:47Z" end-time="2017-02-21 11:04:47Z" duration="0.031978" total="10" passed="10" failed="0" warnings="0" inconclusive="0" skipped="0" asserts="20">
              <test-case id="0-4366" name="AsyncTestCases(&quot;AsyncVoidTestCase&quot;,NotRunnable)" fullname="NUnit.Framework.Internal.NUnitTestCaseBuilderTests.AsyncTestCases(&quot;AsyncVoidTestCase&quot;,NotRunnable)" methodname="AsyncTestCases" classname="NUnit.Framework.Internal.NUnitTestCaseBuilderTests" runstate="Runnable" seed="1117985620" result="Passed" start-time="2017-02-21 11:04:47Z" end-time="2017-02-21 11:04:47Z" duration="0.000674" asserts="2" />
              <test-case id="0-4367" name="AsyncTestCases(&quot;AsyncVoidTestCaseWithExpectedResult&quot;,NotRunnable)" fullname="NUnit.Framework.Internal.NUnitTestCaseBuilderTests.AsyncTestCases(&quot;AsyncVoidTestCaseWithExpectedResult&quot;,NotRunnable)" methodname="AsyncTestCases" classname="NUnit.Framework.Internal.NUnitTestCaseBuilderTests" runstate="Runnable" seed="25749781" result="Passed" start-time="2017-02-21 11:04:47Z" end-time="2017-02-21 11:04:47Z" duration="0.001070" asserts="2" />
              <test-case id="0-4368" name="AsyncTestCases(&quot;AsyncTaskTestCase&quot;,Runnable)" fullname="NUnit.Framework.Internal.NUnitTestCaseBuilderTests.AsyncTestCases(&quot;AsyncTaskTestCase&quot;,Runnable)" methodname="AsyncTestCases" classname="NUnit.Framework.Internal.NUnitTestCaseBuilderTests" runstate="Runnable" seed="2106332013" result="Passed" start-time="2017-02-21 11:04:47Z" end-time="2017-02-21 11:04:47Z" duration="0.000553" asserts="2" />
              <test-case id="0-4369" name="AsyncTestCases(&quot;AsyncTaskTestCaseWithExpectedResult&quot;,NotRunnable)" fullname="NUnit.Framework.Internal.NUnitTestCaseBuilderTests.AsyncTestCases(&quot;AsyncTaskTestCaseWithExpectedResult&quot;,NotRunnable)" methodname="AsyncTestCases" classname="NUnit.Framework.Internal.NUnitTestCaseBuilderTests" runstate="Runnable" seed="2092386745" result="Passed" start-time="2017-02-21 11:04:47Z" end-time="2017-02-21 11:04:47Z" duration="0.000338" asserts="2" />
              <test-case id="0-4370" name="AsyncTestCases(&quot;AsyncGenericTaskTestCase&quot;,NotRunnable)" fullname="NUnit.Framework.Internal.NUnitTestCaseBuilderTests.AsyncTestCases(&quot;AsyncGenericTaskTestCase&quot;,NotRunnable)" methodname="AsyncTestCases" classname="NUnit.Framework.Internal.NUnitTestCaseBuilderTests" runstate="Runnable" seed="945504320" result="Passed" start-time="2017-02-21 11:04:47Z" end-time="2017-02-21 11:04:47Z" duration="0.000446" asserts="2" />
              <test-case id="0-4371" name="AsyncTestCases(&quot;AsyncGenericTaskTestCaseWithExpectedResult&quot;,Runnable)" fullname="NUnit.Framework.Internal.NUnitTestCaseBuilderTests.AsyncTestCases(&quot;AsyncGenericTaskTestCaseWithExpectedResult&quot;,Runnable)" methodname="AsyncTestCases" classname="NUnit.Framework.Internal.NUnitTestCaseBuilderTests" runstate="Runnable" seed="2130679556" result="Passed" start-time="2017-02-21 11:04:47Z" end-time="2017-02-21 11:04:47Z" duration="0.000313" asserts="2" />
              <test-case id="0-4372" name="AsyncTestCases(&quot;TaskTestCase&quot;,Runnable)" fullname="NUnit.Framework.Internal.NUnitTestCaseBuilderTests.AsyncTestCases(&quot;TaskTestCase&quot;,Runnable)" methodname="AsyncTestCases" classname="NUnit.Framework.Internal.NUnitTestCaseBuilderTests" runstate="Runnable" seed="1200937470" result="Passed" start-time="2017-02-21 11:04:47Z" end-time="2017-02-21 11:04:47Z" duration="0.000142" asserts="2" />
              <test-case id="0-4373" name="AsyncTestCases(&quot;TaskTestCaseWithExpectedResult&quot;,NotRunnable)" fullname="NUnit.Framework.Internal.NUnitTestCaseBuilderTests.AsyncTestCases(&quot;TaskTestCaseWithExpectedResult&quot;,NotRunnable)" methodname="AsyncTestCases" classname="NUnit.Framework.Internal.NUnitTestCaseBuilderTests" runstate="Runnable" seed="458529281" result="Passed" start-time="2017-02-21 11:04:47Z" end-time="2017-02-21 11:04:47Z" duration="0.000148" asserts="2" />
              <test-case id="0-4374" name="AsyncTestCases(&quot;GenericTaskTestCase&quot;,NotRunnable)" fullname="NUnit.Framework.Internal.NUnitTestCaseBuilderTests.AsyncTestCases(&quot;GenericTaskTestCase&quot;,NotRunnable)" methodname="AsyncTestCases" classname="NUnit.Framework.Internal.NUnitTestCaseBuilderTests" runstate="Runnable" seed="1195381481" result="Passed" start-time="2017-02-21 11:04:47Z" end-time="2017-02-21 11:04:47Z" duration="0.000157" asserts="2" />
              <test-case id="0-4375" name="AsyncTestCases(&quot;GenericTaskTestCaseWithExpectedResult&quot;,Runnable)" fullname="NUnit.Framework.Internal.NUnitTestCaseBuilderTests.AsyncTestCases(&quot;GenericTaskTestCaseWithExpectedResult&quot;,Runnable)" methodname="AsyncTestCases" classname="NUnit.Framework.Internal.NUnitTestCaseBuilderTests" runstate="Runnable" seed="1730926582" result="Passed" start-time="2017-02-21 11:04:47Z" end-time="2017-02-21 11:04:47Z" duration="0.000118" asserts="2" />
            </test-suite>
            <test-suite type="ParameterizedMethod" id="0-4365" name="AsyncTests" fullname="NUnit.Framework.Internal.NUnitTestCaseBuilderTests.AsyncTests" classname="NUnit.Framework.Internal.NUnitTestCaseBuilderTests" runstate="Runnable" testcasecount="5" result="Passed" start-time="2017-02-21 11:04:47Z" end-time="2017-02-21 11:04:47Z" duration="0.015262" total="5" passed="5" failed="0" warnings="0" inconclusive="0" skipped="0" asserts="10">
              <test-case id="0-4360" name="AsyncTests(&quot;AsyncVoid&quot;,NotRunnable)" fullname="NUnit.Framework.Internal.NUnitTestCaseBuilderTests.AsyncTests(&quot;AsyncVoid&quot;,NotRunnable)" methodname="AsyncTests" classname="NUnit.Framework.Internal.NUnitTestCaseBuilderTests" runstate="Runnable" seed="1433265983" result="Passed" start-time="2017-02-21 11:04:47Z" end-time="2017-02-21 11:04:47Z" duration="0.000355" asserts="2" />
              <test-case id="0-4361" name="AsyncTests(&quot;AsyncTask&quot;,Runnable)" fullname="NUnit.Framework.Internal.NUnitTestCaseBuilderTests.AsyncTests(&quot;AsyncTask&quot;,Runnable)" methodname="AsyncTests" classname="NUnit.Framework.Internal.NUnitTestCaseBuilderTests" runstate="Runnable" seed="1725884186" result="Passed" start-time="2017-02-21 11:04:47Z" end-time="2017-02-21 11:04:47Z" duration="0.000192" asserts="2" />
              <test-case id="0-4362" name="AsyncTests(&quot;AsyncGenericTask&quot;,NotRunnable)" fullname="NUnit.Framework.Internal.NUnitTestCaseBuilderTests.AsyncTests(&quot;AsyncGenericTask&quot;,NotRunnable)" methodname="AsyncTests" classname="NUnit.Framework.Internal.NUnitTestCaseBuilderTests" runstate="Runnable" seed="1985299651" result="Passed" start-time="2017-02-21 11:04:47Z" end-time="2017-02-21 11:04:47Z" duration="0.000144" asserts="2" />
              <test-case id="0-4363" name="AsyncTests(&quot;NonAsyncTask&quot;,Runnable)" fullname="NUnit.Framework.Internal.NUnitTestCaseBuilderTests.AsyncTests(&quot;NonAsyncTask&quot;,Runnable)" methodname="AsyncTests" classname="NUnit.Framework.Internal.NUnitTestCaseBuilderTests" runstate="Runnable" seed="1552568233" result="Passed" start-time="2017-02-21 11:04:47Z" end-time="2017-02-21 11:04:47Z" duration="0.000112" asserts="2" />
              <test-case id="0-4364" name="AsyncTests(&quot;NonAsyncGenericTask&quot;,NotRunnable)" fullname="NUnit.Framework.Internal.NUnitTestCaseBuilderTests.AsyncTests(&quot;NonAsyncGenericTask&quot;,NotRunnable)" methodname="AsyncTests" classname="NUnit.Framework.Internal.NUnitTestCaseBuilderTests" runstate="Runnable" seed="728750973" result="Passed" start-time="2017-02-21 11:04:47Z" end-time="2017-02-21 11:04:47Z" duration="0.000136" asserts="2" />
            </test-suite>
            <test-suite type="ParameterizedMethod" id="0-4385" name="ParametrizedTestCaseTests" fullname="NUnit.Framework.Internal.NUnitTestCaseBuilderTests.ParametrizedTestCaseTests" classname="NUnit.Framework.Internal.NUnitTestCaseBuilderTests" runstate="Runnable" testcasecount="8" result="Passed" start-time="2017-02-21 11:04:47Z" end-time="2017-02-21 11:04:47Z" duration="0.024631" total="8" passed="8" failed="0" warnings="0" inconclusive="0" skipped="0" asserts="16">
              <test-case id="0-4377" name="ParametrizedTestCaseTests(&quot;MethodWithOptionalParams0&quot;,NotRunnable)" fullname="NUnit.Framework.Internal.NUnitTestCaseBuilderTests.ParametrizedTestCaseTests(&quot;MethodWithOptionalParams0&quot;,NotRunnable)" methodname="ParametrizedTestCaseTests" classname="NUnit.Framework.Internal.NUnitTestCaseBuilderTests" runstate="Runnable" seed="1840015176" result="Passed" start-time="2017-02-21 11:04:47Z" end-time="2017-02-21 11:04:47Z" duration="0.000480" asserts="2" />
              <test-case id="0-4378" name="ParametrizedTestCaseTests(&quot;MethodWithOptionalParams1&quot;,Runnable)" fullname="NUnit.Framework.Internal.NUnitTestCaseBuilderTests.ParametrizedTestCaseTests(&quot;MethodWithOptionalParams1&quot;,Runnable)" methodname="ParametrizedTestCaseTests" classname="NUnit.Framework.Internal.NUnitTestCaseBuilderTests" runstate="Runnable" seed="1243947478" result="Passed" start-time="2017-02-21 11:04:47Z" end-time="2017-02-21 11:04:47Z" duration="0.000134" asserts="2" />
              <test-case id="0-4379" name="ParametrizedTestCaseTests(&quot;MethodWithOptionalParams2&quot;,Runnable)" fullname="NUnit.Framework.Internal.NUnitTestCaseBuilderTests.ParametrizedTestCaseTests(&quot;MethodWithOptionalParams2&quot;,Runnable)" methodname="ParametrizedTestCaseTests" classname="NUnit.Framework.Internal.NUnitTestCaseBuilderTests" runstate="Runnable" seed="672075210" result="Passed" start-time="2017-02-21 11:04:47Z" end-time="2017-02-21 11:04:47Z" duration="0.000147" asserts="2" />
              <test-case id="0-4380" name="ParametrizedTestCaseTests(&quot;MethodWithOptionalParams3&quot;,NotRunnable)" fullname="NUnit.Framework.Internal.NUnitTestCaseBuilderTests.ParametrizedTestCaseTests(&quot;MethodWithOptionalParams3&quot;,NotRunnable)" methodname="ParametrizedTestCaseTests" classname="NUnit.Framework.Internal.NUnitTestCaseBuilderTests" runstate="Runnable" seed="2031590136" result="Passed" start-time="2017-02-21 11:04:47Z" end-time="2017-02-21 11:04:47Z" duration="0.000206" asserts="2" />
              <test-case id="0-4381" name="ParametrizedTestCaseTests(&quot;MethodWithAllOptionalParams0&quot;,Runnable)" fullname="NUnit.Framework.Internal.NUnitTestCaseBuilderTests.ParametrizedTestCaseTests(&quot;MethodWithAllOptionalParams0&quot;,Runnable)" methodname="ParametrizedTestCaseTests" classname="NUnit.Framework.Internal.NUnitTestCaseBuilderTests" runstate="Runnable" seed="775142695" result="Passed" start-time="2017-02-21 11:04:47Z" end-time="2017-02-21 11:04:47Z" duration="0.000245" asserts="2" />
              <test-case id="0-4382" name="ParametrizedTestCaseTests(&quot;MethodWithAllOptionalParams1&quot;,Runnable)" fullname="NUnit.Framework.Internal.NUnitTestCaseBuilderTests.ParametrizedTestCaseTests(&quot;MethodWithAllOptionalParams1&quot;,Runnable)" methodname="ParametrizedTestCaseTests" classname="NUnit.Framework.Internal.NUnitTestCaseBuilderTests" runstate="Runnable" seed="599174681" result="Passed" start-time="2017-02-21 11:04:47Z" end-time="2017-02-21 11:04:47Z" duration="0.000204" asserts="2" />
              <test-case id="0-4383" name="ParametrizedTestCaseTests(&quot;MethodWithAllOptionalParams2&quot;,Runnable)" fullname="NUnit.Framework.Internal.NUnitTestCaseBuilderTests.ParametrizedTestCaseTests(&quot;MethodWithAllOptionalParams2&quot;,Runnable)" methodname="ParametrizedTestCaseTests" classname="NUnit.Framework.Internal.NUnitTestCaseBuilderTests" runstate="Runnable" seed="2097648968" result="Passed" start-time="2017-02-21 11:04:47Z" end-time="2017-02-21 11:04:47Z" duration="0.000142" asserts="2" />
              <test-case id="0-4384" name="ParametrizedTestCaseTests(&quot;MethodWithAllOptionalParams3&quot;,NotRunnable)" fullname="NUnit.Framework.Internal.NUnitTestCaseBuilderTests.ParametrizedTestCaseTests(&quot;MethodWithAllOptionalParams3&quot;,NotRunnable)" methodname="ParametrizedTestCaseTests" classname="NUnit.Framework.Internal.NUnitTestCaseBuilderTests" runstate="Runnable" seed="1565628227" result="Passed" start-time="2017-02-21 11:04:47Z" end-time="2017-02-21 11:04:47Z" duration="0.000138" asserts="2" />
            </test-suite>
          </test-suite>
          <test-suite type="TestFixture" id="0-4320" name="GenericTestMethodTests" fullname="NUnit.Framework.Internal.GenericTestMethodTests" classname="NUnit.Framework.Internal.GenericTestMethodTests" runstate="Runnable" testcasecount="31" result="Passed" start-time="2017-02-21 11:04:47Z" end-time="2017-02-21 11:04:47Z" duration="0.122187" total="31" passed="31" failed="0" warnings="0" inconclusive="0" skipped="0" asserts="76">
            <test-case id="0-4358" name="Combinatorial_IncompatibleArgsAreNotRunnable" fullname="NUnit.Framework.Internal.GenericTestMethodTests.Combinatorial_IncompatibleArgsAreNotRunnable" methodname="Combinatorial_IncompatibleArgsAreNotRunnable" classname="NUnit.Framework.Internal.GenericTestMethodTests" runstate="Runnable" seed="850586234" result="Passed" start-time="2017-02-21 11:04:47Z" end-time="2017-02-21 11:04:47Z" duration="0.001545" asserts="0" />
            <test-suite type="GenericMethod" id="0-4352" name="Combinatorial_OneTypeParameterOnTwoArgs" fullname="NUnit.Framework.Internal.GenericTestMethodTests.Combinatorial_OneTypeParameterOnTwoArgs" classname="NUnit.Framework.Internal.GenericTestMethodTests" runstate="Runnable" testcasecount="4" result="Passed" start-time="2017-02-21 11:04:47Z" end-time="2017-02-21 11:04:47Z" duration="0.015056" total="4" passed="4" failed="0" warnings="0" inconclusive="0" skipped="0" asserts="8">
              <test-case id="0-4348" name="Combinatorial_OneTypeParameterOnTwoArgs&lt;Double&gt;(5,2.0d)" fullname="NUnit.Framework.Internal.GenericTestMethodTests.Combinatorial_OneTypeParameterOnTwoArgs&lt;Double&gt;(5,2.0d)" methodname="Combinatorial_OneTypeParameterOnTwoArgs" classname="NUnit.Framework.Internal.GenericTestMethodTests" runstate="Runnable" seed="492299300" result="Passed" start-time="2017-02-21 11:04:47Z" end-time="2017-02-21 11:04:47Z" duration="0.000204" asserts="2" />
              <test-case id="0-4349" name="Combinatorial_OneTypeParameterOnTwoArgs&lt;Int32&gt;(5,2)" fullname="NUnit.Framework.Internal.GenericTestMethodTests.Combinatorial_OneTypeParameterOnTwoArgs&lt;Int32&gt;(5,2)" methodname="Combinatorial_OneTypeParameterOnTwoArgs" classname="NUnit.Framework.Internal.GenericTestMethodTests" runstate="Runnable" seed="1887523072" result="Passed" start-time="2017-02-21 11:04:47Z" end-time="2017-02-21 11:04:47Z" duration="0.000149" asserts="2" />
              <test-case id="0-4350" name="Combinatorial_OneTypeParameterOnTwoArgs&lt;Double&gt;(5.0d,2.0d)" fullname="NUnit.Framework.Internal.GenericTestMethodTests.Combinatorial_OneTypeParameterOnTwoArgs&lt;Double&gt;(5.0d,2.0d)" methodname="Combinatorial_OneTypeParameterOnTwoArgs" classname="NUnit.Framework.Internal.GenericTestMethodTests" runstate="Runnable" seed="1738658984" result="Passed" start-time="2017-02-21 11:04:47Z" end-time="2017-02-21 11:04:47Z" duration="0.000037" asserts="2" />
              <test-case id="0-4351" name="Combinatorial_OneTypeParameterOnTwoArgs&lt;Double&gt;(5.0d,2)" fullname="NUnit.Framework.Internal.GenericTestMethodTests.Combinatorial_OneTypeParameterOnTwoArgs&lt;Double&gt;(5.0d,2)" methodname="Combinatorial_OneTypeParameterOnTwoArgs" classname="NUnit.Framework.Internal.GenericTestMethodTests" runstate="Runnable" seed="141256130" result="Passed" start-time="2017-02-21 11:04:47Z" end-time="2017-02-21 11:04:47Z" duration="0.000035" asserts="2" />
            </test-suite>
            <test-suite type="GenericMethod" id="0-4357" name="Combinatorial_TwoTypeParameters" fullname="NUnit.Framework.Internal.GenericTestMethodTests.Combinatorial_TwoTypeParameters" classname="NUnit.Framework.Internal.GenericTestMethodTests" runstate="Runnable" testcasecount="4" result="Passed" start-time="2017-02-21 11:04:47Z" end-time="2017-02-21 11:04:47Z" duration="0.013848" total="4" passed="4" failed="0" warnings="0" inconclusive="0" skipped="0" asserts="8">
              <test-case id="0-4353" name="Combinatorial_TwoTypeParameters&lt;Int32,Double&gt;(5,2.0d)" fullname="NUnit.Framework.Internal.GenericTestMethodTests.Combinatorial_TwoTypeParameters&lt;Int32,Double&gt;(5,2.0d)" methodname="Combinatorial_TwoTypeParameters" classname="NUnit.Framework.Internal.GenericTestMethodTests" runstate="Runnable" seed="1816303657" result="Passed" start-time="2017-02-21 11:04:47Z" end-time="2017-02-21 11:04:47Z" duration="0.000279" asserts="2" />
              <test-case id="0-4354" name="Combinatorial_TwoTypeParameters&lt;Int32,Int32&gt;(5,2)" fullname="NUnit.Framework.Internal.GenericTestMethodTests.Combinatorial_TwoTypeParameters&lt;Int32,Int32&gt;(5,2)" methodname="Combinatorial_TwoTypeParameters" classname="NUnit.Framework.Internal.GenericTestMethodTests" runstate="Runnable" seed="2117640455" result="Passed" start-time="2017-02-21 11:04:47Z" end-time="2017-02-21 11:04:47Z" duration="0.000259" asserts="2" />
              <test-case id="0-4355" name="Combinatorial_TwoTypeParameters&lt;Double,Double&gt;(5.0d,2.0d)" fullname="NUnit.Framework.Internal.GenericTestMethodTests.Combinatorial_TwoTypeParameters&lt;Double,Double&gt;(5.0d,2.0d)" methodname="Combinatorial_TwoTypeParameters" classname="NUnit.Framework.Internal.GenericTestMethodTests" runstate="Runnable" seed="319093322" result="Passed" start-time="2017-02-21 11:04:47Z" end-time="2017-02-21 11:04:47Z" duration="0.000335" asserts="2" />
              <test-case id="0-4356" name="Combinatorial_TwoTypeParameters&lt;Double,Int32&gt;(5.0d,2)" fullname="NUnit.Framework.Internal.GenericTestMethodTests.Combinatorial_TwoTypeParameters&lt;Double,Int32&gt;(5.0d,2)" methodname="Combinatorial_TwoTypeParameters" classname="NUnit.Framework.Internal.GenericTestMethodTests" runstate="Runnable" seed="629345348" result="Passed" start-time="2017-02-21 11:04:47Z" end-time="2017-02-21 11:04:47Z" duration="0.000227" asserts="2" />
            </test-suite>
            <test-case id="0-4326" name="TestCase_IncompatibleArgsAreNotRunnable" fullname="NUnit.Framework.Internal.GenericTestMethodTests.TestCase_IncompatibleArgsAreNotRunnable" methodname="TestCase_IncompatibleArgsAreNotRunnable" classname="NUnit.Framework.Internal.GenericTestMethodTests" runstate="Runnable" seed="288800316" result="Passed" start-time="2017-02-21 11:04:47Z" end-time="2017-02-21 11:04:47Z" duration="0.006047" asserts="0" />
            <test-suite type="GenericMethod" id="0-4325" name="TestCase_OneTypeParameterOnTwoArgs" fullname="NUnit.Framework.Internal.GenericTestMethodTests.TestCase_OneTypeParameterOnTwoArgs" classname="NUnit.Framework.Internal.GenericTestMethodTests" runstate="Runnable" testcasecount="4" result="Passed" start-time="2017-02-21 11:04:47Z" end-time="2017-02-21 11:04:47Z" duration="0.010935" total="4" passed="4" failed="0" warnings="0" inconclusive="0" skipped="0" asserts="12">
              <test-case id="0-4321" name="TestCase_OneTypeParameterOnTwoArgs&lt;Int32&gt;(5,2,&quot;ABC&quot;)" fullname="NUnit.Framework.Internal.GenericTestMethodTests.TestCase_OneTypeParameterOnTwoArgs&lt;Int32&gt;(5,2,&quot;ABC&quot;)" methodname="TestCase_OneTypeParameterOnTwoArgs" classname="NUnit.Framework.Internal.GenericTestMethodTests" runstate="Runnable" seed="1920969501" result="Passed" start-time="2017-02-21 11:04:47Z" end-time="2017-02-21 11:04:47Z" duration="0.000246" asserts="3" />
              <test-case id="0-4322" name="TestCase_OneTypeParameterOnTwoArgs&lt;Double&gt;(5.0d,2.0d,&quot;ABC&quot;)" fullname="NUnit.Framework.Internal.GenericTestMethodTests.TestCase_OneTypeParameterOnTwoArgs&lt;Double&gt;(5.0d,2.0d,&quot;ABC&quot;)" methodname="TestCase_OneTypeParameterOnTwoArgs" classname="NUnit.Framework.Internal.GenericTestMethodTests" runstate="Runnable" seed="1527460943" result="Passed" start-time="2017-02-21 11:04:47Z" end-time="2017-02-21 11:04:47Z" duration="0.000439" asserts="3" />
              <test-case id="0-4323" name="TestCase_OneTypeParameterOnTwoArgs&lt;Double&gt;(5,2.0d,&quot;ABC&quot;)" fullname="NUnit.Framework.Internal.GenericTestMethodTests.TestCase_OneTypeParameterOnTwoArgs&lt;Double&gt;(5,2.0d,&quot;ABC&quot;)" methodname="TestCase_OneTypeParameterOnTwoArgs" classname="NUnit.Framework.Internal.GenericTestMethodTests" runstate="Runnable" seed="2043200460" result="Passed" start-time="2017-02-21 11:04:47Z" end-time="2017-02-21 11:04:47Z" duration="0.000047" asserts="3" />
              <test-case id="0-4324" name="TestCase_OneTypeParameterOnTwoArgs&lt;Double&gt;(5.0d,2L,&quot;ABC&quot;)" fullname="NUnit.Framework.Internal.GenericTestMethodTests.TestCase_OneTypeParameterOnTwoArgs&lt;Double&gt;(5.0d,2L,&quot;ABC&quot;)" methodname="TestCase_OneTypeParameterOnTwoArgs" classname="NUnit.Framework.Internal.GenericTestMethodTests" runstate="Runnable" seed="647650535" result="Passed" start-time="2017-02-21 11:04:47Z" end-time="2017-02-21 11:04:47Z" duration="0.000039" asserts="3" />
            </test-suite>
            <test-suite type="GenericMethod" id="0-4331" name="TestCase_TwoTypeParameters" fullname="NUnit.Framework.Internal.GenericTestMethodTests.TestCase_TwoTypeParameters" classname="NUnit.Framework.Internal.GenericTestMethodTests" runstate="Runnable" testcasecount="4" result="Passed" start-time="2017-02-21 11:04:47Z" end-time="2017-02-21 11:04:47Z" duration="0.012966" total="4" passed="4" failed="0" warnings="0" inconclusive="0" skipped="0" asserts="12">
              <test-case id="0-4327" name="TestCase_TwoTypeParameters&lt;Int32,Int32&gt;(5,2,&quot;ABC&quot;)" fullname="NUnit.Framework.Internal.GenericTestMethodTests.TestCase_TwoTypeParameters&lt;Int32,Int32&gt;(5,2,&quot;ABC&quot;)" methodname="TestCase_TwoTypeParameters" classname="NUnit.Framework.Internal.GenericTestMethodTests" runstate="Runnable" seed="88447838" result="Passed" start-time="2017-02-21 11:04:47Z" end-time="2017-02-21 11:04:47Z" duration="0.000140" asserts="3" />
              <test-case id="0-4328" name="TestCase_TwoTypeParameters&lt;Double,Double&gt;(5.0d,2.0d,&quot;ABC&quot;)" fullname="NUnit.Framework.Internal.GenericTestMethodTests.TestCase_TwoTypeParameters&lt;Double,Double&gt;(5.0d,2.0d,&quot;ABC&quot;)" methodname="TestCase_TwoTypeParameters" classname="NUnit.Framework.Internal.GenericTestMethodTests" runstate="Runnable" seed="853445634" result="Passed" start-time="2017-02-21 11:04:47Z" end-time="2017-02-21 11:04:47Z" duration="0.000122" asserts="3" />
              <test-case id="0-4329" name="TestCase_TwoTypeParameters&lt;Int32,Double&gt;(5,2.0d,&quot;ABC&quot;)" fullname="NUnit.Framework.Internal.GenericTestMethodTests.TestCase_TwoTypeParameters&lt;Int32,Double&gt;(5,2.0d,&quot;ABC&quot;)" methodname="TestCase_TwoTypeParameters" classname="NUnit.Framework.Internal.GenericTestMethodTests" runstate="Runnable" seed="372441340" result="Passed" start-time="2017-02-21 11:04:47Z" end-time="2017-02-21 11:04:47Z" duration="0.000351" asserts="3" />
              <test-case id="0-4330" name="TestCase_TwoTypeParameters&lt;Double,Int64&gt;(5.0d,2L,&quot;ABC&quot;)" fullname="NUnit.Framework.Internal.GenericTestMethodTests.TestCase_TwoTypeParameters&lt;Double,Int64&gt;(5.0d,2L,&quot;ABC&quot;)" methodname="TestCase_TwoTypeParameters" classname="NUnit.Framework.Internal.GenericTestMethodTests" runstate="Runnable" seed="1795674335" result="Passed" start-time="2017-02-21 11:04:47Z" end-time="2017-02-21 11:04:47Z" duration="0.000388" asserts="3" />
            </test-suite>
            <test-suite type="GenericMethod" id="0-4336" name="TestCase_TwoTypeParameters_Reversed" fullname="NUnit.Framework.Internal.GenericTestMethodTests.TestCase_TwoTypeParameters_Reversed" classname="NUnit.Framework.Internal.GenericTestMethodTests" runstate="Runnable" testcasecount="4" result="Passed" start-time="2017-02-21 11:04:47Z" end-time="2017-02-21 11:04:47Z" duration="0.011120" total="4" passed="4" failed="0" warnings="0" inconclusive="0" skipped="0" asserts="12">
              <test-case id="0-4332" name="TestCase_TwoTypeParameters_Reversed&lt;Int32,Int32&gt;(5,2,&quot;ABC&quot;)" fullname="NUnit.Framework.Internal.GenericTestMethodTests.TestCase_TwoTypeParameters_Reversed&lt;Int32,Int32&gt;(5,2,&quot;ABC&quot;)" methodname="TestCase_TwoTypeParameters_Reversed" classname="NUnit.Framework.Internal.GenericTestMethodTests" runstate="Runnable" seed="989255548" result="Passed" start-time="2017-02-21 11:04:47Z" end-time="2017-02-21 11:04:47Z" duration="0.000200" asserts="3" />
              <test-case id="0-4333" name="TestCase_TwoTypeParameters_Reversed&lt;Double,Double&gt;(5.0d,2.0d,&quot;ABC&quot;)" fullname="NUnit.Framework.Internal.GenericTestMethodTests.TestCase_TwoTypeParameters_Reversed&lt;Double,Double&gt;(5.0d,2.0d,&quot;ABC&quot;)" methodname="TestCase_TwoTypeParameters_Reversed" classname="NUnit.Framework.Internal.GenericTestMethodTests" runstate="Runnable" seed="267557034" result="Passed" start-time="2017-02-21 11:04:47Z" end-time="2017-02-21 11:04:47Z" duration="0.000434" asserts="3" />
              <test-case id="0-4334" name="TestCase_TwoTypeParameters_Reversed&lt;Double,Int32&gt;(5,2.0d,&quot;ABC&quot;)" fullname="NUnit.Framework.Internal.GenericTestMethodTests.TestCase_TwoTypeParameters_Reversed&lt;Double,Int32&gt;(5,2.0d,&quot;ABC&quot;)" methodname="TestCase_TwoTypeParameters_Reversed" classname="NUnit.Framework.Internal.GenericTestMethodTests" runstate="Runnable" seed="308492134" result="Passed" start-time="2017-02-21 11:04:47Z" end-time="2017-02-21 11:04:47Z" duration="0.000201" asserts="3" />
              <test-case id="0-4335" name="TestCase_TwoTypeParameters_Reversed&lt;Int64,Double&gt;(5.0d,2L,&quot;ABC&quot;)" fullname="NUnit.Framework.Internal.GenericTestMethodTests.TestCase_TwoTypeParameters_Reversed&lt;Int64,Double&gt;(5.0d,2L,&quot;ABC&quot;)" methodname="TestCase_TwoTypeParameters_Reversed" classname="NUnit.Framework.Internal.GenericTestMethodTests" runstate="Runnable" seed="1504611100" result="Passed" start-time="2017-02-21 11:04:47Z" end-time="2017-02-21 11:04:47Z" duration="0.000195" asserts="3" />
            </test-suite>
            <test-case id="0-4342" name="TestCaseSource_IncompatibleArgsAreNotRunnable" fullname="NUnit.Framework.Internal.GenericTestMethodTests.TestCaseSource_IncompatibleArgsAreNotRunnable" methodname="TestCaseSource_IncompatibleArgsAreNotRunnable" classname="NUnit.Framework.Internal.GenericTestMethodTests" runstate="Runnable" seed="1744617889" result="Passed" start-time="2017-02-21 11:04:47Z" end-time="2017-02-21 11:04:47Z" duration="0.002346" asserts="0" />
            <test-suite type="GenericMethod" id="0-4341" name="TestCaseSource_OneTypeParameterOnTwoArgs" fullname="NUnit.Framework.Internal.GenericTestMethodTests.TestCaseSource_OneTypeParameterOnTwoArgs" classname="NUnit.Framework.Internal.GenericTestMethodTests" runstate="Runnable" testcasecount="4" result="Passed" start-time="2017-02-21 11:04:47Z" end-time="2017-02-21 11:04:47Z" duration="0.012723" total="4" passed="4" failed="0" warnings="0" inconclusive="0" skipped="0" asserts="12">
              <test-case id="0-4337" name="TestCaseSource_OneTypeParameterOnTwoArgs&lt;Int32&gt;(5,2,&quot;ABC&quot;)" fullname="NUnit.Framework.Internal.GenericTestMethodTests.TestCaseSource_OneTypeParameterOnTwoArgs&lt;Int32&gt;(5,2,&quot;ABC&quot;)" methodname="TestCaseSource_OneTypeParameterOnTwoArgs" classname="NUnit.Framework.Internal.GenericTestMethodTests" runstate="Runnable" seed="1741335200" result="Passed" start-time="2017-02-21 11:04:47Z" end-time="2017-02-21 11:04:47Z" duration="0.000220" asserts="3" />
              <test-case id="0-4338" name="TestCaseSource_OneTypeParameterOnTwoArgs&lt;Double&gt;(5.0d,2.0d,&quot;ABC&quot;)" fullname="NUnit.Framework.Internal.GenericTestMethodTests.TestCaseSource_OneTypeParameterOnTwoArgs&lt;Double&gt;(5.0d,2.0d,&quot;ABC&quot;)" methodname="TestCaseSource_OneTypeParameterOnTwoArgs" classname="NUnit.Framework.Internal.GenericTestMethodTests" runstate="Runnable" seed="1335242453" result="Passed" start-time="2017-02-21 11:04:47Z" end-time="2017-02-21 11:04:47Z" duration="0.000199" asserts="3" />
              <test-case id="0-4339" name="TestCaseSource_OneTypeParameterOnTwoArgs&lt;Double&gt;(5,2.0d,&quot;ABC&quot;)" fullname="NUnit.Framework.Internal.GenericTestMethodTests.TestCaseSource_OneTypeParameterOnTwoArgs&lt;Double&gt;(5,2.0d,&quot;ABC&quot;)" methodname="TestCaseSource_OneTypeParameterOnTwoArgs" classname="NUnit.Framework.Internal.GenericTestMethodTests" runstate="Runnable" seed="1531981669" result="Passed" start-time="2017-02-21 11:04:47Z" end-time="2017-02-21 11:04:47Z" duration="0.000043" asserts="3" />
              <test-case id="0-4340" name="TestCaseSource_OneTypeParameterOnTwoArgs&lt;Double&gt;(5.0d,2L,&quot;ABC&quot;)" fullname="NUnit.Framework.Internal.GenericTestMethodTests.TestCaseSource_OneTypeParameterOnTwoArgs&lt;Double&gt;(5.0d,2L,&quot;ABC&quot;)" methodname="TestCaseSource_OneTypeParameterOnTwoArgs" classname="NUnit.Framework.Internal.GenericTestMethodTests" runstate="Runnable" seed="1800752273" result="Passed" start-time="2017-02-21 11:04:47Z" end-time="2017-02-21 11:04:47Z" duration="0.000044" asserts="3" />
            </test-suite>
            <test-suite type="GenericMethod" id="0-4347" name="TestCaseSource_TwoTypeParameters" fullname="NUnit.Framework.Internal.GenericTestMethodTests.TestCaseSource_TwoTypeParameters" classname="NUnit.Framework.Internal.GenericTestMethodTests" runstate="Runnable" testcasecount="4" result="Passed" start-time="2017-02-21 11:04:47Z" end-time="2017-02-21 11:04:47Z" duration="0.012722" total="4" passed="4" failed="0" warnings="0" inconclusive="0" skipped="0" asserts="12">
              <test-case id="0-4343" name="TestCaseSource_TwoTypeParameters&lt;Int32,Int32&gt;(5,2,&quot;ABC&quot;)" fullname="NUnit.Framework.Internal.GenericTestMethodTests.TestCaseSource_TwoTypeParameters&lt;Int32,Int32&gt;(5,2,&quot;ABC&quot;)" methodname="TestCaseSource_TwoTypeParameters" classname="NUnit.Framework.Internal.GenericTestMethodTests" runstate="Runnable" seed="103010718" result="Passed" start-time="2017-02-21 11:04:47Z" end-time="2017-02-21 11:04:47Z" duration="0.000404" asserts="3" />
              <test-case id="0-4344" name="TestCaseSource_TwoTypeParameters&lt;Double,Double&gt;(5.0d,2.0d,&quot;ABC&quot;)" fullname="NUnit.Framework.Internal.GenericTestMethodTests.TestCaseSource_TwoTypeParameters&lt;Double,Double&gt;(5.0d,2.0d,&quot;ABC&quot;)" methodname="TestCaseSource_TwoTypeParameters" classname="NUnit.Framework.Internal.GenericTestMethodTests" runstate="Runnable" seed="1367272632" result="Passed" start-time="2017-02-21 11:04:47Z" end-time="2017-02-21 11:04:47Z" duration="0.000189" asserts="3" />
              <test-case id="0-4345" name="TestCaseSource_TwoTypeParameters&lt;Int32,Double&gt;(5,2.0d,&quot;ABC&quot;)" fullname="NUnit.Framework.Internal.GenericTestMethodTests.TestCaseSource_TwoTypeParameters&lt;Int32,Double&gt;(5,2.0d,&quot;ABC&quot;)" methodname="TestCaseSource_TwoTypeParameters" classname="NUnit.Framework.Internal.GenericTestMethodTests" runstate="Runnable" seed="675599474" result="Passed" start-time="2017-02-21 11:04:47Z" end-time="2017-02-21 11:04:47Z" duration="0.000194" asserts="3" />
              <test-case id="0-4346" name="TestCaseSource_TwoTypeParameters&lt;Double,Int64&gt;(5.0d,2L,&quot;ABC&quot;)" fullname="NUnit.Framework.Internal.GenericTestMethodTests.TestCaseSource_TwoTypeParameters&lt;Double,Int64&gt;(5.0d,2L,&quot;ABC&quot;)" methodname="TestCaseSource_TwoTypeParameters" classname="NUnit.Framework.Internal.GenericTestMethodTests" runstate="Runnable" seed="407380683" result="Passed" start-time="2017-02-21 11:04:47Z" end-time="2017-02-21 11:04:47Z" duration="0.000190" asserts="3" />
            </test-suite>
          </test-suite>
          <test-suite type="TestFixture" id="0-4431" name="PropertyBagTests" fullname="NUnit.Framework.Internal.PropertyBagTests" classname="NUnit.Framework.Internal.PropertyBagTests" runstate="Runnable" testcasecount="9" result="Passed" start-time="2017-02-21 11:04:47Z" end-time="2017-02-21 11:04:47Z" duration="0.034997" total="9" passed="9" failed="0" warnings="0" inconclusive="0" skipped="0" asserts="27">
            <test-case id="0-4435" name="AllKeysAreListed" fullname="NUnit.Framework.Internal.PropertyBagTests.AllKeysAreListed" methodname="AllKeysAreListed" classname="NUnit.Framework.Internal.PropertyBagTests" runstate="Runnable" seed="1942982892" result="Passed" start-time="2017-02-21 11:04:47Z" end-time="2017-02-21 11:04:47Z" duration="0.000514" asserts="3" />
            <test-case id="0-4436" name="ContainsKey" fullname="NUnit.Framework.Internal.PropertyBagTests.ContainsKey" methodname="ContainsKey" classname="NUnit.Framework.Internal.PropertyBagTests" runstate="Runnable" seed="1519587186" result="Passed" start-time="2017-02-21 11:04:47Z" end-time="2017-02-21 11:04:47Z" duration="0.000251" asserts="3" />
            <test-case id="0-4437" name="GetReturnsSingleValue" fullname="NUnit.Framework.Internal.PropertyBagTests.GetReturnsSingleValue" methodname="GetReturnsSingleValue" classname="NUnit.Framework.Internal.PropertyBagTests" runstate="Runnable" seed="352597984" result="Passed" start-time="2017-02-21 11:04:47Z" end-time="2017-02-21 11:04:47Z" duration="0.000178" asserts="2" />
            <test-case id="0-4433" name="IndexGetsEmptyListIfNameIsNotPresent" fullname="NUnit.Framework.Internal.PropertyBagTests.IndexGetsEmptyListIfNameIsNotPresent" methodname="IndexGetsEmptyListIfNameIsNotPresent" classname="NUnit.Framework.Internal.PropertyBagTests" runstate="Runnable" seed="932032830" result="Passed" start-time="2017-02-21 11:04:47Z" end-time="2017-02-21 11:04:47Z" duration="0.000177" asserts="1" />
            <test-case id="0-4432" name="IndexGetsListOfValues" fullname="NUnit.Framework.Internal.PropertyBagTests.IndexGetsListOfValues" methodname="IndexGetsListOfValues" classname="NUnit.Framework.Internal.PropertyBagTests" runstate="Runnable" seed="1870560500" result="Passed" start-time="2017-02-21 11:04:47Z" end-time="2017-02-21 11:04:47Z" duration="0.000736" asserts="5" />
            <test-case id="0-4434" name="IndexSetsListOfValues" fullname="NUnit.Framework.Internal.PropertyBagTests.IndexSetsListOfValues" methodname="IndexSetsListOfValues" classname="NUnit.Framework.Internal.PropertyBagTests" runstate="Runnable" seed="190186594" result="Passed" start-time="2017-02-21 11:04:47Z" end-time="2017-02-21 11:04:47Z" duration="0.000782" asserts="3" />
            <test-case id="0-4438" name="SetAddsNewSingleValue" fullname="NUnit.Framework.Internal.PropertyBagTests.SetAddsNewSingleValue" methodname="SetAddsNewSingleValue" classname="NUnit.Framework.Internal.PropertyBagTests" runstate="Runnable" seed="1802213313" result="Passed" start-time="2017-02-21 11:04:47Z" end-time="2017-02-21 11:04:47Z" duration="0.000582" asserts="3" />
            <test-case id="0-4439" name="SetReplacesOldValues" fullname="NUnit.Framework.Internal.PropertyBagTests.SetReplacesOldValues" methodname="SetReplacesOldValues" classname="NUnit.Framework.Internal.PropertyBagTests" runstate="Runnable" seed="762251886" result="Passed" start-time="2017-02-21 11:04:47Z" end-time="2017-02-21 11:04:47Z" duration="0.000419" asserts="2" />
            <test-case id="0-4440" name="XmlIsProducedCorrectly" fullname="NUnit.Framework.Internal.PropertyBagTests.XmlIsProducedCorrectly" methodname="XmlIsProducedCorrectly" classname="NUnit.Framework.Internal.PropertyBagTests" runstate="Runnable" seed="1100132584" result="Passed" start-time="2017-02-21 11:04:47Z" end-time="2017-02-21 11:04:47Z" duration="0.001497" asserts="5" />
          </test-suite>
          <test-suite type="TestFixture" id="0-4526" name="RandomizerTests+Repeatability" fullname="NUnit.Framework.Internal.RandomizerTests+Repeatability" classname="NUnit.Framework.Internal.RandomizerTests+Repeatability" runstate="Runnable" testcasecount="6" result="Passed" start-time="2017-02-21 11:04:47Z" end-time="2017-02-21 11:04:47Z" duration="0.021667" total="6" passed="6" failed="0" warnings="0" inconclusive="0" skipped="0" asserts="24">
            <test-case id="0-4528" name="RandomizersWithDifferentSeedsReturnDifferentValues" fullname="NUnit.Framework.Internal.RandomizerTests+Repeatability.RandomizersWithDifferentSeedsReturnDifferentValues" methodname="RandomizersWithDifferentSeedsReturnDifferentValues" classname="NUnit.Framework.Internal.RandomizerTests+Repeatability" runstate="Runnable" seed="1302003904" result="Passed" start-time="2017-02-21 11:04:47Z" end-time="2017-02-21 11:04:47Z" duration="0.000648" asserts="10" />
            <test-case id="0-4527" name="RandomizersWithSameSeedsReturnSameValues" fullname="NUnit.Framework.Internal.RandomizerTests+Repeatability.RandomizersWithSameSeedsReturnSameValues" methodname="RandomizersWithSameSeedsReturnSameValues" classname="NUnit.Framework.Internal.RandomizerTests+Repeatability" runstate="Runnable" seed="6594626" result="Passed" start-time="2017-02-21 11:04:47Z" end-time="2017-02-21 11:04:47Z" duration="0.000348" asserts="10" />
            <test-case id="0-4532" name="ReturnsDifferentRandomizersForDifferentMethods" fullname="NUnit.Framework.Internal.RandomizerTests+Repeatability.ReturnsDifferentRandomizersForDifferentMethods" methodname="ReturnsDifferentRandomizersForDifferentMethods" classname="NUnit.Framework.Internal.RandomizerTests+Repeatability" runstate="Runnable" seed="1596485789" result="Passed" start-time="2017-02-21 11:04:47Z" end-time="2017-02-21 11:04:47Z" duration="0.000556" asserts="1" />
            <test-case id="0-4530" name="ReturnsSameRandomizerForDifferentParametersOfSameMethod" fullname="NUnit.Framework.Internal.RandomizerTests+Repeatability.ReturnsSameRandomizerForDifferentParametersOfSameMethod" methodname="ReturnsSameRandomizerForDifferentParametersOfSameMethod" classname="NUnit.Framework.Internal.RandomizerTests+Repeatability" runstate="Runnable" seed="1609385014" result="Passed" start-time="2017-02-21 11:04:47Z" end-time="2017-02-21 11:04:47Z" duration="0.000468" asserts="1" />
            <test-case id="0-4531" name="ReturnsSameRandomizerForSameMethod" fullname="NUnit.Framework.Internal.RandomizerTests+Repeatability.ReturnsSameRandomizerForSameMethod" methodname="ReturnsSameRandomizerForSameMethod" classname="NUnit.Framework.Internal.RandomizerTests+Repeatability" runstate="Runnable" seed="841597754" result="Passed" start-time="2017-02-21 11:04:47Z" end-time="2017-02-21 11:04:47Z" duration="0.000313" asserts="1" />
            <test-case id="0-4529" name="ReturnsSameRandomizerForSameParameter" fullname="NUnit.Framework.Internal.RandomizerTests+Repeatability.ReturnsSameRandomizerForSameParameter" methodname="ReturnsSameRandomizerForSameParameter" classname="NUnit.Framework.Internal.RandomizerTests+Repeatability" runstate="Runnable" seed="845070477" result="Passed" start-time="2017-02-21 11:04:47Z" end-time="2017-02-21 11:04:47Z" duration="0.000437" asserts="1" />
          </test-suite>
          <test-suite type="TestFixture" id="0-4533" name="RealAsyncSetupTeardownTests" fullname="NUnit.Framework.Internal.RealAsyncSetupTeardownTests" classname="NUnit.Framework.Internal.RealAsyncSetupTeardownTests" runstate="Runnable" testcasecount="1" result="Passed" start-time="2017-02-21 11:04:47Z" end-time="2017-02-21 11:04:47Z" duration="0.011690" total="1" passed="1" failed="0" warnings="0" inconclusive="0" skipped="0" asserts="2">
            <test-case id="0-4534" name="TestCurrentFixtureInitialization" fullname="NUnit.Framework.Internal.RealAsyncSetupTeardownTests.TestCurrentFixtureInitialization" methodname="TestCurrentFixtureInitialization" classname="NUnit.Framework.Internal.RealAsyncSetupTeardownTests" runstate="Runnable" seed="158513681" result="Passed" start-time="2017-02-21 11:04:47Z" end-time="2017-02-21 11:04:47Z" duration="0.006539" asserts="2" />
          </test-suite>
          <test-suite type="TestFixture" id="0-4386" name="PlatformDetectionTests" fullname="NUnit.Framework.Internal.PlatformDetectionTests" classname="NUnit.Framework.Internal.PlatformDetectionTests" runstate="Runnable" testcasecount="44" result="Passed" start-time="2017-02-21 11:04:47Z" end-time="2017-02-21 11:04:47Z" duration="0.168541" total="44" passed="44" failed="0" warnings="0" inconclusive="0" skipped="0" asserts="910">
            <test-case id="0-4424" name="ArrayOfPlatforms" fullname="NUnit.Framework.Internal.PlatformDetectionTests.ArrayOfPlatforms" methodname="ArrayOfPlatforms" classname="NUnit.Framework.Internal.PlatformDetectionTests" runstate="Runnable" seed="1797216518" result="Passed" start-time="2017-02-21 11:04:47Z" end-time="2017-02-21 11:04:47Z" duration="0.000709" asserts="2" />
            <test-case id="0-4423" name="DetectExactVersion" fullname="NUnit.Framework.Internal.PlatformDetectionTests.DetectExactVersion" methodname="DetectExactVersion" classname="NUnit.Framework.Internal.PlatformDetectionTests" runstate="Runnable" seed="182363445" result="Passed" start-time="2017-02-21 11:04:47Z" end-time="2017-02-21 11:04:47Z" duration="0.000269" asserts="4" />
            <test-case id="0-4409" name="DetectMacOSX" fullname="NUnit.Framework.Internal.PlatformDetectionTests.DetectMacOSX" methodname="DetectMacOSX" classname="NUnit.Framework.Internal.PlatformDetectionTests" runstate="Runnable" seed="1443502860" result="Passed" start-time="2017-02-21 11:04:47Z" end-time="2017-02-21 11:04:47Z" duration="0.002862" asserts="33" />
            <test-case id="0-4417" name="DetectMono10" fullname="NUnit.Framework.Internal.PlatformDetectionTests.DetectMono10" methodname="DetectMono10" classname="NUnit.Framework.Internal.PlatformDetectionTests" runstate="Runnable" seed="740194705" result="Passed" start-time="2017-02-21 11:04:47Z" end-time="2017-02-21 11:04:47Z" duration="0.000266" asserts="16" />
            <test-case id="0-4418" name="DetectMono20" fullname="NUnit.Framework.Internal.PlatformDetectionTests.DetectMono20" methodname="DetectMono20" classname="NUnit.Framework.Internal.PlatformDetectionTests" runstate="Runnable" seed="2063290674" result="Passed" start-time="2017-02-21 11:04:47Z" end-time="2017-02-21 11:04:47Z" duration="0.002646" asserts="16" />
            <test-case id="0-4419" name="DetectMono30" fullname="NUnit.Framework.Internal.PlatformDetectionTests.DetectMono30" methodname="DetectMono30" classname="NUnit.Framework.Internal.PlatformDetectionTests" runstate="Runnable" seed="1846915326" result="Passed" start-time="2017-02-21 11:04:47Z" end-time="2017-02-21 11:04:47Z" duration="0.000261" asserts="15" />
            <test-case id="0-4420" name="DetectMono35" fullname="NUnit.Framework.Internal.PlatformDetectionTests.DetectMono35" methodname="DetectMono35" classname="NUnit.Framework.Internal.PlatformDetectionTests" runstate="Runnable" seed="1149397998" result="Passed" start-time="2017-02-21 11:04:47Z" end-time="2017-02-21 11:04:47Z" duration="0.000176" asserts="14" />
            <test-case id="0-4421" name="DetectMono40" fullname="NUnit.Framework.Internal.PlatformDetectionTests.DetectMono40" methodname="DetectMono40" classname="NUnit.Framework.Internal.PlatformDetectionTests" runstate="Runnable" seed="159036248" result="Passed" start-time="2017-02-21 11:04:47Z" end-time="2017-02-21 11:04:47Z" duration="0.000233" asserts="16" />
            <test-case id="0-4422" name="DetectMonoTouch" fullname="NUnit.Framework.Internal.PlatformDetectionTests.DetectMonoTouch" methodname="DetectMonoTouch" classname="NUnit.Framework.Internal.PlatformDetectionTests" runstate="Runnable" seed="387701061" result="Passed" start-time="2017-02-21 11:04:47Z" end-time="2017-02-21 11:04:47Z" duration="0.000191" asserts="16" />
            <test-case id="0-4410" name="DetectNet10" fullname="NUnit.Framework.Internal.PlatformDetectionTests.DetectNet10" methodname="DetectNet10" classname="NUnit.Framework.Internal.PlatformDetectionTests" runstate="Runnable" seed="1853355465" result="Passed" start-time="2017-02-21 11:04:47Z" end-time="2017-02-21 11:04:47Z" duration="0.000352" asserts="16" />
            <test-case id="0-4411" name="DetectNet11" fullname="NUnit.Framework.Internal.PlatformDetectionTests.DetectNet11" methodname="DetectNet11" classname="NUnit.Framework.Internal.PlatformDetectionTests" runstate="Runnable" seed="74160737" result="Passed" start-time="2017-02-21 11:04:47Z" end-time="2017-02-21 11:04:47Z" duration="0.000203" asserts="16" />
            <test-case id="0-4412" name="DetectNet20" fullname="NUnit.Framework.Internal.PlatformDetectionTests.DetectNet20" methodname="DetectNet20" classname="NUnit.Framework.Internal.PlatformDetectionTests" runstate="Runnable" seed="1147735419" result="Passed" start-time="2017-02-21 11:04:47Z" end-time="2017-02-21 11:04:47Z" duration="0.000176" asserts="16" />
            <test-case id="0-4413" name="DetectNet30" fullname="NUnit.Framework.Internal.PlatformDetectionTests.DetectNet30" methodname="DetectNet30" classname="NUnit.Framework.Internal.PlatformDetectionTests" runstate="Runnable" seed="1591489471" result="Passed" start-time="2017-02-21 11:04:47Z" end-time="2017-02-21 11:04:47Z" duration="0.000514" asserts="15" />
            <test-case id="0-4414" name="DetectNet35" fullname="NUnit.Framework.Internal.PlatformDetectionTests.DetectNet35" methodname="DetectNet35" classname="NUnit.Framework.Internal.PlatformDetectionTests" runstate="Runnable" seed="835715343" result="Passed" start-time="2017-02-21 11:04:47Z" end-time="2017-02-21 11:04:47Z" duration="0.001854" asserts="14" />
            <test-case id="0-4415" name="DetectNet40" fullname="NUnit.Framework.Internal.PlatformDetectionTests.DetectNet40" methodname="DetectNet40" classname="NUnit.Framework.Internal.PlatformDetectionTests" runstate="Runnable" seed="843875933" result="Passed" start-time="2017-02-21 11:04:47Z" end-time="2017-02-21 11:04:47Z" duration="0.000485" asserts="16" />
            <test-case id="0-4390" name="DetectNT3" fullname="NUnit.Framework.Internal.PlatformDetectionTests.DetectNT3" methodname="DetectNT3" classname="NUnit.Framework.Internal.PlatformDetectionTests" runstate="Runnable" seed="1328397068" result="Passed" start-time="2017-02-21 11:04:47Z" end-time="2017-02-21 11:04:47Z" duration="0.000301" asserts="30" />
            <test-case id="0-4391" name="DetectNT4" fullname="NUnit.Framework.Internal.PlatformDetectionTests.DetectNT4" methodname="DetectNT4" classname="NUnit.Framework.Internal.PlatformDetectionTests" runstate="Runnable" seed="1283512458" result="Passed" start-time="2017-02-21 11:04:47Z" end-time="2017-02-21 11:04:47Z" duration="0.000244" asserts="30" />
            <test-case id="0-4416" name="DetectSSCLI" fullname="NUnit.Framework.Internal.PlatformDetectionTests.DetectSSCLI" methodname="DetectSSCLI" classname="NUnit.Framework.Internal.PlatformDetectionTests" runstate="Runnable" seed="1751504896" result="Passed" start-time="2017-02-21 11:04:47Z" end-time="2017-02-21 11:04:47Z" duration="0.000729" asserts="16" />
            <test-case id="0-4406" name="DetectUnixUnderMicrosoftDotNet" fullname="NUnit.Framework.Internal.PlatformDetectionTests.DetectUnixUnderMicrosoftDotNet" methodname="DetectUnixUnderMicrosoftDotNet" classname="NUnit.Framework.Internal.PlatformDetectionTests" runstate="Runnable" seed="471838469" result="Passed" start-time="2017-02-21 11:04:47Z" end-time="2017-02-21 11:04:47Z" duration="0.001056" asserts="32" />
            <test-case id="0-4407" name="DetectUnixUnderMono" fullname="NUnit.Framework.Internal.PlatformDetectionTests.DetectUnixUnderMono" methodname="DetectUnixUnderMono" classname="NUnit.Framework.Internal.PlatformDetectionTests" runstate="Runnable" seed="485625975" result="Passed" start-time="2017-02-21 11:04:47Z" end-time="2017-02-21 11:04:47Z" duration="0.001803" asserts="32" />
            <test-case id="0-4396" name="DetectVista" fullname="NUnit.Framework.Internal.PlatformDetectionTests.DetectVista" methodname="DetectVista" classname="NUnit.Framework.Internal.PlatformDetectionTests" runstate="Runnable" seed="1067370751" result="Passed" start-time="2017-02-21 11:04:47Z" end-time="2017-02-21 11:04:47Z" duration="0.000716" asserts="29" />
            <test-case id="0-4395" name="DetectWin2003Server" fullname="NUnit.Framework.Internal.PlatformDetectionTests.DetectWin2003Server" methodname="DetectWin2003Server" classname="NUnit.Framework.Internal.PlatformDetectionTests" runstate="Runnable" seed="827485679" result="Passed" start-time="2017-02-21 11:04:47Z" end-time="2017-02-21 11:04:47Z" duration="0.000384" asserts="29" />
            <test-case id="0-4397" name="DetectWin2008ServerOriginal" fullname="NUnit.Framework.Internal.PlatformDetectionTests.DetectWin2008ServerOriginal" methodname="DetectWin2008ServerOriginal" classname="NUnit.Framework.Internal.PlatformDetectionTests" runstate="Runnable" seed="1299171906" result="Passed" start-time="2017-02-21 11:04:47Z" end-time="2017-02-21 11:04:47Z" duration="0.000453" asserts="29" />
            <test-case id="0-4398" name="DetectWin2008ServerR2" fullname="NUnit.Framework.Internal.PlatformDetectionTests.DetectWin2008ServerR2" methodname="DetectWin2008ServerR2" classname="NUnit.Framework.Internal.PlatformDetectionTests" runstate="Runnable" seed="1924702884" result="Passed" start-time="2017-02-21 11:04:47Z" end-time="2017-02-21 11:04:47Z" duration="0.008614" asserts="28" />
            <test-case id="0-4392" name="DetectWin2K" fullname="NUnit.Framework.Internal.PlatformDetectionTests.DetectWin2K" methodname="DetectWin2K" classname="NUnit.Framework.Internal.PlatformDetectionTests" runstate="Runnable" seed="1890881638" result="Passed" start-time="2017-02-21 11:04:47Z" end-time="2017-02-21 11:04:47Z" duration="0.000529" asserts="29" />
            <test-case id="0-4387" name="DetectWin95" fullname="NUnit.Framework.Internal.PlatformDetectionTests.DetectWin95" methodname="DetectWin95" classname="NUnit.Framework.Internal.PlatformDetectionTests" runstate="Runnable" seed="1916216887" result="Passed" start-time="2017-02-21 11:04:47Z" end-time="2017-02-21 11:04:47Z" duration="0.000402" asserts="30" />
            <test-case id="0-4388" name="DetectWin98" fullname="NUnit.Framework.Internal.PlatformDetectionTests.DetectWin98" methodname="DetectWin98" classname="NUnit.Framework.Internal.PlatformDetectionTests" runstate="Runnable" seed="1577077947" result="Passed" start-time="2017-02-21 11:04:47Z" end-time="2017-02-21 11:04:47Z" duration="0.000368" asserts="30" />
            <test-case id="0-4404" name="DetectWindows10" fullname="NUnit.Framework.Internal.PlatformDetectionTests.DetectWindows10" methodname="DetectWindows10" classname="NUnit.Framework.Internal.PlatformDetectionTests" runstate="Runnable" seed="288370016" result="Passed" start-time="2017-02-21 11:04:47Z" end-time="2017-02-21 11:04:47Z" duration="0.000703" asserts="29" />
            <test-case id="0-4400" name="DetectWindows2012ServerOriginal" fullname="NUnit.Framework.Internal.PlatformDetectionTests.DetectWindows2012ServerOriginal" methodname="DetectWindows2012ServerOriginal" classname="NUnit.Framework.Internal.PlatformDetectionTests" runstate="Runnable" seed="1774343650" result="Passed" start-time="2017-02-21 11:04:47Z" end-time="2017-02-21 11:04:47Z" duration="0.000949" asserts="29" />
            <test-case id="0-4401" name="DetectWindows2012ServerR2" fullname="NUnit.Framework.Internal.PlatformDetectionTests.DetectWindows2012ServerR2" methodname="DetectWindows2012ServerR2" classname="NUnit.Framework.Internal.PlatformDetectionTests" runstate="Runnable" seed="1914801974" result="Passed" start-time="2017-02-21 11:04:47Z" end-time="2017-02-21 11:04:47Z" duration="0.000928" asserts="28" />
            <test-case id="0-4399" name="DetectWindows7" fullname="NUnit.Framework.Internal.PlatformDetectionTests.DetectWindows7" methodname="DetectWindows7" classname="NUnit.Framework.Internal.PlatformDetectionTests" runstate="Runnable" seed="1024723407" result="Passed" start-time="2017-02-21 11:04:47Z" end-time="2017-02-21 11:04:47Z" duration="0.002778" asserts="28" />
            <test-case id="0-4402" name="DetectWindows8" fullname="NUnit.Framework.Internal.PlatformDetectionTests.DetectWindows8" methodname="DetectWindows8" classname="NUnit.Framework.Internal.PlatformDetectionTests" runstate="Runnable" seed="1331798400" result="Passed" start-time="2017-02-21 11:04:47Z" end-time="2017-02-21 11:04:47Z" duration="0.000543" asserts="28" />
            <test-case id="0-4403" name="DetectWindows81" fullname="NUnit.Framework.Internal.PlatformDetectionTests.DetectWindows81" methodname="DetectWindows81" classname="NUnit.Framework.Internal.PlatformDetectionTests" runstate="Runnable" seed="1310988511" result="Passed" start-time="2017-02-21 11:04:47Z" end-time="2017-02-21 11:04:47Z" duration="0.000832" asserts="28" />
            <test-case id="0-4405" name="DetectWindowsServer" fullname="NUnit.Framework.Internal.PlatformDetectionTests.DetectWindowsServer" methodname="DetectWindowsServer" classname="NUnit.Framework.Internal.PlatformDetectionTests" runstate="Runnable" seed="1270337307" result="Passed" start-time="2017-02-21 11:04:47Z" end-time="2017-02-21 11:04:47Z" duration="0.000636" asserts="30" />
            <test-case id="0-4389" name="DetectWinMe" fullname="NUnit.Framework.Internal.PlatformDetectionTests.DetectWinMe" methodname="DetectWinMe" classname="NUnit.Framework.Internal.PlatformDetectionTests" runstate="Runnable" seed="570366765" result="Passed" start-time="2017-02-21 11:04:47Z" end-time="2017-02-21 11:04:47Z" duration="0.000376" asserts="30" />
            <test-case id="0-4393" name="DetectWinXP" fullname="NUnit.Framework.Internal.PlatformDetectionTests.DetectWinXP" methodname="DetectWinXP" classname="NUnit.Framework.Internal.PlatformDetectionTests" runstate="Runnable" seed="1330130102" result="Passed" start-time="2017-02-21 11:04:47Z" end-time="2017-02-21 11:04:47Z" duration="0.000596" asserts="29" />
            <test-case id="0-4394" name="DetectWinXPProfessionalX64" fullname="NUnit.Framework.Internal.PlatformDetectionTests.DetectWinXPProfessionalX64" methodname="DetectWinXPProfessionalX64" classname="NUnit.Framework.Internal.PlatformDetectionTests" runstate="Runnable" seed="70235187" result="Passed" start-time="2017-02-21 11:04:47Z" end-time="2017-02-21 11:04:47Z" duration="0.000455" asserts="29" />
            <test-case id="0-4408" name="DetectXbox" fullname="NUnit.Framework.Internal.PlatformDetectionTests.DetectXbox" methodname="DetectXbox" classname="NUnit.Framework.Internal.PlatformDetectionTests" runstate="Runnable" seed="1223159181" result="Passed" start-time="2017-02-21 11:04:47Z" end-time="2017-02-21 11:04:47Z" duration="0.000834" asserts="33" />
            <test-case id="0-4426" name="PlatformAttribute_Exclude" fullname="NUnit.Framework.Internal.PlatformDetectionTests.PlatformAttribute_Exclude" methodname="PlatformAttribute_Exclude" classname="NUnit.Framework.Internal.PlatformDetectionTests" runstate="Runnable" seed="628879482" result="Passed" start-time="2017-02-21 11:04:47Z" end-time="2017-02-21 11:04:47Z" duration="0.000516" asserts="3" />
            <test-case id="0-4425" name="PlatformAttribute_Include" fullname="NUnit.Framework.Internal.PlatformDetectionTests.PlatformAttribute_Include" methodname="PlatformAttribute_Include" classname="NUnit.Framework.Internal.PlatformDetectionTests" runstate="Runnable" seed="1785083175" result="Passed" start-time="2017-02-21 11:04:47Z" end-time="2017-02-21 11:04:47Z" duration="0.000571" asserts="3" />
            <test-case id="0-4427" name="PlatformAttribute_IncludeAndExclude" fullname="NUnit.Framework.Internal.PlatformDetectionTests.PlatformAttribute_IncludeAndExclude" methodname="PlatformAttribute_IncludeAndExclude" classname="NUnit.Framework.Internal.PlatformDetectionTests" runstate="Runnable" seed="629716779" result="Passed" start-time="2017-02-21 11:04:47Z" end-time="2017-02-21 11:04:47Z" duration="0.001012" asserts="7" />
            <test-case id="0-4428" name="PlatformAttribute_InvalidPlatform" fullname="NUnit.Framework.Internal.PlatformDetectionTests.PlatformAttribute_InvalidPlatform" methodname="PlatformAttribute_InvalidPlatform" classname="NUnit.Framework.Internal.PlatformDetectionTests" runstate="Runnable" seed="2129222446" result="Passed" start-time="2017-02-21 11:04:47Z" end-time="2017-02-21 11:04:47Z" duration="0.000391" asserts="3" />
            <test-case id="0-4430" name="PlatformAttribute_OperatingSystemBitNess" fullname="NUnit.Framework.Internal.PlatformDetectionTests.PlatformAttribute_OperatingSystemBitNess" methodname="PlatformAttribute_OperatingSystemBitNess" classname="NUnit.Framework.Internal.PlatformDetectionTests" runstate="Runnable" seed="2025515039" result="Passed" start-time="2017-02-21 11:04:47Z" end-time="2017-02-21 11:04:47Z" duration="0.000604" asserts="2" />
            <test-case id="0-4429" name="PlatformAttribute_ProcessBitNess" fullname="NUnit.Framework.Internal.PlatformDetectionTests.PlatformAttribute_ProcessBitNess" methodname="PlatformAttribute_ProcessBitNess" classname="NUnit.Framework.Internal.PlatformDetectionTests" runstate="Runnable" seed="294100392" result="Passed" start-time="2017-02-21 11:04:47Z" end-time="2017-02-21 11:04:47Z" duration="0.000249" asserts="2" />
          </test-suite>
          <test-suite type="TestSuite" id="0-5536" name="Results" fullname="NUnit.Framework.Internal.Results" runstate="Runnable" testcasecount="51" result="Passed" start-time="2017-02-21 11:04:43Z" end-time="2017-02-21 11:04:47Z" duration="4.624865" total="51" passed="51" failed="0" warnings="0" inconclusive="0" skipped="0" asserts="259">
            <test-suite type="TestFixture" id="0-4535" name="AssertionResultTests" fullname="NUnit.Framework.Internal.Results.AssertionResultTests" classname="NUnit.Framework.Internal.Results.AssertionResultTests" runstate="Runnable" testcasecount="4" result="Passed" start-time="2017-02-21 11:04:47Z" end-time="2017-02-21 11:04:47Z" duration="0.016093" total="4" passed="4" failed="0" warnings="0" inconclusive="0" skipped="0" asserts="46">
              <test-case id="0-4537" name="SuiteResult_AssertionResults" fullname="NUnit.Framework.Internal.Results.AssertionResultTests.SuiteResult_AssertionResults" methodname="SuiteResult_AssertionResults" classname="NUnit.Framework.Internal.Results.AssertionResultTests" runstate="Runnable" seed="584126219" result="Passed" start-time="2017-02-21 11:04:47Z" end-time="2017-02-21 11:04:47Z" duration="0.001042" asserts="1" />
              <test-case id="0-4539" name="SuiteResultXml_AssertionResults" fullname="NUnit.Framework.Internal.Results.AssertionResultTests.SuiteResultXml_AssertionResults" methodname="SuiteResultXml_AssertionResults" classname="NUnit.Framework.Internal.Results.AssertionResultTests" runstate="Runnable" seed="2116670598" result="Passed" start-time="2017-02-21 11:04:47Z" end-time="2017-02-21 11:04:47Z" duration="0.000516" asserts="1" />
              <test-case id="0-4536" name="TestResult_AssertionResults" fullname="NUnit.Framework.Internal.Results.AssertionResultTests.TestResult_AssertionResults" methodname="TestResult_AssertionResults" classname="NUnit.Framework.Internal.Results.AssertionResultTests" runstate="Runnable" seed="327656832" result="Passed" start-time="2017-02-21 11:04:47Z" end-time="2017-02-21 11:04:47Z" duration="0.000191" asserts="1" />
              <test-case id="0-4538" name="TestResultXml_AssertionResults" fullname="NUnit.Framework.Internal.Results.AssertionResultTests.TestResultXml_AssertionResults" methodname="TestResultXml_AssertionResults" classname="NUnit.Framework.Internal.Results.AssertionResultTests" runstate="Runnable" seed="1103632646" result="Passed" start-time="2017-02-21 11:04:47Z" end-time="2017-02-21 11:04:47Z" duration="0.001475" asserts="43" />
            </test-suite>
            <test-suite type="TestFixture" id="0-4568" name="InconclusiveResultTests" fullname="NUnit.Framework.Internal.Results.InconclusiveResultTests" classname="NUnit.Framework.Internal.Results.InconclusiveResultTests" runstate="Runnable" testcasecount="4" result="Passed" start-time="2017-02-21 11:04:47Z" end-time="2017-02-21 11:04:47Z" duration="0.013689" total="4" passed="4" failed="0" warnings="0" inconclusive="0" skipped="0" asserts="25">
              <test-case id="0-4570" name="SuiteResultIsInconclusive" fullname="NUnit.Framework.Internal.Results.InconclusiveResultTests.SuiteResultIsInconclusive" methodname="SuiteResultIsInconclusive" classname="NUnit.Framework.Internal.Results.InconclusiveResultTests" runstate="Runnable" seed="955519449" result="Passed" start-time="2017-02-21 11:04:47Z" end-time="2017-02-21 11:04:47Z" duration="0.000368" asserts="8" />
              <test-case id="0-4572" name="SuiteResultXmlNodeIsInconclusive" fullname="NUnit.Framework.Internal.Results.InconclusiveResultTests.SuiteResultXmlNodeIsInconclusive" methodname="SuiteResultXmlNodeIsInconclusive" classname="NUnit.Framework.Internal.Results.InconclusiveResultTests" runstate="Runnable" seed="419688044" result="Passed" start-time="2017-02-21 11:04:47Z" end-time="2017-02-21 11:04:47Z" duration="0.000686" asserts="8" />
              <test-case id="0-4569" name="TestResultIsInconclusive" fullname="NUnit.Framework.Internal.Results.InconclusiveResultTests.TestResultIsInconclusive" methodname="TestResultIsInconclusive" classname="NUnit.Framework.Internal.Results.InconclusiveResultTests" runstate="Runnable" seed="1478083042" result="Passed" start-time="2017-02-21 11:04:47Z" end-time="2017-02-21 11:04:47Z" duration="0.000242" asserts="2" />
              <test-case id="0-4571" name="TestResultXmlNodeIsInconclusive" fullname="NUnit.Framework.Internal.Results.InconclusiveResultTests.TestResultXmlNodeIsInconclusive" methodname="TestResultXmlNodeIsInconclusive" classname="NUnit.Framework.Internal.Results.InconclusiveResultTests" runstate="Runnable" seed="1341586093" result="Passed" start-time="2017-02-21 11:04:47Z" end-time="2017-02-21 11:04:47Z" duration="0.000981" asserts="7" />
            </test-suite>
            <test-suite type="TestFixture" id="0-4540" name="TestResultFailureTests" fullname="NUnit.Framework.Internal.Results.TestResultFailureTests" classname="NUnit.Framework.Internal.Results.TestResultFailureTests" runstate="Runnable" testcasecount="5" result="Passed" start-time="2017-02-21 11:04:47Z" end-time="2017-02-21 11:04:47Z" duration="0.018898" total="5" passed="5" failed="0" warnings="0" inconclusive="0" skipped="0" asserts="39">
              <test-case id="0-4542" name="SuiteResultIsFailure" fullname="NUnit.Framework.Internal.Results.TestResultFailureTests.SuiteResultIsFailure" methodname="SuiteResultIsFailure" classname="NUnit.Framework.Internal.Results.TestResultFailureTests" runstate="Runnable" seed="1593618318" result="Passed" start-time="2017-02-21 11:04:47Z" end-time="2017-02-21 11:04:47Z" duration="0.000606" asserts="11" />
              <test-case id="0-4545" name="SuiteResultXmlNodeIsFailure" fullname="NUnit.Framework.Internal.Results.TestResultFailureTests.SuiteResultXmlNodeIsFailure" methodname="SuiteResultXmlNodeIsFailure" classname="NUnit.Framework.Internal.Results.TestResultFailureTests" runstate="Runnable" seed="1166073444" result="Passed" start-time="2017-02-21 11:04:47Z" end-time="2017-02-21 11:04:47Z" duration="0.001677" asserts="13" />
              <test-case id="0-4541" name="TestResultIsFailure" fullname="NUnit.Framework.Internal.Results.TestResultFailureTests.TestResultIsFailure" methodname="TestResultIsFailure" classname="NUnit.Framework.Internal.Results.TestResultFailureTests" runstate="Runnable" seed="722212637" result="Passed" start-time="2017-02-21 11:04:47Z" end-time="2017-02-21 11:04:47Z" duration="0.000296" asserts="4" />
              <test-case id="0-4544" name="TestResultXmlNodeEscapesInvalidXmlCharacters" fullname="NUnit.Framework.Internal.Results.TestResultFailureTests.TestResultXmlNodeEscapesInvalidXmlCharacters" methodname="TestResultXmlNodeEscapesInvalidXmlCharacters" classname="NUnit.Framework.Internal.Results.TestResultFailureTests" runstate="Runnable" seed="1133450957" result="Passed" start-time="2017-02-21 11:04:47Z" end-time="2017-02-21 11:04:47Z" duration="0.002342" asserts="3" />
              <test-case id="0-4543" name="TestResultXmlNodeIsFailure" fullname="NUnit.Framework.Internal.Results.TestResultFailureTests.TestResultXmlNodeIsFailure" methodname="TestResultXmlNodeIsFailure" classname="NUnit.Framework.Internal.Results.TestResultFailureTests" runstate="Runnable" seed="1287861882" result="Passed" start-time="2017-02-21 11:04:47Z" end-time="2017-02-21 11:04:47Z" duration="0.001139" asserts="8" />
            </test-suite>
            <test-suite type="TestFixture" id="0-4563" name="TestResultIgnoredTests" fullname="NUnit.Framework.Internal.Results.TestResultIgnoredTests" classname="NUnit.Framework.Internal.Results.TestResultIgnoredTests" runstate="Runnable" testcasecount="4" result="Passed" start-time="2017-02-21 11:04:47Z" end-time="2017-02-21 11:04:47Z" duration="0.013828" total="4" passed="4" failed="0" warnings="0" inconclusive="0" skipped="0" asserts="26">
              <test-case id="0-4565" name="SuiteResultIsIgnored" fullname="NUnit.Framework.Internal.Results.TestResultIgnoredTests.SuiteResultIsIgnored" methodname="SuiteResultIsIgnored" classname="NUnit.Framework.Internal.Results.TestResultIgnoredTests" runstate="Runnable" seed="518800420" result="Passed" start-time="2017-02-21 11:04:47Z" end-time="2017-02-21 11:04:47Z" duration="0.000444" asserts="8" />
              <test-case id="0-4567" name="SuiteResultXmlNodeIsIgnored" fullname="NUnit.Framework.Internal.Results.TestResultIgnoredTests.SuiteResultXmlNodeIsIgnored" methodname="SuiteResultXmlNodeIsIgnored" classname="NUnit.Framework.Internal.Results.TestResultIgnoredTests" runstate="Runnable" seed="1973321574" result="Passed" start-time="2017-02-21 11:04:47Z" end-time="2017-02-21 11:04:47Z" duration="0.001027" asserts="9" />
              <test-case id="0-4564" name="TestResultIsIgnored" fullname="NUnit.Framework.Internal.Results.TestResultIgnoredTests.TestResultIsIgnored" methodname="TestResultIsIgnored" classname="NUnit.Framework.Internal.Results.TestResultIgnoredTests" runstate="Runnable" seed="1585287818" result="Passed" start-time="2017-02-21 11:04:47Z" end-time="2017-02-21 11:04:47Z" duration="0.000181" asserts="2" />
              <test-case id="0-4566" name="TestResultXmlNodeIsIgnored" fullname="NUnit.Framework.Internal.Results.TestResultIgnoredTests.TestResultXmlNodeIsIgnored" methodname="TestResultXmlNodeIsIgnored" classname="NUnit.Framework.Internal.Results.TestResultIgnoredTests" runstate="Runnable" seed="704318810" result="Passed" start-time="2017-02-21 11:04:47Z" end-time="2017-02-21 11:04:47Z" duration="0.000705" asserts="7" />
            </test-suite>
            <test-suite type="TestFixture" id="0-4573" name="TestResultMixedResultTests" fullname="NUnit.Framework.Internal.Results.TestResultMixedResultTests" classname="NUnit.Framework.Internal.Results.TestResultMixedResultTests" runstate="Runnable" testcasecount="2" result="Passed" start-time="2017-02-21 11:04:47Z" end-time="2017-02-21 11:04:47Z" duration="0.010225" total="2" passed="2" failed="0" warnings="0" inconclusive="0" skipped="0" asserts="22">
              <test-case id="0-4574" name="SuiteResultIsFailure" fullname="NUnit.Framework.Internal.Results.TestResultMixedResultTests.SuiteResultIsFailure" methodname="SuiteResultIsFailure" classname="NUnit.Framework.Internal.Results.TestResultMixedResultTests" runstate="Runnable" seed="40533798" result="Passed" start-time="2017-02-21 11:04:47Z" end-time="2017-02-21 11:04:47Z" duration="0.002507" asserts="11" />
              <test-case id="0-4575" name="SuiteResultXmlNodeIsFailure" fullname="NUnit.Framework.Internal.Results.TestResultMixedResultTests.SuiteResultXmlNodeIsFailure" methodname="SuiteResultXmlNodeIsFailure" classname="NUnit.Framework.Internal.Results.TestResultMixedResultTests" runstate="Runnable" seed="628937051" result="Passed" start-time="2017-02-21 11:04:47Z" end-time="2017-02-21 11:04:47Z" duration="0.001971" asserts="11" />
            </test-suite>
            <test-suite type="TestFixture" id="0-4546" name="TestResultGeneralTests" fullname="NUnit.Framework.Internal.Results.TestResultGeneralTests" classname="NUnit.Framework.Internal.Results.TestResultGeneralTests" runstate="Runnable" testcasecount="16" result="Passed" start-time="2017-02-21 11:04:47Z" end-time="2017-02-21 11:04:47Z" duration="0.053901" total="16" passed="16" failed="0" warnings="0" inconclusive="0" skipped="0" asserts="40">
              <test-case id="0-4553" name="SuiteResult_Duration" fullname="NUnit.Framework.Internal.Results.TestResultGeneralTests.SuiteResult_Duration" methodname="SuiteResult_Duration" classname="NUnit.Framework.Internal.Results.TestResultGeneralTests" runstate="Runnable" seed="333755153" result="Passed" start-time="2017-02-21 11:04:47Z" end-time="2017-02-21 11:04:47Z" duration="0.000590" asserts="3" />
              <test-case id="0-4551" name="SuiteResult_Identification" fullname="NUnit.Framework.Internal.Results.TestResultGeneralTests.SuiteResult_Identification" methodname="SuiteResult_Identification" classname="NUnit.Framework.Internal.Results.TestResultGeneralTests" runstate="Runnable" seed="842040650" result="Passed" start-time="2017-02-21 11:04:47Z" end-time="2017-02-21 11:04:47Z" duration="0.000582" asserts="2" />
              <test-case id="0-4554" name="SuiteResult_MinimumDuration" fullname="NUnit.Framework.Internal.Results.TestResultGeneralTests.SuiteResult_MinimumDuration" methodname="SuiteResult_MinimumDuration" classname="NUnit.Framework.Internal.Results.TestResultGeneralTests" runstate="Runnable" seed="1219593485" result="Passed" start-time="2017-02-21 11:04:47Z" end-time="2017-02-21 11:04:47Z" duration="0.000190" asserts="1" />
              <test-case id="0-4552" name="SuiteResult_Properties" fullname="NUnit.Framework.Internal.Results.TestResultGeneralTests.SuiteResult_Properties" methodname="SuiteResult_Properties" classname="NUnit.Framework.Internal.Results.TestResultGeneralTests" runstate="Runnable" seed="1184779586" result="Passed" start-time="2017-02-21 11:04:47Z" end-time="2017-02-21 11:04:47Z" duration="0.000401" asserts="3" />
              <test-case id="0-4561" name="SuiteResultXml_Children" fullname="NUnit.Framework.Internal.Results.TestResultGeneralTests.SuiteResultXml_Children" methodname="SuiteResultXml_Children" classname="NUnit.Framework.Internal.Results.TestResultGeneralTests" runstate="Runnable" seed="1983918587" result="Passed" start-time="2017-02-21 11:04:47Z" end-time="2017-02-21 11:04:47Z" duration="0.000417" asserts="1" />
              <test-case id="0-4562" name="SuiteResultXml_Duration" fullname="NUnit.Framework.Internal.Results.TestResultGeneralTests.SuiteResultXml_Duration" methodname="SuiteResultXml_Duration" classname="NUnit.Framework.Internal.Results.TestResultGeneralTests" runstate="Runnable" seed="211463911" result="Passed" start-time="2017-02-21 11:04:47Z" end-time="2017-02-21 11:04:47Z" duration="0.000519" asserts="3" />
              <test-case id="0-4559" name="SuiteResultXml_Identification" fullname="NUnit.Framework.Internal.Results.TestResultGeneralTests.SuiteResultXml_Identification" methodname="SuiteResultXml_Identification" classname="NUnit.Framework.Internal.Results.TestResultGeneralTests" runstate="Runnable" seed="1735625572" result="Passed" start-time="2017-02-21 11:04:47Z" end-time="2017-02-21 11:04:47Z" duration="0.000790" asserts="4" />
              <test-case id="0-4560" name="SuiteResultXml_Properties" fullname="NUnit.Framework.Internal.Results.TestResultGeneralTests.SuiteResultXml_Properties" methodname="SuiteResultXml_Properties" classname="NUnit.Framework.Internal.Results.TestResultGeneralTests" runstate="Runnable" seed="1312759198" result="Passed" start-time="2017-02-21 11:04:47Z" end-time="2017-02-21 11:04:47Z" duration="0.000874" asserts="3" />
              <test-case id="0-4549" name="TestResult_Duration" fullname="NUnit.Framework.Internal.Results.TestResultGeneralTests.TestResult_Duration" methodname="TestResult_Duration" classname="NUnit.Framework.Internal.Results.TestResultGeneralTests" runstate="Runnable" seed="1039410737" result="Passed" start-time="2017-02-21 11:04:47Z" end-time="2017-02-21 11:04:47Z" duration="0.000249" asserts="3" />
              <test-case id="0-4547" name="TestResult_Identification" fullname="NUnit.Framework.Internal.Results.TestResultGeneralTests.TestResult_Identification" methodname="TestResult_Identification" classname="NUnit.Framework.Internal.Results.TestResultGeneralTests" runstate="Runnable" seed="437370694" result="Passed" start-time="2017-02-21 11:04:47Z" end-time="2017-02-21 11:04:47Z" duration="0.000156" asserts="2" />
              <test-case id="0-4550" name="TestResult_MinimumDuration" fullname="NUnit.Framework.Internal.Results.TestResultGeneralTests.TestResult_MinimumDuration" methodname="TestResult_MinimumDuration" classname="NUnit.Framework.Internal.Results.TestResultGeneralTests" runstate="Runnable" seed="437560075" result="Passed" start-time="2017-02-21 11:04:47Z" end-time="2017-02-21 11:04:47Z" duration="0.000153" asserts="1" />
              <test-case id="0-4548" name="TestResult_Properties" fullname="NUnit.Framework.Internal.Results.TestResultGeneralTests.TestResult_Properties" methodname="TestResult_Properties" classname="NUnit.Framework.Internal.Results.TestResultGeneralTests" runstate="Runnable" seed="1297560654" result="Passed" start-time="2017-02-21 11:04:47Z" end-time="2017-02-21 11:04:47Z" duration="0.000195" asserts="3" />
              <test-case id="0-4558" name="TestResultXml_Duration" fullname="NUnit.Framework.Internal.Results.TestResultGeneralTests.TestResultXml_Duration" methodname="TestResultXml_Duration" classname="NUnit.Framework.Internal.Results.TestResultGeneralTests" runstate="Runnable" seed="66226070" result="Passed" start-time="2017-02-21 11:04:47Z" end-time="2017-02-21 11:04:47Z" duration="0.000470" asserts="3" />
              <test-case id="0-4555" name="TestResultXml_Identification" fullname="NUnit.Framework.Internal.Results.TestResultGeneralTests.TestResultXml_Identification" methodname="TestResultXml_Identification" classname="NUnit.Framework.Internal.Results.TestResultGeneralTests" runstate="Runnable" seed="569337117" result="Passed" start-time="2017-02-21 11:04:47Z" end-time="2017-02-21 11:04:47Z" duration="0.001085" asserts="4" />
              <test-case id="0-4557" name="TestResultXml_NoChildren" fullname="NUnit.Framework.Internal.Results.TestResultGeneralTests.TestResultXml_NoChildren" methodname="TestResultXml_NoChildren" classname="NUnit.Framework.Internal.Results.TestResultGeneralTests" runstate="Runnable" seed="1447152503" result="Passed" start-time="2017-02-21 11:04:47Z" end-time="2017-02-21 11:04:47Z" duration="0.000496" asserts="1" />
              <test-case id="0-4556" name="TestResultXml_Properties" fullname="NUnit.Framework.Internal.Results.TestResultGeneralTests.TestResultXml_Properties" methodname="TestResultXml_Properties" classname="NUnit.Framework.Internal.Results.TestResultGeneralTests" runstate="Runnable" seed="1335968857" result="Passed" start-time="2017-02-21 11:04:47Z" end-time="2017-02-21 11:04:47Z" duration="0.000451" asserts="3" />
            </test-suite>
            <test-suite type="TestFixture" id="0-4576" name="TestResultNotRunnableTests" fullname="NUnit.Framework.Internal.Results.TestResultNotRunnableTests" classname="NUnit.Framework.Internal.Results.TestResultNotRunnableTests" runstate="Runnable" testcasecount="4" result="Passed" start-time="2017-02-21 11:04:47Z" end-time="2017-02-21 11:04:47Z" duration="0.014055" total="4" passed="4" failed="0" warnings="0" inconclusive="0" skipped="0" asserts="27">
              <test-case id="0-4578" name="SuiteResultIsFailure" fullname="NUnit.Framework.Internal.Results.TestResultNotRunnableTests.SuiteResultIsFailure" methodname="SuiteResultIsFailure" classname="NUnit.Framework.Internal.Results.TestResultNotRunnableTests" runstate="Runnable" seed="1059384122" result="Passed" start-time="2017-02-21 11:04:47Z" end-time="2017-02-21 11:04:47Z" duration="0.000357" asserts="9" />
              <test-case id="0-4580" name="SuiteResultXmlNodeIsFailure" fullname="NUnit.Framework.Internal.Results.TestResultNotRunnableTests.SuiteResultXmlNodeIsFailure" methodname="SuiteResultXmlNodeIsFailure" classname="NUnit.Framework.Internal.Results.TestResultNotRunnableTests" runstate="Runnable" seed="41880268" result="Passed" start-time="2017-02-21 11:04:47Z" end-time="2017-02-21 11:04:47Z" duration="0.000742" asserts="9" />
              <test-case id="0-4577" name="TestResultIsNotRunnable" fullname="NUnit.Framework.Internal.Results.TestResultNotRunnableTests.TestResultIsNotRunnable" methodname="TestResultIsNotRunnable" classname="NUnit.Framework.Internal.Results.TestResultNotRunnableTests" runstate="Runnable" seed="1731974638" result="Passed" start-time="2017-02-21 11:04:47Z" end-time="2017-02-21 11:04:47Z" duration="0.000134" asserts="2" />
              <test-case id="0-4579" name="TestResultXmlNodeIsNotRunnable" fullname="NUnit.Framework.Internal.Results.TestResultNotRunnableTests.TestResultXmlNodeIsNotRunnable" methodname="TestResultXmlNodeIsNotRunnable" classname="NUnit.Framework.Internal.Results.TestResultNotRunnableTests" runstate="Runnable" seed="549181596" result="Passed" start-time="2017-02-21 11:04:47Z" end-time="2017-02-21 11:04:47Z" duration="0.000727" asserts="7" />
            </test-suite>
            <test-suite type="TestFixture" id="0-4590" name="TestResultSuccessTests" fullname="NUnit.Framework.Internal.Results.TestResultSuccessTests" classname="NUnit.Framework.Internal.Results.TestResultSuccessTests" runstate="Runnable" testcasecount="4" result="Passed" start-time="2017-02-21 11:04:47Z" end-time="2017-02-21 11:04:47Z" duration="0.014008" total="4" passed="4" failed="0" warnings="0" inconclusive="0" skipped="0" asserts="26">
              <test-case id="0-4592" name="SuiteResultIsSuccess" fullname="NUnit.Framework.Internal.Results.TestResultSuccessTests.SuiteResultIsSuccess" methodname="SuiteResultIsSuccess" classname="NUnit.Framework.Internal.Results.TestResultSuccessTests" runstate="Runnable" seed="552832281" result="Passed" start-time="2017-02-21 11:04:47Z" end-time="2017-02-21 11:04:47Z" duration="0.000391" asserts="7" />
              <test-case id="0-4594" name="SuiteResultXmlNodeIsSuccess" fullname="NUnit.Framework.Internal.Results.TestResultSuccessTests.SuiteResultXmlNodeIsSuccess" methodname="SuiteResultXmlNodeIsSuccess" classname="NUnit.Framework.Internal.Results.TestResultSuccessTests" runstate="Runnable" seed="966612141" result="Passed" start-time="2017-02-21 11:04:47Z" end-time="2017-02-21 11:04:47Z" duration="0.000649" asserts="9" />
              <test-case id="0-4591" name="TestResultIsSuccess" fullname="NUnit.Framework.Internal.Results.TestResultSuccessTests.TestResultIsSuccess" methodname="TestResultIsSuccess" classname="NUnit.Framework.Internal.Results.TestResultSuccessTests" runstate="Runnable" seed="1659445849" result="Passed" start-time="2017-02-21 11:04:47Z" end-time="2017-02-21 11:04:47Z" duration="0.000182" asserts="2" />
              <test-case id="0-4593" name="TestResultXmlNodeIsSuccess" fullname="NUnit.Framework.Internal.Results.TestResultSuccessTests.TestResultXmlNodeIsSuccess" methodname="TestResultXmlNodeIsSuccess" classname="NUnit.Framework.Internal.Results.TestResultSuccessTests" runstate="Runnable" seed="469745787" result="Passed" start-time="2017-02-21 11:04:47Z" end-time="2017-02-21 11:04:47Z" duration="0.000444" asserts="8" />
            </test-suite>
            <test-suite type="TestFixture" id="0-4581" name="TestResultOutputTests" fullname="NUnit.Framework.Internal.Results.TestResultOutputTests" classname="NUnit.Framework.Internal.Results.TestResultOutputTests" runstate="Runnable" testcasecount="8" result="Passed" start-time="2017-02-21 11:04:47Z" end-time="2017-02-21 11:04:47Z" duration="0.045717" total="8" passed="8" failed="0" warnings="0" inconclusive="0" skipped="0" asserts="8">
              <test-case id="0-4583" name="CanWriteOutputToResult" fullname="NUnit.Framework.Internal.Results.TestResultOutputTests.CanWriteOutputToResult" methodname="CanWriteOutputToResult" classname="NUnit.Framework.Internal.Results.TestResultOutputTests" runstate="Runnable" seed="1844226312" result="Passed" start-time="2017-02-21 11:04:47Z" end-time="2017-02-21 11:04:47Z" duration="0.000604" asserts="1" />
              <test-case id="0-4584" name="CanWriteOutputToResult_Multiple" fullname="NUnit.Framework.Internal.Results.TestResultOutputTests.CanWriteOutputToResult_Multiple" methodname="CanWriteOutputToResult_Multiple" classname="NUnit.Framework.Internal.Results.TestResultOutputTests" runstate="Runnable" seed="929742994" result="Passed" start-time="2017-02-21 11:04:47Z" end-time="2017-02-21 11:04:47Z" duration="0.000559" asserts="1" />
              <test-case id="0-4587" name="CanWriteOutputToResult_Multiple_XmlOutput" fullname="NUnit.Framework.Internal.Results.TestResultOutputTests.CanWriteOutputToResult_Multiple_XmlOutput" methodname="CanWriteOutputToResult_Multiple_XmlOutput" classname="NUnit.Framework.Internal.Results.TestResultOutputTests" runstate="Runnable" seed="1729229059" result="Passed" start-time="2017-02-21 11:04:47Z" end-time="2017-02-21 11:04:47Z" duration="0.000748" asserts="2" />
              <test-case id="0-4586" name="CanWriteOutputToResult_XmlOutput" fullname="NUnit.Framework.Internal.Results.TestResultOutputTests.CanWriteOutputToResult_XmlOutput" methodname="CanWriteOutputToResult_XmlOutput" classname="NUnit.Framework.Internal.Results.TestResultOutputTests" runstate="Runnable" seed="320833576" result="Passed" start-time="2017-02-21 11:04:47Z" end-time="2017-02-21 11:04:47Z" duration="0.000561" asserts="2" />
              <test-case id="0-4582" name="IfNothingIsWritten_OutputIsEmpty" fullname="NUnit.Framework.Internal.Results.TestResultOutputTests.IfNothingIsWritten_OutputIsEmpty" methodname="IfNothingIsWritten_OutputIsEmpty" classname="NUnit.Framework.Internal.Results.TestResultOutputTests" runstate="Runnable" seed="736809873" result="Passed" start-time="2017-02-21 11:04:47Z" end-time="2017-02-21 11:04:47Z" duration="0.000556" asserts="1" />
              <test-case id="0-4585" name="IfNothingIsWritten_XmlOutputIsEmpty" fullname="NUnit.Framework.Internal.Results.TestResultOutputTests.IfNothingIsWritten_XmlOutputIsEmpty" methodname="IfNothingIsWritten_XmlOutputIsEmpty" classname="NUnit.Framework.Internal.Results.TestResultOutputTests" runstate="Runnable" seed="1699951223" result="Passed" start-time="2017-02-21 11:04:47Z" end-time="2017-02-21 11:04:47Z" duration="0.015261" asserts="1" />
              <test-case id="0-4588" name="WriteToTestContextOutput" fullname="NUnit.Framework.Internal.Results.TestResultOutputTests.WriteToTestContextOutput" methodname="WriteToTestContextOutput" classname="NUnit.Framework.Internal.Results.TestResultOutputTests" runstate="Runnable" seed="1594377179" result="Passed" start-time="2017-02-21 11:04:47Z" end-time="2017-02-21 11:04:47Z" duration="0.000684" asserts="0">
                <output><![CDATA[This is a test!
The characters &, ', ", < and > must be escaped.
]]></output>
              </test-case>
              <test-case id="0-4589" name="WriteToTestContextProgress" fullname="NUnit.Framework.Internal.Results.TestResultOutputTests.WriteToTestContextProgress" methodname="WriteToTestContextProgress" classname="NUnit.Framework.Internal.Results.TestResultOutputTests" runstate="Runnable" seed="1081207683" result="Passed" start-time="2017-02-21 11:04:47Z" end-time="2017-02-21 11:04:47Z" duration="0.002233" asserts="0" />
            </test-suite>
          </test-suite>
          <test-suite type="TestFixture" id="0-4441" name="RandomizerTests" fullname="NUnit.Framework.Internal.RandomizerTests" classname="NUnit.Framework.Internal.RandomizerTests" runstate="Runnable" testcasecount="83" result="Passed" start-time="2017-02-21 11:04:47Z" end-time="2017-02-21 11:04:48Z" duration="0.395627" total="83" passed="83" failed="0" warnings="0" inconclusive="0" skipped="0" asserts="65">
            <test-case id="0-4493" name="RandomBool" fullname="NUnit.Framework.Internal.RandomizerTests.RandomBool" methodname="RandomBool" classname="NUnit.Framework.Internal.RandomizerTests" runstate="Runnable" seed="189985718" result="Passed" start-time="2017-02-21 11:04:47Z" end-time="2017-02-21 11:04:47Z" duration="0.003089" asserts="0" />
            <test-case id="0-4494" name="RandomBoolWithProbability" fullname="NUnit.Framework.Internal.RandomizerTests.RandomBoolWithProbability" methodname="RandomBoolWithProbability" classname="NUnit.Framework.Internal.RandomizerTests" runstate="Runnable" seed="2105142462" result="Passed" start-time="2017-02-21 11:04:47Z" end-time="2017-02-21 11:04:47Z" duration="0.000438" asserts="0" />
            <test-case id="0-4495" name="RandomBoolWithProbabilityOutOfRange" fullname="NUnit.Framework.Internal.RandomizerTests.RandomBoolWithProbabilityOutOfRange" methodname="RandomBoolWithProbabilityOutOfRange" classname="NUnit.Framework.Internal.RandomizerTests" runstate="Runnable" seed="1007901215" result="Passed" start-time="2017-02-21 11:04:47Z" end-time="2017-02-21 11:04:47Z" duration="0.000870" asserts="1" />
            <test-case id="0-4496" name="RandomBoolWithProbabilityZeroIsAlwaysFalse" fullname="NUnit.Framework.Internal.RandomizerTests.RandomBoolWithProbabilityZeroIsAlwaysFalse" methodname="RandomBoolWithProbabilityZeroIsAlwaysFalse" classname="NUnit.Framework.Internal.RandomizerTests" runstate="Runnable" seed="1239735992" result="Passed" start-time="2017-02-21 11:04:47Z" end-time="2017-02-21 11:04:47Z" duration="0.000462" asserts="10" />
            <test-case id="0-4479" name="RandomByte" fullname="NUnit.Framework.Internal.RandomizerTests.RandomByte" methodname="RandomByte" classname="NUnit.Framework.Internal.RandomizerTests" runstate="Runnable" seed="1911298643" result="Passed" start-time="2017-02-21 11:04:47Z" end-time="2017-02-21 11:04:47Z" duration="0.000561" asserts="1" />
            <test-case id="0-4481" name="RandomByteInRange" fullname="NUnit.Framework.Internal.RandomizerTests.RandomByteInRange" methodname="RandomByteInRange" classname="NUnit.Framework.Internal.RandomizerTests" runstate="Runnable" seed="296187930" result="Passed" start-time="2017-02-21 11:04:47Z" end-time="2017-02-21 11:04:47Z" duration="0.000344" asserts="1" />
            <test-case id="0-4483" name="RandomByteInRange_MinEqualsMax" fullname="NUnit.Framework.Internal.RandomizerTests.RandomByteInRange_MinEqualsMax" methodname="RandomByteInRange_MinEqualsMax" classname="NUnit.Framework.Internal.RandomizerTests" runstate="Runnable" seed="1672289440" result="Passed" start-time="2017-02-21 11:04:47Z" end-time="2017-02-21 11:04:47Z" duration="0.000307" asserts="1" />
            <test-case id="0-4482" name="RandomByteInRange_Reversed" fullname="NUnit.Framework.Internal.RandomizerTests.RandomByteInRange_Reversed" methodname="RandomByteInRange_Reversed" classname="NUnit.Framework.Internal.RandomizerTests" runstate="Runnable" seed="1486222872" result="Passed" start-time="2017-02-21 11:04:47Z" end-time="2017-02-21 11:04:47Z" duration="0.002415" asserts="1" />
            <test-case id="0-4484" name="RandomBytesAreUnique" fullname="NUnit.Framework.Internal.RandomizerTests.RandomBytesAreUnique" methodname="RandomBytesAreUnique" classname="NUnit.Framework.Internal.RandomizerTests" runstate="Runnable" seed="40205157" result="Passed" start-time="2017-02-21 11:04:47Z" end-time="2017-02-21 11:04:47Z" duration="0.003384" asserts="0" />
            <test-case id="0-4485" name="RandomBytesInRangeAreUnique" fullname="NUnit.Framework.Internal.RandomizerTests.RandomBytesInRangeAreUnique" methodname="RandomBytesInRangeAreUnique" classname="NUnit.Framework.Internal.RandomizerTests" runstate="Runnable" seed="2114317105" result="Passed" start-time="2017-02-21 11:04:47Z" end-time="2017-02-21 11:04:47Z" duration="0.000403" asserts="0" />
            <test-case id="0-4480" name="RandomByteWithMaximum" fullname="NUnit.Framework.Internal.RandomizerTests.RandomByteWithMaximum" methodname="RandomByteWithMaximum" classname="NUnit.Framework.Internal.RandomizerTests" runstate="Runnable" seed="794690342" result="Passed" start-time="2017-02-21 11:04:47Z" end-time="2017-02-21 11:04:47Z" duration="0.000319" asserts="1" />
            <test-case id="0-4511" name="RandomDecimal" fullname="NUnit.Framework.Internal.RandomizerTests.RandomDecimal" methodname="RandomDecimal" classname="NUnit.Framework.Internal.RandomizerTests" runstate="Runnable" seed="694929470" result="Passed" start-time="2017-02-21 11:04:47Z" end-time="2017-02-21 11:04:47Z" duration="0.000683" asserts="2" />
            <test-case id="0-4513" name="RandomDecimalInRange" fullname="NUnit.Framework.Internal.RandomizerTests.RandomDecimalInRange" methodname="RandomDecimalInRange" classname="NUnit.Framework.Internal.RandomizerTests" runstate="Runnable" seed="1144262690" result="Passed" start-time="2017-02-21 11:04:47Z" end-time="2017-02-21 11:04:47Z" duration="0.001323" asserts="2" />
            <test-case id="0-4515" name="RandomDecimalInRange_MinEqualsMax" fullname="NUnit.Framework.Internal.RandomizerTests.RandomDecimalInRange_MinEqualsMax" methodname="RandomDecimalInRange_MinEqualsMax" classname="NUnit.Framework.Internal.RandomizerTests" runstate="Runnable" seed="1256535920" result="Passed" start-time="2017-02-21 11:04:47Z" end-time="2017-02-21 11:04:47Z" duration="0.000191" asserts="1" />
            <test-case id="0-4514" name="RandomDecimalInRange_Reversed" fullname="NUnit.Framework.Internal.RandomizerTests.RandomDecimalInRange_Reversed" methodname="RandomDecimalInRange_Reversed" classname="NUnit.Framework.Internal.RandomizerTests" runstate="Runnable" seed="1588943552" result="Passed" start-time="2017-02-21 11:04:47Z" end-time="2017-02-21 11:04:47Z" duration="0.000702" asserts="1" />
            <test-case id="0-4516" name="RandomDecimalRangeTooGreat" fullname="NUnit.Framework.Internal.RandomizerTests.RandomDecimalRangeTooGreat" methodname="RandomDecimalRangeTooGreat" classname="NUnit.Framework.Internal.RandomizerTests" runstate="Runnable" seed="1002200240" result="Passed" start-time="2017-02-21 11:04:47Z" end-time="2017-02-21 11:04:47Z" duration="0.000506" asserts="1" />
            <test-case id="0-4517" name="RandomDecimalsAreUnique" fullname="NUnit.Framework.Internal.RandomizerTests.RandomDecimalsAreUnique" methodname="RandomDecimalsAreUnique" classname="NUnit.Framework.Internal.RandomizerTests" runstate="Runnable" seed="1135496553" result="Passed" start-time="2017-02-21 11:04:47Z" end-time="2017-02-21 11:04:47Z" duration="0.004853" asserts="0" />
            <test-case id="0-4518" name="RandomDecimalsInRangeAreUnique" fullname="NUnit.Framework.Internal.RandomizerTests.RandomDecimalsInRangeAreUnique" methodname="RandomDecimalsInRangeAreUnique" classname="NUnit.Framework.Internal.RandomizerTests" runstate="Runnable" seed="1440556414" result="Passed" start-time="2017-02-21 11:04:47Z" end-time="2017-02-21 11:04:47Z" duration="0.000205" asserts="0" />
            <test-case id="0-4512" name="RandomDecimalWithMaximum" fullname="NUnit.Framework.Internal.RandomizerTests.RandomDecimalWithMaximum" methodname="RandomDecimalWithMaximum" classname="NUnit.Framework.Internal.RandomizerTests" runstate="Runnable" seed="19727505" result="Passed" start-time="2017-02-21 11:04:47Z" end-time="2017-02-21 11:04:47Z" duration="0.000280" asserts="2" />
            <test-case id="0-4497" name="RandomDouble" fullname="NUnit.Framework.Internal.RandomizerTests.RandomDouble" methodname="RandomDouble" classname="NUnit.Framework.Internal.RandomizerTests" runstate="Runnable" seed="2074834839" result="Passed" start-time="2017-02-21 11:04:47Z" end-time="2017-02-21 11:04:47Z" duration="0.000147" asserts="1" />
            <test-case id="0-4499" name="RandomDoubleInRange" fullname="NUnit.Framework.Internal.RandomizerTests.RandomDoubleInRange" methodname="RandomDoubleInRange" classname="NUnit.Framework.Internal.RandomizerTests" runstate="Runnable" seed="1754824841" result="Passed" start-time="2017-02-21 11:04:47Z" end-time="2017-02-21 11:04:47Z" duration="0.000206" asserts="1" />
            <test-case id="0-4501" name="RandomDoubleInRange_MinEqualsMax" fullname="NUnit.Framework.Internal.RandomizerTests.RandomDoubleInRange_MinEqualsMax" methodname="RandomDoubleInRange_MinEqualsMax" classname="NUnit.Framework.Internal.RandomizerTests" runstate="Runnable" seed="912149995" result="Passed" start-time="2017-02-21 11:04:47Z" end-time="2017-02-21 11:04:47Z" duration="0.000190" asserts="1" />
            <test-case id="0-4500" name="RandomDoubleInRange_Reversed" fullname="NUnit.Framework.Internal.RandomizerTests.RandomDoubleInRange_Reversed" methodname="RandomDoubleInRange_Reversed" classname="NUnit.Framework.Internal.RandomizerTests" runstate="Runnable" seed="129536712" result="Passed" start-time="2017-02-21 11:04:47Z" end-time="2017-02-21 11:04:47Z" duration="0.000495" asserts="1" />
            <test-case id="0-4502" name="RandomDoublesAreUnique" fullname="NUnit.Framework.Internal.RandomizerTests.RandomDoublesAreUnique" methodname="RandomDoublesAreUnique" classname="NUnit.Framework.Internal.RandomizerTests" runstate="Runnable" seed="1627380615" result="Passed" start-time="2017-02-21 11:04:47Z" end-time="2017-02-21 11:04:47Z" duration="0.001933" asserts="0" />
            <test-case id="0-4503" name="RandomDoublesInRangeAreUnique" fullname="NUnit.Framework.Internal.RandomizerTests.RandomDoublesInRangeAreUnique" methodname="RandomDoublesInRangeAreUnique" classname="NUnit.Framework.Internal.RandomizerTests" runstate="Runnable" seed="530161778" result="Passed" start-time="2017-02-21 11:04:47Z" end-time="2017-02-21 11:04:47Z" duration="0.000166" asserts="0" />
            <test-case id="0-4498" name="RandomDoubleWithMaximum" fullname="NUnit.Framework.Internal.RandomizerTests.RandomDoubleWithMaximum" methodname="RandomDoubleWithMaximum" classname="NUnit.Framework.Internal.RandomizerTests" runstate="Runnable" seed="827742578" result="Passed" start-time="2017-02-21 11:04:47Z" end-time="2017-02-21 11:04:47Z" duration="0.002111" asserts="1" />
            <test-case id="0-4524" name="RandomEnum" fullname="NUnit.Framework.Internal.RandomizerTests.RandomEnum" methodname="RandomEnum" classname="NUnit.Framework.Internal.RandomizerTests" runstate="Runnable" seed="164931159" result="Passed" start-time="2017-02-21 11:04:47Z" end-time="2017-02-21 11:04:47Z" duration="0.001866" asserts="0" />
            <test-case id="0-4525" name="RandomEnum_Generic" fullname="NUnit.Framework.Internal.RandomizerTests.RandomEnum_Generic" methodname="RandomEnum_Generic" classname="NUnit.Framework.Internal.RandomizerTests" runstate="Runnable" seed="1140051881" result="Passed" start-time="2017-02-21 11:04:47Z" end-time="2017-02-21 11:04:47Z" duration="0.002063" asserts="0" />
            <test-case id="0-4504" name="RandomFloat" fullname="NUnit.Framework.Internal.RandomizerTests.RandomFloat" methodname="RandomFloat" classname="NUnit.Framework.Internal.RandomizerTests" runstate="Runnable" seed="1417755549" result="Passed" start-time="2017-02-21 11:04:47Z" end-time="2017-02-21 11:04:47Z" duration="0.000153" asserts="1" />
            <test-case id="0-4506" name="RandomFloatInRange" fullname="NUnit.Framework.Internal.RandomizerTests.RandomFloatInRange" methodname="RandomFloatInRange" classname="NUnit.Framework.Internal.RandomizerTests" runstate="Runnable" seed="474569114" result="Passed" start-time="2017-02-21 11:04:47Z" end-time="2017-02-21 11:04:47Z" duration="0.000328" asserts="1" />
            <test-case id="0-4508" name="RandomFloatInRange_MinEqualsMax" fullname="NUnit.Framework.Internal.RandomizerTests.RandomFloatInRange_MinEqualsMax" methodname="RandomFloatInRange_MinEqualsMax" classname="NUnit.Framework.Internal.RandomizerTests" runstate="Runnable" seed="21917027" result="Passed" start-time="2017-02-21 11:04:47Z" end-time="2017-02-21 11:04:47Z" duration="0.000167" asserts="1" />
            <test-case id="0-4507" name="RandomFloatInRange_Reversed" fullname="NUnit.Framework.Internal.RandomizerTests.RandomFloatInRange_Reversed" methodname="RandomFloatInRange_Reversed" classname="NUnit.Framework.Internal.RandomizerTests" runstate="Runnable" seed="1758962472" result="Passed" start-time="2017-02-21 11:04:47Z" end-time="2017-02-21 11:04:47Z" duration="0.001741" asserts="1" />
            <test-case id="0-4509" name="RandomFloatsAreUnique" fullname="NUnit.Framework.Internal.RandomizerTests.RandomFloatsAreUnique" methodname="RandomFloatsAreUnique" classname="NUnit.Framework.Internal.RandomizerTests" runstate="Runnable" seed="922170135" result="Passed" start-time="2017-02-21 11:04:47Z" end-time="2017-02-21 11:04:47Z" duration="0.002997" asserts="0" />
            <test-case id="0-4510" name="RandomFloatsInRangeAreUnique" fullname="NUnit.Framework.Internal.RandomizerTests.RandomFloatsInRangeAreUnique" methodname="RandomFloatsInRangeAreUnique" classname="NUnit.Framework.Internal.RandomizerTests" runstate="Runnable" seed="429218526" result="Passed" start-time="2017-02-21 11:04:47Z" end-time="2017-02-21 11:04:47Z" duration="0.000182" asserts="0" />
            <test-case id="0-4505" name="RandomFloatWithMaximum" fullname="NUnit.Framework.Internal.RandomizerTests.RandomFloatWithMaximum" methodname="RandomFloatWithMaximum" classname="NUnit.Framework.Internal.RandomizerTests" runstate="Runnable" seed="466554179" result="Passed" start-time="2017-02-21 11:04:47Z" end-time="2017-02-21 11:04:47Z" duration="0.000190" asserts="1" />
            <test-case id="0-4442" name="RandomIntsAreUnique" fullname="NUnit.Framework.Internal.RandomizerTests.RandomIntsAreUnique" methodname="RandomIntsAreUnique" classname="NUnit.Framework.Internal.RandomizerTests" runstate="Runnable" seed="1676612117" result="Passed" start-time="2017-02-21 11:04:47Z" end-time="2017-02-21 11:04:47Z" duration="0.001336" asserts="0" />
            <test-case id="0-4443" name="RandomIntsInRangeAreUnique" fullname="NUnit.Framework.Internal.RandomizerTests.RandomIntsInRangeAreUnique" methodname="RandomIntsInRangeAreUnique" classname="NUnit.Framework.Internal.RandomizerTests" runstate="Runnable" seed="45300502" result="Passed" start-time="2017-02-21 11:04:47Z" end-time="2017-02-21 11:04:47Z" duration="0.000203" asserts="0" />
            <test-case id="0-4465" name="RandomLong" fullname="NUnit.Framework.Internal.RandomizerTests.RandomLong" methodname="RandomLong" classname="NUnit.Framework.Internal.RandomizerTests" runstate="Runnable" seed="1881425218" result="Passed" start-time="2017-02-21 11:04:47Z" end-time="2017-02-21 11:04:47Z" duration="0.000441" asserts="1" />
            <test-case id="0-4467" name="RandomLongInRange" fullname="NUnit.Framework.Internal.RandomizerTests.RandomLongInRange" methodname="RandomLongInRange" classname="NUnit.Framework.Internal.RandomizerTests" runstate="Runnable" seed="1777284748" result="Passed" start-time="2017-02-21 11:04:47Z" end-time="2017-02-21 11:04:47Z" duration="0.000752" asserts="1" />
            <test-case id="0-4469" name="RandomLongInRange_MinEqualsMax" fullname="NUnit.Framework.Internal.RandomizerTests.RandomLongInRange_MinEqualsMax" methodname="RandomLongInRange_MinEqualsMax" classname="NUnit.Framework.Internal.RandomizerTests" runstate="Runnable" seed="853679240" result="Passed" start-time="2017-02-21 11:04:47Z" end-time="2017-02-21 11:04:47Z" duration="0.000383" asserts="1" />
            <test-case id="0-4468" name="RandomLongInRange_Reversed" fullname="NUnit.Framework.Internal.RandomizerTests.RandomLongInRange_Reversed" methodname="RandomLongInRange_Reversed" classname="NUnit.Framework.Internal.RandomizerTests" runstate="Runnable" seed="1035950607" result="Passed" start-time="2017-02-21 11:04:47Z" end-time="2017-02-21 11:04:47Z" duration="0.002130" asserts="1" />
            <test-case id="0-4470" name="RandomLongsAreUnique" fullname="NUnit.Framework.Internal.RandomizerTests.RandomLongsAreUnique" methodname="RandomLongsAreUnique" classname="NUnit.Framework.Internal.RandomizerTests" runstate="Runnable" seed="104456232" result="Passed" start-time="2017-02-21 11:04:47Z" end-time="2017-02-21 11:04:47Z" duration="0.003733" asserts="0" />
            <test-case id="0-4471" name="RandomLongsInRangeAreUnique" fullname="NUnit.Framework.Internal.RandomizerTests.RandomLongsInRangeAreUnique" methodname="RandomLongsInRangeAreUnique" classname="NUnit.Framework.Internal.RandomizerTests" runstate="Runnable" seed="1579219896" result="Passed" start-time="2017-02-21 11:04:47Z" end-time="2017-02-21 11:04:47Z" duration="0.000557" asserts="0" />
            <test-case id="0-4466" name="RandomLongWithMaximum" fullname="NUnit.Framework.Internal.RandomizerTests.RandomLongWithMaximum" methodname="RandomLongWithMaximum" classname="NUnit.Framework.Internal.RandomizerTests" runstate="Runnable" seed="1475732859" result="Passed" start-time="2017-02-21 11:04:47Z" end-time="2017-02-21 11:04:47Z" duration="0.000266" asserts="1" />
            <test-case id="0-4486" name="RandomSByte" fullname="NUnit.Framework.Internal.RandomizerTests.RandomSByte" methodname="RandomSByte" classname="NUnit.Framework.Internal.RandomizerTests" runstate="Runnable" seed="1316142947" result="Passed" start-time="2017-02-21 11:04:47Z" end-time="2017-02-21 11:04:47Z" duration="0.000263" asserts="1" />
            <test-case id="0-4488" name="RandomSByteInRange" fullname="NUnit.Framework.Internal.RandomizerTests.RandomSByteInRange" methodname="RandomSByteInRange" classname="NUnit.Framework.Internal.RandomizerTests" runstate="Runnable" seed="984556075" result="Passed" start-time="2017-02-21 11:04:47Z" end-time="2017-02-21 11:04:47Z" duration="0.000236" asserts="1" />
            <test-case id="0-4490" name="RandomSbyteInRange_MinEqualsMax" fullname="NUnit.Framework.Internal.RandomizerTests.RandomSbyteInRange_MinEqualsMax" methodname="RandomSbyteInRange_MinEqualsMax" classname="NUnit.Framework.Internal.RandomizerTests" runstate="Runnable" seed="1662678971" result="Passed" start-time="2017-02-21 11:04:47Z" end-time="2017-02-21 11:04:47Z" duration="0.000275" asserts="1" />
            <test-case id="0-4489" name="RandomSByteInRange_Reversed" fullname="NUnit.Framework.Internal.RandomizerTests.RandomSByteInRange_Reversed" methodname="RandomSByteInRange_Reversed" classname="NUnit.Framework.Internal.RandomizerTests" runstate="Runnable" seed="890989489" result="Passed" start-time="2017-02-21 11:04:47Z" end-time="2017-02-21 11:04:47Z" duration="0.001068" asserts="1" />
            <test-case id="0-4491" name="RandomSBytesAreUnique" fullname="NUnit.Framework.Internal.RandomizerTests.RandomSBytesAreUnique" methodname="RandomSBytesAreUnique" classname="NUnit.Framework.Internal.RandomizerTests" runstate="Runnable" seed="418048491" result="Passed" start-time="2017-02-21 11:04:47Z" end-time="2017-02-21 11:04:47Z" duration="0.010292" asserts="0" />
            <test-case id="0-4492" name="RandomSBytesInRangeAreUnique" fullname="NUnit.Framework.Internal.RandomizerTests.RandomSBytesInRangeAreUnique" methodname="RandomSBytesInRangeAreUnique" classname="NUnit.Framework.Internal.RandomizerTests" runstate="Runnable" seed="1989729553" result="Passed" start-time="2017-02-21 11:04:47Z" end-time="2017-02-21 11:04:47Z" duration="0.000778" asserts="0" />
            <test-case id="0-4487" name="RandomSByteWithMaximum" fullname="NUnit.Framework.Internal.RandomizerTests.RandomSByteWithMaximum" methodname="RandomSByteWithMaximum" classname="NUnit.Framework.Internal.RandomizerTests" runstate="Runnable" seed="367831016" result="Passed" start-time="2017-02-21 11:04:47Z" end-time="2017-02-21 11:04:47Z" duration="0.000568" asserts="1" />
            <test-case id="0-4451" name="RandomShort" fullname="NUnit.Framework.Internal.RandomizerTests.RandomShort" methodname="RandomShort" classname="NUnit.Framework.Internal.RandomizerTests" runstate="Runnable" seed="188116760" result="Passed" start-time="2017-02-21 11:04:47Z" end-time="2017-02-21 11:04:47Z" duration="0.001667" asserts="1" />
            <test-case id="0-4453" name="RandomShortInRange" fullname="NUnit.Framework.Internal.RandomizerTests.RandomShortInRange" methodname="RandomShortInRange" classname="NUnit.Framework.Internal.RandomizerTests" runstate="Runnable" seed="1856200981" result="Passed" start-time="2017-02-21 11:04:47Z" end-time="2017-02-21 11:04:47Z" duration="0.000923" asserts="1" />
            <test-case id="0-4455" name="RandomShortInRange_MinEqualsMax" fullname="NUnit.Framework.Internal.RandomizerTests.RandomShortInRange_MinEqualsMax" methodname="RandomShortInRange_MinEqualsMax" classname="NUnit.Framework.Internal.RandomizerTests" runstate="Runnable" seed="218068135" result="Passed" start-time="2017-02-21 11:04:47Z" end-time="2017-02-21 11:04:47Z" duration="0.000254" asserts="1" />
            <test-case id="0-4454" name="RandomShortInRange_Reversed" fullname="NUnit.Framework.Internal.RandomizerTests.RandomShortInRange_Reversed" methodname="RandomShortInRange_Reversed" classname="NUnit.Framework.Internal.RandomizerTests" runstate="Runnable" seed="1101222940" result="Passed" start-time="2017-02-21 11:04:47Z" end-time="2017-02-21 11:04:47Z" duration="0.001516" asserts="1" />
            <test-case id="0-4456" name="RandomShortsAreUnique" fullname="NUnit.Framework.Internal.RandomizerTests.RandomShortsAreUnique" methodname="RandomShortsAreUnique" classname="NUnit.Framework.Internal.RandomizerTests" runstate="Runnable" seed="1395269683" result="Passed" start-time="2017-02-21 11:04:47Z" end-time="2017-02-21 11:04:47Z" duration="0.004861" asserts="0" />
            <test-case id="0-4457" name="RandomShortsInRangeAreUnique" fullname="NUnit.Framework.Internal.RandomizerTests.RandomShortsInRangeAreUnique" methodname="RandomShortsInRangeAreUnique" classname="NUnit.Framework.Internal.RandomizerTests" runstate="Runnable" seed="1895164386" result="Passed" start-time="2017-02-21 11:04:47Z" end-time="2017-02-21 11:04:47Z" duration="0.005955" asserts="0" />
            <test-case id="0-4452" name="RandomShortWithMaximum" fullname="NUnit.Framework.Internal.RandomizerTests.RandomShortWithMaximum" methodname="RandomShortWithMaximum" classname="NUnit.Framework.Internal.RandomizerTests" runstate="Runnable" seed="1368631067" result="Passed" start-time="2017-02-21 11:04:47Z" end-time="2017-02-21 11:04:47Z" duration="0.000676" asserts="1" />
            <test-case id="0-4519" name="RandomStringsAreUnique" fullname="NUnit.Framework.Internal.RandomizerTests.RandomStringsAreUnique" methodname="RandomStringsAreUnique" classname="NUnit.Framework.Internal.RandomizerTests" runstate="Runnable" seed="957631880" result="Passed" start-time="2017-02-21 11:04:47Z" end-time="2017-02-21 11:04:47Z" duration="0.001926" asserts="0">
              <properties>
                <property name="Description" value="Test that all generated strings are unique" />
              </properties>
            </test-case>
            <test-suite type="ParameterizedMethod" id="0-4523" name="RandomStringsAreUnique" fullname="NUnit.Framework.Internal.RandomizerTests.RandomStringsAreUnique" classname="NUnit.Framework.Internal.RandomizerTests" runstate="Runnable" testcasecount="3" result="Passed" start-time="2017-02-21 11:04:47Z" end-time="2017-02-21 11:04:48Z" duration="0.011116" total="3" passed="3" failed="0" warnings="0" inconclusive="0" skipped="0" asserts="0">
              <properties>
                <property name="Description" value="Test that all generated strings are unique for varying output length" />
              </properties>
              <test-case id="0-4520" name="RandomStringsAreUnique(30,&quot;Tｈｅɋúｉｃｋƃｒòｗｎｆ߀хｊｕｍｐëԁoѵerｔհëｌａȥｙｄｏɢ&quot;)" fullname="NUnit.Framework.Internal.RandomizerTests.RandomStringsAreUnique(30,&quot;Tｈｅɋúｉｃｋƃｒòｗｎｆ߀хｊｕｍｐëԁoѵerｔհëｌａȥｙｄｏɢ&quot;)" methodname="RandomStringsAreUnique" classname="NUnit.Framework.Internal.RandomizerTests" runstate="Runnable" seed="1848604543" result="Passed" start-time="2017-02-21 11:04:48Z" end-time="2017-02-21 11:04:48Z" duration="0.000506" asserts="0" />
              <test-case id="0-4521" name="RandomStringsAreUnique(200,&quot;ａèí߀ù123456&quot;)" fullname="NUnit.Framework.Internal.RandomizerTests.RandomStringsAreUnique(200,&quot;ａèí߀ù123456&quot;)" methodname="RandomStringsAreUnique" classname="NUnit.Framework.Internal.RandomizerTests" runstate="Runnable" seed="1781483278" result="Passed" start-time="2017-02-21 11:04:48Z" end-time="2017-02-21 11:04:48Z" duration="0.000614" asserts="0" />
              <test-case id="0-4522" name="RandomStringsAreUnique(1000,&quot;abcdefghijkmnopqrstuvwxyzABCDEFGHJKLMNOPQRSTUVWXYZ0123456789_&quot;)" fullname="NUnit.Framework.Internal.RandomizerTests.RandomStringsAreUnique(1000,&quot;abcdefghijkmnopqrstuvwxyzABCDEFGHJKLMNOPQRSTUVWXYZ0123456789_&quot;)" methodname="RandomStringsAreUnique" classname="NUnit.Framework.Internal.RandomizerTests" runstate="Runnable" seed="1510043198" result="Passed" start-time="2017-02-21 11:04:48Z" end-time="2017-02-21 11:04:48Z" duration="0.000461" asserts="0" />
            </test-suite>
            <test-case id="0-4444" name="RandomUInt" fullname="NUnit.Framework.Internal.RandomizerTests.RandomUInt" methodname="RandomUInt" classname="NUnit.Framework.Internal.RandomizerTests" runstate="Runnable" seed="1822767048" result="Passed" start-time="2017-02-21 11:04:48Z" end-time="2017-02-21 11:04:48Z" duration="0.001696" asserts="1" />
            <test-case id="0-4446" name="RandomUIntInRange" fullname="NUnit.Framework.Internal.RandomizerTests.RandomUIntInRange" methodname="RandomUIntInRange" classname="NUnit.Framework.Internal.RandomizerTests" runstate="Runnable" seed="1160971369" result="Passed" start-time="2017-02-21 11:04:48Z" end-time="2017-02-21 11:04:48Z" duration="0.000858" asserts="1" />
            <test-case id="0-4448" name="RandomUintInRange_MinEqualsMax" fullname="NUnit.Framework.Internal.RandomizerTests.RandomUintInRange_MinEqualsMax" methodname="RandomUintInRange_MinEqualsMax" classname="NUnit.Framework.Internal.RandomizerTests" runstate="Runnable" seed="1181907478" result="Passed" start-time="2017-02-21 11:04:48Z" end-time="2017-02-21 11:04:48Z" duration="0.000228" asserts="1" />
            <test-case id="0-4447" name="RandomUintInRange_Reversed" fullname="NUnit.Framework.Internal.RandomizerTests.RandomUintInRange_Reversed" methodname="RandomUintInRange_Reversed" classname="NUnit.Framework.Internal.RandomizerTests" runstate="Runnable" seed="1806325457" result="Passed" start-time="2017-02-21 11:04:48Z" end-time="2017-02-21 11:04:48Z" duration="0.001970" asserts="1" />
            <test-case id="0-4449" name="RandomUIntsAreUnique" fullname="NUnit.Framework.Internal.RandomizerTests.RandomUIntsAreUnique" methodname="RandomUIntsAreUnique" classname="NUnit.Framework.Internal.RandomizerTests" runstate="Runnable" seed="251565539" result="Passed" start-time="2017-02-21 11:04:48Z" end-time="2017-02-21 11:04:48Z" duration="0.003120" asserts="0" />
            <test-case id="0-4450" name="RandomUIntsInRangeAreUnique" fullname="NUnit.Framework.Internal.RandomizerTests.RandomUIntsInRangeAreUnique" methodname="RandomUIntsInRangeAreUnique" classname="NUnit.Framework.Internal.RandomizerTests" runstate="Runnable" seed="960075894" result="Passed" start-time="2017-02-21 11:04:48Z" end-time="2017-02-21 11:04:48Z" duration="0.000998" asserts="0" />
            <test-case id="0-4445" name="RandomUIntWithMaximum" fullname="NUnit.Framework.Internal.RandomizerTests.RandomUIntWithMaximum" methodname="RandomUIntWithMaximum" classname="NUnit.Framework.Internal.RandomizerTests" runstate="Runnable" seed="892139561" result="Passed" start-time="2017-02-21 11:04:48Z" end-time="2017-02-21 11:04:48Z" duration="0.000947" asserts="1" />
            <test-case id="0-4472" name="RandomULong" fullname="NUnit.Framework.Internal.RandomizerTests.RandomULong" methodname="RandomULong" classname="NUnit.Framework.Internal.RandomizerTests" runstate="Runnable" seed="1461521040" result="Passed" start-time="2017-02-21 11:04:48Z" end-time="2017-02-21 11:04:48Z" duration="0.000855" asserts="1" />
            <test-case id="0-4474" name="RandomULongInRange" fullname="NUnit.Framework.Internal.RandomizerTests.RandomULongInRange" methodname="RandomULongInRange" classname="NUnit.Framework.Internal.RandomizerTests" runstate="Runnable" seed="1503083414" result="Passed" start-time="2017-02-21 11:04:48Z" end-time="2017-02-21 11:04:48Z" duration="0.001382" asserts="1" />
            <test-case id="0-4476" name="RandomULongInRange_MinEqualsMax" fullname="NUnit.Framework.Internal.RandomizerTests.RandomULongInRange_MinEqualsMax" methodname="RandomULongInRange_MinEqualsMax" classname="NUnit.Framework.Internal.RandomizerTests" runstate="Runnable" seed="982757674" result="Passed" start-time="2017-02-21 11:04:48Z" end-time="2017-02-21 11:04:48Z" duration="0.000216" asserts="1" />
            <test-case id="0-4475" name="RandomULongInRange_Reversed" fullname="NUnit.Framework.Internal.RandomizerTests.RandomULongInRange_Reversed" methodname="RandomULongInRange_Reversed" classname="NUnit.Framework.Internal.RandomizerTests" runstate="Runnable" seed="1502080538" result="Passed" start-time="2017-02-21 11:04:48Z" end-time="2017-02-21 11:04:48Z" duration="0.000957" asserts="1" />
            <test-case id="0-4477" name="RandomULongsAreUnique" fullname="NUnit.Framework.Internal.RandomizerTests.RandomULongsAreUnique" methodname="RandomULongsAreUnique" classname="NUnit.Framework.Internal.RandomizerTests" runstate="Runnable" seed="1433605976" result="Passed" start-time="2017-02-21 11:04:48Z" end-time="2017-02-21 11:04:48Z" duration="0.005258" asserts="0" />
            <test-case id="0-4478" name="RandomULongsInRangeAreUnique" fullname="NUnit.Framework.Internal.RandomizerTests.RandomULongsInRangeAreUnique" methodname="RandomULongsInRangeAreUnique" classname="NUnit.Framework.Internal.RandomizerTests" runstate="Runnable" seed="344027959" result="Passed" start-time="2017-02-21 11:04:48Z" end-time="2017-02-21 11:04:48Z" duration="0.000282" asserts="0" />
            <test-case id="0-4473" name="RandomULongWithMaximum" fullname="NUnit.Framework.Internal.RandomizerTests.RandomULongWithMaximum" methodname="RandomULongWithMaximum" classname="NUnit.Framework.Internal.RandomizerTests" runstate="Runnable" seed="1296933591" result="Passed" start-time="2017-02-21 11:04:48Z" end-time="2017-02-21 11:04:48Z" duration="0.000393" asserts="1" />
            <test-case id="0-4458" name="RandomUShort" fullname="NUnit.Framework.Internal.RandomizerTests.RandomUShort" methodname="RandomUShort" classname="NUnit.Framework.Internal.RandomizerTests" runstate="Runnable" seed="1631726615" result="Passed" start-time="2017-02-21 11:04:48Z" end-time="2017-02-21 11:04:48Z" duration="0.001967" asserts="1" />
            <test-case id="0-4460" name="RandomUShortInRange" fullname="NUnit.Framework.Internal.RandomizerTests.RandomUShortInRange" methodname="RandomUShortInRange" classname="NUnit.Framework.Internal.RandomizerTests" runstate="Runnable" seed="716162981" result="Passed" start-time="2017-02-21 11:04:48Z" end-time="2017-02-21 11:04:48Z" duration="0.000321" asserts="1" />
            <test-case id="0-4462" name="RandomUShortInRange_MinEqualsMax" fullname="NUnit.Framework.Internal.RandomizerTests.RandomUShortInRange_MinEqualsMax" methodname="RandomUShortInRange_MinEqualsMax" classname="NUnit.Framework.Internal.RandomizerTests" runstate="Runnable" seed="1202161298" result="Passed" start-time="2017-02-21 11:04:48Z" end-time="2017-02-21 11:04:48Z" duration="0.001318" asserts="1" />
            <test-case id="0-4461" name="RandomUShortInRange_Reversed" fullname="NUnit.Framework.Internal.RandomizerTests.RandomUShortInRange_Reversed" methodname="RandomUShortInRange_Reversed" classname="NUnit.Framework.Internal.RandomizerTests" runstate="Runnable" seed="1773715454" result="Passed" start-time="2017-02-21 11:04:48Z" end-time="2017-02-21 11:04:48Z" duration="0.001013" asserts="1" />
            <test-case id="0-4463" name="RandomUShortsAreUnique" fullname="NUnit.Framework.Internal.RandomizerTests.RandomUShortsAreUnique" methodname="RandomUShortsAreUnique" classname="NUnit.Framework.Internal.RandomizerTests" runstate="Runnable" seed="922566431" result="Passed" start-time="2017-02-21 11:04:48Z" end-time="2017-02-21 11:04:48Z" duration="0.002875" asserts="0" />
            <test-case id="0-4464" name="RandomUShortsInRangeAreUnique" fullname="NUnit.Framework.Internal.RandomizerTests.RandomUShortsInRangeAreUnique" methodname="RandomUShortsInRangeAreUnique" classname="NUnit.Framework.Internal.RandomizerTests" runstate="Runnable" seed="1827558877" result="Passed" start-time="2017-02-21 11:04:48Z" end-time="2017-02-21 11:04:48Z" duration="0.000326" asserts="0" />
            <test-case id="0-4459" name="RandomUShortWithMaximum" fullname="NUnit.Framework.Internal.RandomizerTests.RandomUShortWithMaximum" methodname="RandomUShortWithMaximum" classname="NUnit.Framework.Internal.RandomizerTests" runstate="Runnable" seed="1373740355" result="Passed" start-time="2017-02-21 11:04:48Z" end-time="2017-02-21 11:04:48Z" duration="0.000285" asserts="1" />
          </test-suite>
          <test-suite type="TestFixture" id="0-4703" name="SetUpTearDownTests" fullname="NUnit.Framework.Internal.SetUpTearDownTests" classname="NUnit.Framework.Internal.SetUpTearDownTests" runstate="Runnable" testcasecount="10" result="Passed" start-time="2017-02-21 11:04:48Z" end-time="2017-02-21 11:04:48Z" duration="0.047298" total="10" passed="10" failed="0" warnings="0" inconclusive="0" skipped="0" asserts="0">
            <test-case id="0-4709" name="BaseSetUpIsCalledFirstTearDownLast" fullname="NUnit.Framework.Internal.SetUpTearDownTests.BaseSetUpIsCalledFirstTearDownLast" methodname="BaseSetUpIsCalledFirstTearDownLast" classname="NUnit.Framework.Internal.SetUpTearDownTests" runstate="Runnable" seed="918137923" result="Passed" start-time="2017-02-21 11:04:48Z" end-time="2017-02-21 11:04:48Z" duration="0.001230" asserts="0" />
            <test-case id="0-4706" name="CheckInheritedSetUpAndTearDownAreCalled" fullname="NUnit.Framework.Internal.SetUpTearDownTests.CheckInheritedSetUpAndTearDownAreCalled" methodname="CheckInheritedSetUpAndTearDownAreCalled" classname="NUnit.Framework.Internal.SetUpTearDownTests" runstate="Runnable" seed="713866604" result="Passed" start-time="2017-02-21 11:04:48Z" end-time="2017-02-21 11:04:48Z" duration="0.000958" asserts="0" />
            <test-case id="0-4707" name="CheckOverriddenSetUpAndTearDownAreNotCalled" fullname="NUnit.Framework.Internal.SetUpTearDownTests.CheckOverriddenSetUpAndTearDownAreNotCalled" methodname="CheckOverriddenSetUpAndTearDownAreNotCalled" classname="NUnit.Framework.Internal.SetUpTearDownTests" runstate="Runnable" seed="1367900983" result="Passed" start-time="2017-02-21 11:04:48Z" end-time="2017-02-21 11:04:48Z" duration="0.000925" asserts="0" />
            <test-case id="0-4710" name="FailureInBaseSetUpCausesDerivedSetUpAndTearDownToBeSkipped" fullname="NUnit.Framework.Internal.SetUpTearDownTests.FailureInBaseSetUpCausesDerivedSetUpAndTearDownToBeSkipped" methodname="FailureInBaseSetUpCausesDerivedSetUpAndTearDownToBeSkipped" classname="NUnit.Framework.Internal.SetUpTearDownTests" runstate="Runnable" seed="360013215" result="Passed" start-time="2017-02-21 11:04:48Z" end-time="2017-02-21 11:04:48Z" duration="0.000766" asserts="0" />
            <test-case id="0-4713" name="HandleExceptionInBothSetUpAndTearDown" fullname="NUnit.Framework.Internal.SetUpTearDownTests.HandleExceptionInBothSetUpAndTearDown" methodname="HandleExceptionInBothSetUpAndTearDown" classname="NUnit.Framework.Internal.SetUpTearDownTests" runstate="Runnable" seed="1424653181" result="Passed" start-time="2017-02-21 11:04:48Z" end-time="2017-02-21 11:04:48Z" duration="0.001338" asserts="0" />
            <test-case id="0-4711" name="HandleExceptionInSetUp" fullname="NUnit.Framework.Internal.SetUpTearDownTests.HandleExceptionInSetUp" methodname="HandleExceptionInSetUp" classname="NUnit.Framework.Internal.SetUpTearDownTests" runstate="Runnable" seed="1362481637" result="Passed" start-time="2017-02-21 11:04:48Z" end-time="2017-02-21 11:04:48Z" duration="0.000970" asserts="0" />
            <test-case id="0-4712" name="HandleExceptionInTearDown" fullname="NUnit.Framework.Internal.SetUpTearDownTests.HandleExceptionInTearDown" methodname="HandleExceptionInTearDown" classname="NUnit.Framework.Internal.SetUpTearDownTests" runstate="Runnable" seed="1209072515" result="Passed" start-time="2017-02-21 11:04:48Z" end-time="2017-02-21 11:04:48Z" duration="0.003931" asserts="0" />
            <test-case id="0-4705" name="MakeSureSetUpAndTearDownAreCalled" fullname="NUnit.Framework.Internal.SetUpTearDownTests.MakeSureSetUpAndTearDownAreCalled" methodname="MakeSureSetUpAndTearDownAreCalled" classname="NUnit.Framework.Internal.SetUpTearDownTests" runstate="Runnable" seed="1986856408" result="Passed" start-time="2017-02-21 11:04:48Z" end-time="2017-02-21 11:04:48Z" duration="0.001732" asserts="0" />
            <test-case id="0-4708" name="MultipleSetUpAndTearDownMethodsAreCalled" fullname="NUnit.Framework.Internal.SetUpTearDownTests.MultipleSetUpAndTearDownMethodsAreCalled" methodname="MultipleSetUpAndTearDownMethodsAreCalled" classname="NUnit.Framework.Internal.SetUpTearDownTests" runstate="Runnable" seed="883947404" result="Passed" start-time="2017-02-21 11:04:48Z" end-time="2017-02-21 11:04:48Z" duration="0.001516" asserts="0" />
            <test-case id="0-4704" name="SetUpAndTearDownCounter" fullname="NUnit.Framework.Internal.SetUpTearDownTests.SetUpAndTearDownCounter" methodname="SetUpAndTearDownCounter" classname="NUnit.Framework.Internal.SetUpTearDownTests" runstate="Runnable" seed="759133027" result="Passed" start-time="2017-02-21 11:04:48Z" end-time="2017-02-21 11:04:48Z" duration="0.001723" asserts="0" />
          </test-suite>
          <test-suite type="TestFixture" id="0-4714" name="SetUpTearDownTests+SetupCallDerived" fullname="NUnit.Framework.Internal.SetUpTearDownTests+SetupCallDerived" classname="NUnit.Framework.Internal.SetUpTearDownTests+SetupCallDerived" runstate="Runnable" testcasecount="1" result="Passed" start-time="2017-02-21 11:04:48Z" end-time="2017-02-21 11:04:48Z" duration="0.004298" total="1" passed="1" failed="0" warnings="0" inconclusive="0" skipped="0" asserts="1">
            <test-case id="0-4715" name="AssertCount" fullname="NUnit.Framework.Internal.SetUpTearDownTests+SetupCallDerived.AssertCount" methodname="AssertCount" classname="NUnit.Framework.Internal.SetUpTearDownTests+SetupCallDerived" runstate="Runnable" seed="27111304" result="Passed" start-time="2017-02-21 11:04:48Z" end-time="2017-02-21 11:04:48Z" duration="0.000285" asserts="1" />
          </test-suite>
          <test-suite type="TestFixture" id="0-4595" name="RuntimeFrameworkTests" fullname="NUnit.Framework.Internal.RuntimeFrameworkTests" classname="NUnit.Framework.Internal.RuntimeFrameworkTests" runstate="Runnable" testcasecount="91" result="Passed" start-time="2017-02-21 11:04:47Z" end-time="2017-02-21 11:04:48Z" duration="0.351444" total="91" passed="86" failed="0" warnings="0" inconclusive="5" skipped="0" asserts="181">
            <test-suite type="ParameterizedMethod" id="0-4635" name="CanCreateUsingClrVersion" fullname="NUnit.Framework.Internal.RuntimeFrameworkTests.CanCreateUsingClrVersion" classname="NUnit.Framework.Internal.RuntimeFrameworkTests" runstate="Runnable" testcasecount="17" result="Passed" start-time="2017-02-21 11:04:47Z" end-time="2017-02-21 11:04:47Z" duration="0.072968" total="17" passed="13" failed="0" warnings="0" inconclusive="4" skipped="0" asserts="39">
              <test-case id="0-4618" name="CanCreateUsingClrVersion(&lt;Net,1.0,1.0.3705&gt;)" fullname="NUnit.Framework.Internal.RuntimeFrameworkTests.CanCreateUsingClrVersion(&lt;Net,1.0,1.0.3705&gt;)" methodname="CanCreateUsingClrVersion" classname="NUnit.Framework.Internal.RuntimeFrameworkTests" runstate="Runnable" seed="401301563" result="Passed" start-time="2017-02-21 11:04:47Z" end-time="2017-02-21 11:04:47Z" duration="0.000736" asserts="3" />
              <test-case id="0-4619" name="CanCreateUsingClrVersion(&lt;Net,1.1,1.1.4322&gt;)" fullname="NUnit.Framework.Internal.RuntimeFrameworkTests.CanCreateUsingClrVersion(&lt;Net,1.1,1.1.4322&gt;)" methodname="CanCreateUsingClrVersion" classname="NUnit.Framework.Internal.RuntimeFrameworkTests" runstate="Runnable" seed="1708481826" result="Passed" start-time="2017-02-21 11:04:47Z" end-time="2017-02-21 11:04:47Z" duration="0.000071" asserts="3" />
              <test-case id="0-4620" name="CanCreateUsingClrVersion(&lt;Net,2.0,2.0.50727&gt;)" fullname="NUnit.Framework.Internal.RuntimeFrameworkTests.CanCreateUsingClrVersion(&lt;Net,2.0,2.0.50727&gt;)" methodname="CanCreateUsingClrVersion" classname="NUnit.Framework.Internal.RuntimeFrameworkTests" runstate="Runnable" seed="1858790492" result="Passed" start-time="2017-02-21 11:04:47Z" end-time="2017-02-21 11:04:47Z" duration="0.000061" asserts="3" />
              <test-case id="0-4621" name="CanCreateUsingClrVersion(&lt;Net,3.0,2.0.50727&gt;)" fullname="NUnit.Framework.Internal.RuntimeFrameworkTests.CanCreateUsingClrVersion(&lt;Net,3.0,2.0.50727&gt;)" methodname="CanCreateUsingClrVersion" classname="NUnit.Framework.Internal.RuntimeFrameworkTests" runstate="Runnable" seed="1377350287" result="Inconclusive" start-time="2017-02-21 11:04:47Z" end-time="2017-02-21 11:04:47Z" duration="0.002251" asserts="0">
                <reason>
                  <message><![CDATA[  #0
  Expected: True
  But was:  False
]]></message>
                </reason>
              </test-case>
              <test-case id="0-4622" name="CanCreateUsingClrVersion(&lt;Net,3.5,2.0.50727&gt;)" fullname="NUnit.Framework.Internal.RuntimeFrameworkTests.CanCreateUsingClrVersion(&lt;Net,3.5,2.0.50727&gt;)" methodname="CanCreateUsingClrVersion" classname="NUnit.Framework.Internal.RuntimeFrameworkTests" runstate="Runnable" seed="880680991" result="Inconclusive" start-time="2017-02-21 11:04:47Z" end-time="2017-02-21 11:04:47Z" duration="0.000811" asserts="0">
                <reason>
                  <message><![CDATA[  #0
  Expected: True
  But was:  False
]]></message>
                </reason>
              </test-case>
              <test-case id="0-4623" name="CanCreateUsingClrVersion(&lt;Net,4.0,4.0.30319&gt;)" fullname="NUnit.Framework.Internal.RuntimeFrameworkTests.CanCreateUsingClrVersion(&lt;Net,4.0,4.0.30319&gt;)" methodname="CanCreateUsingClrVersion" classname="NUnit.Framework.Internal.RuntimeFrameworkTests" runstate="Runnable" seed="1806097957" result="Passed" start-time="2017-02-21 11:04:47Z" end-time="2017-02-21 11:04:47Z" duration="0.000159" asserts="3" />
              <test-case id="0-4624" name="CanCreateUsingClrVersion(&lt;Net,0.0,0.0&gt;)" fullname="NUnit.Framework.Internal.RuntimeFrameworkTests.CanCreateUsingClrVersion(&lt;Net,0.0,0.0&gt;)" methodname="CanCreateUsingClrVersion" classname="NUnit.Framework.Internal.RuntimeFrameworkTests" runstate="Runnable" seed="152216084" result="Passed" start-time="2017-02-21 11:04:47Z" end-time="2017-02-21 11:04:47Z" duration="0.000529" asserts="3" />
              <test-case id="0-4625" name="CanCreateUsingClrVersion(&lt;Mono,1.0,1.1.4322&gt;)" fullname="NUnit.Framework.Internal.RuntimeFrameworkTests.CanCreateUsingClrVersion(&lt;Mono,1.0,1.1.4322&gt;)" methodname="CanCreateUsingClrVersion" classname="NUnit.Framework.Internal.RuntimeFrameworkTests" runstate="Runnable" seed="1470059287" result="Passed" start-time="2017-02-21 11:04:47Z" end-time="2017-02-21 11:04:47Z" duration="0.000347" asserts="3" />
              <test-case id="0-4626" name="CanCreateUsingClrVersion(&lt;Mono,2.0,2.0.50727&gt;)" fullname="NUnit.Framework.Internal.RuntimeFrameworkTests.CanCreateUsingClrVersion(&lt;Mono,2.0,2.0.50727&gt;)" methodname="CanCreateUsingClrVersion" classname="NUnit.Framework.Internal.RuntimeFrameworkTests" runstate="Runnable" seed="776439999" result="Passed" start-time="2017-02-21 11:04:47Z" end-time="2017-02-21 11:04:47Z" duration="0.000096" asserts="3" />
              <test-case id="0-4627" name="CanCreateUsingClrVersion(&lt;Mono,3.5,2.0.50727&gt;)" fullname="NUnit.Framework.Internal.RuntimeFrameworkTests.CanCreateUsingClrVersion(&lt;Mono,3.5,2.0.50727&gt;)" methodname="CanCreateUsingClrVersion" classname="NUnit.Framework.Internal.RuntimeFrameworkTests" runstate="Runnable" seed="1178027961" result="Inconclusive" start-time="2017-02-21 11:04:47Z" end-time="2017-02-21 11:04:47Z" duration="0.000505" asserts="0">
                <reason>
                  <message><![CDATA[  #0
  Expected: True
  But was:  False
]]></message>
                </reason>
              </test-case>
              <test-case id="0-4628" name="CanCreateUsingClrVersion(&lt;Mono,4.0,4.0.30319&gt;)" fullname="NUnit.Framework.Internal.RuntimeFrameworkTests.CanCreateUsingClrVersion(&lt;Mono,4.0,4.0.30319&gt;)" methodname="CanCreateUsingClrVersion" classname="NUnit.Framework.Internal.RuntimeFrameworkTests" runstate="Runnable" seed="797565367" result="Passed" start-time="2017-02-21 11:04:47Z" end-time="2017-02-21 11:04:47Z" duration="0.000086" asserts="3" />
              <test-case id="0-4629" name="CanCreateUsingClrVersion(&lt;Mono,0.0,0.0&gt;)" fullname="NUnit.Framework.Internal.RuntimeFrameworkTests.CanCreateUsingClrVersion(&lt;Mono,0.0,0.0&gt;)" methodname="CanCreateUsingClrVersion" classname="NUnit.Framework.Internal.RuntimeFrameworkTests" runstate="Runnable" seed="935675606" result="Passed" start-time="2017-02-21 11:04:47Z" end-time="2017-02-21 11:04:47Z" duration="0.000071" asserts="3" />
              <test-case id="0-4630" name="CanCreateUsingClrVersion(&lt;Any,1.1,1.1.4322&gt;)" fullname="NUnit.Framework.Internal.RuntimeFrameworkTests.CanCreateUsingClrVersion(&lt;Any,1.1,1.1.4322&gt;)" methodname="CanCreateUsingClrVersion" classname="NUnit.Framework.Internal.RuntimeFrameworkTests" runstate="Runnable" seed="1706868277" result="Passed" start-time="2017-02-21 11:04:47Z" end-time="2017-02-21 11:04:47Z" duration="0.000253" asserts="3" />
              <test-case id="0-4631" name="CanCreateUsingClrVersion(&lt;Any,2.0,2.0.50727&gt;)" fullname="NUnit.Framework.Internal.RuntimeFrameworkTests.CanCreateUsingClrVersion(&lt;Any,2.0,2.0.50727&gt;)" methodname="CanCreateUsingClrVersion" classname="NUnit.Framework.Internal.RuntimeFrameworkTests" runstate="Runnable" seed="407127648" result="Passed" start-time="2017-02-21 11:04:47Z" end-time="2017-02-21 11:04:47Z" duration="0.000093" asserts="3" />
              <test-case id="0-4632" name="CanCreateUsingClrVersion(&lt;Any,3.5,2.0.50727&gt;)" fullname="NUnit.Framework.Internal.RuntimeFrameworkTests.CanCreateUsingClrVersion(&lt;Any,3.5,2.0.50727&gt;)" methodname="CanCreateUsingClrVersion" classname="NUnit.Framework.Internal.RuntimeFrameworkTests" runstate="Runnable" seed="117147112" result="Inconclusive" start-time="2017-02-21 11:04:47Z" end-time="2017-02-21 11:04:47Z" duration="0.000481" asserts="0">
                <reason>
                  <message><![CDATA[  #0
  Expected: True
  But was:  False
]]></message>
                </reason>
              </test-case>
              <test-case id="0-4633" name="CanCreateUsingClrVersion(&lt;Any,4.0,4.0.30319&gt;)" fullname="NUnit.Framework.Internal.RuntimeFrameworkTests.CanCreateUsingClrVersion(&lt;Any,4.0,4.0.30319&gt;)" methodname="CanCreateUsingClrVersion" classname="NUnit.Framework.Internal.RuntimeFrameworkTests" runstate="Runnable" seed="36098980" result="Passed" start-time="2017-02-21 11:04:47Z" end-time="2017-02-21 11:04:47Z" duration="0.000089" asserts="3" />
              <test-case id="0-4634" name="CanCreateUsingClrVersion(&lt;Any,0.0,0.0&gt;)" fullname="NUnit.Framework.Internal.RuntimeFrameworkTests.CanCreateUsingClrVersion(&lt;Any,0.0,0.0&gt;)" methodname="CanCreateUsingClrVersion" classname="NUnit.Framework.Internal.RuntimeFrameworkTests" runstate="Runnable" seed="1446799680" result="Passed" start-time="2017-02-21 11:04:47Z" end-time="2017-02-21 11:04:47Z" duration="0.000060" asserts="3" />
            </test-suite>
            <test-suite type="ParameterizedMethod" id="0-4617" name="CanCreateUsingFrameworkVersion" fullname="NUnit.Framework.Internal.RuntimeFrameworkTests.CanCreateUsingFrameworkVersion" classname="NUnit.Framework.Internal.RuntimeFrameworkTests" runstate="Runnable" testcasecount="17" result="Passed" start-time="2017-02-21 11:04:47Z" end-time="2017-02-21 11:04:48Z" duration="0.063589" total="17" passed="17" failed="0" warnings="0" inconclusive="0" skipped="0" asserts="51">
              <test-case id="0-4600" name="CanCreateUsingFrameworkVersion(&lt;Net,1.0,1.0.3705&gt;)" fullname="NUnit.Framework.Internal.RuntimeFrameworkTests.CanCreateUsingFrameworkVersion(&lt;Net,1.0,1.0.3705&gt;)" methodname="CanCreateUsingFrameworkVersion" classname="NUnit.Framework.Internal.RuntimeFrameworkTests" runstate="Runnable" seed="2023238979" result="Passed" start-time="2017-02-21 11:04:47Z" end-time="2017-02-21 11:04:47Z" duration="0.000750" asserts="3" />
              <test-case id="0-4601" name="CanCreateUsingFrameworkVersion(&lt;Net,1.1,1.1.4322&gt;)" fullname="NUnit.Framework.Internal.RuntimeFrameworkTests.CanCreateUsingFrameworkVersion(&lt;Net,1.1,1.1.4322&gt;)" methodname="CanCreateUsingFrameworkVersion" classname="NUnit.Framework.Internal.RuntimeFrameworkTests" runstate="Runnable" seed="1000889685" result="Passed" start-time="2017-02-21 11:04:47Z" end-time="2017-02-21 11:04:47Z" duration="0.000339" asserts="3" />
              <test-case id="0-4602" name="CanCreateUsingFrameworkVersion(&lt;Net,2.0,2.0.50727&gt;)" fullname="NUnit.Framework.Internal.RuntimeFrameworkTests.CanCreateUsingFrameworkVersion(&lt;Net,2.0,2.0.50727&gt;)" methodname="CanCreateUsingFrameworkVersion" classname="NUnit.Framework.Internal.RuntimeFrameworkTests" runstate="Runnable" seed="1358784229" result="Passed" start-time="2017-02-21 11:04:47Z" end-time="2017-02-21 11:04:47Z" duration="0.000357" asserts="3" />
              <test-case id="0-4603" name="CanCreateUsingFrameworkVersion(&lt;Net,3.0,2.0.50727&gt;)" fullname="NUnit.Framework.Internal.RuntimeFrameworkTests.CanCreateUsingFrameworkVersion(&lt;Net,3.0,2.0.50727&gt;)" methodname="CanCreateUsingFrameworkVersion" classname="NUnit.Framework.Internal.RuntimeFrameworkTests" runstate="Runnable" seed="266453334" result="Passed" start-time="2017-02-21 11:04:47Z" end-time="2017-02-21 11:04:47Z" duration="0.000853" asserts="3" />
              <test-case id="0-4604" name="CanCreateUsingFrameworkVersion(&lt;Net,3.5,2.0.50727&gt;)" fullname="NUnit.Framework.Internal.RuntimeFrameworkTests.CanCreateUsingFrameworkVersion(&lt;Net,3.5,2.0.50727&gt;)" methodname="CanCreateUsingFrameworkVersion" classname="NUnit.Framework.Internal.RuntimeFrameworkTests" runstate="Runnable" seed="1003882726" result="Passed" start-time="2017-02-21 11:04:47Z" end-time="2017-02-21 11:04:47Z" duration="0.000085" asserts="3" />
              <test-case id="0-4605" name="CanCreateUsingFrameworkVersion(&lt;Net,4.0,4.0.30319&gt;)" fullname="NUnit.Framework.Internal.RuntimeFrameworkTests.CanCreateUsingFrameworkVersion(&lt;Net,4.0,4.0.30319&gt;)" methodname="CanCreateUsingFrameworkVersion" classname="NUnit.Framework.Internal.RuntimeFrameworkTests" runstate="Runnable" seed="421739068" result="Passed" start-time="2017-02-21 11:04:47Z" end-time="2017-02-21 11:04:47Z" duration="0.000746" asserts="3" />
              <test-case id="0-4606" name="CanCreateUsingFrameworkVersion(&lt;Net,0.0,0.0&gt;)" fullname="NUnit.Framework.Internal.RuntimeFrameworkTests.CanCreateUsingFrameworkVersion(&lt;Net,0.0,0.0&gt;)" methodname="CanCreateUsingFrameworkVersion" classname="NUnit.Framework.Internal.RuntimeFrameworkTests" runstate="Runnable" seed="500831860" result="Passed" start-time="2017-02-21 11:04:47Z" end-time="2017-02-21 11:04:47Z" duration="0.000089" asserts="3" />
              <test-case id="0-4607" name="CanCreateUsingFrameworkVersion(&lt;Mono,1.0,1.1.4322&gt;)" fullname="NUnit.Framework.Internal.RuntimeFrameworkTests.CanCreateUsingFrameworkVersion(&lt;Mono,1.0,1.1.4322&gt;)" methodname="CanCreateUsingFrameworkVersion" classname="NUnit.Framework.Internal.RuntimeFrameworkTests" runstate="Runnable" seed="787270501" result="Passed" start-time="2017-02-21 11:04:47Z" end-time="2017-02-21 11:04:47Z" duration="0.000816" asserts="3" />
              <test-case id="0-4608" name="CanCreateUsingFrameworkVersion(&lt;Mono,2.0,2.0.50727&gt;)" fullname="NUnit.Framework.Internal.RuntimeFrameworkTests.CanCreateUsingFrameworkVersion(&lt;Mono,2.0,2.0.50727&gt;)" methodname="CanCreateUsingFrameworkVersion" classname="NUnit.Framework.Internal.RuntimeFrameworkTests" runstate="Runnable" seed="2099490398" result="Passed" start-time="2017-02-21 11:04:47Z" end-time="2017-02-21 11:04:47Z" duration="0.000097" asserts="3" />
              <test-case id="0-4609" name="CanCreateUsingFrameworkVersion(&lt;Mono,3.5,2.0.50727&gt;)" fullname="NUnit.Framework.Internal.RuntimeFrameworkTests.CanCreateUsingFrameworkVersion(&lt;Mono,3.5,2.0.50727&gt;)" methodname="CanCreateUsingFrameworkVersion" classname="NUnit.Framework.Internal.RuntimeFrameworkTests" runstate="Runnable" seed="46365298" result="Passed" start-time="2017-02-21 11:04:47Z" end-time="2017-02-21 11:04:47Z" duration="0.000587" asserts="3" />
              <test-case id="0-4610" name="CanCreateUsingFrameworkVersion(&lt;Mono,4.0,4.0.30319&gt;)" fullname="NUnit.Framework.Internal.RuntimeFrameworkTests.CanCreateUsingFrameworkVersion(&lt;Mono,4.0,4.0.30319&gt;)" methodname="CanCreateUsingFrameworkVersion" classname="NUnit.Framework.Internal.RuntimeFrameworkTests" runstate="Runnable" seed="179919295" result="Passed" start-time="2017-02-21 11:04:47Z" end-time="2017-02-21 11:04:47Z" duration="0.000101" asserts="3" />
              <test-case id="0-4611" name="CanCreateUsingFrameworkVersion(&lt;Mono,0.0,0.0&gt;)" fullname="NUnit.Framework.Internal.RuntimeFrameworkTests.CanCreateUsingFrameworkVersion(&lt;Mono,0.0,0.0&gt;)" methodname="CanCreateUsingFrameworkVersion" classname="NUnit.Framework.Internal.RuntimeFrameworkTests" runstate="Runnable" seed="1448064184" result="Passed" start-time="2017-02-21 11:04:47Z" end-time="2017-02-21 11:04:47Z" duration="0.000077" asserts="3" />
              <test-case id="0-4612" name="CanCreateUsingFrameworkVersion(&lt;Any,1.1,1.1.4322&gt;)" fullname="NUnit.Framework.Internal.RuntimeFrameworkTests.CanCreateUsingFrameworkVersion(&lt;Any,1.1,1.1.4322&gt;)" methodname="CanCreateUsingFrameworkVersion" classname="NUnit.Framework.Internal.RuntimeFrameworkTests" runstate="Runnable" seed="2040646581" result="Passed" start-time="2017-02-21 11:04:47Z" end-time="2017-02-21 11:04:47Z" duration="0.000169" asserts="3" />
              <test-case id="0-4613" name="CanCreateUsingFrameworkVersion(&lt;Any,2.0,2.0.50727&gt;)" fullname="NUnit.Framework.Internal.RuntimeFrameworkTests.CanCreateUsingFrameworkVersion(&lt;Any,2.0,2.0.50727&gt;)" methodname="CanCreateUsingFrameworkVersion" classname="NUnit.Framework.Internal.RuntimeFrameworkTests" runstate="Runnable" seed="1949195121" result="Passed" start-time="2017-02-21 11:04:47Z" end-time="2017-02-21 11:04:47Z" duration="0.000329" asserts="3" />
              <test-case id="0-4614" name="CanCreateUsingFrameworkVersion(&lt;Any,3.5,2.0.50727&gt;)" fullname="NUnit.Framework.Internal.RuntimeFrameworkTests.CanCreateUsingFrameworkVersion(&lt;Any,3.5,2.0.50727&gt;)" methodname="CanCreateUsingFrameworkVersion" classname="NUnit.Framework.Internal.RuntimeFrameworkTests" runstate="Runnable" seed="685523370" result="Passed" start-time="2017-02-21 11:04:47Z" end-time="2017-02-21 11:04:47Z" duration="0.000152" asserts="3" />
              <test-case id="0-4615" name="CanCreateUsingFrameworkVersion(&lt;Any,4.0,4.0.30319&gt;)" fullname="NUnit.Framework.Internal.RuntimeFrameworkTests.CanCreateUsingFrameworkVersion(&lt;Any,4.0,4.0.30319&gt;)" methodname="CanCreateUsingFrameworkVersion" classname="NUnit.Framework.Internal.RuntimeFrameworkTests" runstate="Runnable" seed="230670246" result="Passed" start-time="2017-02-21 11:04:47Z" end-time="2017-02-21 11:04:47Z" duration="0.000128" asserts="3" />
              <test-case id="0-4616" name="CanCreateUsingFrameworkVersion(&lt;Any,0.0,0.0&gt;)" fullname="NUnit.Framework.Internal.RuntimeFrameworkTests.CanCreateUsingFrameworkVersion(&lt;Any,0.0,0.0&gt;)" methodname="CanCreateUsingFrameworkVersion" classname="NUnit.Framework.Internal.RuntimeFrameworkTests" runstate="Runnable" seed="911040273" result="Passed" start-time="2017-02-21 11:04:48Z" end-time="2017-02-21 11:04:48Z" duration="0.000078" asserts="3" />
            </test-suite>
            <test-suite type="ParameterizedMethod" id="0-4671" name="CanDisplayFrameworkAsString" fullname="NUnit.Framework.Internal.RuntimeFrameworkTests.CanDisplayFrameworkAsString" classname="NUnit.Framework.Internal.RuntimeFrameworkTests" runstate="Runnable" testcasecount="17" result="Passed" start-time="2017-02-21 11:04:48Z" end-time="2017-02-21 11:04:48Z" duration="0.053878" total="17" passed="17" failed="0" warnings="0" inconclusive="0" skipped="0" asserts="34">
              <test-case id="0-4654" name="CanDisplayFrameworkAsString(&lt;Net,1.0,1.0.3705&gt;)" fullname="NUnit.Framework.Internal.RuntimeFrameworkTests.CanDisplayFrameworkAsString(&lt;Net,1.0,1.0.3705&gt;)" methodname="CanDisplayFrameworkAsString" classname="NUnit.Framework.Internal.RuntimeFrameworkTests" runstate="Runnable" seed="1854424848" result="Passed" start-time="2017-02-21 11:04:48Z" end-time="2017-02-21 11:04:48Z" duration="0.001379" asserts="2" />
              <test-case id="0-4655" name="CanDisplayFrameworkAsString(&lt;Net,1.1,1.1.4322&gt;)" fullname="NUnit.Framework.Internal.RuntimeFrameworkTests.CanDisplayFrameworkAsString(&lt;Net,1.1,1.1.4322&gt;)" methodname="CanDisplayFrameworkAsString" classname="NUnit.Framework.Internal.RuntimeFrameworkTests" runstate="Runnable" seed="1565119218" result="Passed" start-time="2017-02-21 11:04:48Z" end-time="2017-02-21 11:04:48Z" duration="0.000067" asserts="2" />
              <test-case id="0-4656" name="CanDisplayFrameworkAsString(&lt;Net,2.0,2.0.50727&gt;)" fullname="NUnit.Framework.Internal.RuntimeFrameworkTests.CanDisplayFrameworkAsString(&lt;Net,2.0,2.0.50727&gt;)" methodname="CanDisplayFrameworkAsString" classname="NUnit.Framework.Internal.RuntimeFrameworkTests" runstate="Runnable" seed="28289668" result="Passed" start-time="2017-02-21 11:04:48Z" end-time="2017-02-21 11:04:48Z" duration="0.000083" asserts="2" />
              <test-case id="0-4657" name="CanDisplayFrameworkAsString(&lt;Net,3.0,2.0.50727&gt;)" fullname="NUnit.Framework.Internal.RuntimeFrameworkTests.CanDisplayFrameworkAsString(&lt;Net,3.0,2.0.50727&gt;)" methodname="CanDisplayFrameworkAsString" classname="NUnit.Framework.Internal.RuntimeFrameworkTests" runstate="Runnable" seed="50492331" result="Passed" start-time="2017-02-21 11:04:48Z" end-time="2017-02-21 11:04:48Z" duration="0.000060" asserts="2" />
              <test-case id="0-4658" name="CanDisplayFrameworkAsString(&lt;Net,3.5,2.0.50727&gt;)" fullname="NUnit.Framework.Internal.RuntimeFrameworkTests.CanDisplayFrameworkAsString(&lt;Net,3.5,2.0.50727&gt;)" methodname="CanDisplayFrameworkAsString" classname="NUnit.Framework.Internal.RuntimeFrameworkTests" runstate="Runnable" seed="538356213" result="Passed" start-time="2017-02-21 11:04:48Z" end-time="2017-02-21 11:04:48Z" duration="0.000070" asserts="2" />
              <test-case id="0-4659" name="CanDisplayFrameworkAsString(&lt;Net,4.0,4.0.30319&gt;)" fullname="NUnit.Framework.Internal.RuntimeFrameworkTests.CanDisplayFrameworkAsString(&lt;Net,4.0,4.0.30319&gt;)" methodname="CanDisplayFrameworkAsString" classname="NUnit.Framework.Internal.RuntimeFrameworkTests" runstate="Runnable" seed="1305718796" result="Passed" start-time="2017-02-21 11:04:48Z" end-time="2017-02-21 11:04:48Z" duration="0.000340" asserts="2" />
              <test-case id="0-4660" name="CanDisplayFrameworkAsString(&lt;Net,0.0,0.0&gt;)" fullname="NUnit.Framework.Internal.RuntimeFrameworkTests.CanDisplayFrameworkAsString(&lt;Net,0.0,0.0&gt;)" methodname="CanDisplayFrameworkAsString" classname="NUnit.Framework.Internal.RuntimeFrameworkTests" runstate="Runnable" seed="18449096" result="Passed" start-time="2017-02-21 11:04:48Z" end-time="2017-02-21 11:04:48Z" duration="0.000052" asserts="2" />
              <test-case id="0-4661" name="CanDisplayFrameworkAsString(&lt;Mono,1.0,1.1.4322&gt;)" fullname="NUnit.Framework.Internal.RuntimeFrameworkTests.CanDisplayFrameworkAsString(&lt;Mono,1.0,1.1.4322&gt;)" methodname="CanDisplayFrameworkAsString" classname="NUnit.Framework.Internal.RuntimeFrameworkTests" runstate="Runnable" seed="143778625" result="Passed" start-time="2017-02-21 11:04:48Z" end-time="2017-02-21 11:04:48Z" duration="0.000055" asserts="2" />
              <test-case id="0-4662" name="CanDisplayFrameworkAsString(&lt;Mono,2.0,2.0.50727&gt;)" fullname="NUnit.Framework.Internal.RuntimeFrameworkTests.CanDisplayFrameworkAsString(&lt;Mono,2.0,2.0.50727&gt;)" methodname="CanDisplayFrameworkAsString" classname="NUnit.Framework.Internal.RuntimeFrameworkTests" runstate="Runnable" seed="348643679" result="Passed" start-time="2017-02-21 11:04:48Z" end-time="2017-02-21 11:04:48Z" duration="0.000209" asserts="2" />
              <test-case id="0-4663" name="CanDisplayFrameworkAsString(&lt;Mono,3.5,2.0.50727&gt;)" fullname="NUnit.Framework.Internal.RuntimeFrameworkTests.CanDisplayFrameworkAsString(&lt;Mono,3.5,2.0.50727&gt;)" methodname="CanDisplayFrameworkAsString" classname="NUnit.Framework.Internal.RuntimeFrameworkTests" runstate="Runnable" seed="797441804" result="Passed" start-time="2017-02-21 11:04:48Z" end-time="2017-02-21 11:04:48Z" duration="0.000180" asserts="2" />
              <test-case id="0-4664" name="CanDisplayFrameworkAsString(&lt;Mono,4.0,4.0.30319&gt;)" fullname="NUnit.Framework.Internal.RuntimeFrameworkTests.CanDisplayFrameworkAsString(&lt;Mono,4.0,4.0.30319&gt;)" methodname="CanDisplayFrameworkAsString" classname="NUnit.Framework.Internal.RuntimeFrameworkTests" runstate="Runnable" seed="131439780" result="Passed" start-time="2017-02-21 11:04:48Z" end-time="2017-02-21 11:04:48Z" duration="0.000207" asserts="2" />
              <test-case id="0-4665" name="CanDisplayFrameworkAsString(&lt;Mono,0.0,0.0&gt;)" fullname="NUnit.Framework.Internal.RuntimeFrameworkTests.CanDisplayFrameworkAsString(&lt;Mono,0.0,0.0&gt;)" methodname="CanDisplayFrameworkAsString" classname="NUnit.Framework.Internal.RuntimeFrameworkTests" runstate="Runnable" seed="1068967840" result="Passed" start-time="2017-02-21 11:04:48Z" end-time="2017-02-21 11:04:48Z" duration="0.000200" asserts="2" />
              <test-case id="0-4666" name="CanDisplayFrameworkAsString(&lt;Any,1.1,1.1.4322&gt;)" fullname="NUnit.Framework.Internal.RuntimeFrameworkTests.CanDisplayFrameworkAsString(&lt;Any,1.1,1.1.4322&gt;)" methodname="CanDisplayFrameworkAsString" classname="NUnit.Framework.Internal.RuntimeFrameworkTests" runstate="Runnable" seed="1668374855" result="Passed" start-time="2017-02-21 11:04:48Z" end-time="2017-02-21 11:04:48Z" duration="0.000062" asserts="2" />
              <test-case id="0-4667" name="CanDisplayFrameworkAsString(&lt;Any,2.0,2.0.50727&gt;)" fullname="NUnit.Framework.Internal.RuntimeFrameworkTests.CanDisplayFrameworkAsString(&lt;Any,2.0,2.0.50727&gt;)" methodname="CanDisplayFrameworkAsString" classname="NUnit.Framework.Internal.RuntimeFrameworkTests" runstate="Runnable" seed="1626298656" result="Passed" start-time="2017-02-21 11:04:48Z" end-time="2017-02-21 11:04:48Z" duration="0.000041" asserts="2" />
              <test-case id="0-4668" name="CanDisplayFrameworkAsString(&lt;Any,3.5,2.0.50727&gt;)" fullname="NUnit.Framework.Internal.RuntimeFrameworkTests.CanDisplayFrameworkAsString(&lt;Any,3.5,2.0.50727&gt;)" methodname="CanDisplayFrameworkAsString" classname="NUnit.Framework.Internal.RuntimeFrameworkTests" runstate="Runnable" seed="69958606" result="Passed" start-time="2017-02-21 11:04:48Z" end-time="2017-02-21 11:04:48Z" duration="0.000166" asserts="2" />
              <test-case id="0-4669" name="CanDisplayFrameworkAsString(&lt;Any,4.0,4.0.30319&gt;)" fullname="NUnit.Framework.Internal.RuntimeFrameworkTests.CanDisplayFrameworkAsString(&lt;Any,4.0,4.0.30319&gt;)" methodname="CanDisplayFrameworkAsString" classname="NUnit.Framework.Internal.RuntimeFrameworkTests" runstate="Runnable" seed="1362380147" result="Passed" start-time="2017-02-21 11:04:48Z" end-time="2017-02-21 11:04:48Z" duration="0.000070" asserts="2" />
              <test-case id="0-4670" name="CanDisplayFrameworkAsString(&lt;Any,0.0,0.0&gt;)" fullname="NUnit.Framework.Internal.RuntimeFrameworkTests.CanDisplayFrameworkAsString(&lt;Any,0.0,0.0&gt;)" methodname="CanDisplayFrameworkAsString" classname="NUnit.Framework.Internal.RuntimeFrameworkTests" runstate="Runnable" seed="1056670715" result="Passed" start-time="2017-02-21 11:04:48Z" end-time="2017-02-21 11:04:48Z" duration="0.000100" asserts="2" />
            </test-suite>
            <test-case id="0-4596" name="CanGetCurrentFramework" fullname="NUnit.Framework.Internal.RuntimeFrameworkTests.CanGetCurrentFramework" methodname="CanGetCurrentFramework" classname="NUnit.Framework.Internal.RuntimeFrameworkTests" runstate="Runnable" seed="58687342" result="Passed" start-time="2017-02-21 11:04:48Z" end-time="2017-02-21 11:04:48Z" duration="0.003942" asserts="2" />
            <test-suite type="ParameterizedMethod" id="0-4691" name="CanMatchRuntimes" fullname="NUnit.Framework.Internal.RuntimeFrameworkTests.CanMatchRuntimes" classname="NUnit.Framework.Internal.RuntimeFrameworkTests" runstate="Runnable" testcasecount="19" result="Passed" start-time="2017-02-21 11:04:48Z" end-time="2017-02-21 11:04:48Z" duration="0.059174" total="19" passed="19" failed="0" warnings="0" inconclusive="0" skipped="0" asserts="19">
              <test-case id="0-4672" name="CanMatchRuntimes(net-3.5,net-2.0)" fullname="NUnit.Framework.Internal.RuntimeFrameworkTests.CanMatchRuntimes(net-3.5,net-2.0)" methodname="CanMatchRuntimes" classname="NUnit.Framework.Internal.RuntimeFrameworkTests" runstate="Runnable" seed="336388239" result="Passed" start-time="2017-02-21 11:04:48Z" end-time="2017-02-21 11:04:48Z" duration="0.000330" asserts="1" />
              <test-case id="0-4673" name="CanMatchRuntimes(net-2.0,net-3.5)" fullname="NUnit.Framework.Internal.RuntimeFrameworkTests.CanMatchRuntimes(net-2.0,net-3.5)" methodname="CanMatchRuntimes" classname="NUnit.Framework.Internal.RuntimeFrameworkTests" runstate="Runnable" seed="1901489120" result="Passed" start-time="2017-02-21 11:04:48Z" end-time="2017-02-21 11:04:48Z" duration="0.000078" asserts="1" />
              <test-case id="0-4674" name="CanMatchRuntimes(net-3.5,net-3.5)" fullname="NUnit.Framework.Internal.RuntimeFrameworkTests.CanMatchRuntimes(net-3.5,net-3.5)" methodname="CanMatchRuntimes" classname="NUnit.Framework.Internal.RuntimeFrameworkTests" runstate="Runnable" seed="114683600" result="Passed" start-time="2017-02-21 11:04:48Z" end-time="2017-02-21 11:04:48Z" duration="0.000067" asserts="1" />
              <test-case id="0-4675" name="CanMatchRuntimes(net-2.0,net-2.0)" fullname="NUnit.Framework.Internal.RuntimeFrameworkTests.CanMatchRuntimes(net-2.0,net-2.0)" methodname="CanMatchRuntimes" classname="NUnit.Framework.Internal.RuntimeFrameworkTests" runstate="Runnable" seed="1828494463" result="Passed" start-time="2017-02-21 11:04:48Z" end-time="2017-02-21 11:04:48Z" duration="0.000227" asserts="1" />
              <test-case id="0-4676" name="CanMatchRuntimes(net-2.0,net-2.0)" fullname="NUnit.Framework.Internal.RuntimeFrameworkTests.CanMatchRuntimes(net-2.0,net-2.0)" methodname="CanMatchRuntimes" classname="NUnit.Framework.Internal.RuntimeFrameworkTests" runstate="Runnable" seed="1840043264" result="Passed" start-time="2017-02-21 11:04:48Z" end-time="2017-02-21 11:04:48Z" duration="0.000075" asserts="1" />
              <test-case id="0-4677" name="CanMatchRuntimes(net-2.0,net-2.0)" fullname="NUnit.Framework.Internal.RuntimeFrameworkTests.CanMatchRuntimes(net-2.0,net-2.0)" methodname="CanMatchRuntimes" classname="NUnit.Framework.Internal.RuntimeFrameworkTests" runstate="Runnable" seed="2047379773" result="Passed" start-time="2017-02-21 11:04:48Z" end-time="2017-02-21 11:04:48Z" duration="0.000097" asserts="1" />
              <test-case id="0-4678" name="CanMatchRuntimes(net-2.0,net-2.0)" fullname="NUnit.Framework.Internal.RuntimeFrameworkTests.CanMatchRuntimes(net-2.0,net-2.0)" methodname="CanMatchRuntimes" classname="NUnit.Framework.Internal.RuntimeFrameworkTests" runstate="Runnable" seed="40999623" result="Passed" start-time="2017-02-21 11:04:48Z" end-time="2017-02-21 11:04:48Z" duration="0.000064" asserts="1" />
              <test-case id="0-4679" name="CanMatchRuntimes(net-2.0,mono-2.0)" fullname="NUnit.Framework.Internal.RuntimeFrameworkTests.CanMatchRuntimes(net-2.0,mono-2.0)" methodname="CanMatchRuntimes" classname="NUnit.Framework.Internal.RuntimeFrameworkTests" runstate="Runnable" seed="281886918" result="Passed" start-time="2017-02-21 11:04:48Z" end-time="2017-02-21 11:04:48Z" duration="0.000157" asserts="1" />
              <test-case id="0-4680" name="CanMatchRuntimes(net-2.0,net-1.1)" fullname="NUnit.Framework.Internal.RuntimeFrameworkTests.CanMatchRuntimes(net-2.0,net-1.1)" methodname="CanMatchRuntimes" classname="NUnit.Framework.Internal.RuntimeFrameworkTests" runstate="Runnable" seed="22338602" result="Passed" start-time="2017-02-21 11:04:48Z" end-time="2017-02-21 11:04:48Z" duration="0.002269" asserts="1" />
              <test-case id="0-4681" name="CanMatchRuntimes(net-2.0,net-2.0)" fullname="NUnit.Framework.Internal.RuntimeFrameworkTests.CanMatchRuntimes(net-2.0,net-2.0)" methodname="CanMatchRuntimes" classname="NUnit.Framework.Internal.RuntimeFrameworkTests" runstate="Runnable" seed="1621774991" result="Passed" start-time="2017-02-21 11:04:48Z" end-time="2017-02-21 11:04:48Z" duration="0.000124" asserts="1" />
              <test-case id="0-4682" name="CanMatchRuntimes(mono-1.0,mono-1.0)" fullname="NUnit.Framework.Internal.RuntimeFrameworkTests.CanMatchRuntimes(mono-1.0,mono-1.0)" methodname="CanMatchRuntimes" classname="NUnit.Framework.Internal.RuntimeFrameworkTests" runstate="Runnable" seed="864041628" result="Passed" start-time="2017-02-21 11:04:48Z" end-time="2017-02-21 11:04:48Z" duration="0.000056" asserts="1" />
              <test-case id="0-4683" name="CanMatchRuntimes(mono-2.0,v2.0)" fullname="NUnit.Framework.Internal.RuntimeFrameworkTests.CanMatchRuntimes(mono-2.0,v2.0)" methodname="CanMatchRuntimes" classname="NUnit.Framework.Internal.RuntimeFrameworkTests" runstate="Runnable" seed="1127469787" result="Passed" start-time="2017-02-21 11:04:48Z" end-time="2017-02-21 11:04:48Z" duration="0.000058" asserts="1" />
              <test-case id="0-4684" name="CanMatchRuntimes(v2.0,mono-2.0)" fullname="NUnit.Framework.Internal.RuntimeFrameworkTests.CanMatchRuntimes(v2.0,mono-2.0)" methodname="CanMatchRuntimes" classname="NUnit.Framework.Internal.RuntimeFrameworkTests" runstate="Runnable" seed="1468999602" result="Passed" start-time="2017-02-21 11:04:48Z" end-time="2017-02-21 11:04:48Z" duration="0.000075" asserts="1" />
              <test-case id="0-4685" name="CanMatchRuntimes(v2.0,v2.0)" fullname="NUnit.Framework.Internal.RuntimeFrameworkTests.CanMatchRuntimes(v2.0,v2.0)" methodname="CanMatchRuntimes" classname="NUnit.Framework.Internal.RuntimeFrameworkTests" runstate="Runnable" seed="1476445939" result="Passed" start-time="2017-02-21 11:04:48Z" end-time="2017-02-21 11:04:48Z" duration="0.000055" asserts="1" />
              <test-case id="0-4686" name="CanMatchRuntimes(v2.0,v4.0)" fullname="NUnit.Framework.Internal.RuntimeFrameworkTests.CanMatchRuntimes(v2.0,v4.0)" methodname="CanMatchRuntimes" classname="NUnit.Framework.Internal.RuntimeFrameworkTests" runstate="Runnable" seed="1782094799" result="Passed" start-time="2017-02-21 11:04:48Z" end-time="2017-02-21 11:04:48Z" duration="0.000044" asserts="1" />
              <test-case id="0-4687" name="CanMatchRuntimes(net,net-2.0)" fullname="NUnit.Framework.Internal.RuntimeFrameworkTests.CanMatchRuntimes(net,net-2.0)" methodname="CanMatchRuntimes" classname="NUnit.Framework.Internal.RuntimeFrameworkTests" runstate="Runnable" seed="554275899" result="Passed" start-time="2017-02-21 11:04:48Z" end-time="2017-02-21 11:04:48Z" duration="0.000042" asserts="1" />
              <test-case id="0-4688" name="CanMatchRuntimes(net-2.0,net)" fullname="NUnit.Framework.Internal.RuntimeFrameworkTests.CanMatchRuntimes(net-2.0,net)" methodname="CanMatchRuntimes" classname="NUnit.Framework.Internal.RuntimeFrameworkTests" runstate="Runnable" seed="1804116710" result="Passed" start-time="2017-02-21 11:04:48Z" end-time="2017-02-21 11:04:48Z" duration="0.000059" asserts="1" />
              <test-case id="0-4689" name="CanMatchRuntimes(any,net-2.0)" fullname="NUnit.Framework.Internal.RuntimeFrameworkTests.CanMatchRuntimes(any,net-2.0)" methodname="CanMatchRuntimes" classname="NUnit.Framework.Internal.RuntimeFrameworkTests" runstate="Runnable" seed="311286032" result="Passed" start-time="2017-02-21 11:04:48Z" end-time="2017-02-21 11:04:48Z" duration="0.000052" asserts="1" />
              <test-case id="0-4690" name="CanMatchRuntimes(net-2.0,any)" fullname="NUnit.Framework.Internal.RuntimeFrameworkTests.CanMatchRuntimes(net-2.0,any)" methodname="CanMatchRuntimes" classname="NUnit.Framework.Internal.RuntimeFrameworkTests" runstate="Runnable" seed="1951831220" result="Passed" start-time="2017-02-21 11:04:48Z" end-time="2017-02-21 11:04:48Z" duration="0.000066" asserts="1" />
            </test-suite>
            <test-suite type="ParameterizedMethod" id="0-4653" name="CanParseRuntimeFramework" fullname="NUnit.Framework.Internal.RuntimeFrameworkTests.CanParseRuntimeFramework" classname="NUnit.Framework.Internal.RuntimeFrameworkTests" runstate="Runnable" testcasecount="17" result="Passed" start-time="2017-02-21 11:04:48Z" end-time="2017-02-21 11:04:48Z" duration="0.060479" total="17" passed="17" failed="0" warnings="0" inconclusive="0" skipped="0" asserts="34">
              <test-case id="0-4636" name="CanParseRuntimeFramework(&lt;Net,1.0,1.0.3705&gt;)" fullname="NUnit.Framework.Internal.RuntimeFrameworkTests.CanParseRuntimeFramework(&lt;Net,1.0,1.0.3705&gt;)" methodname="CanParseRuntimeFramework" classname="NUnit.Framework.Internal.RuntimeFrameworkTests" runstate="Runnable" seed="1130224653" result="Passed" start-time="2017-02-21 11:04:48Z" end-time="2017-02-21 11:04:48Z" duration="0.000681" asserts="2" />
              <test-case id="0-4637" name="CanParseRuntimeFramework(&lt;Net,1.1,1.1.4322&gt;)" fullname="NUnit.Framework.Internal.RuntimeFrameworkTests.CanParseRuntimeFramework(&lt;Net,1.1,1.1.4322&gt;)" methodname="CanParseRuntimeFramework" classname="NUnit.Framework.Internal.RuntimeFrameworkTests" runstate="Runnable" seed="1766365113" result="Passed" start-time="2017-02-21 11:04:48Z" end-time="2017-02-21 11:04:48Z" duration="0.000079" asserts="2" />
              <test-case id="0-4638" name="CanParseRuntimeFramework(&lt;Net,2.0,2.0.50727&gt;)" fullname="NUnit.Framework.Internal.RuntimeFrameworkTests.CanParseRuntimeFramework(&lt;Net,2.0,2.0.50727&gt;)" methodname="CanParseRuntimeFramework" classname="NUnit.Framework.Internal.RuntimeFrameworkTests" runstate="Runnable" seed="804200017" result="Passed" start-time="2017-02-21 11:04:48Z" end-time="2017-02-21 11:04:48Z" duration="0.000087" asserts="2" />
              <test-case id="0-4639" name="CanParseRuntimeFramework(&lt;Net,3.0,2.0.50727&gt;)" fullname="NUnit.Framework.Internal.RuntimeFrameworkTests.CanParseRuntimeFramework(&lt;Net,3.0,2.0.50727&gt;)" methodname="CanParseRuntimeFramework" classname="NUnit.Framework.Internal.RuntimeFrameworkTests" runstate="Runnable" seed="1242982649" result="Passed" start-time="2017-02-21 11:04:48Z" end-time="2017-02-21 11:04:48Z" duration="0.000171" asserts="2" />
              <test-case id="0-4640" name="CanParseRuntimeFramework(&lt;Net,3.5,2.0.50727&gt;)" fullname="NUnit.Framework.Internal.RuntimeFrameworkTests.CanParseRuntimeFramework(&lt;Net,3.5,2.0.50727&gt;)" methodname="CanParseRuntimeFramework" classname="NUnit.Framework.Internal.RuntimeFrameworkTests" runstate="Runnable" seed="180126660" result="Passed" start-time="2017-02-21 11:04:48Z" end-time="2017-02-21 11:04:48Z" duration="0.000754" asserts="2" />
              <test-case id="0-4641" name="CanParseRuntimeFramework(&lt;Net,4.0,4.0.30319&gt;)" fullname="NUnit.Framework.Internal.RuntimeFrameworkTests.CanParseRuntimeFramework(&lt;Net,4.0,4.0.30319&gt;)" methodname="CanParseRuntimeFramework" classname="NUnit.Framework.Internal.RuntimeFrameworkTests" runstate="Runnable" seed="7791765" result="Passed" start-time="2017-02-21 11:04:48Z" end-time="2017-02-21 11:04:48Z" duration="0.000097" asserts="2" />
              <test-case id="0-4642" name="CanParseRuntimeFramework(&lt;Net,0.0,0.0&gt;)" fullname="NUnit.Framework.Internal.RuntimeFrameworkTests.CanParseRuntimeFramework(&lt;Net,0.0,0.0&gt;)" methodname="CanParseRuntimeFramework" classname="NUnit.Framework.Internal.RuntimeFrameworkTests" runstate="Runnable" seed="421245715" result="Passed" start-time="2017-02-21 11:04:48Z" end-time="2017-02-21 11:04:48Z" duration="0.000611" asserts="2" />
              <test-case id="0-4643" name="CanParseRuntimeFramework(&lt;Mono,1.0,1.1.4322&gt;)" fullname="NUnit.Framework.Internal.RuntimeFrameworkTests.CanParseRuntimeFramework(&lt;Mono,1.0,1.1.4322&gt;)" methodname="CanParseRuntimeFramework" classname="NUnit.Framework.Internal.RuntimeFrameworkTests" runstate="Runnable" seed="2101429487" result="Passed" start-time="2017-02-21 11:04:48Z" end-time="2017-02-21 11:04:48Z" duration="0.000291" asserts="2" />
              <test-case id="0-4644" name="CanParseRuntimeFramework(&lt;Mono,2.0,2.0.50727&gt;)" fullname="NUnit.Framework.Internal.RuntimeFrameworkTests.CanParseRuntimeFramework(&lt;Mono,2.0,2.0.50727&gt;)" methodname="CanParseRuntimeFramework" classname="NUnit.Framework.Internal.RuntimeFrameworkTests" runstate="Runnable" seed="846757433" result="Passed" start-time="2017-02-21 11:04:48Z" end-time="2017-02-21 11:04:48Z" duration="0.000238" asserts="2" />
              <test-case id="0-4645" name="CanParseRuntimeFramework(&lt;Mono,3.5,2.0.50727&gt;)" fullname="NUnit.Framework.Internal.RuntimeFrameworkTests.CanParseRuntimeFramework(&lt;Mono,3.5,2.0.50727&gt;)" methodname="CanParseRuntimeFramework" classname="NUnit.Framework.Internal.RuntimeFrameworkTests" runstate="Runnable" seed="2333410" result="Passed" start-time="2017-02-21 11:04:48Z" end-time="2017-02-21 11:04:48Z" duration="0.000158" asserts="2" />
              <test-case id="0-4646" name="CanParseRuntimeFramework(&lt;Mono,4.0,4.0.30319&gt;)" fullname="NUnit.Framework.Internal.RuntimeFrameworkTests.CanParseRuntimeFramework(&lt;Mono,4.0,4.0.30319&gt;)" methodname="CanParseRuntimeFramework" classname="NUnit.Framework.Internal.RuntimeFrameworkTests" runstate="Runnable" seed="2138316969" result="Passed" start-time="2017-02-21 11:04:48Z" end-time="2017-02-21 11:04:48Z" duration="0.000178" asserts="2" />
              <test-case id="0-4647" name="CanParseRuntimeFramework(&lt;Mono,0.0,0.0&gt;)" fullname="NUnit.Framework.Internal.RuntimeFrameworkTests.CanParseRuntimeFramework(&lt;Mono,0.0,0.0&gt;)" methodname="CanParseRuntimeFramework" classname="NUnit.Framework.Internal.RuntimeFrameworkTests" runstate="Runnable" seed="1322023450" result="Passed" start-time="2017-02-21 11:04:48Z" end-time="2017-02-21 11:04:48Z" duration="0.000248" asserts="2" />
              <test-case id="0-4648" name="CanParseRuntimeFramework(&lt;Any,1.1,1.1.4322&gt;)" fullname="NUnit.Framework.Internal.RuntimeFrameworkTests.CanParseRuntimeFramework(&lt;Any,1.1,1.1.4322&gt;)" methodname="CanParseRuntimeFramework" classname="NUnit.Framework.Internal.RuntimeFrameworkTests" runstate="Runnable" seed="947755049" result="Passed" start-time="2017-02-21 11:04:48Z" end-time="2017-02-21 11:04:48Z" duration="0.000122" asserts="2" />
              <test-case id="0-4649" name="CanParseRuntimeFramework(&lt;Any,2.0,2.0.50727&gt;)" fullname="NUnit.Framework.Internal.RuntimeFrameworkTests.CanParseRuntimeFramework(&lt;Any,2.0,2.0.50727&gt;)" methodname="CanParseRuntimeFramework" classname="NUnit.Framework.Internal.RuntimeFrameworkTests" runstate="Runnable" seed="2066369059" result="Passed" start-time="2017-02-21 11:04:48Z" end-time="2017-02-21 11:04:48Z" duration="0.000210" asserts="2" />
              <test-case id="0-4650" name="CanParseRuntimeFramework(&lt;Any,3.5,2.0.50727&gt;)" fullname="NUnit.Framework.Internal.RuntimeFrameworkTests.CanParseRuntimeFramework(&lt;Any,3.5,2.0.50727&gt;)" methodname="CanParseRuntimeFramework" classname="NUnit.Framework.Internal.RuntimeFrameworkTests" runstate="Runnable" seed="1659473765" result="Passed" start-time="2017-02-21 11:04:48Z" end-time="2017-02-21 11:04:48Z" duration="0.000077" asserts="2" />
              <test-case id="0-4651" name="CanParseRuntimeFramework(&lt;Any,4.0,4.0.30319&gt;)" fullname="NUnit.Framework.Internal.RuntimeFrameworkTests.CanParseRuntimeFramework(&lt;Any,4.0,4.0.30319&gt;)" methodname="CanParseRuntimeFramework" classname="NUnit.Framework.Internal.RuntimeFrameworkTests" runstate="Runnable" seed="13730932" result="Passed" start-time="2017-02-21 11:04:48Z" end-time="2017-02-21 11:04:48Z" duration="0.000113" asserts="2" />
              <test-case id="0-4652" name="CanParseRuntimeFramework(&lt;Any,0.0,0.0&gt;)" fullname="NUnit.Framework.Internal.RuntimeFrameworkTests.CanParseRuntimeFramework(&lt;Any,0.0,0.0&gt;)" methodname="CanParseRuntimeFramework" classname="NUnit.Framework.Internal.RuntimeFrameworkTests" runstate="Runnable" seed="1654147779" result="Passed" start-time="2017-02-21 11:04:48Z" end-time="2017-02-21 11:04:48Z" duration="0.000080" asserts="2" />
            </test-suite>
            <test-case id="0-4599" name="CurrentFrameworkHasBuildSpecified" fullname="NUnit.Framework.Internal.RuntimeFrameworkTests.CurrentFrameworkHasBuildSpecified" methodname="CurrentFrameworkHasBuildSpecified" classname="NUnit.Framework.Internal.RuntimeFrameworkTests" runstate="Runnable" seed="1514047140" result="Passed" start-time="2017-02-21 11:04:48Z" end-time="2017-02-21 11:04:48Z" duration="0.000156" asserts="1" />
            <test-case id="0-4598" name="DoesNotRunIn40CompatibilityModeWhenCompiled45" fullname="NUnit.Framework.Internal.RuntimeFrameworkTests.DoesNotRunIn40CompatibilityModeWhenCompiled45" methodname="DoesNotRunIn40CompatibilityModeWhenCompiled45" classname="NUnit.Framework.Internal.RuntimeFrameworkTests" runstate="Runnable" seed="1582004165" result="Passed" start-time="2017-02-21 11:04:48Z" end-time="2017-02-21 11:04:48Z" duration="0.011329" asserts="1" />
            <test-case id="0-4597" name="TargetFrameworkIsSetCorrectly" fullname="NUnit.Framework.Internal.RuntimeFrameworkTests.TargetFrameworkIsSetCorrectly" methodname="TargetFrameworkIsSetCorrectly" classname="NUnit.Framework.Internal.RuntimeFrameworkTests" runstate="Runnable" seed="1913769777" result="Inconclusive" start-time="2017-02-21 11:04:48Z" end-time="2017-02-21 11:04:48Z" duration="0.000838" asserts="0">
              <reason>
                <message><![CDATA[  Expected: not null
  But was:  null
]]></message>
              </reason>
            </test-case>
          </test-suite>
          <test-suite type="TestFixture" id="0-4692" name="SetUpFixtureTests" fullname="NUnit.Framework.Internal.SetUpFixtureTests" classname="NUnit.Framework.Internal.SetUpFixtureTests" runstate="Runnable" testcasecount="10" result="Passed" start-time="2017-02-21 11:04:47Z" end-time="2017-02-21 11:04:48Z" duration="0.464614" total="10" passed="10" failed="0" warnings="0" inconclusive="0" skipped="0" asserts="104">
            <test-case id="0-4694" name="AssemblySetUpFixtureReplacesAssemblyNodeInTree" fullname="NUnit.Framework.Internal.SetUpFixtureTests.AssemblySetUpFixtureReplacesAssemblyNodeInTree" methodname="AssemblySetUpFixtureReplacesAssemblyNodeInTree" classname="NUnit.Framework.Internal.SetUpFixtureTests" runstate="Runnable" seed="2003146202" result="Passed" start-time="2017-02-21 11:04:47Z" end-time="2017-02-21 11:04:48Z" duration="0.154333" asserts="4" />
            <test-case id="0-4702" name="AssemblySetupFixtureWrapsExecutionOfTest" fullname="NUnit.Framework.Internal.SetUpFixtureTests.AssemblySetupFixtureWrapsExecutionOfTest" methodname="AssemblySetupFixtureWrapsExecutionOfTest" classname="NUnit.Framework.Internal.SetUpFixtureTests" runstate="Runnable" seed="1375385427" result="Passed" start-time="2017-02-21 11:04:48Z" end-time="2017-02-21 11:04:48Z" duration="0.124147" asserts="5" />
            <test-case id="0-4695" name="InvalidAssemblySetUpFixtureIsLoadedCorrectly" fullname="NUnit.Framework.Internal.SetUpFixtureTests.InvalidAssemblySetUpFixtureIsLoadedCorrectly" methodname="InvalidAssemblySetUpFixtureIsLoadedCorrectly" classname="NUnit.Framework.Internal.SetUpFixtureTests" runstate="Runnable" seed="149365571" result="Passed" start-time="2017-02-21 11:04:48Z" end-time="2017-02-21 11:04:48Z" duration="0.003212" asserts="20" />
            <test-case id="0-4701" name="InvalidSetUpFixtureTest" fullname="NUnit.Framework.Internal.SetUpFixtureTests.InvalidSetUpFixtureTest" methodname="InvalidSetUpFixtureTest" classname="NUnit.Framework.Internal.SetUpFixtureTests" runstate="Runnable" seed="729331932" result="Passed" start-time="2017-02-21 11:04:48Z" end-time="2017-02-21 11:04:48Z" duration="0.016156" asserts="1" />
            <test-case id="0-4693" name="NamespaceSetUpFixtureReplacesNamespaceNodeInTree" fullname="NUnit.Framework.Internal.SetUpFixtureTests.NamespaceSetUpFixtureReplacesNamespaceNodeInTree" methodname="NamespaceSetUpFixtureReplacesNamespaceNodeInTree" classname="NUnit.Framework.Internal.SetUpFixtureTests" runstate="Runnable" seed="497985527" result="Passed" start-time="2017-02-21 11:04:48Z" end-time="2017-02-21 11:04:48Z" duration="0.001459" asserts="20" />
            <test-case id="0-4696" name="NamespaceSetUpFixtureWrapsExecutionOfSingleTest" fullname="NUnit.Framework.Internal.SetUpFixtureTests.NamespaceSetUpFixtureWrapsExecutionOfSingleTest" methodname="NamespaceSetUpFixtureWrapsExecutionOfSingleTest" classname="NUnit.Framework.Internal.SetUpFixtureTests" runstate="Runnable" seed="600665537" result="Passed" start-time="2017-02-21 11:04:48Z" end-time="2017-02-21 11:04:48Z" duration="0.027706" asserts="8" />
            <test-case id="0-4698" name="NamespaceSetUpFixtureWrapsExecutionOfTwoTests" fullname="NUnit.Framework.Internal.SetUpFixtureTests.NamespaceSetUpFixtureWrapsExecutionOfTwoTests" methodname="NamespaceSetUpFixtureWrapsExecutionOfTwoTests" classname="NUnit.Framework.Internal.SetUpFixtureTests" runstate="Runnable" seed="330552649" result="Passed" start-time="2017-02-21 11:04:48Z" end-time="2017-02-21 11:04:48Z" duration="0.025636" asserts="13" />
            <test-case id="0-4699" name="NamespaceSetUpFixtureWrapsNestedNamespaceSetUpFixture" fullname="NUnit.Framework.Internal.SetUpFixtureTests.NamespaceSetUpFixtureWrapsNestedNamespaceSetUpFixture" methodname="NamespaceSetUpFixtureWrapsNestedNamespaceSetUpFixture" classname="NUnit.Framework.Internal.SetUpFixtureTests" runstate="Runnable" seed="396188829" result="Passed" start-time="2017-02-21 11:04:48Z" end-time="2017-02-21 11:04:48Z" duration="0.035453" asserts="15" />
            <test-case id="0-4697" name="NamespaceSetUpMethodsMayBeStatic" fullname="NUnit.Framework.Internal.SetUpFixtureTests.NamespaceSetUpMethodsMayBeStatic" methodname="NamespaceSetUpMethodsMayBeStatic" classname="NUnit.Framework.Internal.SetUpFixtureTests" runstate="Runnable" seed="643464527" result="Passed" start-time="2017-02-21 11:04:48Z" end-time="2017-02-21 11:04:48Z" duration="0.020427" asserts="8" />
            <test-case id="0-4700" name="WithTwoSetUpFixturesBothAreUsed" fullname="NUnit.Framework.Internal.SetUpFixtureTests.WithTwoSetUpFixturesBothAreUsed" methodname="WithTwoSetUpFixturesBothAreUsed" classname="NUnit.Framework.Internal.SetUpFixtureTests" runstate="Runnable" seed="1241761310" result="Passed" start-time="2017-02-21 11:04:48Z" end-time="2017-02-21 11:04:48Z" duration="0.026214" asserts="10" />
          </test-suite>
          <test-suite type="TestFixture" id="0-4806" name="TestFixtureTests+FixtureIsNotNullForTests" fullname="NUnit.Framework.Internal.TestFixtureTests+FixtureIsNotNullForTests" classname="NUnit.Framework.Internal.TestFixtureTests+FixtureIsNotNullForTests" runstate="Runnable" testcasecount="2" result="Passed" start-time="2017-02-21 11:04:48Z" end-time="2017-02-21 11:04:48Z" duration="0.011761" total="2" passed="2" failed="0" warnings="0" inconclusive="0" skipped="0" asserts="9">
            <test-suite type="ParameterizedMethod" id="0-4809" name="TestCaseMethod" fullname="NUnit.Framework.Internal.TestFixtureTests+FixtureIsNotNullForTests.TestCaseMethod" classname="NUnit.Framework.Internal.TestFixtureTests+FixtureIsNotNullForTests" runstate="Runnable" testcasecount="1" result="Passed" start-time="2017-02-21 11:04:48Z" end-time="2017-02-21 11:04:48Z" duration="0.003392" total="1" passed="1" failed="0" warnings="0" inconclusive="0" skipped="0" asserts="3">
              <test-case id="0-4808" name="TestCaseMethod(1)" fullname="NUnit.Framework.Internal.TestFixtureTests+FixtureIsNotNullForTests.TestCaseMethod(1)" methodname="TestCaseMethod" classname="NUnit.Framework.Internal.TestFixtureTests+FixtureIsNotNullForTests" runstate="Runnable" seed="750097919" result="Passed" start-time="2017-02-21 11:04:48Z" end-time="2017-02-21 11:04:48Z" duration="0.000201" asserts="3" />
            </test-suite>
            <test-case id="0-4807" name="TestMethod" fullname="NUnit.Framework.Internal.TestFixtureTests+FixtureIsNotNullForTests.TestMethod" methodname="TestMethod" classname="NUnit.Framework.Internal.TestFixtureTests+FixtureIsNotNullForTests" runstate="Runnable" seed="1152733410" result="Passed" start-time="2017-02-21 11:04:48Z" end-time="2017-02-21 11:04:48Z" duration="0.000290" asserts="3" />
          </test-suite>
          <test-suite type="TestFixture" id="0-4759" name="TestFixtureTests" fullname="NUnit.Framework.Internal.TestFixtureTests" classname="NUnit.Framework.Internal.TestFixtureTests" runstate="Runnable" testcasecount="46" result="Passed" start-time="2017-02-21 11:04:48Z" end-time="2017-02-21 11:04:48Z" duration="0.174929" total="46" passed="46" failed="0" warnings="0" inconclusive="0" skipped="0" asserts="91">
            <test-case id="0-4768" name="BadConstructorRunsWithSetUpError" fullname="NUnit.Framework.Internal.TestFixtureTests.BadConstructorRunsWithSetUpError" methodname="BadConstructorRunsWithSetUpError" classname="NUnit.Framework.Internal.TestFixtureTests" runstate="Runnable" seed="1863225756" result="Passed" start-time="2017-02-21 11:04:48Z" end-time="2017-02-21 11:04:48Z" duration="0.000833" asserts="0" />
            <test-case id="0-4766" name="CannotRunConstructorWithArgsNotSupplied" fullname="NUnit.Framework.Internal.TestFixtureTests.CannotRunConstructorWithArgsNotSupplied" methodname="CannotRunConstructorWithArgsNotSupplied" classname="NUnit.Framework.Internal.TestFixtureTests" runstate="Runnable" seed="404126748" result="Passed" start-time="2017-02-21 11:04:48Z" end-time="2017-02-21 11:04:48Z" duration="0.000444" asserts="2" />
            <test-case id="0-4800" name="CannotRunFixtureSetupWithParameters" fullname="NUnit.Framework.Internal.TestFixtureTests.CannotRunFixtureSetupWithParameters" methodname="CannotRunFixtureSetupWithParameters" classname="NUnit.Framework.Internal.TestFixtureTests" runstate="Runnable" seed="1862843294" result="Passed" start-time="2017-02-21 11:04:48Z" end-time="2017-02-21 11:04:48Z" duration="0.000239" asserts="2" />
            <test-case id="0-4799" name="CannotRunFixtureSetupWithReturnValue" fullname="NUnit.Framework.Internal.TestFixtureTests.CannotRunFixtureSetupWithReturnValue" methodname="CannotRunFixtureSetupWithReturnValue" classname="NUnit.Framework.Internal.TestFixtureTests" runstate="Runnable" seed="800549944" result="Passed" start-time="2017-02-21 11:04:48Z" end-time="2017-02-21 11:04:48Z" duration="0.000293" asserts="2" />
            <test-case id="0-4805" name="CannotRunFixtureTearDownWithParameters" fullname="NUnit.Framework.Internal.TestFixtureTests.CannotRunFixtureTearDownWithParameters" methodname="CannotRunFixtureTearDownWithParameters" classname="NUnit.Framework.Internal.TestFixtureTests" runstate="Runnable" seed="757740913" result="Passed" start-time="2017-02-21 11:04:48Z" end-time="2017-02-21 11:04:48Z" duration="0.000616" asserts="2" />
            <test-case id="0-4804" name="CannotRunFixtureTearDownWithReturnValue" fullname="NUnit.Framework.Internal.TestFixtureTests.CannotRunFixtureTearDownWithReturnValue" methodname="CannotRunFixtureTearDownWithReturnValue" classname="NUnit.Framework.Internal.TestFixtureTests" runstate="Runnable" seed="18392511" result="Passed" start-time="2017-02-21 11:04:48Z" end-time="2017-02-21 11:04:48Z" duration="0.000473" asserts="2" />
            <test-case id="0-4784" name="CannotRunGenericFixtureDerivedFromAbstractFixtureWithNoArgsProvided" fullname="NUnit.Framework.Internal.TestFixtureTests.CannotRunGenericFixtureDerivedFromAbstractFixtureWithNoArgsProvided" methodname="CannotRunGenericFixtureDerivedFromAbstractFixtureWithNoArgsProvided" classname="NUnit.Framework.Internal.TestFixtureTests" runstate="Runnable" seed="1511864963" result="Passed" start-time="2017-02-21 11:04:48Z" end-time="2017-02-21 11:04:48Z" duration="0.000430" asserts="1" />
            <test-case id="0-4783" name="CannotRunGenericFixtureWithNoArgsProvided" fullname="NUnit.Framework.Internal.TestFixtureTests.CannotRunGenericFixtureWithNoArgsProvided" methodname="CannotRunGenericFixtureWithNoArgsProvided" classname="NUnit.Framework.Internal.TestFixtureTests" runstate="Runnable" seed="1778026027" result="Passed" start-time="2017-02-21 11:04:48Z" end-time="2017-02-21 11:04:48Z" duration="0.001071" asserts="2" />
            <test-case id="0-4796" name="CannotRunPrivateFixtureSetUp" fullname="NUnit.Framework.Internal.TestFixtureTests.CannotRunPrivateFixtureSetUp" methodname="CannotRunPrivateFixtureSetUp" classname="NUnit.Framework.Internal.TestFixtureTests" runstate="Runnable" seed="1184477673" result="Passed" start-time="2017-02-21 11:04:48Z" end-time="2017-02-21 11:04:48Z" duration="0.000432" asserts="2" />
            <test-case id="0-4801" name="CannotRunPrivateFixtureTearDown" fullname="NUnit.Framework.Internal.TestFixtureTests.CannotRunPrivateFixtureTearDown" methodname="CannotRunPrivateFixtureTearDown" classname="NUnit.Framework.Internal.TestFixtureTests" runstate="Runnable" seed="367643384" result="Passed" start-time="2017-02-21 11:04:48Z" end-time="2017-02-21 11:04:48Z" duration="0.000300" asserts="2" />
            <test-case id="0-4786" name="CannotRunPrivateSetUp" fullname="NUnit.Framework.Internal.TestFixtureTests.CannotRunPrivateSetUp" methodname="CannotRunPrivateSetUp" classname="NUnit.Framework.Internal.TestFixtureTests" runstate="Runnable" seed="700349730" result="Passed" start-time="2017-02-21 11:04:48Z" end-time="2017-02-21 11:04:48Z" duration="0.000293" asserts="2" />
            <test-case id="0-4791" name="CannotRunPrivateTearDown" fullname="NUnit.Framework.Internal.TestFixtureTests.CannotRunPrivateTearDown" methodname="CannotRunPrivateTearDown" classname="NUnit.Framework.Internal.TestFixtureTests" runstate="Runnable" seed="695808836" result="Passed" start-time="2017-02-21 11:04:48Z" end-time="2017-02-21 11:04:48Z" duration="0.000444" asserts="2" />
            <test-case id="0-4790" name="CannotRunSetupWithParameters" fullname="NUnit.Framework.Internal.TestFixtureTests.CannotRunSetupWithParameters" methodname="CannotRunSetupWithParameters" classname="NUnit.Framework.Internal.TestFixtureTests" runstate="Runnable" seed="2053479804" result="Passed" start-time="2017-02-21 11:04:48Z" end-time="2017-02-21 11:04:48Z" duration="0.000268" asserts="2" />
            <test-case id="0-4789" name="CannotRunSetupWithReturnValue" fullname="NUnit.Framework.Internal.TestFixtureTests.CannotRunSetupWithReturnValue" methodname="CannotRunSetupWithReturnValue" classname="NUnit.Framework.Internal.TestFixtureTests" runstate="Runnable" seed="1884881601" result="Passed" start-time="2017-02-21 11:04:48Z" end-time="2017-02-21 11:04:48Z" duration="0.000433" asserts="2" />
            <test-case id="0-4795" name="CannotRunTearDownWithParameters" fullname="NUnit.Framework.Internal.TestFixtureTests.CannotRunTearDownWithParameters" methodname="CannotRunTearDownWithParameters" classname="NUnit.Framework.Internal.TestFixtureTests" runstate="Runnable" seed="1177345890" result="Passed" start-time="2017-02-21 11:04:48Z" end-time="2017-02-21 11:04:48Z" duration="0.000306" asserts="2" />
            <test-case id="0-4794" name="CannotRunTearDownWithReturnValue" fullname="NUnit.Framework.Internal.TestFixtureTests.CannotRunTearDownWithReturnValue" methodname="CannotRunTearDownWithReturnValue" classname="NUnit.Framework.Internal.TestFixtureTests" runstate="Runnable" seed="170874784" result="Passed" start-time="2017-02-21 11:04:48Z" end-time="2017-02-21 11:04:48Z" duration="0.000296" asserts="2" />
            <test-case id="0-4767" name="CanRunConstructorWithArgsSupplied" fullname="NUnit.Framework.Internal.TestFixtureTests.CanRunConstructorWithArgsSupplied" methodname="CanRunConstructorWithArgsSupplied" classname="NUnit.Framework.Internal.TestFixtureTests" runstate="Runnable" seed="2129742091" result="Passed" start-time="2017-02-21 11:04:48Z" end-time="2017-02-21 11:04:48Z" duration="0.001078" asserts="2" />
            <test-case id="0-4775" name="CanRunFixtureDerivedFromAbstractDerivedTestFixture" fullname="NUnit.Framework.Internal.TestFixtureTests.CanRunFixtureDerivedFromAbstractDerivedTestFixture" methodname="CanRunFixtureDerivedFromAbstractDerivedTestFixture" classname="NUnit.Framework.Internal.TestFixtureTests" runstate="Runnable" seed="1946555427" result="Passed" start-time="2017-02-21 11:04:48Z" end-time="2017-02-21 11:04:48Z" duration="0.000871" asserts="2" />
            <test-case id="0-4774" name="CanRunFixtureDerivedFromAbstractTestFixture" fullname="NUnit.Framework.Internal.TestFixtureTests.CanRunFixtureDerivedFromAbstractTestFixture" methodname="CanRunFixtureDerivedFromAbstractTestFixture" classname="NUnit.Framework.Internal.TestFixtureTests" runstate="Runnable" seed="912167488" result="Passed" start-time="2017-02-21 11:04:48Z" end-time="2017-02-21 11:04:48Z" duration="0.001077" asserts="2" />
            <test-case id="0-4785" name="CanRunGenericFixtureDerivedFromAbstractFixtureWithArgsProvided" fullname="NUnit.Framework.Internal.TestFixtureTests.CanRunGenericFixtureDerivedFromAbstractFixtureWithArgsProvided" methodname="CanRunGenericFixtureDerivedFromAbstractFixtureWithArgsProvided" classname="NUnit.Framework.Internal.TestFixtureTests" runstate="Runnable" seed="21665431" result="Passed" start-time="2017-02-21 11:04:48Z" end-time="2017-02-21 11:04:48Z" duration="0.000569" asserts="3" />
            <test-case id="0-4782" name="CanRunGenericFixtureWithProperArgsProvided" fullname="NUnit.Framework.Internal.TestFixtureTests.CanRunGenericFixtureWithProperArgsProvided" methodname="CanRunGenericFixtureWithProperArgsProvided" classname="NUnit.Framework.Internal.TestFixtureTests" runstate="Runnable" seed="324516269" result="Passed" start-time="2017-02-21 11:04:48Z" end-time="2017-02-21 11:04:48Z" duration="0.000666" asserts="3" />
            <test-case id="0-4769" name="CanRunMultipleSetUp" fullname="NUnit.Framework.Internal.TestFixtureTests.CanRunMultipleSetUp" methodname="CanRunMultipleSetUp" classname="NUnit.Framework.Internal.TestFixtureTests" runstate="Runnable" seed="1802215468" result="Passed" start-time="2017-02-21 11:04:48Z" end-time="2017-02-21 11:04:48Z" duration="0.000812" asserts="2" />
            <test-case id="0-4770" name="CanRunMultipleTearDown" fullname="NUnit.Framework.Internal.TestFixtureTests.CanRunMultipleTearDown" methodname="CanRunMultipleTearDown" classname="NUnit.Framework.Internal.TestFixtureTests" runstate="Runnable" seed="1049281422" result="Passed" start-time="2017-02-21 11:04:48Z" end-time="2017-02-21 11:04:48Z" duration="0.000720" asserts="2" />
            <test-case id="0-4777" name="CanRunMultipleTestFixtureSetUp" fullname="NUnit.Framework.Internal.TestFixtureTests.CanRunMultipleTestFixtureSetUp" methodname="CanRunMultipleTestFixtureSetUp" classname="NUnit.Framework.Internal.TestFixtureTests" runstate="Runnable" seed="1691292250" result="Passed" start-time="2017-02-21 11:04:48Z" end-time="2017-02-21 11:04:48Z" duration="0.000524" asserts="2" />
            <test-case id="0-4778" name="CanRunMultipleTestFixtureTearDown" fullname="NUnit.Framework.Internal.TestFixtureTests.CanRunMultipleTestFixtureTearDown" methodname="CanRunMultipleTestFixtureTearDown" classname="NUnit.Framework.Internal.TestFixtureTests" runstate="Runnable" seed="388311479" result="Passed" start-time="2017-02-21 11:04:48Z" end-time="2017-02-21 11:04:48Z" duration="0.000508" asserts="2" />
            <test-case id="0-4797" name="CanRunProtectedFixtureSetUp" fullname="NUnit.Framework.Internal.TestFixtureTests.CanRunProtectedFixtureSetUp" methodname="CanRunProtectedFixtureSetUp" classname="NUnit.Framework.Internal.TestFixtureTests" runstate="Runnable" seed="1637288373" result="Passed" start-time="2017-02-21 11:04:48Z" end-time="2017-02-21 11:04:48Z" duration="0.000644" asserts="2" />
            <test-case id="0-4802" name="CanRunProtectedFixtureTearDown" fullname="NUnit.Framework.Internal.TestFixtureTests.CanRunProtectedFixtureTearDown" methodname="CanRunProtectedFixtureTearDown" classname="NUnit.Framework.Internal.TestFixtureTests" runstate="Runnable" seed="1735832249" result="Passed" start-time="2017-02-21 11:04:48Z" end-time="2017-02-21 11:04:48Z" duration="0.000816" asserts="2" />
            <test-case id="0-4787" name="CanRunProtectedSetUp" fullname="NUnit.Framework.Internal.TestFixtureTests.CanRunProtectedSetUp" methodname="CanRunProtectedSetUp" classname="NUnit.Framework.Internal.TestFixtureTests" runstate="Runnable" seed="460755123" result="Passed" start-time="2017-02-21 11:04:48Z" end-time="2017-02-21 11:04:48Z" duration="0.000566" asserts="2" />
            <test-case id="0-4792" name="CanRunProtectedTearDown" fullname="NUnit.Framework.Internal.TestFixtureTests.CanRunProtectedTearDown" methodname="CanRunProtectedTearDown" classname="NUnit.Framework.Internal.TestFixtureTests" runstate="Runnable" seed="844728888" result="Passed" start-time="2017-02-21 11:04:48Z" end-time="2017-02-21 11:04:48Z" duration="0.000635" asserts="2" />
            <test-case id="0-4781" name="CanRunStaticFixture" fullname="NUnit.Framework.Internal.TestFixtureTests.CanRunStaticFixture" methodname="CanRunStaticFixture" classname="NUnit.Framework.Internal.TestFixtureTests" runstate="Runnable" seed="406810185" result="Passed" start-time="2017-02-21 11:04:48Z" end-time="2017-02-21 11:04:48Z" duration="0.000601" asserts="2" />
            <test-case id="0-4798" name="CanRunStaticFixtureSetUp" fullname="NUnit.Framework.Internal.TestFixtureTests.CanRunStaticFixtureSetUp" methodname="CanRunStaticFixtureSetUp" classname="NUnit.Framework.Internal.TestFixtureTests" runstate="Runnable" seed="321627755" result="Passed" start-time="2017-02-21 11:04:48Z" end-time="2017-02-21 11:04:48Z" duration="0.000645" asserts="2" />
            <test-case id="0-4803" name="CanRunStaticFixtureTearDown" fullname="NUnit.Framework.Internal.TestFixtureTests.CanRunStaticFixtureTearDown" methodname="CanRunStaticFixtureTearDown" classname="NUnit.Framework.Internal.TestFixtureTests" runstate="Runnable" seed="1130616346" result="Passed" start-time="2017-02-21 11:04:48Z" end-time="2017-02-21 11:04:48Z" duration="0.000635" asserts="2" />
            <test-case id="0-4788" name="CanRunStaticSetUp" fullname="NUnit.Framework.Internal.TestFixtureTests.CanRunStaticSetUp" methodname="CanRunStaticSetUp" classname="NUnit.Framework.Internal.TestFixtureTests" runstate="Runnable" seed="2086452118" result="Passed" start-time="2017-02-21 11:04:48Z" end-time="2017-02-21 11:04:48Z" duration="0.000774" asserts="2" />
            <test-case id="0-4793" name="CanRunStaticTearDown" fullname="NUnit.Framework.Internal.TestFixtureTests.CanRunStaticTearDown" methodname="CanRunStaticTearDown" classname="NUnit.Framework.Internal.TestFixtureTests" runstate="Runnable" seed="1119980241" result="Passed" start-time="2017-02-21 11:04:48Z" end-time="2017-02-21 11:04:48Z" duration="0.000930" asserts="2" />
            <test-case id="0-4779" name="CanRunTestFixtureWithNoTests" fullname="NUnit.Framework.Internal.TestFixtureTests.CanRunTestFixtureWithNoTests" methodname="CanRunTestFixtureWithNoTests" classname="NUnit.Framework.Internal.TestFixtureTests" runstate="Runnable" seed="1739373793" result="Passed" start-time="2017-02-21 11:04:48Z" end-time="2017-02-21 11:04:48Z" duration="0.000624" asserts="2" />
            <test-case id="0-4762" name="ConstructFromDoublyNestedType" fullname="NUnit.Framework.Internal.TestFixtureTests.ConstructFromDoublyNestedType" methodname="ConstructFromDoublyNestedType" classname="NUnit.Framework.Internal.TestFixtureTests" runstate="Runnable" seed="1348514613" result="Passed" start-time="2017-02-21 11:04:48Z" end-time="2017-02-21 11:04:48Z" duration="0.000489" asserts="2" />
            <test-case id="0-4761" name="ConstructFromNestedType" fullname="NUnit.Framework.Internal.TestFixtureTests.ConstructFromNestedType" methodname="ConstructFromNestedType" classname="NUnit.Framework.Internal.TestFixtureTests" runstate="Runnable" seed="1104322866" result="Passed" start-time="2017-02-21 11:04:48Z" end-time="2017-02-21 11:04:48Z" duration="0.000291" asserts="2" />
            <test-case id="0-4780" name="ConstructFromStaticTypeWithoutTestFixtureAttribute" fullname="NUnit.Framework.Internal.TestFixtureTests.ConstructFromStaticTypeWithoutTestFixtureAttribute" methodname="ConstructFromStaticTypeWithoutTestFixtureAttribute" classname="NUnit.Framework.Internal.TestFixtureTests" runstate="Runnable" seed="1806760387" result="Passed" start-time="2017-02-21 11:04:48Z" end-time="2017-02-21 11:04:48Z" duration="0.003336" asserts="2" />
            <test-case id="0-4760" name="ConstructFromType" fullname="NUnit.Framework.Internal.TestFixtureTests.ConstructFromType" methodname="ConstructFromType" classname="NUnit.Framework.Internal.TestFixtureTests" runstate="Runnable" seed="629730127" result="Passed" start-time="2017-02-21 11:04:48Z" end-time="2017-02-21 11:04:48Z" duration="0.000500" asserts="2" />
            <test-case id="0-4763" name="ConstructFromTypeWithoutTestFixtureAttributeContainingTestCase" fullname="NUnit.Framework.Internal.TestFixtureTests.ConstructFromTypeWithoutTestFixtureAttributeContainingTestCase" methodname="ConstructFromTypeWithoutTestFixtureAttributeContainingTestCase" classname="NUnit.Framework.Internal.TestFixtureTests" runstate="Runnable" seed="1652746443" result="Passed" start-time="2017-02-21 11:04:48Z" end-time="2017-02-21 11:04:48Z" duration="0.000352" asserts="2" />
            <test-case id="0-4764" name="ConstructFromTypeWithoutTestFixtureAttributeContainingTestCaseSource" fullname="NUnit.Framework.Internal.TestFixtureTests.ConstructFromTypeWithoutTestFixtureAttributeContainingTestCaseSource" methodname="ConstructFromTypeWithoutTestFixtureAttributeContainingTestCaseSource" classname="NUnit.Framework.Internal.TestFixtureTests" runstate="Runnable" seed="861920423" result="Passed" start-time="2017-02-21 11:04:48Z" end-time="2017-02-21 11:04:48Z" duration="0.000341" asserts="2" />
            <test-case id="0-4765" name="ConstructFromTypeWithoutTestFixtureAttributeContainingTheory" fullname="NUnit.Framework.Internal.TestFixtureTests.ConstructFromTypeWithoutTestFixtureAttributeContainingTheory" methodname="ConstructFromTypeWithoutTestFixtureAttributeContainingTheory" classname="NUnit.Framework.Internal.TestFixtureTests" runstate="Runnable" seed="1709544526" result="Passed" start-time="2017-02-21 11:04:48Z" end-time="2017-02-21 11:04:48Z" duration="0.000404" asserts="2" />
            <test-case id="0-4776" name="FixtureInheritingTwoTestFixtureAttributesIsLoadedOnlyOnce" fullname="NUnit.Framework.Internal.TestFixtureTests.FixtureInheritingTwoTestFixtureAttributesIsLoadedOnlyOnce" methodname="FixtureInheritingTwoTestFixtureAttributesIsLoadedOnlyOnce" classname="NUnit.Framework.Internal.TestFixtureTests" runstate="Runnable" seed="1643381967" result="Passed" start-time="2017-02-21 11:04:48Z" end-time="2017-02-21 11:04:48Z" duration="0.001275" asserts="2" />
            <test-case id="0-4771" name="FixtureUsingIgnoreAttributeIsIgnored" fullname="NUnit.Framework.Internal.TestFixtureTests.FixtureUsingIgnoreAttributeIsIgnored" methodname="FixtureUsingIgnoreAttributeIsIgnored" classname="NUnit.Framework.Internal.TestFixtureTests" runstate="Runnable" seed="466309753" result="Passed" start-time="2017-02-21 11:04:48Z" end-time="2017-02-21 11:04:48Z" duration="0.001091" asserts="2" />
            <test-case id="0-4772" name="FixtureUsingIgnorePropertyIsIgnored" fullname="NUnit.Framework.Internal.TestFixtureTests.FixtureUsingIgnorePropertyIsIgnored" methodname="FixtureUsingIgnorePropertyIsIgnored" classname="NUnit.Framework.Internal.TestFixtureTests" runstate="Runnable" seed="2122514448" result="Passed" start-time="2017-02-21 11:04:48Z" end-time="2017-02-21 11:04:48Z" duration="0.000922" asserts="2" />
            <test-case id="0-4773" name="FixtureUsingIgnoreReasonPropertyIsIgnored" fullname="NUnit.Framework.Internal.TestFixtureTests.FixtureUsingIgnoreReasonPropertyIsIgnored" methodname="FixtureUsingIgnoreReasonPropertyIsIgnored" classname="NUnit.Framework.Internal.TestFixtureTests" runstate="Runnable" seed="1418107598" result="Passed" start-time="2017-02-21 11:04:48Z" end-time="2017-02-21 11:04:48Z" duration="0.000448" asserts="2" />
          </test-suite>
          <test-suite type="TestFixture" id="0-4810" name="TestMethodSignatureTests" fullname="NUnit.Framework.Internal.TestMethodSignatureTests" classname="NUnit.Framework.Internal.TestMethodSignatureTests" runstate="Runnable" testcasecount="21" result="Passed" start-time="2017-02-21 11:04:48Z" end-time="2017-02-21 11:04:48Z" duration="0.089222" total="21" passed="21" failed="0" warnings="0" inconclusive="0" skipped="0" asserts="34">
            <test-case id="0-4811" name="InstanceTestMethodIsRunnable" fullname="NUnit.Framework.Internal.TestMethodSignatureTests.InstanceTestMethodIsRunnable" methodname="InstanceTestMethodIsRunnable" classname="NUnit.Framework.Internal.TestMethodSignatureTests" runstate="Runnable" seed="164554341" result="Passed" start-time="2017-02-21 11:04:48Z" end-time="2017-02-21 11:04:48Z" duration="0.000646" asserts="1" />
            <test-case id="0-4826" name="PrivateTestMethodIsNotRunnable" fullname="NUnit.Framework.Internal.TestMethodSignatureTests.PrivateTestMethodIsNotRunnable" methodname="PrivateTestMethodIsNotRunnable" classname="NUnit.Framework.Internal.TestMethodSignatureTests" runstate="Runnable" seed="468889717" result="Passed" start-time="2017-02-21 11:04:48Z" end-time="2017-02-21 11:04:48Z" duration="0.000197" asserts="1" />
            <test-case id="0-4825" name="ProtectedTestMethodIsNotRunnable" fullname="NUnit.Framework.Internal.TestMethodSignatureTests.ProtectedTestMethodIsNotRunnable" methodname="ProtectedTestMethodIsNotRunnable" classname="NUnit.Framework.Internal.TestMethodSignatureTests" runstate="Runnable" seed="1288675870" result="Passed" start-time="2017-02-21 11:04:48Z" end-time="2017-02-21 11:04:48Z" duration="0.000152" asserts="1" />
            <test-case id="0-4831" name="RunningTestsThroughFixtureGivesCorrectResults" fullname="NUnit.Framework.Internal.TestMethodSignatureTests.RunningTestsThroughFixtureGivesCorrectResults" methodname="RunningTestsThroughFixtureGivesCorrectResults" classname="NUnit.Framework.Internal.TestMethodSignatureTests" runstate="Runnable" seed="1542036761" result="Passed" start-time="2017-02-21 11:04:48Z" end-time="2017-02-21 11:04:48Z" duration="0.011511" asserts="0" />
            <test-case id="0-4812" name="StaticTestMethodIsRunnable" fullname="NUnit.Framework.Internal.TestMethodSignatureTests.StaticTestMethodIsRunnable" methodname="StaticTestMethodIsRunnable" classname="NUnit.Framework.Internal.TestMethodSignatureTests" runstate="Runnable" seed="211334451" result="Passed" start-time="2017-02-21 11:04:48Z" end-time="2017-02-21 11:04:48Z" duration="0.000245" asserts="1" />
            <test-case id="0-4819" name="StaticTestMethodWithArgumentsNotProvidedIsNotRunnable" fullname="NUnit.Framework.Internal.TestMethodSignatureTests.StaticTestMethodWithArgumentsNotProvidedIsNotRunnable" methodname="StaticTestMethodWithArgumentsNotProvidedIsNotRunnable" classname="NUnit.Framework.Internal.TestMethodSignatureTests" runstate="Runnable" seed="1980135222" result="Passed" start-time="2017-02-21 11:04:48Z" end-time="2017-02-21 11:04:48Z" duration="0.000144" asserts="1" />
            <test-case id="0-4820" name="StaticTestMethodWithArgumentsProvidedIsRunnable" fullname="NUnit.Framework.Internal.TestMethodSignatureTests.StaticTestMethodWithArgumentsProvidedIsRunnable" methodname="StaticTestMethodWithArgumentsProvidedIsRunnable" classname="NUnit.Framework.Internal.TestMethodSignatureTests" runstate="Runnable" seed="2052753778" result="Passed" start-time="2017-02-21 11:04:48Z" end-time="2017-02-21 11:04:48Z" duration="0.000521" asserts="1" />
            <test-case id="0-4822" name="StaticTestMethodWithWrongArgumentTypesProvidedGivesError" fullname="NUnit.Framework.Internal.TestMethodSignatureTests.StaticTestMethodWithWrongArgumentTypesProvidedGivesError" methodname="StaticTestMethodWithWrongArgumentTypesProvidedGivesError" classname="NUnit.Framework.Internal.TestMethodSignatureTests" runstate="Runnable" seed="1878602020" result="Passed" start-time="2017-02-21 11:04:48Z" end-time="2017-02-21 11:04:48Z" duration="0.001100" asserts="1" />
            <test-case id="0-4821" name="StaticTestMethodWithWrongNumberOfArgumentsProvidedIsNotRunnable" fullname="NUnit.Framework.Internal.TestMethodSignatureTests.StaticTestMethodWithWrongNumberOfArgumentsProvidedIsNotRunnable" methodname="StaticTestMethodWithWrongNumberOfArgumentsProvidedIsNotRunnable" classname="NUnit.Framework.Internal.TestMethodSignatureTests" runstate="Runnable" seed="2109406163" result="Passed" start-time="2017-02-21 11:04:48Z" end-time="2017-02-21 11:04:48Z" duration="0.000338" asserts="2" />
            <test-case id="0-4815" name="TestMethodHasAttributesAppliedCorrectlyEvenIfNotRunnable" fullname="NUnit.Framework.Internal.TestMethodSignatureTests.TestMethodHasAttributesAppliedCorrectlyEvenIfNotRunnable" methodname="TestMethodHasAttributesAppliedCorrectlyEvenIfNotRunnable" classname="NUnit.Framework.Internal.TestMethodSignatureTests" runstate="Runnable" seed="471704136" result="Passed" start-time="2017-02-21 11:04:48Z" end-time="2017-02-21 11:04:48Z" duration="0.000353" asserts="5" />
            <test-case id="0-4814" name="TestMethodWithArgumentsNotProvidedIsNotRunnable" fullname="NUnit.Framework.Internal.TestMethodSignatureTests.TestMethodWithArgumentsNotProvidedIsNotRunnable" methodname="TestMethodWithArgumentsNotProvidedIsNotRunnable" classname="NUnit.Framework.Internal.TestMethodSignatureTests" runstate="Runnable" seed="571208254" result="Passed" start-time="2017-02-21 11:04:48Z" end-time="2017-02-21 11:04:48Z" duration="0.000180" asserts="1" />
            <test-case id="0-4816" name="TestMethodWithArgumentsProvidedIsRunnable" fullname="NUnit.Framework.Internal.TestMethodSignatureTests.TestMethodWithArgumentsProvidedIsRunnable" methodname="TestMethodWithArgumentsProvidedIsRunnable" classname="NUnit.Framework.Internal.TestMethodSignatureTests" runstate="Runnable" seed="1100043039" result="Passed" start-time="2017-02-21 11:04:48Z" end-time="2017-02-21 11:04:48Z" duration="0.000554" asserts="1" />
            <test-case id="0-4823" name="TestMethodWithConvertibleArgumentsIsRunnable" fullname="NUnit.Framework.Internal.TestMethodSignatureTests.TestMethodWithConvertibleArgumentsIsRunnable" methodname="TestMethodWithConvertibleArgumentsIsRunnable" classname="NUnit.Framework.Internal.TestMethodSignatureTests" runstate="Runnable" seed="1901754274" result="Passed" start-time="2017-02-21 11:04:48Z" end-time="2017-02-21 11:04:48Z" duration="0.000320" asserts="1" />
            <test-case id="0-4828" name="TestMethodWithExpectedReturnTypeIsRunnable" fullname="NUnit.Framework.Internal.TestMethodSignatureTests.TestMethodWithExpectedReturnTypeIsRunnable" methodname="TestMethodWithExpectedReturnTypeIsRunnable" classname="NUnit.Framework.Internal.TestMethodSignatureTests" runstate="Runnable" seed="2116808796" result="Passed" start-time="2017-02-21 11:04:48Z" end-time="2017-02-21 11:04:48Z" duration="0.000443" asserts="1" />
            <test-case id="0-4829" name="TestMethodWithMultipleTestCasesExecutesMultipleTimes" fullname="NUnit.Framework.Internal.TestMethodSignatureTests.TestMethodWithMultipleTestCasesExecutesMultipleTimes" methodname="TestMethodWithMultipleTestCasesExecutesMultipleTimes" classname="NUnit.Framework.Internal.TestMethodSignatureTests" runstate="Runnable" seed="804084483" result="Passed" start-time="2017-02-21 11:04:48Z" end-time="2017-02-21 11:04:48Z" duration="0.000652" asserts="1" />
            <test-case id="0-4830" name="TestMethodWithMultipleTestCasesUsesCorrectNames" fullname="NUnit.Framework.Internal.TestMethodSignatureTests.TestMethodWithMultipleTestCasesUsesCorrectNames" methodname="TestMethodWithMultipleTestCasesUsesCorrectNames" classname="NUnit.Framework.Internal.TestMethodSignatureTests" runstate="Runnable" seed="472916545" result="Passed" start-time="2017-02-21 11:04:48Z" end-time="2017-02-21 11:04:48Z" duration="0.000984" asserts="8" />
            <test-case id="0-4824" name="TestMethodWithNonConvertibleArgumentsGivesError" fullname="NUnit.Framework.Internal.TestMethodSignatureTests.TestMethodWithNonConvertibleArgumentsGivesError" methodname="TestMethodWithNonConvertibleArgumentsGivesError" classname="NUnit.Framework.Internal.TestMethodSignatureTests" runstate="Runnable" seed="277314267" result="Passed" start-time="2017-02-21 11:04:48Z" end-time="2017-02-21 11:04:48Z" duration="0.000774" asserts="1" />
            <test-case id="0-4813" name="TestMethodWithoutParametersWithArgumentsProvidedIsNotRunnable" fullname="NUnit.Framework.Internal.TestMethodSignatureTests.TestMethodWithoutParametersWithArgumentsProvidedIsNotRunnable" methodname="TestMethodWithoutParametersWithArgumentsProvidedIsNotRunnable" classname="NUnit.Framework.Internal.TestMethodSignatureTests" runstate="Runnable" seed="934899169" result="Passed" start-time="2017-02-21 11:04:48Z" end-time="2017-02-21 11:04:48Z" duration="0.000144" asserts="2" />
            <test-case id="0-4827" name="TestMethodWithReturnTypeIsNotRunnable" fullname="NUnit.Framework.Internal.TestMethodSignatureTests.TestMethodWithReturnTypeIsNotRunnable" methodname="TestMethodWithReturnTypeIsNotRunnable" classname="NUnit.Framework.Internal.TestMethodSignatureTests" runstate="Runnable" seed="78766785" result="Passed" start-time="2017-02-21 11:04:48Z" end-time="2017-02-21 11:04:48Z" duration="0.000157" asserts="1" />
            <test-case id="0-4818" name="TestMethodWithWrongArgumentTypesProvidedGivesError" fullname="NUnit.Framework.Internal.TestMethodSignatureTests.TestMethodWithWrongArgumentTypesProvidedGivesError" methodname="TestMethodWithWrongArgumentTypesProvidedGivesError" classname="NUnit.Framework.Internal.TestMethodSignatureTests" runstate="Runnable" seed="734950565" result="Passed" start-time="2017-02-21 11:04:48Z" end-time="2017-02-21 11:04:48Z" duration="0.001369" asserts="1" />
            <test-case id="0-4817" name="TestMethodWithWrongNumberOfArgumentsProvidedIsNotRunnable" fullname="NUnit.Framework.Internal.TestMethodSignatureTests.TestMethodWithWrongNumberOfArgumentsProvidedIsNotRunnable" methodname="TestMethodWithWrongNumberOfArgumentsProvidedIsNotRunnable" classname="NUnit.Framework.Internal.TestMethodSignatureTests" runstate="Runnable" seed="1552119522" result="Passed" start-time="2017-02-21 11:04:48Z" end-time="2017-02-21 11:04:48Z" duration="0.002642" asserts="2" />
          </test-suite>
          <test-suite type="TestFixture" id="0-4720" name="TestExecutionContextTests" fullname="NUnit.Framework.Internal.TestExecutionContextTests" classname="NUnit.Framework.Internal.TestExecutionContextTests" runstate="Runnable" testcasecount="35" result="Passed" start-time="2017-02-21 11:04:48Z" end-time="2017-02-21 11:04:48Z" duration="0.320300" total="35" passed="35" failed="0" warnings="0" inconclusive="0" skipped="0" asserts="76">
            <properties>
              <property name="Question" value="Why?" />
            </properties>
            <test-case id="0-4755" name="CanCreateObjectInAppDomain" fullname="NUnit.Framework.Internal.TestExecutionContextTests.CanCreateObjectInAppDomain" methodname="CanCreateObjectInAppDomain" classname="NUnit.Framework.Internal.TestExecutionContextTests" runstate="Runnable" seed="1447588906" result="Passed" start-time="2017-02-21 11:04:48Z" end-time="2017-02-21 11:04:48Z" duration="0.198451" asserts="2" />
            <test-case id="0-4754" name="ExecutionStatusIsPromulgatedAcrossBranches" fullname="NUnit.Framework.Internal.TestExecutionContextTests.ExecutionStatusIsPromulgatedAcrossBranches" methodname="ExecutionStatusIsPromulgatedAcrossBranches" classname="NUnit.Framework.Internal.TestExecutionContextTests" runstate="Runnable" seed="1124920600" result="Passed" start-time="2017-02-21 11:04:48Z" end-time="2017-02-21 11:04:48Z" duration="0.000333" asserts="2" />
            <test-case id="0-4753" name="ExecutionStatusIsPulledFromHigherContext" fullname="NUnit.Framework.Internal.TestExecutionContextTests.ExecutionStatusIsPulledFromHigherContext" methodname="ExecutionStatusIsPulledFromHigherContext" classname="NUnit.Framework.Internal.TestExecutionContextTests" runstate="Runnable" seed="245585547" result="Passed" start-time="2017-02-21 11:04:48Z" end-time="2017-02-21 11:04:48Z" duration="0.001000" asserts="2" />
            <test-case id="0-4752" name="ExecutionStatusIsPushedToHigherContext" fullname="NUnit.Framework.Internal.TestExecutionContextTests.ExecutionStatusIsPushedToHigherContext" methodname="ExecutionStatusIsPushedToHigherContext" classname="NUnit.Framework.Internal.TestExecutionContextTests" runstate="Runnable" seed="1652071379" result="Passed" start-time="2017-02-21 11:04:48Z" end-time="2017-02-21 11:04:48Z" duration="0.000329" asserts="2" />
            <test-case id="0-4722" name="FixtureSetUpCanAccessFixtureFullName" fullname="NUnit.Framework.Internal.TestExecutionContextTests.FixtureSetUpCanAccessFixtureFullName" methodname="FixtureSetUpCanAccessFixtureFullName" classname="NUnit.Framework.Internal.TestExecutionContextTests" runstate="Runnable" seed="346032007" result="Passed" start-time="2017-02-21 11:04:48Z" end-time="2017-02-21 11:04:48Z" duration="0.000178" asserts="2" />
            <test-case id="0-4724" name="FixtureSetUpCanAccessFixtureId" fullname="NUnit.Framework.Internal.TestExecutionContextTests.FixtureSetUpCanAccessFixtureId" methodname="FixtureSetUpCanAccessFixtureId" classname="NUnit.Framework.Internal.TestExecutionContextTests" runstate="Runnable" seed="1650825130" result="Passed" start-time="2017-02-21 11:04:48Z" end-time="2017-02-21 11:04:48Z" duration="0.000315" asserts="2" />
            <test-case id="0-4721" name="FixtureSetUpCanAccessFixtureName" fullname="NUnit.Framework.Internal.TestExecutionContextTests.FixtureSetUpCanAccessFixtureName" methodname="FixtureSetUpCanAccessFixtureName" classname="NUnit.Framework.Internal.TestExecutionContextTests" runstate="Runnable" seed="331734154" result="Passed" start-time="2017-02-21 11:04:48Z" end-time="2017-02-21 11:04:48Z" duration="0.000485" asserts="2" />
            <test-case id="0-4725" name="FixtureSetUpCanAccessFixtureProperties" fullname="NUnit.Framework.Internal.TestExecutionContextTests.FixtureSetUpCanAccessFixtureProperties" methodname="FixtureSetUpCanAccessFixtureProperties" classname="NUnit.Framework.Internal.TestExecutionContextTests" runstate="Runnable" seed="303138518" result="Passed" start-time="2017-02-21 11:04:48Z" end-time="2017-02-21 11:04:48Z" duration="0.000789" asserts="2" />
            <test-case id="0-4737" name="FixtureSetUpContextReflectsCurrentCulture" fullname="NUnit.Framework.Internal.TestExecutionContextTests.FixtureSetUpContextReflectsCurrentCulture" methodname="FixtureSetUpContextReflectsCurrentCulture" classname="NUnit.Framework.Internal.TestExecutionContextTests" runstate="Runnable" seed="1604543351" result="Passed" start-time="2017-02-21 11:04:48Z" end-time="2017-02-21 11:04:48Z" duration="0.000643" asserts="2" />
            <test-case id="0-4745" name="FixtureSetUpContextReflectsCurrentPrincipal" fullname="NUnit.Framework.Internal.TestExecutionContextTests.FixtureSetUpContextReflectsCurrentPrincipal" methodname="FixtureSetUpContextReflectsCurrentPrincipal" classname="NUnit.Framework.Internal.TestExecutionContextTests" runstate="Runnable" seed="1028188440" result="Passed" start-time="2017-02-21 11:04:48Z" end-time="2017-02-21 11:04:48Z" duration="0.000334" asserts="2" />
            <test-case id="0-4738" name="FixtureSetUpContextReflectsCurrentUICulture" fullname="NUnit.Framework.Internal.TestExecutionContextTests.FixtureSetUpContextReflectsCurrentUICulture" methodname="FixtureSetUpContextReflectsCurrentUICulture" classname="NUnit.Framework.Internal.TestExecutionContextTests" runstate="Runnable" seed="1835674405" result="Passed" start-time="2017-02-21 11:04:48Z" end-time="2017-02-21 11:04:48Z" duration="0.000230" asserts="2" />
            <test-case id="0-4723" name="FixtureSetUpHasNullMethodName" fullname="NUnit.Framework.Internal.TestExecutionContextTests.FixtureSetUpHasNullMethodName" methodname="FixtureSetUpHasNullMethodName" classname="NUnit.Framework.Internal.TestExecutionContextTests" runstate="Runnable" seed="1379123669" result="Passed" start-time="2017-02-21 11:04:48Z" end-time="2017-02-21 11:04:48Z" duration="0.000189" asserts="2" />
            <test-case id="0-4743" name="SetAndRestoreCurrentCulture" fullname="NUnit.Framework.Internal.TestExecutionContextTests.SetAndRestoreCurrentCulture" methodname="SetAndRestoreCurrentCulture" classname="NUnit.Framework.Internal.TestExecutionContextTests" runstate="Runnable" seed="1208866855" result="Passed" start-time="2017-02-21 11:04:48Z" end-time="2017-02-21 11:04:48Z" duration="0.000610" asserts="3" />
            <test-case id="0-4748" name="SetAndRestoreCurrentPrincipal" fullname="NUnit.Framework.Internal.TestExecutionContextTests.SetAndRestoreCurrentPrincipal" methodname="SetAndRestoreCurrentPrincipal" classname="NUnit.Framework.Internal.TestExecutionContextTests" runstate="Runnable" seed="86866785" result="Passed" start-time="2017-02-21 11:04:48Z" end-time="2017-02-21 11:04:48Z" duration="0.000490" asserts="3" />
            <test-case id="0-4744" name="SetAndRestoreCurrentUICulture" fullname="NUnit.Framework.Internal.TestExecutionContextTests.SetAndRestoreCurrentUICulture" methodname="SetAndRestoreCurrentUICulture" classname="NUnit.Framework.Internal.TestExecutionContextTests" runstate="Runnable" seed="731165957" result="Passed" start-time="2017-02-21 11:04:48Z" end-time="2017-02-21 11:04:48Z" duration="0.000524" asserts="3" />
            <test-case id="0-4749" name="SetAndRestoreValueFormatter" fullname="NUnit.Framework.Internal.TestExecutionContextTests.SetAndRestoreValueFormatter" methodname="SetAndRestoreValueFormatter" classname="NUnit.Framework.Internal.TestExecutionContextTests" runstate="Runnable" seed="518718963" result="Passed" start-time="2017-02-21 11:04:48Z" end-time="2017-02-21 11:04:48Z" duration="0.000531" asserts="1" />
            <test-case id="0-4727" name="SetUpCanAccessTestFullName" fullname="NUnit.Framework.Internal.TestExecutionContextTests.SetUpCanAccessTestFullName" methodname="SetUpCanAccessTestFullName" classname="NUnit.Framework.Internal.TestExecutionContextTests" runstate="Runnable" seed="2007180860" result="Passed" start-time="2017-02-21 11:04:48Z" end-time="2017-02-21 11:04:48Z" duration="0.000143" asserts="2" />
            <test-case id="0-4729" name="SetUpCanAccessTestId" fullname="NUnit.Framework.Internal.TestExecutionContextTests.SetUpCanAccessTestId" methodname="SetUpCanAccessTestId" classname="NUnit.Framework.Internal.TestExecutionContextTests" runstate="Runnable" seed="1388620291" result="Passed" start-time="2017-02-21 11:04:48Z" end-time="2017-02-21 11:04:48Z" duration="0.000220" asserts="2" />
            <test-case id="0-4728" name="SetUpCanAccessTestMethodName" fullname="NUnit.Framework.Internal.TestExecutionContextTests.SetUpCanAccessTestMethodName" methodname="SetUpCanAccessTestMethodName" classname="NUnit.Framework.Internal.TestExecutionContextTests" runstate="Runnable" seed="1531800934" result="Passed" start-time="2017-02-21 11:04:48Z" end-time="2017-02-21 11:04:48Z" duration="0.000431" asserts="2" />
            <test-case id="0-4726" name="SetUpCanAccessTestName" fullname="NUnit.Framework.Internal.TestExecutionContextTests.SetUpCanAccessTestName" methodname="SetUpCanAccessTestName" classname="NUnit.Framework.Internal.TestExecutionContextTests" runstate="Runnable" seed="1284148462" result="Passed" start-time="2017-02-21 11:04:48Z" end-time="2017-02-21 11:04:48Z" duration="0.000200" asserts="2" />
            <test-case id="0-4730" name="SetUpCanAccessTestProperties" fullname="NUnit.Framework.Internal.TestExecutionContextTests.SetUpCanAccessTestProperties" methodname="SetUpCanAccessTestProperties" classname="NUnit.Framework.Internal.TestExecutionContextTests" runstate="Runnable" seed="1322367185" result="Passed" start-time="2017-02-21 11:04:48Z" end-time="2017-02-21 11:04:48Z" duration="0.000267" asserts="2">
              <properties>
                <property name="Answer" value="42" />
              </properties>
            </test-case>
            <test-case id="0-4739" name="SetUpContextReflectsCurrentCulture" fullname="NUnit.Framework.Internal.TestExecutionContextTests.SetUpContextReflectsCurrentCulture" methodname="SetUpContextReflectsCurrentCulture" classname="NUnit.Framework.Internal.TestExecutionContextTests" runstate="Runnable" seed="1649759779" result="Passed" start-time="2017-02-21 11:04:48Z" end-time="2017-02-21 11:04:48Z" duration="0.000234" asserts="2" />
            <test-case id="0-4746" name="SetUpContextReflectsCurrentPrincipal" fullname="NUnit.Framework.Internal.TestExecutionContextTests.SetUpContextReflectsCurrentPrincipal" methodname="SetUpContextReflectsCurrentPrincipal" classname="NUnit.Framework.Internal.TestExecutionContextTests" runstate="Runnable" seed="419327987" result="Passed" start-time="2017-02-21 11:04:48Z" end-time="2017-02-21 11:04:48Z" duration="0.000176" asserts="2" />
            <test-case id="0-4740" name="SetUpContextReflectsCurrentUICulture" fullname="NUnit.Framework.Internal.TestExecutionContextTests.SetUpContextReflectsCurrentUICulture" methodname="SetUpContextReflectsCurrentUICulture" classname="NUnit.Framework.Internal.TestExecutionContextTests" runstate="Runnable" seed="16416731" result="Passed" start-time="2017-02-21 11:04:48Z" end-time="2017-02-21 11:04:48Z" duration="0.000299" asserts="2" />
            <test-case id="0-4750" name="SingleThreadedDefaultsToFalse" fullname="NUnit.Framework.Internal.TestExecutionContextTests.SingleThreadedDefaultsToFalse" methodname="SingleThreadedDefaultsToFalse" classname="NUnit.Framework.Internal.TestExecutionContextTests" runstate="Runnable" seed="1238873078" result="Passed" start-time="2017-02-21 11:04:48Z" end-time="2017-02-21 11:04:48Z" duration="0.000174" asserts="2" />
            <test-case id="0-4751" name="SingleThreadedIsInherited" fullname="NUnit.Framework.Internal.TestExecutionContextTests.SingleThreadedIsInherited" methodname="SingleThreadedIsInherited" classname="NUnit.Framework.Internal.TestExecutionContextTests" runstate="Runnable" seed="32724146" result="Passed" start-time="2017-02-21 11:04:48Z" end-time="2017-02-21 11:04:48Z" duration="0.000148" asserts="2" />
            <test-case id="0-4732" name="TestCanAccessItsOwnFullName" fullname="NUnit.Framework.Internal.TestExecutionContextTests.TestCanAccessItsOwnFullName" methodname="TestCanAccessItsOwnFullName" classname="NUnit.Framework.Internal.TestExecutionContextTests" runstate="Runnable" seed="284245586" result="Passed" start-time="2017-02-21 11:04:48Z" end-time="2017-02-21 11:04:48Z" duration="0.000161" asserts="2" />
            <test-case id="0-4734" name="TestCanAccessItsOwnId" fullname="NUnit.Framework.Internal.TestExecutionContextTests.TestCanAccessItsOwnId" methodname="TestCanAccessItsOwnId" classname="NUnit.Framework.Internal.TestExecutionContextTests" runstate="Runnable" seed="1245661561" result="Passed" start-time="2017-02-21 11:04:48Z" end-time="2017-02-21 11:04:48Z" duration="0.000531" asserts="2" />
            <test-case id="0-4733" name="TestCanAccessItsOwnMethodName" fullname="NUnit.Framework.Internal.TestExecutionContextTests.TestCanAccessItsOwnMethodName" methodname="TestCanAccessItsOwnMethodName" classname="NUnit.Framework.Internal.TestExecutionContextTests" runstate="Runnable" seed="1748651069" result="Passed" start-time="2017-02-21 11:04:48Z" end-time="2017-02-21 11:04:48Z" duration="0.000145" asserts="2" />
            <test-case id="0-4731" name="TestCanAccessItsOwnName" fullname="NUnit.Framework.Internal.TestExecutionContextTests.TestCanAccessItsOwnName" methodname="TestCanAccessItsOwnName" classname="NUnit.Framework.Internal.TestExecutionContextTests" runstate="Runnable" seed="1661372914" result="Passed" start-time="2017-02-21 11:04:48Z" end-time="2017-02-21 11:04:48Z" duration="0.000717" asserts="2" />
            <test-case id="0-4736" name="TestCanAccessItsOwnProperties" fullname="NUnit.Framework.Internal.TestExecutionContextTests.TestCanAccessItsOwnProperties" methodname="TestCanAccessItsOwnProperties" classname="NUnit.Framework.Internal.TestExecutionContextTests" runstate="Runnable" seed="1003282486" result="Passed" start-time="2017-02-21 11:04:48Z" end-time="2017-02-21 11:04:48Z" duration="0.000725" asserts="2">
              <properties>
                <property name="Answer" value="42" />
              </properties>
            </test-case>
            <test-case id="0-4741" name="TestContextReflectsCurrentCulture" fullname="NUnit.Framework.Internal.TestExecutionContextTests.TestContextReflectsCurrentCulture" methodname="TestContextReflectsCurrentCulture" classname="NUnit.Framework.Internal.TestExecutionContextTests" runstate="Runnable" seed="1035783681" result="Passed" start-time="2017-02-21 11:04:48Z" end-time="2017-02-21 11:04:48Z" duration="0.000269" asserts="2" />
            <test-case id="0-4747" name="TestContextReflectsCurrentPrincipal" fullname="NUnit.Framework.Internal.TestExecutionContextTests.TestContextReflectsCurrentPrincipal" methodname="TestContextReflectsCurrentPrincipal" classname="NUnit.Framework.Internal.TestExecutionContextTests" runstate="Runnable" seed="910930380" result="Passed" start-time="2017-02-21 11:04:48Z" end-time="2017-02-21 11:04:48Z" duration="0.000579" asserts="2" />
            <test-case id="0-4742" name="TestContextReflectsCurrentUICulture" fullname="NUnit.Framework.Internal.TestExecutionContextTests.TestContextReflectsCurrentUICulture" methodname="TestContextReflectsCurrentUICulture" classname="NUnit.Framework.Internal.TestExecutionContextTests" runstate="Runnable" seed="1536537121" result="Passed" start-time="2017-02-21 11:04:48Z" end-time="2017-02-21 11:04:48Z" duration="0.000199" asserts="2" />
            <test-case id="0-4735" name="TestHasWorkerIdWhenParallel" fullname="NUnit.Framework.Internal.TestExecutionContextTests.TestHasWorkerIdWhenParallel" methodname="TestHasWorkerIdWhenParallel" classname="NUnit.Framework.Internal.TestExecutionContextTests" runstate="Runnable" seed="1073906129" result="Passed" start-time="2017-02-21 11:04:48Z" end-time="2017-02-21 11:04:48Z" duration="0.001087" asserts="2" />
          </test-suite>
          <test-suite type="TestFixture" id="0-5005" name="TestXmlTests" fullname="NUnit.Framework.Internal.TestXmlTests" classname="NUnit.Framework.Internal.TestXmlTests" runstate="Runnable" testcasecount="7" result="Passed" start-time="2017-02-21 11:04:48Z" end-time="2017-02-21 11:04:48Z" duration="0.035846" total="7" passed="7" failed="0" warnings="0" inconclusive="0" skipped="0" asserts="74">
            <test-case id="0-5008" name="TestFixtureToXml" fullname="NUnit.Framework.Internal.TestXmlTests.TestFixtureToXml" methodname="TestFixtureToXml" classname="NUnit.Framework.Internal.TestXmlTests" runstate="Runnable" seed="878378633" result="Passed" start-time="2017-02-21 11:04:48Z" end-time="2017-02-21 11:04:48Z" duration="0.006367" asserts="10" />
            <test-case id="0-5009" name="TestFixtureToXml_Recursive" fullname="NUnit.Framework.Internal.TestXmlTests.TestFixtureToXml_Recursive" methodname="TestFixtureToXml_Recursive" classname="NUnit.Framework.Internal.TestXmlTests" runstate="Runnable" seed="1908815244" result="Passed" start-time="2017-02-21 11:04:48Z" end-time="2017-02-21 11:04:48Z" duration="0.003198" asserts="23" />
            <test-case id="0-5007" name="TestMethodToXml" fullname="NUnit.Framework.Internal.TestXmlTests.TestMethodToXml" methodname="TestMethodToXml" classname="NUnit.Framework.Internal.TestXmlTests" runstate="Runnable" seed="559028112" result="Passed" start-time="2017-02-21 11:04:48Z" end-time="2017-02-21 11:04:48Z" duration="0.002108" asserts="12" />
            <test-case id="0-5012" name="TestNameWithInvalidCharacter" fullname="NUnit.Framework.Internal.TestXmlTests.TestNameWithInvalidCharacter" methodname="TestNameWithInvalidCharacter" classname="NUnit.Framework.Internal.TestXmlTests" runstate="Runnable" seed="1743497383" result="Passed" start-time="2017-02-21 11:04:48Z" end-time="2017-02-21 11:04:48Z" duration="0.001510" asserts="1" />
            <test-case id="0-5010" name="TestSuiteToXml" fullname="NUnit.Framework.Internal.TestXmlTests.TestSuiteToXml" methodname="TestSuiteToXml" classname="NUnit.Framework.Internal.TestXmlTests" runstate="Runnable" seed="1334451951" result="Passed" start-time="2017-02-21 11:04:48Z" end-time="2017-02-21 11:04:48Z" duration="0.001140" asserts="10" />
            <test-case id="0-5011" name="TestSuiteToXml_Recursive" fullname="NUnit.Framework.Internal.TestXmlTests.TestSuiteToXml_Recursive" methodname="TestSuiteToXml_Recursive" classname="NUnit.Framework.Internal.TestXmlTests" runstate="Runnable" seed="1997961002" result="Passed" start-time="2017-02-21 11:04:48Z" end-time="2017-02-21 11:04:48Z" duration="0.000883" asserts="10" />
            <test-case id="0-5006" name="TestTypeTests" fullname="NUnit.Framework.Internal.TestXmlTests.TestTypeTests" methodname="TestTypeTests" classname="NUnit.Framework.Internal.TestXmlTests" runstate="Runnable" seed="1925152365" result="Passed" start-time="2017-02-21 11:04:48Z" end-time="2017-02-21 11:04:48Z" duration="0.001399" asserts="8" />
          </test-suite>
          <test-suite type="TestFixture" id="0-5013" name="TextMessageWriterTests" fullname="NUnit.Framework.Internal.TextMessageWriterTests" classname="NUnit.Framework.Internal.TextMessageWriterTests" runstate="Runnable" testcasecount="5" result="Passed" start-time="2017-02-21 11:04:48Z" end-time="2017-02-21 11:04:48Z" duration="0.018424" total="5" passed="5" failed="0" warnings="0" inconclusive="0" skipped="0" asserts="5">
            <test-case id="0-5014" name="DisplayStringDifferences" fullname="NUnit.Framework.Internal.TextMessageWriterTests.DisplayStringDifferences" methodname="DisplayStringDifferences" classname="NUnit.Framework.Internal.TextMessageWriterTests" runstate="Runnable" seed="1268488043" result="Passed" start-time="2017-02-21 11:04:48Z" end-time="2017-02-21 11:04:48Z" duration="0.000489" asserts="1" />
            <test-case id="0-5015" name="DisplayStringDifferences_NoClipping" fullname="NUnit.Framework.Internal.TextMessageWriterTests.DisplayStringDifferences_NoClipping" methodname="DisplayStringDifferences_NoClipping" classname="NUnit.Framework.Internal.TextMessageWriterTests" runstate="Runnable" seed="1961095372" result="Passed" start-time="2017-02-21 11:04:48Z" end-time="2017-02-21 11:04:48Z" duration="0.000297" asserts="1" />
            <test-case id="0-5018" name="WriteMessageLine_EmbeddedNonNullControlChars" fullname="NUnit.Framework.Internal.TextMessageWriterTests.WriteMessageLine_EmbeddedNonNullControlChars" methodname="WriteMessageLine_EmbeddedNonNullControlChars" classname="NUnit.Framework.Internal.TextMessageWriterTests" runstate="Runnable" seed="1634653033" result="Passed" start-time="2017-02-21 11:04:48Z" end-time="2017-02-21 11:04:48Z" duration="0.000224" asserts="1" />
            <test-case id="0-5016" name="WriteMessageLine_EmbeddedZeroes" fullname="NUnit.Framework.Internal.TextMessageWriterTests.WriteMessageLine_EmbeddedZeroes" methodname="WriteMessageLine_EmbeddedZeroes" classname="NUnit.Framework.Internal.TextMessageWriterTests" runstate="Runnable" seed="215098782" result="Passed" start-time="2017-02-21 11:04:48Z" end-time="2017-02-21 11:04:48Z" duration="0.000215" asserts="1" />
            <test-case id="0-5017" name="WriteMessageLine_EmbeddedZeroesAsArgs" fullname="NUnit.Framework.Internal.TextMessageWriterTests.WriteMessageLine_EmbeddedZeroesAsArgs" methodname="WriteMessageLine_EmbeddedZeroesAsArgs" classname="NUnit.Framework.Internal.TextMessageWriterTests" runstate="Runnable" seed="344331773" result="Passed" start-time="2017-02-21 11:04:48Z" end-time="2017-02-21 11:04:48Z" duration="0.000382" asserts="1" />
          </test-suite>
          <test-suite type="TestSuite" id="0-5533" name="Tests" fullname="NUnit.Framework.Internal.Tests" runstate="Runnable" testcasecount="159" result="Passed" start-time="2017-02-21 11:04:43Z" end-time="2017-02-21 11:04:48Z" duration="5.440433" total="159" passed="159" failed="0" warnings="0" inconclusive="0" skipped="0" asserts="370">
            <test-suite type="TestFixture" id="0-4042" name="AssemblyHelperTests" fullname="NUnit.Framework.Internal.Tests.AssemblyHelperTests" classname="NUnit.Framework.Internal.Tests.AssemblyHelperTests" runstate="Runnable" testcasecount="18" result="Passed" start-time="2017-02-21 11:04:48Z" end-time="2017-02-21 11:04:48Z" duration="0.061095" total="18" passed="18" failed="0" warnings="0" inconclusive="0" skipped="0" asserts="19">
              <test-suite type="ParameterizedMethod" id="0-4061" name="GetAssemblyPathFromCodeBase" fullname="NUnit.Framework.Internal.Tests.AssemblyHelperTests.GetAssemblyPathFromCodeBase" classname="NUnit.Framework.Internal.Tests.AssemblyHelperTests" runstate="Runnable" testcasecount="16" result="Passed" start-time="2017-02-21 11:04:48Z" end-time="2017-02-21 11:04:48Z" duration="0.053025" total="16" passed="16" failed="0" warnings="0" inconclusive="0" skipped="0" asserts="16">
                <test-case id="0-4045" name="GetAssemblyPathFromCodeBase(&quot;file:///C:/path/to/assembly.dll&quot;,&quot;C:\\path\\to\\assembly.dll&quot;)" fullname="NUnit.Framework.Internal.Tests.AssemblyHelperTests.GetAssemblyPathFromCodeBase(&quot;file:///C:/path/to/assembly.dll&quot;,&quot;C:\\path\\to\\assembly.dll&quot;)" methodname="GetAssemblyPathFromCodeBase" classname="NUnit.Framework.Internal.Tests.AssemblyHelperTests" runstate="Runnable" seed="1993042816" result="Passed" start-time="2017-02-21 11:04:48Z" end-time="2017-02-21 11:04:48Z" duration="0.000205" asserts="1" />
                <test-case id="0-4046" name="GetAssemblyPathFromCodeBase(&quot;file:///C:/my path/to my/assembly.dll&quot;,&quot;C:/my path/to my/assembly.dll&quot;)" fullname="NUnit.Framework.Internal.Tests.AssemblyHelperTests.GetAssemblyPathFromCodeBase(&quot;file:///C:/my path/to my/assembly.dll&quot;,&quot;C:/my path/to my/assembly.dll&quot;)" methodname="GetAssemblyPathFromCodeBase" classname="NUnit.Framework.Internal.Tests.AssemblyHelperTests" runstate="Runnable" seed="1505083662" result="Passed" start-time="2017-02-21 11:04:48Z" end-time="2017-02-21 11:04:48Z" duration="0.000083" asserts="1" />
                <test-case id="0-4047" name="GetAssemblyPathFromCodeBase(&quot;file:///C:/dev/C#/assembly.dll&quot;,&quot;C:\\dev\\C#\\assembly.dll&quot;)" fullname="NUnit.Framework.Internal.Tests.AssemblyHelperTests.GetAssemblyPathFromCodeBase(&quot;file:///C:/dev/C#/assembly.dll&quot;,&quot;C:\\dev\\C#\\assembly.dll&quot;)" methodname="GetAssemblyPathFromCodeBase" classname="NUnit.Framework.Internal.Tests.AssemblyHelperTests" runstate="Runnable" seed="75560287" result="Passed" start-time="2017-02-21 11:04:48Z" end-time="2017-02-21 11:04:48Z" duration="0.000059" asserts="1" />
                <test-case id="0-4048" name="GetAssemblyPathFromCodeBase(&quot;file:///C:/dev/funnychars?:=/assembly.dll&quot;,&quot;C:\\dev\\funnychars?:=\\assembly.dll&quot;)" fullname="NUnit.Framework.Internal.Tests.AssemblyHelperTests.GetAssemblyPathFromCodeBase(&quot;file:///C:/dev/funnychars?:=/assembly.dll&quot;,&quot;C:\\dev\\funnychars?:=\\assembly.dll&quot;)" methodname="GetAssemblyPathFromCodeBase" classname="NUnit.Framework.Internal.Tests.AssemblyHelperTests" runstate="Runnable" seed="1212410137" result="Passed" start-time="2017-02-21 11:04:48Z" end-time="2017-02-21 11:04:48Z" duration="0.000057" asserts="1" />
                <test-case id="0-4049" name="GetAssemblyPathFromCodeBase(&quot;file:///path/to/assembly.dll&quot;,&quot;/path/to/assembly.dll&quot;)" fullname="NUnit.Framework.Internal.Tests.AssemblyHelperTests.GetAssemblyPathFromCodeBase(&quot;file:///path/to/assembly.dll&quot;,&quot;/path/to/assembly.dll&quot;)" methodname="GetAssemblyPathFromCodeBase" classname="NUnit.Framework.Internal.Tests.AssemblyHelperTests" runstate="Runnable" seed="23075467" result="Passed" start-time="2017-02-21 11:04:48Z" end-time="2017-02-21 11:04:48Z" duration="0.000126" asserts="1" />
                <test-case id="0-4050" name="GetAssemblyPathFromCodeBase(&quot;file:///my path/to my/assembly.dll&quot;,&quot;/my path/to my/assembly.dll&quot;)" fullname="NUnit.Framework.Internal.Tests.AssemblyHelperTests.GetAssemblyPathFromCodeBase(&quot;file:///my path/to my/assembly.dll&quot;,&quot;/my path/to my/assembly.dll&quot;)" methodname="GetAssemblyPathFromCodeBase" classname="NUnit.Framework.Internal.Tests.AssemblyHelperTests" runstate="Runnable" seed="947489711" result="Passed" start-time="2017-02-21 11:04:48Z" end-time="2017-02-21 11:04:48Z" duration="0.000116" asserts="1" />
                <test-case id="0-4051" name="GetAssemblyPathFromCodeBase(&quot;file:///dev/C#/assembly.dll&quot;,&quot;/dev/C#/assembly.dll&quot;)" fullname="NUnit.Framework.Internal.Tests.AssemblyHelperTests.GetAssemblyPathFromCodeBase(&quot;file:///dev/C#/assembly.dll&quot;,&quot;/dev/C#/assembly.dll&quot;)" methodname="GetAssemblyPathFromCodeBase" classname="NUnit.Framework.Internal.Tests.AssemblyHelperTests" runstate="Runnable" seed="961272605" result="Passed" start-time="2017-02-21 11:04:48Z" end-time="2017-02-21 11:04:48Z" duration="0.000101" asserts="1" />
                <test-case id="0-4052" name="GetAssemblyPathFromCodeBase(&quot;file:///dev/funnychars?:=/assembly.dll&quot;,&quot;/dev/funnychars?:=/assembly.dll&quot;)" fullname="NUnit.Framework.Internal.Tests.AssemblyHelperTests.GetAssemblyPathFromCodeBase(&quot;file:///dev/funnychars?:=/assembly.dll&quot;,&quot;/dev/funnychars?:=/assembly.dll&quot;)" methodname="GetAssemblyPathFromCodeBase" classname="NUnit.Framework.Internal.Tests.AssemblyHelperTests" runstate="Runnable" seed="1338301526" result="Passed" start-time="2017-02-21 11:04:48Z" end-time="2017-02-21 11:04:48Z" duration="0.000075" asserts="1" />
                <test-case id="0-4053" name="GetAssemblyPathFromCodeBase(&quot;file://C:/path/to/assembly.dll&quot;,&quot;C:\\path\\to\\assembly.dll&quot;)" fullname="NUnit.Framework.Internal.Tests.AssemblyHelperTests.GetAssemblyPathFromCodeBase(&quot;file://C:/path/to/assembly.dll&quot;,&quot;C:\\path\\to\\assembly.dll&quot;)" methodname="GetAssemblyPathFromCodeBase" classname="NUnit.Framework.Internal.Tests.AssemblyHelperTests" runstate="Runnable" seed="169857666" result="Passed" start-time="2017-02-21 11:04:48Z" end-time="2017-02-21 11:04:48Z" duration="0.000079" asserts="1" />
                <test-case id="0-4054" name="GetAssemblyPathFromCodeBase(&quot;file://C:/my path/to my/assembly.dll&quot;,&quot;C:\\my path\\to my\\assembly.dll&quot;)" fullname="NUnit.Framework.Internal.Tests.AssemblyHelperTests.GetAssemblyPathFromCodeBase(&quot;file://C:/my path/to my/assembly.dll&quot;,&quot;C:\\my path\\to my\\assembly.dll&quot;)" methodname="GetAssemblyPathFromCodeBase" classname="NUnit.Framework.Internal.Tests.AssemblyHelperTests" runstate="Runnable" seed="64976029" result="Passed" start-time="2017-02-21 11:04:48Z" end-time="2017-02-21 11:04:48Z" duration="0.000051" asserts="1" />
                <test-case id="0-4055" name="GetAssemblyPathFromCodeBase(&quot;file://C:/dev/C#/assembly.dll&quot;,&quot;C:\\dev\\C#\\assembly.dll&quot;)" fullname="NUnit.Framework.Internal.Tests.AssemblyHelperTests.GetAssemblyPathFromCodeBase(&quot;file://C:/dev/C#/assembly.dll&quot;,&quot;C:\\dev\\C#\\assembly.dll&quot;)" methodname="GetAssemblyPathFromCodeBase" classname="NUnit.Framework.Internal.Tests.AssemblyHelperTests" runstate="Runnable" seed="1422589360" result="Passed" start-time="2017-02-21 11:04:48Z" end-time="2017-02-21 11:04:48Z" duration="0.000097" asserts="1" />
                <test-case id="0-4056" name="GetAssemblyPathFromCodeBase(&quot;file://C:/dev/funnychars?:=/assembly.dll&quot;,&quot;C:\\dev\\funnychars?:=\\assembly.dll&quot;)" fullname="NUnit.Framework.Internal.Tests.AssemblyHelperTests.GetAssemblyPathFromCodeBase(&quot;file://C:/dev/funnychars?:=/assembly.dll&quot;,&quot;C:\\dev\\funnychars?:=\\assembly.dll&quot;)" methodname="GetAssemblyPathFromCodeBase" classname="NUnit.Framework.Internal.Tests.AssemblyHelperTests" runstate="Runnable" seed="626240796" result="Passed" start-time="2017-02-21 11:04:48Z" end-time="2017-02-21 11:04:48Z" duration="0.000074" asserts="1" />
                <test-case id="0-4057" name="GetAssemblyPathFromCodeBase(&quot;file://server/path/to/assembly.dll&quot;,&quot;//server/path/to/assembly.dll&quot;)" fullname="NUnit.Framework.Internal.Tests.AssemblyHelperTests.GetAssemblyPathFromCodeBase(&quot;file://server/path/to/assembly.dll&quot;,&quot;//server/path/to/assembly.dll&quot;)" methodname="GetAssemblyPathFromCodeBase" classname="NUnit.Framework.Internal.Tests.AssemblyHelperTests" runstate="Runnable" seed="1896590150" result="Passed" start-time="2017-02-21 11:04:48Z" end-time="2017-02-21 11:04:48Z" duration="0.000069" asserts="1" />
                <test-case id="0-4058" name="GetAssemblyPathFromCodeBase(&quot;file://server/my path/to my/assembly.dll&quot;,&quot;//server/my path/to my/assembly.dll&quot;)" fullname="NUnit.Framework.Internal.Tests.AssemblyHelperTests.GetAssemblyPathFromCodeBase(&quot;file://server/my path/to my/assembly.dll&quot;,&quot;//server/my path/to my/assembly.dll&quot;)" methodname="GetAssemblyPathFromCodeBase" classname="NUnit.Framework.Internal.Tests.AssemblyHelperTests" runstate="Runnable" seed="2106330750" result="Passed" start-time="2017-02-21 11:04:48Z" end-time="2017-02-21 11:04:48Z" duration="0.000066" asserts="1" />
                <test-case id="0-4059" name="GetAssemblyPathFromCodeBase(&quot;file://server/dev/C#/assembly.dll&quot;,&quot;//server/dev/C#/assembly.dll&quot;)" fullname="NUnit.Framework.Internal.Tests.AssemblyHelperTests.GetAssemblyPathFromCodeBase(&quot;file://server/dev/C#/assembly.dll&quot;,&quot;//server/dev/C#/assembly.dll&quot;)" methodname="GetAssemblyPathFromCodeBase" classname="NUnit.Framework.Internal.Tests.AssemblyHelperTests" runstate="Runnable" seed="201428789" result="Passed" start-time="2017-02-21 11:04:48Z" end-time="2017-02-21 11:04:48Z" duration="0.000056" asserts="1" />
                <test-case id="0-4060" name="GetAssemblyPathFromCodeBase(&quot;file://server/dev/funnychars?:=/assembly.dll&quot;,&quot;//server/dev/funnychars?:=/assembly.dll&quot;)" fullname="NUnit.Framework.Internal.Tests.AssemblyHelperTests.GetAssemblyPathFromCodeBase(&quot;file://server/dev/funnychars?:=/assembly.dll&quot;,&quot;//server/dev/funnychars?:=/assembly.dll&quot;)" methodname="GetAssemblyPathFromCodeBase" classname="NUnit.Framework.Internal.Tests.AssemblyHelperTests" runstate="Runnable" seed="1169764967" result="Passed" start-time="2017-02-21 11:04:48Z" end-time="2017-02-21 11:04:48Z" duration="0.000098" asserts="1" />
              </test-suite>
              <test-case id="0-4043" name="GetNameForAssembly" fullname="NUnit.Framework.Internal.Tests.AssemblyHelperTests.GetNameForAssembly" methodname="GetNameForAssembly" classname="NUnit.Framework.Internal.Tests.AssemblyHelperTests" runstate="Runnable" seed="1890333676" result="Passed" start-time="2017-02-21 11:04:48Z" end-time="2017-02-21 11:04:48Z" duration="0.000200" asserts="1" />
              <test-case id="0-4044" name="GetPathForAssembly" fullname="NUnit.Framework.Internal.Tests.AssemblyHelperTests.GetPathForAssembly" methodname="GetPathForAssembly" classname="NUnit.Framework.Internal.Tests.AssemblyHelperTests" runstate="Runnable" seed="1543993838" result="Passed" start-time="2017-02-21 11:04:48Z" end-time="2017-02-21 11:04:48Z" duration="0.000185" asserts="2" />
            </test-suite>
            <test-suite type="TestFixture" id="0-4716" name="StackFilterTests" fullname="NUnit.Framework.Internal.Tests.StackFilterTests" classname="NUnit.Framework.Internal.Tests.StackFilterTests" runstate="Runnable" testcasecount="3" result="Passed" start-time="2017-02-21 11:04:48Z" end-time="2017-02-21 11:04:48Z" duration="0.010483" total="3" passed="3" failed="0" warnings="0" inconclusive="0" skipped="0" asserts="3">
              <test-case id="0-4719" name="FilterLongTrace" fullname="NUnit.Framework.Internal.Tests.StackFilterTests.FilterLongTrace" methodname="FilterLongTrace" classname="NUnit.Framework.Internal.Tests.StackFilterTests" runstate="Runnable" seed="2011026725" result="Passed" start-time="2017-02-21 11:04:48Z" end-time="2017-02-21 11:04:48Z" duration="0.000147" asserts="1" />
              <test-case id="0-4717" name="FilterShortTraceWithAssert" fullname="NUnit.Framework.Internal.Tests.StackFilterTests.FilterShortTraceWithAssert" methodname="FilterShortTraceWithAssert" classname="NUnit.Framework.Internal.Tests.StackFilterTests" runstate="Runnable" seed="921026495" result="Passed" start-time="2017-02-21 11:04:48Z" end-time="2017-02-21 11:04:48Z" duration="0.000216" asserts="1" />
              <test-case id="0-4718" name="FilterShortTraceWithAssume_Trace1" fullname="NUnit.Framework.Internal.Tests.StackFilterTests.FilterShortTraceWithAssume_Trace1" methodname="FilterShortTraceWithAssume_Trace1" classname="NUnit.Framework.Internal.Tests.StackFilterTests" runstate="Runnable" seed="2051033569" result="Passed" start-time="2017-02-21 11:04:48Z" end-time="2017-02-21 11:04:48Z" duration="0.000283" asserts="1" />
            </test-suite>
            <test-suite type="GenericFixture" id="0-4944" name="TestNamingTests+GenericFixture&lt;T&gt;" fullname="NUnit.Framework.Internal.Tests.TestNamingTests+GenericFixture&lt;T&gt;" runstate="Runnable" testcasecount="14" result="Passed" start-time="2017-02-21 11:04:43Z" end-time="2017-02-21 11:04:48Z" duration="5.256356" total="14" passed="14" failed="0" warnings="0" inconclusive="0" skipped="0" asserts="56">
              <test-suite type="TestFixture" id="0-4925" name="TestNamingTests+GenericFixture&lt;Int32&gt;" fullname="NUnit.Framework.Internal.Tests.TestNamingTests+GenericFixture&lt;Int32&gt;" classname="NUnit.Framework.Internal.Tests.TestNamingTests+GenericFixture`1" runstate="Runnable" testcasecount="14" result="Passed" start-time="2017-02-21 11:04:48Z" end-time="2017-02-21 11:04:48Z" duration="0.056025" total="14" passed="14" failed="0" warnings="0" inconclusive="0" skipped="0" asserts="56">
                <test-suite type="GenericMethod" id="0-4938" name="GenericTest" fullname="NUnit.Framework.Internal.Tests.TestNamingTests+GenericFixture`1[[System.Int32, mscorlib, Version=4.0.0.0, Culture=neutral, PublicKeyToken=b77a5c561934e089]].GenericTest" classname="NUnit.Framework.Internal.Tests.TestNamingTests" runstate="Runnable" testcasecount="1" result="Passed" start-time="2017-02-21 11:04:48Z" end-time="2017-02-21 11:04:48Z" duration="0.004396" total="1" passed="1" failed="0" warnings="0" inconclusive="0" skipped="0" asserts="4">
                  <test-case id="0-4937" name="GenericTest&lt;Int32&gt;(42)" fullname="NUnit.Framework.Internal.Tests.TestNamingTests+GenericFixture&lt;Int32&gt;.GenericTest&lt;Int32&gt;(42)" methodname="GenericTest" classname="NUnit.Framework.Internal.Tests.TestNamingTests" runstate="Runnable" seed="1477448600" result="Passed" start-time="2017-02-21 11:04:48Z" end-time="2017-02-21 11:04:48Z" duration="0.001353" asserts="4" />
                </test-suite>
                <test-suite type="ParameterizedMethod" id="0-4934" name="ParameterizedTest" fullname="NUnit.Framework.Internal.Tests.TestNamingTests+GenericFixture`1[[System.Int32, mscorlib, Version=4.0.0.0, Culture=neutral, PublicKeyToken=b77a5c561934e089]].ParameterizedTest" classname="NUnit.Framework.Internal.Tests.TestNamingTests" runstate="Runnable" testcasecount="6" result="Passed" start-time="2017-02-21 11:04:48Z" end-time="2017-02-21 11:04:48Z" duration="0.016473" total="6" passed="6" failed="0" warnings="0" inconclusive="0" skipped="0" asserts="24">
                  <test-case id="0-4928" name="ParameterizedTest(5,7,&quot;ABC&quot;)" fullname="NUnit.Framework.Internal.Tests.TestNamingTests+GenericFixture&lt;Int32&gt;.ParameterizedTest(5,7,&quot;ABC&quot;)" methodname="ParameterizedTest" classname="NUnit.Framework.Internal.Tests.TestNamingTests" runstate="Runnable" seed="1169335046" result="Passed" start-time="2017-02-21 11:04:48Z" end-time="2017-02-21 11:04:48Z" duration="0.000162" asserts="4" />
                  <test-case id="0-4929" name="ParameterizedTest(1,2,&quot;&lt; left bracket&quot;)" fullname="NUnit.Framework.Internal.Tests.TestNamingTests+GenericFixture&lt;Int32&gt;.ParameterizedTest(1,2,&quot;&lt; left bracket&quot;)" methodname="ParameterizedTest" classname="NUnit.Framework.Internal.Tests.TestNamingTests" runstate="Runnable" seed="1774667331" result="Passed" start-time="2017-02-21 11:04:48Z" end-time="2017-02-21 11:04:48Z" duration="0.000056" asserts="4" />
                  <test-case id="0-4930" name="ParameterizedTest(1,2,&quot;&gt; right bracket&quot;)" fullname="NUnit.Framework.Internal.Tests.TestNamingTests+GenericFixture&lt;Int32&gt;.ParameterizedTest(1,2,&quot;&gt; right bracket&quot;)" methodname="ParameterizedTest" classname="NUnit.Framework.Internal.Tests.TestNamingTests" runstate="Runnable" seed="978847497" result="Passed" start-time="2017-02-21 11:04:48Z" end-time="2017-02-21 11:04:48Z" duration="0.000045" asserts="4" />
                  <test-case id="0-4931" name="ParameterizedTest(1,2,&quot;' single quote&quot;)" fullname="NUnit.Framework.Internal.Tests.TestNamingTests+GenericFixture&lt;Int32&gt;.ParameterizedTest(1,2,&quot;' single quote&quot;)" methodname="ParameterizedTest" classname="NUnit.Framework.Internal.Tests.TestNamingTests" runstate="Runnable" seed="289835029" result="Passed" start-time="2017-02-21 11:04:48Z" end-time="2017-02-21 11:04:48Z" duration="0.000051" asserts="4" />
                  <test-case id="0-4932" name="ParameterizedTest(1,2,&quot;\&quot; double quote&quot;)" fullname="NUnit.Framework.Internal.Tests.TestNamingTests+GenericFixture&lt;Int32&gt;.ParameterizedTest(1,2,&quot;\&quot; double quote&quot;)" methodname="ParameterizedTest" classname="NUnit.Framework.Internal.Tests.TestNamingTests" runstate="Runnable" seed="619151804" result="Passed" start-time="2017-02-21 11:04:48Z" end-time="2017-02-21 11:04:48Z" duration="0.000099" asserts="4" />
                  <test-case id="0-4933" name="ParameterizedTest(1,2,&quot;&amp; ampersand&quot;)" fullname="NUnit.Framework.Internal.Tests.TestNamingTests+GenericFixture&lt;Int32&gt;.ParameterizedTest(1,2,&quot;&amp; ampersand&quot;)" methodname="ParameterizedTest" classname="NUnit.Framework.Internal.Tests.TestNamingTests" runstate="Runnable" seed="184384963" result="Passed" start-time="2017-02-21 11:04:48Z" end-time="2017-02-21 11:04:48Z" duration="0.000037" asserts="4" />
                </test-suite>
                <test-suite type="ParameterizedMethod" id="0-4936" name="TestCaseWithLongStringArgument" fullname="NUnit.Framework.Internal.Tests.TestNamingTests+GenericFixture`1[[System.Int32, mscorlib, Version=4.0.0.0, Culture=neutral, PublicKeyToken=b77a5c561934e089]].TestCaseWithLongStringArgument" classname="NUnit.Framework.Internal.Tests.TestNamingTests" runstate="Runnable" testcasecount="1" result="Passed" start-time="2017-02-21 11:04:48Z" end-time="2017-02-21 11:04:48Z" duration="0.003690" total="1" passed="1" failed="0" warnings="0" inconclusive="0" skipped="0" asserts="4">
                  <test-case id="0-4935" name="TestCaseWithLongStringArgument(&quot;abcdefghijklmnopqrstuvwxyz&quot;)" fullname="NUnit.Framework.Internal.Tests.TestNamingTests+GenericFixture&lt;Int32&gt;.TestCaseWithLongStringArgument(&quot;abcdefghijklmnopqrstuvwxyz&quot;)" methodname="TestCaseWithLongStringArgument" classname="NUnit.Framework.Internal.Tests.TestNamingTests" runstate="Runnable" seed="1109241825" result="Passed" start-time="2017-02-21 11:04:48Z" end-time="2017-02-21 11:04:48Z" duration="0.000128" asserts="4" />
                </test-suite>
                <test-suite type="ParameterizedMethod" id="0-4943" name="TestWithParamsArgument" fullname="NUnit.Framework.Internal.Tests.TestNamingTests+GenericFixture`1[[System.Int32, mscorlib, Version=4.0.0.0, Culture=neutral, PublicKeyToken=b77a5c561934e089]].TestWithParamsArgument" classname="NUnit.Framework.Internal.Tests.TestNamingTests" runstate="Runnable" testcasecount="4" result="Passed" start-time="2017-02-21 11:04:48Z" end-time="2017-02-21 11:04:48Z" duration="0.011884" total="4" passed="4" failed="0" warnings="0" inconclusive="0" skipped="0" asserts="16">
                  <test-case id="0-4939" name="TestWithParamsArgument()" fullname="NUnit.Framework.Internal.Tests.TestNamingTests+GenericFixture&lt;Int32&gt;.TestWithParamsArgument()" methodname="TestWithParamsArgument" classname="NUnit.Framework.Internal.Tests.TestNamingTests" runstate="Runnable" seed="1761436442" result="Passed" start-time="2017-02-21 11:04:48Z" end-time="2017-02-21 11:04:48Z" duration="0.000250" asserts="4" />
                  <test-case id="0-4940" name="TestWithParamsArgument(1)" fullname="NUnit.Framework.Internal.Tests.TestNamingTests+GenericFixture&lt;Int32&gt;.TestWithParamsArgument(1)" methodname="TestWithParamsArgument" classname="NUnit.Framework.Internal.Tests.TestNamingTests" runstate="Runnable" seed="250982492" result="Passed" start-time="2017-02-21 11:04:48Z" end-time="2017-02-21 11:04:48Z" duration="0.000428" asserts="4" />
                  <test-case id="0-4941" name="TestWithParamsArgument(1,2)" fullname="NUnit.Framework.Internal.Tests.TestNamingTests+GenericFixture&lt;Int32&gt;.TestWithParamsArgument(1,2)" methodname="TestWithParamsArgument" classname="NUnit.Framework.Internal.Tests.TestNamingTests" runstate="Runnable" seed="1510428492" result="Passed" start-time="2017-02-21 11:04:48Z" end-time="2017-02-21 11:04:48Z" duration="0.000055" asserts="4" />
                  <test-case id="0-4942" name="TestWithParamsArgument(1,2,3)" fullname="NUnit.Framework.Internal.Tests.TestNamingTests+GenericFixture&lt;Int32&gt;.TestWithParamsArgument(1,2,3)" methodname="TestWithParamsArgument" classname="NUnit.Framework.Internal.Tests.TestNamingTests" runstate="Runnable" seed="585616434" result="Passed" start-time="2017-02-21 11:04:48Z" end-time="2017-02-21 11:04:48Z" duration="0.000491" asserts="4" />
                </test-suite>
                <test-case id="0-4927" name="SimpleTest" fullname="NUnit.Framework.Internal.Tests.TestNamingTests+GenericFixture&lt;Int32&gt;.SimpleTest" methodname="SimpleTest" classname="NUnit.Framework.Internal.Tests.TestNamingTests" runstate="Runnable" seed="1796060180" result="Passed" start-time="2017-02-21 11:04:48Z" end-time="2017-02-21 11:04:48Z" duration="0.000081" asserts="4" />
                <test-case id="0-4926" name="SimpleTestInDerivedClass" fullname="NUnit.Framework.Internal.Tests.TestNamingTests+GenericFixture&lt;Int32&gt;.SimpleTestInDerivedClass" methodname="SimpleTestInDerivedClass" classname="NUnit.Framework.Internal.Tests.TestNamingTests+GenericFixture`1" runstate="Runnable" seed="490374608" result="Passed" start-time="2017-02-21 11:04:48Z" end-time="2017-02-21 11:04:48Z" duration="0.000081" asserts="4" />
              </test-suite>
            </test-suite>
            <test-suite type="GenericFixture" id="0-5002" name="TestNamingTests+GenericParameterizedFixture&lt;T1,T2&gt;" fullname="NUnit.Framework.Internal.Tests.TestNamingTests+GenericParameterizedFixture&lt;T1,T2&gt;" runstate="Runnable" testcasecount="14" result="Passed" start-time="2017-02-21 11:04:43Z" end-time="2017-02-21 11:04:48Z" duration="5.270551" total="14" passed="14" failed="0" warnings="0" inconclusive="0" skipped="0" asserts="56">
              <test-suite type="TestFixture" id="0-4983" name="TestNamingTests+GenericParameterizedFixture&lt;Int32,String&gt;(42,&quot;Forty-two&quot;)" fullname="NUnit.Framework.Internal.Tests.TestNamingTests+GenericParameterizedFixture&lt;Int32,String&gt;(42,&quot;Forty-two&quot;)" classname="NUnit.Framework.Internal.Tests.TestNamingTests+GenericParameterizedFixture`2" runstate="Runnable" testcasecount="14" result="Passed" start-time="2017-02-21 11:04:48Z" end-time="2017-02-21 11:04:48Z" duration="0.056725" total="14" passed="14" failed="0" warnings="0" inconclusive="0" skipped="0" asserts="56">
                <test-suite type="GenericMethod" id="0-4996" name="GenericTest" fullname="NUnit.Framework.Internal.Tests.TestNamingTests+GenericParameterizedFixture`2[[System.Int32, mscorlib, Version=4.0.0.0, Culture=neutral, PublicKeyToken=b77a5c561934e089],[System.String, mscorlib, Version=4.0.0.0, Culture=neutral, PublicKeyToken=b77a5c561934e089]].GenericTest" classname="NUnit.Framework.Internal.Tests.TestNamingTests" runstate="Runnable" testcasecount="1" result="Passed" start-time="2017-02-21 11:04:48Z" end-time="2017-02-21 11:04:48Z" duration="0.002667" total="1" passed="1" failed="0" warnings="0" inconclusive="0" skipped="0" asserts="4">
                  <test-case id="0-4995" name="GenericTest&lt;Int32&gt;(42)" fullname="NUnit.Framework.Internal.Tests.TestNamingTests+GenericParameterizedFixture&lt;Int32,String&gt;(42,&quot;Forty-two&quot;).GenericTest&lt;Int32&gt;(42)" methodname="GenericTest" classname="NUnit.Framework.Internal.Tests.TestNamingTests" runstate="Runnable" seed="1605688779" result="Passed" start-time="2017-02-21 11:04:48Z" end-time="2017-02-21 11:04:48Z" duration="0.000067" asserts="4" />
                </test-suite>
                <test-suite type="ParameterizedMethod" id="0-4992" name="ParameterizedTest" fullname="NUnit.Framework.Internal.Tests.TestNamingTests+GenericParameterizedFixture`2[[System.Int32, mscorlib, Version=4.0.0.0, Culture=neutral, PublicKeyToken=b77a5c561934e089],[System.String, mscorlib, Version=4.0.0.0, Culture=neutral, PublicKeyToken=b77a5c561934e089]].ParameterizedTest" classname="NUnit.Framework.Internal.Tests.TestNamingTests" runstate="Runnable" testcasecount="6" result="Passed" start-time="2017-02-21 11:04:48Z" end-time="2017-02-21 11:04:48Z" duration="0.020135" total="6" passed="6" failed="0" warnings="0" inconclusive="0" skipped="0" asserts="24">
                  <test-case id="0-4986" name="ParameterizedTest(5,7,&quot;ABC&quot;)" fullname="NUnit.Framework.Internal.Tests.TestNamingTests+GenericParameterizedFixture&lt;Int32,String&gt;(42,&quot;Forty-two&quot;).ParameterizedTest(5,7,&quot;ABC&quot;)" methodname="ParameterizedTest" classname="NUnit.Framework.Internal.Tests.TestNamingTests" runstate="Runnable" seed="1852401017" result="Passed" start-time="2017-02-21 11:04:48Z" end-time="2017-02-21 11:04:48Z" duration="0.000050" asserts="4" />
                  <test-case id="0-4987" name="ParameterizedTest(1,2,&quot;&lt; left bracket&quot;)" fullname="NUnit.Framework.Internal.Tests.TestNamingTests+GenericParameterizedFixture&lt;Int32,String&gt;(42,&quot;Forty-two&quot;).ParameterizedTest(1,2,&quot;&lt; left bracket&quot;)" methodname="ParameterizedTest" classname="NUnit.Framework.Internal.Tests.TestNamingTests" runstate="Runnable" seed="2011723837" result="Passed" start-time="2017-02-21 11:04:48Z" end-time="2017-02-21 11:04:48Z" duration="0.000035" asserts="4" />
                  <test-case id="0-4988" name="ParameterizedTest(1,2,&quot;&gt; right bracket&quot;)" fullname="NUnit.Framework.Internal.Tests.TestNamingTests+GenericParameterizedFixture&lt;Int32,String&gt;(42,&quot;Forty-two&quot;).ParameterizedTest(1,2,&quot;&gt; right bracket&quot;)" methodname="ParameterizedTest" classname="NUnit.Framework.Internal.Tests.TestNamingTests" runstate="Runnable" seed="1178950724" result="Passed" start-time="2017-02-21 11:04:48Z" end-time="2017-02-21 11:04:48Z" duration="0.000098" asserts="4" />
                  <test-case id="0-4989" name="ParameterizedTest(1,2,&quot;' single quote&quot;)" fullname="NUnit.Framework.Internal.Tests.TestNamingTests+GenericParameterizedFixture&lt;Int32,String&gt;(42,&quot;Forty-two&quot;).ParameterizedTest(1,2,&quot;' single quote&quot;)" methodname="ParameterizedTest" classname="NUnit.Framework.Internal.Tests.TestNamingTests" runstate="Runnable" seed="671466717" result="Passed" start-time="2017-02-21 11:04:48Z" end-time="2017-02-21 11:04:48Z" duration="0.000500" asserts="4" />
                  <test-case id="0-4990" name="ParameterizedTest(1,2,&quot;\&quot; double quote&quot;)" fullname="NUnit.Framework.Internal.Tests.TestNamingTests+GenericParameterizedFixture&lt;Int32,String&gt;(42,&quot;Forty-two&quot;).ParameterizedTest(1,2,&quot;\&quot; double quote&quot;)" methodname="ParameterizedTest" classname="NUnit.Framework.Internal.Tests.TestNamingTests" runstate="Runnable" seed="1734342593" result="Passed" start-time="2017-02-21 11:04:48Z" end-time="2017-02-21 11:04:48Z" duration="0.000135" asserts="4" />
                  <test-case id="0-4991" name="ParameterizedTest(1,2,&quot;&amp; ampersand&quot;)" fullname="NUnit.Framework.Internal.Tests.TestNamingTests+GenericParameterizedFixture&lt;Int32,String&gt;(42,&quot;Forty-two&quot;).ParameterizedTest(1,2,&quot;&amp; ampersand&quot;)" methodname="ParameterizedTest" classname="NUnit.Framework.Internal.Tests.TestNamingTests" runstate="Runnable" seed="778139185" result="Passed" start-time="2017-02-21 11:04:48Z" end-time="2017-02-21 11:04:48Z" duration="0.000381" asserts="4" />
                </test-suite>
                <test-suite type="ParameterizedMethod" id="0-4994" name="TestCaseWithLongStringArgument" fullname="NUnit.Framework.Internal.Tests.TestNamingTests+GenericParameterizedFixture`2[[System.Int32, mscorlib, Version=4.0.0.0, Culture=neutral, PublicKeyToken=b77a5c561934e089],[System.String, mscorlib, Version=4.0.0.0, Culture=neutral, PublicKeyToken=b77a5c561934e089]].TestCaseWithLongStringArgument" classname="NUnit.Framework.Internal.Tests.TestNamingTests" runstate="Runnable" testcasecount="1" result="Passed" start-time="2017-02-21 11:04:48Z" end-time="2017-02-21 11:04:48Z" duration="0.002867" total="1" passed="1" failed="0" warnings="0" inconclusive="0" skipped="0" asserts="4">
                  <test-case id="0-4993" name="TestCaseWithLongStringArgument(&quot;abcdefghijklmnopqrstuvwxyz&quot;)" fullname="NUnit.Framework.Internal.Tests.TestNamingTests+GenericParameterizedFixture&lt;Int32,String&gt;(42,&quot;Forty-two&quot;).TestCaseWithLongStringArgument(&quot;abcdefghijklmnopqrstuvwxyz&quot;)" methodname="TestCaseWithLongStringArgument" classname="NUnit.Framework.Internal.Tests.TestNamingTests" runstate="Runnable" seed="1786422588" result="Passed" start-time="2017-02-21 11:04:48Z" end-time="2017-02-21 11:04:48Z" duration="0.000070" asserts="4" />
                </test-suite>
                <test-suite type="ParameterizedMethod" id="0-5001" name="TestWithParamsArgument" fullname="NUnit.Framework.Internal.Tests.TestNamingTests+GenericParameterizedFixture`2[[System.Int32, mscorlib, Version=4.0.0.0, Culture=neutral, PublicKeyToken=b77a5c561934e089],[System.String, mscorlib, Version=4.0.0.0, Culture=neutral, PublicKeyToken=b77a5c561934e089]].TestWithParamsArgument" classname="NUnit.Framework.Internal.Tests.TestNamingTests" runstate="Runnable" testcasecount="4" result="Passed" start-time="2017-02-21 11:04:48Z" end-time="2017-02-21 11:04:48Z" duration="0.010824" total="4" passed="4" failed="0" warnings="0" inconclusive="0" skipped="0" asserts="16">
                  <test-case id="0-4997" name="TestWithParamsArgument()" fullname="NUnit.Framework.Internal.Tests.TestNamingTests+GenericParameterizedFixture&lt;Int32,String&gt;(42,&quot;Forty-two&quot;).TestWithParamsArgument()" methodname="TestWithParamsArgument" classname="NUnit.Framework.Internal.Tests.TestNamingTests" runstate="Runnable" seed="192495331" result="Passed" start-time="2017-02-21 11:04:48Z" end-time="2017-02-21 11:04:48Z" duration="0.000050" asserts="4" />
                  <test-case id="0-4998" name="TestWithParamsArgument(1)" fullname="NUnit.Framework.Internal.Tests.TestNamingTests+GenericParameterizedFixture&lt;Int32,String&gt;(42,&quot;Forty-two&quot;).TestWithParamsArgument(1)" methodname="TestWithParamsArgument" classname="NUnit.Framework.Internal.Tests.TestNamingTests" runstate="Runnable" seed="1184711225" result="Passed" start-time="2017-02-21 11:04:48Z" end-time="2017-02-21 11:04:48Z" duration="0.000050" asserts="4" />
                  <test-case id="0-4999" name="TestWithParamsArgument(1,2)" fullname="NUnit.Framework.Internal.Tests.TestNamingTests+GenericParameterizedFixture&lt;Int32,String&gt;(42,&quot;Forty-two&quot;).TestWithParamsArgument(1,2)" methodname="TestWithParamsArgument" classname="NUnit.Framework.Internal.Tests.TestNamingTests" runstate="Runnable" seed="1770954618" result="Passed" start-time="2017-02-21 11:04:48Z" end-time="2017-02-21 11:04:48Z" duration="0.000056" asserts="4" />
                  <test-case id="0-5000" name="TestWithParamsArgument(1,2,3)" fullname="NUnit.Framework.Internal.Tests.TestNamingTests+GenericParameterizedFixture&lt;Int32,String&gt;(42,&quot;Forty-two&quot;).TestWithParamsArgument(1,2,3)" methodname="TestWithParamsArgument" classname="NUnit.Framework.Internal.Tests.TestNamingTests" runstate="Runnable" seed="1902540964" result="Passed" start-time="2017-02-21 11:04:48Z" end-time="2017-02-21 11:04:48Z" duration="0.000052" asserts="4" />
                </test-suite>
                <test-case id="0-4985" name="SimpleTest" fullname="NUnit.Framework.Internal.Tests.TestNamingTests+GenericParameterizedFixture&lt;Int32,String&gt;(42,&quot;Forty-two&quot;).SimpleTest" methodname="SimpleTest" classname="NUnit.Framework.Internal.Tests.TestNamingTests" runstate="Runnable" seed="1073333783" result="Passed" start-time="2017-02-21 11:04:48Z" end-time="2017-02-21 11:04:48Z" duration="0.001427" asserts="4" />
                <test-case id="0-4984" name="SimpleTestInDerivedClass" fullname="NUnit.Framework.Internal.Tests.TestNamingTests+GenericParameterizedFixture&lt;Int32,String&gt;(42,&quot;Forty-two&quot;).SimpleTestInDerivedClass" methodname="SimpleTestInDerivedClass" classname="NUnit.Framework.Internal.Tests.TestNamingTests+GenericParameterizedFixture`2" runstate="Runnable" seed="988070695" result="Passed" start-time="2017-02-21 11:04:48Z" end-time="2017-02-21 11:04:48Z" duration="0.000131" asserts="4" />
              </test-suite>
            </test-suite>
            <test-suite type="TestFixture" id="0-4945" name="TestNamingTests+ParameterizedFixture(42,&quot;Forty-two&quot;)" fullname="NUnit.Framework.Internal.Tests.TestNamingTests+ParameterizedFixture(42,&quot;Forty-two&quot;)" classname="NUnit.Framework.Internal.Tests.TestNamingTests+ParameterizedFixture" runstate="Runnable" testcasecount="14" result="Passed" start-time="2017-02-21 11:04:48Z" end-time="2017-02-21 11:04:48Z" duration="0.058864" total="14" passed="14" failed="0" warnings="0" inconclusive="0" skipped="0" asserts="56">
              <test-case id="0-4947" name="SimpleTest" fullname="NUnit.Framework.Internal.Tests.TestNamingTests+ParameterizedFixture(42,&quot;Forty-two&quot;).SimpleTest" methodname="SimpleTest" classname="NUnit.Framework.Internal.Tests.TestNamingTests" runstate="Runnable" seed="675105491" result="Passed" start-time="2017-02-21 11:04:48Z" end-time="2017-02-21 11:04:48Z" duration="0.001909" asserts="4" />
              <test-case id="0-4946" name="SimpleTestInDerivedClass" fullname="NUnit.Framework.Internal.Tests.TestNamingTests+ParameterizedFixture(42,&quot;Forty-two&quot;).SimpleTestInDerivedClass" methodname="SimpleTestInDerivedClass" classname="NUnit.Framework.Internal.Tests.TestNamingTests+ParameterizedFixture" runstate="Runnable" seed="90770868" result="Passed" start-time="2017-02-21 11:04:48Z" end-time="2017-02-21 11:04:48Z" duration="0.000084" asserts="4" />
              <test-suite type="GenericMethod" id="0-4958" name="GenericTest" fullname="NUnit.Framework.Internal.Tests.TestNamingTests+ParameterizedFixture.GenericTest" classname="NUnit.Framework.Internal.Tests.TestNamingTests" runstate="Runnable" testcasecount="1" result="Passed" start-time="2017-02-21 11:04:48Z" end-time="2017-02-21 11:04:48Z" duration="0.003033" total="1" passed="1" failed="0" warnings="0" inconclusive="0" skipped="0" asserts="4">
                <test-case id="0-4957" name="GenericTest&lt;Int32&gt;(42)" fullname="NUnit.Framework.Internal.Tests.TestNamingTests+ParameterizedFixture(42,&quot;Forty-two&quot;).GenericTest&lt;Int32&gt;(42)" methodname="GenericTest" classname="NUnit.Framework.Internal.Tests.TestNamingTests" runstate="Runnable" seed="249286872" result="Passed" start-time="2017-02-21 11:04:48Z" end-time="2017-02-21 11:04:48Z" duration="0.000033" asserts="4" />
              </test-suite>
              <test-suite type="ParameterizedMethod" id="0-4954" name="ParameterizedTest" fullname="NUnit.Framework.Internal.Tests.TestNamingTests+ParameterizedFixture.ParameterizedTest" classname="NUnit.Framework.Internal.Tests.TestNamingTests" runstate="Runnable" testcasecount="6" result="Passed" start-time="2017-02-21 11:04:48Z" end-time="2017-02-21 11:04:48Z" duration="0.018851" total="6" passed="6" failed="0" warnings="0" inconclusive="0" skipped="0" asserts="24">
                <test-case id="0-4948" name="ParameterizedTest(5,7,&quot;ABC&quot;)" fullname="NUnit.Framework.Internal.Tests.TestNamingTests+ParameterizedFixture(42,&quot;Forty-two&quot;).ParameterizedTest(5,7,&quot;ABC&quot;)" methodname="ParameterizedTest" classname="NUnit.Framework.Internal.Tests.TestNamingTests" runstate="Runnable" seed="1008059948" result="Passed" start-time="2017-02-21 11:04:48Z" end-time="2017-02-21 11:04:48Z" duration="0.000099" asserts="4" />
                <test-case id="0-4949" name="ParameterizedTest(1,2,&quot;&lt; left bracket&quot;)" fullname="NUnit.Framework.Internal.Tests.TestNamingTests+ParameterizedFixture(42,&quot;Forty-two&quot;).ParameterizedTest(1,2,&quot;&lt; left bracket&quot;)" methodname="ParameterizedTest" classname="NUnit.Framework.Internal.Tests.TestNamingTests" runstate="Runnable" seed="464915235" result="Passed" start-time="2017-02-21 11:04:48Z" end-time="2017-02-21 11:04:48Z" duration="0.000053" asserts="4" />
                <test-case id="0-4950" name="ParameterizedTest(1,2,&quot;&gt; right bracket&quot;)" fullname="NUnit.Framework.Internal.Tests.TestNamingTests+ParameterizedFixture(42,&quot;Forty-two&quot;).ParameterizedTest(1,2,&quot;&gt; right bracket&quot;)" methodname="ParameterizedTest" classname="NUnit.Framework.Internal.Tests.TestNamingTests" runstate="Runnable" seed="465953930" result="Passed" start-time="2017-02-21 11:04:48Z" end-time="2017-02-21 11:04:48Z" duration="0.000054" asserts="4" />
                <test-case id="0-4951" name="ParameterizedTest(1,2,&quot;' single quote&quot;)" fullname="NUnit.Framework.Internal.Tests.TestNamingTests+ParameterizedFixture(42,&quot;Forty-two&quot;).ParameterizedTest(1,2,&quot;' single quote&quot;)" methodname="ParameterizedTest" classname="NUnit.Framework.Internal.Tests.TestNamingTests" runstate="Runnable" seed="618814715" result="Passed" start-time="2017-02-21 11:04:48Z" end-time="2017-02-21 11:04:48Z" duration="0.000473" asserts="4" />
                <test-case id="0-4952" name="ParameterizedTest(1,2,&quot;\&quot; double quote&quot;)" fullname="NUnit.Framework.Internal.Tests.TestNamingTests+ParameterizedFixture(42,&quot;Forty-two&quot;).ParameterizedTest(1,2,&quot;\&quot; double quote&quot;)" methodname="ParameterizedTest" classname="NUnit.Framework.Internal.Tests.TestNamingTests" runstate="Runnable" seed="1387645015" result="Passed" start-time="2017-02-21 11:04:48Z" end-time="2017-02-21 11:04:48Z" duration="0.000433" asserts="4" />
                <test-case id="0-4953" name="ParameterizedTest(1,2,&quot;&amp; ampersand&quot;)" fullname="NUnit.Framework.Internal.Tests.TestNamingTests+ParameterizedFixture(42,&quot;Forty-two&quot;).ParameterizedTest(1,2,&quot;&amp; ampersand&quot;)" methodname="ParameterizedTest" classname="NUnit.Framework.Internal.Tests.TestNamingTests" runstate="Runnable" seed="1467099814" result="Passed" start-time="2017-02-21 11:04:48Z" end-time="2017-02-21 11:04:48Z" duration="0.000061" asserts="4" />
              </test-suite>
              <test-suite type="ParameterizedMethod" id="0-4956" name="TestCaseWithLongStringArgument" fullname="NUnit.Framework.Internal.Tests.TestNamingTests+ParameterizedFixture.TestCaseWithLongStringArgument" classname="NUnit.Framework.Internal.Tests.TestNamingTests" runstate="Runnable" testcasecount="1" result="Passed" start-time="2017-02-21 11:04:48Z" end-time="2017-02-21 11:04:48Z" duration="0.003112" total="1" passed="1" failed="0" warnings="0" inconclusive="0" skipped="0" asserts="4">
                <test-case id="0-4955" name="TestCaseWithLongStringArgument(&quot;abcdefghijklmnopqrstuvwxyz&quot;)" fullname="NUnit.Framework.Internal.Tests.TestNamingTests+ParameterizedFixture(42,&quot;Forty-two&quot;).TestCaseWithLongStringArgument(&quot;abcdefghijklmnopqrstuvwxyz&quot;)" methodname="TestCaseWithLongStringArgument" classname="NUnit.Framework.Internal.Tests.TestNamingTests" runstate="Runnable" seed="1857866372" result="Passed" start-time="2017-02-21 11:04:48Z" end-time="2017-02-21 11:04:48Z" duration="0.000033" asserts="4" />
              </test-suite>
              <test-suite type="ParameterizedMethod" id="0-4963" name="TestWithParamsArgument" fullname="NUnit.Framework.Internal.Tests.TestNamingTests+ParameterizedFixture.TestWithParamsArgument" classname="NUnit.Framework.Internal.Tests.TestNamingTests" runstate="Runnable" testcasecount="4" result="Passed" start-time="2017-02-21 11:04:48Z" end-time="2017-02-21 11:04:48Z" duration="0.011997" total="4" passed="4" failed="0" warnings="0" inconclusive="0" skipped="0" asserts="16">
                <test-case id="0-4959" name="TestWithParamsArgument()" fullname="NUnit.Framework.Internal.Tests.TestNamingTests+ParameterizedFixture(42,&quot;Forty-two&quot;).TestWithParamsArgument()" methodname="TestWithParamsArgument" classname="NUnit.Framework.Internal.Tests.TestNamingTests" runstate="Runnable" seed="1088276008" result="Passed" start-time="2017-02-21 11:04:48Z" end-time="2017-02-21 11:04:48Z" duration="0.000032" asserts="4" />
                <test-case id="0-4960" name="TestWithParamsArgument(1)" fullname="NUnit.Framework.Internal.Tests.TestNamingTests+ParameterizedFixture(42,&quot;Forty-two&quot;).TestWithParamsArgument(1)" methodname="TestWithParamsArgument" classname="NUnit.Framework.Internal.Tests.TestNamingTests" runstate="Runnable" seed="1856710607" result="Passed" start-time="2017-02-21 11:04:48Z" end-time="2017-02-21 11:04:48Z" duration="0.000176" asserts="4" />
                <test-case id="0-4961" name="TestWithParamsArgument(1,2)" fullname="NUnit.Framework.Internal.Tests.TestNamingTests+ParameterizedFixture(42,&quot;Forty-two&quot;).TestWithParamsArgument(1,2)" methodname="TestWithParamsArgument" classname="NUnit.Framework.Internal.Tests.TestNamingTests" runstate="Runnable" seed="1031786876" result="Passed" start-time="2017-02-21 11:04:48Z" end-time="2017-02-21 11:04:48Z" duration="0.000870" asserts="4" />
                <test-case id="0-4962" name="TestWithParamsArgument(1,2,3)" fullname="NUnit.Framework.Internal.Tests.TestNamingTests+ParameterizedFixture(42,&quot;Forty-two&quot;).TestWithParamsArgument(1,2,3)" methodname="TestWithParamsArgument" classname="NUnit.Framework.Internal.Tests.TestNamingTests" runstate="Runnable" seed="630157565" result="Passed" start-time="2017-02-21 11:04:48Z" end-time="2017-02-21 11:04:48Z" duration="0.000067" asserts="4" />
              </test-suite>
            </test-suite>
            <test-suite type="TestFixture" id="0-4964" name="TestNamingTests+ParameterizedFixtureWithLongStringArgument(&quot;This is really much too long to be us...&quot;)" fullname="NUnit.Framework.Internal.Tests.TestNamingTests+ParameterizedFixtureWithLongStringArgument(&quot;This is really much too long to be us...&quot;)" classname="NUnit.Framework.Internal.Tests.TestNamingTests+ParameterizedFixtureWithLongStringArgument" runstate="Runnable" testcasecount="14" result="Passed" start-time="2017-02-21 11:04:48Z" end-time="2017-02-21 11:04:48Z" duration="0.055804" total="14" passed="14" failed="0" warnings="0" inconclusive="0" skipped="0" asserts="56">
              <test-case id="0-4966" name="SimpleTest" fullname="NUnit.Framework.Internal.Tests.TestNamingTests+ParameterizedFixtureWithLongStringArgument(&quot;This is really much too long to be us...&quot;).SimpleTest" methodname="SimpleTest" classname="NUnit.Framework.Internal.Tests.TestNamingTests" runstate="Runnable" seed="1789516309" result="Passed" start-time="2017-02-21 11:04:48Z" end-time="2017-02-21 11:04:48Z" duration="0.000099" asserts="4" />
              <test-case id="0-4965" name="SimpleTestInDerivedClass" fullname="NUnit.Framework.Internal.Tests.TestNamingTests+ParameterizedFixtureWithLongStringArgument(&quot;This is really much too long to be us...&quot;).SimpleTestInDerivedClass" methodname="SimpleTestInDerivedClass" classname="NUnit.Framework.Internal.Tests.TestNamingTests+ParameterizedFixtureWithLongStringArgument" runstate="Runnable" seed="222977200" result="Passed" start-time="2017-02-21 11:04:48Z" end-time="2017-02-21 11:04:48Z" duration="0.000442" asserts="4" />
              <test-suite type="GenericMethod" id="0-4977" name="GenericTest" fullname="NUnit.Framework.Internal.Tests.TestNamingTests+ParameterizedFixtureWithLongStringArgument.GenericTest" classname="NUnit.Framework.Internal.Tests.TestNamingTests" runstate="Runnable" testcasecount="1" result="Passed" start-time="2017-02-21 11:04:48Z" end-time="2017-02-21 11:04:48Z" duration="0.002970" total="1" passed="1" failed="0" warnings="0" inconclusive="0" skipped="0" asserts="4">
                <test-case id="0-4976" name="GenericTest&lt;Int32&gt;(42)" fullname="NUnit.Framework.Internal.Tests.TestNamingTests+ParameterizedFixtureWithLongStringArgument(&quot;This is really much too long to be us...&quot;).GenericTest&lt;Int32&gt;(42)" methodname="GenericTest" classname="NUnit.Framework.Internal.Tests.TestNamingTests" runstate="Runnable" seed="1170687402" result="Passed" start-time="2017-02-21 11:04:48Z" end-time="2017-02-21 11:04:48Z" duration="0.000062" asserts="4" />
              </test-suite>
              <test-suite type="ParameterizedMethod" id="0-4973" name="ParameterizedTest" fullname="NUnit.Framework.Internal.Tests.TestNamingTests+ParameterizedFixtureWithLongStringArgument.ParameterizedTest" classname="NUnit.Framework.Internal.Tests.TestNamingTests" runstate="Runnable" testcasecount="6" result="Passed" start-time="2017-02-21 11:04:48Z" end-time="2017-02-21 11:04:48Z" duration="0.019037" total="6" passed="6" failed="0" warnings="0" inconclusive="0" skipped="0" asserts="24">
                <test-case id="0-4967" name="ParameterizedTest(5,7,&quot;ABC&quot;)" fullname="NUnit.Framework.Internal.Tests.TestNamingTests+ParameterizedFixtureWithLongStringArgument(&quot;This is really much too long to be us...&quot;).ParameterizedTest(5,7,&quot;ABC&quot;)" methodname="ParameterizedTest" classname="NUnit.Framework.Internal.Tests.TestNamingTests" runstate="Runnable" seed="1341551782" result="Passed" start-time="2017-02-21 11:04:48Z" end-time="2017-02-21 11:04:48Z" duration="0.000070" asserts="4" />
                <test-case id="0-4968" name="ParameterizedTest(1,2,&quot;&lt; left bracket&quot;)" fullname="NUnit.Framework.Internal.Tests.TestNamingTests+ParameterizedFixtureWithLongStringArgument(&quot;This is really much too long to be us...&quot;).ParameterizedTest(1,2,&quot;&lt; left bracket&quot;)" methodname="ParameterizedTest" classname="NUnit.Framework.Internal.Tests.TestNamingTests" runstate="Runnable" seed="1117401211" result="Passed" start-time="2017-02-21 11:04:48Z" end-time="2017-02-21 11:04:48Z" duration="0.000047" asserts="4" />
                <test-case id="0-4969" name="ParameterizedTest(1,2,&quot;&gt; right bracket&quot;)" fullname="NUnit.Framework.Internal.Tests.TestNamingTests+ParameterizedFixtureWithLongStringArgument(&quot;This is really much too long to be us...&quot;).ParameterizedTest(1,2,&quot;&gt; right bracket&quot;)" methodname="ParameterizedTest" classname="NUnit.Framework.Internal.Tests.TestNamingTests" runstate="Runnable" seed="1993107282" result="Passed" start-time="2017-02-21 11:04:48Z" end-time="2017-02-21 11:04:48Z" duration="0.000315" asserts="4" />
                <test-case id="0-4970" name="ParameterizedTest(1,2,&quot;' single quote&quot;)" fullname="NUnit.Framework.Internal.Tests.TestNamingTests+ParameterizedFixtureWithLongStringArgument(&quot;This is really much too long to be us...&quot;).ParameterizedTest(1,2,&quot;' single quote&quot;)" methodname="ParameterizedTest" classname="NUnit.Framework.Internal.Tests.TestNamingTests" runstate="Runnable" seed="85267046" result="Passed" start-time="2017-02-21 11:04:48Z" end-time="2017-02-21 11:04:48Z" duration="0.000057" asserts="4" />
                <test-case id="0-4971" name="ParameterizedTest(1,2,&quot;\&quot; double quote&quot;)" fullname="NUnit.Framework.Internal.Tests.TestNamingTests+ParameterizedFixtureWithLongStringArgument(&quot;This is really much too long to be us...&quot;).ParameterizedTest(1,2,&quot;\&quot; double quote&quot;)" methodname="ParameterizedTest" classname="NUnit.Framework.Internal.Tests.TestNamingTests" runstate="Runnable" seed="611148271" result="Passed" start-time="2017-02-21 11:04:48Z" end-time="2017-02-21 11:04:48Z" duration="0.000069" asserts="4" />
                <test-case id="0-4972" name="ParameterizedTest(1,2,&quot;&amp; ampersand&quot;)" fullname="NUnit.Framework.Internal.Tests.TestNamingTests+ParameterizedFixtureWithLongStringArgument(&quot;This is really much too long to be us...&quot;).ParameterizedTest(1,2,&quot;&amp; ampersand&quot;)" methodname="ParameterizedTest" classname="NUnit.Framework.Internal.Tests.TestNamingTests" runstate="Runnable" seed="2053825101" result="Passed" start-time="2017-02-21 11:04:48Z" end-time="2017-02-21 11:04:48Z" duration="0.000061" asserts="4" />
              </test-suite>
              <test-suite type="ParameterizedMethod" id="0-4975" name="TestCaseWithLongStringArgument" fullname="NUnit.Framework.Internal.Tests.TestNamingTests+ParameterizedFixtureWithLongStringArgument.TestCaseWithLongStringArgument" classname="NUnit.Framework.Internal.Tests.TestNamingTests" runstate="Runnable" testcasecount="1" result="Passed" start-time="2017-02-21 11:04:48Z" end-time="2017-02-21 11:04:48Z" duration="0.005324" total="1" passed="1" failed="0" warnings="0" inconclusive="0" skipped="0" asserts="4">
                <test-case id="0-4974" name="TestCaseWithLongStringArgument(&quot;abcdefghijklmnopqrstuvwxyz&quot;)" fullname="NUnit.Framework.Internal.Tests.TestNamingTests+ParameterizedFixtureWithLongStringArgument(&quot;This is really much too long to be us...&quot;).TestCaseWithLongStringArgument(&quot;abcdefghijklmnopqrstuvwxyz&quot;)" methodname="TestCaseWithLongStringArgument" classname="NUnit.Framework.Internal.Tests.TestNamingTests" runstate="Runnable" seed="446323122" result="Passed" start-time="2017-02-21 11:04:48Z" end-time="2017-02-21 11:04:48Z" duration="0.000265" asserts="4" />
              </test-suite>
              <test-suite type="ParameterizedMethod" id="0-4982" name="TestWithParamsArgument" fullname="NUnit.Framework.Internal.Tests.TestNamingTests+ParameterizedFixtureWithLongStringArgument.TestWithParamsArgument" classname="NUnit.Framework.Internal.Tests.TestNamingTests" runstate="Runnable" testcasecount="4" result="Passed" start-time="2017-02-21 11:04:48Z" end-time="2017-02-21 11:04:48Z" duration="0.011045" total="4" passed="4" failed="0" warnings="0" inconclusive="0" skipped="0" asserts="16">
                <test-case id="0-4978" name="TestWithParamsArgument()" fullname="NUnit.Framework.Internal.Tests.TestNamingTests+ParameterizedFixtureWithLongStringArgument(&quot;This is really much too long to be us...&quot;).TestWithParamsArgument()" methodname="TestWithParamsArgument" classname="NUnit.Framework.Internal.Tests.TestNamingTests" runstate="Runnable" seed="77304397" result="Passed" start-time="2017-02-21 11:04:48Z" end-time="2017-02-21 11:04:48Z" duration="0.000040" asserts="4" />
                <test-case id="0-4979" name="TestWithParamsArgument(1)" fullname="NUnit.Framework.Internal.Tests.TestNamingTests+ParameterizedFixtureWithLongStringArgument(&quot;This is really much too long to be us...&quot;).TestWithParamsArgument(1)" methodname="TestWithParamsArgument" classname="NUnit.Framework.Internal.Tests.TestNamingTests" runstate="Runnable" seed="2050022656" result="Passed" start-time="2017-02-21 11:04:48Z" end-time="2017-02-21 11:04:48Z" duration="0.000175" asserts="4" />
                <test-case id="0-4980" name="TestWithParamsArgument(1,2)" fullname="NUnit.Framework.Internal.Tests.TestNamingTests+ParameterizedFixtureWithLongStringArgument(&quot;This is really much too long to be us...&quot;).TestWithParamsArgument(1,2)" methodname="TestWithParamsArgument" classname="NUnit.Framework.Internal.Tests.TestNamingTests" runstate="Runnable" seed="1266731895" result="Passed" start-time="2017-02-21 11:04:48Z" end-time="2017-02-21 11:04:48Z" duration="0.000050" asserts="4" />
                <test-case id="0-4981" name="TestWithParamsArgument(1,2,3)" fullname="NUnit.Framework.Internal.Tests.TestNamingTests+ParameterizedFixtureWithLongStringArgument(&quot;This is really much too long to be us...&quot;).TestWithParamsArgument(1,2,3)" methodname="TestWithParamsArgument" classname="NUnit.Framework.Internal.Tests.TestNamingTests" runstate="Runnable" seed="1569944332" result="Passed" start-time="2017-02-21 11:04:48Z" end-time="2017-02-21 11:04:48Z" duration="0.000046" asserts="4" />
              </test-suite>
            </test-suite>
            <test-suite type="TestFixture" id="0-4906" name="TestNamingTests+SimpleFixture" fullname="NUnit.Framework.Internal.Tests.TestNamingTests+SimpleFixture" classname="NUnit.Framework.Internal.Tests.TestNamingTests+SimpleFixture" runstate="Runnable" testcasecount="14" result="Passed" start-time="2017-02-21 11:04:48Z" end-time="2017-02-21 11:04:48Z" duration="0.053118" total="14" passed="14" failed="0" warnings="0" inconclusive="0" skipped="0" asserts="56">
              <test-suite type="GenericMethod" id="0-4919" name="GenericTest" fullname="NUnit.Framework.Internal.Tests.TestNamingTests+SimpleFixture.GenericTest" classname="NUnit.Framework.Internal.Tests.TestNamingTests" runstate="Runnable" testcasecount="1" result="Passed" start-time="2017-02-21 11:04:48Z" end-time="2017-02-21 11:04:48Z" duration="0.002778" total="1" passed="1" failed="0" warnings="0" inconclusive="0" skipped="0" asserts="4">
                <test-case id="0-4918" name="GenericTest&lt;Int32&gt;(42)" fullname="NUnit.Framework.Internal.Tests.TestNamingTests+SimpleFixture.GenericTest&lt;Int32&gt;(42)" methodname="GenericTest" classname="NUnit.Framework.Internal.Tests.TestNamingTests" runstate="Runnable" seed="1402430629" result="Passed" start-time="2017-02-21 11:04:48Z" end-time="2017-02-21 11:04:48Z" duration="0.000103" asserts="4" />
              </test-suite>
              <test-suite type="ParameterizedMethod" id="0-4915" name="ParameterizedTest" fullname="NUnit.Framework.Internal.Tests.TestNamingTests+SimpleFixture.ParameterizedTest" classname="NUnit.Framework.Internal.Tests.TestNamingTests" runstate="Runnable" testcasecount="6" result="Passed" start-time="2017-02-21 11:04:48Z" end-time="2017-02-21 11:04:48Z" duration="0.017653" total="6" passed="6" failed="0" warnings="0" inconclusive="0" skipped="0" asserts="24">
                <test-case id="0-4909" name="ParameterizedTest(5,7,&quot;ABC&quot;)" fullname="NUnit.Framework.Internal.Tests.TestNamingTests+SimpleFixture.ParameterizedTest(5,7,&quot;ABC&quot;)" methodname="ParameterizedTest" classname="NUnit.Framework.Internal.Tests.TestNamingTests" runstate="Runnable" seed="1703564448" result="Passed" start-time="2017-02-21 11:04:48Z" end-time="2017-02-21 11:04:48Z" duration="0.000055" asserts="4" />
                <test-case id="0-4910" name="ParameterizedTest(1,2,&quot;&lt; left bracket&quot;)" fullname="NUnit.Framework.Internal.Tests.TestNamingTests+SimpleFixture.ParameterizedTest(1,2,&quot;&lt; left bracket&quot;)" methodname="ParameterizedTest" classname="NUnit.Framework.Internal.Tests.TestNamingTests" runstate="Runnable" seed="2005750260" result="Passed" start-time="2017-02-21 11:04:48Z" end-time="2017-02-21 11:04:48Z" duration="0.000103" asserts="4" />
                <test-case id="0-4911" name="ParameterizedTest(1,2,&quot;&gt; right bracket&quot;)" fullname="NUnit.Framework.Internal.Tests.TestNamingTests+SimpleFixture.ParameterizedTest(1,2,&quot;&gt; right bracket&quot;)" methodname="ParameterizedTest" classname="NUnit.Framework.Internal.Tests.TestNamingTests" runstate="Runnable" seed="1295101442" result="Passed" start-time="2017-02-21 11:04:48Z" end-time="2017-02-21 11:04:48Z" duration="0.000054" asserts="4" />
                <test-case id="0-4912" name="ParameterizedTest(1,2,&quot;' single quote&quot;)" fullname="NUnit.Framework.Internal.Tests.TestNamingTests+SimpleFixture.ParameterizedTest(1,2,&quot;' single quote&quot;)" methodname="ParameterizedTest" classname="NUnit.Framework.Internal.Tests.TestNamingTests" runstate="Runnable" seed="1022849468" result="Passed" start-time="2017-02-21 11:04:48Z" end-time="2017-02-21 11:04:48Z" duration="0.000162" asserts="4" />
                <test-case id="0-4913" name="ParameterizedTest(1,2,&quot;\&quot; double quote&quot;)" fullname="NUnit.Framework.Internal.Tests.TestNamingTests+SimpleFixture.ParameterizedTest(1,2,&quot;\&quot; double quote&quot;)" methodname="ParameterizedTest" classname="NUnit.Framework.Internal.Tests.TestNamingTests" runstate="Runnable" seed="2006510019" result="Passed" start-time="2017-02-21 11:04:48Z" end-time="2017-02-21 11:04:48Z" duration="0.000066" asserts="4" />
                <test-case id="0-4914" name="ParameterizedTest(1,2,&quot;&amp; ampersand&quot;)" fullname="NUnit.Framework.Internal.Tests.TestNamingTests+SimpleFixture.ParameterizedTest(1,2,&quot;&amp; ampersand&quot;)" methodname="ParameterizedTest" classname="NUnit.Framework.Internal.Tests.TestNamingTests" runstate="Runnable" seed="1415764045" result="Passed" start-time="2017-02-21 11:04:48Z" end-time="2017-02-21 11:04:48Z" duration="0.000062" asserts="4" />
              </test-suite>
              <test-case id="0-4908" name="SimpleTest" fullname="NUnit.Framework.Internal.Tests.TestNamingTests+SimpleFixture.SimpleTest" methodname="SimpleTest" classname="NUnit.Framework.Internal.Tests.TestNamingTests" runstate="Runnable" seed="1543177944" result="Passed" start-time="2017-02-21 11:04:48Z" end-time="2017-02-21 11:04:48Z" duration="0.000804" asserts="4" />
              <test-case id="0-4907" name="SimpleTestInDerivedClass" fullname="NUnit.Framework.Internal.Tests.TestNamingTests+SimpleFixture.SimpleTestInDerivedClass" methodname="SimpleTestInDerivedClass" classname="NUnit.Framework.Internal.Tests.TestNamingTests+SimpleFixture" runstate="Runnable" seed="799072513" result="Passed" start-time="2017-02-21 11:04:48Z" end-time="2017-02-21 11:04:48Z" duration="0.000339" asserts="4" />
              <test-suite type="ParameterizedMethod" id="0-4917" name="TestCaseWithLongStringArgument" fullname="NUnit.Framework.Internal.Tests.TestNamingTests+SimpleFixture.TestCaseWithLongStringArgument" classname="NUnit.Framework.Internal.Tests.TestNamingTests" runstate="Runnable" testcasecount="1" result="Passed" start-time="2017-02-21 11:04:48Z" end-time="2017-02-21 11:04:48Z" duration="0.002628" total="1" passed="1" failed="0" warnings="0" inconclusive="0" skipped="0" asserts="4">
                <test-case id="0-4916" name="TestCaseWithLongStringArgument(&quot;abcdefghijklmnopqrstuvwxyz&quot;)" fullname="NUnit.Framework.Internal.Tests.TestNamingTests+SimpleFixture.TestCaseWithLongStringArgument(&quot;abcdefghijklmnopqrstuvwxyz&quot;)" methodname="TestCaseWithLongStringArgument" classname="NUnit.Framework.Internal.Tests.TestNamingTests" runstate="Runnable" seed="586950090" result="Passed" start-time="2017-02-21 11:04:48Z" end-time="2017-02-21 11:04:48Z" duration="0.000100" asserts="4" />
              </test-suite>
              <test-suite type="ParameterizedMethod" id="0-4924" name="TestWithParamsArgument" fullname="NUnit.Framework.Internal.Tests.TestNamingTests+SimpleFixture.TestWithParamsArgument" classname="NUnit.Framework.Internal.Tests.TestNamingTests" runstate="Runnable" testcasecount="4" result="Passed" start-time="2017-02-21 11:04:48Z" end-time="2017-02-21 11:04:48Z" duration="0.010865" total="4" passed="4" failed="0" warnings="0" inconclusive="0" skipped="0" asserts="16">
                <test-case id="0-4920" name="TestWithParamsArgument()" fullname="NUnit.Framework.Internal.Tests.TestNamingTests+SimpleFixture.TestWithParamsArgument()" methodname="TestWithParamsArgument" classname="NUnit.Framework.Internal.Tests.TestNamingTests" runstate="Runnable" seed="1965225754" result="Passed" start-time="2017-02-21 11:04:48Z" end-time="2017-02-21 11:04:48Z" duration="0.000050" asserts="4" />
                <test-case id="0-4921" name="TestWithParamsArgument(1)" fullname="NUnit.Framework.Internal.Tests.TestNamingTests+SimpleFixture.TestWithParamsArgument(1)" methodname="TestWithParamsArgument" classname="NUnit.Framework.Internal.Tests.TestNamingTests" runstate="Runnable" seed="1905646665" result="Passed" start-time="2017-02-21 11:04:48Z" end-time="2017-02-21 11:04:48Z" duration="0.000108" asserts="4" />
                <test-case id="0-4922" name="TestWithParamsArgument(1,2)" fullname="NUnit.Framework.Internal.Tests.TestNamingTests+SimpleFixture.TestWithParamsArgument(1,2)" methodname="TestWithParamsArgument" classname="NUnit.Framework.Internal.Tests.TestNamingTests" runstate="Runnable" seed="254841144" result="Passed" start-time="2017-02-21 11:04:48Z" end-time="2017-02-21 11:04:48Z" duration="0.000049" asserts="4" />
                <test-case id="0-4923" name="TestWithParamsArgument(1,2,3)" fullname="NUnit.Framework.Internal.Tests.TestNamingTests+SimpleFixture.TestWithParamsArgument(1,2,3)" methodname="TestWithParamsArgument" classname="NUnit.Framework.Internal.Tests.TestNamingTests" runstate="Runnable" seed="863461893" result="Passed" start-time="2017-02-21 11:04:48Z" end-time="2017-02-21 11:04:48Z" duration="0.000097" asserts="4" />
              </test-suite>
            </test-suite>
            <test-suite type="TestFixture" id="0-4832" name="TestNameGeneratorTests" fullname="NUnit.Framework.Internal.Tests.TestNameGeneratorTests" classname="NUnit.Framework.Internal.Tests.TestNameGeneratorTests" runstate="Runnable" testcasecount="68" result="Passed" start-time="2017-02-21 11:04:48Z" end-time="2017-02-21 11:04:48Z" duration="0.239190" total="68" passed="68" failed="0" warnings="0" inconclusive="0" skipped="0" asserts="68">
              <test-suite type="ParameterizedMethod" id="0-4878" name="ErrorInPattern" fullname="NUnit.Framework.Internal.Tests.TestNameGeneratorTests.ErrorInPattern" classname="NUnit.Framework.Internal.Tests.TestNameGeneratorTests" runstate="Runnable" testcasecount="9" result="Passed" start-time="2017-02-21 11:04:48Z" end-time="2017-02-21 11:04:48Z" duration="0.028866" total="9" passed="9" failed="0" warnings="0" inconclusive="0" skipped="0" asserts="9">
                <test-case id="0-4869" name="ErrorInPattern(&quot;{x}&quot;)" fullname="NUnit.Framework.Internal.Tests.TestNameGeneratorTests.ErrorInPattern(&quot;{x}&quot;)" methodname="ErrorInPattern" classname="NUnit.Framework.Internal.Tests.TestNameGeneratorTests" runstate="Runnable" seed="49719692" result="Passed" start-time="2017-02-21 11:04:48Z" end-time="2017-02-21 11:04:48Z" duration="0.000435" asserts="1" />
                <test-case id="0-4870" name="ErrorInPattern(&quot;{xy}&quot;)" fullname="NUnit.Framework.Internal.Tests.TestNameGeneratorTests.ErrorInPattern(&quot;{xy}&quot;)" methodname="ErrorInPattern" classname="NUnit.Framework.Internal.Tests.TestNameGeneratorTests" runstate="Runnable" seed="123245517" result="Passed" start-time="2017-02-21 11:04:48Z" end-time="2017-02-21 11:04:48Z" duration="0.000782" asserts="1" />
                <test-case id="0-4871" name="ErrorInPattern(&quot;{x:}&quot;)" fullname="NUnit.Framework.Internal.Tests.TestNameGeneratorTests.ErrorInPattern(&quot;{x:}&quot;)" methodname="ErrorInPattern" classname="NUnit.Framework.Internal.Tests.TestNameGeneratorTests" runstate="Runnable" seed="861691486" result="Passed" start-time="2017-02-21 11:04:48Z" end-time="2017-02-21 11:04:48Z" duration="0.000060" asserts="1" />
                <test-case id="0-4872" name="ErrorInPattern(&quot;{x:50}&quot;)" fullname="NUnit.Framework.Internal.Tests.TestNameGeneratorTests.ErrorInPattern(&quot;{x:50}&quot;)" methodname="ErrorInPattern" classname="NUnit.Framework.Internal.Tests.TestNameGeneratorTests" runstate="Runnable" seed="316663100" result="Passed" start-time="2017-02-21 11:04:48Z" end-time="2017-02-21 11:04:48Z" duration="0.000480" asserts="1" />
                <test-case id="0-4873" name="ErrorInPattern(&quot;{n}.{c.{m}&quot;)" fullname="NUnit.Framework.Internal.Tests.TestNameGeneratorTests.ErrorInPattern(&quot;{n}.{c.{m}&quot;)" methodname="ErrorInPattern" classname="NUnit.Framework.Internal.Tests.TestNameGeneratorTests" runstate="Runnable" seed="1340313397" result="Passed" start-time="2017-02-21 11:04:48Z" end-time="2017-02-21 11:04:48Z" duration="0.000202" asserts="1" />
                <test-case id="0-4874" name="ErrorInPattern(&quot;{m}{a:X}&quot;)" fullname="NUnit.Framework.Internal.Tests.TestNameGeneratorTests.ErrorInPattern(&quot;{m}{a:X}&quot;)" methodname="ErrorInPattern" classname="NUnit.Framework.Internal.Tests.TestNameGeneratorTests" runstate="Runnable" seed="601785870" result="Passed" start-time="2017-02-21 11:04:48Z" end-time="2017-02-21 11:04:48Z" duration="0.000138" asserts="1" />
                <test-case id="0-4875" name="ErrorInPattern(&quot;{m}{0:X}&quot;)" fullname="NUnit.Framework.Internal.Tests.TestNameGeneratorTests.ErrorInPattern(&quot;{m}{0:X}&quot;)" methodname="ErrorInPattern" classname="NUnit.Framework.Internal.Tests.TestNameGeneratorTests" runstate="Runnable" seed="783027770" result="Passed" start-time="2017-02-21 11:04:48Z" end-time="2017-02-21 11:04:48Z" duration="0.000358" asserts="1" />
                <test-case id="0-4876" name="ErrorInPattern(&quot;{m}{a:}&quot;)" fullname="NUnit.Framework.Internal.Tests.TestNameGeneratorTests.ErrorInPattern(&quot;{m}{a:}&quot;)" methodname="ErrorInPattern" classname="NUnit.Framework.Internal.Tests.TestNameGeneratorTests" runstate="Runnable" seed="888122027" result="Passed" start-time="2017-02-21 11:04:48Z" end-time="2017-02-21 11:04:48Z" duration="0.000076" asserts="1" />
                <test-case id="0-4877" name="ErrorInPattern(&quot;{m}{0:}&quot;)" fullname="NUnit.Framework.Internal.Tests.TestNameGeneratorTests.ErrorInPattern(&quot;{m}{0:}&quot;)" methodname="ErrorInPattern" classname="NUnit.Framework.Internal.Tests.TestNameGeneratorTests" runstate="Runnable" seed="294820810" result="Passed" start-time="2017-02-21 11:04:48Z" end-time="2017-02-21 11:04:48Z" duration="0.000059" asserts="1" />
              </test-suite>
              <test-suite type="ParameterizedMethod" id="0-4868" name="GenericTestNames" fullname="NUnit.Framework.Internal.Tests.TestNameGeneratorTests.GenericTestNames" classname="NUnit.Framework.Internal.Tests.TestNameGeneratorTests" runstate="Runnable" testcasecount="8" result="Passed" start-time="2017-02-21 11:04:48Z" end-time="2017-02-21 11:04:48Z" duration="0.024667" total="8" passed="8" failed="0" warnings="0" inconclusive="0" skipped="0" asserts="8">
                <test-case id="0-4860" name="GenericTestNames(&quot;FIXED&quot;)" fullname="NUnit.Framework.Internal.Tests.TestNameGeneratorTests.GenericTestNames(&quot;FIXED&quot;)" methodname="GenericTestNames" classname="NUnit.Framework.Internal.Tests.TestNameGeneratorTests" runstate="Runnable" seed="2027076346" result="Passed" start-time="2017-02-21 11:04:48Z" end-time="2017-02-21 11:04:48Z" duration="0.000793" asserts="1" />
                <test-case id="0-4861" name="GenericTestNames(&quot;{m}&quot;)" fullname="NUnit.Framework.Internal.Tests.TestNameGeneratorTests.GenericTestNames(&quot;{m}&quot;)" methodname="GenericTestNames" classname="NUnit.Framework.Internal.Tests.TestNameGeneratorTests" runstate="Runnable" seed="1803079085" result="Passed" start-time="2017-02-21 11:04:48Z" end-time="2017-02-21 11:04:48Z" duration="0.000102" asserts="1" />
                <test-case id="0-4862" name="GenericTestNames(&quot;{n}&quot;)" fullname="NUnit.Framework.Internal.Tests.TestNameGeneratorTests.GenericTestNames(&quot;{n}&quot;)" methodname="GenericTestNames" classname="NUnit.Framework.Internal.Tests.TestNameGeneratorTests" runstate="Runnable" seed="630127554" result="Passed" start-time="2017-02-21 11:04:48Z" end-time="2017-02-21 11:04:48Z" duration="0.000480" asserts="1" />
                <test-case id="0-4863" name="GenericTestNames(&quot;{c}&quot;)" fullname="NUnit.Framework.Internal.Tests.TestNameGeneratorTests.GenericTestNames(&quot;{c}&quot;)" methodname="GenericTestNames" classname="NUnit.Framework.Internal.Tests.TestNameGeneratorTests" runstate="Runnable" seed="1077810583" result="Passed" start-time="2017-02-21 11:04:48Z" end-time="2017-02-21 11:04:48Z" duration="0.000200" asserts="1" />
                <test-case id="0-4864" name="GenericTestNames(&quot;{C}&quot;)" fullname="NUnit.Framework.Internal.Tests.TestNameGeneratorTests.GenericTestNames(&quot;{C}&quot;)" methodname="GenericTestNames" classname="NUnit.Framework.Internal.Tests.TestNameGeneratorTests" runstate="Runnable" seed="870312797" result="Passed" start-time="2017-02-21 11:04:48Z" end-time="2017-02-21 11:04:48Z" duration="0.000813" asserts="1" />
                <test-case id="0-4865" name="GenericTestNames(&quot;{M}&quot;)" fullname="NUnit.Framework.Internal.Tests.TestNameGeneratorTests.GenericTestNames(&quot;{M}&quot;)" methodname="GenericTestNames" classname="NUnit.Framework.Internal.Tests.TestNameGeneratorTests" runstate="Runnable" seed="1910654279" result="Passed" start-time="2017-02-21 11:04:48Z" end-time="2017-02-21 11:04:48Z" duration="0.000232" asserts="1" />
                <test-case id="0-4866" name="GenericTestNames(&quot;{m}_SpecialCase&quot;)" fullname="NUnit.Framework.Internal.Tests.TestNameGeneratorTests.GenericTestNames(&quot;{m}_SpecialCase&quot;)" methodname="GenericTestNames" classname="NUnit.Framework.Internal.Tests.TestNameGeneratorTests" runstate="Runnable" seed="1794750082" result="Passed" start-time="2017-02-21 11:04:48Z" end-time="2017-02-21 11:04:48Z" duration="0.000062" asserts="1" />
                <test-case id="0-4867" name="GenericTestNames(&quot;{n}.{c}.{m}&quot;)" fullname="NUnit.Framework.Internal.Tests.TestNameGeneratorTests.GenericTestNames(&quot;{n}.{c}.{m}&quot;)" methodname="GenericTestNames" classname="NUnit.Framework.Internal.Tests.TestNameGeneratorTests" runstate="Runnable" seed="1815638797" result="Passed" start-time="2017-02-21 11:04:48Z" end-time="2017-02-21 11:04:48Z" duration="0.000069" asserts="1" />
              </test-suite>
              <test-suite type="ParameterizedMethod" id="0-4859" name="ParameterizedTests" fullname="NUnit.Framework.Internal.Tests.TestNameGeneratorTests.ParameterizedTests" classname="NUnit.Framework.Internal.Tests.TestNameGeneratorTests" runstate="Runnable" testcasecount="13" result="Passed" start-time="2017-02-21 11:04:48Z" end-time="2017-02-21 11:04:48Z" duration="0.046981" total="13" passed="13" failed="0" warnings="0" inconclusive="0" skipped="0" asserts="13">
                <test-case id="0-4846" name="ParameterizedTests(&quot;{m}{a}&quot;,System.Object[])" fullname="NUnit.Framework.Internal.Tests.TestNameGeneratorTests.ParameterizedTests(&quot;{m}{a}&quot;,System.Object[])" methodname="ParameterizedTests" classname="NUnit.Framework.Internal.Tests.TestNameGeneratorTests" runstate="Runnable" seed="1026045354" result="Passed" start-time="2017-02-21 11:04:48Z" end-time="2017-02-21 11:04:48Z" duration="0.002740" asserts="1" />
                <test-case id="0-4847" name="ParameterizedTests(&quot;{m}{a:50}&quot;,System.Object[])" fullname="NUnit.Framework.Internal.Tests.TestNameGeneratorTests.ParameterizedTests(&quot;{m}{a:50}&quot;,System.Object[])" methodname="ParameterizedTests" classname="NUnit.Framework.Internal.Tests.TestNameGeneratorTests" runstate="Runnable" seed="799868984" result="Passed" start-time="2017-02-21 11:04:48Z" end-time="2017-02-21 11:04:48Z" duration="0.000095" asserts="1" />
                <test-case id="0-4848" name="ParameterizedTests(&quot;{m}{a}&quot;,System.Object[])" fullname="NUnit.Framework.Internal.Tests.TestNameGeneratorTests.ParameterizedTests(&quot;{m}{a}&quot;,System.Object[])" methodname="ParameterizedTests" classname="NUnit.Framework.Internal.Tests.TestNameGeneratorTests" runstate="Runnable" seed="1120462265" result="Passed" start-time="2017-02-21 11:04:48Z" end-time="2017-02-21 11:04:48Z" duration="0.000145" asserts="1" />
                <test-case id="0-4849" name="ParameterizedTests(&quot;{m}{a:20}&quot;,System.Object[])" fullname="NUnit.Framework.Internal.Tests.TestNameGeneratorTests.ParameterizedTests(&quot;{m}{a:20}&quot;,System.Object[])" methodname="ParameterizedTests" classname="NUnit.Framework.Internal.Tests.TestNameGeneratorTests" runstate="Runnable" seed="1677665125" result="Passed" start-time="2017-02-21 11:04:48Z" end-time="2017-02-21 11:04:48Z" duration="0.000094" asserts="1" />
                <test-case id="0-4850" name="ParameterizedTests(&quot;{m}{a:40}&quot;,System.Object[])" fullname="NUnit.Framework.Internal.Tests.TestNameGeneratorTests.ParameterizedTests(&quot;{m}{a:40}&quot;,System.Object[])" methodname="ParameterizedTests" classname="NUnit.Framework.Internal.Tests.TestNameGeneratorTests" runstate="Runnable" seed="323252550" result="Passed" start-time="2017-02-21 11:04:48Z" end-time="2017-02-21 11:04:48Z" duration="0.002733" asserts="1" />
                <test-case id="0-4851" name="ParameterizedTests(&quot;{m}{a:100}&quot;,System.Object[])" fullname="NUnit.Framework.Internal.Tests.TestNameGeneratorTests.ParameterizedTests(&quot;{m}{a:100}&quot;,System.Object[])" methodname="ParameterizedTests" classname="NUnit.Framework.Internal.Tests.TestNameGeneratorTests" runstate="Runnable" seed="1703623714" result="Passed" start-time="2017-02-21 11:04:48Z" end-time="2017-02-21 11:04:48Z" duration="0.000119" asserts="1" />
                <test-case id="0-4852" name="ParameterizedTests(&quot;{m}{a:20}&quot;,System.Object[])" fullname="NUnit.Framework.Internal.Tests.TestNameGeneratorTests.ParameterizedTests(&quot;{m}{a:20}&quot;,System.Object[])" methodname="ParameterizedTests" classname="NUnit.Framework.Internal.Tests.TestNameGeneratorTests" runstate="Runnable" seed="1176704119" result="Passed" start-time="2017-02-21 11:04:48Z" end-time="2017-02-21 11:04:48Z" duration="0.000096" asserts="1" />
                <test-case id="0-4853" name="ParameterizedTests(&quot;{m}{a:20}%{i}&quot;,System.Object[])" fullname="NUnit.Framework.Internal.Tests.TestNameGeneratorTests.ParameterizedTests(&quot;{m}{a:20}%{i}&quot;,System.Object[])" methodname="ParameterizedTests" classname="NUnit.Framework.Internal.Tests.TestNameGeneratorTests" runstate="Runnable" seed="931862732" result="Passed" start-time="2017-02-21 11:04:48Z" end-time="2017-02-21 11:04:48Z" duration="0.001574" asserts="1" />
                <test-case id="0-4854" name="ParameterizedTests(&quot;{m}({0})&quot;,System.Object[])" fullname="NUnit.Framework.Internal.Tests.TestNameGeneratorTests.ParameterizedTests(&quot;{m}({0})&quot;,System.Object[])" methodname="ParameterizedTests" classname="NUnit.Framework.Internal.Tests.TestNameGeneratorTests" runstate="Runnable" seed="1300283528" result="Passed" start-time="2017-02-21 11:04:48Z" end-time="2017-02-21 11:04:48Z" duration="0.000393" asserts="1" />
                <test-case id="0-4855" name="ParameterizedTests(&quot;{m}({1})&quot;,System.Object[])" fullname="NUnit.Framework.Internal.Tests.TestNameGeneratorTests.ParameterizedTests(&quot;{m}({1})&quot;,System.Object[])" methodname="ParameterizedTests" classname="NUnit.Framework.Internal.Tests.TestNameGeneratorTests" runstate="Runnable" seed="871704425" result="Passed" start-time="2017-02-21 11:04:48Z" end-time="2017-02-21 11:04:48Z" duration="0.000246" asserts="1" />
                <test-case id="0-4856" name="ParameterizedTests(&quot;{m}({2})&quot;,System.Object[])" fullname="NUnit.Framework.Internal.Tests.TestNameGeneratorTests.ParameterizedTests(&quot;{m}({2})&quot;,System.Object[])" methodname="ParameterizedTests" classname="NUnit.Framework.Internal.Tests.TestNameGeneratorTests" runstate="Runnable" seed="1201698718" result="Passed" start-time="2017-02-21 11:04:48Z" end-time="2017-02-21 11:04:48Z" duration="0.000674" asserts="1" />
                <test-case id="0-4857" name="ParameterizedTests(&quot;{m}({3})&quot;,System.Object[])" fullname="NUnit.Framework.Internal.Tests.TestNameGeneratorTests.ParameterizedTests(&quot;{m}({3})&quot;,System.Object[])" methodname="ParameterizedTests" classname="NUnit.Framework.Internal.Tests.TestNameGeneratorTests" runstate="Runnable" seed="692065250" result="Passed" start-time="2017-02-21 11:04:48Z" end-time="2017-02-21 11:04:48Z" duration="0.000072" asserts="1" />
                <test-case id="0-4858" name="ParameterizedTests(&quot;{m}({1:20})&quot;,System.Object[])" fullname="NUnit.Framework.Internal.Tests.TestNameGeneratorTests.ParameterizedTests(&quot;{m}({1:20})&quot;,System.Object[])" methodname="ParameterizedTests" classname="NUnit.Framework.Internal.Tests.TestNameGeneratorTests" runstate="Runnable" seed="1558955572" result="Passed" start-time="2017-02-21 11:04:48Z" end-time="2017-02-21 11:04:48Z" duration="0.000700" asserts="1" />
              </test-suite>
              <test-suite type="ParameterizedMethod" id="0-4845" name="SimpleTestNames" fullname="NUnit.Framework.Internal.Tests.TestNameGeneratorTests.SimpleTestNames" classname="NUnit.Framework.Internal.Tests.TestNameGeneratorTests" runstate="Runnable" testcasecount="12" result="Passed" start-time="2017-02-21 11:04:48Z" end-time="2017-02-21 11:04:48Z" duration="0.036974" total="12" passed="12" failed="0" warnings="0" inconclusive="0" skipped="0" asserts="12">
                <test-case id="0-4833" name="SimpleTestNames(&quot;FIXED&quot;)" fullname="NUnit.Framework.Internal.Tests.TestNameGeneratorTests.SimpleTestNames(&quot;FIXED&quot;)" methodname="SimpleTestNames" classname="NUnit.Framework.Internal.Tests.TestNameGeneratorTests" runstate="Runnable" seed="877095544" result="Passed" start-time="2017-02-21 11:04:48Z" end-time="2017-02-21 11:04:48Z" duration="0.000374" asserts="1" />
                <test-case id="0-4834" name="SimpleTestNames(&quot;{m}&quot;)" fullname="NUnit.Framework.Internal.Tests.TestNameGeneratorTests.SimpleTestNames(&quot;{m}&quot;)" methodname="SimpleTestNames" classname="NUnit.Framework.Internal.Tests.TestNameGeneratorTests" runstate="Runnable" seed="1627559887" result="Passed" start-time="2017-02-21 11:04:48Z" end-time="2017-02-21 11:04:48Z" duration="0.000092" asserts="1" />
                <test-case id="0-4835" name="SimpleTestNames(&quot;{n}&quot;)" fullname="NUnit.Framework.Internal.Tests.TestNameGeneratorTests.SimpleTestNames(&quot;{n}&quot;)" methodname="SimpleTestNames" classname="NUnit.Framework.Internal.Tests.TestNameGeneratorTests" runstate="Runnable" seed="1680127508" result="Passed" start-time="2017-02-21 11:04:48Z" end-time="2017-02-21 11:04:48Z" duration="0.000256" asserts="1" />
                <test-case id="0-4836" name="SimpleTestNames(&quot;{c}&quot;)" fullname="NUnit.Framework.Internal.Tests.TestNameGeneratorTests.SimpleTestNames(&quot;{c}&quot;)" methodname="SimpleTestNames" classname="NUnit.Framework.Internal.Tests.TestNameGeneratorTests" runstate="Runnable" seed="997568660" result="Passed" start-time="2017-02-21 11:04:48Z" end-time="2017-02-21 11:04:48Z" duration="0.000264" asserts="1" />
                <test-case id="0-4837" name="SimpleTestNames(&quot;{C}&quot;)" fullname="NUnit.Framework.Internal.Tests.TestNameGeneratorTests.SimpleTestNames(&quot;{C}&quot;)" methodname="SimpleTestNames" classname="NUnit.Framework.Internal.Tests.TestNameGeneratorTests" runstate="Runnable" seed="515000393" result="Passed" start-time="2017-02-21 11:04:48Z" end-time="2017-02-21 11:04:48Z" duration="0.000076" asserts="1" />
                <test-case id="0-4838" name="SimpleTestNames(&quot;{M}&quot;)" fullname="NUnit.Framework.Internal.Tests.TestNameGeneratorTests.SimpleTestNames(&quot;{M}&quot;)" methodname="SimpleTestNames" classname="NUnit.Framework.Internal.Tests.TestNameGeneratorTests" runstate="Runnable" seed="1212257595" result="Passed" start-time="2017-02-21 11:04:48Z" end-time="2017-02-21 11:04:48Z" duration="0.000080" asserts="1" />
                <test-case id="0-4839" name="SimpleTestNames(&quot;{m}_SpecialCase&quot;)" fullname="NUnit.Framework.Internal.Tests.TestNameGeneratorTests.SimpleTestNames(&quot;{m}_SpecialCase&quot;)" methodname="SimpleTestNames" classname="NUnit.Framework.Internal.Tests.TestNameGeneratorTests" runstate="Runnable" seed="356444203" result="Passed" start-time="2017-02-21 11:04:48Z" end-time="2017-02-21 11:04:48Z" duration="0.000117" asserts="1" />
                <test-case id="0-4840" name="SimpleTestNames(&quot;{n}.{c}.{m}&quot;)" fullname="NUnit.Framework.Internal.Tests.TestNameGeneratorTests.SimpleTestNames(&quot;{n}.{c}.{m}&quot;)" methodname="SimpleTestNames" classname="NUnit.Framework.Internal.Tests.TestNameGeneratorTests" runstate="Runnable" seed="1740425877" result="Passed" start-time="2017-02-21 11:04:48Z" end-time="2017-02-21 11:04:48Z" duration="0.000119" asserts="1" />
                <test-case id="0-4841" name="SimpleTestNames(&quot;{x}&quot;)" fullname="NUnit.Framework.Internal.Tests.TestNameGeneratorTests.SimpleTestNames(&quot;{x}&quot;)" methodname="SimpleTestNames" classname="NUnit.Framework.Internal.Tests.TestNameGeneratorTests" runstate="Runnable" seed="932252069" result="Passed" start-time="2017-02-21 11:04:48Z" end-time="2017-02-21 11:04:48Z" duration="0.000073" asserts="1" />
                <test-case id="0-4842" name="SimpleTestNames(&quot;{n}.{c.{m}&quot;)" fullname="NUnit.Framework.Internal.Tests.TestNameGeneratorTests.SimpleTestNames(&quot;{n}.{c.{m}&quot;)" methodname="SimpleTestNames" classname="NUnit.Framework.Internal.Tests.TestNameGeneratorTests" runstate="Runnable" seed="1475558002" result="Passed" start-time="2017-02-21 11:04:48Z" end-time="2017-02-21 11:04:48Z" duration="0.000250" asserts="1" />
                <test-case id="0-4843" name="SimpleTestNames(&quot;{m}{a}&quot;)" fullname="NUnit.Framework.Internal.Tests.TestNameGeneratorTests.SimpleTestNames(&quot;{m}{a}&quot;)" methodname="SimpleTestNames" classname="NUnit.Framework.Internal.Tests.TestNameGeneratorTests" runstate="Runnable" seed="1899985831" result="Passed" start-time="2017-02-21 11:04:48Z" end-time="2017-02-21 11:04:48Z" duration="0.000084" asserts="1" />
                <test-case id="0-4844" name="SimpleTestNames(&quot;{i}&quot;)" fullname="NUnit.Framework.Internal.Tests.TestNameGeneratorTests.SimpleTestNames(&quot;{i}&quot;)" methodname="SimpleTestNames" classname="NUnit.Framework.Internal.Tests.TestNameGeneratorTests" runstate="Runnable" seed="738112537" result="Passed" start-time="2017-02-21 11:04:48Z" end-time="2017-02-21 11:04:48Z" duration="0.000085" asserts="1" />
              </test-suite>
              <test-suite type="ParameterizedMethod" id="0-4905" name="SpecialNamedValues" fullname="NUnit.Framework.Internal.Tests.TestNameGeneratorTests.SpecialNamedValues" classname="NUnit.Framework.Internal.Tests.TestNameGeneratorTests" runstate="Runnable" testcasecount="26" result="Passed" start-time="2017-02-21 11:04:48Z" end-time="2017-02-21 11:04:48Z" duration="0.084860" total="26" passed="26" failed="0" warnings="0" inconclusive="0" skipped="0" asserts="26">
                <test-case id="0-4879" name="SpecialNamedValues(double.MaxValue)" fullname="NUnit.Framework.Internal.Tests.TestNameGeneratorTests.SpecialNamedValues(double.MaxValue)" methodname="SpecialNamedValues" classname="NUnit.Framework.Internal.Tests.TestNameGeneratorTests" runstate="Runnable" seed="2138096569" result="Passed" start-time="2017-02-21 11:04:48Z" end-time="2017-02-21 11:04:48Z" duration="0.000535" asserts="1" />
                <test-case id="0-4880" name="SpecialNamedValues(double.MinValue)" fullname="NUnit.Framework.Internal.Tests.TestNameGeneratorTests.SpecialNamedValues(double.MinValue)" methodname="SpecialNamedValues" classname="NUnit.Framework.Internal.Tests.TestNameGeneratorTests" runstate="Runnable" seed="1006466737" result="Passed" start-time="2017-02-21 11:04:48Z" end-time="2017-02-21 11:04:48Z" duration="0.000112" asserts="1" />
                <test-case id="0-4881" name="SpecialNamedValues(double.NaN)" fullname="NUnit.Framework.Internal.Tests.TestNameGeneratorTests.SpecialNamedValues(double.NaN)" methodname="SpecialNamedValues" classname="NUnit.Framework.Internal.Tests.TestNameGeneratorTests" runstate="Runnable" seed="1580921632" result="Passed" start-time="2017-02-21 11:04:48Z" end-time="2017-02-21 11:04:48Z" duration="0.000108" asserts="1" />
                <test-case id="0-4882" name="SpecialNamedValues(double.PositiveInfinity)" fullname="NUnit.Framework.Internal.Tests.TestNameGeneratorTests.SpecialNamedValues(double.PositiveInfinity)" methodname="SpecialNamedValues" classname="NUnit.Framework.Internal.Tests.TestNameGeneratorTests" runstate="Runnable" seed="2067573189" result="Passed" start-time="2017-02-21 11:04:48Z" end-time="2017-02-21 11:04:48Z" duration="0.000074" asserts="1" />
                <test-case id="0-4883" name="SpecialNamedValues(double.NegativeInfinity)" fullname="NUnit.Framework.Internal.Tests.TestNameGeneratorTests.SpecialNamedValues(double.NegativeInfinity)" methodname="SpecialNamedValues" classname="NUnit.Framework.Internal.Tests.TestNameGeneratorTests" runstate="Runnable" seed="1166873632" result="Passed" start-time="2017-02-21 11:04:48Z" end-time="2017-02-21 11:04:48Z" duration="0.000116" asserts="1" />
                <test-case id="0-4884" name="SpecialNamedValues(float.MaxValue)" fullname="NUnit.Framework.Internal.Tests.TestNameGeneratorTests.SpecialNamedValues(float.MaxValue)" methodname="SpecialNamedValues" classname="NUnit.Framework.Internal.Tests.TestNameGeneratorTests" runstate="Runnable" seed="630896110" result="Passed" start-time="2017-02-21 11:04:48Z" end-time="2017-02-21 11:04:48Z" duration="0.000124" asserts="1" />
                <test-case id="0-4885" name="SpecialNamedValues(float.MinValue)" fullname="NUnit.Framework.Internal.Tests.TestNameGeneratorTests.SpecialNamedValues(float.MinValue)" methodname="SpecialNamedValues" classname="NUnit.Framework.Internal.Tests.TestNameGeneratorTests" runstate="Runnable" seed="1014144298" result="Passed" start-time="2017-02-21 11:04:48Z" end-time="2017-02-21 11:04:48Z" duration="0.001157" asserts="1" />
                <test-case id="0-4886" name="SpecialNamedValues(float.NaN)" fullname="NUnit.Framework.Internal.Tests.TestNameGeneratorTests.SpecialNamedValues(float.NaN)" methodname="SpecialNamedValues" classname="NUnit.Framework.Internal.Tests.TestNameGeneratorTests" runstate="Runnable" seed="815238219" result="Passed" start-time="2017-02-21 11:04:48Z" end-time="2017-02-21 11:04:48Z" duration="0.000121" asserts="1" />
                <test-case id="0-4887" name="SpecialNamedValues(float.PositiveInfinity)" fullname="NUnit.Framework.Internal.Tests.TestNameGeneratorTests.SpecialNamedValues(float.PositiveInfinity)" methodname="SpecialNamedValues" classname="NUnit.Framework.Internal.Tests.TestNameGeneratorTests" runstate="Runnable" seed="619911891" result="Passed" start-time="2017-02-21 11:04:48Z" end-time="2017-02-21 11:04:48Z" duration="0.000145" asserts="1" />
                <test-case id="0-4888" name="SpecialNamedValues(float.NegativeInfinity)" fullname="NUnit.Framework.Internal.Tests.TestNameGeneratorTests.SpecialNamedValues(float.NegativeInfinity)" methodname="SpecialNamedValues" classname="NUnit.Framework.Internal.Tests.TestNameGeneratorTests" runstate="Runnable" seed="1136407562" result="Passed" start-time="2017-02-21 11:04:48Z" end-time="2017-02-21 11:04:48Z" duration="0.000121" asserts="1" />
                <test-case id="0-4889" name="SpecialNamedValues(int.MaxValue)" fullname="NUnit.Framework.Internal.Tests.TestNameGeneratorTests.SpecialNamedValues(int.MaxValue)" methodname="SpecialNamedValues" classname="NUnit.Framework.Internal.Tests.TestNameGeneratorTests" runstate="Runnable" seed="167967361" result="Passed" start-time="2017-02-21 11:04:48Z" end-time="2017-02-21 11:04:48Z" duration="0.000120" asserts="1" />
                <test-case id="0-4890" name="SpecialNamedValues(int.MinValue)" fullname="NUnit.Framework.Internal.Tests.TestNameGeneratorTests.SpecialNamedValues(int.MinValue)" methodname="SpecialNamedValues" classname="NUnit.Framework.Internal.Tests.TestNameGeneratorTests" runstate="Runnable" seed="2038024336" result="Passed" start-time="2017-02-21 11:04:48Z" end-time="2017-02-21 11:04:48Z" duration="0.000171" asserts="1" />
                <test-case id="0-4891" name="SpecialNamedValues(uint.MaxValue)" fullname="NUnit.Framework.Internal.Tests.TestNameGeneratorTests.SpecialNamedValues(uint.MaxValue)" methodname="SpecialNamedValues" classname="NUnit.Framework.Internal.Tests.TestNameGeneratorTests" runstate="Runnable" seed="1865098956" result="Passed" start-time="2017-02-21 11:04:48Z" end-time="2017-02-21 11:04:48Z" duration="0.000153" asserts="1" />
                <test-case id="0-4892" name="SpecialNamedValues(uint.MinValue)" fullname="NUnit.Framework.Internal.Tests.TestNameGeneratorTests.SpecialNamedValues(uint.MinValue)" methodname="SpecialNamedValues" classname="NUnit.Framework.Internal.Tests.TestNameGeneratorTests" runstate="Runnable" seed="515640367" result="Passed" start-time="2017-02-21 11:04:48Z" end-time="2017-02-21 11:04:48Z" duration="0.000172" asserts="1" />
                <test-case id="0-4893" name="SpecialNamedValues(long.MaxValue)" fullname="NUnit.Framework.Internal.Tests.TestNameGeneratorTests.SpecialNamedValues(long.MaxValue)" methodname="SpecialNamedValues" classname="NUnit.Framework.Internal.Tests.TestNameGeneratorTests" runstate="Runnable" seed="1621417502" result="Passed" start-time="2017-02-21 11:04:48Z" end-time="2017-02-21 11:04:48Z" duration="0.000143" asserts="1" />
                <test-case id="0-4894" name="SpecialNamedValues(long.MinValue)" fullname="NUnit.Framework.Internal.Tests.TestNameGeneratorTests.SpecialNamedValues(long.MinValue)" methodname="SpecialNamedValues" classname="NUnit.Framework.Internal.Tests.TestNameGeneratorTests" runstate="Runnable" seed="2036447050" result="Passed" start-time="2017-02-21 11:04:48Z" end-time="2017-02-21 11:04:48Z" duration="0.000592" asserts="1" />
                <test-case id="0-4895" name="SpecialNamedValues(ulong.MaxValue)" fullname="NUnit.Framework.Internal.Tests.TestNameGeneratorTests.SpecialNamedValues(ulong.MaxValue)" methodname="SpecialNamedValues" classname="NUnit.Framework.Internal.Tests.TestNameGeneratorTests" runstate="Runnable" seed="1496942338" result="Passed" start-time="2017-02-21 11:04:48Z" end-time="2017-02-21 11:04:48Z" duration="0.000362" asserts="1" />
                <test-case id="0-4896" name="SpecialNamedValues(ulong.MinValue)" fullname="NUnit.Framework.Internal.Tests.TestNameGeneratorTests.SpecialNamedValues(ulong.MinValue)" methodname="SpecialNamedValues" classname="NUnit.Framework.Internal.Tests.TestNameGeneratorTests" runstate="Runnable" seed="1861720061" result="Passed" start-time="2017-02-21 11:04:48Z" end-time="2017-02-21 11:04:48Z" duration="0.000540" asserts="1" />
                <test-case id="0-4897" name="SpecialNamedValues(short.MaxValue)" fullname="NUnit.Framework.Internal.Tests.TestNameGeneratorTests.SpecialNamedValues(short.MaxValue)" methodname="SpecialNamedValues" classname="NUnit.Framework.Internal.Tests.TestNameGeneratorTests" runstate="Runnable" seed="1957342965" result="Passed" start-time="2017-02-21 11:04:48Z" end-time="2017-02-21 11:04:48Z" duration="0.000163" asserts="1" />
                <test-case id="0-4898" name="SpecialNamedValues(short.MinValue)" fullname="NUnit.Framework.Internal.Tests.TestNameGeneratorTests.SpecialNamedValues(short.MinValue)" methodname="SpecialNamedValues" classname="NUnit.Framework.Internal.Tests.TestNameGeneratorTests" runstate="Runnable" seed="441784933" result="Passed" start-time="2017-02-21 11:04:48Z" end-time="2017-02-21 11:04:48Z" duration="0.000128" asserts="1" />
                <test-case id="0-4899" name="SpecialNamedValues(ushort.MaxValue)" fullname="NUnit.Framework.Internal.Tests.TestNameGeneratorTests.SpecialNamedValues(ushort.MaxValue)" methodname="SpecialNamedValues" classname="NUnit.Framework.Internal.Tests.TestNameGeneratorTests" runstate="Runnable" seed="387053804" result="Passed" start-time="2017-02-21 11:04:48Z" end-time="2017-02-21 11:04:48Z" duration="0.000121" asserts="1" />
                <test-case id="0-4900" name="SpecialNamedValues(ushort.MinValue)" fullname="NUnit.Framework.Internal.Tests.TestNameGeneratorTests.SpecialNamedValues(ushort.MinValue)" methodname="SpecialNamedValues" classname="NUnit.Framework.Internal.Tests.TestNameGeneratorTests" runstate="Runnable" seed="397803388" result="Passed" start-time="2017-02-21 11:04:48Z" end-time="2017-02-21 11:04:48Z" duration="0.000129" asserts="1" />
                <test-case id="0-4901" name="SpecialNamedValues(byte.MaxValue)" fullname="NUnit.Framework.Internal.Tests.TestNameGeneratorTests.SpecialNamedValues(byte.MaxValue)" methodname="SpecialNamedValues" classname="NUnit.Framework.Internal.Tests.TestNameGeneratorTests" runstate="Runnable" seed="770002103" result="Passed" start-time="2017-02-21 11:04:48Z" end-time="2017-02-21 11:04:48Z" duration="0.000129" asserts="1" />
                <test-case id="0-4902" name="SpecialNamedValues(byte.MinValue)" fullname="NUnit.Framework.Internal.Tests.TestNameGeneratorTests.SpecialNamedValues(byte.MinValue)" methodname="SpecialNamedValues" classname="NUnit.Framework.Internal.Tests.TestNameGeneratorTests" runstate="Runnable" seed="201178439" result="Passed" start-time="2017-02-21 11:04:48Z" end-time="2017-02-21 11:04:48Z" duration="0.000391" asserts="1" />
                <test-case id="0-4903" name="SpecialNamedValues(sbyte.MaxValue)" fullname="NUnit.Framework.Internal.Tests.TestNameGeneratorTests.SpecialNamedValues(sbyte.MaxValue)" methodname="SpecialNamedValues" classname="NUnit.Framework.Internal.Tests.TestNameGeneratorTests" runstate="Runnable" seed="482854472" result="Passed" start-time="2017-02-21 11:04:48Z" end-time="2017-02-21 11:04:48Z" duration="0.000152" asserts="1" />
                <test-case id="0-4904" name="SpecialNamedValues(sbyte.MinValue)" fullname="NUnit.Framework.Internal.Tests.TestNameGeneratorTests.SpecialNamedValues(sbyte.MinValue)" methodname="SpecialNamedValues" classname="NUnit.Framework.Internal.Tests.TestNameGeneratorTests" runstate="Runnable" seed="966531507" result="Passed" start-time="2017-02-21 11:04:48Z" end-time="2017-02-21 11:04:48Z" duration="0.000152" asserts="1" />
              </test-suite>
            </test-suite>
          </test-suite>
          <test-suite type="GenericFixture" id="0-5047" name="TypeParameterUsedWithTestMethod&lt;T&gt;" fullname="NUnit.Framework.Internal.TypeParameterUsedWithTestMethod&lt;T&gt;" runstate="Runnable" testcasecount="2" result="Passed" start-time="2017-02-21 11:04:43Z" end-time="2017-02-21 11:04:48Z" duration="5.452459" total="2" passed="2" failed="0" warnings="0" inconclusive="0" skipped="0" asserts="2">
            <test-suite type="TestFixture" id="0-5043" name="TypeParameterUsedWithTestMethod&lt;Double&gt;" fullname="NUnit.Framework.Internal.TypeParameterUsedWithTestMethod&lt;Double&gt;" classname="NUnit.Framework.Internal.TypeParameterUsedWithTestMethod`1" runstate="Runnable" testcasecount="2" result="Passed" start-time="2017-02-21 11:04:48Z" end-time="2017-02-21 11:04:48Z" duration="0.012206" total="2" passed="2" failed="0" warnings="0" inconclusive="0" skipped="0" asserts="2">
              <properties>
                <property name="Category" value="Generics" />
              </properties>
              <test-suite type="ParameterizedMethod" id="0-5046" name="TestMyArgType" fullname="NUnit.Framework.Internal.TypeParameterUsedWithTestMethod`1[[System.Double, mscorlib, Version=4.0.0.0, Culture=neutral, PublicKeyToken=b77a5c561934e089]].TestMyArgType" classname="NUnit.Framework.Internal.TypeParameterUsedWithTestMethod`1" runstate="Runnable" testcasecount="2" result="Passed" start-time="2017-02-21 11:04:48Z" end-time="2017-02-21 11:04:48Z" duration="0.008132" total="2" passed="2" failed="0" warnings="0" inconclusive="0" skipped="0" asserts="2">
                <test-case id="0-5044" name="TestMyArgType(5)" fullname="NUnit.Framework.Internal.TypeParameterUsedWithTestMethod&lt;Double&gt;.TestMyArgType(5)" methodname="TestMyArgType" classname="NUnit.Framework.Internal.TypeParameterUsedWithTestMethod`1" runstate="Runnable" seed="1294606271" result="Passed" start-time="2017-02-21 11:04:48Z" end-time="2017-02-21 11:04:48Z" duration="0.000425" asserts="1" />
                <test-case id="0-5045" name="TestMyArgType(1.23d)" fullname="NUnit.Framework.Internal.TypeParameterUsedWithTestMethod&lt;Double&gt;.TestMyArgType(1.23d)" methodname="TestMyArgType" classname="NUnit.Framework.Internal.TypeParameterUsedWithTestMethod`1" runstate="Runnable" seed="1065741128" result="Passed" start-time="2017-02-21 11:04:48Z" end-time="2017-02-21 11:04:48Z" duration="0.000050" asserts="1" />
              </test-suite>
            </test-suite>
          </test-suite>
          <test-suite type="TestFixture" id="0-5048" name="UnexpectedExceptionTests" fullname="NUnit.Framework.Internal.UnexpectedExceptionTests" classname="NUnit.Framework.Internal.UnexpectedExceptionTests" runstate="Runnable" testcasecount="6" result="Passed" start-time="2017-02-21 11:04:48Z" end-time="2017-02-21 11:04:48Z" duration="0.041575" total="6" passed="6" failed="0" warnings="0" inconclusive="0" skipped="0" asserts="6">
            <test-case id="0-5053" name="BadStackTraceIsHandled" fullname="NUnit.Framework.Internal.UnexpectedExceptionTests.BadStackTraceIsHandled" methodname="BadStackTraceIsHandled" classname="NUnit.Framework.Internal.UnexpectedExceptionTests" runstate="Runnable" seed="539847681" result="Passed" start-time="2017-02-21 11:04:48Z" end-time="2017-02-21 11:04:48Z" duration="0.003917" asserts="1" />
            <test-case id="0-5054" name="CustomExceptionIsHandled" fullname="NUnit.Framework.Internal.UnexpectedExceptionTests.CustomExceptionIsHandled" methodname="CustomExceptionIsHandled" classname="NUnit.Framework.Internal.UnexpectedExceptionTests" runstate="Runnable" seed="2085849404" result="Passed" start-time="2017-02-21 11:04:48Z" end-time="2017-02-21 11:04:48Z" duration="0.017512" asserts="1" />
            <test-case id="0-5049" name="FailRecordsInnerException" fullname="NUnit.Framework.Internal.UnexpectedExceptionTests.FailRecordsInnerException" methodname="FailRecordsInnerException" classname="NUnit.Framework.Internal.UnexpectedExceptionTests" runstate="Runnable" seed="1369368799" result="Passed" start-time="2017-02-21 11:04:48Z" end-time="2017-02-21 11:04:48Z" duration="0.000822" asserts="1" />
            <test-case id="0-5051" name="FailRecordsInnerExceptionsAsPartOfAggregateException" fullname="NUnit.Framework.Internal.UnexpectedExceptionTests.FailRecordsInnerExceptionsAsPartOfAggregateException" methodname="FailRecordsInnerExceptionsAsPartOfAggregateException" classname="NUnit.Framework.Internal.UnexpectedExceptionTests" runstate="Runnable" seed="1288928807" result="Passed" start-time="2017-02-21 11:04:48Z" end-time="2017-02-21 11:04:48Z" duration="0.001711" asserts="1" />
            <test-case id="0-5050" name="FailRecordsNestedInnerException" fullname="NUnit.Framework.Internal.UnexpectedExceptionTests.FailRecordsNestedInnerException" methodname="FailRecordsNestedInnerException" classname="NUnit.Framework.Internal.UnexpectedExceptionTests" runstate="Runnable" seed="29463947" result="Passed" start-time="2017-02-21 11:04:48Z" end-time="2017-02-21 11:04:48Z" duration="0.001209" asserts="1" />
            <test-case id="0-5052" name="FailRecordsNestedInnerExceptionAsPartOfAggregateException" fullname="NUnit.Framework.Internal.UnexpectedExceptionTests.FailRecordsNestedInnerExceptionAsPartOfAggregateException" methodname="FailRecordsNestedInnerExceptionAsPartOfAggregateException" classname="NUnit.Framework.Internal.UnexpectedExceptionTests" runstate="Runnable" seed="1612792696" result="Passed" start-time="2017-02-21 11:04:48Z" end-time="2017-02-21 11:04:48Z" duration="0.000847" asserts="1" />
          </test-suite>
          <test-suite type="TestFixture" id="0-5019" name="TypeHelperTests" fullname="NUnit.Framework.Internal.TypeHelperTests" classname="NUnit.Framework.Internal.TypeHelperTests" runstate="Runnable" testcasecount="21" result="Passed" start-time="2017-02-21 11:04:48Z" end-time="2017-02-21 11:04:48Z" duration="0.101497" total="21" passed="21" failed="0" warnings="0" inconclusive="0" skipped="0" asserts="21">
            <test-suite type="ParameterizedMethod" id="0-5026" name="BestCommonTypeTest" fullname="NUnit.Framework.Internal.TypeHelperTests.BestCommonTypeTest" classname="NUnit.Framework.Internal.TypeHelperTests" runstate="Runnable" testcasecount="6" result="Passed" start-time="2017-02-21 11:04:48Z" end-time="2017-02-21 11:04:48Z" duration="0.018999" total="6" passed="6" failed="0" warnings="0" inconclusive="0" skipped="0" asserts="6">
              <test-case id="0-5020" name="BestCommonTypeTest(NUnit.Framework.Internal.TypeHelper+NonmatchingTypeClass,System.Object)" fullname="NUnit.Framework.Internal.TypeHelperTests.BestCommonTypeTest(NUnit.Framework.Internal.TypeHelper+NonmatchingTypeClass,System.Object)" methodname="BestCommonTypeTest" classname="NUnit.Framework.Internal.TypeHelperTests" runstate="Runnable" seed="279208380" result="Passed" start-time="2017-02-21 11:04:48Z" end-time="2017-02-21 11:04:48Z" duration="0.000190" asserts="1" />
              <test-case id="0-5021" name="BestCommonTypeTest(System.Object,NUnit.Framework.Internal.TypeHelper+NonmatchingTypeClass)" fullname="NUnit.Framework.Internal.TypeHelperTests.BestCommonTypeTest(System.Object,NUnit.Framework.Internal.TypeHelper+NonmatchingTypeClass)" methodname="BestCommonTypeTest" classname="NUnit.Framework.Internal.TypeHelperTests" runstate="Runnable" seed="578994407" result="Passed" start-time="2017-02-21 11:04:48Z" end-time="2017-02-21 11:04:48Z" duration="0.000129" asserts="1" />
              <test-case id="0-5022" name="BestCommonTypeTest(NUnit.Framework.Internal.TypeHelperTests+A,NUnit.Framework.Internal.TypeHelperTests+B)" fullname="NUnit.Framework.Internal.TypeHelperTests.BestCommonTypeTest(NUnit.Framework.Internal.TypeHelperTests+A,NUnit.Framework.Internal.TypeHelperTests+B)" methodname="BestCommonTypeTest" classname="NUnit.Framework.Internal.TypeHelperTests" runstate="Runnable" seed="1028146803" result="Passed" start-time="2017-02-21 11:04:48Z" end-time="2017-02-21 11:04:48Z" duration="0.000177" asserts="1" />
              <test-case id="0-5023" name="BestCommonTypeTest(NUnit.Framework.Internal.TypeHelperTests+B,NUnit.Framework.Internal.TypeHelperTests+A)" fullname="NUnit.Framework.Internal.TypeHelperTests.BestCommonTypeTest(NUnit.Framework.Internal.TypeHelperTests+B,NUnit.Framework.Internal.TypeHelperTests+A)" methodname="BestCommonTypeTest" classname="NUnit.Framework.Internal.TypeHelperTests" runstate="Runnable" seed="1116591682" result="Passed" start-time="2017-02-21 11:04:48Z" end-time="2017-02-21 11:04:48Z" duration="0.000146" asserts="1" />
              <test-case id="0-5024" name="BestCommonTypeTest(NUnit.Framework.Internal.TypeHelperTests+A,System.String)" fullname="NUnit.Framework.Internal.TypeHelperTests.BestCommonTypeTest(NUnit.Framework.Internal.TypeHelperTests+A,System.String)" methodname="BestCommonTypeTest" classname="NUnit.Framework.Internal.TypeHelperTests" runstate="Runnable" seed="1043665713" result="Passed" start-time="2017-02-21 11:04:48Z" end-time="2017-02-21 11:04:48Z" duration="0.000127" asserts="1" />
              <test-case id="0-5025" name="BestCommonTypeTest(System.Int32[],System.Collections.Generic.IEnumerable`1[System.Int32])" fullname="NUnit.Framework.Internal.TypeHelperTests.BestCommonTypeTest(System.Int32[],System.Collections.Generic.IEnumerable`1[System.Int32])" methodname="BestCommonTypeTest" classname="NUnit.Framework.Internal.TypeHelperTests" runstate="Runnable" seed="824315954" result="Passed" start-time="2017-02-21 11:04:48Z" end-time="2017-02-21 11:04:48Z" duration="0.000124" asserts="1" />
            </test-suite>
            <test-suite type="ParameterizedMethod" id="0-5042" name="GetDisplayNameTests" fullname="NUnit.Framework.Internal.TypeHelperTests.GetDisplayNameTests" classname="NUnit.Framework.Internal.TypeHelperTests" runstate="Runnable" testcasecount="15" result="Passed" start-time="2017-02-21 11:04:48Z" end-time="2017-02-21 11:04:48Z" duration="0.077246" total="15" passed="15" failed="0" warnings="0" inconclusive="0" skipped="0" asserts="15">
              <test-case id="0-5027" name="GetDisplayNameTests(System.Int32)" fullname="NUnit.Framework.Internal.TypeHelperTests.GetDisplayNameTests(System.Int32)" methodname="GetDisplayNameTests" classname="NUnit.Framework.Internal.TypeHelperTests" runstate="Runnable" seed="665989121" result="Passed" start-time="2017-02-21 11:04:48Z" end-time="2017-02-21 11:04:48Z" duration="0.000260" asserts="1" />
              <test-case id="0-5028" name="GetDisplayNameTests(NUnit.Framework.Internal.TypeHelperTests)" fullname="NUnit.Framework.Internal.TypeHelperTests.GetDisplayNameTests(NUnit.Framework.Internal.TypeHelperTests)" methodname="GetDisplayNameTests" classname="NUnit.Framework.Internal.TypeHelperTests" runstate="Runnable" seed="1832061644" result="Passed" start-time="2017-02-21 11:04:48Z" end-time="2017-02-21 11:04:48Z" duration="0.000191" asserts="1" />
              <test-case id="0-5029" name="GetDisplayNameTests(NUnit.Framework.Internal.TypeHelperTests+A)" fullname="NUnit.Framework.Internal.TypeHelperTests.GetDisplayNameTests(NUnit.Framework.Internal.TypeHelperTests+A)" methodname="GetDisplayNameTests" classname="NUnit.Framework.Internal.TypeHelperTests" runstate="Runnable" seed="280573721" result="Passed" start-time="2017-02-21 11:04:48Z" end-time="2017-02-21 11:04:48Z" duration="0.000216" asserts="1" />
              <test-case id="0-5030" name="GetDisplayNameTests(System.Int32[])" fullname="NUnit.Framework.Internal.TypeHelperTests.GetDisplayNameTests(System.Int32[])" methodname="GetDisplayNameTests" classname="NUnit.Framework.Internal.TypeHelperTests" runstate="Runnable" seed="996441436" result="Passed" start-time="2017-02-21 11:04:48Z" end-time="2017-02-21 11:04:48Z" duration="0.000221" asserts="1" />
              <test-case id="0-5031" name="GetDisplayNameTests(System.Collections.Generic.List`1[System.Int32])" fullname="NUnit.Framework.Internal.TypeHelperTests.GetDisplayNameTests(System.Collections.Generic.List`1[System.Int32])" methodname="GetDisplayNameTests" classname="NUnit.Framework.Internal.TypeHelperTests" runstate="Runnable" seed="507687487" result="Passed" start-time="2017-02-21 11:04:48Z" end-time="2017-02-21 11:04:48Z" duration="0.000220" asserts="1" />
              <test-case id="0-5032" name="GetDisplayNameTests(System.Collections.Generic.IList`1[System.String])" fullname="NUnit.Framework.Internal.TypeHelperTests.GetDisplayNameTests(System.Collections.Generic.IList`1[System.String])" methodname="GetDisplayNameTests" classname="NUnit.Framework.Internal.TypeHelperTests" runstate="Runnable" seed="1439534838" result="Passed" start-time="2017-02-21 11:04:48Z" end-time="2017-02-21 11:04:48Z" duration="0.000442" asserts="1" />
              <test-case id="0-5033" name="GetDisplayNameTests(System.Collections.Generic.Dictionary`2[System.String,System.Object])" fullname="NUnit.Framework.Internal.TypeHelperTests.GetDisplayNameTests(System.Collections.Generic.Dictionary`2[System.String,System.Object])" methodname="GetDisplayNameTests" classname="NUnit.Framework.Internal.TypeHelperTests" runstate="Runnable" seed="1169486136" result="Passed" start-time="2017-02-21 11:04:48Z" end-time="2017-02-21 11:04:48Z" duration="0.000241" asserts="1" />
              <test-case id="0-5034" name="GetDisplayNameTests(NUnit.Framework.Internal.TypeHelperTests+C`2[System.String,System.Int64])" fullname="NUnit.Framework.Internal.TypeHelperTests.GetDisplayNameTests(NUnit.Framework.Internal.TypeHelperTests+C`2[System.String,System.Int64])" methodname="GetDisplayNameTests" classname="NUnit.Framework.Internal.TypeHelperTests" runstate="Runnable" seed="811216922" result="Passed" start-time="2017-02-21 11:04:48Z" end-time="2017-02-21 11:04:48Z" duration="0.000265" asserts="1" />
              <test-case id="0-5035" name="GetDisplayNameTests(NUnit.Framework.Internal.TypeHelperTests+C`2[System.Collections.Generic.List`1[System.Char[]],System.Int64])" fullname="NUnit.Framework.Internal.TypeHelperTests.GetDisplayNameTests(NUnit.Framework.Internal.TypeHelperTests+C`2[System.Collections.Generic.List`1[System.Char[]],System.Int64])" methodname="GetDisplayNameTests" classname="NUnit.Framework.Internal.TypeHelperTests" runstate="Runnable" seed="713049054" result="Passed" start-time="2017-02-21 11:04:48Z" end-time="2017-02-21 11:04:48Z" duration="0.017696" asserts="1" />
              <test-case id="0-5036" name="GetDisplayNameTests(NUnit.Framework.Internal.TypeHelperTests+C`2+D`2[System.Collections.Generic.List`1[System.Char[]],System.Int64,System.Collections.Generic.IDictionary`2[System.Int32,System.Byte[]],System.String])" fullname="NUnit.Framework.Internal.TypeHelperTests.GetDisplayNameTests(NUnit.Framework.Internal.TypeHelperTests+C`2+D`2[System.Collections.Generic.List`1[System.Char[]],System.Int64,System.Collections.Generic.IDictionary`2[System.Int32,System.Byte[]],System.String])" methodname="GetDisplayNameTests" classname="NUnit.Framework.Internal.TypeHelperTests" runstate="Runnable" seed="1887827991" result="Passed" start-time="2017-02-21 11:04:48Z" end-time="2017-02-21 11:04:48Z" duration="0.000254" asserts="1" />
              <test-case id="0-5037" name="GetDisplayNameTests(System.Collections.Generic.List`1[T])" fullname="NUnit.Framework.Internal.TypeHelperTests.GetDisplayNameTests(System.Collections.Generic.List`1[T])" methodname="GetDisplayNameTests" classname="NUnit.Framework.Internal.TypeHelperTests" runstate="Runnable" seed="1507315418" result="Passed" start-time="2017-02-21 11:04:48Z" end-time="2017-02-21 11:04:48Z" duration="0.001566" asserts="1" />
              <test-case id="0-5038" name="GetDisplayNameTests(System.Collections.Generic.IList`1[T])" fullname="NUnit.Framework.Internal.TypeHelperTests.GetDisplayNameTests(System.Collections.Generic.IList`1[T])" methodname="GetDisplayNameTests" classname="NUnit.Framework.Internal.TypeHelperTests" runstate="Runnable" seed="391094148" result="Passed" start-time="2017-02-21 11:04:48Z" end-time="2017-02-21 11:04:48Z" duration="0.000190" asserts="1" />
              <test-case id="0-5039" name="GetDisplayNameTests(System.Collections.Generic.Dictionary`2[TKey,TValue])" fullname="NUnit.Framework.Internal.TypeHelperTests.GetDisplayNameTests(System.Collections.Generic.Dictionary`2[TKey,TValue])" methodname="GetDisplayNameTests" classname="NUnit.Framework.Internal.TypeHelperTests" runstate="Runnable" seed="105813824" result="Passed" start-time="2017-02-21 11:04:48Z" end-time="2017-02-21 11:04:48Z" duration="0.000228" asserts="1" />
              <test-case id="0-5040" name="GetDisplayNameTests(NUnit.Framework.Internal.TypeHelperTests+C`2[T1,T2])" fullname="NUnit.Framework.Internal.TypeHelperTests.GetDisplayNameTests(NUnit.Framework.Internal.TypeHelperTests+C`2[T1,T2])" methodname="GetDisplayNameTests" classname="NUnit.Framework.Internal.TypeHelperTests" runstate="Runnable" seed="758769364" result="Passed" start-time="2017-02-21 11:04:48Z" end-time="2017-02-21 11:04:48Z" duration="0.000219" asserts="1" />
              <test-case id="0-5041" name="GetDisplayNameTests(NUnit.Framework.Internal.TypeHelperTests+C`2+D`2[T1,T2,T3,T4])" fullname="NUnit.Framework.Internal.TypeHelperTests.GetDisplayNameTests(NUnit.Framework.Internal.TypeHelperTests+C`2+D`2[T1,T2,T3,T4])" methodname="GetDisplayNameTests" classname="NUnit.Framework.Internal.TypeHelperTests" runstate="Runnable" seed="531465068" result="Passed" start-time="2017-02-21 11:04:48Z" end-time="2017-02-21 11:04:48Z" duration="0.000228" asserts="1" />
            </test-suite>
          </test-suite>
          <test-suite type="TestFixture" id="0-4756" name="TextExecutionContextInAppDomain" fullname="NUnit.Framework.Internal.TextExecutionContextInAppDomain" classname="NUnit.Framework.Internal.TextExecutionContextInAppDomain" runstate="Runnable" testcasecount="2" result="Passed" start-time="2017-02-21 11:04:48Z" end-time="2017-02-21 11:04:49Z" duration="0.412954" total="2" passed="2" failed="0" warnings="0" inconclusive="0" skipped="0" asserts="2">
            <test-case id="0-4757" name="CanWriteToConsoleInAppDomain" fullname="NUnit.Framework.Internal.TextExecutionContextInAppDomain.CanWriteToConsoleInAppDomain" methodname="CanWriteToConsoleInAppDomain" classname="NUnit.Framework.Internal.TextExecutionContextInAppDomain" runstate="Runnable" seed="719152874" result="Passed" start-time="2017-02-21 11:04:48Z" end-time="2017-02-21 11:04:48Z" duration="0.194430" asserts="1">
              <properties>
                <property name="Description" value="Issue 71 - NUnit swallows console output from AppDomains created within tests" />
              </properties>
            </test-case>
            <test-case id="0-4758" name="CanWriteToTestContextInAppDomain" fullname="NUnit.Framework.Internal.TextExecutionContextInAppDomain.CanWriteToTestContextInAppDomain" methodname="CanWriteToTestContextInAppDomain" classname="NUnit.Framework.Internal.TextExecutionContextInAppDomain" runstate="Runnable" seed="759646758" result="Passed" start-time="2017-02-21 11:04:48Z" end-time="2017-02-21 11:04:49Z" duration="0.212721" asserts="1">
              <properties>
                <property name="Description" value="Issue 210 - TestContext.WriteLine in an AppDomain causes an error" />
              </properties>
              <output><![CDATA[RunsInAppDomain.WriteToTestContext
]]></output>
            </test-case>
          </test-suite>
        </test-suite>
        <test-suite type="TestSuite" id="0-5520" name="Api" fullname="NUnit.Framework.Api" runstate="Runnable" testcasecount="88" result="Passed" start-time="2017-02-21 11:04:43Z" end-time="2017-02-21 11:05:02Z" duration="18.940900" total="88" passed="88" failed="0" warnings="0" inconclusive="0" skipped="0" asserts="222">
          <test-suite type="TestFixture" id="0-1022" name="ResultStateTests" fullname="NUnit.Framework.Api.ResultStateTests" classname="NUnit.Framework.Api.ResultStateTests" runstate="Runnable" testcasecount="44" result="Passed" start-time="2017-02-21 11:04:43Z" end-time="2017-02-21 11:04:43Z" duration="0.174087" total="44" passed="44" failed="0" warnings="0" inconclusive="0" skipped="0" asserts="74">
            <test-suite type="ParameterizedMethod" id="0-1063" name="AddSiteToResult" fullname="NUnit.Framework.Api.ResultStateTests.AddSiteToResult" classname="NUnit.Framework.Api.ResultStateTests" runstate="Runnable" testcasecount="3" result="Passed" start-time="2017-02-21 11:04:43Z" end-time="2017-02-21 11:04:43Z" duration="0.015339" total="3" passed="3" failed="0" warnings="0" inconclusive="0" skipped="0" asserts="9">
              <test-case id="0-1060" name="AddSiteToResult(Failed,&quot;Error&quot;,TearDown)" fullname="NUnit.Framework.Api.ResultStateTests.AddSiteToResult(Failed,&quot;Error&quot;,TearDown)" methodname="AddSiteToResult" classname="NUnit.Framework.Api.ResultStateTests" runstate="Runnable" seed="1504616734" result="Passed" start-time="2017-02-21 11:04:43Z" end-time="2017-02-21 11:04:43Z" duration="0.003302" asserts="3" />
              <test-case id="0-1061" name="AddSiteToResult(Skipped,&quot;Ignored&quot;,Parent)" fullname="NUnit.Framework.Api.ResultStateTests.AddSiteToResult(Skipped,&quot;Ignored&quot;,Parent)" methodname="AddSiteToResult" classname="NUnit.Framework.Api.ResultStateTests" runstate="Runnable" seed="327990112" result="Passed" start-time="2017-02-21 11:04:43Z" end-time="2017-02-21 11:04:43Z" duration="0.001468" asserts="3" />
              <test-case id="0-1062" name="AddSiteToResult(Inconclusive,&quot;&quot;,SetUp)" fullname="NUnit.Framework.Api.ResultStateTests.AddSiteToResult(Inconclusive,&quot;&quot;,SetUp)" methodname="AddSiteToResult" classname="NUnit.Framework.Api.ResultStateTests" runstate="Runnable" seed="18099212" result="Passed" start-time="2017-02-21 11:04:43Z" end-time="2017-02-21 11:04:43Z" duration="0.000142" asserts="3" />
            </test-suite>
            <test-case id="0-1073" name="Cancelled_ReturnsResultStateWithPropertiesCorrectlySet" fullname="NUnit.Framework.Api.ResultStateTests.Cancelled_ReturnsResultStateWithPropertiesCorrectlySet" methodname="Cancelled_ReturnsResultStateWithPropertiesCorrectlySet" classname="NUnit.Framework.Api.ResultStateTests" runstate="Runnable" seed="1636691907" result="Passed" start-time="2017-02-21 11:04:43Z" end-time="2017-02-21 11:04:43Z" duration="0.000932" asserts="3" />
            <test-case id="0-1071" name="ChildFailure_ReturnsResultStateWithPropertiesSet" fullname="NUnit.Framework.Api.ResultStateTests.ChildFailure_ReturnsResultStateWithPropertiesSet" methodname="ChildFailure_ReturnsResultStateWithPropertiesSet" classname="NUnit.Framework.Api.ResultStateTests" runstate="Runnable" seed="1493218439" result="Passed" start-time="2017-02-21 11:04:43Z" end-time="2017-02-21 11:04:43Z" duration="0.000448" asserts="3" />
            <test-case id="0-1072" name="Error_ReturnsResultStateWithPropertiesCorrectlySet" fullname="NUnit.Framework.Api.ResultStateTests.Error_ReturnsResultStateWithPropertiesCorrectlySet" methodname="Error_ReturnsResultStateWithPropertiesCorrectlySet" classname="NUnit.Framework.Api.ResultStateTests" runstate="Runnable" seed="187390162" result="Passed" start-time="2017-02-21 11:04:43Z" end-time="2017-02-21 11:04:43Z" duration="0.000519" asserts="3" />
            <test-case id="0-1070" name="Failure_ReturnsResultStateWithPropertiesCorrectlySet" fullname="NUnit.Framework.Api.ResultStateTests.Failure_ReturnsResultStateWithPropertiesCorrectlySet" methodname="Failure_ReturnsResultStateWithPropertiesCorrectlySet" classname="NUnit.Framework.Api.ResultStateTests" runstate="Runnable" seed="216553738" result="Passed" start-time="2017-02-21 11:04:43Z" end-time="2017-02-21 11:04:43Z" duration="0.000333" asserts="3" />
            <test-case id="0-1067" name="Ignored_ReturnsResultStateWithPropertiesCorrectlySet" fullname="NUnit.Framework.Api.ResultStateTests.Ignored_ReturnsResultStateWithPropertiesCorrectlySet" methodname="Ignored_ReturnsResultStateWithPropertiesCorrectlySet" classname="NUnit.Framework.Api.ResultStateTests" runstate="Runnable" seed="760289603" result="Passed" start-time="2017-02-21 11:04:43Z" end-time="2017-02-21 11:04:43Z" duration="0.000275" asserts="3" />
            <test-case id="0-1064" name="Inconclusive_ReturnsResultStateWithPropertiesCorrectlySet" fullname="NUnit.Framework.Api.ResultStateTests.Inconclusive_ReturnsResultStateWithPropertiesCorrectlySet" methodname="Inconclusive_ReturnsResultStateWithPropertiesCorrectlySet" classname="NUnit.Framework.Api.ResultStateTests" runstate="Runnable" seed="1300025462" result="Passed" start-time="2017-02-21 11:04:43Z" end-time="2017-02-21 11:04:43Z" duration="0.000247" asserts="3" />
            <test-case id="0-1029" name="Label_ConstructorWithOneArguments_ReturnsStringEmpty" fullname="NUnit.Framework.Api.ResultStateTests.Label_ConstructorWithOneArguments_ReturnsStringEmpty" methodname="Label_ConstructorWithOneArguments_ReturnsStringEmpty" classname="NUnit.Framework.Api.ResultStateTests" runstate="Runnable" seed="218106937" result="Passed" start-time="2017-02-21 11:04:43Z" end-time="2017-02-21 11:04:43Z" duration="0.000149" asserts="1" />
            <test-suite type="ParameterizedMethod" id="0-1038" name="Label_ConstructorWithTwoArguments_ReturnsConstructorArgumentLabel" fullname="NUnit.Framework.Api.ResultStateTests.Label_ConstructorWithTwoArguments_ReturnsConstructorArgumentLabel" classname="NUnit.Framework.Api.ResultStateTests" runstate="Runnable" testcasecount="2" result="Passed" start-time="2017-02-21 11:04:43Z" end-time="2017-02-21 11:04:43Z" duration="0.006626" total="2" passed="2" failed="0" warnings="0" inconclusive="0" skipped="0" asserts="2">
              <test-case id="0-1036" name="Label_ConstructorWithTwoArguments_ReturnsConstructorArgumentLabel(&quot;&quot;)" fullname="NUnit.Framework.Api.ResultStateTests.Label_ConstructorWithTwoArguments_ReturnsConstructorArgumentLabel(&quot;&quot;)" methodname="Label_ConstructorWithTwoArguments_ReturnsConstructorArgumentLabel" classname="NUnit.Framework.Api.ResultStateTests" runstate="Runnable" seed="499821368" result="Passed" start-time="2017-02-21 11:04:43Z" end-time="2017-02-21 11:04:43Z" duration="0.000584" asserts="1" />
              <test-case id="0-1037" name="Label_ConstructorWithTwoArguments_ReturnsConstructorArgumentLabel(&quot;label&quot;)" fullname="NUnit.Framework.Api.ResultStateTests.Label_ConstructorWithTwoArguments_ReturnsConstructorArgumentLabel(&quot;label&quot;)" methodname="Label_ConstructorWithTwoArguments_ReturnsConstructorArgumentLabel" classname="NUnit.Framework.Api.ResultStateTests" runstate="Runnable" seed="1873696121" result="Passed" start-time="2017-02-21 11:04:43Z" end-time="2017-02-21 11:04:43Z" duration="0.000051" asserts="1" />
            </test-suite>
            <test-case id="0-1039" name="Label_ConstructorWithTwoArgumentsLabelArgumentIsNull_ReturnsEmptyString" fullname="NUnit.Framework.Api.ResultStateTests.Label_ConstructorWithTwoArgumentsLabelArgumentIsNull_ReturnsEmptyString" methodname="Label_ConstructorWithTwoArgumentsLabelArgumentIsNull_ReturnsEmptyString" classname="NUnit.Framework.Api.ResultStateTests" runstate="Runnable" seed="1963475321" result="Passed" start-time="2017-02-21 11:04:43Z" end-time="2017-02-21 11:04:43Z" duration="0.000156" asserts="1" />
            <test-case id="0-1065" name="NotRunnable_ReturnsResultStateWithPropertiesCorrectlySet" fullname="NUnit.Framework.Api.ResultStateTests.NotRunnable_ReturnsResultStateWithPropertiesCorrectlySet" methodname="NotRunnable_ReturnsResultStateWithPropertiesCorrectlySet" classname="NUnit.Framework.Api.ResultStateTests" runstate="Runnable" seed="630914034" result="Passed" start-time="2017-02-21 11:04:43Z" end-time="2017-02-21 11:04:43Z" duration="0.000305" asserts="3" />
            <test-case id="0-1040" name="Site_ConstructorWithOneArguments_ReturnsTest" fullname="NUnit.Framework.Api.ResultStateTests.Site_ConstructorWithOneArguments_ReturnsTest" methodname="Site_ConstructorWithOneArguments_ReturnsTest" classname="NUnit.Framework.Api.ResultStateTests" runstate="Runnable" seed="1871195382" result="Passed" start-time="2017-02-21 11:04:43Z" end-time="2017-02-21 11:04:43Z" duration="0.000221" asserts="1" />
            <test-suite type="ParameterizedMethod" id="0-1046" name="Site_ConstructorWithThreeArguments_ReturnsSite" fullname="NUnit.Framework.Api.ResultStateTests.Site_ConstructorWithThreeArguments_ReturnsSite" classname="NUnit.Framework.Api.ResultStateTests" runstate="Runnable" testcasecount="2" result="Passed" start-time="2017-02-21 11:04:43Z" end-time="2017-02-21 11:04:43Z" duration="0.007830" total="2" passed="2" failed="0" warnings="0" inconclusive="0" skipped="0" asserts="2">
              <test-case id="0-1044" name="Site_ConstructorWithThreeArguments_ReturnsSite(&quot;&quot;,Parent)" fullname="NUnit.Framework.Api.ResultStateTests.Site_ConstructorWithThreeArguments_ReturnsSite(&quot;&quot;,Parent)" methodname="Site_ConstructorWithThreeArguments_ReturnsSite" classname="NUnit.Framework.Api.ResultStateTests" runstate="Runnable" seed="221721858" result="Passed" start-time="2017-02-21 11:04:43Z" end-time="2017-02-21 11:04:43Z" duration="0.002600" asserts="1" />
              <test-case id="0-1045" name="Site_ConstructorWithThreeArguments_ReturnsSite(&quot;label&quot;,SetUp)" fullname="NUnit.Framework.Api.ResultStateTests.Site_ConstructorWithThreeArguments_ReturnsSite(&quot;label&quot;,SetUp)" methodname="Site_ConstructorWithThreeArguments_ReturnsSite" classname="NUnit.Framework.Api.ResultStateTests" runstate="Runnable" seed="1185204593" result="Passed" start-time="2017-02-21 11:04:43Z" end-time="2017-02-21 11:04:43Z" duration="0.000071" asserts="1" />
            </test-suite>
            <test-suite type="ParameterizedMethod" id="0-1043" name="Site_ConstructorWithTwoArguments_ReturnsTest" fullname="NUnit.Framework.Api.ResultStateTests.Site_ConstructorWithTwoArguments_ReturnsTest" classname="NUnit.Framework.Api.ResultStateTests" runstate="Runnable" testcasecount="2" result="Passed" start-time="2017-02-21 11:04:43Z" end-time="2017-02-21 11:04:43Z" duration="0.005173" total="2" passed="2" failed="0" warnings="0" inconclusive="0" skipped="0" asserts="2">
              <test-case id="0-1041" name="Site_ConstructorWithTwoArguments_ReturnsTest(&quot;&quot;)" fullname="NUnit.Framework.Api.ResultStateTests.Site_ConstructorWithTwoArguments_ReturnsTest(&quot;&quot;)" methodname="Site_ConstructorWithTwoArguments_ReturnsTest" classname="NUnit.Framework.Api.ResultStateTests" runstate="Runnable" seed="79593979" result="Passed" start-time="2017-02-21 11:04:43Z" end-time="2017-02-21 11:04:43Z" duration="0.000199" asserts="1" />
              <test-case id="0-1042" name="Site_ConstructorWithTwoArguments_ReturnsTest(&quot;label&quot;)" fullname="NUnit.Framework.Api.ResultStateTests.Site_ConstructorWithTwoArguments_ReturnsTest(&quot;label&quot;)" methodname="Site_ConstructorWithTwoArguments_ReturnsTest" classname="NUnit.Framework.Api.ResultStateTests" runstate="Runnable" seed="733464968" result="Passed" start-time="2017-02-21 11:04:43Z" end-time="2017-02-21 11:04:43Z" duration="0.000049" asserts="1" />
            </test-suite>
            <test-case id="0-1066" name="Skipped_ReturnsResultStateWithPropertiesCorrectlySet" fullname="NUnit.Framework.Api.ResultStateTests.Skipped_ReturnsResultStateWithPropertiesCorrectlySet" methodname="Skipped_ReturnsResultStateWithPropertiesCorrectlySet" classname="NUnit.Framework.Api.ResultStateTests" runstate="Runnable" seed="1636697581" result="Passed" start-time="2017-02-21 11:04:43Z" end-time="2017-02-21 11:04:43Z" duration="0.000252" asserts="3" />
            <test-suite type="ParameterizedMethod" id="0-1028" name="Status_ConstructorWithOneArguments_ReturnsConstructorArgumentStatus" fullname="NUnit.Framework.Api.ResultStateTests.Status_ConstructorWithOneArguments_ReturnsConstructorArgumentStatus" classname="NUnit.Framework.Api.ResultStateTests" runstate="Runnable" testcasecount="5" result="Passed" start-time="2017-02-21 11:04:43Z" end-time="2017-02-21 11:04:43Z" duration="0.013072" total="5" passed="5" failed="0" warnings="0" inconclusive="0" skipped="0" asserts="5">
              <test-case id="0-1023" name="Status_ConstructorWithOneArguments_ReturnsConstructorArgumentStatus(Failed)" fullname="NUnit.Framework.Api.ResultStateTests.Status_ConstructorWithOneArguments_ReturnsConstructorArgumentStatus(Failed)" methodname="Status_ConstructorWithOneArguments_ReturnsConstructorArgumentStatus" classname="NUnit.Framework.Api.ResultStateTests" runstate="Runnable" seed="1803498508" result="Passed" start-time="2017-02-21 11:04:43Z" end-time="2017-02-21 11:04:43Z" duration="0.000191" asserts="1" />
              <test-case id="0-1024" name="Status_ConstructorWithOneArguments_ReturnsConstructorArgumentStatus(Skipped)" fullname="NUnit.Framework.Api.ResultStateTests.Status_ConstructorWithOneArguments_ReturnsConstructorArgumentStatus(Skipped)" methodname="Status_ConstructorWithOneArguments_ReturnsConstructorArgumentStatus" classname="NUnit.Framework.Api.ResultStateTests" runstate="Runnable" seed="2078373429" result="Passed" start-time="2017-02-21 11:04:43Z" end-time="2017-02-21 11:04:43Z" duration="0.000066" asserts="1" />
              <test-case id="0-1025" name="Status_ConstructorWithOneArguments_ReturnsConstructorArgumentStatus(Inconclusive)" fullname="NUnit.Framework.Api.ResultStateTests.Status_ConstructorWithOneArguments_ReturnsConstructorArgumentStatus(Inconclusive)" methodname="Status_ConstructorWithOneArguments_ReturnsConstructorArgumentStatus" classname="NUnit.Framework.Api.ResultStateTests" runstate="Runnable" seed="1523401787" result="Passed" start-time="2017-02-21 11:04:43Z" end-time="2017-02-21 11:04:43Z" duration="0.000106" asserts="1" />
              <test-case id="0-1026" name="Status_ConstructorWithOneArguments_ReturnsConstructorArgumentStatus(Passed)" fullname="NUnit.Framework.Api.ResultStateTests.Status_ConstructorWithOneArguments_ReturnsConstructorArgumentStatus(Passed)" methodname="Status_ConstructorWithOneArguments_ReturnsConstructorArgumentStatus" classname="NUnit.Framework.Api.ResultStateTests" runstate="Runnable" seed="357107200" result="Passed" start-time="2017-02-21 11:04:43Z" end-time="2017-02-21 11:04:43Z" duration="0.000070" asserts="1" />
              <test-case id="0-1027" name="Status_ConstructorWithOneArguments_ReturnsConstructorArgumentStatus(Warning)" fullname="NUnit.Framework.Api.ResultStateTests.Status_ConstructorWithOneArguments_ReturnsConstructorArgumentStatus(Warning)" methodname="Status_ConstructorWithOneArguments_ReturnsConstructorArgumentStatus" classname="NUnit.Framework.Api.ResultStateTests" runstate="Runnable" seed="416788596" result="Passed" start-time="2017-02-21 11:04:43Z" end-time="2017-02-21 11:04:43Z" duration="0.000048" asserts="1" />
            </test-suite>
            <test-suite type="ParameterizedMethod" id="0-1035" name="Status_ConstructorWithTwoArguments_ReturnsConstructorArgumentStatus" fullname="NUnit.Framework.Api.ResultStateTests.Status_ConstructorWithTwoArguments_ReturnsConstructorArgumentStatus" classname="NUnit.Framework.Api.ResultStateTests" runstate="Runnable" testcasecount="5" result="Passed" start-time="2017-02-21 11:04:43Z" end-time="2017-02-21 11:04:43Z" duration="0.013553" total="5" passed="5" failed="0" warnings="0" inconclusive="0" skipped="0" asserts="5">
              <test-case id="0-1030" name="Status_ConstructorWithTwoArguments_ReturnsConstructorArgumentStatus(Failed)" fullname="NUnit.Framework.Api.ResultStateTests.Status_ConstructorWithTwoArguments_ReturnsConstructorArgumentStatus(Failed)" methodname="Status_ConstructorWithTwoArguments_ReturnsConstructorArgumentStatus" classname="NUnit.Framework.Api.ResultStateTests" runstate="Runnable" seed="384315879" result="Passed" start-time="2017-02-21 11:04:43Z" end-time="2017-02-21 11:04:43Z" duration="0.001049" asserts="1" />
              <test-case id="0-1031" name="Status_ConstructorWithTwoArguments_ReturnsConstructorArgumentStatus(Skipped)" fullname="NUnit.Framework.Api.ResultStateTests.Status_ConstructorWithTwoArguments_ReturnsConstructorArgumentStatus(Skipped)" methodname="Status_ConstructorWithTwoArguments_ReturnsConstructorArgumentStatus" classname="NUnit.Framework.Api.ResultStateTests" runstate="Runnable" seed="485397688" result="Passed" start-time="2017-02-21 11:04:43Z" end-time="2017-02-21 11:04:43Z" duration="0.000085" asserts="1" />
              <test-case id="0-1032" name="Status_ConstructorWithTwoArguments_ReturnsConstructorArgumentStatus(Inconclusive)" fullname="NUnit.Framework.Api.ResultStateTests.Status_ConstructorWithTwoArguments_ReturnsConstructorArgumentStatus(Inconclusive)" methodname="Status_ConstructorWithTwoArguments_ReturnsConstructorArgumentStatus" classname="NUnit.Framework.Api.ResultStateTests" runstate="Runnable" seed="2075487453" result="Passed" start-time="2017-02-21 11:04:43Z" end-time="2017-02-21 11:04:43Z" duration="0.000074" asserts="1" />
              <test-case id="0-1033" name="Status_ConstructorWithTwoArguments_ReturnsConstructorArgumentStatus(Passed)" fullname="NUnit.Framework.Api.ResultStateTests.Status_ConstructorWithTwoArguments_ReturnsConstructorArgumentStatus(Passed)" methodname="Status_ConstructorWithTwoArguments_ReturnsConstructorArgumentStatus" classname="NUnit.Framework.Api.ResultStateTests" runstate="Runnable" seed="1024944631" result="Passed" start-time="2017-02-21 11:04:43Z" end-time="2017-02-21 11:04:43Z" duration="0.000070" asserts="1" />
              <test-case id="0-1034" name="Status_ConstructorWithTwoArguments_ReturnsConstructorArgumentStatus(Warning)" fullname="NUnit.Framework.Api.ResultStateTests.Status_ConstructorWithTwoArguments_ReturnsConstructorArgumentStatus(Warning)" methodname="Status_ConstructorWithTwoArguments_ReturnsConstructorArgumentStatus" classname="NUnit.Framework.Api.ResultStateTests" runstate="Runnable" seed="2078561989" result="Passed" start-time="2017-02-21 11:04:43Z" end-time="2017-02-21 11:04:43Z" duration="0.000073" asserts="1" />
            </test-suite>
            <test-case id="0-1068" name="Success_ReturnsResultStateWithPropertiesCorrectlySet" fullname="NUnit.Framework.Api.ResultStateTests.Success_ReturnsResultStateWithPropertiesCorrectlySet" methodname="Success_ReturnsResultStateWithPropertiesCorrectlySet" classname="NUnit.Framework.Api.ResultStateTests" runstate="Runnable" seed="500705045" result="Passed" start-time="2017-02-21 11:04:43Z" end-time="2017-02-21 11:04:43Z" duration="0.000368" asserts="3" />
            <test-case id="0-1056" name="TestEquality_LabelDiffers" fullname="NUnit.Framework.Api.ResultStateTests.TestEquality_LabelDiffers" methodname="TestEquality_LabelDiffers" classname="NUnit.Framework.Api.ResultStateTests" runstate="Runnable" seed="1211801951" result="Passed" start-time="2017-02-21 11:04:43Z" end-time="2017-02-21 11:04:43Z" duration="0.000445" asserts="1" />
            <test-case id="0-1059" name="TestEquality_Null" fullname="NUnit.Framework.Api.ResultStateTests.TestEquality_Null" methodname="TestEquality_Null" classname="NUnit.Framework.Api.ResultStateTests" runstate="Runnable" seed="397615697" result="Passed" start-time="2017-02-21 11:04:43Z" end-time="2017-02-21 11:04:43Z" duration="0.000579" asserts="3" />
            <test-case id="0-1057" name="TestEquality_SiteDiffers" fullname="NUnit.Framework.Api.ResultStateTests.TestEquality_SiteDiffers" methodname="TestEquality_SiteDiffers" classname="NUnit.Framework.Api.ResultStateTests" runstate="Runnable" seed="1698108504" result="Passed" start-time="2017-02-21 11:04:43Z" end-time="2017-02-21 11:04:43Z" duration="0.000200" asserts="1" />
            <test-case id="0-1052" name="TestEquality_StatusAndLabelSpecified" fullname="NUnit.Framework.Api.ResultStateTests.TestEquality_StatusAndLabelSpecified" methodname="TestEquality_StatusAndLabelSpecified" classname="NUnit.Framework.Api.ResultStateTests" runstate="Runnable" seed="252791750" result="Passed" start-time="2017-02-21 11:04:43Z" end-time="2017-02-21 11:04:43Z" duration="0.000162" asserts="1" />
            <test-case id="0-1053" name="TestEquality_StatusAndSiteSpecified" fullname="NUnit.Framework.Api.ResultStateTests.TestEquality_StatusAndSiteSpecified" methodname="TestEquality_StatusAndSiteSpecified" classname="NUnit.Framework.Api.ResultStateTests" runstate="Runnable" seed="16408353" result="Passed" start-time="2017-02-21 11:04:43Z" end-time="2017-02-21 11:04:43Z" duration="0.001627" asserts="1" />
            <test-case id="0-1055" name="TestEquality_StatusDiffers" fullname="NUnit.Framework.Api.ResultStateTests.TestEquality_StatusDiffers" methodname="TestEquality_StatusDiffers" classname="NUnit.Framework.Api.ResultStateTests" runstate="Runnable" seed="1586767713" result="Passed" start-time="2017-02-21 11:04:43Z" end-time="2017-02-21 11:04:43Z" duration="0.000188" asserts="1" />
            <test-case id="0-1054" name="TestEquality_StatusLabelAndSiteSpecified" fullname="NUnit.Framework.Api.ResultStateTests.TestEquality_StatusLabelAndSiteSpecified" methodname="TestEquality_StatusLabelAndSiteSpecified" classname="NUnit.Framework.Api.ResultStateTests" runstate="Runnable" seed="1514763732" result="Passed" start-time="2017-02-21 11:04:43Z" end-time="2017-02-21 11:04:43Z" duration="0.000118" asserts="1" />
            <test-case id="0-1051" name="TestEquality_StatusSpecified" fullname="NUnit.Framework.Api.ResultStateTests.TestEquality_StatusSpecified" methodname="TestEquality_StatusSpecified" classname="NUnit.Framework.Api.ResultStateTests" runstate="Runnable" seed="530303031" result="Passed" start-time="2017-02-21 11:04:43Z" end-time="2017-02-21 11:04:43Z" duration="0.000191" asserts="1" />
            <test-case id="0-1058" name="TestEquality_WrongType" fullname="NUnit.Framework.Api.ResultStateTests.TestEquality_WrongType" methodname="TestEquality_WrongType" classname="NUnit.Framework.Api.ResultStateTests" runstate="Runnable" seed="758706832" result="Passed" start-time="2017-02-21 11:04:43Z" end-time="2017-02-21 11:04:43Z" duration="0.000666" asserts="3" />
            <test-suite type="ParameterizedMethod" id="0-1050" name="ToString_Constructor_ReturnsExpectedString" fullname="NUnit.Framework.Api.ResultStateTests.ToString_Constructor_ReturnsExpectedString" classname="NUnit.Framework.Api.ResultStateTests" runstate="Runnable" testcasecount="3" result="Passed" start-time="2017-02-21 11:04:43Z" end-time="2017-02-21 11:04:43Z" duration="0.010066" total="3" passed="3" failed="0" warnings="0" inconclusive="0" skipped="0" asserts="3">
              <test-case id="0-1047" name="ToString_Constructor_ReturnsExpectedString(Skipped,Null,&quot;Skipped&quot;)" fullname="NUnit.Framework.Api.ResultStateTests.ToString_Constructor_ReturnsExpectedString(Skipped,Null,&quot;Skipped&quot;)" methodname="ToString_Constructor_ReturnsExpectedString" classname="NUnit.Framework.Api.ResultStateTests" runstate="Runnable" seed="1920110574" result="Passed" start-time="2017-02-21 11:04:43Z" end-time="2017-02-21 11:04:43Z" duration="0.000353" asserts="1" />
              <test-case id="0-1048" name="ToString_Constructor_ReturnsExpectedString(Passed,&quot;&quot;,&quot;Passed&quot;)" fullname="NUnit.Framework.Api.ResultStateTests.ToString_Constructor_ReturnsExpectedString(Passed,&quot;&quot;,&quot;Passed&quot;)" methodname="ToString_Constructor_ReturnsExpectedString" classname="NUnit.Framework.Api.ResultStateTests" runstate="Runnable" seed="371613548" result="Passed" start-time="2017-02-21 11:04:43Z" end-time="2017-02-21 11:04:43Z" duration="0.000092" asserts="1" />
              <test-case id="0-1049" name="ToString_Constructor_ReturnsExpectedString(Passed,&quot;testLabel&quot;,&quot;Passed:testLabel&quot;)" fullname="NUnit.Framework.Api.ResultStateTests.ToString_Constructor_ReturnsExpectedString(Passed,&quot;testLabel&quot;,&quot;Passed:testLabel&quot;)" methodname="ToString_Constructor_ReturnsExpectedString" classname="NUnit.Framework.Api.ResultStateTests" runstate="Runnable" seed="1093058191" result="Passed" start-time="2017-02-21 11:04:43Z" end-time="2017-02-21 11:04:43Z" duration="0.000120" asserts="1" />
            </test-suite>
            <test-case id="0-1069" name="Warning_ReturnsResultStateWithPropertiesCorrectlySet" fullname="NUnit.Framework.Api.ResultStateTests.Warning_ReturnsResultStateWithPropertiesCorrectlySet" methodname="Warning_ReturnsResultStateWithPropertiesCorrectlySet" classname="NUnit.Framework.Api.ResultStateTests" runstate="Runnable" seed="700179226" result="Passed" start-time="2017-02-21 11:04:43Z" end-time="2017-02-21 11:04:43Z" duration="0.000286" asserts="3" />
          </test-suite>
          <test-suite type="TestFixture" id="0-1000" name="FrameworkControllerTests" fullname="NUnit.Framework.Api.FrameworkControllerTests" classname="NUnit.Framework.Api.FrameworkControllerTests" runstate="Runnable" testcasecount="21" result="Passed" start-time="2017-02-21 11:04:43Z" end-time="2017-02-21 11:04:43Z" duration="0.361948" total="21" passed="21" failed="0" warnings="0" inconclusive="0" skipped="0" asserts="59">
            <test-case id="0-1001" name="ConstructController" fullname="NUnit.Framework.Api.FrameworkControllerTests.ConstructController" methodname="ConstructController" classname="NUnit.Framework.Api.FrameworkControllerTests" runstate="Runnable" seed="1966473254" result="Passed" start-time="2017-02-21 11:04:43Z" end-time="2017-02-21 11:04:43Z" duration="0.007809" asserts="4" />
            <test-case id="0-1010" name="CountTestsAction_AfterLoad_ReturnsCorrectCount" fullname="NUnit.Framework.Api.FrameworkControllerTests.CountTestsAction_AfterLoad_ReturnsCorrectCount" methodname="CountTestsAction_AfterLoad_ReturnsCorrectCount" classname="NUnit.Framework.Api.FrameworkControllerTests" runstate="Runnable" seed="219342864" result="Passed" start-time="2017-02-21 11:04:43Z" end-time="2017-02-21 11:04:43Z" duration="0.021074" asserts="1" />
            <test-case id="0-1013" name="CountTestsAction_BadFile_ReturnsZero" fullname="NUnit.Framework.Api.FrameworkControllerTests.CountTestsAction_BadFile_ReturnsZero" methodname="CountTestsAction_BadFile_ReturnsZero" classname="NUnit.Framework.Api.FrameworkControllerTests" runstate="Runnable" seed="480592272" result="Passed" start-time="2017-02-21 11:04:43Z" end-time="2017-02-21 11:04:43Z" duration="0.001520" asserts="1" />
            <test-case id="0-1012" name="CountTestsAction_FileNotFound_ReturnsZero" fullname="NUnit.Framework.Api.FrameworkControllerTests.CountTestsAction_FileNotFound_ReturnsZero" methodname="CountTestsAction_FileNotFound_ReturnsZero" classname="NUnit.Framework.Api.FrameworkControllerTests" runstate="Runnable" seed="2130802517" result="Passed" start-time="2017-02-21 11:04:43Z" end-time="2017-02-21 11:04:43Z" duration="0.000551" asserts="1" />
            <test-case id="0-1011" name="CountTestsAction_WithoutLoad_ThrowsInvalidOperation" fullname="NUnit.Framework.Api.FrameworkControllerTests.CountTestsAction_WithoutLoad_ThrowsInvalidOperation" methodname="CountTestsAction_WithoutLoad_ThrowsInvalidOperation" classname="NUnit.Framework.Api.FrameworkControllerTests" runstate="Runnable" seed="1544148943" result="Passed" start-time="2017-02-21 11:04:43Z" end-time="2017-02-21 11:04:43Z" duration="0.001121" asserts="2" />
            <test-case id="0-1006" name="ExploreTestsAction_AfterLoad_ReturnsRunnableSuite" fullname="NUnit.Framework.Api.FrameworkControllerTests.ExploreTestsAction_AfterLoad_ReturnsRunnableSuite" methodname="ExploreTestsAction_AfterLoad_ReturnsRunnableSuite" classname="NUnit.Framework.Api.FrameworkControllerTests" runstate="Runnable" seed="1464181250" result="Passed" start-time="2017-02-21 11:04:43Z" end-time="2017-02-21 11:04:43Z" duration="0.029847" asserts="7" />
            <test-case id="0-1009" name="ExploreTestsAction_BadFile_ReturnsNonRunnableSuite" fullname="NUnit.Framework.Api.FrameworkControllerTests.ExploreTestsAction_BadFile_ReturnsNonRunnableSuite" methodname="ExploreTestsAction_BadFile_ReturnsNonRunnableSuite" classname="NUnit.Framework.Api.FrameworkControllerTests" runstate="Runnable" seed="581731339" result="Passed" start-time="2017-02-21 11:04:43Z" end-time="2017-02-21 11:04:43Z" duration="0.001872" asserts="6" />
            <test-case id="0-1008" name="ExploreTestsAction_FileNotFound_ReturnsNonRunnableSuite" fullname="NUnit.Framework.Api.FrameworkControllerTests.ExploreTestsAction_FileNotFound_ReturnsNonRunnableSuite" methodname="ExploreTestsAction_FileNotFound_ReturnsNonRunnableSuite" classname="NUnit.Framework.Api.FrameworkControllerTests" runstate="Runnable" seed="541040216" result="Passed" start-time="2017-02-21 11:04:43Z" end-time="2017-02-21 11:04:43Z" duration="0.001000" asserts="6" />
            <test-case id="0-1007" name="ExploreTestsAction_WithoutLoad_ThrowsInvalidOperationException" fullname="NUnit.Framework.Api.FrameworkControllerTests.ExploreTestsAction_WithoutLoad_ThrowsInvalidOperationException" methodname="ExploreTestsAction_WithoutLoad_ThrowsInvalidOperationException" classname="NUnit.Framework.Api.FrameworkControllerTests" runstate="Runnable" seed="385942865" result="Passed" start-time="2017-02-21 11:04:43Z" end-time="2017-02-21 11:04:43Z" duration="0.000328" asserts="2" />
            <test-case id="0-1003" name="LoadTestsAction_Assembly_ReturnsRunnableSuite" fullname="NUnit.Framework.Api.FrameworkControllerTests.LoadTestsAction_Assembly_ReturnsRunnableSuite" methodname="LoadTestsAction_Assembly_ReturnsRunnableSuite" classname="NUnit.Framework.Api.FrameworkControllerTests" runstate="Runnable" seed="2040991974" result="Passed" start-time="2017-02-21 11:04:43Z" end-time="2017-02-21 11:04:43Z" duration="0.006048" asserts="7" />
            <test-case id="0-1005" name="LoadTestsAction_BadFile_ReturnsNonRunnableSuite" fullname="NUnit.Framework.Api.FrameworkControllerTests.LoadTestsAction_BadFile_ReturnsNonRunnableSuite" methodname="LoadTestsAction_BadFile_ReturnsNonRunnableSuite" classname="NUnit.Framework.Api.FrameworkControllerTests" runstate="Runnable" seed="564598458" result="Passed" start-time="2017-02-21 11:04:43Z" end-time="2017-02-21 11:04:43Z" duration="0.001029" asserts="5" />
            <test-case id="0-1004" name="LoadTestsAction_FileNotFound_ReturnsNonRunnableSuite" fullname="NUnit.Framework.Api.FrameworkControllerTests.LoadTestsAction_FileNotFound_ReturnsNonRunnableSuite" methodname="LoadTestsAction_FileNotFound_ReturnsNonRunnableSuite" classname="NUnit.Framework.Api.FrameworkControllerTests" runstate="Runnable" seed="539006279" result="Passed" start-time="2017-02-21 11:04:43Z" end-time="2017-02-21 11:04:43Z" duration="0.001855" asserts="6" />
            <test-case id="0-1002" name="LoadTestsAction_GoodFile_ReturnsRunnableSuite" fullname="NUnit.Framework.Api.FrameworkControllerTests.LoadTestsAction_GoodFile_ReturnsRunnableSuite" methodname="LoadTestsAction_GoodFile_ReturnsRunnableSuite" classname="NUnit.Framework.Api.FrameworkControllerTests" runstate="Runnable" seed="240666609" result="Passed" start-time="2017-02-21 11:04:43Z" end-time="2017-02-21 11:04:43Z" duration="0.003716" asserts="7" />
            <test-case id="0-1018" name="RunAsyncAction_AfterLoad_ReturnsRunnableSuite" fullname="NUnit.Framework.Api.FrameworkControllerTests.RunAsyncAction_AfterLoad_ReturnsRunnableSuite" methodname="RunAsyncAction_AfterLoad_ReturnsRunnableSuite" classname="NUnit.Framework.Api.FrameworkControllerTests" runstate="Runnable" seed="169007068" result="Passed" start-time="2017-02-21 11:04:43Z" end-time="2017-02-21 11:04:43Z" duration="0.008529" asserts="0" />
            <test-case id="0-1021" name="RunAsyncAction_BadFile_ReturnsNonRunnableSuite" fullname="NUnit.Framework.Api.FrameworkControllerTests.RunAsyncAction_BadFile_ReturnsNonRunnableSuite" methodname="RunAsyncAction_BadFile_ReturnsNonRunnableSuite" classname="NUnit.Framework.Api.FrameworkControllerTests" runstate="Runnable" seed="402962598" result="Passed" start-time="2017-02-21 11:04:43Z" end-time="2017-02-21 11:04:43Z" duration="0.001626" asserts="0" />
            <test-case id="0-1020" name="RunAsyncAction_FileNotFound_ReturnsNonRunnableSuite" fullname="NUnit.Framework.Api.FrameworkControllerTests.RunAsyncAction_FileNotFound_ReturnsNonRunnableSuite" methodname="RunAsyncAction_FileNotFound_ReturnsNonRunnableSuite" classname="NUnit.Framework.Api.FrameworkControllerTests" runstate="Runnable" seed="887822524" result="Passed" start-time="2017-02-21 11:04:43Z" end-time="2017-02-21 11:04:43Z" duration="0.003445" asserts="0" />
            <test-case id="0-1019" name="RunAsyncAction_WithoutLoad_ReturnsError" fullname="NUnit.Framework.Api.FrameworkControllerTests.RunAsyncAction_WithoutLoad_ReturnsError" methodname="RunAsyncAction_WithoutLoad_ReturnsError" classname="NUnit.Framework.Api.FrameworkControllerTests" runstate="Runnable" seed="130886487" result="Passed" start-time="2017-02-21 11:04:43Z" end-time="2017-02-21 11:04:43Z" duration="0.000600" asserts="2" />
            <test-case id="0-1014" name="RunTestsAction_AfterLoad_ReturnsRunnableSuite" fullname="NUnit.Framework.Api.FrameworkControllerTests.RunTestsAction_AfterLoad_ReturnsRunnableSuite" methodname="RunTestsAction_AfterLoad_ReturnsRunnableSuite" classname="NUnit.Framework.Api.FrameworkControllerTests" runstate="Runnable" seed="1118622735" result="Passed" start-time="2017-02-21 11:04:43Z" end-time="2017-02-21 11:04:43Z" duration="0.185871" asserts="0" />
            <test-case id="0-1017" name="RunTestsAction_BadFile_ReturnsNonRunnableSuite" fullname="NUnit.Framework.Api.FrameworkControllerTests.RunTestsAction_BadFile_ReturnsNonRunnableSuite" methodname="RunTestsAction_BadFile_ReturnsNonRunnableSuite" classname="NUnit.Framework.Api.FrameworkControllerTests" runstate="Runnable" seed="615516510" result="Passed" start-time="2017-02-21 11:04:43Z" end-time="2017-02-21 11:04:43Z" duration="0.005894" asserts="0" />
            <test-case id="0-1016" name="RunTestsAction_FileNotFound_ReturnsNonRunnableSuite" fullname="NUnit.Framework.Api.FrameworkControllerTests.RunTestsAction_FileNotFound_ReturnsNonRunnableSuite" methodname="RunTestsAction_FileNotFound_ReturnsNonRunnableSuite" classname="NUnit.Framework.Api.FrameworkControllerTests" runstate="Runnable" seed="1268330357" result="Passed" start-time="2017-02-21 11:04:43Z" end-time="2017-02-21 11:04:43Z" duration="0.009324" asserts="0" />
            <test-case id="0-1015" name="RunTestsAction_WithoutLoad_ReturnsError" fullname="NUnit.Framework.Api.FrameworkControllerTests.RunTestsAction_WithoutLoad_ReturnsError" methodname="RunTestsAction_WithoutLoad_ReturnsError" classname="NUnit.Framework.Api.FrameworkControllerTests" runstate="Runnable" seed="1820492881" result="Passed" start-time="2017-02-21 11:04:43Z" end-time="2017-02-21 11:04:43Z" duration="0.000428" asserts="2" />
          </test-suite>
          <test-suite type="TestFixture" id="0-1074" name="TestAssemblyRunnerTests" fullname="NUnit.Framework.Api.TestAssemblyRunnerTests" classname="NUnit.Framework.Api.TestAssemblyRunnerTests" runstate="Runnable" testcasecount="23" result="Passed" start-time="2017-02-21 11:04:43Z" end-time="2017-02-21 11:05:02Z" duration="18.937887" total="23" passed="23" failed="0" warnings="0" inconclusive="0" skipped="0" asserts="89">
            <test-case id="0-1096" name="CancelRun_WhenNoTestIsRunning_Succeeds" fullname="NUnit.Framework.Api.TestAssemblyRunnerTests.CancelRun_WhenNoTestIsRunning_Succeeds" methodname="CancelRun_WhenNoTestIsRunning_Succeeds" classname="NUnit.Framework.Api.TestAssemblyRunnerTests" runstate="Runnable" seed="513614610" result="Passed" start-time="2017-02-21 11:04:43Z" end-time="2017-02-21 11:04:43Z" duration="0.001254" asserts="0" />
            <test-case id="0-1097" name="CancelRun_WhenTestIsRunning_StopsTest" fullname="NUnit.Framework.Api.TestAssemblyRunnerTests.CancelRun_WhenTestIsRunning_StopsTest" methodname="CancelRun_WhenTestIsRunning_StopsTest" classname="NUnit.Framework.Api.TestAssemblyRunnerTests" runstate="Runnable" seed="1918407715" result="Passed" start-time="2017-02-21 11:04:43Z" end-time="2017-02-21 11:04:52Z" duration="9.055887" asserts="1" />
            <test-case id="0-1078" name="CountTestCases_AfterLoad_ReturnsCorrectCount" fullname="NUnit.Framework.Api.TestAssemblyRunnerTests.CountTestCases_AfterLoad_ReturnsCorrectCount" methodname="CountTestCases_AfterLoad_ReturnsCorrectCount" classname="NUnit.Framework.Api.TestAssemblyRunnerTests" runstate="Runnable" seed="978501508" result="Passed" start-time="2017-02-21 11:04:52Z" end-time="2017-02-21 11:04:52Z" duration="0.003844" asserts="1" />
            <test-case id="0-1081" name="CountTestCases_BadFile_ReturnsZero" fullname="NUnit.Framework.Api.TestAssemblyRunnerTests.CountTestCases_BadFile_ReturnsZero" methodname="CountTestCases_BadFile_ReturnsZero" classname="NUnit.Framework.Api.TestAssemblyRunnerTests" runstate="Runnable" seed="315480595" result="Passed" start-time="2017-02-21 11:04:52Z" end-time="2017-02-21 11:04:52Z" duration="0.000259" asserts="1" />
            <test-case id="0-1080" name="CountTestCases_FileNotFound_ReturnsZero" fullname="NUnit.Framework.Api.TestAssemblyRunnerTests.CountTestCases_FileNotFound_ReturnsZero" methodname="CountTestCases_FileNotFound_ReturnsZero" classname="NUnit.Framework.Api.TestAssemblyRunnerTests" runstate="Runnable" seed="1288039322" result="Passed" start-time="2017-02-21 11:04:52Z" end-time="2017-02-21 11:04:52Z" duration="0.000227" asserts="1" />
            <test-case id="0-1079" name="CountTestCases_WithoutLoad_ThrowsInvalidOperation" fullname="NUnit.Framework.Api.TestAssemblyRunnerTests.CountTestCases_WithoutLoad_ThrowsInvalidOperation" methodname="CountTestCases_WithoutLoad_ThrowsInvalidOperation" classname="NUnit.Framework.Api.TestAssemblyRunnerTests" runstate="Runnable" seed="1226287902" result="Passed" start-time="2017-02-21 11:04:52Z" end-time="2017-02-21 11:04:52Z" duration="0.000401" asserts="2" />
            <test-case id="0-1077" name="Load_BadFile_ReturnsNonRunnableSuite" fullname="NUnit.Framework.Api.TestAssemblyRunnerTests.Load_BadFile_ReturnsNonRunnableSuite" methodname="Load_BadFile_ReturnsNonRunnableSuite" classname="NUnit.Framework.Api.TestAssemblyRunnerTests" runstate="Runnable" seed="1634866737" result="Passed" start-time="2017-02-21 11:04:52Z" end-time="2017-02-21 11:04:52Z" duration="0.000492" asserts="6" />
            <test-case id="0-1076" name="Load_FileNotFound_ReturnsNonRunnableSuite" fullname="NUnit.Framework.Api.TestAssemblyRunnerTests.Load_FileNotFound_ReturnsNonRunnableSuite" methodname="Load_FileNotFound_ReturnsNonRunnableSuite" classname="NUnit.Framework.Api.TestAssemblyRunnerTests" runstate="Runnable" seed="624787454" result="Passed" start-time="2017-02-21 11:04:52Z" end-time="2017-02-21 11:04:52Z" duration="0.000400" asserts="6" />
            <test-case id="0-1075" name="Load_GoodFile_ReturnsRunnableSuite" fullname="NUnit.Framework.Api.TestAssemblyRunnerTests.Load_GoodFile_ReturnsRunnableSuite" methodname="Load_GoodFile_ReturnsRunnableSuite" classname="NUnit.Framework.Api.TestAssemblyRunnerTests" runstate="Runnable" seed="1787144734" result="Passed" start-time="2017-02-21 11:04:52Z" end-time="2017-02-21 11:04:52Z" duration="0.003776" asserts="5" />
            <test-case id="0-1082" name="Run_AfterLoad_ReturnsRunnableSuite" fullname="NUnit.Framework.Api.TestAssemblyRunnerTests.Run_AfterLoad_ReturnsRunnableSuite" methodname="Run_AfterLoad_ReturnsRunnableSuite" classname="NUnit.Framework.Api.TestAssemblyRunnerTests" runstate="Runnable" seed="252025853" result="Passed" start-time="2017-02-21 11:04:52Z" end-time="2017-02-21 11:04:52Z" duration="0.123140" asserts="10" />
            <test-case id="0-1083" name="Run_AfterLoad_SendsExpectedEvents" fullname="NUnit.Framework.Api.TestAssemblyRunnerTests.Run_AfterLoad_SendsExpectedEvents" methodname="Run_AfterLoad_SendsExpectedEvents" classname="NUnit.Framework.Api.TestAssemblyRunnerTests" runstate="Runnable" seed="2012529935" result="Passed" start-time="2017-02-21 11:04:52Z" end-time="2017-02-21 11:04:52Z" duration="0.123593" asserts="7" />
            <test-case id="0-1088" name="Run_BadFile_ReturnsNonRunnableSuite" fullname="NUnit.Framework.Api.TestAssemblyRunnerTests.Run_BadFile_ReturnsNonRunnableSuite" methodname="Run_BadFile_ReturnsNonRunnableSuite" classname="NUnit.Framework.Api.TestAssemblyRunnerTests" runstate="Runnable" seed="412681052" result="Passed" start-time="2017-02-21 11:04:52Z" end-time="2017-02-21 11:04:52Z" duration="0.003717" asserts="6" />
            <test-case id="0-1085" name="Run_FileNotFound_ReturnsNonRunnableSuite" fullname="NUnit.Framework.Api.TestAssemblyRunnerTests.Run_FileNotFound_ReturnsNonRunnableSuite" methodname="Run_FileNotFound_ReturnsNonRunnableSuite" classname="NUnit.Framework.Api.TestAssemblyRunnerTests" runstate="Runnable" seed="315742318" result="Passed" start-time="2017-02-21 11:04:52Z" end-time="2017-02-21 11:04:52Z" duration="0.002983" asserts="6" />
            <test-case id="0-1087" name="Run_WithLegacyParameters" fullname="NUnit.Framework.Api.TestAssemblyRunnerTests.Run_WithLegacyParameters" methodname="Run_WithLegacyParameters" classname="NUnit.Framework.Api.TestAssemblyRunnerTests" runstate="Runnable" seed="1062262348" result="Passed" start-time="2017-02-21 11:04:52Z" end-time="2017-02-21 11:04:52Z" duration="0.122891" asserts="1" />
            <test-case id="0-1084" name="Run_WithoutLoad_ReturnsError" fullname="NUnit.Framework.Api.TestAssemblyRunnerTests.Run_WithoutLoad_ReturnsError" methodname="Run_WithoutLoad_ReturnsError" classname="NUnit.Framework.Api.TestAssemblyRunnerTests" runstate="Runnable" seed="1761839859" result="Passed" start-time="2017-02-21 11:04:52Z" end-time="2017-02-21 11:04:52Z" duration="0.000317" asserts="2" />
            <test-case id="0-1086" name="Run_WithParameters" fullname="NUnit.Framework.Api.TestAssemblyRunnerTests.Run_WithParameters" methodname="Run_WithParameters" classname="NUnit.Framework.Api.TestAssemblyRunnerTests" runstate="Runnable" seed="109448763" result="Passed" start-time="2017-02-21 11:04:52Z" end-time="2017-02-21 11:04:52Z" duration="0.126027" asserts="1" />
            <test-case id="0-1089" name="RunAsync_AfterLoad_ReturnsRunnableSuite" fullname="NUnit.Framework.Api.TestAssemblyRunnerTests.RunAsync_AfterLoad_ReturnsRunnableSuite" methodname="RunAsync_AfterLoad_ReturnsRunnableSuite" classname="NUnit.Framework.Api.TestAssemblyRunnerTests" runstate="Runnable" seed="2111284593" result="Passed" start-time="2017-02-21 11:04:52Z" end-time="2017-02-21 11:04:52Z" duration="0.124214" asserts="10" />
            <test-case id="0-1090" name="RunAsync_AfterLoad_SendsExpectedEvents" fullname="NUnit.Framework.Api.TestAssemblyRunnerTests.RunAsync_AfterLoad_SendsExpectedEvents" methodname="RunAsync_AfterLoad_SendsExpectedEvents" classname="NUnit.Framework.Api.TestAssemblyRunnerTests" runstate="Runnable" seed="236784490" result="Passed" start-time="2017-02-21 11:04:52Z" end-time="2017-02-21 11:04:53Z" duration="0.123875" asserts="6" />
            <test-case id="0-1093" name="RunAsync_BadFile_ReturnsNonRunnableSuite" fullname="NUnit.Framework.Api.TestAssemblyRunnerTests.RunAsync_BadFile_ReturnsNonRunnableSuite" methodname="RunAsync_BadFile_ReturnsNonRunnableSuite" classname="NUnit.Framework.Api.TestAssemblyRunnerTests" runstate="Runnable" seed="1806784966" result="Passed" start-time="2017-02-21 11:04:53Z" end-time="2017-02-21 11:04:53Z" duration="0.003078" asserts="7" />
            <test-case id="0-1092" name="RunAsync_FileNotFound_ReturnsNonRunnableSuite" fullname="NUnit.Framework.Api.TestAssemblyRunnerTests.RunAsync_FileNotFound_ReturnsNonRunnableSuite" methodname="RunAsync_FileNotFound_ReturnsNonRunnableSuite" classname="NUnit.Framework.Api.TestAssemblyRunnerTests" runstate="Runnable" seed="1751756840" result="Passed" start-time="2017-02-21 11:04:53Z" end-time="2017-02-21 11:04:53Z" duration="0.002873" asserts="7" />
            <test-case id="0-1091" name="RunAsync_WithoutLoad_ReturnsError" fullname="NUnit.Framework.Api.TestAssemblyRunnerTests.RunAsync_WithoutLoad_ReturnsError" methodname="RunAsync_WithoutLoad_ReturnsError" classname="NUnit.Framework.Api.TestAssemblyRunnerTests" runstate="Runnable" seed="1935106835" result="Passed" start-time="2017-02-21 11:04:53Z" end-time="2017-02-21 11:04:53Z" duration="0.000303" asserts="2" />
            <test-case id="0-1094" name="StopRun_WhenNoTestIsRunning_Succeeds" fullname="NUnit.Framework.Api.TestAssemblyRunnerTests.StopRun_WhenNoTestIsRunning_Succeeds" methodname="StopRun_WhenNoTestIsRunning_Succeeds" classname="NUnit.Framework.Api.TestAssemblyRunnerTests" runstate="Runnable" seed="1013858501" result="Passed" start-time="2017-02-21 11:04:53Z" end-time="2017-02-21 11:04:53Z" duration="0.000100" asserts="0" />
            <test-case id="0-1095" name="StopRun_WhenTestIsRunning_StopsTest" fullname="NUnit.Framework.Api.TestAssemblyRunnerTests.StopRun_WhenTestIsRunning_StopsTest" methodname="StopRun_WhenTestIsRunning_StopsTest" classname="NUnit.Framework.Api.TestAssemblyRunnerTests" runstate="Runnable" seed="1598890810" result="Passed" start-time="2017-02-21 11:04:53Z" end-time="2017-02-21 11:05:02Z" duration="9.038041" asserts="1" />
          </test-suite>
        </test-suite>
        <test-suite type="TestSuite" id="0-5521" name="Assertions" fullname="NUnit.Framework.Assertions" runstate="Runnable" testcasecount="613" result="Passed" start-time="2017-02-21 11:04:43Z" end-time="2017-02-21 11:05:02Z" duration="19.123401" total="613" passed="609" failed="0" warnings="0" inconclusive="0" skipped="4" asserts="1309">
          <test-suite type="TestFixture" id="0-1098" name="ArrayEqualsFailureMessageFixture" fullname="NUnit.Framework.Assertions.ArrayEqualsFailureMessageFixture" classname="NUnit.Framework.Assertions.ArrayEqualsFailureMessageFixture" runstate="Runnable" testcasecount="15" result="Passed" start-time="2017-02-21 11:04:43Z" end-time="2017-02-21 11:04:43Z" duration="0.110480" total="15" passed="15" failed="0" warnings="0" inconclusive="0" skipped="0" asserts="30">
            <test-case id="0-1101" name="ActualArrayIsLonger" fullname="NUnit.Framework.Assertions.ArrayEqualsFailureMessageFixture.ActualArrayIsLonger" methodname="ActualArrayIsLonger" classname="NUnit.Framework.Assertions.ArrayEqualsFailureMessageFixture" runstate="Runnable" seed="749264251" result="Passed" start-time="2017-02-21 11:04:43Z" end-time="2017-02-21 11:04:43Z" duration="0.013623" asserts="2" />
            <test-case id="0-1112" name="ArrayAndCollection_Failure" fullname="NUnit.Framework.Assertions.ArrayEqualsFailureMessageFixture.ArrayAndCollection_Failure" methodname="ArrayAndCollection_Failure" classname="NUnit.Framework.Assertions.ArrayEqualsFailureMessageFixture" runstate="Runnable" seed="319197648" result="Passed" start-time="2017-02-21 11:04:43Z" end-time="2017-02-21 11:04:43Z" duration="0.004078" asserts="2" />
            <test-case id="0-1111" name="ArraysDeclaredAsDifferentTypes" fullname="NUnit.Framework.Assertions.ArrayEqualsFailureMessageFixture.ArraysDeclaredAsDifferentTypes" methodname="ArraysDeclaredAsDifferentTypes" classname="NUnit.Framework.Assertions.ArrayEqualsFailureMessageFixture" runstate="Runnable" seed="18166821" result="Passed" start-time="2017-02-21 11:04:43Z" end-time="2017-02-21 11:04:43Z" duration="0.007065" asserts="2" />
            <test-case id="0-1099" name="ArraysHaveDifferentRanks" fullname="NUnit.Framework.Assertions.ArrayEqualsFailureMessageFixture.ArraysHaveDifferentRanks" methodname="ArraysHaveDifferentRanks" classname="NUnit.Framework.Assertions.ArrayEqualsFailureMessageFixture" runstate="Runnable" seed="1562055028" result="Passed" start-time="2017-02-21 11:04:43Z" end-time="2017-02-21 11:04:43Z" duration="0.003430" asserts="2" />
            <test-case id="0-1109" name="ArraysWithDifferentDimensionsAsCollection" fullname="NUnit.Framework.Assertions.ArrayEqualsFailureMessageFixture.ArraysWithDifferentDimensionsAsCollection" methodname="ArraysWithDifferentDimensionsAsCollection" classname="NUnit.Framework.Assertions.ArrayEqualsFailureMessageFixture" runstate="Runnable" seed="33453810" result="Passed" start-time="2017-02-21 11:04:43Z" end-time="2017-02-21 11:04:43Z" duration="0.002659" asserts="2" />
            <test-case id="0-1108" name="ArraysWithDifferentRanksAsCollection" fullname="NUnit.Framework.Assertions.ArrayEqualsFailureMessageFixture.ArraysWithDifferentRanksAsCollection" methodname="ArraysWithDifferentRanksAsCollection" classname="NUnit.Framework.Assertions.ArrayEqualsFailureMessageFixture" runstate="Runnable" seed="1927257724" result="Passed" start-time="2017-02-21 11:04:43Z" end-time="2017-02-21 11:04:43Z" duration="0.002652" asserts="2" />
            <test-case id="0-1113" name="DifferentArrayTypesEqualFails" fullname="NUnit.Framework.Assertions.ArrayEqualsFailureMessageFixture.DifferentArrayTypesEqualFails" methodname="DifferentArrayTypesEqualFails" classname="NUnit.Framework.Assertions.ArrayEqualsFailureMessageFixture" runstate="Runnable" seed="473782882" result="Passed" start-time="2017-02-21 11:04:43Z" end-time="2017-02-21 11:04:43Z" duration="0.002312" asserts="2" />
            <test-case id="0-1103" name="DoubleDimensionedArrays" fullname="NUnit.Framework.Assertions.ArrayEqualsFailureMessageFixture.DoubleDimensionedArrays" methodname="DoubleDimensionedArrays" classname="NUnit.Framework.Assertions.ArrayEqualsFailureMessageFixture" runstate="Runnable" seed="770004896" result="Passed" start-time="2017-02-21 11:04:43Z" end-time="2017-02-21 11:04:43Z" duration="0.003447" asserts="2" />
            <test-case id="0-1100" name="ExpectedArrayIsLonger" fullname="NUnit.Framework.Assertions.ArrayEqualsFailureMessageFixture.ExpectedArrayIsLonger" methodname="ExpectedArrayIsLonger" classname="NUnit.Framework.Assertions.ArrayEqualsFailureMessageFixture" runstate="Runnable" seed="2026334207" result="Passed" start-time="2017-02-21 11:04:43Z" end-time="2017-02-21 11:04:43Z" duration="0.003714" asserts="2" />
            <test-case id="0-1102" name="FailureOnSingleDimensionedArrays" fullname="NUnit.Framework.Assertions.ArrayEqualsFailureMessageFixture.FailureOnSingleDimensionedArrays" methodname="FailureOnSingleDimensionedArrays" classname="NUnit.Framework.Assertions.ArrayEqualsFailureMessageFixture" runstate="Runnable" seed="83366404" result="Passed" start-time="2017-02-21 11:04:43Z" end-time="2017-02-21 11:04:43Z" duration="0.002544" asserts="2" />
            <test-case id="0-1105" name="FiveDimensionedArrays" fullname="NUnit.Framework.Assertions.ArrayEqualsFailureMessageFixture.FiveDimensionedArrays" methodname="FiveDimensionedArrays" classname="NUnit.Framework.Assertions.ArrayEqualsFailureMessageFixture" runstate="Runnable" seed="591307125" result="Passed" start-time="2017-02-21 11:04:43Z" end-time="2017-02-21 11:04:43Z" duration="0.003124" asserts="2" />
            <test-case id="0-1107" name="JaggedArrayComparedToSimpleArray" fullname="NUnit.Framework.Assertions.ArrayEqualsFailureMessageFixture.JaggedArrayComparedToSimpleArray" methodname="JaggedArrayComparedToSimpleArray" classname="NUnit.Framework.Assertions.ArrayEqualsFailureMessageFixture" runstate="Runnable" seed="786816309" result="Passed" start-time="2017-02-21 11:04:43Z" end-time="2017-02-21 11:04:43Z" duration="0.006424" asserts="2" />
            <test-case id="0-1106" name="JaggedArrays" fullname="NUnit.Framework.Assertions.ArrayEqualsFailureMessageFixture.JaggedArrays" methodname="JaggedArrays" classname="NUnit.Framework.Assertions.ArrayEqualsFailureMessageFixture" runstate="Runnable" seed="1283278877" result="Passed" start-time="2017-02-21 11:04:43Z" end-time="2017-02-21 11:04:43Z" duration="0.002433" asserts="2" />
            <test-case id="0-1110" name="SameLengthDifferentContent" fullname="NUnit.Framework.Assertions.ArrayEqualsFailureMessageFixture.SameLengthDifferentContent" methodname="SameLengthDifferentContent" classname="NUnit.Framework.Assertions.ArrayEqualsFailureMessageFixture" runstate="Runnable" seed="1670071498" result="Passed" start-time="2017-02-21 11:04:43Z" end-time="2017-02-21 11:04:43Z" duration="0.006135" asserts="2" />
            <test-case id="0-1104" name="TripleDimensionedArrays" fullname="NUnit.Framework.Assertions.ArrayEqualsFailureMessageFixture.TripleDimensionedArrays" methodname="TripleDimensionedArrays" classname="NUnit.Framework.Assertions.ArrayEqualsFailureMessageFixture" runstate="Runnable" seed="459044448" result="Passed" start-time="2017-02-21 11:04:43Z" end-time="2017-02-21 11:04:43Z" duration="0.007759" asserts="2" />
          </test-suite>
          <test-suite type="TestFixture" id="0-1138" name="ArrayNotEqualFixture" fullname="NUnit.Framework.Assertions.ArrayNotEqualFixture" classname="NUnit.Framework.Assertions.ArrayNotEqualFixture" runstate="Runnable" testcasecount="3" result="Passed" start-time="2017-02-21 11:04:43Z" end-time="2017-02-21 11:04:43Z" duration="0.008382" total="3" passed="3" failed="0" warnings="0" inconclusive="0" skipped="0" asserts="5">
            <test-case id="0-1141" name="ArraysDeclaredAsDifferentTypes" fullname="NUnit.Framework.Assertions.ArrayNotEqualFixture.ArraysDeclaredAsDifferentTypes" methodname="ArraysDeclaredAsDifferentTypes" classname="NUnit.Framework.Assertions.ArrayNotEqualFixture" runstate="Runnable" seed="107788729" result="Passed" start-time="2017-02-21 11:04:43Z" end-time="2017-02-21 11:04:43Z" duration="0.000147" asserts="1" />
            <test-case id="0-1139" name="DifferentLengthArrays" fullname="NUnit.Framework.Assertions.ArrayNotEqualFixture.DifferentLengthArrays" methodname="DifferentLengthArrays" classname="NUnit.Framework.Assertions.ArrayNotEqualFixture" runstate="Runnable" seed="101419528" result="Passed" start-time="2017-02-21 11:04:43Z" end-time="2017-02-21 11:04:43Z" duration="0.000189" asserts="2" />
            <test-case id="0-1140" name="SameLengthDifferentContent" fullname="NUnit.Framework.Assertions.ArrayNotEqualFixture.SameLengthDifferentContent" methodname="SameLengthDifferentContent" classname="NUnit.Framework.Assertions.ArrayNotEqualFixture" runstate="Runnable" seed="991846785" result="Passed" start-time="2017-02-21 11:04:43Z" end-time="2017-02-21 11:04:43Z" duration="0.000295" asserts="2" />
          </test-suite>
          <test-suite type="TestFixture" id="0-1188" name="AssertFailTests" fullname="NUnit.Framework.Assertions.AssertFailTests" classname="NUnit.Framework.Assertions.AssertFailTests" runstate="Runnable" testcasecount="7" result="Passed" start-time="2017-02-21 11:04:43Z" end-time="2017-02-21 11:04:43Z" duration="0.048358" total="7" passed="7" failed="0" warnings="0" inconclusive="0" skipped="0" asserts="7">
            <test-case id="0-1193" name="AssertFailWorks" fullname="NUnit.Framework.Assertions.AssertFailTests.AssertFailWorks" methodname="AssertFailWorks" classname="NUnit.Framework.Assertions.AssertFailTests" runstate="Runnable" seed="600598357" result="Passed" start-time="2017-02-21 11:04:43Z" end-time="2017-02-21 11:04:43Z" duration="0.005254" asserts="1" />
            <test-case id="0-1194" name="AssertFailWorksWithMessage" fullname="NUnit.Framework.Assertions.AssertFailTests.AssertFailWorksWithMessage" methodname="AssertFailWorksWithMessage" classname="NUnit.Framework.Assertions.AssertFailTests" runstate="Runnable" seed="1136030720" result="Passed" start-time="2017-02-21 11:04:43Z" end-time="2017-02-21 11:04:43Z" duration="0.003669" asserts="1" />
            <test-case id="0-1195" name="AssertFailWorksWithMessageAndArgs" fullname="NUnit.Framework.Assertions.AssertFailTests.AssertFailWorksWithMessageAndArgs" methodname="AssertFailWorksWithMessageAndArgs" classname="NUnit.Framework.Assertions.AssertFailTests" runstate="Runnable" seed="1678758792" result="Passed" start-time="2017-02-21 11:04:43Z" end-time="2017-02-21 11:04:43Z" duration="0.003074" asserts="1" />
            <test-case id="0-1189" name="ThrowsAssertionException" fullname="NUnit.Framework.Assertions.AssertFailTests.ThrowsAssertionException" methodname="ThrowsAssertionException" classname="NUnit.Framework.Assertions.AssertFailTests" runstate="Runnable" seed="1064948681" result="Passed" start-time="2017-02-21 11:04:43Z" end-time="2017-02-21 11:04:43Z" duration="0.005020" asserts="1" />
            <test-case id="0-1190" name="ThrowsAssertionException_MessageSpecified" fullname="NUnit.Framework.Assertions.AssertFailTests.ThrowsAssertionException_MessageSpecified" methodname="ThrowsAssertionException_MessageSpecified" classname="NUnit.Framework.Assertions.AssertFailTests" runstate="Runnable" seed="629006780" result="Passed" start-time="2017-02-21 11:04:43Z" end-time="2017-02-21 11:04:43Z" duration="0.004286" asserts="1" />
            <test-case id="0-1191" name="ThrowsAssertionExceptionWithMessage" fullname="NUnit.Framework.Assertions.AssertFailTests.ThrowsAssertionExceptionWithMessage" methodname="ThrowsAssertionExceptionWithMessage" classname="NUnit.Framework.Assertions.AssertFailTests" runstate="Runnable" seed="1788065599" result="Passed" start-time="2017-02-21 11:04:43Z" end-time="2017-02-21 11:04:43Z" duration="0.004236" asserts="1" />
            <test-case id="0-1192" name="ThrowsAssertionExceptionWithMessageAndArgs" fullname="NUnit.Framework.Assertions.AssertFailTests.ThrowsAssertionExceptionWithMessageAndArgs" methodname="ThrowsAssertionExceptionWithMessageAndArgs" classname="NUnit.Framework.Assertions.AssertFailTests" runstate="Runnable" seed="1831996461" result="Passed" start-time="2017-02-21 11:04:43Z" end-time="2017-02-21 11:04:43Z" duration="0.004120" asserts="1" />
          </test-suite>
          <test-suite type="TestFixture" id="0-1114" name="ArrayEqualsFixture" fullname="NUnit.Framework.Assertions.ArrayEqualsFixture" classname="NUnit.Framework.Assertions.ArrayEqualsFixture" runstate="Runnable" testcasecount="23" result="Passed" start-time="2017-02-21 11:04:43Z" end-time="2017-02-21 11:04:43Z" duration="0.095328" total="23" passed="23" failed="0" warnings="0" inconclusive="0" skipped="0" asserts="38">
            <test-case id="0-1134" name="ArrayAndArraySegment" fullname="NUnit.Framework.Assertions.ArrayEqualsFixture.ArrayAndArraySegment" methodname="ArrayAndArraySegment" classname="NUnit.Framework.Assertions.ArrayEqualsFixture" runstate="Runnable" seed="1853619271" result="Passed" start-time="2017-02-21 11:04:43Z" end-time="2017-02-21 11:04:43Z" duration="0.001312" asserts="1" />
            <test-case id="0-1129" name="ArrayAndCollection" fullname="NUnit.Framework.Assertions.ArrayEqualsFixture.ArrayAndCollection" methodname="ArrayAndCollection" classname="NUnit.Framework.Assertions.ArrayEqualsFixture" runstate="Runnable" seed="180249120" result="Passed" start-time="2017-02-21 11:04:43Z" end-time="2017-02-21 11:04:43Z" duration="0.000341" asserts="2" />
            <test-case id="0-1135" name="ArrayAndEmptyArraySegment" fullname="NUnit.Framework.Assertions.ArrayEqualsFixture.ArrayAndEmptyArraySegment" methodname="ArrayAndEmptyArraySegment" classname="NUnit.Framework.Assertions.ArrayEqualsFixture" runstate="Runnable" seed="1031023453" result="Passed" start-time="2017-02-21 11:04:43Z" end-time="2017-02-21 11:04:43Z" duration="0.000498" asserts="1" />
            <test-case id="0-1115" name="ArrayIsEqualToItself" fullname="NUnit.Framework.Assertions.ArrayEqualsFixture.ArrayIsEqualToItself" methodname="ArrayIsEqualToItself" classname="NUnit.Framework.Assertions.ArrayEqualsFixture" runstate="Runnable" seed="843484880" result="Passed" start-time="2017-02-21 11:04:43Z" end-time="2017-02-21 11:04:43Z" duration="0.000204" asserts="2" />
            <test-case id="0-1120" name="ArrayOfIntAndArrayOfDouble" fullname="NUnit.Framework.Assertions.ArrayEqualsFixture.ArrayOfIntAndArrayOfDouble" methodname="ArrayOfIntAndArrayOfDouble" classname="NUnit.Framework.Assertions.ArrayEqualsFixture" runstate="Runnable" seed="1505339502" result="Passed" start-time="2017-02-21 11:04:43Z" end-time="2017-02-21 11:04:43Z" duration="0.001259" asserts="2" />
            <test-case id="0-1121" name="ArraysDeclaredAsDifferentTypes" fullname="NUnit.Framework.Assertions.ArrayEqualsFixture.ArraysDeclaredAsDifferentTypes" methodname="ArraysDeclaredAsDifferentTypes" classname="NUnit.Framework.Assertions.ArrayEqualsFixture" runstate="Runnable" seed="602357824" result="Passed" start-time="2017-02-21 11:04:43Z" end-time="2017-02-21 11:04:43Z" duration="0.000328" asserts="2" />
            <test-case id="0-1132" name="ArraySegmentAndArray" fullname="NUnit.Framework.Assertions.ArrayEqualsFixture.ArraySegmentAndArray" methodname="ArraySegmentAndArray" classname="NUnit.Framework.Assertions.ArrayEqualsFixture" runstate="Runnable" seed="589320740" result="Passed" start-time="2017-02-21 11:04:43Z" end-time="2017-02-21 11:04:43Z" duration="0.003233" asserts="1" />
            <test-case id="0-1126" name="ArraysOfArrays" fullname="NUnit.Framework.Assertions.ArrayEqualsFixture.ArraysOfArrays" methodname="ArraysOfArrays" classname="NUnit.Framework.Assertions.ArrayEqualsFixture" runstate="Runnable" seed="1218450230" result="Passed" start-time="2017-02-21 11:04:43Z" end-time="2017-02-21 11:04:43Z" duration="0.000328" asserts="2" />
            <test-case id="0-1119" name="ArraysOfDecimal" fullname="NUnit.Framework.Assertions.ArrayEqualsFixture.ArraysOfDecimal" methodname="ArraysOfDecimal" classname="NUnit.Framework.Assertions.ArrayEqualsFixture" runstate="Runnable" seed="1885391008" result="Passed" start-time="2017-02-21 11:04:43Z" end-time="2017-02-21 11:04:43Z" duration="0.001324" asserts="2" />
            <test-case id="0-1118" name="ArraysOfDouble" fullname="NUnit.Framework.Assertions.ArrayEqualsFixture.ArraysOfDouble" methodname="ArraysOfDouble" classname="NUnit.Framework.Assertions.ArrayEqualsFixture" runstate="Runnable" seed="1900162747" result="Passed" start-time="2017-02-21 11:04:43Z" end-time="2017-02-21 11:04:43Z" duration="0.000277" asserts="2" />
            <test-case id="0-1117" name="ArraysOfInt" fullname="NUnit.Framework.Assertions.ArrayEqualsFixture.ArraysOfInt" methodname="ArraysOfInt" classname="NUnit.Framework.Assertions.ArrayEqualsFixture" runstate="Runnable" seed="1614337363" result="Passed" start-time="2017-02-21 11:04:43Z" end-time="2017-02-21 11:04:43Z" duration="0.000238" asserts="2" />
            <test-case id="0-1122" name="ArraysOfMixedTypes" fullname="NUnit.Framework.Assertions.ArrayEqualsFixture.ArraysOfMixedTypes" methodname="ArraysOfMixedTypes" classname="NUnit.Framework.Assertions.ArrayEqualsFixture" runstate="Runnable" seed="1096079390" result="Passed" start-time="2017-02-21 11:04:43Z" end-time="2017-02-21 11:04:43Z" duration="0.018367" asserts="2" />
            <test-case id="0-1116" name="ArraysOfString" fullname="NUnit.Framework.Assertions.ArrayEqualsFixture.ArraysOfString" methodname="ArraysOfString" classname="NUnit.Framework.Assertions.ArrayEqualsFixture" runstate="Runnable" seed="1289152935" result="Passed" start-time="2017-02-21 11:04:43Z" end-time="2017-02-21 11:04:43Z" duration="0.000351" asserts="3" />
            <test-case id="0-1128" name="ArraysPassedAsObjects" fullname="NUnit.Framework.Assertions.ArrayEqualsFixture.ArraysPassedAsObjects" methodname="ArraysPassedAsObjects" classname="NUnit.Framework.Assertions.ArrayEqualsFixture" runstate="Runnable" seed="814010972" result="Passed" start-time="2017-02-21 11:04:43Z" end-time="2017-02-21 11:04:43Z" duration="0.000414" asserts="2" />
            <test-case id="0-1131" name="ArraysWithDifferentDimensionsMatchedAsCollection" fullname="NUnit.Framework.Assertions.ArrayEqualsFixture.ArraysWithDifferentDimensionsMatchedAsCollection" methodname="ArraysWithDifferentDimensionsMatchedAsCollection" classname="NUnit.Framework.Assertions.ArrayEqualsFixture" runstate="Runnable" seed="969282044" result="Passed" start-time="2017-02-21 11:04:43Z" end-time="2017-02-21 11:04:43Z" duration="0.000381" asserts="2" />
            <test-case id="0-1130" name="ArraysWithDifferentRanksComparedAsCollection" fullname="NUnit.Framework.Assertions.ArrayEqualsFixture.ArraysWithDifferentRanksComparedAsCollection" methodname="ArraysWithDifferentRanksComparedAsCollection" classname="NUnit.Framework.Assertions.ArrayEqualsFixture" runstate="Runnable" seed="1858180782" result="Passed" start-time="2017-02-21 11:04:43Z" end-time="2017-02-21 11:04:43Z" duration="0.000234" asserts="2" />
            <test-case id="0-1123" name="DoubleDimensionedArrays" fullname="NUnit.Framework.Assertions.ArrayEqualsFixture.DoubleDimensionedArrays" methodname="DoubleDimensionedArrays" classname="NUnit.Framework.Assertions.ArrayEqualsFixture" runstate="Runnable" seed="504206999" result="Passed" start-time="2017-02-21 11:04:43Z" end-time="2017-02-21 11:04:43Z" duration="0.000148" asserts="2" />
            <test-case id="0-1133" name="EmptyArraySegmentAndArray" fullname="NUnit.Framework.Assertions.ArrayEqualsFixture.EmptyArraySegmentAndArray" methodname="EmptyArraySegmentAndArray" classname="NUnit.Framework.Assertions.ArrayEqualsFixture" runstate="Runnable" seed="1448040165" result="Passed" start-time="2017-02-21 11:04:43Z" end-time="2017-02-21 11:04:43Z" duration="0.000297" asserts="1" />
            <test-case id="0-1125" name="FiveDimensionedArrays" fullname="NUnit.Framework.Assertions.ArrayEqualsFixture.FiveDimensionedArrays" methodname="FiveDimensionedArrays" classname="NUnit.Framework.Assertions.ArrayEqualsFixture" runstate="Runnable" seed="726224856" result="Passed" start-time="2017-02-21 11:04:43Z" end-time="2017-02-21 11:04:43Z" duration="0.000223" asserts="1" />
            <test-case id="0-1127" name="JaggedArrays" fullname="NUnit.Framework.Assertions.ArrayEqualsFixture.JaggedArrays" methodname="JaggedArrays" classname="NUnit.Framework.Assertions.ArrayEqualsFixture" runstate="Runnable" seed="2014582550" result="Passed" start-time="2017-02-21 11:04:43Z" end-time="2017-02-21 11:04:43Z" duration="0.000280" asserts="1" />
            <test-case id="0-1124" name="TripleDimensionedArrays" fullname="NUnit.Framework.Assertions.ArrayEqualsFixture.TripleDimensionedArrays" methodname="TripleDimensionedArrays" classname="NUnit.Framework.Assertions.ArrayEqualsFixture" runstate="Runnable" seed="1215976871" result="Passed" start-time="2017-02-21 11:04:43Z" end-time="2017-02-21 11:04:43Z" duration="0.000183" asserts="1" />
            <test-case id="0-1136" name="TwoArraySegments" fullname="NUnit.Framework.Assertions.ArrayEqualsFixture.TwoArraySegments" methodname="TwoArraySegments" classname="NUnit.Framework.Assertions.ArrayEqualsFixture" runstate="Runnable" seed="1906883623" result="Passed" start-time="2017-02-21 11:04:43Z" end-time="2017-02-21 11:04:43Z" duration="0.000515" asserts="1" />
            <test-case id="0-1137" name="TwoEmptyArraySegments" fullname="NUnit.Framework.Assertions.ArrayEqualsFixture.TwoEmptyArraySegments" methodname="TwoEmptyArraySegments" classname="NUnit.Framework.Assertions.ArrayEqualsFixture" runstate="Runnable" seed="1514431119" result="Passed" start-time="2017-02-21 11:04:43Z" end-time="2017-02-21 11:04:43Z" duration="0.000283" asserts="1" />
          </test-suite>
          <test-suite type="TestFixture" id="0-1207" name="AssertInconclusiveTests" fullname="NUnit.Framework.Assertions.AssertInconclusiveTests" classname="NUnit.Framework.Assertions.AssertInconclusiveTests" runstate="Runnable" testcasecount="3" result="Passed" start-time="2017-02-21 11:04:43Z" end-time="2017-02-21 11:04:43Z" duration="0.008409" total="3" passed="3" failed="0" warnings="0" inconclusive="0" skipped="0" asserts="3">
            <test-case id="0-1208" name="ThrowsInconclusiveException" fullname="NUnit.Framework.Assertions.AssertInconclusiveTests.ThrowsInconclusiveException" methodname="ThrowsInconclusiveException" classname="NUnit.Framework.Assertions.AssertInconclusiveTests" runstate="Runnable" seed="1068097388" result="Passed" start-time="2017-02-21 11:04:43Z" end-time="2017-02-21 11:04:43Z" duration="0.000300" asserts="1" />
            <test-case id="0-1209" name="ThrowsInconclusiveExceptionWithMessage" fullname="NUnit.Framework.Assertions.AssertInconclusiveTests.ThrowsInconclusiveExceptionWithMessage" methodname="ThrowsInconclusiveExceptionWithMessage" classname="NUnit.Framework.Assertions.AssertInconclusiveTests" runstate="Runnable" seed="1167114375" result="Passed" start-time="2017-02-21 11:04:43Z" end-time="2017-02-21 11:04:43Z" duration="0.000536" asserts="1" />
            <test-case id="0-1210" name="ThrowsInconclusiveExceptionWithMessageAndArgs" fullname="NUnit.Framework.Assertions.AssertInconclusiveTests.ThrowsInconclusiveExceptionWithMessageAndArgs" methodname="ThrowsInconclusiveExceptionWithMessageAndArgs" classname="NUnit.Framework.Assertions.AssertInconclusiveTests" runstate="Runnable" seed="2147255248" result="Passed" start-time="2017-02-21 11:04:43Z" end-time="2017-02-21 11:04:43Z" duration="0.000316" asserts="1" />
          </test-suite>
          <test-suite type="TestFixture" id="0-1196" name="AssertIgnoreTests" fullname="NUnit.Framework.Assertions.AssertIgnoreTests" classname="NUnit.Framework.Assertions.AssertIgnoreTests" runstate="Runnable" testcasecount="10" result="Passed" start-time="2017-02-21 11:04:43Z" end-time="2017-02-21 11:04:43Z" duration="0.045410" total="10" passed="10" failed="0" warnings="0" inconclusive="0" skipped="0" asserts="8">
            <test-case id="0-1203" name="IgnoreWithUserMessage" fullname="NUnit.Framework.Assertions.AssertIgnoreTests.IgnoreWithUserMessage" methodname="IgnoreWithUserMessage" classname="NUnit.Framework.Assertions.AssertIgnoreTests" runstate="Runnable" seed="1176637906" result="Passed" start-time="2017-02-21 11:04:43Z" end-time="2017-02-21 11:04:43Z" duration="0.000322" asserts="1" />
            <test-case id="0-1206" name="IgnoreWithUserMessage_ArrayOfArgs" fullname="NUnit.Framework.Assertions.AssertIgnoreTests.IgnoreWithUserMessage_ArrayOfArgs" methodname="IgnoreWithUserMessage_ArrayOfArgs" classname="NUnit.Framework.Assertions.AssertIgnoreTests" runstate="Runnable" seed="1374377659" result="Passed" start-time="2017-02-21 11:04:43Z" end-time="2017-02-21 11:04:43Z" duration="0.000229" asserts="1" />
            <test-case id="0-1204" name="IgnoreWithUserMessage_OneArg" fullname="NUnit.Framework.Assertions.AssertIgnoreTests.IgnoreWithUserMessage_OneArg" methodname="IgnoreWithUserMessage_OneArg" classname="NUnit.Framework.Assertions.AssertIgnoreTests" runstate="Runnable" seed="552451094" result="Passed" start-time="2017-02-21 11:04:43Z" end-time="2017-02-21 11:04:43Z" duration="0.000201" asserts="1" />
            <test-case id="0-1205" name="IgnoreWithUserMessage_ThreeArgs" fullname="NUnit.Framework.Assertions.AssertIgnoreTests.IgnoreWithUserMessage_ThreeArgs" methodname="IgnoreWithUserMessage_ThreeArgs" classname="NUnit.Framework.Assertions.AssertIgnoreTests" runstate="Runnable" seed="1380611511" result="Passed" start-time="2017-02-21 11:04:43Z" end-time="2017-02-21 11:04:43Z" duration="0.000327" asserts="1" />
            <test-case id="0-1200" name="IgnoreWorksForTestCase" fullname="NUnit.Framework.Assertions.AssertIgnoreTests.IgnoreWorksForTestCase" methodname="IgnoreWorksForTestCase" classname="NUnit.Framework.Assertions.AssertIgnoreTests" runstate="Runnable" seed="2141363035" result="Passed" start-time="2017-02-21 11:04:43Z" end-time="2017-02-21 11:04:43Z" duration="0.001439" asserts="1" />
            <test-case id="0-1201" name="IgnoreWorksForTestSuite" fullname="NUnit.Framework.Assertions.AssertIgnoreTests.IgnoreWorksForTestSuite" methodname="IgnoreWorksForTestSuite" classname="NUnit.Framework.Assertions.AssertIgnoreTests" runstate="Runnable" seed="1436912531" result="Passed" start-time="2017-02-21 11:04:43Z" end-time="2017-02-21 11:04:43Z" duration="0.003040" asserts="0" />
            <test-case id="0-1202" name="IgnoreWorksFromSetUp" fullname="NUnit.Framework.Assertions.AssertIgnoreTests.IgnoreWorksFromSetUp" methodname="IgnoreWorksFromSetUp" classname="NUnit.Framework.Assertions.AssertIgnoreTests" runstate="Runnable" seed="456912659" result="Passed" start-time="2017-02-21 11:04:43Z" end-time="2017-02-21 11:04:43Z" duration="0.012829" asserts="0" />
            <test-case id="0-1197" name="ThrowsIgnoreException" fullname="NUnit.Framework.Assertions.AssertIgnoreTests.ThrowsIgnoreException" methodname="ThrowsIgnoreException" classname="NUnit.Framework.Assertions.AssertIgnoreTests" runstate="Runnable" seed="884999253" result="Passed" start-time="2017-02-21 11:04:43Z" end-time="2017-02-21 11:04:43Z" duration="0.000324" asserts="1" />
            <test-case id="0-1198" name="ThrowsIgnoreExceptionWithMessage" fullname="NUnit.Framework.Assertions.AssertIgnoreTests.ThrowsIgnoreExceptionWithMessage" methodname="ThrowsIgnoreExceptionWithMessage" classname="NUnit.Framework.Assertions.AssertIgnoreTests" runstate="Runnable" seed="673700435" result="Passed" start-time="2017-02-21 11:04:43Z" end-time="2017-02-21 11:04:43Z" duration="0.000375" asserts="1" />
            <test-case id="0-1199" name="ThrowsIgnoreExceptionWithMessageAndArgs" fullname="NUnit.Framework.Assertions.AssertIgnoreTests.ThrowsIgnoreExceptionWithMessageAndArgs" methodname="ThrowsIgnoreExceptionWithMessageAndArgs" classname="NUnit.Framework.Assertions.AssertIgnoreTests" runstate="Runnable" seed="1109855862" result="Passed" start-time="2017-02-21 11:04:43Z" end-time="2017-02-21 11:04:43Z" duration="0.000460" asserts="1" />
          </test-suite>
          <test-suite type="TestFixture" id="0-1328" name="AssertPassTests" fullname="NUnit.Framework.Assertions.AssertPassTests" classname="NUnit.Framework.Assertions.AssertPassTests" runstate="Runnable" testcasecount="5" result="Passed" start-time="2017-02-21 11:04:43Z" end-time="2017-02-21 11:04:43Z" duration="0.016732" total="5" passed="5" failed="0" warnings="0" inconclusive="0" skipped="0" asserts="3">
            <test-case id="0-1332" name="AssertPassReturnsSuccess" fullname="NUnit.Framework.Assertions.AssertPassTests.AssertPassReturnsSuccess" methodname="AssertPassReturnsSuccess" classname="NUnit.Framework.Assertions.AssertPassTests" runstate="Runnable" seed="653325835" result="Passed" start-time="2017-02-21 11:04:43Z" end-time="2017-02-21 11:04:43Z" duration="0.000675" asserts="0">
              <reason>
                <message><![CDATA[This test is OK!]]></message>
              </reason>
            </test-case>
            <test-case id="0-1333" name="SubsequentFailureIsIrrelevant" fullname="NUnit.Framework.Assertions.AssertPassTests.SubsequentFailureIsIrrelevant" methodname="SubsequentFailureIsIrrelevant" classname="NUnit.Framework.Assertions.AssertPassTests" runstate="Runnable" seed="751325058" result="Passed" start-time="2017-02-21 11:04:43Z" end-time="2017-02-21 11:04:43Z" duration="0.000513" asserts="0">
              <reason>
                <message><![CDATA[This test is OK!]]></message>
              </reason>
            </test-case>
            <test-case id="0-1329" name="ThrowsSuccessException" fullname="NUnit.Framework.Assertions.AssertPassTests.ThrowsSuccessException" methodname="ThrowsSuccessException" classname="NUnit.Framework.Assertions.AssertPassTests" runstate="Runnable" seed="960797400" result="Passed" start-time="2017-02-21 11:04:43Z" end-time="2017-02-21 11:04:43Z" duration="0.000287" asserts="1" />
            <test-case id="0-1330" name="ThrowsSuccessExceptionWithMessage" fullname="NUnit.Framework.Assertions.AssertPassTests.ThrowsSuccessExceptionWithMessage" methodname="ThrowsSuccessExceptionWithMessage" classname="NUnit.Framework.Assertions.AssertPassTests" runstate="Runnable" seed="85478507" result="Passed" start-time="2017-02-21 11:04:43Z" end-time="2017-02-21 11:04:43Z" duration="0.000361" asserts="1" />
            <test-case id="0-1331" name="ThrowsSuccessExceptionWithMessageAndArgs" fullname="NUnit.Framework.Assertions.AssertPassTests.ThrowsSuccessExceptionWithMessageAndArgs" methodname="ThrowsSuccessExceptionWithMessageAndArgs" classname="NUnit.Framework.Assertions.AssertPassTests" runstate="Runnable" seed="2019528746" result="Passed" start-time="2017-02-21 11:04:43Z" end-time="2017-02-21 11:04:43Z" duration="0.002107" asserts="1" />
          </test-suite>
          <test-suite type="TestFixture" id="0-1414" name="AssertPolarityTests" fullname="NUnit.Framework.Assertions.AssertPolarityTests" classname="NUnit.Framework.Assertions.AssertPolarityTests" runstate="Runnable" testcasecount="10" result="Passed" start-time="2017-02-21 11:04:43Z" end-time="2017-02-21 11:04:43Z" duration="0.094008" total="10" passed="10" failed="0" warnings="0" inconclusive="0" skipped="0" asserts="30">
            <test-case id="0-1416" name="AssertNegativeNumbersFailPositiveAssertion" fullname="NUnit.Framework.Assertions.AssertPolarityTests.AssertNegativeNumbersFailPositiveAssertion" methodname="AssertNegativeNumbersFailPositiveAssertion" classname="NUnit.Framework.Assertions.AssertPolarityTests" runstate="Runnable" seed="1704588551" result="Passed" start-time="2017-02-21 11:04:43Z" end-time="2017-02-21 11:04:43Z" duration="0.021610" asserts="5" />
            <test-case id="0-1418" name="AssertPositiveNumbersFailNegativeAssertion" fullname="NUnit.Framework.Assertions.AssertPolarityTests.AssertPositiveNumbersFailNegativeAssertion" methodname="AssertPositiveNumbersFailNegativeAssertion" classname="NUnit.Framework.Assertions.AssertPolarityTests" runstate="Runnable" seed="1408840966" result="Passed" start-time="2017-02-21 11:04:43Z" end-time="2017-02-21 11:04:43Z" duration="0.027356" asserts="7" />
            <test-case id="0-1424" name="ExpectedFailureMessageExistsForIsNegative" fullname="NUnit.Framework.Assertions.AssertPolarityTests.ExpectedFailureMessageExistsForIsNegative" methodname="ExpectedFailureMessageExistsForIsNegative" classname="NUnit.Framework.Assertions.AssertPolarityTests" runstate="Runnable" seed="1732684616" result="Passed" start-time="2017-02-21 11:04:43Z" end-time="2017-02-21 11:04:43Z" duration="0.003126" asserts="2" />
            <test-case id="0-1423" name="ExpectedFailureMessageExistsForIsPositive" fullname="NUnit.Framework.Assertions.AssertPolarityTests.ExpectedFailureMessageExistsForIsPositive" methodname="ExpectedFailureMessageExistsForIsPositive" classname="NUnit.Framework.Assertions.AssertPolarityTests" runstate="Runnable" seed="305238234" result="Passed" start-time="2017-02-21 11:04:43Z" end-time="2017-02-21 11:04:43Z" duration="0.004703" asserts="2" />
            <test-case id="0-1419" name="IsNegativeWithMessageOverload" fullname="NUnit.Framework.Assertions.AssertPolarityTests.IsNegativeWithMessageOverload" methodname="IsNegativeWithMessageOverload" classname="NUnit.Framework.Assertions.AssertPolarityTests" runstate="Runnable" seed="1729079251" result="Passed" start-time="2017-02-21 11:04:43Z" end-time="2017-02-21 11:04:43Z" duration="0.003844" asserts="1" />
            <test-case id="0-1422" name="IsNegativeWithMessageOverloadPasses" fullname="NUnit.Framework.Assertions.AssertPolarityTests.IsNegativeWithMessageOverloadPasses" methodname="IsNegativeWithMessageOverloadPasses" classname="NUnit.Framework.Assertions.AssertPolarityTests" runstate="Runnable" seed="685845865" result="Passed" start-time="2017-02-21 11:04:43Z" end-time="2017-02-21 11:04:43Z" duration="0.000141" asserts="1" />
            <test-case id="0-1420" name="IsPositiveWithMessageOverload" fullname="NUnit.Framework.Assertions.AssertPolarityTests.IsPositiveWithMessageOverload" methodname="IsPositiveWithMessageOverload" classname="NUnit.Framework.Assertions.AssertPolarityTests" runstate="Runnable" seed="1472343692" result="Passed" start-time="2017-02-21 11:04:43Z" end-time="2017-02-21 11:04:43Z" duration="0.005971" asserts="1" />
            <test-case id="0-1421" name="IsPositiveWithMessageOverloadPasses" fullname="NUnit.Framework.Assertions.AssertPolarityTests.IsPositiveWithMessageOverloadPasses" methodname="IsPositiveWithMessageOverloadPasses" classname="NUnit.Framework.Assertions.AssertPolarityTests" runstate="Runnable" seed="515853442" result="Passed" start-time="2017-02-21 11:04:43Z" end-time="2017-02-21 11:04:43Z" duration="0.000153" asserts="1" />
            <test-case id="0-1417" name="NegativeNumbersPassNegativeAssertion" fullname="NUnit.Framework.Assertions.AssertPolarityTests.NegativeNumbersPassNegativeAssertion" methodname="NegativeNumbersPassNegativeAssertion" classname="NUnit.Framework.Assertions.AssertPolarityTests" runstate="Runnable" seed="742648615" result="Passed" start-time="2017-02-21 11:04:43Z" end-time="2017-02-21 11:04:43Z" duration="0.000321" asserts="5" />
            <test-case id="0-1415" name="PositiveNumbersPassPositiveAssertion" fullname="NUnit.Framework.Assertions.AssertPolarityTests.PositiveNumbersPassPositiveAssertion" methodname="PositiveNumbersPassPositiveAssertion" classname="NUnit.Framework.Assertions.AssertPolarityTests" runstate="Runnable" seed="447815643" result="Passed" start-time="2017-02-21 11:04:43Z" end-time="2017-02-21 11:04:43Z" duration="0.000285" asserts="5" />
          </test-suite>
          <test-suite type="TestFixture" id="0-1397" name="AssertThrowsTests" fullname="NUnit.Framework.Assertions.AssertThrowsTests" classname="NUnit.Framework.Assertions.AssertThrowsTests" runstate="Runnable" testcasecount="16" result="Passed" start-time="2017-02-21 11:04:43Z" end-time="2017-02-21 11:04:43Z" duration="0.065705" total="16" passed="16" failed="0" warnings="0" inconclusive="0" skipped="0" asserts="31">
            <test-case id="0-1413" name="AssertDoesNotThrowFails" fullname="NUnit.Framework.Assertions.AssertThrowsTests.AssertDoesNotThrowFails" methodname="AssertDoesNotThrowFails" classname="NUnit.Framework.Assertions.AssertThrowsTests" runstate="Runnable" seed="1742637142" result="Passed" start-time="2017-02-21 11:04:43Z" end-time="2017-02-21 11:04:43Z" duration="0.004641" asserts="2" />
            <test-case id="0-1412" name="AssertDoesNotThrowSucceeds" fullname="NUnit.Framework.Assertions.AssertThrowsTests.AssertDoesNotThrowSucceeds" methodname="AssertDoesNotThrowSucceeds" classname="NUnit.Framework.Assertions.AssertThrowsTests" runstate="Runnable" seed="1766637579" result="Passed" start-time="2017-02-21 11:04:43Z" end-time="2017-02-21 11:04:43Z" duration="0.000176" asserts="1" />
            <test-case id="0-1410" name="AssertThrowsWrappingAssertFail" fullname="NUnit.Framework.Assertions.AssertThrowsTests.AssertThrowsWrappingAssertFail" methodname="AssertThrowsWrappingAssertFail" classname="NUnit.Framework.Assertions.AssertThrowsTests" runstate="Runnable" seed="1649609721" result="Passed" start-time="2017-02-21 11:04:43Z" end-time="2017-02-21 11:04:43Z" duration="0.001948" asserts="2" />
            <test-case id="0-1408" name="BaseExceptionThrown" fullname="NUnit.Framework.Assertions.AssertThrowsTests.BaseExceptionThrown" methodname="BaseExceptionThrown" classname="NUnit.Framework.Assertions.AssertThrowsTests" runstate="Runnable" seed="1670789330" result="Passed" start-time="2017-02-21 11:04:43Z" end-time="2017-02-21 11:04:43Z" duration="0.003276" asserts="2" />
            <test-case id="0-1409" name="DerivedExceptionThrown" fullname="NUnit.Framework.Assertions.AssertThrowsTests.DerivedExceptionThrown" methodname="DerivedExceptionThrown" classname="NUnit.Framework.Assertions.AssertThrowsTests" runstate="Runnable" seed="521536929" result="Passed" start-time="2017-02-21 11:04:43Z" end-time="2017-02-21 11:04:43Z" duration="0.002527" asserts="2" />
            <test-case id="0-1404" name="GenericThrowsReturnsCorrectException" fullname="NUnit.Framework.Assertions.AssertThrowsTests.GenericThrowsReturnsCorrectException" methodname="GenericThrowsReturnsCorrectException" classname="NUnit.Framework.Assertions.AssertThrowsTests" runstate="Runnable" seed="1102518683" result="Passed" start-time="2017-02-21 11:04:43Z" end-time="2017-02-21 11:04:43Z" duration="0.000465" asserts="5" />
            <test-case id="0-1399" name="GenericThrowsSucceedsWithDelegate" fullname="NUnit.Framework.Assertions.AssertThrowsTests.GenericThrowsSucceedsWithDelegate" methodname="GenericThrowsSucceedsWithDelegate" classname="NUnit.Framework.Assertions.AssertThrowsTests" runstate="Runnable" seed="1166690202" result="Passed" start-time="2017-02-21 11:04:43Z" end-time="2017-02-21 11:04:43Z" duration="0.000284" asserts="1" />
            <test-case id="0-1402" name="GenericThrowsSucceedsWithLambda" fullname="NUnit.Framework.Assertions.AssertThrowsTests.GenericThrowsSucceedsWithLambda" methodname="GenericThrowsSucceedsWithLambda" classname="NUnit.Framework.Assertions.AssertThrowsTests" runstate="Runnable" seed="1747812890" result="Passed" start-time="2017-02-21 11:04:43Z" end-time="2017-02-21 11:04:43Z" duration="0.000251" asserts="1" />
            <test-case id="0-1406" name="NoExceptionThrown" fullname="NUnit.Framework.Assertions.AssertThrowsTests.NoExceptionThrown" methodname="NoExceptionThrown" classname="NUnit.Framework.Assertions.AssertThrowsTests" runstate="Runnable" seed="348339325" result="Passed" start-time="2017-02-21 11:04:43Z" end-time="2017-02-21 11:04:43Z" duration="0.004202" asserts="2" />
            <test-case id="0-1400" name="ThrowsConstraintSucceedsWithDelegate" fullname="NUnit.Framework.Assertions.AssertThrowsTests.ThrowsConstraintSucceedsWithDelegate" methodname="ThrowsConstraintSucceedsWithDelegate" classname="NUnit.Framework.Assertions.AssertThrowsTests" runstate="Runnable" seed="169110793" result="Passed" start-time="2017-02-21 11:04:43Z" end-time="2017-02-21 11:04:43Z" duration="0.000307" asserts="1" />
            <test-case id="0-1403" name="ThrowsConstraintSucceedsWithLambda" fullname="NUnit.Framework.Assertions.AssertThrowsTests.ThrowsConstraintSucceedsWithLambda" methodname="ThrowsConstraintSucceedsWithLambda" classname="NUnit.Framework.Assertions.AssertThrowsTests" runstate="Runnable" seed="588859821" result="Passed" start-time="2017-02-21 11:04:43Z" end-time="2017-02-21 11:04:43Z" duration="0.000210" asserts="1" />
            <test-case id="0-1411" name="ThrowsConstraintWrappingAssertFail" fullname="NUnit.Framework.Assertions.AssertThrowsTests.ThrowsConstraintWrappingAssertFail" methodname="ThrowsConstraintWrappingAssertFail" classname="NUnit.Framework.Assertions.AssertThrowsTests" runstate="Runnable" seed="1860566094" result="Passed" start-time="2017-02-21 11:04:43Z" end-time="2017-02-21 11:04:43Z" duration="0.002476" asserts="2" />
            <test-case id="0-1405" name="ThrowsReturnsCorrectException" fullname="NUnit.Framework.Assertions.AssertThrowsTests.ThrowsReturnsCorrectException" methodname="ThrowsReturnsCorrectException" classname="NUnit.Framework.Assertions.AssertThrowsTests" runstate="Runnable" seed="1647732217" result="Passed" start-time="2017-02-21 11:04:43Z" end-time="2017-02-21 11:04:43Z" duration="0.000836" asserts="5" />
            <test-case id="0-1398" name="ThrowsSucceedsWithDelegate" fullname="NUnit.Framework.Assertions.AssertThrowsTests.ThrowsSucceedsWithDelegate" methodname="ThrowsSucceedsWithDelegate" classname="NUnit.Framework.Assertions.AssertThrowsTests" runstate="Runnable" seed="1771207382" result="Passed" start-time="2017-02-21 11:04:43Z" end-time="2017-02-21 11:04:43Z" duration="0.000257" asserts="1" />
            <test-case id="0-1401" name="ThrowsSucceedsWithLambda" fullname="NUnit.Framework.Assertions.AssertThrowsTests.ThrowsSucceedsWithLambda" methodname="ThrowsSucceedsWithLambda" classname="NUnit.Framework.Assertions.AssertThrowsTests" runstate="Runnable" seed="1332095258" result="Passed" start-time="2017-02-21 11:04:43Z" end-time="2017-02-21 11:04:43Z" duration="0.000263" asserts="1" />
            <test-case id="0-1407" name="UnrelatedExceptionThrown" fullname="NUnit.Framework.Assertions.AssertThrowsTests.UnrelatedExceptionThrown" methodname="UnrelatedExceptionThrown" classname="NUnit.Framework.Assertions.AssertThrowsTests" runstate="Runnable" seed="1092110501" result="Passed" start-time="2017-02-21 11:04:43Z" end-time="2017-02-21 11:04:43Z" duration="0.002673" asserts="2" />
          </test-suite>
          <test-suite type="TestFixture" id="0-1425" name="AssertWarnTests" fullname="NUnit.Framework.Assertions.AssertWarnTests" classname="NUnit.Framework.Assertions.AssertWarnTests" runstate="Runnable" testcasecount="2" result="Passed" start-time="2017-02-21 11:04:43Z" end-time="2017-02-21 11:04:43Z" duration="0.012028" total="2" passed="2" failed="0" warnings="0" inconclusive="0" skipped="0" asserts="2">
            <test-case id="0-1426" name="AssertWarnWorksWithMessage" fullname="NUnit.Framework.Assertions.AssertWarnTests.AssertWarnWorksWithMessage" methodname="AssertWarnWorksWithMessage" classname="NUnit.Framework.Assertions.AssertWarnTests" runstate="Runnable" seed="1822120910" result="Passed" start-time="2017-02-21 11:04:43Z" end-time="2017-02-21 11:04:43Z" duration="0.004656" asserts="1" />
            <test-case id="0-1427" name="AssertWarnWorksWithMessageAndArgs" fullname="NUnit.Framework.Assertions.AssertWarnTests.AssertWarnWorksWithMessageAndArgs" methodname="AssertWarnWorksWithMessageAndArgs" classname="NUnit.Framework.Assertions.AssertWarnTests" runstate="Runnable" seed="1807005994" result="Passed" start-time="2017-02-21 11:04:43Z" end-time="2017-02-21 11:04:43Z" duration="0.002310" asserts="1" />
          </test-suite>
          <test-suite type="TestFixture" id="0-1334" name="AssertThatTests" fullname="NUnit.Framework.Assertions.AssertThatTests" classname="NUnit.Framework.Assertions.AssertThatTests" runstate="Runnable" testcasecount="42" result="Passed" start-time="2017-02-21 11:04:43Z" end-time="2017-02-21 11:04:43Z" duration="0.218304" total="42" passed="41" failed="0" warnings="0" inconclusive="0" skipped="1" asserts="58">
            <test-case id="0-1339" name="AssertionPasses_ActualAndConstraint" fullname="NUnit.Framework.Assertions.AssertThatTests.AssertionPasses_ActualAndConstraint" methodname="AssertionPasses_ActualAndConstraint" classname="NUnit.Framework.Assertions.AssertThatTests" runstate="Runnable" seed="145812683" result="Passed" start-time="2017-02-21 11:04:43Z" end-time="2017-02-21 11:04:43Z" duration="0.000166" asserts="1" />
            <test-case id="0-1340" name="AssertionPasses_ActualAndConstraintWithMessage" fullname="NUnit.Framework.Assertions.AssertThatTests.AssertionPasses_ActualAndConstraintWithMessage" methodname="AssertionPasses_ActualAndConstraintWithMessage" classname="NUnit.Framework.Assertions.AssertThatTests" runstate="Runnable" seed="1847307192" result="Passed" start-time="2017-02-21 11:04:43Z" end-time="2017-02-21 11:04:43Z" duration="0.000176" asserts="1" />
            <test-case id="0-1341" name="AssertionPasses_ActualAndConstraintWithMessageAndArgs" fullname="NUnit.Framework.Assertions.AssertThatTests.AssertionPasses_ActualAndConstraintWithMessageAndArgs" methodname="AssertionPasses_ActualAndConstraintWithMessageAndArgs" classname="NUnit.Framework.Assertions.AssertThatTests" runstate="Runnable" seed="892317836" result="Passed" start-time="2017-02-21 11:04:43Z" end-time="2017-02-21 11:04:43Z" duration="0.000226" asserts="1" />
            <test-case id="0-1342" name="AssertionPasses_ActualAndConstraintWithMessageStringFunc" fullname="NUnit.Framework.Assertions.AssertThatTests.AssertionPasses_ActualAndConstraintWithMessageStringFunc" methodname="AssertionPasses_ActualAndConstraintWithMessageStringFunc" classname="NUnit.Framework.Assertions.AssertThatTests" runstate="Runnable" seed="1903655818" result="Passed" start-time="2017-02-21 11:04:43Z" end-time="2017-02-21 11:04:43Z" duration="0.000392" asserts="1" />
            <test-case id="0-1343" name="AssertionPasses_ActualLambdaAndConstraint" fullname="NUnit.Framework.Assertions.AssertThatTests.AssertionPasses_ActualLambdaAndConstraint" methodname="AssertionPasses_ActualLambdaAndConstraint" classname="NUnit.Framework.Assertions.AssertThatTests" runstate="Runnable" seed="2133543212" result="Passed" start-time="2017-02-21 11:04:43Z" end-time="2017-02-21 11:04:43Z" duration="0.000820" asserts="1" />
            <test-case id="0-1344" name="AssertionPasses_ActualLambdaAndConstraintWithMessage" fullname="NUnit.Framework.Assertions.AssertThatTests.AssertionPasses_ActualLambdaAndConstraintWithMessage" methodname="AssertionPasses_ActualLambdaAndConstraintWithMessage" classname="NUnit.Framework.Assertions.AssertThatTests" runstate="Runnable" seed="872143532" result="Passed" start-time="2017-02-21 11:04:43Z" end-time="2017-02-21 11:04:43Z" duration="0.000214" asserts="1" />
            <test-case id="0-1345" name="AssertionPasses_ActualLambdaAndConstraintWithMessageAndArgs" fullname="NUnit.Framework.Assertions.AssertThatTests.AssertionPasses_ActualLambdaAndConstraintWithMessageAndArgs" methodname="AssertionPasses_ActualLambdaAndConstraintWithMessageAndArgs" classname="NUnit.Framework.Assertions.AssertThatTests" runstate="Runnable" seed="733874406" result="Passed" start-time="2017-02-21 11:04:43Z" end-time="2017-02-21 11:04:43Z" duration="0.000196" asserts="1" />
            <test-case id="0-1346" name="AssertionPasses_ActualLambdaAndConstraintWithMessageStringFunc" fullname="NUnit.Framework.Assertions.AssertThatTests.AssertionPasses_ActualLambdaAndConstraintWithMessageStringFunc" methodname="AssertionPasses_ActualLambdaAndConstraintWithMessageStringFunc" classname="NUnit.Framework.Assertions.AssertThatTests" runstate="Runnable" seed="1739399013" result="Passed" start-time="2017-02-21 11:04:43Z" end-time="2017-02-21 11:04:43Z" duration="0.000514" asserts="1" />
            <test-case id="0-1335" name="AssertionPasses_Boolean" fullname="NUnit.Framework.Assertions.AssertThatTests.AssertionPasses_Boolean" methodname="AssertionPasses_Boolean" classname="NUnit.Framework.Assertions.AssertThatTests" runstate="Runnable" seed="314507148" result="Passed" start-time="2017-02-21 11:04:43Z" end-time="2017-02-21 11:04:43Z" duration="0.000130" asserts="1" />
            <test-case id="0-1336" name="AssertionPasses_BooleanWithMessage" fullname="NUnit.Framework.Assertions.AssertThatTests.AssertionPasses_BooleanWithMessage" methodname="AssertionPasses_BooleanWithMessage" classname="NUnit.Framework.Assertions.AssertThatTests" runstate="Runnable" seed="1393310943" result="Passed" start-time="2017-02-21 11:04:43Z" end-time="2017-02-21 11:04:43Z" duration="0.000254" asserts="1" />
            <test-case id="0-1337" name="AssertionPasses_BooleanWithMessageAndArgs" fullname="NUnit.Framework.Assertions.AssertThatTests.AssertionPasses_BooleanWithMessageAndArgs" methodname="AssertionPasses_BooleanWithMessageAndArgs" classname="NUnit.Framework.Assertions.AssertThatTests" runstate="Runnable" seed="187043506" result="Passed" start-time="2017-02-21 11:04:43Z" end-time="2017-02-21 11:04:43Z" duration="0.000193" asserts="1" />
            <test-case id="0-1338" name="AssertionPasses_BooleanWithMessageStringFunc" fullname="NUnit.Framework.Assertions.AssertThatTests.AssertionPasses_BooleanWithMessageStringFunc" methodname="AssertionPasses_BooleanWithMessageStringFunc" classname="NUnit.Framework.Assertions.AssertThatTests" runstate="Runnable" seed="498853892" result="Passed" start-time="2017-02-21 11:04:43Z" end-time="2017-02-21 11:04:43Z" duration="0.000314" asserts="1" />
            <test-case id="0-1347" name="AssertionPasses_DelegateAndConstraint" fullname="NUnit.Framework.Assertions.AssertThatTests.AssertionPasses_DelegateAndConstraint" methodname="AssertionPasses_DelegateAndConstraint" classname="NUnit.Framework.Assertions.AssertThatTests" runstate="Runnable" seed="1076556636" result="Passed" start-time="2017-02-21 11:04:43Z" end-time="2017-02-21 11:04:43Z" duration="0.001353" asserts="1" />
            <test-case id="0-1348" name="AssertionPasses_DelegateAndConstraintWithMessage" fullname="NUnit.Framework.Assertions.AssertThatTests.AssertionPasses_DelegateAndConstraintWithMessage" methodname="AssertionPasses_DelegateAndConstraintWithMessage" classname="NUnit.Framework.Assertions.AssertThatTests" runstate="Runnable" seed="804446074" result="Passed" start-time="2017-02-21 11:04:43Z" end-time="2017-02-21 11:04:43Z" duration="0.000153" asserts="1" />
            <test-case id="0-1349" name="AssertionPasses_DelegateAndConstraintWithMessageAndArgs" fullname="NUnit.Framework.Assertions.AssertThatTests.AssertionPasses_DelegateAndConstraintWithMessageAndArgs" methodname="AssertionPasses_DelegateAndConstraintWithMessageAndArgs" classname="NUnit.Framework.Assertions.AssertThatTests" runstate="Runnable" seed="44617717" result="Passed" start-time="2017-02-21 11:04:43Z" end-time="2017-02-21 11:04:43Z" duration="0.000162" asserts="1" />
            <test-case id="0-1350" name="AssertionPasses_DelegateAndConstraintWithMessageStringFunc" fullname="NUnit.Framework.Assertions.AssertThatTests.AssertionPasses_DelegateAndConstraintWithMessageStringFunc" methodname="AssertionPasses_DelegateAndConstraintWithMessageStringFunc" classname="NUnit.Framework.Assertions.AssertThatTests" runstate="Runnable" seed="1193220219" result="Passed" start-time="2017-02-21 11:04:43Z" end-time="2017-02-21 11:04:43Z" duration="0.000983" asserts="1" />
            <test-case id="0-1367" name="AssertionsAreCountedCorrectly" fullname="NUnit.Framework.Assertions.AssertThatTests.AssertionsAreCountedCorrectly" methodname="AssertionsAreCountedCorrectly" classname="NUnit.Framework.Assertions.AssertThatTests" runstate="Runnable" seed="625319663" result="Passed" start-time="2017-02-21 11:04:43Z" end-time="2017-02-21 11:04:43Z" duration="0.006379" asserts="0" />
            <test-case id="0-1373" name="AssertThatErrorGenericTask" fullname="NUnit.Framework.Assertions.AssertThatTests.AssertThatErrorGenericTask" methodname="AssertThatErrorGenericTask" classname="NUnit.Framework.Assertions.AssertThatTests" runstate="Runnable" seed="1025450920" result="Passed" start-time="2017-02-21 11:04:43Z" end-time="2017-02-21 11:04:43Z" duration="0.026028" asserts="2" />
            <test-case id="0-1372" name="AssertThatErrorTask" fullname="NUnit.Framework.Assertions.AssertThatTests.AssertThatErrorTask" methodname="AssertThatErrorTask" classname="NUnit.Framework.Assertions.AssertThatTests" runstate="Skipped" seed="125926334" result="Skipped" start-time="2017-02-21 11:04:43Z" end-time="2017-02-21 11:04:43Z" duration="0.000013" asserts="0">
              <properties>
                <property name="_SKIPREASON" value="Not supported on Linux" />
              </properties>
              <reason>
                <message><![CDATA[Not supported on Linux]]></message>
              </reason>
            </test-case>
            <test-case id="0-1374" name="AssertThatErrorVoid" fullname="NUnit.Framework.Assertions.AssertThatTests.AssertThatErrorVoid" methodname="AssertThatErrorVoid" classname="NUnit.Framework.Assertions.AssertThatTests" runstate="Runnable" seed="1109362753" result="Passed" start-time="2017-02-21 11:04:43Z" end-time="2017-02-21 11:04:43Z" duration="0.002477" asserts="2" />
            <test-case id="0-1371" name="AssertThatFailure" fullname="NUnit.Framework.Assertions.AssertThatTests.AssertThatFailure" methodname="AssertThatFailure" classname="NUnit.Framework.Assertions.AssertThatTests" runstate="Runnable" seed="489677567" result="Passed" start-time="2017-02-21 11:04:43Z" end-time="2017-02-21 11:04:43Z" duration="0.004547" asserts="1" />
            <test-case id="0-1370" name="AssertThatSuccess" fullname="NUnit.Framework.Assertions.AssertThatTests.AssertThatSuccess" methodname="AssertThatSuccess" classname="NUnit.Framework.Assertions.AssertThatTests" runstate="Runnable" seed="1260654228" result="Passed" start-time="2017-02-21 11:04:43Z" end-time="2017-02-21 11:04:43Z" duration="0.001115" asserts="1" />
            <test-case id="0-1376" name="AssertThatWithFalseLambda" fullname="NUnit.Framework.Assertions.AssertThatTests.AssertThatWithFalseLambda" methodname="AssertThatWithFalseLambda" classname="NUnit.Framework.Assertions.AssertThatTests" runstate="Runnable" seed="868157649" result="Passed" start-time="2017-02-21 11:04:43Z" end-time="2017-02-21 11:04:43Z" duration="0.002238" asserts="2" />
            <test-case id="0-1375" name="AssertThatWithLambda" fullname="NUnit.Framework.Assertions.AssertThatTests.AssertThatWithLambda" methodname="AssertThatWithLambda" classname="NUnit.Framework.Assertions.AssertThatTests" runstate="Runnable" seed="1017313308" result="Passed" start-time="2017-02-21 11:04:43Z" end-time="2017-02-21 11:04:43Z" duration="0.000163" asserts="1" />
            <test-case id="0-1369" name="FailingAssertion_CallsExceptionStringFunc" fullname="NUnit.Framework.Assertions.AssertThatTests.FailingAssertion_CallsExceptionStringFunc" methodname="FailingAssertion_CallsExceptionStringFunc" classname="NUnit.Framework.Assertions.AssertThatTests" runstate="Runnable" seed="616466656" result="Passed" start-time="2017-02-21 11:04:43Z" end-time="2017-02-21 11:04:43Z" duration="0.003878" asserts="3" />
            <test-case id="0-1355" name="FailureThrowsAssertionException_ActualAndConstraint" fullname="NUnit.Framework.Assertions.AssertThatTests.FailureThrowsAssertionException_ActualAndConstraint" methodname="FailureThrowsAssertionException_ActualAndConstraint" classname="NUnit.Framework.Assertions.AssertThatTests" runstate="Runnable" seed="2019640139" result="Passed" start-time="2017-02-21 11:04:43Z" end-time="2017-02-21 11:04:43Z" duration="0.002651" asserts="1" />
            <test-case id="0-1356" name="FailureThrowsAssertionException_ActualAndConstraintWithMessage" fullname="NUnit.Framework.Assertions.AssertThatTests.FailureThrowsAssertionException_ActualAndConstraintWithMessage" methodname="FailureThrowsAssertionException_ActualAndConstraintWithMessage" classname="NUnit.Framework.Assertions.AssertThatTests" runstate="Runnable" seed="1599492961" result="Passed" start-time="2017-02-21 11:04:43Z" end-time="2017-02-21 11:04:43Z" duration="0.002125" asserts="2" />
            <test-case id="0-1357" name="FailureThrowsAssertionException_ActualAndConstraintWithMessageAndArgs" fullname="NUnit.Framework.Assertions.AssertThatTests.FailureThrowsAssertionException_ActualAndConstraintWithMessageAndArgs" methodname="FailureThrowsAssertionException_ActualAndConstraintWithMessageAndArgs" classname="NUnit.Framework.Assertions.AssertThatTests" runstate="Runnable" seed="125892967" result="Passed" start-time="2017-02-21 11:04:43Z" end-time="2017-02-21 11:04:43Z" duration="0.002494" asserts="2" />
            <test-case id="0-1358" name="FailureThrowsAssertionException_ActualAndConstraintWithMessageStringFunc" fullname="NUnit.Framework.Assertions.AssertThatTests.FailureThrowsAssertionException_ActualAndConstraintWithMessageStringFunc" methodname="FailureThrowsAssertionException_ActualAndConstraintWithMessageStringFunc" classname="NUnit.Framework.Assertions.AssertThatTests" runstate="Runnable" seed="1797714605" result="Passed" start-time="2017-02-21 11:04:43Z" end-time="2017-02-21 11:04:43Z" duration="0.002735" asserts="2" />
            <test-case id="0-1359" name="FailureThrowsAssertionException_ActualLambdaAndConstraint" fullname="NUnit.Framework.Assertions.AssertThatTests.FailureThrowsAssertionException_ActualLambdaAndConstraint" methodname="FailureThrowsAssertionException_ActualLambdaAndConstraint" classname="NUnit.Framework.Assertions.AssertThatTests" runstate="Runnable" seed="205092161" result="Passed" start-time="2017-02-21 11:04:43Z" end-time="2017-02-21 11:04:43Z" duration="0.002124" asserts="1" />
            <test-case id="0-1360" name="FailureThrowsAssertionException_ActualLambdaAndConstraintWithMessage" fullname="NUnit.Framework.Assertions.AssertThatTests.FailureThrowsAssertionException_ActualLambdaAndConstraintWithMessage" methodname="FailureThrowsAssertionException_ActualLambdaAndConstraintWithMessage" classname="NUnit.Framework.Assertions.AssertThatTests" runstate="Runnable" seed="2094556083" result="Passed" start-time="2017-02-21 11:04:43Z" end-time="2017-02-21 11:04:43Z" duration="0.003080" asserts="2" />
            <test-case id="0-1361" name="FailureThrowsAssertionException_ActualLambdaAndConstraintWithMessageAndArgs" fullname="NUnit.Framework.Assertions.AssertThatTests.FailureThrowsAssertionException_ActualLambdaAndConstraintWithMessageAndArgs" methodname="FailureThrowsAssertionException_ActualLambdaAndConstraintWithMessageAndArgs" classname="NUnit.Framework.Assertions.AssertThatTests" runstate="Runnable" seed="222317980" result="Passed" start-time="2017-02-21 11:04:43Z" end-time="2017-02-21 11:04:43Z" duration="0.002795" asserts="2" />
            <test-case id="0-1362" name="FailureThrowsAssertionException_ActualLambdaAndConstraintWithMessageStringFunc" fullname="NUnit.Framework.Assertions.AssertThatTests.FailureThrowsAssertionException_ActualLambdaAndConstraintWithMessageStringFunc" methodname="FailureThrowsAssertionException_ActualLambdaAndConstraintWithMessageStringFunc" classname="NUnit.Framework.Assertions.AssertThatTests" runstate="Runnable" seed="57611097" result="Passed" start-time="2017-02-21 11:04:43Z" end-time="2017-02-21 11:04:43Z" duration="0.002478" asserts="2" />
            <test-case id="0-1351" name="FailureThrowsAssertionException_Boolean" fullname="NUnit.Framework.Assertions.AssertThatTests.FailureThrowsAssertionException_Boolean" methodname="FailureThrowsAssertionException_Boolean" classname="NUnit.Framework.Assertions.AssertThatTests" runstate="Runnable" seed="1495749679" result="Passed" start-time="2017-02-21 11:04:43Z" end-time="2017-02-21 11:04:43Z" duration="0.002028" asserts="1" />
            <test-case id="0-1352" name="FailureThrowsAssertionException_BooleanWithMessage" fullname="NUnit.Framework.Assertions.AssertThatTests.FailureThrowsAssertionException_BooleanWithMessage" methodname="FailureThrowsAssertionException_BooleanWithMessage" classname="NUnit.Framework.Assertions.AssertThatTests" runstate="Runnable" seed="1630178904" result="Passed" start-time="2017-02-21 11:04:43Z" end-time="2017-02-21 11:04:43Z" duration="0.002478" asserts="2" />
            <test-case id="0-1353" name="FailureThrowsAssertionException_BooleanWithMessageAndArgs" fullname="NUnit.Framework.Assertions.AssertThatTests.FailureThrowsAssertionException_BooleanWithMessageAndArgs" methodname="FailureThrowsAssertionException_BooleanWithMessageAndArgs" classname="NUnit.Framework.Assertions.AssertThatTests" runstate="Runnable" seed="126016629" result="Passed" start-time="2017-02-21 11:04:43Z" end-time="2017-02-21 11:04:43Z" duration="0.003061" asserts="2" />
            <test-case id="0-1354" name="FailureThrowsAssertionException_BooleanWithMessageStringFunc" fullname="NUnit.Framework.Assertions.AssertThatTests.FailureThrowsAssertionException_BooleanWithMessageStringFunc" methodname="FailureThrowsAssertionException_BooleanWithMessageStringFunc" classname="NUnit.Framework.Assertions.AssertThatTests" runstate="Runnable" seed="1083294024" result="Passed" start-time="2017-02-21 11:04:43Z" end-time="2017-02-21 11:04:43Z" duration="0.004247" asserts="2" />
            <test-case id="0-1363" name="FailureThrowsAssertionException_DelegateAndConstraint" fullname="NUnit.Framework.Assertions.AssertThatTests.FailureThrowsAssertionException_DelegateAndConstraint" methodname="FailureThrowsAssertionException_DelegateAndConstraint" classname="NUnit.Framework.Assertions.AssertThatTests" runstate="Runnable" seed="114243740" result="Passed" start-time="2017-02-21 11:04:43Z" end-time="2017-02-21 11:04:43Z" duration="0.003196" asserts="1" />
            <test-case id="0-1364" name="FailureThrowsAssertionException_DelegateAndConstraintWithMessage" fullname="NUnit.Framework.Assertions.AssertThatTests.FailureThrowsAssertionException_DelegateAndConstraintWithMessage" methodname="FailureThrowsAssertionException_DelegateAndConstraintWithMessage" classname="NUnit.Framework.Assertions.AssertThatTests" runstate="Runnable" seed="310039243" result="Passed" start-time="2017-02-21 11:04:43Z" end-time="2017-02-21 11:04:43Z" duration="0.002338" asserts="2" />
            <test-case id="0-1365" name="FailureThrowsAssertionException_DelegateAndConstraintWithMessageAndArgs" fullname="NUnit.Framework.Assertions.AssertThatTests.FailureThrowsAssertionException_DelegateAndConstraintWithMessageAndArgs" methodname="FailureThrowsAssertionException_DelegateAndConstraintWithMessageAndArgs" classname="NUnit.Framework.Assertions.AssertThatTests" runstate="Runnable" seed="1707633571" result="Passed" start-time="2017-02-21 11:04:43Z" end-time="2017-02-21 11:04:43Z" duration="0.003216" asserts="2" />
            <test-case id="0-1366" name="FailureThrowsAssertionException_DelegateAndConstraintWithMessageStringFunc" fullname="NUnit.Framework.Assertions.AssertThatTests.FailureThrowsAssertionException_DelegateAndConstraintWithMessageStringFunc" methodname="FailureThrowsAssertionException_DelegateAndConstraintWithMessageStringFunc" classname="NUnit.Framework.Assertions.AssertThatTests" runstate="Runnable" seed="1897324048" result="Passed" start-time="2017-02-21 11:04:43Z" end-time="2017-02-21 11:04:43Z" duration="0.002919" asserts="2" />
            <test-case id="0-1368" name="PassingAssertion_DoesNotCallExceptionStringFunc" fullname="NUnit.Framework.Assertions.AssertThatTests.PassingAssertion_DoesNotCallExceptionStringFunc" methodname="PassingAssertion_DoesNotCallExceptionStringFunc" classname="NUnit.Framework.Assertions.AssertThatTests" runstate="Runnable" seed="819112465" result="Passed" start-time="2017-02-21 11:04:43Z" end-time="2017-02-21 11:04:43Z" duration="0.000269" asserts="2" />
          </test-suite>
          <test-suite type="TestFixture" id="0-1436" name="AssumeEqualsTests" fullname="NUnit.Framework.Assertions.AssumeEqualsTests" classname="NUnit.Framework.Assertions.AssumeEqualsTests" runstate="Runnable" testcasecount="2" result="Passed" start-time="2017-02-21 11:04:43Z" end-time="2017-02-21 11:04:43Z" duration="0.007557" total="2" passed="2" failed="0" warnings="0" inconclusive="0" skipped="0" asserts="4">
            <test-case id="0-1437" name="EqualsFailsWhenUsed" fullname="NUnit.Framework.Assertions.AssumeEqualsTests.EqualsFailsWhenUsed" methodname="EqualsFailsWhenUsed" classname="NUnit.Framework.Assertions.AssumeEqualsTests" runstate="Runnable" seed="268442994" result="Passed" start-time="2017-02-21 11:04:43Z" end-time="2017-02-21 11:04:43Z" duration="0.000320" asserts="2" />
            <test-case id="0-1438" name="ReferenceEqualsFailsWhenUsed" fullname="NUnit.Framework.Assertions.AssumeEqualsTests.ReferenceEqualsFailsWhenUsed" methodname="ReferenceEqualsFailsWhenUsed" classname="NUnit.Framework.Assertions.AssumeEqualsTests" runstate="Runnable" seed="1227032414" result="Passed" start-time="2017-02-21 11:04:43Z" end-time="2017-02-21 11:04:43Z" duration="0.000225" asserts="2" />
          </test-suite>
          <test-suite type="TestFixture" id="0-1428" name="AssertZeroTests" fullname="NUnit.Framework.Assertions.AssertZeroTests" classname="NUnit.Framework.Assertions.AssertZeroTests" runstate="Runnable" testcasecount="7" result="Passed" start-time="2017-02-21 11:04:43Z" end-time="2017-02-21 11:04:43Z" duration="0.069897" total="7" passed="7" failed="0" warnings="0" inconclusive="0" skipped="0" asserts="32">
            <test-case id="0-1432" name="AssertNotZeroFailsWhenNumberIsZero" fullname="NUnit.Framework.Assertions.AssertZeroTests.AssertNotZeroFailsWhenNumberIsZero" methodname="AssertNotZeroFailsWhenNumberIsZero" classname="NUnit.Framework.Assertions.AssertZeroTests" runstate="Runnable" seed="811212260" result="Passed" start-time="2017-02-21 11:04:43Z" end-time="2017-02-21 11:04:43Z" duration="0.022912" asserts="7" />
            <test-case id="0-1430" name="AssertZeroFailsWhenNumberIsNotAZero" fullname="NUnit.Framework.Assertions.AssertZeroTests.AssertZeroFailsWhenNumberIsNotAZero" methodname="AssertZeroFailsWhenNumberIsNotAZero" classname="NUnit.Framework.Assertions.AssertZeroTests" runstate="Runnable" seed="270079857" result="Passed" start-time="2017-02-21 11:04:43Z" end-time="2017-02-21 11:04:43Z" duration="0.019110" asserts="7" />
            <test-case id="0-1435" name="ExpectedFailureMessageExists" fullname="NUnit.Framework.Assertions.AssertZeroTests.ExpectedFailureMessageExists" methodname="ExpectedFailureMessageExists" classname="NUnit.Framework.Assertions.AssertZeroTests" runstate="Runnable" seed="203421982" result="Passed" start-time="2017-02-21 11:04:43Z" end-time="2017-02-21 11:04:43Z" duration="0.003300" asserts="2" />
            <test-case id="0-1431" name="NotZeroIsNotZero" fullname="NUnit.Framework.Assertions.AssertZeroTests.NotZeroIsNotZero" methodname="NotZeroIsNotZero" classname="NUnit.Framework.Assertions.AssertZeroTests" runstate="Runnable" seed="90942581" result="Passed" start-time="2017-02-21 11:04:43Z" end-time="2017-02-21 11:04:43Z" duration="0.000586" asserts="7" />
            <test-case id="0-1429" name="ZeroIsZero" fullname="NUnit.Framework.Assertions.AssertZeroTests.ZeroIsZero" methodname="ZeroIsZero" classname="NUnit.Framework.Assertions.AssertZeroTests" runstate="Runnable" seed="1573153437" result="Passed" start-time="2017-02-21 11:04:43Z" end-time="2017-02-21 11:04:43Z" duration="0.000272" asserts="7" />
            <test-case id="0-1434" name="ZeroWithMessageOverloadPasses" fullname="NUnit.Framework.Assertions.AssertZeroTests.ZeroWithMessageOverloadPasses" methodname="ZeroWithMessageOverloadPasses" classname="NUnit.Framework.Assertions.AssertZeroTests" runstate="Runnable" seed="339522815" result="Passed" start-time="2017-02-21 11:04:43Z" end-time="2017-02-21 11:04:43Z" duration="0.000192" asserts="1" />
            <test-case id="0-1433" name="ZeroWithMessagesOverload" fullname="NUnit.Framework.Assertions.AssertZeroTests.ZeroWithMessagesOverload" methodname="ZeroWithMessagesOverload" classname="NUnit.Framework.Assertions.AssertZeroTests" runstate="Runnable" seed="1925446696" result="Passed" start-time="2017-02-21 11:04:43Z" end-time="2017-02-21 11:04:43Z" duration="0.004098" asserts="1" />
          </test-suite>
          <test-suite type="TestFixture" id="0-1485" name="AsyncThrowsTests" fullname="NUnit.Framework.Assertions.AsyncThrowsTests" classname="NUnit.Framework.Assertions.AsyncThrowsTests" runstate="Runnable" testcasecount="12" result="Passed" start-time="2017-02-21 11:04:43Z" end-time="2017-02-21 11:04:43Z" duration="0.056273" total="12" passed="12" failed="0" warnings="0" inconclusive="0" skipped="0" asserts="12">
            <test-case id="0-1493" name="AssertThatThrowsGenericTask" fullname="NUnit.Framework.Assertions.AsyncThrowsTests.AssertThatThrowsGenericTask" methodname="AssertThatThrowsGenericTask" classname="NUnit.Framework.Assertions.AsyncThrowsTests" runstate="Runnable" seed="1646366856" result="Passed" start-time="2017-02-21 11:04:43Z" end-time="2017-02-21 11:04:43Z" duration="0.003889" asserts="1" />
            <test-case id="0-1497" name="AssertThatThrowsNothingGenericTaskFailure" fullname="NUnit.Framework.Assertions.AsyncThrowsTests.AssertThatThrowsNothingGenericTaskFailure" methodname="AssertThatThrowsNothingGenericTaskFailure" classname="NUnit.Framework.Assertions.AsyncThrowsTests" runstate="Runnable" seed="367598669" result="Passed" start-time="2017-02-21 11:04:43Z" end-time="2017-02-21 11:04:43Z" duration="0.005090" asserts="1" />
            <test-case id="0-1495" name="AssertThatThrowsNothingGenericTaskSuccess" fullname="NUnit.Framework.Assertions.AsyncThrowsTests.AssertThatThrowsNothingGenericTaskSuccess" methodname="AssertThatThrowsNothingGenericTaskSuccess" classname="NUnit.Framework.Assertions.AsyncThrowsTests" runstate="Runnable" seed="913853831" result="Passed" start-time="2017-02-21 11:04:43Z" end-time="2017-02-21 11:04:43Z" duration="0.001779" asserts="1" />
            <test-case id="0-1496" name="AssertThatThrowsNothingTaskFailure" fullname="NUnit.Framework.Assertions.AsyncThrowsTests.AssertThatThrowsNothingTaskFailure" methodname="AssertThatThrowsNothingTaskFailure" classname="NUnit.Framework.Assertions.AsyncThrowsTests" runstate="Runnable" seed="486764984" result="Passed" start-time="2017-02-21 11:04:43Z" end-time="2017-02-21 11:04:43Z" duration="0.006697" asserts="1" />
            <test-case id="0-1494" name="AssertThatThrowsNothingTaskSuccess" fullname="NUnit.Framework.Assertions.AsyncThrowsTests.AssertThatThrowsNothingTaskSuccess" methodname="AssertThatThrowsNothingTaskSuccess" classname="NUnit.Framework.Assertions.AsyncThrowsTests" runstate="Runnable" seed="1380222767" result="Passed" start-time="2017-02-21 11:04:43Z" end-time="2017-02-21 11:04:43Z" duration="0.002092" asserts="1" />
            <test-case id="0-1492" name="AssertThatThrowsTask" fullname="NUnit.Framework.Assertions.AsyncThrowsTests.AssertThatThrowsTask" methodname="AssertThatThrowsTask" classname="NUnit.Framework.Assertions.AsyncThrowsTests" runstate="Runnable" seed="721788638" result="Passed" start-time="2017-02-21 11:04:43Z" end-time="2017-02-21 11:04:43Z" duration="0.000324" asserts="1" />
            <test-case id="0-1487" name="ThrowsConstraintAsyncGenericTask" fullname="NUnit.Framework.Assertions.AsyncThrowsTests.ThrowsConstraintAsyncGenericTask" methodname="ThrowsConstraintAsyncGenericTask" classname="NUnit.Framework.Assertions.AsyncThrowsTests" runstate="Runnable" seed="972120194" result="Passed" start-time="2017-02-21 11:04:43Z" end-time="2017-02-21 11:04:43Z" duration="0.000455" asserts="1" />
            <test-case id="0-1486" name="ThrowsConstraintAsyncTask" fullname="NUnit.Framework.Assertions.AsyncThrowsTests.ThrowsConstraintAsyncTask" methodname="ThrowsConstraintAsyncTask" classname="NUnit.Framework.Assertions.AsyncThrowsTests" runstate="Runnable" seed="1714549180" result="Passed" start-time="2017-02-21 11:04:43Z" end-time="2017-02-21 11:04:43Z" duration="0.000282" asserts="1" />
            <test-case id="0-1488" name="ThrowsConstraintAsyncVoid" fullname="NUnit.Framework.Assertions.AsyncThrowsTests.ThrowsConstraintAsyncVoid" methodname="ThrowsConstraintAsyncVoid" classname="NUnit.Framework.Assertions.AsyncThrowsTests" runstate="Runnable" seed="1115647727" result="Passed" start-time="2017-02-21 11:04:43Z" end-time="2017-02-21 11:04:43Z" duration="0.000867" asserts="1" />
            <test-case id="0-1491" name="ThrowsNothingConstraintTaskFailure" fullname="NUnit.Framework.Assertions.AsyncThrowsTests.ThrowsNothingConstraintTaskFailure" methodname="ThrowsNothingConstraintTaskFailure" classname="NUnit.Framework.Assertions.AsyncThrowsTests" runstate="Runnable" seed="2020593433" result="Passed" start-time="2017-02-21 11:04:43Z" end-time="2017-02-21 11:04:43Z" duration="0.001343" asserts="1" />
            <test-case id="0-1490" name="ThrowsNothingConstraintTaskVoidSuccess" fullname="NUnit.Framework.Assertions.AsyncThrowsTests.ThrowsNothingConstraintTaskVoidSuccess" methodname="ThrowsNothingConstraintTaskVoidSuccess" classname="NUnit.Framework.Assertions.AsyncThrowsTests" runstate="Runnable" seed="1370968405" result="Passed" start-time="2017-02-21 11:04:43Z" end-time="2017-02-21 11:04:43Z" duration="0.001197" asserts="1" />
            <test-case id="0-1489" name="ThrowsVoidIsAnError" fullname="NUnit.Framework.Assertions.AsyncThrowsTests.ThrowsVoidIsAnError" methodname="ThrowsVoidIsAnError" classname="NUnit.Framework.Assertions.AsyncThrowsTests" runstate="Runnable" seed="1946318693" result="Passed" start-time="2017-02-21 11:04:43Z" end-time="2017-02-21 11:04:43Z" duration="0.000251" asserts="1" />
          </test-suite>
          <test-suite type="TestFixture" id="0-1377" name="AssertThrowsAsyncTests" fullname="NUnit.Framework.Assertions.AssertThrowsAsyncTests" classname="NUnit.Framework.Assertions.AssertThrowsAsyncTests" runstate="Runnable" testcasecount="19" result="Passed" start-time="2017-02-21 11:04:43Z" end-time="2017-02-21 11:04:43Z" duration="0.289219" total="19" passed="19" failed="0" warnings="0" inconclusive="0" skipped="0" asserts="64">
            <test-case id="0-1381" name="AsyncRegionThrowsDoesNotDisposeAsyncRegion" fullname="NUnit.Framework.Assertions.AssertThrowsAsyncTests.AsyncRegionThrowsDoesNotDisposeAsyncRegion" methodname="AsyncRegionThrowsDoesNotDisposeAsyncRegion" classname="NUnit.Framework.Assertions.AssertThrowsAsyncTests" runstate="Runnable" seed="2102267497" result="Passed" start-time="2017-02-21 11:04:43Z" end-time="2017-02-21 11:04:43Z" duration="0.121734" asserts="2" />
            <test-case id="0-1390" name="BaseExceptionThrown" fullname="NUnit.Framework.Assertions.AssertThrowsAsyncTests.BaseExceptionThrown" methodname="BaseExceptionThrown" classname="NUnit.Framework.Assertions.AssertThrowsAsyncTests" runstate="Runnable" seed="1141603884" result="Passed" start-time="2017-02-21 11:04:43Z" end-time="2017-02-21 11:04:43Z" duration="0.003547" asserts="2" />
            <test-case id="0-1391" name="BaseExceptionThrownAsync" fullname="NUnit.Framework.Assertions.AssertThrowsAsyncTests.BaseExceptionThrownAsync" methodname="BaseExceptionThrownAsync" classname="NUnit.Framework.Assertions.AssertThrowsAsyncTests" runstate="Runnable" seed="1111526569" result="Passed" start-time="2017-02-21 11:04:43Z" end-time="2017-02-21 11:04:43Z" duration="0.008710" asserts="1" />
            <test-case id="0-1385" name="CorrectExceptionIsReturnedToMethod" fullname="NUnit.Framework.Assertions.AssertThrowsAsyncTests.CorrectExceptionIsReturnedToMethod" methodname="CorrectExceptionIsReturnedToMethod" classname="NUnit.Framework.Assertions.AssertThrowsAsyncTests" runstate="Runnable" seed="2080725556" result="Passed" start-time="2017-02-21 11:04:43Z" end-time="2017-02-21 11:04:43Z" duration="0.001076" asserts="16" />
            <test-case id="0-1386" name="CorrectExceptionIsReturnedToMethodAsync" fullname="NUnit.Framework.Assertions.AssertThrowsAsyncTests.CorrectExceptionIsReturnedToMethodAsync" methodname="CorrectExceptionIsReturnedToMethodAsync" classname="NUnit.Framework.Assertions.AssertThrowsAsyncTests" runstate="Runnable" seed="729586926" result="Passed" start-time="2017-02-21 11:04:43Z" end-time="2017-02-21 11:04:43Z" duration="0.023499" asserts="16" />
            <test-case id="0-1392" name="DerivedExceptionThrown" fullname="NUnit.Framework.Assertions.AssertThrowsAsyncTests.DerivedExceptionThrown" methodname="DerivedExceptionThrown" classname="NUnit.Framework.Assertions.AssertThrowsAsyncTests" runstate="Runnable" seed="86369564" result="Passed" start-time="2017-02-21 11:04:43Z" end-time="2017-02-21 11:04:43Z" duration="0.003867" asserts="2" />
            <test-case id="0-1393" name="DerivedExceptionThrownAsync" fullname="NUnit.Framework.Assertions.AssertThrowsAsyncTests.DerivedExceptionThrownAsync" methodname="DerivedExceptionThrownAsync" classname="NUnit.Framework.Assertions.AssertThrowsAsyncTests" runstate="Runnable" seed="852253958" result="Passed" start-time="2017-02-21 11:04:43Z" end-time="2017-02-21 11:04:43Z" duration="0.010664" asserts="1" />
            <test-case id="0-1395" name="DoesNotThrowFails" fullname="NUnit.Framework.Assertions.AssertThrowsAsyncTests.DoesNotThrowFails" methodname="DoesNotThrowFails" classname="NUnit.Framework.Assertions.AssertThrowsAsyncTests" runstate="Runnable" seed="1426860138" result="Passed" start-time="2017-02-21 11:04:43Z" end-time="2017-02-21 11:04:43Z" duration="0.008090" asserts="2" />
            <test-case id="0-1396" name="DoesNotThrowFailsAsync" fullname="NUnit.Framework.Assertions.AssertThrowsAsyncTests.DoesNotThrowFailsAsync" methodname="DoesNotThrowFailsAsync" classname="NUnit.Framework.Assertions.AssertThrowsAsyncTests" runstate="Runnable" seed="1036770521" result="Passed" start-time="2017-02-21 11:04:43Z" end-time="2017-02-21 11:04:43Z" duration="0.008015" asserts="2" />
            <test-case id="0-1394" name="DoesNotThrowSucceeds" fullname="NUnit.Framework.Assertions.AssertThrowsAsyncTests.DoesNotThrowSucceeds" methodname="DoesNotThrowSucceeds" classname="NUnit.Framework.Assertions.AssertThrowsAsyncTests" runstate="Runnable" seed="1910324505" result="Passed" start-time="2017-02-21 11:04:43Z" end-time="2017-02-21 11:04:43Z" duration="0.000617" asserts="1" />
            <test-case id="0-1383" name="GenericThrowsAsyncReturnsCorrectException" fullname="NUnit.Framework.Assertions.AssertThrowsAsyncTests.GenericThrowsAsyncReturnsCorrectException" methodname="GenericThrowsAsyncReturnsCorrectException" classname="NUnit.Framework.Assertions.AssertThrowsAsyncTests" runstate="Runnable" seed="1493421378" result="Passed" start-time="2017-02-21 11:04:43Z" end-time="2017-02-21 11:04:43Z" duration="0.010948" asserts="3" />
            <test-case id="0-1379" name="GenericThrowsAsyncSucceedsWithDelegate" fullname="NUnit.Framework.Assertions.AssertThrowsAsyncTests.GenericThrowsAsyncSucceedsWithDelegate" methodname="GenericThrowsAsyncSucceedsWithDelegate" classname="NUnit.Framework.Assertions.AssertThrowsAsyncTests" runstate="Runnable" seed="1521878072" result="Passed" start-time="2017-02-21 11:04:43Z" end-time="2017-02-21 11:04:43Z" duration="0.000724" asserts="2" />
            <test-case id="0-1387" name="NoExceptionThrown" fullname="NUnit.Framework.Assertions.AssertThrowsAsyncTests.NoExceptionThrown" methodname="NoExceptionThrown" classname="NUnit.Framework.Assertions.AssertThrowsAsyncTests" runstate="Runnable" seed="350085270" result="Passed" start-time="2017-02-21 11:04:43Z" end-time="2017-02-21 11:04:43Z" duration="0.005216" asserts="2" />
            <test-case id="0-1382" name="ThrowsAsyncReturnsCorrectException" fullname="NUnit.Framework.Assertions.AssertThrowsAsyncTests.ThrowsAsyncReturnsCorrectException" methodname="ThrowsAsyncReturnsCorrectException" classname="NUnit.Framework.Assertions.AssertThrowsAsyncTests" runstate="Runnable" seed="831876674" result="Passed" start-time="2017-02-21 11:04:43Z" end-time="2017-02-21 11:04:43Z" duration="0.010894" asserts="3" />
            <test-case id="0-1378" name="ThrowsAsyncSucceedsWithDelegate" fullname="NUnit.Framework.Assertions.AssertThrowsAsyncTests.ThrowsAsyncSucceedsWithDelegate" methodname="ThrowsAsyncSucceedsWithDelegate" classname="NUnit.Framework.Assertions.AssertThrowsAsyncTests" runstate="Runnable" seed="1501417909" result="Passed" start-time="2017-02-21 11:04:43Z" end-time="2017-02-21 11:04:43Z" duration="0.000285" asserts="2" />
            <test-case id="0-1384" name="ThrowsConstraintReturnsCorrectException" fullname="NUnit.Framework.Assertions.AssertThrowsAsyncTests.ThrowsConstraintReturnsCorrectException" methodname="ThrowsConstraintReturnsCorrectException" classname="NUnit.Framework.Assertions.AssertThrowsAsyncTests" runstate="Runnable" seed="2089583170" result="Passed" start-time="2017-02-21 11:04:43Z" end-time="2017-02-21 11:04:43Z" duration="0.005498" asserts="2" />
            <test-case id="0-1380" name="ThrowsConstraintSucceedsWithDelegate" fullname="NUnit.Framework.Assertions.AssertThrowsAsyncTests.ThrowsConstraintSucceedsWithDelegate" methodname="ThrowsConstraintSucceedsWithDelegate" classname="NUnit.Framework.Assertions.AssertThrowsAsyncTests" runstate="Runnable" seed="2053409891" result="Passed" start-time="2017-02-21 11:04:43Z" end-time="2017-02-21 11:04:43Z" duration="0.000631" asserts="1" />
            <test-case id="0-1388" name="UnrelatedExceptionThrown" fullname="NUnit.Framework.Assertions.AssertThrowsAsyncTests.UnrelatedExceptionThrown" methodname="UnrelatedExceptionThrown" classname="NUnit.Framework.Assertions.AssertThrowsAsyncTests" runstate="Runnable" seed="2064295968" result="Passed" start-time="2017-02-21 11:04:43Z" end-time="2017-02-21 11:04:43Z" duration="0.002550" asserts="2" />
            <test-case id="0-1389" name="UnrelatedExceptionThrownAsync" fullname="NUnit.Framework.Assertions.AssertThrowsAsyncTests.UnrelatedExceptionThrownAsync" methodname="UnrelatedExceptionThrownAsync" classname="NUnit.Framework.Assertions.AssertThrowsAsyncTests" runstate="Runnable" seed="119286917" result="Passed" start-time="2017-02-21 11:04:43Z" end-time="2017-02-21 11:04:43Z" duration="0.008452" asserts="2" />
          </test-suite>
          <test-suite type="TestFixture" id="0-1439" name="AssumeThatTests" fullname="NUnit.Framework.Assertions.AssumeThatTests" classname="NUnit.Framework.Assertions.AssumeThatTests" runstate="Runnable" testcasecount="45" result="Passed" start-time="2017-02-21 11:04:43Z" end-time="2017-02-21 11:04:43Z" duration="0.159838" total="45" passed="45" failed="0" warnings="0" inconclusive="0" skipped="0" asserts="42">
            <test-case id="0-1484" name="AssumeThatError" fullname="NUnit.Framework.Assertions.AssumeThatTests.AssumeThatError" methodname="AssumeThatError" classname="NUnit.Framework.Assertions.AssumeThatTests" runstate="Runnable" seed="1998750334" result="Passed" start-time="2017-02-21 11:04:43Z" end-time="2017-02-21 11:04:43Z" duration="0.004559" asserts="2" />
            <test-case id="0-1483" name="AssumeThatFailure" fullname="NUnit.Framework.Assertions.AssumeThatTests.AssumeThatFailure" methodname="AssumeThatFailure" classname="NUnit.Framework.Assertions.AssumeThatTests" runstate="Runnable" seed="2051311776" result="Passed" start-time="2017-02-21 11:04:43Z" end-time="2017-02-21 11:04:43Z" duration="0.004647" asserts="1" />
            <test-case id="0-1482" name="AssumeThatSuccess" fullname="NUnit.Framework.Assertions.AssumeThatTests.AssumeThatSuccess" methodname="AssumeThatSuccess" classname="NUnit.Framework.Assertions.AssumeThatTests" runstate="Runnable" seed="1300615518" result="Passed" start-time="2017-02-21 11:04:43Z" end-time="2017-02-21 11:04:43Z" duration="0.001096" asserts="0" />
            <test-case id="0-1448" name="AssumptionPasses_ActualAndConstraint" fullname="NUnit.Framework.Assertions.AssumeThatTests.AssumptionPasses_ActualAndConstraint" methodname="AssumptionPasses_ActualAndConstraint" classname="NUnit.Framework.Assertions.AssumeThatTests" runstate="Runnable" seed="942305778" result="Passed" start-time="2017-02-21 11:04:43Z" end-time="2017-02-21 11:04:43Z" duration="0.000288" asserts="0" />
            <test-case id="0-1449" name="AssumptionPasses_ActualAndConstraintWithMessage" fullname="NUnit.Framework.Assertions.AssumeThatTests.AssumptionPasses_ActualAndConstraintWithMessage" methodname="AssumptionPasses_ActualAndConstraintWithMessage" classname="NUnit.Framework.Assertions.AssumeThatTests" runstate="Runnable" seed="1798963855" result="Passed" start-time="2017-02-21 11:04:43Z" end-time="2017-02-21 11:04:43Z" duration="0.000133" asserts="0" />
            <test-case id="0-1450" name="AssumptionPasses_ActualAndConstraintWithMessageAndArgs" fullname="NUnit.Framework.Assertions.AssumeThatTests.AssumptionPasses_ActualAndConstraintWithMessageAndArgs" methodname="AssumptionPasses_ActualAndConstraintWithMessageAndArgs" classname="NUnit.Framework.Assertions.AssumeThatTests" runstate="Runnable" seed="1687142457" result="Passed" start-time="2017-02-21 11:04:43Z" end-time="2017-02-21 11:04:43Z" duration="0.000169" asserts="0" />
            <test-case id="0-1451" name="AssumptionPasses_ActualAndConstraintWithMessageStringFunc" fullname="NUnit.Framework.Assertions.AssumeThatTests.AssumptionPasses_ActualAndConstraintWithMessageStringFunc" methodname="AssumptionPasses_ActualAndConstraintWithMessageStringFunc" classname="NUnit.Framework.Assertions.AssumeThatTests" runstate="Runnable" seed="1745768989" result="Passed" start-time="2017-02-21 11:04:43Z" end-time="2017-02-21 11:04:43Z" duration="0.000233" asserts="0" />
            <test-case id="0-1452" name="AssumptionPasses_ActualLambdaAndConstraint" fullname="NUnit.Framework.Assertions.AssumeThatTests.AssumptionPasses_ActualLambdaAndConstraint" methodname="AssumptionPasses_ActualLambdaAndConstraint" classname="NUnit.Framework.Assertions.AssumeThatTests" runstate="Runnable" seed="1052429382" result="Passed" start-time="2017-02-21 11:04:43Z" end-time="2017-02-21 11:04:43Z" duration="0.000507" asserts="0" />
            <test-case id="0-1453" name="AssumptionPasses_ActualLambdaAndConstraintWithMessage" fullname="NUnit.Framework.Assertions.AssumeThatTests.AssumptionPasses_ActualLambdaAndConstraintWithMessage" methodname="AssumptionPasses_ActualLambdaAndConstraintWithMessage" classname="NUnit.Framework.Assertions.AssumeThatTests" runstate="Runnable" seed="1758372413" result="Passed" start-time="2017-02-21 11:04:43Z" end-time="2017-02-21 11:04:43Z" duration="0.000466" asserts="0" />
            <test-case id="0-1454" name="AssumptionPasses_ActualLambdaAndConstraintWithMessageAndArgs" fullname="NUnit.Framework.Assertions.AssumeThatTests.AssumptionPasses_ActualLambdaAndConstraintWithMessageAndArgs" methodname="AssumptionPasses_ActualLambdaAndConstraintWithMessageAndArgs" classname="NUnit.Framework.Assertions.AssumeThatTests" runstate="Runnable" seed="1512002898" result="Passed" start-time="2017-02-21 11:04:43Z" end-time="2017-02-21 11:04:43Z" duration="0.000283" asserts="0" />
            <test-case id="0-1455" name="AssumptionPasses_ActualLambdaAndConstraintWithMessageStringFunc" fullname="NUnit.Framework.Assertions.AssumeThatTests.AssumptionPasses_ActualLambdaAndConstraintWithMessageStringFunc" methodname="AssumptionPasses_ActualLambdaAndConstraintWithMessageStringFunc" classname="NUnit.Framework.Assertions.AssumeThatTests" runstate="Runnable" seed="727063562" result="Passed" start-time="2017-02-21 11:04:43Z" end-time="2017-02-21 11:04:43Z" duration="0.000251" asserts="0" />
            <test-case id="0-1440" name="AssumptionPasses_Boolean" fullname="NUnit.Framework.Assertions.AssumeThatTests.AssumptionPasses_Boolean" methodname="AssumptionPasses_Boolean" classname="NUnit.Framework.Assertions.AssumeThatTests" runstate="Runnable" seed="1771689783" result="Passed" start-time="2017-02-21 11:04:43Z" end-time="2017-02-21 11:04:43Z" duration="0.000109" asserts="0" />
            <test-case id="0-1444" name="AssumptionPasses_BooleanLambda" fullname="NUnit.Framework.Assertions.AssumeThatTests.AssumptionPasses_BooleanLambda" methodname="AssumptionPasses_BooleanLambda" classname="NUnit.Framework.Assertions.AssumeThatTests" runstate="Runnable" seed="90998081" result="Passed" start-time="2017-02-21 11:04:43Z" end-time="2017-02-21 11:04:43Z" duration="0.001969" asserts="0" />
            <test-case id="0-1445" name="AssumptionPasses_BooleanLambdaWithMessage" fullname="NUnit.Framework.Assertions.AssumeThatTests.AssumptionPasses_BooleanLambdaWithMessage" methodname="AssumptionPasses_BooleanLambdaWithMessage" classname="NUnit.Framework.Assertions.AssumeThatTests" runstate="Runnable" seed="996418954" result="Passed" start-time="2017-02-21 11:04:43Z" end-time="2017-02-21 11:04:43Z" duration="0.000423" asserts="0" />
            <test-case id="0-1446" name="AssumptionPasses_BooleanLambdaWithMessageAndArgs" fullname="NUnit.Framework.Assertions.AssumeThatTests.AssumptionPasses_BooleanLambdaWithMessageAndArgs" methodname="AssumptionPasses_BooleanLambdaWithMessageAndArgs" classname="NUnit.Framework.Assertions.AssumeThatTests" runstate="Runnable" seed="695316466" result="Passed" start-time="2017-02-21 11:04:43Z" end-time="2017-02-21 11:04:43Z" duration="0.000384" asserts="0" />
            <test-case id="0-1447" name="AssumptionPasses_BooleanLambdaWithWithMessageStringFunc" fullname="NUnit.Framework.Assertions.AssumeThatTests.AssumptionPasses_BooleanLambdaWithWithMessageStringFunc" methodname="AssumptionPasses_BooleanLambdaWithWithMessageStringFunc" classname="NUnit.Framework.Assertions.AssumeThatTests" runstate="Runnable" seed="1717956591" result="Passed" start-time="2017-02-21 11:04:43Z" end-time="2017-02-21 11:04:43Z" duration="0.000461" asserts="0" />
            <test-case id="0-1441" name="AssumptionPasses_BooleanWithMessage" fullname="NUnit.Framework.Assertions.AssumeThatTests.AssumptionPasses_BooleanWithMessage" methodname="AssumptionPasses_BooleanWithMessage" classname="NUnit.Framework.Assertions.AssumeThatTests" runstate="Runnable" seed="903071399" result="Passed" start-time="2017-02-21 11:04:43Z" end-time="2017-02-21 11:04:43Z" duration="0.000256" asserts="0" />
            <test-case id="0-1442" name="AssumptionPasses_BooleanWithMessageAndArgs" fullname="NUnit.Framework.Assertions.AssumeThatTests.AssumptionPasses_BooleanWithMessageAndArgs" methodname="AssumptionPasses_BooleanWithMessageAndArgs" classname="NUnit.Framework.Assertions.AssumeThatTests" runstate="Runnable" seed="423020549" result="Passed" start-time="2017-02-21 11:04:43Z" end-time="2017-02-21 11:04:43Z" duration="0.000216" asserts="0" />
            <test-case id="0-1443" name="AssumptionPasses_BooleanWithMessageStringFunc" fullname="NUnit.Framework.Assertions.AssumeThatTests.AssumptionPasses_BooleanWithMessageStringFunc" methodname="AssumptionPasses_BooleanWithMessageStringFunc" classname="NUnit.Framework.Assertions.AssumeThatTests" runstate="Runnable" seed="1441154844" result="Passed" start-time="2017-02-21 11:04:43Z" end-time="2017-02-21 11:04:43Z" duration="0.000459" asserts="0" />
            <test-case id="0-1456" name="AssumptionPasses_DelegateAndConstraint" fullname="NUnit.Framework.Assertions.AssumeThatTests.AssumptionPasses_DelegateAndConstraint" methodname="AssumptionPasses_DelegateAndConstraint" classname="NUnit.Framework.Assertions.AssumeThatTests" runstate="Runnable" seed="347605499" result="Passed" start-time="2017-02-21 11:04:43Z" end-time="2017-02-21 11:04:43Z" duration="0.000325" asserts="0" />
            <test-case id="0-1457" name="AssumptionPasses_DelegateAndConstraintWithMessage" fullname="NUnit.Framework.Assertions.AssumeThatTests.AssumptionPasses_DelegateAndConstraintWithMessage" methodname="AssumptionPasses_DelegateAndConstraintWithMessage" classname="NUnit.Framework.Assertions.AssumeThatTests" runstate="Runnable" seed="276152652" result="Passed" start-time="2017-02-21 11:04:43Z" end-time="2017-02-21 11:04:43Z" duration="0.000201" asserts="0" />
            <test-case id="0-1458" name="AssumptionPasses_DelegateAndConstraintWithMessageAndArgs" fullname="NUnit.Framework.Assertions.AssumeThatTests.AssumptionPasses_DelegateAndConstraintWithMessageAndArgs" methodname="AssumptionPasses_DelegateAndConstraintWithMessageAndArgs" classname="NUnit.Framework.Assertions.AssumeThatTests" runstate="Runnable" seed="622274950" result="Passed" start-time="2017-02-21 11:04:43Z" end-time="2017-02-21 11:04:43Z" duration="0.000171" asserts="0" />
            <test-case id="0-1459" name="AssumptionPasses_DelegateAndConstraintWithMessageStringFunc" fullname="NUnit.Framework.Assertions.AssumeThatTests.AssumptionPasses_DelegateAndConstraintWithMessageStringFunc" methodname="AssumptionPasses_DelegateAndConstraintWithMessageStringFunc" classname="NUnit.Framework.Assertions.AssumeThatTests" runstate="Runnable" seed="1980542943" result="Passed" start-time="2017-02-21 11:04:43Z" end-time="2017-02-21 11:04:43Z" duration="0.000180" asserts="0" />
            <test-case id="0-1481" name="FailingAssumption_CallsExceptionStringFunc" fullname="NUnit.Framework.Assertions.AssumeThatTests.FailingAssumption_CallsExceptionStringFunc" methodname="FailingAssumption_CallsExceptionStringFunc" classname="NUnit.Framework.Assertions.AssumeThatTests" runstate="Runnable" seed="2006502052" result="Passed" start-time="2017-02-21 11:04:43Z" end-time="2017-02-21 11:04:43Z" duration="0.000312" asserts="3" />
            <test-case id="0-1468" name="FailureThrowsInconclusiveException_ActualAndConstraint" fullname="NUnit.Framework.Assertions.AssumeThatTests.FailureThrowsInconclusiveException_ActualAndConstraint" methodname="FailureThrowsInconclusiveException_ActualAndConstraint" classname="NUnit.Framework.Assertions.AssumeThatTests" runstate="Runnable" seed="1141552305" result="Passed" start-time="2017-02-21 11:04:43Z" end-time="2017-02-21 11:04:43Z" duration="0.000357" asserts="1" />
            <test-case id="0-1469" name="FailureThrowsInconclusiveException_ActualAndConstraintWithMessage" fullname="NUnit.Framework.Assertions.AssumeThatTests.FailureThrowsInconclusiveException_ActualAndConstraintWithMessage" methodname="FailureThrowsInconclusiveException_ActualAndConstraintWithMessage" classname="NUnit.Framework.Assertions.AssumeThatTests" runstate="Runnable" seed="396337563" result="Passed" start-time="2017-02-21 11:04:43Z" end-time="2017-02-21 11:04:43Z" duration="0.000259" asserts="2" />
            <test-case id="0-1470" name="FailureThrowsInconclusiveException_ActualAndConstraintWithMessageAndArgs" fullname="NUnit.Framework.Assertions.AssumeThatTests.FailureThrowsInconclusiveException_ActualAndConstraintWithMessageAndArgs" methodname="FailureThrowsInconclusiveException_ActualAndConstraintWithMessageAndArgs" classname="NUnit.Framework.Assertions.AssumeThatTests" runstate="Runnable" seed="1176914894" result="Passed" start-time="2017-02-21 11:04:43Z" end-time="2017-02-21 11:04:43Z" duration="0.000596" asserts="2" />
            <test-case id="0-1471" name="FailureThrowsInconclusiveException_ActualAndConstraintWithMessageStringFunc" fullname="NUnit.Framework.Assertions.AssumeThatTests.FailureThrowsInconclusiveException_ActualAndConstraintWithMessageStringFunc" methodname="FailureThrowsInconclusiveException_ActualAndConstraintWithMessageStringFunc" classname="NUnit.Framework.Assertions.AssumeThatTests" runstate="Runnable" seed="1978686010" result="Passed" start-time="2017-02-21 11:04:43Z" end-time="2017-02-21 11:04:43Z" duration="0.002647" asserts="2" />
            <test-case id="0-1472" name="FailureThrowsInconclusiveException_ActualLambdaAndConstraint" fullname="NUnit.Framework.Assertions.AssumeThatTests.FailureThrowsInconclusiveException_ActualLambdaAndConstraint" methodname="FailureThrowsInconclusiveException_ActualLambdaAndConstraint" classname="NUnit.Framework.Assertions.AssumeThatTests" runstate="Runnable" seed="1543280020" result="Passed" start-time="2017-02-21 11:04:43Z" end-time="2017-02-21 11:04:43Z" duration="0.000370" asserts="1" />
            <test-case id="0-1473" name="FailureThrowsInconclusiveException_ActualLambdaAndConstraintWithMessage" fullname="NUnit.Framework.Assertions.AssumeThatTests.FailureThrowsInconclusiveException_ActualLambdaAndConstraintWithMessage" methodname="FailureThrowsInconclusiveException_ActualLambdaAndConstraintWithMessage" classname="NUnit.Framework.Assertions.AssumeThatTests" runstate="Runnable" seed="1882613458" result="Passed" start-time="2017-02-21 11:04:43Z" end-time="2017-02-21 11:04:43Z" duration="0.000383" asserts="2" />
            <test-case id="0-1474" name="FailureThrowsInconclusiveException_ActualLambdaAndConstraintWithMessageAndArgs" fullname="NUnit.Framework.Assertions.AssumeThatTests.FailureThrowsInconclusiveException_ActualLambdaAndConstraintWithMessageAndArgs" methodname="FailureThrowsInconclusiveException_ActualLambdaAndConstraintWithMessageAndArgs" classname="NUnit.Framework.Assertions.AssumeThatTests" runstate="Runnable" seed="1245650235" result="Passed" start-time="2017-02-21 11:04:43Z" end-time="2017-02-21 11:04:43Z" duration="0.000467" asserts="2" />
            <test-case id="0-1475" name="FailureThrowsInconclusiveException_ActualLambdaAndConstraintWithMessageStringFunc" fullname="NUnit.Framework.Assertions.AssumeThatTests.FailureThrowsInconclusiveException_ActualLambdaAndConstraintWithMessageStringFunc" methodname="FailureThrowsInconclusiveException_ActualLambdaAndConstraintWithMessageStringFunc" classname="NUnit.Framework.Assertions.AssumeThatTests" runstate="Runnable" seed="1982442934" result="Passed" start-time="2017-02-21 11:04:43Z" end-time="2017-02-21 11:04:43Z" duration="0.001979" asserts="2" />
            <test-case id="0-1460" name="FailureThrowsInconclusiveException_Boolean" fullname="NUnit.Framework.Assertions.AssumeThatTests.FailureThrowsInconclusiveException_Boolean" methodname="FailureThrowsInconclusiveException_Boolean" classname="NUnit.Framework.Assertions.AssumeThatTests" runstate="Runnable" seed="407323336" result="Passed" start-time="2017-02-21 11:04:43Z" end-time="2017-02-21 11:04:43Z" duration="0.000271" asserts="1" />
            <test-case id="0-1464" name="FailureThrowsInconclusiveException_BooleanLambda" fullname="NUnit.Framework.Assertions.AssumeThatTests.FailureThrowsInconclusiveException_BooleanLambda" methodname="FailureThrowsInconclusiveException_BooleanLambda" classname="NUnit.Framework.Assertions.AssumeThatTests" runstate="Runnable" seed="289312970" result="Passed" start-time="2017-02-21 11:04:43Z" end-time="2017-02-21 11:04:43Z" duration="0.000636" asserts="1" />
            <test-case id="0-1465" name="FailureThrowsInconclusiveException_BooleanLambdaWithMessage" fullname="NUnit.Framework.Assertions.AssumeThatTests.FailureThrowsInconclusiveException_BooleanLambdaWithMessage" methodname="FailureThrowsInconclusiveException_BooleanLambdaWithMessage" classname="NUnit.Framework.Assertions.AssumeThatTests" runstate="Runnable" seed="1453841600" result="Passed" start-time="2017-02-21 11:04:43Z" end-time="2017-02-21 11:04:43Z" duration="0.000643" asserts="2" />
            <test-case id="0-1466" name="FailureThrowsInconclusiveException_BooleanLambdaWithMessageAndArgs" fullname="NUnit.Framework.Assertions.AssumeThatTests.FailureThrowsInconclusiveException_BooleanLambdaWithMessageAndArgs" methodname="FailureThrowsInconclusiveException_BooleanLambdaWithMessageAndArgs" classname="NUnit.Framework.Assertions.AssumeThatTests" runstate="Runnable" seed="180054357" result="Passed" start-time="2017-02-21 11:04:43Z" end-time="2017-02-21 11:04:43Z" duration="0.000437" asserts="2" />
            <test-case id="0-1467" name="FailureThrowsInconclusiveException_BooleanLambdaWithMessageStringFunc" fullname="NUnit.Framework.Assertions.AssumeThatTests.FailureThrowsInconclusiveException_BooleanLambdaWithMessageStringFunc" methodname="FailureThrowsInconclusiveException_BooleanLambdaWithMessageStringFunc" classname="NUnit.Framework.Assertions.AssumeThatTests" runstate="Runnable" seed="2099598049" result="Passed" start-time="2017-02-21 11:04:43Z" end-time="2017-02-21 11:04:43Z" duration="0.000741" asserts="2" />
            <test-case id="0-1461" name="FailureThrowsInconclusiveException_BooleanWithMessage" fullname="NUnit.Framework.Assertions.AssumeThatTests.FailureThrowsInconclusiveException_BooleanWithMessage" methodname="FailureThrowsInconclusiveException_BooleanWithMessage" classname="NUnit.Framework.Assertions.AssumeThatTests" runstate="Runnable" seed="7741059" result="Passed" start-time="2017-02-21 11:04:43Z" end-time="2017-02-21 11:04:43Z" duration="0.001119" asserts="2" />
            <test-case id="0-1462" name="FailureThrowsInconclusiveException_BooleanWithMessageAndArgs" fullname="NUnit.Framework.Assertions.AssumeThatTests.FailureThrowsInconclusiveException_BooleanWithMessageAndArgs" methodname="FailureThrowsInconclusiveException_BooleanWithMessageAndArgs" classname="NUnit.Framework.Assertions.AssumeThatTests" runstate="Runnable" seed="32284416" result="Passed" start-time="2017-02-21 11:04:43Z" end-time="2017-02-21 11:04:43Z" duration="0.000427" asserts="2" />
            <test-case id="0-1463" name="FailureThrowsInconclusiveException_BooleanWithMessageStringFunc" fullname="NUnit.Framework.Assertions.AssumeThatTests.FailureThrowsInconclusiveException_BooleanWithMessageStringFunc" methodname="FailureThrowsInconclusiveException_BooleanWithMessageStringFunc" classname="NUnit.Framework.Assertions.AssumeThatTests" runstate="Runnable" seed="1168924704" result="Passed" start-time="2017-02-21 11:04:43Z" end-time="2017-02-21 11:04:43Z" duration="0.000478" asserts="2" />
            <test-case id="0-1476" name="FailureThrowsInconclusiveException_DelegateAndConstraint" fullname="NUnit.Framework.Assertions.AssumeThatTests.FailureThrowsInconclusiveException_DelegateAndConstraint" methodname="FailureThrowsInconclusiveException_DelegateAndConstraint" classname="NUnit.Framework.Assertions.AssumeThatTests" runstate="Runnable" seed="391450162" result="Passed" start-time="2017-02-21 11:04:43Z" end-time="2017-02-21 11:04:43Z" duration="0.000674" asserts="1" />
            <test-case id="0-1477" name="FailureThrowsInconclusiveException_DelegateAndConstraintWithMessage" fullname="NUnit.Framework.Assertions.AssumeThatTests.FailureThrowsInconclusiveException_DelegateAndConstraintWithMessage" methodname="FailureThrowsInconclusiveException_DelegateAndConstraintWithMessage" classname="NUnit.Framework.Assertions.AssumeThatTests" runstate="Runnable" seed="21588474" result="Passed" start-time="2017-02-21 11:04:43Z" end-time="2017-02-21 11:04:43Z" duration="0.000455" asserts="2" />
            <test-case id="0-1478" name="FailureThrowsInconclusiveException_DelegateAndConstraintWithMessageAndArgs" fullname="NUnit.Framework.Assertions.AssumeThatTests.FailureThrowsInconclusiveException_DelegateAndConstraintWithMessageAndArgs" methodname="FailureThrowsInconclusiveException_DelegateAndConstraintWithMessageAndArgs" classname="NUnit.Framework.Assertions.AssumeThatTests" runstate="Runnable" seed="88564877" result="Passed" start-time="2017-02-21 11:04:43Z" end-time="2017-02-21 11:04:43Z" duration="0.000541" asserts="2" />
            <test-case id="0-1479" name="FailureThrowsInconclusiveException_DelegateAndConstraintWithMessageStringFunc" fullname="NUnit.Framework.Assertions.AssumeThatTests.FailureThrowsInconclusiveException_DelegateAndConstraintWithMessageStringFunc" methodname="FailureThrowsInconclusiveException_DelegateAndConstraintWithMessageStringFunc" classname="NUnit.Framework.Assertions.AssumeThatTests" runstate="Runnable" seed="645654229" result="Passed" start-time="2017-02-21 11:04:43Z" end-time="2017-02-21 11:04:43Z" duration="0.000528" asserts="2" />
            <test-case id="0-1480" name="PassingAssertion_DoesNotCallExceptionStringFunc" fullname="NUnit.Framework.Assertions.AssumeThatTests.PassingAssertion_DoesNotCallExceptionStringFunc" methodname="PassingAssertion_DoesNotCallExceptionStringFunc" classname="NUnit.Framework.Assertions.AssumeThatTests" runstate="Runnable" seed="200722180" result="Passed" start-time="2017-02-21 11:04:43Z" end-time="2017-02-21 11:04:43Z" duration="0.000508" asserts="1" />
          </test-suite>
          <test-suite type="TestFixture" id="0-1554" name="ConditionAssertTests" fullname="NUnit.Framework.Assertions.ConditionAssertTests" classname="NUnit.Framework.Assertions.ConditionAssertTests" runstate="Runnable" testcasecount="27" result="Passed" start-time="2017-02-21 11:04:43Z" end-time="2017-02-21 11:04:44Z" duration="0.146880" total="27" passed="27" failed="0" warnings="0" inconclusive="0" skipped="0" asserts="53">
            <test-case id="0-1573" name="IsEmpty" fullname="NUnit.Framework.Assertions.ConditionAssertTests.IsEmpty" methodname="IsEmpty" classname="NUnit.Framework.Assertions.ConditionAssertTests" runstate="Runnable" seed="1335377603" result="Passed" start-time="2017-02-21 11:04:43Z" end-time="2017-02-21 11:04:43Z" duration="0.001547" asserts="5" />
            <test-case id="0-1576" name="IsEmptyFailsOnNonEmptyArray" fullname="NUnit.Framework.Assertions.ConditionAssertTests.IsEmptyFailsOnNonEmptyArray" methodname="IsEmptyFailsOnNonEmptyArray" classname="NUnit.Framework.Assertions.ConditionAssertTests" runstate="Runnable" seed="2098580744" result="Passed" start-time="2017-02-21 11:04:43Z" end-time="2017-02-21 11:04:43Z" duration="0.002932" asserts="2" />
            <test-case id="0-1577" name="IsEmptyFailsOnNonEmptyIEnumerable" fullname="NUnit.Framework.Assertions.ConditionAssertTests.IsEmptyFailsOnNonEmptyIEnumerable" methodname="IsEmptyFailsOnNonEmptyIEnumerable" classname="NUnit.Framework.Assertions.ConditionAssertTests" runstate="Runnable" seed="731576411" result="Passed" start-time="2017-02-21 11:04:43Z" end-time="2017-02-21 11:04:43Z" duration="0.002182" asserts="2" />
            <test-case id="0-1575" name="IsEmptyFailsOnNullString" fullname="NUnit.Framework.Assertions.ConditionAssertTests.IsEmptyFailsOnNullString" methodname="IsEmptyFailsOnNullString" classname="NUnit.Framework.Assertions.ConditionAssertTests" runstate="Runnable" seed="697475011" result="Passed" start-time="2017-02-21 11:04:43Z" end-time="2017-02-21 11:04:43Z" duration="0.003409" asserts="2" />
            <test-case id="0-1574" name="IsEmptyFailsOnString" fullname="NUnit.Framework.Assertions.ConditionAssertTests.IsEmptyFailsOnString" methodname="IsEmptyFailsOnString" classname="NUnit.Framework.Assertions.ConditionAssertTests" runstate="Runnable" seed="884238768" result="Passed" start-time="2017-02-21 11:04:43Z" end-time="2017-02-21 11:04:43Z" duration="0.004983" asserts="2" />
            <test-case id="0-1561" name="IsFalse" fullname="NUnit.Framework.Assertions.ConditionAssertTests.IsFalse" methodname="IsFalse" classname="NUnit.Framework.Assertions.ConditionAssertTests" runstate="Runnable" seed="1155056230" result="Passed" start-time="2017-02-21 11:04:43Z" end-time="2017-02-21 11:04:43Z" duration="0.000093" asserts="1" />
            <test-case id="0-1563" name="IsFalseFails" fullname="NUnit.Framework.Assertions.ConditionAssertTests.IsFalseFails" methodname="IsFalseFails" classname="NUnit.Framework.Assertions.ConditionAssertTests" runstate="Runnable" seed="1323423268" result="Passed" start-time="2017-02-21 11:04:43Z" end-time="2017-02-21 11:04:43Z" duration="0.002010" asserts="2" />
            <test-suite type="ParameterizedMethod" id="0-1566" name="IsFalseFailsForNullable" fullname="NUnit.Framework.Assertions.ConditionAssertTests.IsFalseFailsForNullable" classname="NUnit.Framework.Assertions.ConditionAssertTests" runstate="Runnable" testcasecount="2" result="Passed" start-time="2017-02-21 11:04:43Z" end-time="2017-02-21 11:04:43Z" duration="0.010857" total="2" passed="2" failed="0" warnings="0" inconclusive="0" skipped="0" asserts="4">
              <test-case id="0-1564" name="IsFalseFailsForNullable(True,&quot;  But was:  True&quot;)" fullname="NUnit.Framework.Assertions.ConditionAssertTests.IsFalseFailsForNullable(True,&quot;  But was:  True&quot;)" methodname="IsFalseFailsForNullable" classname="NUnit.Framework.Assertions.ConditionAssertTests" runstate="Runnable" seed="1283209435" result="Passed" start-time="2017-02-21 11:04:43Z" end-time="2017-02-21 11:04:43Z" duration="0.003673" asserts="2" />
              <test-case id="0-1565" name="IsFalseFailsForNullable(null,&quot;  But was:  null&quot;)" fullname="NUnit.Framework.Assertions.ConditionAssertTests.IsFalseFailsForNullable(null,&quot;  But was:  null&quot;)" methodname="IsFalseFailsForNullable" classname="NUnit.Framework.Assertions.ConditionAssertTests" runstate="Runnable" seed="188637436" result="Passed" start-time="2017-02-21 11:04:43Z" end-time="2017-02-21 11:04:43Z" duration="0.001994" asserts="2" />
            </test-suite>
            <test-case id="0-1562" name="IsFalseNullable" fullname="NUnit.Framework.Assertions.ConditionAssertTests.IsFalseNullable" methodname="IsFalseNullable" classname="NUnit.Framework.Assertions.ConditionAssertTests" runstate="Runnable" seed="1443630953" result="Passed" start-time="2017-02-21 11:04:43Z" end-time="2017-02-21 11:04:43Z" duration="0.000215" asserts="1" />
            <test-case id="0-1571" name="IsNaN" fullname="NUnit.Framework.Assertions.ConditionAssertTests.IsNaN" methodname="IsNaN" classname="NUnit.Framework.Assertions.ConditionAssertTests" runstate="Runnable" seed="1846822384" result="Passed" start-time="2017-02-21 11:04:43Z" end-time="2017-02-21 11:04:43Z" duration="0.001450" asserts="1" />
            <test-case id="0-1572" name="IsNaNFails" fullname="NUnit.Framework.Assertions.ConditionAssertTests.IsNaNFails" methodname="IsNaNFails" classname="NUnit.Framework.Assertions.ConditionAssertTests" runstate="Runnable" seed="1669369600" result="Passed" start-time="2017-02-21 11:04:43Z" end-time="2017-02-21 11:04:43Z" duration="0.004083" asserts="2" />
            <test-case id="0-1578" name="IsNotEmpty" fullname="NUnit.Framework.Assertions.ConditionAssertTests.IsNotEmpty" methodname="IsNotEmpty" classname="NUnit.Framework.Assertions.ConditionAssertTests" runstate="Runnable" seed="298102886" result="Passed" start-time="2017-02-21 11:04:43Z" end-time="2017-02-21 11:04:43Z" duration="0.002238" asserts="5" />
            <test-case id="0-1580" name="IsNotEmptyFailsOnEmptyArray" fullname="NUnit.Framework.Assertions.ConditionAssertTests.IsNotEmptyFailsOnEmptyArray" methodname="IsNotEmptyFailsOnEmptyArray" classname="NUnit.Framework.Assertions.ConditionAssertTests" runstate="Runnable" seed="2031384423" result="Passed" start-time="2017-02-21 11:04:43Z" end-time="2017-02-21 11:04:43Z" duration="0.003261" asserts="2" />
            <test-case id="0-1582" name="IsNotEmptyFailsOnEmptyArrayList" fullname="NUnit.Framework.Assertions.ConditionAssertTests.IsNotEmptyFailsOnEmptyArrayList" methodname="IsNotEmptyFailsOnEmptyArrayList" classname="NUnit.Framework.Assertions.ConditionAssertTests" runstate="Runnable" seed="12746207" result="Passed" start-time="2017-02-21 11:04:43Z" end-time="2017-02-21 11:04:43Z" duration="0.003499" asserts="2" />
            <test-case id="0-1583" name="IsNotEmptyFailsOnEmptyHashTable" fullname="NUnit.Framework.Assertions.ConditionAssertTests.IsNotEmptyFailsOnEmptyHashTable" methodname="IsNotEmptyFailsOnEmptyHashTable" classname="NUnit.Framework.Assertions.ConditionAssertTests" runstate="Runnable" seed="1494587186" result="Passed" start-time="2017-02-21 11:04:43Z" end-time="2017-02-21 11:04:43Z" duration="0.003259" asserts="2" />
            <test-case id="0-1581" name="IsNotEmptyFailsOnEmptyIEnumerable" fullname="NUnit.Framework.Assertions.ConditionAssertTests.IsNotEmptyFailsOnEmptyIEnumerable" methodname="IsNotEmptyFailsOnEmptyIEnumerable" classname="NUnit.Framework.Assertions.ConditionAssertTests" runstate="Runnable" seed="1069896712" result="Passed" start-time="2017-02-21 11:04:43Z" end-time="2017-02-21 11:04:43Z" duration="0.004100" asserts="2" />
            <test-case id="0-1579" name="IsNotEmptyFailsOnEmptyString" fullname="NUnit.Framework.Assertions.ConditionAssertTests.IsNotEmptyFailsOnEmptyString" methodname="IsNotEmptyFailsOnEmptyString" classname="NUnit.Framework.Assertions.ConditionAssertTests" runstate="Runnable" seed="440059891" result="Passed" start-time="2017-02-21 11:04:43Z" end-time="2017-02-21 11:04:43Z" duration="0.003389" asserts="2" />
            <test-case id="0-1569" name="IsNotNull" fullname="NUnit.Framework.Assertions.ConditionAssertTests.IsNotNull" methodname="IsNotNull" classname="NUnit.Framework.Assertions.ConditionAssertTests" runstate="Runnable" seed="2081091532" result="Passed" start-time="2017-02-21 11:04:43Z" end-time="2017-02-21 11:04:43Z" duration="0.000204" asserts="1" />
            <test-case id="0-1570" name="IsNotNullFails" fullname="NUnit.Framework.Assertions.ConditionAssertTests.IsNotNullFails" methodname="IsNotNullFails" classname="NUnit.Framework.Assertions.ConditionAssertTests" runstate="Runnable" seed="1975913974" result="Passed" start-time="2017-02-21 11:04:43Z" end-time="2017-02-21 11:04:43Z" duration="0.002170" asserts="2" />
            <test-case id="0-1567" name="IsNull" fullname="NUnit.Framework.Assertions.ConditionAssertTests.IsNull" methodname="IsNull" classname="NUnit.Framework.Assertions.ConditionAssertTests" runstate="Runnable" seed="1076422968" result="Passed" start-time="2017-02-21 11:04:43Z" end-time="2017-02-21 11:04:43Z" duration="0.000128" asserts="1" />
            <test-case id="0-1568" name="IsNullFails" fullname="NUnit.Framework.Assertions.ConditionAssertTests.IsNullFails" methodname="IsNullFails" classname="NUnit.Framework.Assertions.ConditionAssertTests" runstate="Runnable" seed="523236120" result="Passed" start-time="2017-02-21 11:04:43Z" end-time="2017-02-21 11:04:44Z" duration="0.002746" asserts="2" />
            <test-case id="0-1555" name="IsTrue" fullname="NUnit.Framework.Assertions.ConditionAssertTests.IsTrue" methodname="IsTrue" classname="NUnit.Framework.Assertions.ConditionAssertTests" runstate="Runnable" seed="683149231" result="Passed" start-time="2017-02-21 11:04:44Z" end-time="2017-02-21 11:04:44Z" duration="0.000119" asserts="1" />
            <test-case id="0-1557" name="IsTrueFails" fullname="NUnit.Framework.Assertions.ConditionAssertTests.IsTrueFails" methodname="IsTrueFails" classname="NUnit.Framework.Assertions.ConditionAssertTests" runstate="Runnable" seed="1338881082" result="Passed" start-time="2017-02-21 11:04:44Z" end-time="2017-02-21 11:04:44Z" duration="0.002712" asserts="2" />
            <test-suite type="ParameterizedMethod" id="0-1560" name="IsTrueFailsForNullable" fullname="NUnit.Framework.Assertions.ConditionAssertTests.IsTrueFailsForNullable" classname="NUnit.Framework.Assertions.ConditionAssertTests" runstate="Runnable" testcasecount="2" result="Passed" start-time="2017-02-21 11:04:44Z" end-time="2017-02-21 11:04:44Z" duration="0.014776" total="2" passed="2" failed="0" warnings="0" inconclusive="0" skipped="0" asserts="4">
              <test-case id="0-1558" name="IsTrueFailsForNullable(False,&quot;  But was:  False&quot;)" fullname="NUnit.Framework.Assertions.ConditionAssertTests.IsTrueFailsForNullable(False,&quot;  But was:  False&quot;)" methodname="IsTrueFailsForNullable" classname="NUnit.Framework.Assertions.ConditionAssertTests" runstate="Runnable" seed="552766208" result="Passed" start-time="2017-02-21 11:04:44Z" end-time="2017-02-21 11:04:44Z" duration="0.003780" asserts="2" />
              <test-case id="0-1559" name="IsTrueFailsForNullable(null,&quot;  But was:  null&quot;)" fullname="NUnit.Framework.Assertions.ConditionAssertTests.IsTrueFailsForNullable(null,&quot;  But was:  null&quot;)" methodname="IsTrueFailsForNullable" classname="NUnit.Framework.Assertions.ConditionAssertTests" runstate="Runnable" seed="966883452" result="Passed" start-time="2017-02-21 11:04:44Z" end-time="2017-02-21 11:04:44Z" duration="0.004776" asserts="2" />
            </test-suite>
            <test-case id="0-1556" name="IsTrueNullable" fullname="NUnit.Framework.Assertions.ConditionAssertTests.IsTrueNullable" methodname="IsTrueNullable" classname="NUnit.Framework.Assertions.ConditionAssertTests" runstate="Runnable" seed="738753890" result="Passed" start-time="2017-02-21 11:04:44Z" end-time="2017-02-21 11:04:44Z" duration="0.000197" asserts="1" />
          </test-suite>
          <test-suite type="TestFixture" id="0-1584" name="DirectoryAssertTests" fullname="NUnit.Framework.Assertions.DirectoryAssertTests" classname="NUnit.Framework.Assertions.DirectoryAssertTests" runstate="Runnable" testcasecount="22" result="Passed" start-time="2017-02-21 11:04:43Z" end-time="2017-02-21 11:04:44Z" duration="0.121599" total="22" passed="22" failed="0" warnings="0" inconclusive="0" skipped="0" asserts="37">
            <test-case id="0-1586" name="AreEqualFailsWithDirectoryInfos" fullname="NUnit.Framework.Assertions.DirectoryAssertTests.AreEqualFailsWithDirectoryInfos" methodname="AreEqualFailsWithDirectoryInfos" classname="NUnit.Framework.Assertions.DirectoryAssertTests" runstate="Runnable" seed="487295546" result="Passed" start-time="2017-02-21 11:04:43Z" end-time="2017-02-21 11:04:43Z" duration="0.016287" asserts="2" />
            <test-case id="0-1585" name="AreEqualPassesWithDirectoryInfos" fullname="NUnit.Framework.Assertions.DirectoryAssertTests.AreEqualPassesWithDirectoryInfos" methodname="AreEqualPassesWithDirectoryInfos" classname="NUnit.Framework.Assertions.DirectoryAssertTests" runstate="Runnable" seed="2081088908" result="Passed" start-time="2017-02-21 11:04:43Z" end-time="2017-02-21 11:04:43Z" duration="0.000806" asserts="2" />
            <test-case id="0-1590" name="AreNotEqualFailsWithDirectoryInfos" fullname="NUnit.Framework.Assertions.DirectoryAssertTests.AreNotEqualFailsWithDirectoryInfos" methodname="AreNotEqualFailsWithDirectoryInfos" classname="NUnit.Framework.Assertions.DirectoryAssertTests" runstate="Runnable" seed="887851423" result="Passed" start-time="2017-02-21 11:04:43Z" end-time="2017-02-21 11:04:43Z" duration="0.003928" asserts="2" />
            <test-case id="0-1588" name="AreNotEqualPassesIfActualIsNull" fullname="NUnit.Framework.Assertions.DirectoryAssertTests.AreNotEqualPassesIfActualIsNull" methodname="AreNotEqualPassesIfActualIsNull" classname="NUnit.Framework.Assertions.DirectoryAssertTests" runstate="Runnable" seed="653853848" result="Passed" start-time="2017-02-21 11:04:43Z" end-time="2017-02-21 11:04:43Z" duration="0.000679" asserts="1" />
            <test-case id="0-1587" name="AreNotEqualPassesIfExpectedIsNull" fullname="NUnit.Framework.Assertions.DirectoryAssertTests.AreNotEqualPassesIfExpectedIsNull" methodname="AreNotEqualPassesIfExpectedIsNull" classname="NUnit.Framework.Assertions.DirectoryAssertTests" runstate="Runnable" seed="1299942885" result="Passed" start-time="2017-02-21 11:04:43Z" end-time="2017-02-21 11:04:43Z" duration="0.000547" asserts="1" />
            <test-case id="0-1589" name="AreNotEqualPassesWithDirectoryInfos" fullname="NUnit.Framework.Assertions.DirectoryAssertTests.AreNotEqualPassesWithDirectoryInfos" methodname="AreNotEqualPassesWithDirectoryInfos" classname="NUnit.Framework.Assertions.DirectoryAssertTests" runstate="Runnable" seed="1382617802" result="Passed" start-time="2017-02-21 11:04:43Z" end-time="2017-02-21 11:04:43Z" duration="0.000458" asserts="1" />
            <test-case id="0-1598" name="DoesNotExistFailsWhenDirectoryInfoExists" fullname="NUnit.Framework.Assertions.DirectoryAssertTests.DoesNotExistFailsWhenDirectoryInfoExists" methodname="DoesNotExistFailsWhenDirectoryInfoExists" classname="NUnit.Framework.Assertions.DirectoryAssertTests" runstate="Runnable" seed="979426945" result="Passed" start-time="2017-02-21 11:04:43Z" end-time="2017-02-21 11:04:43Z" duration="0.004859" asserts="2" />
            <test-case id="0-1602" name="DoesNotExistFailsWhenDirectoryInfoIsNull" fullname="NUnit.Framework.Assertions.DirectoryAssertTests.DoesNotExistFailsWhenDirectoryInfoIsNull" methodname="DoesNotExistFailsWhenDirectoryInfoIsNull" classname="NUnit.Framework.Assertions.DirectoryAssertTests" runstate="Runnable" seed="1095844767" result="Passed" start-time="2017-02-21 11:04:43Z" end-time="2017-02-21 11:04:43Z" duration="0.001207" asserts="2" />
            <test-case id="0-1599" name="DoesNotExistFailsWhenStringExists" fullname="NUnit.Framework.Assertions.DirectoryAssertTests.DoesNotExistFailsWhenStringExists" methodname="DoesNotExistFailsWhenStringExists" classname="NUnit.Framework.Assertions.DirectoryAssertTests" runstate="Runnable" seed="1056588483" result="Passed" start-time="2017-02-21 11:04:43Z" end-time="2017-02-21 11:04:43Z" duration="0.003892" asserts="2" />
            <test-case id="0-1604" name="DoesNotExistFailsWhenStringIsEmpty" fullname="NUnit.Framework.Assertions.DirectoryAssertTests.DoesNotExistFailsWhenStringIsEmpty" methodname="DoesNotExistFailsWhenStringIsEmpty" classname="NUnit.Framework.Assertions.DirectoryAssertTests" runstate="Runnable" seed="493726921" result="Passed" start-time="2017-02-21 11:04:43Z" end-time="2017-02-21 11:04:43Z" duration="0.000916" asserts="2" />
            <test-case id="0-1603" name="DoesNotExistFailsWhenStringIsNull" fullname="NUnit.Framework.Assertions.DirectoryAssertTests.DoesNotExistFailsWhenStringIsNull" methodname="DoesNotExistFailsWhenStringIsNull" classname="NUnit.Framework.Assertions.DirectoryAssertTests" runstate="Runnable" seed="2044618402" result="Passed" start-time="2017-02-21 11:04:43Z" end-time="2017-02-21 11:04:44Z" duration="0.000891" asserts="2" />
            <test-case id="0-1600" name="DoesNotExistPassesWhenDirectoryInfoDoesNotExist" fullname="NUnit.Framework.Assertions.DirectoryAssertTests.DoesNotExistPassesWhenDirectoryInfoDoesNotExist" methodname="DoesNotExistPassesWhenDirectoryInfoDoesNotExist" classname="NUnit.Framework.Assertions.DirectoryAssertTests" runstate="Runnable" seed="818048783" result="Passed" start-time="2017-02-21 11:04:44Z" end-time="2017-02-21 11:04:44Z" duration="0.000561" asserts="1" />
            <test-case id="0-1601" name="DoesNotExistPassesWhenStringDoesNotExist" fullname="NUnit.Framework.Assertions.DirectoryAssertTests.DoesNotExistPassesWhenStringDoesNotExist" methodname="DoesNotExistPassesWhenStringDoesNotExist" classname="NUnit.Framework.Assertions.DirectoryAssertTests" runstate="Runnable" seed="234067796" result="Passed" start-time="2017-02-21 11:04:44Z" end-time="2017-02-21 11:04:44Z" duration="0.000546" asserts="1" />
            <test-case id="0-1605" name="EqualsFailsWhenUsed" fullname="NUnit.Framework.Assertions.DirectoryAssertTests.EqualsFailsWhenUsed" methodname="EqualsFailsWhenUsed" classname="NUnit.Framework.Assertions.DirectoryAssertTests" runstate="Runnable" seed="1924193891" result="Passed" start-time="2017-02-21 11:04:44Z" end-time="2017-02-21 11:04:44Z" duration="0.000755" asserts="2" />
            <test-case id="0-1593" name="ExistsFailsWhenDirectoryInfoDoesNotExist" fullname="NUnit.Framework.Assertions.DirectoryAssertTests.ExistsFailsWhenDirectoryInfoDoesNotExist" methodname="ExistsFailsWhenDirectoryInfoDoesNotExist" classname="NUnit.Framework.Assertions.DirectoryAssertTests" runstate="Runnable" seed="1802636163" result="Passed" start-time="2017-02-21 11:04:44Z" end-time="2017-02-21 11:04:44Z" duration="0.004056" asserts="2" />
            <test-case id="0-1595" name="ExistsFailsWhenDirectoryInfoIsNull" fullname="NUnit.Framework.Assertions.DirectoryAssertTests.ExistsFailsWhenDirectoryInfoIsNull" methodname="ExistsFailsWhenDirectoryInfoIsNull" classname="NUnit.Framework.Assertions.DirectoryAssertTests" runstate="Runnable" seed="1688177815" result="Passed" start-time="2017-02-21 11:04:44Z" end-time="2017-02-21 11:04:44Z" duration="0.000905" asserts="2" />
            <test-case id="0-1594" name="ExistsFailsWhenStringDoesNotExist" fullname="NUnit.Framework.Assertions.DirectoryAssertTests.ExistsFailsWhenStringDoesNotExist" methodname="ExistsFailsWhenStringDoesNotExist" classname="NUnit.Framework.Assertions.DirectoryAssertTests" runstate="Runnable" seed="1605460065" result="Passed" start-time="2017-02-21 11:04:44Z" end-time="2017-02-21 11:04:44Z" duration="0.005057" asserts="2" />
            <test-case id="0-1597" name="ExistsFailsWhenStringIsEmpty" fullname="NUnit.Framework.Assertions.DirectoryAssertTests.ExistsFailsWhenStringIsEmpty" methodname="ExistsFailsWhenStringIsEmpty" classname="NUnit.Framework.Assertions.DirectoryAssertTests" runstate="Runnable" seed="1517979117" result="Passed" start-time="2017-02-21 11:04:44Z" end-time="2017-02-21 11:04:44Z" duration="0.000584" asserts="2" />
            <test-case id="0-1596" name="ExistsFailsWhenStringIsNull" fullname="NUnit.Framework.Assertions.DirectoryAssertTests.ExistsFailsWhenStringIsNull" methodname="ExistsFailsWhenStringIsNull" classname="NUnit.Framework.Assertions.DirectoryAssertTests" runstate="Runnable" seed="1405557005" result="Passed" start-time="2017-02-21 11:04:44Z" end-time="2017-02-21 11:04:44Z" duration="0.000844" asserts="2" />
            <test-case id="0-1591" name="ExistsPassesWhenDirectoryInfoExists" fullname="NUnit.Framework.Assertions.DirectoryAssertTests.ExistsPassesWhenDirectoryInfoExists" methodname="ExistsPassesWhenDirectoryInfoExists" classname="NUnit.Framework.Assertions.DirectoryAssertTests" runstate="Runnable" seed="1042261685" result="Passed" start-time="2017-02-21 11:04:44Z" end-time="2017-02-21 11:04:44Z" duration="0.000407" asserts="1" />
            <test-case id="0-1592" name="ExistsPassesWhenStringExists" fullname="NUnit.Framework.Assertions.DirectoryAssertTests.ExistsPassesWhenStringExists" methodname="ExistsPassesWhenStringExists" classname="NUnit.Framework.Assertions.DirectoryAssertTests" runstate="Runnable" seed="961911768" result="Passed" start-time="2017-02-21 11:04:44Z" end-time="2017-02-21 11:04:44Z" duration="0.000672" asserts="1" />
            <test-case id="0-1606" name="ReferenceEqualsFailsWhenUsed" fullname="NUnit.Framework.Assertions.DirectoryAssertTests.ReferenceEqualsFailsWhenUsed" methodname="ReferenceEqualsFailsWhenUsed" classname="NUnit.Framework.Assertions.DirectoryAssertTests" runstate="Runnable" seed="531595244" result="Passed" start-time="2017-02-21 11:04:44Z" end-time="2017-02-21 11:04:44Z" duration="0.003294" asserts="2" />
          </test-suite>
          <test-suite type="TestFixture" id="0-1498" name="CollectionAssertTest" fullname="NUnit.Framework.Assertions.CollectionAssertTest" classname="NUnit.Framework.Assertions.CollectionAssertTest" runstate="Runnable" testcasecount="55" result="Passed" start-time="2017-02-21 11:04:43Z" end-time="2017-02-21 11:04:44Z" duration="0.245817" total="55" passed="55" failed="0" warnings="0" inconclusive="0" skipped="0" asserts="89">
            <test-case id="0-1508" name="AreEqual" fullname="NUnit.Framework.Assertions.CollectionAssertTest.AreEqual" methodname="AreEqual" classname="NUnit.Framework.Assertions.CollectionAssertTest" runstate="Runnable" seed="667654194" result="Passed" start-time="2017-02-21 11:04:43Z" end-time="2017-02-21 11:04:43Z" duration="0.001005" asserts="3" />
            <test-case id="0-1511" name="AreEqual_HandlesNull" fullname="NUnit.Framework.Assertions.CollectionAssertTest.AreEqual_HandlesNull" methodname="AreEqual_HandlesNull" classname="NUnit.Framework.Assertions.CollectionAssertTest" runstate="Runnable" seed="1847519560" result="Passed" start-time="2017-02-21 11:04:43Z" end-time="2017-02-21 11:04:43Z" duration="0.000141" asserts="2" />
            <test-case id="0-1513" name="AreEqual_UsingIterator" fullname="NUnit.Framework.Assertions.CollectionAssertTest.AreEqual_UsingIterator" methodname="AreEqual_UsingIterator" classname="NUnit.Framework.Assertions.CollectionAssertTest" runstate="Runnable" seed="41700390" result="Passed" start-time="2017-02-21 11:04:43Z" end-time="2017-02-21 11:04:43Z" duration="0.000387" asserts="1" />
            <test-case id="0-1514" name="AreEqual_UsingIterator_Fails" fullname="NUnit.Framework.Assertions.CollectionAssertTest.AreEqual_UsingIterator_Fails" methodname="AreEqual_UsingIterator_Fails" classname="NUnit.Framework.Assertions.CollectionAssertTest" runstate="Runnable" seed="1817110670" result="Passed" start-time="2017-02-21 11:04:43Z" end-time="2017-02-21 11:04:43Z" duration="0.004644" asserts="2" />
            <test-case id="0-1515" name="AreEqual_UsingLinqQuery" fullname="NUnit.Framework.Assertions.CollectionAssertTest.AreEqual_UsingLinqQuery" methodname="AreEqual_UsingLinqQuery" classname="NUnit.Framework.Assertions.CollectionAssertTest" runstate="Runnable" seed="1629219012" result="Passed" start-time="2017-02-21 11:04:43Z" end-time="2017-02-21 11:04:43Z" duration="0.002020" asserts="1" />
            <test-case id="0-1516" name="AreEqual_UsingLinqQuery_Fails" fullname="NUnit.Framework.Assertions.CollectionAssertTest.AreEqual_UsingLinqQuery_Fails" methodname="AreEqual_UsingLinqQuery_Fails" classname="NUnit.Framework.Assertions.CollectionAssertTest" runstate="Runnable" seed="2136264957" result="Passed" start-time="2017-02-21 11:04:43Z" end-time="2017-02-21 11:04:43Z" duration="0.003810" asserts="2" />
            <test-case id="0-1510" name="AreEqualFail" fullname="NUnit.Framework.Assertions.CollectionAssertTest.AreEqualFail" methodname="AreEqualFail" classname="NUnit.Framework.Assertions.CollectionAssertTest" runstate="Runnable" seed="8017337" result="Passed" start-time="2017-02-21 11:04:43Z" end-time="2017-02-21 11:04:43Z" duration="0.003138" asserts="2" />
            <test-case id="0-1509" name="AreEqualFailCount" fullname="NUnit.Framework.Assertions.CollectionAssertTest.AreEqualFailCount" methodname="AreEqualFailCount" classname="NUnit.Framework.Assertions.CollectionAssertTest" runstate="Runnable" seed="363888753" result="Passed" start-time="2017-02-21 11:04:43Z" end-time="2017-02-21 11:04:43Z" duration="0.003327" asserts="2" />
            <test-case id="0-1520" name="AreEquivalentHandlesNull" fullname="NUnit.Framework.Assertions.CollectionAssertTest.AreEquivalentHandlesNull" methodname="AreEquivalentHandlesNull" classname="NUnit.Framework.Assertions.CollectionAssertTest" runstate="Runnable" seed="1950117249" result="Passed" start-time="2017-02-21 11:04:43Z" end-time="2017-02-21 11:04:43Z" duration="0.003281" asserts="1" />
            <test-case id="0-1521" name="AreNotEqual" fullname="NUnit.Framework.Assertions.CollectionAssertTest.AreNotEqual" methodname="AreNotEqual" classname="NUnit.Framework.Assertions.CollectionAssertTest" runstate="Runnable" seed="140779021" result="Passed" start-time="2017-02-21 11:04:43Z" end-time="2017-02-21 11:04:43Z" duration="0.000843" asserts="6" />
            <test-case id="0-1522" name="AreNotEqual_Fails" fullname="NUnit.Framework.Assertions.CollectionAssertTest.AreNotEqual_Fails" methodname="AreNotEqual_Fails" classname="NUnit.Framework.Assertions.CollectionAssertTest" runstate="Runnable" seed="375284228" result="Passed" start-time="2017-02-21 11:04:43Z" end-time="2017-02-21 11:04:43Z" duration="0.002922" asserts="2" />
            <test-case id="0-1523" name="AreNotEqual_HandlesNull" fullname="NUnit.Framework.Assertions.CollectionAssertTest.AreNotEqual_HandlesNull" methodname="AreNotEqual_HandlesNull" classname="NUnit.Framework.Assertions.CollectionAssertTest" runstate="Runnable" seed="894848309" result="Passed" start-time="2017-02-21 11:04:43Z" end-time="2017-02-21 11:04:43Z" duration="0.000300" asserts="2" />
            <test-case id="0-1528" name="Contains_ICollection" fullname="NUnit.Framework.Assertions.CollectionAssertTest.Contains_ICollection" methodname="Contains_ICollection" classname="NUnit.Framework.Assertions.CollectionAssertTest" runstate="Runnable" seed="953187253" result="Passed" start-time="2017-02-21 11:04:43Z" end-time="2017-02-21 11:04:43Z" duration="0.000837" asserts="1" />
            <test-case id="0-1527" name="Contains_IList" fullname="NUnit.Framework.Assertions.CollectionAssertTest.Contains_IList" methodname="Contains_IList" classname="NUnit.Framework.Assertions.CollectionAssertTest" runstate="Runnable" seed="2093088720" result="Passed" start-time="2017-02-21 11:04:43Z" end-time="2017-02-21 11:04:43Z" duration="0.000230" asserts="1" />
            <test-case id="0-1532" name="ContainsFails_EmptyICollection" fullname="NUnit.Framework.Assertions.CollectionAssertTest.ContainsFails_EmptyICollection" methodname="ContainsFails_EmptyICollection" classname="NUnit.Framework.Assertions.CollectionAssertTest" runstate="Runnable" seed="993935365" result="Passed" start-time="2017-02-21 11:04:43Z" end-time="2017-02-21 11:04:43Z" duration="0.003457" asserts="2" />
            <test-case id="0-1531" name="ContainsFails_EmptyIList" fullname="NUnit.Framework.Assertions.CollectionAssertTest.ContainsFails_EmptyIList" methodname="ContainsFails_EmptyIList" classname="NUnit.Framework.Assertions.CollectionAssertTest" runstate="Runnable" seed="690885385" result="Passed" start-time="2017-02-21 11:04:43Z" end-time="2017-02-21 11:04:43Z" duration="0.004983" asserts="2" />
            <test-case id="0-1530" name="ContainsFails_ICollection" fullname="NUnit.Framework.Assertions.CollectionAssertTest.ContainsFails_ICollection" methodname="ContainsFails_ICollection" classname="NUnit.Framework.Assertions.CollectionAssertTest" runstate="Runnable" seed="1876291217" result="Passed" start-time="2017-02-21 11:04:43Z" end-time="2017-02-21 11:04:43Z" duration="0.002393" asserts="2" />
            <test-case id="0-1529" name="ContainsFails_ILIst" fullname="NUnit.Framework.Assertions.CollectionAssertTest.ContainsFails_ILIst" methodname="ContainsFails_ILIst" classname="NUnit.Framework.Assertions.CollectionAssertTest" runstate="Runnable" seed="14653744" result="Passed" start-time="2017-02-21 11:04:43Z" end-time="2017-02-21 11:04:43Z" duration="0.003395" asserts="2" />
            <test-case id="0-1534" name="ContainsNull_ICollection" fullname="NUnit.Framework.Assertions.CollectionAssertTest.ContainsNull_ICollection" methodname="ContainsNull_ICollection" classname="NUnit.Framework.Assertions.CollectionAssertTest" runstate="Runnable" seed="397922367" result="Passed" start-time="2017-02-21 11:04:43Z" end-time="2017-02-21 11:04:43Z" duration="0.000367" asserts="1" />
            <test-case id="0-1533" name="ContainsNull_IList" fullname="NUnit.Framework.Assertions.CollectionAssertTest.ContainsNull_IList" methodname="ContainsNull_IList" classname="NUnit.Framework.Assertions.CollectionAssertTest" runstate="Runnable" seed="973851128" result="Passed" start-time="2017-02-21 11:04:43Z" end-time="2017-02-21 11:04:43Z" duration="0.000262" asserts="1" />
            <test-case id="0-1535" name="DoesNotContain" fullname="NUnit.Framework.Assertions.CollectionAssertTest.DoesNotContain" methodname="DoesNotContain" classname="NUnit.Framework.Assertions.CollectionAssertTest" runstate="Runnable" seed="322637270" result="Passed" start-time="2017-02-21 11:04:43Z" end-time="2017-02-21 11:04:43Z" duration="0.000461" asserts="1" />
            <test-case id="0-1536" name="DoesNotContain_Empty" fullname="NUnit.Framework.Assertions.CollectionAssertTest.DoesNotContain_Empty" methodname="DoesNotContain_Empty" classname="NUnit.Framework.Assertions.CollectionAssertTest" runstate="Runnable" seed="810544280" result="Passed" start-time="2017-02-21 11:04:43Z" end-time="2017-02-21 11:04:43Z" duration="0.000605" asserts="1" />
            <test-case id="0-1537" name="DoesNotContain_Fails" fullname="NUnit.Framework.Assertions.CollectionAssertTest.DoesNotContain_Fails" methodname="DoesNotContain_Fails" classname="NUnit.Framework.Assertions.CollectionAssertTest" runstate="Runnable" seed="1621081486" result="Passed" start-time="2017-02-21 11:04:43Z" end-time="2017-02-21 11:04:43Z" duration="0.004676" asserts="2" />
            <test-case id="0-1512" name="EnsureComparerIsUsed" fullname="NUnit.Framework.Assertions.CollectionAssertTest.EnsureComparerIsUsed" methodname="EnsureComparerIsUsed" classname="NUnit.Framework.Assertions.CollectionAssertTest" runstate="Runnable" seed="1609254908" result="Passed" start-time="2017-02-21 11:04:43Z" end-time="2017-02-21 11:04:43Z" duration="0.000254" asserts="1" />
            <test-case id="0-1552" name="EqualsFailsWhenUsed" fullname="NUnit.Framework.Assertions.CollectionAssertTest.EqualsFailsWhenUsed" methodname="EqualsFailsWhenUsed" classname="NUnit.Framework.Assertions.CollectionAssertTest" runstate="Runnable" seed="839993046" result="Passed" start-time="2017-02-21 11:04:43Z" end-time="2017-02-21 11:04:43Z" duration="0.000383" asserts="2" />
            <test-case id="0-1517" name="Equivalent" fullname="NUnit.Framework.Assertions.CollectionAssertTest.Equivalent" methodname="Equivalent" classname="NUnit.Framework.Assertions.CollectionAssertTest" runstate="Runnable" seed="722814428" result="Passed" start-time="2017-02-21 11:04:43Z" end-time="2017-02-21 11:04:43Z" duration="0.000253" asserts="1" />
            <test-case id="0-1518" name="EquivalentFailOne" fullname="NUnit.Framework.Assertions.CollectionAssertTest.EquivalentFailOne" methodname="EquivalentFailOne" classname="NUnit.Framework.Assertions.CollectionAssertTest" runstate="Runnable" seed="623990585" result="Passed" start-time="2017-02-21 11:04:43Z" end-time="2017-02-21 11:04:43Z" duration="0.002956" asserts="2" />
            <test-case id="0-1519" name="EquivalentFailTwo" fullname="NUnit.Framework.Assertions.CollectionAssertTest.EquivalentFailTwo" methodname="EquivalentFailTwo" classname="NUnit.Framework.Assertions.CollectionAssertTest" runstate="Runnable" seed="1604318011" result="Passed" start-time="2017-02-21 11:04:43Z" end-time="2017-02-21 11:04:43Z" duration="0.003198" asserts="2" />
            <test-case id="0-1541" name="IsNotSubsetOf" fullname="NUnit.Framework.Assertions.CollectionAssertTest.IsNotSubsetOf" methodname="IsNotSubsetOf" classname="NUnit.Framework.Assertions.CollectionAssertTest" runstate="Runnable" seed="1672745452" result="Passed" start-time="2017-02-21 11:04:43Z" end-time="2017-02-21 11:04:43Z" duration="0.001083" asserts="2" />
            <test-case id="0-1542" name="IsNotSubsetOf_Fails" fullname="NUnit.Framework.Assertions.CollectionAssertTest.IsNotSubsetOf_Fails" methodname="IsNotSubsetOf_Fails" classname="NUnit.Framework.Assertions.CollectionAssertTest" runstate="Runnable" seed="842447662" result="Passed" start-time="2017-02-21 11:04:43Z" end-time="2017-02-21 11:04:43Z" duration="0.004468" asserts="2" />
            <test-case id="0-1543" name="IsNotSubsetOfHandlesNull" fullname="NUnit.Framework.Assertions.CollectionAssertTest.IsNotSubsetOfHandlesNull" methodname="IsNotSubsetOfHandlesNull" classname="NUnit.Framework.Assertions.CollectionAssertTest" runstate="Runnable" seed="97512072" result="Passed" start-time="2017-02-21 11:04:43Z" end-time="2017-02-21 11:04:43Z" duration="0.000154" asserts="1" />
            <test-case id="0-1544" name="IsOrdered" fullname="NUnit.Framework.Assertions.CollectionAssertTest.IsOrdered" methodname="IsOrdered" classname="NUnit.Framework.Assertions.CollectionAssertTest" runstate="Runnable" seed="271072872" result="Passed" start-time="2017-02-21 11:04:43Z" end-time="2017-02-21 11:04:43Z" duration="0.002169" asserts="1" />
            <test-case id="0-1546" name="IsOrdered_Allows_adjacent_equal_values" fullname="NUnit.Framework.Assertions.CollectionAssertTest.IsOrdered_Allows_adjacent_equal_values" methodname="IsOrdered_Allows_adjacent_equal_values" classname="NUnit.Framework.Assertions.CollectionAssertTest" runstate="Runnable" seed="1179468521" result="Passed" start-time="2017-02-21 11:04:43Z" end-time="2017-02-21 11:04:43Z" duration="0.000258" asserts="1" />
            <test-case id="0-1548" name="IsOrdered_ContainedTypesMustBeCompatible" fullname="NUnit.Framework.Assertions.CollectionAssertTest.IsOrdered_ContainedTypesMustBeCompatible" methodname="IsOrdered_ContainedTypesMustBeCompatible" classname="NUnit.Framework.Assertions.CollectionAssertTest" runstate="Runnable" seed="487554527" result="Passed" start-time="2017-02-21 11:04:43Z" end-time="2017-02-21 11:04:43Z" duration="0.000703" asserts="1" />
            <test-case id="0-1545" name="IsOrdered_Fails" fullname="NUnit.Framework.Assertions.CollectionAssertTest.IsOrdered_Fails" methodname="IsOrdered_Fails" classname="NUnit.Framework.Assertions.CollectionAssertTest" runstate="Runnable" seed="1343559622" result="Passed" start-time="2017-02-21 11:04:43Z" end-time="2017-02-21 11:04:43Z" duration="0.002676" asserts="2" />
            <test-case id="0-1550" name="IsOrdered_Handles_custom_comparison" fullname="NUnit.Framework.Assertions.CollectionAssertTest.IsOrdered_Handles_custom_comparison" methodname="IsOrdered_Handles_custom_comparison" classname="NUnit.Framework.Assertions.CollectionAssertTest" runstate="Runnable" seed="1260249876" result="Passed" start-time="2017-02-21 11:04:43Z" end-time="2017-02-21 11:04:43Z" duration="0.000380" asserts="1" />
            <test-case id="0-1551" name="IsOrdered_Handles_custom_comparison2" fullname="NUnit.Framework.Assertions.CollectionAssertTest.IsOrdered_Handles_custom_comparison2" methodname="IsOrdered_Handles_custom_comparison2" classname="NUnit.Framework.Assertions.CollectionAssertTest" runstate="Runnable" seed="1755199510" result="Passed" start-time="2017-02-21 11:04:43Z" end-time="2017-02-21 11:04:43Z" duration="0.000152" asserts="1" />
            <test-case id="0-1547" name="IsOrdered_Handles_null" fullname="NUnit.Framework.Assertions.CollectionAssertTest.IsOrdered_Handles_null" methodname="IsOrdered_Handles_null" classname="NUnit.Framework.Assertions.CollectionAssertTest" runstate="Runnable" seed="884776182" result="Passed" start-time="2017-02-21 11:04:43Z" end-time="2017-02-21 11:04:44Z" duration="0.000687" asserts="2" />
            <test-case id="0-1549" name="IsOrdered_TypesMustImplementIComparable" fullname="NUnit.Framework.Assertions.CollectionAssertTest.IsOrdered_TypesMustImplementIComparable" methodname="IsOrdered_TypesMustImplementIComparable" classname="NUnit.Framework.Assertions.CollectionAssertTest" runstate="Runnable" seed="1794273452" result="Passed" start-time="2017-02-21 11:04:44Z" end-time="2017-02-21 11:04:44Z" duration="0.000296" asserts="1" />
            <test-case id="0-1538" name="IsSubsetOf" fullname="NUnit.Framework.Assertions.CollectionAssertTest.IsSubsetOf" methodname="IsSubsetOf" classname="NUnit.Framework.Assertions.CollectionAssertTest" runstate="Runnable" seed="1129409625" result="Passed" start-time="2017-02-21 11:04:44Z" end-time="2017-02-21 11:04:44Z" duration="0.000448" asserts="2" />
            <test-case id="0-1539" name="IsSubsetOf_Fails" fullname="NUnit.Framework.Assertions.CollectionAssertTest.IsSubsetOf_Fails" methodname="IsSubsetOf_Fails" classname="NUnit.Framework.Assertions.CollectionAssertTest" runstate="Runnable" seed="258063289" result="Passed" start-time="2017-02-21 11:04:44Z" end-time="2017-02-21 11:04:44Z" duration="0.003587" asserts="2" />
            <test-case id="0-1540" name="IsSubsetOfHandlesNull" fullname="NUnit.Framework.Assertions.CollectionAssertTest.IsSubsetOfHandlesNull" methodname="IsSubsetOfHandlesNull" classname="NUnit.Framework.Assertions.CollectionAssertTest" runstate="Runnable" seed="57084752" result="Passed" start-time="2017-02-21 11:04:44Z" end-time="2017-02-21 11:04:44Z" duration="0.000559" asserts="2" />
            <test-case id="0-1501" name="ItemsNotNull" fullname="NUnit.Framework.Assertions.CollectionAssertTest.ItemsNotNull" methodname="ItemsNotNull" classname="NUnit.Framework.Assertions.CollectionAssertTest" runstate="Runnable" seed="159873262" result="Passed" start-time="2017-02-21 11:04:44Z" end-time="2017-02-21 11:04:44Z" duration="0.002368" asserts="1" />
            <test-case id="0-1502" name="ItemsNotNullFailure" fullname="NUnit.Framework.Assertions.CollectionAssertTest.ItemsNotNullFailure" methodname="ItemsNotNullFailure" classname="NUnit.Framework.Assertions.CollectionAssertTest" runstate="Runnable" seed="1346893817" result="Passed" start-time="2017-02-21 11:04:44Z" end-time="2017-02-21 11:04:44Z" duration="0.002944" asserts="2" />
            <test-case id="0-1499" name="ItemsOfType" fullname="NUnit.Framework.Assertions.CollectionAssertTest.ItemsOfType" methodname="ItemsOfType" classname="NUnit.Framework.Assertions.CollectionAssertTest" runstate="Runnable" seed="1567887493" result="Passed" start-time="2017-02-21 11:04:44Z" end-time="2017-02-21 11:04:44Z" duration="0.000566" asserts="1" />
            <test-case id="0-1500" name="ItemsOfTypeFailure" fullname="NUnit.Framework.Assertions.CollectionAssertTest.ItemsOfTypeFailure" methodname="ItemsOfTypeFailure" classname="NUnit.Framework.Assertions.CollectionAssertTest" runstate="Runnable" seed="1220791618" result="Passed" start-time="2017-02-21 11:04:44Z" end-time="2017-02-21 11:04:44Z" duration="0.002598" asserts="2" />
            <test-case id="0-1524" name="NotEquivalent" fullname="NUnit.Framework.Assertions.CollectionAssertTest.NotEquivalent" methodname="NotEquivalent" classname="NUnit.Framework.Assertions.CollectionAssertTest" runstate="Runnable" seed="1624984281" result="Passed" start-time="2017-02-21 11:04:44Z" end-time="2017-02-21 11:04:44Z" duration="0.000542" asserts="1" />
            <test-case id="0-1525" name="NotEquivalent_Fails" fullname="NUnit.Framework.Assertions.CollectionAssertTest.NotEquivalent_Fails" methodname="NotEquivalent_Fails" classname="NUnit.Framework.Assertions.CollectionAssertTest" runstate="Runnable" seed="1583014064" result="Passed" start-time="2017-02-21 11:04:44Z" end-time="2017-02-21 11:04:44Z" duration="0.002664" asserts="2" />
            <test-case id="0-1526" name="NotEquivalentHandlesNull" fullname="NUnit.Framework.Assertions.CollectionAssertTest.NotEquivalentHandlesNull" methodname="NotEquivalentHandlesNull" classname="NUnit.Framework.Assertions.CollectionAssertTest" runstate="Runnable" seed="633795865" result="Passed" start-time="2017-02-21 11:04:44Z" end-time="2017-02-21 11:04:44Z" duration="0.000183" asserts="1" />
            <test-case id="0-1553" name="ReferenceEqualsFailsWhenUsed" fullname="NUnit.Framework.Assertions.CollectionAssertTest.ReferenceEqualsFailsWhenUsed" methodname="ReferenceEqualsFailsWhenUsed" classname="NUnit.Framework.Assertions.CollectionAssertTest" runstate="Runnable" seed="2025528877" result="Passed" start-time="2017-02-21 11:04:44Z" end-time="2017-02-21 11:04:44Z" duration="0.000565" asserts="2" />
            <test-case id="0-1505" name="Unique_WithNull" fullname="NUnit.Framework.Assertions.CollectionAssertTest.Unique_WithNull" methodname="Unique_WithNull" classname="NUnit.Framework.Assertions.CollectionAssertTest" runstate="Runnable" seed="1435861828" result="Passed" start-time="2017-02-21 11:04:44Z" end-time="2017-02-21 11:04:44Z" duration="0.001661" asserts="1" />
            <test-case id="0-1503" name="Unique_WithObjects" fullname="NUnit.Framework.Assertions.CollectionAssertTest.Unique_WithObjects" methodname="Unique_WithObjects" classname="NUnit.Framework.Assertions.CollectionAssertTest" runstate="Runnable" seed="551867175" result="Passed" start-time="2017-02-21 11:04:44Z" end-time="2017-02-21 11:04:44Z" duration="0.000316" asserts="1" />
            <test-case id="0-1504" name="Unique_WithStrings" fullname="NUnit.Framework.Assertions.CollectionAssertTest.Unique_WithStrings" methodname="Unique_WithStrings" classname="NUnit.Framework.Assertions.CollectionAssertTest" runstate="Runnable" seed="242356291" result="Passed" start-time="2017-02-21 11:04:44Z" end-time="2017-02-21 11:04:44Z" duration="0.000296" asserts="1" />
            <test-case id="0-1506" name="UniqueFailure" fullname="NUnit.Framework.Assertions.CollectionAssertTest.UniqueFailure" methodname="UniqueFailure" classname="NUnit.Framework.Assertions.CollectionAssertTest" runstate="Runnable" seed="192454735" result="Passed" start-time="2017-02-21 11:04:44Z" end-time="2017-02-21 11:04:44Z" duration="0.002591" asserts="2" />
            <test-case id="0-1507" name="UniqueFailure_WithTwoNulls" fullname="NUnit.Framework.Assertions.CollectionAssertTest.UniqueFailure_WithTwoNulls" methodname="UniqueFailure_WithTwoNulls" classname="NUnit.Framework.Assertions.CollectionAssertTest" runstate="Runnable" seed="246636898" result="Passed" start-time="2017-02-21 11:04:44Z" end-time="2017-02-21 11:04:44Z" duration="0.003285" asserts="1" />
          </test-suite>
          <test-suite type="TestFixture" id="0-1648" name="GreaterEqualFixture" fullname="NUnit.Framework.Assertions.GreaterEqualFixture" classname="NUnit.Framework.Assertions.GreaterEqualFixture" runstate="Runnable" testcasecount="11" result="Passed" start-time="2017-02-21 11:04:44Z" end-time="2017-02-21 11:04:44Z" duration="0.049186" total="11" passed="11" failed="0" warnings="0" inconclusive="0" skipped="0" asserts="63">
            <test-case id="0-1659" name="FailureMessage" fullname="NUnit.Framework.Assertions.GreaterEqualFixture.FailureMessage" methodname="FailureMessage" classname="NUnit.Framework.Assertions.GreaterEqualFixture" runstate="Runnable" seed="1017077617" result="Passed" start-time="2017-02-21 11:04:44Z" end-time="2017-02-21 11:04:44Z" duration="0.005775" asserts="3" />
            <test-case id="0-1654" name="GreaterOrEqual_Decimal" fullname="NUnit.Framework.Assertions.GreaterEqualFixture.GreaterOrEqual_Decimal" methodname="GreaterOrEqual_Decimal" classname="NUnit.Framework.Assertions.GreaterEqualFixture" runstate="Runnable" seed="1272509535" result="Passed" start-time="2017-02-21 11:04:44Z" end-time="2017-02-21 11:04:44Z" duration="0.000474" asserts="2" />
            <test-case id="0-1653" name="GreaterOrEqual_Double" fullname="NUnit.Framework.Assertions.GreaterEqualFixture.GreaterOrEqual_Double" methodname="GreaterOrEqual_Double" classname="NUnit.Framework.Assertions.GreaterEqualFixture" runstate="Runnable" seed="1445396270" result="Passed" start-time="2017-02-21 11:04:44Z" end-time="2017-02-21 11:04:44Z" duration="0.000355" asserts="2" />
            <test-case id="0-1655" name="GreaterOrEqual_Float" fullname="NUnit.Framework.Assertions.GreaterEqualFixture.GreaterOrEqual_Float" methodname="GreaterOrEqual_Float" classname="NUnit.Framework.Assertions.GreaterEqualFixture" runstate="Runnable" seed="2078609984" result="Passed" start-time="2017-02-21 11:04:44Z" end-time="2017-02-21 11:04:44Z" duration="0.000434" asserts="2" />
            <test-case id="0-1649" name="GreaterOrEqual_Int32" fullname="NUnit.Framework.Assertions.GreaterEqualFixture.GreaterOrEqual_Int32" methodname="GreaterOrEqual_Int32" classname="NUnit.Framework.Assertions.GreaterEqualFixture" runstate="Runnable" seed="1139191355" result="Passed" start-time="2017-02-21 11:04:44Z" end-time="2017-02-21 11:04:44Z" duration="0.000124" asserts="2" />
            <test-case id="0-1651" name="GreaterOrEqual_Long" fullname="NUnit.Framework.Assertions.GreaterEqualFixture.GreaterOrEqual_Long" methodname="GreaterOrEqual_Long" classname="NUnit.Framework.Assertions.GreaterEqualFixture" runstate="Runnable" seed="1919181293" result="Passed" start-time="2017-02-21 11:04:44Z" end-time="2017-02-21 11:04:44Z" duration="0.000296" asserts="2" />
            <test-case id="0-1650" name="GreaterOrEqual_UInt32" fullname="NUnit.Framework.Assertions.GreaterEqualFixture.GreaterOrEqual_UInt32" methodname="GreaterOrEqual_UInt32" classname="NUnit.Framework.Assertions.GreaterEqualFixture" runstate="Runnable" seed="73733006" result="Passed" start-time="2017-02-21 11:04:44Z" end-time="2017-02-21 11:04:44Z" duration="0.000271" asserts="2" />
            <test-case id="0-1652" name="GreaterOrEqual_ULong" fullname="NUnit.Framework.Assertions.GreaterEqualFixture.GreaterOrEqual_ULong" methodname="GreaterOrEqual_ULong" classname="NUnit.Framework.Assertions.GreaterEqualFixture" runstate="Runnable" seed="912121806" result="Passed" start-time="2017-02-21 11:04:44Z" end-time="2017-02-21 11:04:44Z" duration="0.000432" asserts="2" />
            <test-case id="0-1656" name="MixedTypes" fullname="NUnit.Framework.Assertions.GreaterEqualFixture.MixedTypes" methodname="MixedTypes" classname="NUnit.Framework.Assertions.GreaterEqualFixture" runstate="Runnable" seed="1115639392" result="Passed" start-time="2017-02-21 11:04:44Z" end-time="2017-02-21 11:04:44Z" duration="0.002736" asserts="42" />
            <test-case id="0-1658" name="NotGreaterEqualIComparable" fullname="NUnit.Framework.Assertions.GreaterEqualFixture.NotGreaterEqualIComparable" methodname="NotGreaterEqualIComparable" classname="NUnit.Framework.Assertions.GreaterEqualFixture" runstate="Runnable" seed="2020385391" result="Passed" start-time="2017-02-21 11:04:44Z" end-time="2017-02-21 11:04:44Z" duration="0.007146" asserts="2" />
            <test-case id="0-1657" name="NotGreaterOrEqual" fullname="NUnit.Framework.Assertions.GreaterEqualFixture.NotGreaterOrEqual" methodname="NotGreaterOrEqual" classname="NUnit.Framework.Assertions.GreaterEqualFixture" runstate="Runnable" seed="157487874" result="Passed" start-time="2017-02-21 11:04:44Z" end-time="2017-02-21 11:04:44Z" duration="0.003444" asserts="2" />
          </test-suite>
          <test-suite type="TestFixture" id="0-1660" name="GreaterFixture" fullname="NUnit.Framework.Assertions.GreaterFixture" classname="NUnit.Framework.Assertions.GreaterFixture" runstate="Runnable" testcasecount="6" result="Passed" start-time="2017-02-21 11:04:44Z" end-time="2017-02-21 11:04:44Z" duration="0.040909" total="6" passed="6" failed="0" warnings="0" inconclusive="0" skipped="0" asserts="57">
            <test-case id="0-1666" name="FailureMessage" fullname="NUnit.Framework.Assertions.GreaterFixture.FailureMessage" methodname="FailureMessage" classname="NUnit.Framework.Assertions.GreaterFixture" runstate="Runnable" seed="394763600" result="Passed" start-time="2017-02-21 11:04:44Z" end-time="2017-02-21 11:04:44Z" duration="0.012351" asserts="2" />
            <test-case id="0-1661" name="Greater" fullname="NUnit.Framework.Assertions.GreaterFixture.Greater" methodname="Greater" classname="NUnit.Framework.Assertions.GreaterFixture" runstate="Runnable" seed="2119941607" result="Passed" start-time="2017-02-21 11:04:44Z" end-time="2017-02-21 11:04:44Z" duration="0.000664" asserts="7" />
            <test-case id="0-1662" name="MixedTypes" fullname="NUnit.Framework.Assertions.GreaterFixture.MixedTypes" methodname="MixedTypes" classname="NUnit.Framework.Assertions.GreaterFixture" runstate="Runnable" seed="1303982902" result="Passed" start-time="2017-02-21 11:04:44Z" end-time="2017-02-21 11:04:44Z" duration="0.001851" asserts="42" />
            <test-case id="0-1664" name="NotGreater" fullname="NUnit.Framework.Assertions.GreaterFixture.NotGreater" methodname="NotGreater" classname="NUnit.Framework.Assertions.GreaterFixture" runstate="Runnable" seed="1255542502" result="Passed" start-time="2017-02-21 11:04:44Z" end-time="2017-02-21 11:04:44Z" duration="0.004275" asserts="2" />
            <test-case id="0-1665" name="NotGreaterIComparable" fullname="NUnit.Framework.Assertions.GreaterFixture.NotGreaterIComparable" methodname="NotGreaterIComparable" classname="NUnit.Framework.Assertions.GreaterFixture" runstate="Runnable" seed="700075255" result="Passed" start-time="2017-02-21 11:04:44Z" end-time="2017-02-21 11:04:44Z" duration="0.002732" asserts="2" />
            <test-case id="0-1663" name="NotGreaterWhenEqual" fullname="NUnit.Framework.Assertions.GreaterFixture.NotGreaterWhenEqual" methodname="NotGreaterWhenEqual" classname="NUnit.Framework.Assertions.GreaterFixture" runstate="Runnable" seed="1033472437" result="Passed" start-time="2017-02-21 11:04:44Z" end-time="2017-02-21 11:04:44Z" duration="0.004314" asserts="2" />
          </test-suite>
          <test-suite type="TestFixture" id="0-1667" name="LessEqualFixture" fullname="NUnit.Framework.Assertions.LessEqualFixture" classname="NUnit.Framework.Assertions.LessEqualFixture" runstate="Runnable" testcasecount="5" result="Passed" start-time="2017-02-21 11:04:44Z" end-time="2017-02-21 11:04:44Z" duration="0.028642" total="5" passed="5" failed="0" warnings="0" inconclusive="0" skipped="0" asserts="90">
            <test-case id="0-1672" name="FailureMessage" fullname="NUnit.Framework.Assertions.LessEqualFixture.FailureMessage" methodname="FailureMessage" classname="NUnit.Framework.Assertions.LessEqualFixture" runstate="Runnable" seed="601704462" result="Passed" start-time="2017-02-21 11:04:44Z" end-time="2017-02-21 11:04:44Z" duration="0.004385" asserts="2" />
            <test-case id="0-1668" name="LessOrEqual" fullname="NUnit.Framework.Assertions.LessEqualFixture.LessOrEqual" methodname="LessOrEqual" classname="NUnit.Framework.Assertions.LessEqualFixture" runstate="Runnable" seed="751772725" result="Passed" start-time="2017-02-21 11:04:44Z" end-time="2017-02-21 11:04:44Z" duration="0.002351" asserts="42" />
            <test-case id="0-1669" name="MixedTypes" fullname="NUnit.Framework.Assertions.LessEqualFixture.MixedTypes" methodname="MixedTypes" classname="NUnit.Framework.Assertions.LessEqualFixture" runstate="Runnable" seed="1588524575" result="Passed" start-time="2017-02-21 11:04:44Z" end-time="2017-02-21 11:04:44Z" duration="0.002018" asserts="42" />
            <test-case id="0-1671" name="NotLessEqualIComparable" fullname="NUnit.Framework.Assertions.LessEqualFixture.NotLessEqualIComparable" methodname="NotLessEqualIComparable" classname="NUnit.Framework.Assertions.LessEqualFixture" runstate="Runnable" seed="546035674" result="Passed" start-time="2017-02-21 11:04:44Z" end-time="2017-02-21 11:04:44Z" duration="0.002895" asserts="2" />
            <test-case id="0-1670" name="NotLessOrEqual" fullname="NUnit.Framework.Assertions.LessEqualFixture.NotLessOrEqual" methodname="NotLessOrEqual" classname="NUnit.Framework.Assertions.LessEqualFixture" runstate="Runnable" seed="62520696" result="Passed" start-time="2017-02-21 11:04:44Z" end-time="2017-02-21 11:04:44Z" duration="0.003105" asserts="2" />
          </test-suite>
          <test-suite type="TestFixture" id="0-1673" name="LessFixture" fullname="NUnit.Framework.Assertions.LessFixture" classname="NUnit.Framework.Assertions.LessFixture" runstate="Runnable" testcasecount="6" result="Passed" start-time="2017-02-21 11:04:44Z" end-time="2017-02-21 11:04:44Z" duration="0.032028" total="6" passed="6" failed="0" warnings="0" inconclusive="0" skipped="0" asserts="69">
            <test-case id="0-1679" name="FailureMessage" fullname="NUnit.Framework.Assertions.LessFixture.FailureMessage" methodname="FailureMessage" classname="NUnit.Framework.Assertions.LessFixture" runstate="Runnable" seed="185751105" result="Passed" start-time="2017-02-21 11:04:44Z" end-time="2017-02-21 11:04:44Z" duration="0.004081" asserts="3" />
            <test-case id="0-1674" name="Less" fullname="NUnit.Framework.Assertions.LessFixture.Less" methodname="Less" classname="NUnit.Framework.Assertions.LessFixture" runstate="Runnable" seed="176954788" result="Passed" start-time="2017-02-21 11:04:44Z" end-time="2017-02-21 11:04:44Z" duration="0.002038" asserts="18" />
            <test-case id="0-1675" name="MixedTypes" fullname="NUnit.Framework.Assertions.LessFixture.MixedTypes" methodname="MixedTypes" classname="NUnit.Framework.Assertions.LessFixture" runstate="Runnable" seed="1876597908" result="Passed" start-time="2017-02-21 11:04:44Z" end-time="2017-02-21 11:04:44Z" duration="0.001221" asserts="42" />
            <test-case id="0-1677" name="NotLess" fullname="NUnit.Framework.Assertions.LessFixture.NotLess" methodname="NotLess" classname="NUnit.Framework.Assertions.LessFixture" runstate="Runnable" seed="1484065195" result="Passed" start-time="2017-02-21 11:04:44Z" end-time="2017-02-21 11:04:44Z" duration="0.002534" asserts="2" />
            <test-case id="0-1678" name="NotLessIComparable" fullname="NUnit.Framework.Assertions.LessFixture.NotLessIComparable" methodname="NotLessIComparable" classname="NUnit.Framework.Assertions.LessFixture" runstate="Runnable" seed="1030600349" result="Passed" start-time="2017-02-21 11:04:44Z" end-time="2017-02-21 11:04:44Z" duration="0.002149" asserts="2" />
            <test-case id="0-1676" name="NotLessWhenEqual" fullname="NUnit.Framework.Assertions.LessFixture.NotLessWhenEqual" methodname="NotLessWhenEqual" classname="NUnit.Framework.Assertions.LessFixture" runstate="Runnable" seed="1831854838" result="Passed" start-time="2017-02-21 11:04:44Z" end-time="2017-02-21 11:04:44Z" duration="0.003950" asserts="2" />
          </test-suite>
          <test-suite type="TestFixture" id="0-1680" name="ListContentsTests" fullname="NUnit.Framework.Assertions.ListContentsTests" classname="NUnit.Framework.Assertions.ListContentsTests" runstate="Runnable" testcasecount="7" result="Passed" start-time="2017-02-21 11:04:44Z" end-time="2017-02-21 11:04:44Z" duration="0.030986" total="7" passed="7" failed="0" warnings="0" inconclusive="0" skipped="0" asserts="14">
            <test-case id="0-1682" name="ArrayFails" fullname="NUnit.Framework.Assertions.ListContentsTests.ArrayFails" methodname="ArrayFails" classname="NUnit.Framework.Assertions.ListContentsTests" runstate="Runnable" seed="1352654684" result="Passed" start-time="2017-02-21 11:04:44Z" end-time="2017-02-21 11:04:44Z" duration="0.004905" asserts="2" />
            <test-case id="0-1686" name="ArrayListFails" fullname="NUnit.Framework.Assertions.ListContentsTests.ArrayListFails" methodname="ArrayListFails" classname="NUnit.Framework.Assertions.ListContentsTests" runstate="Runnable" seed="673400406" result="Passed" start-time="2017-02-21 11:04:44Z" end-time="2017-02-21 11:04:44Z" duration="0.002218" asserts="2" />
            <test-case id="0-1685" name="ArrayListSucceeds" fullname="NUnit.Framework.Assertions.ListContentsTests.ArrayListSucceeds" methodname="ArrayListSucceeds" classname="NUnit.Framework.Assertions.ListContentsTests" runstate="Runnable" seed="2069326994" result="Passed" start-time="2017-02-21 11:04:44Z" end-time="2017-02-21 11:04:44Z" duration="0.001843" asserts="3" />
            <test-case id="0-1681" name="ArraySucceeds" fullname="NUnit.Framework.Assertions.ListContentsTests.ArraySucceeds" methodname="ArraySucceeds" classname="NUnit.Framework.Assertions.ListContentsTests" runstate="Runnable" seed="1713635127" result="Passed" start-time="2017-02-21 11:04:44Z" end-time="2017-02-21 11:04:44Z" duration="0.000484" asserts="3" />
            <test-case id="0-1687" name="DifferentTypesMayBeEqual" fullname="NUnit.Framework.Assertions.ListContentsTests.DifferentTypesMayBeEqual" methodname="DifferentTypesMayBeEqual" classname="NUnit.Framework.Assertions.ListContentsTests" runstate="Runnable" seed="1608737984" result="Passed" start-time="2017-02-21 11:04:44Z" end-time="2017-02-21 11:04:44Z" duration="0.000304" asserts="1" />
            <test-case id="0-1683" name="EmptyArrayFails" fullname="NUnit.Framework.Assertions.ListContentsTests.EmptyArrayFails" methodname="EmptyArrayFails" classname="NUnit.Framework.Assertions.ListContentsTests" runstate="Runnable" seed="114858549" result="Passed" start-time="2017-02-21 11:04:44Z" end-time="2017-02-21 11:04:44Z" duration="0.003266" asserts="2" />
            <test-case id="0-1684" name="NullArrayIsError" fullname="NUnit.Framework.Assertions.ListContentsTests.NullArrayIsError" methodname="NullArrayIsError" classname="NUnit.Framework.Assertions.ListContentsTests" runstate="Runnable" seed="409706117" result="Passed" start-time="2017-02-21 11:04:44Z" end-time="2017-02-21 11:04:44Z" duration="0.000448" asserts="1" />
          </test-suite>
          <test-suite type="TestFixture" id="0-1691" name="NotEqualFixture" fullname="NUnit.Framework.Assertions.NotEqualFixture" classname="NUnit.Framework.Assertions.NotEqualFixture" runstate="Runnable" testcasecount="9" result="Passed" start-time="2017-02-21 11:04:44Z" end-time="2017-02-21 11:04:44Z" duration="0.041365" total="9" passed="9" failed="0" warnings="0" inconclusive="0" skipped="0" asserts="32">
            <test-case id="0-1696" name="ArraysNotEqual" fullname="NUnit.Framework.Assertions.NotEqualFixture.ArraysNotEqual" methodname="ArraysNotEqual" classname="NUnit.Framework.Assertions.NotEqualFixture" runstate="Runnable" seed="965224519" result="Passed" start-time="2017-02-21 11:04:44Z" end-time="2017-02-21 11:04:44Z" duration="0.000189" asserts="1" />
            <test-case id="0-1697" name="ArraysNotEqualFails" fullname="NUnit.Framework.Assertions.NotEqualFixture.ArraysNotEqualFails" methodname="ArraysNotEqualFails" classname="NUnit.Framework.Assertions.NotEqualFixture" runstate="Runnable" seed="226117858" result="Passed" start-time="2017-02-21 11:04:44Z" end-time="2017-02-21 11:04:44Z" duration="0.003244" asserts="2" />
            <test-case id="0-1692" name="NotEqual" fullname="NUnit.Framework.Assertions.NotEqualFixture.NotEqual" methodname="NotEqual" classname="NUnit.Framework.Assertions.NotEqualFixture" runstate="Runnable" seed="2038795700" result="Passed" start-time="2017-02-21 11:04:44Z" end-time="2017-02-21 11:04:44Z" duration="0.000156" asserts="1" />
            <test-case id="0-1693" name="NotEqualFails" fullname="NUnit.Framework.Assertions.NotEqualFixture.NotEqualFails" methodname="NotEqualFails" classname="NUnit.Framework.Assertions.NotEqualFixture" runstate="Runnable" seed="781318545" result="Passed" start-time="2017-02-21 11:04:44Z" end-time="2017-02-21 11:04:44Z" duration="0.003085" asserts="2" />
            <test-case id="0-1699" name="NotEqualSameTypes" fullname="NUnit.Framework.Assertions.NotEqualFixture.NotEqualSameTypes" methodname="NotEqualSameTypes" classname="NUnit.Framework.Assertions.NotEqualFixture" runstate="Runnable" seed="1850730034" result="Passed" start-time="2017-02-21 11:04:44Z" end-time="2017-02-21 11:04:44Z" duration="0.001003" asserts="21" />
            <test-case id="0-1695" name="NullEqualsNull" fullname="NUnit.Framework.Assertions.NotEqualFixture.NullEqualsNull" methodname="NullEqualsNull" classname="NUnit.Framework.Assertions.NotEqualFixture" runstate="Runnable" seed="1823503304" result="Passed" start-time="2017-02-21 11:04:44Z" end-time="2017-02-21 11:04:44Z" duration="0.005440" asserts="2" />
            <test-case id="0-1694" name="NullNotEqualToNonNull" fullname="NUnit.Framework.Assertions.NotEqualFixture.NullNotEqualToNonNull" methodname="NullNotEqualToNonNull" classname="NUnit.Framework.Assertions.NotEqualFixture" runstate="Runnable" seed="33006131" result="Passed" start-time="2017-02-21 11:04:44Z" end-time="2017-02-21 11:04:44Z" duration="0.000188" asserts="1" />
            <test-case id="0-1700" name="ShouldNotCallToStringOnClassForPassingTests" fullname="NUnit.Framework.Assertions.NotEqualFixture.ShouldNotCallToStringOnClassForPassingTests" methodname="ShouldNotCallToStringOnClassForPassingTests" classname="NUnit.Framework.Assertions.NotEqualFixture" runstate="Runnable" seed="2046891926" result="Passed" start-time="2017-02-21 11:04:44Z" end-time="2017-02-21 11:04:44Z" duration="0.000239" asserts="1" />
            <test-case id="0-1698" name="UInt" fullname="NUnit.Framework.Assertions.NotEqualFixture.UInt" methodname="UInt" classname="NUnit.Framework.Assertions.NotEqualFixture" runstate="Runnable" seed="2048785794" result="Passed" start-time="2017-02-21 11:04:44Z" end-time="2017-02-21 11:04:44Z" duration="0.000141" asserts="1" />
          </test-suite>
          <test-suite type="TestFixture" id="0-1701" name="NotSameFixture" fullname="NUnit.Framework.Assertions.NotSameFixture" classname="NUnit.Framework.Assertions.NotSameFixture" runstate="Runnable" testcasecount="3" result="Passed" start-time="2017-02-21 11:04:44Z" end-time="2017-02-21 11:04:44Z" duration="0.015799" total="3" passed="3" failed="0" warnings="0" inconclusive="0" skipped="0" asserts="4">
            <test-case id="0-1702" name="NotSame" fullname="NUnit.Framework.Assertions.NotSameFixture.NotSame" methodname="NotSame" classname="NUnit.Framework.Assertions.NotSameFixture" runstate="Runnable" seed="2011422579" result="Passed" start-time="2017-02-21 11:04:44Z" end-time="2017-02-21 11:04:44Z" duration="0.000331" asserts="1" />
            <test-case id="0-1703" name="NotSameFails" fullname="NUnit.Framework.Assertions.NotSameFixture.NotSameFails" methodname="NotSameFails" classname="NUnit.Framework.Assertions.NotSameFixture" runstate="Runnable" seed="1876897740" result="Passed" start-time="2017-02-21 11:04:44Z" end-time="2017-02-21 11:04:44Z" duration="0.003343" asserts="2" />
            <test-case id="0-1704" name="ShouldNotCallToStringOnClassForPassingTests" fullname="NUnit.Framework.Assertions.NotSameFixture.ShouldNotCallToStringOnClassForPassingTests" methodname="ShouldNotCallToStringOnClassForPassingTests" classname="NUnit.Framework.Assertions.NotSameFixture" runstate="Runnable" seed="501447622" result="Passed" start-time="2017-02-21 11:04:44Z" end-time="2017-02-21 11:04:44Z" duration="0.000157" asserts="1" />
          </test-suite>
          <test-suite type="TestFixture" id="0-1607" name="FileAssertTests" fullname="NUnit.Framework.Assertions.FileAssertTests" classname="NUnit.Framework.Assertions.FileAssertTests" runstate="Runnable" testcasecount="40" result="Passed" start-time="2017-02-21 11:04:44Z" end-time="2017-02-21 11:04:44Z" duration="0.205618" total="40" passed="40" failed="0" warnings="0" inconclusive="0" skipped="0" asserts="64">
            <test-case id="0-1617" name="AreEqualFailsWhenOneIsNull" fullname="NUnit.Framework.Assertions.FileAssertTests.AreEqualFailsWhenOneIsNull" methodname="AreEqualFailsWhenOneIsNull" classname="NUnit.Framework.Assertions.FileAssertTests" runstate="Runnable" seed="1801275761" result="Passed" start-time="2017-02-21 11:04:44Z" end-time="2017-02-21 11:04:44Z" duration="0.007354" asserts="2" />
            <test-case id="0-1619" name="AreEqualFailsWithFileInfos" fullname="NUnit.Framework.Assertions.FileAssertTests.AreEqualFailsWithFileInfos" methodname="AreEqualFailsWithFileInfos" classname="NUnit.Framework.Assertions.FileAssertTests" runstate="Runnable" seed="1943095870" result="Passed" start-time="2017-02-21 11:04:44Z" end-time="2017-02-21 11:04:44Z" duration="0.005258" asserts="2" />
            <test-case id="0-1620" name="AreEqualFailsWithFiles" fullname="NUnit.Framework.Assertions.FileAssertTests.AreEqualFailsWithFiles" methodname="AreEqualFailsWithFiles" classname="NUnit.Framework.Assertions.FileAssertTests" runstate="Runnable" seed="539950528" result="Passed" start-time="2017-02-21 11:04:44Z" end-time="2017-02-21 11:04:44Z" duration="0.003453" asserts="2" />
            <test-case id="0-1618" name="AreEqualFailsWithStreams" fullname="NUnit.Framework.Assertions.FileAssertTests.AreEqualFailsWithStreams" methodname="AreEqualFailsWithStreams" classname="NUnit.Framework.Assertions.FileAssertTests" runstate="Runnable" seed="1112891943" result="Passed" start-time="2017-02-21 11:04:44Z" end-time="2017-02-21 11:04:44Z" duration="0.005559" asserts="2" />
            <test-case id="0-1621" name="AreEqualFailsWithTextFilesAfterReadingBothFiles" fullname="NUnit.Framework.Assertions.FileAssertTests.AreEqualFailsWithTextFilesAfterReadingBothFiles" methodname="AreEqualFailsWithTextFilesAfterReadingBothFiles" classname="NUnit.Framework.Assertions.FileAssertTests" runstate="Runnable" seed="1947046116" result="Passed" start-time="2017-02-21 11:04:44Z" end-time="2017-02-21 11:04:44Z" duration="0.004512" asserts="2" />
            <test-case id="0-1614" name="AreEqualPassesUsingSameFileTwice" fullname="NUnit.Framework.Assertions.FileAssertTests.AreEqualPassesUsingSameFileTwice" methodname="AreEqualPassesUsingSameFileTwice" classname="NUnit.Framework.Assertions.FileAssertTests" runstate="Runnable" seed="1574703653" result="Passed" start-time="2017-02-21 11:04:44Z" end-time="2017-02-21 11:04:44Z" duration="0.000355" asserts="1" />
            <test-case id="0-1608" name="AreEqualPassesWhenBothAreNull" fullname="NUnit.Framework.Assertions.FileAssertTests.AreEqualPassesWhenBothAreNull" methodname="AreEqualPassesWhenBothAreNull" classname="NUnit.Framework.Assertions.FileAssertTests" runstate="Runnable" seed="248642016" result="Passed" start-time="2017-02-21 11:04:44Z" end-time="2017-02-21 11:04:44Z" duration="0.000193" asserts="1" />
            <test-case id="0-1610" name="AreEqualPassesWithEqualStreams" fullname="NUnit.Framework.Assertions.FileAssertTests.AreEqualPassesWithEqualStreams" methodname="AreEqualPassesWithEqualStreams" classname="NUnit.Framework.Assertions.FileAssertTests" runstate="Runnable" seed="673171116" result="Passed" start-time="2017-02-21 11:04:44Z" end-time="2017-02-21 11:04:44Z" duration="0.000794" asserts="1" />
            <test-case id="0-1615" name="AreEqualPassesWithFileInfos" fullname="NUnit.Framework.Assertions.FileAssertTests.AreEqualPassesWithFileInfos" methodname="AreEqualPassesWithFileInfos" classname="NUnit.Framework.Assertions.FileAssertTests" runstate="Runnable" seed="959639326" result="Passed" start-time="2017-02-21 11:04:44Z" end-time="2017-02-21 11:04:44Z" duration="0.001037" asserts="1" />
            <test-case id="0-1613" name="AreEqualPassesWithFiles" fullname="NUnit.Framework.Assertions.FileAssertTests.AreEqualPassesWithFiles" methodname="AreEqualPassesWithFiles" classname="NUnit.Framework.Assertions.FileAssertTests" runstate="Runnable" seed="941658089" result="Passed" start-time="2017-02-21 11:04:44Z" end-time="2017-02-21 11:04:44Z" duration="0.000735" asserts="1" />
            <test-case id="0-1609" name="AreEqualPassesWithSameStream" fullname="NUnit.Framework.Assertions.FileAssertTests.AreEqualPassesWithSameStream" methodname="AreEqualPassesWithSameStream" classname="NUnit.Framework.Assertions.FileAssertTests" runstate="Runnable" seed="1751991480" result="Passed" start-time="2017-02-21 11:04:44Z" end-time="2017-02-21 11:04:44Z" duration="0.000268" asserts="1" />
            <test-case id="0-1616" name="AreEqualPassesWithTextFiles" fullname="NUnit.Framework.Assertions.FileAssertTests.AreEqualPassesWithTextFiles" methodname="AreEqualPassesWithTextFiles" classname="NUnit.Framework.Assertions.FileAssertTests" runstate="Runnable" seed="740561867" result="Passed" start-time="2017-02-21 11:04:44Z" end-time="2017-02-21 11:04:44Z" duration="0.003134" asserts="1" />
            <test-case id="0-1627" name="AreNotEqualFailsWhenBothAreNull" fullname="NUnit.Framework.Assertions.FileAssertTests.AreNotEqualFailsWhenBothAreNull" methodname="AreNotEqualFailsWhenBothAreNull" classname="NUnit.Framework.Assertions.FileAssertTests" runstate="Runnable" seed="327349232" result="Passed" start-time="2017-02-21 11:04:44Z" end-time="2017-02-21 11:04:44Z" duration="0.002521" asserts="2" />
            <test-case id="0-1629" name="AreNotEqualFailsWithFileInfos" fullname="NUnit.Framework.Assertions.FileAssertTests.AreNotEqualFailsWithFileInfos" methodname="AreNotEqualFailsWithFileInfos" classname="NUnit.Framework.Assertions.FileAssertTests" runstate="Runnable" seed="459022334" result="Passed" start-time="2017-02-21 11:04:44Z" end-time="2017-02-21 11:04:44Z" duration="0.004721" asserts="2" />
            <test-case id="0-1630" name="AreNotEqualFailsWithFiles" fullname="NUnit.Framework.Assertions.FileAssertTests.AreNotEqualFailsWithFiles" methodname="AreNotEqualFailsWithFiles" classname="NUnit.Framework.Assertions.FileAssertTests" runstate="Runnable" seed="39555656" result="Passed" start-time="2017-02-21 11:04:44Z" end-time="2017-02-21 11:04:44Z" duration="0.003486" asserts="2" />
            <test-case id="0-1628" name="AreNotEqualFailsWithStreams" fullname="NUnit.Framework.Assertions.FileAssertTests.AreNotEqualFailsWithStreams" methodname="AreNotEqualFailsWithStreams" classname="NUnit.Framework.Assertions.FileAssertTests" runstate="Runnable" seed="1081254631" result="Passed" start-time="2017-02-21 11:04:44Z" end-time="2017-02-21 11:04:44Z" duration="0.006156" asserts="2" />
            <test-case id="0-1626" name="AreNotEqualIteratesOverTheEntireFile" fullname="NUnit.Framework.Assertions.FileAssertTests.AreNotEqualIteratesOverTheEntireFile" methodname="AreNotEqualIteratesOverTheEntireFile" classname="NUnit.Framework.Assertions.FileAssertTests" runstate="Runnable" seed="1692428786" result="Passed" start-time="2017-02-21 11:04:44Z" end-time="2017-02-21 11:04:44Z" duration="0.000994" asserts="1" />
            <test-case id="0-1631" name="AreNotEqualIteratesOverTheEntireFileAndFails" fullname="NUnit.Framework.Assertions.FileAssertTests.AreNotEqualIteratesOverTheEntireFileAndFails" methodname="AreNotEqualIteratesOverTheEntireFileAndFails" classname="NUnit.Framework.Assertions.FileAssertTests" runstate="Runnable" seed="1078209334" result="Passed" start-time="2017-02-21 11:04:44Z" end-time="2017-02-21 11:04:44Z" duration="0.005676" asserts="2" />
            <test-case id="0-1622" name="AreNotEqualPassesIfOneIsNull" fullname="NUnit.Framework.Assertions.FileAssertTests.AreNotEqualPassesIfOneIsNull" methodname="AreNotEqualPassesIfOneIsNull" classname="NUnit.Framework.Assertions.FileAssertTests" runstate="Runnable" seed="1978113208" result="Passed" start-time="2017-02-21 11:04:44Z" end-time="2017-02-21 11:04:44Z" duration="0.000486" asserts="1" />
            <test-case id="0-1625" name="AreNotEqualPassesWithFileInfos" fullname="NUnit.Framework.Assertions.FileAssertTests.AreNotEqualPassesWithFileInfos" methodname="AreNotEqualPassesWithFileInfos" classname="NUnit.Framework.Assertions.FileAssertTests" runstate="Runnable" seed="486267699" result="Passed" start-time="2017-02-21 11:04:44Z" end-time="2017-02-21 11:04:44Z" duration="0.000733" asserts="1" />
            <test-case id="0-1624" name="AreNotEqualPassesWithFiles" fullname="NUnit.Framework.Assertions.FileAssertTests.AreNotEqualPassesWithFiles" methodname="AreNotEqualPassesWithFiles" classname="NUnit.Framework.Assertions.FileAssertTests" runstate="Runnable" seed="1112206539" result="Passed" start-time="2017-02-21 11:04:44Z" end-time="2017-02-21 11:04:44Z" duration="0.000636" asserts="1" />
            <test-case id="0-1623" name="AreNotEqualPassesWithStreams" fullname="NUnit.Framework.Assertions.FileAssertTests.AreNotEqualPassesWithStreams" methodname="AreNotEqualPassesWithStreams" classname="NUnit.Framework.Assertions.FileAssertTests" runstate="Runnable" seed="558599315" result="Passed" start-time="2017-02-21 11:04:44Z" end-time="2017-02-21 11:04:44Z" duration="0.000744" asserts="1" />
            <test-case id="0-1639" name="DoesNotExistFailsWhenFileInfoExists" fullname="NUnit.Framework.Assertions.FileAssertTests.DoesNotExistFailsWhenFileInfoExists" methodname="DoesNotExistFailsWhenFileInfoExists" classname="NUnit.Framework.Assertions.FileAssertTests" runstate="Runnable" seed="1044674470" result="Passed" start-time="2017-02-21 11:04:44Z" end-time="2017-02-21 11:04:44Z" duration="0.007239" asserts="2" />
            <test-case id="0-1643" name="DoesNotExistFailsWhenFileInfoIsNull" fullname="NUnit.Framework.Assertions.FileAssertTests.DoesNotExistFailsWhenFileInfoIsNull" methodname="DoesNotExistFailsWhenFileInfoIsNull" classname="NUnit.Framework.Assertions.FileAssertTests" runstate="Runnable" seed="1520147118" result="Passed" start-time="2017-02-21 11:04:44Z" end-time="2017-02-21 11:04:44Z" duration="0.000401" asserts="2" />
            <test-case id="0-1640" name="DoesNotExistFailsWhenStringExists" fullname="NUnit.Framework.Assertions.FileAssertTests.DoesNotExistFailsWhenStringExists" methodname="DoesNotExistFailsWhenStringExists" classname="NUnit.Framework.Assertions.FileAssertTests" runstate="Runnable" seed="958076172" result="Passed" start-time="2017-02-21 11:04:44Z" end-time="2017-02-21 11:04:44Z" duration="0.004166" asserts="2" />
            <test-case id="0-1645" name="DoesNotExistFailsWhenStringIsEmpty" fullname="NUnit.Framework.Assertions.FileAssertTests.DoesNotExistFailsWhenStringIsEmpty" methodname="DoesNotExistFailsWhenStringIsEmpty" classname="NUnit.Framework.Assertions.FileAssertTests" runstate="Runnable" seed="815795234" result="Passed" start-time="2017-02-21 11:04:44Z" end-time="2017-02-21 11:04:44Z" duration="0.000382" asserts="2" />
            <test-case id="0-1644" name="DoesNotExistFailsWhenStringIsNull" fullname="NUnit.Framework.Assertions.FileAssertTests.DoesNotExistFailsWhenStringIsNull" methodname="DoesNotExistFailsWhenStringIsNull" classname="NUnit.Framework.Assertions.FileAssertTests" runstate="Runnable" seed="973078025" result="Passed" start-time="2017-02-21 11:04:44Z" end-time="2017-02-21 11:04:44Z" duration="0.000368" asserts="2" />
            <test-case id="0-1641" name="DoesNotExistPassesWhenFileInfoDoesNotExist" fullname="NUnit.Framework.Assertions.FileAssertTests.DoesNotExistPassesWhenFileInfoDoesNotExist" methodname="DoesNotExistPassesWhenFileInfoDoesNotExist" classname="NUnit.Framework.Assertions.FileAssertTests" runstate="Runnable" seed="1168461275" result="Passed" start-time="2017-02-21 11:04:44Z" end-time="2017-02-21 11:04:44Z" duration="0.000181" asserts="1" />
            <test-case id="0-1642" name="DoesNotExistPassesWhenStringDoesNotExist" fullname="NUnit.Framework.Assertions.FileAssertTests.DoesNotExistPassesWhenStringDoesNotExist" methodname="DoesNotExistPassesWhenStringDoesNotExist" classname="NUnit.Framework.Assertions.FileAssertTests" runstate="Runnable" seed="2060351746" result="Passed" start-time="2017-02-21 11:04:44Z" end-time="2017-02-21 11:04:44Z" duration="0.000137" asserts="1" />
            <test-case id="0-1646" name="EqualsFailsWhenUsed" fullname="NUnit.Framework.Assertions.FileAssertTests.EqualsFailsWhenUsed" methodname="EqualsFailsWhenUsed" classname="NUnit.Framework.Assertions.FileAssertTests" runstate="Runnable" seed="1126216823" result="Passed" start-time="2017-02-21 11:04:44Z" end-time="2017-02-21 11:04:44Z" duration="0.000344" asserts="2" />
            <test-case id="0-1634" name="ExistsFailsWhenFileInfoDoesNotExist" fullname="NUnit.Framework.Assertions.FileAssertTests.ExistsFailsWhenFileInfoDoesNotExist" methodname="ExistsFailsWhenFileInfoDoesNotExist" classname="NUnit.Framework.Assertions.FileAssertTests" runstate="Runnable" seed="1905178041" result="Passed" start-time="2017-02-21 11:04:44Z" end-time="2017-02-21 11:04:44Z" duration="0.003874" asserts="2" />
            <test-case id="0-1636" name="ExistsFailsWhenFileInfoIsNull" fullname="NUnit.Framework.Assertions.FileAssertTests.ExistsFailsWhenFileInfoIsNull" methodname="ExistsFailsWhenFileInfoIsNull" classname="NUnit.Framework.Assertions.FileAssertTests" runstate="Runnable" seed="1573599756" result="Passed" start-time="2017-02-21 11:04:44Z" end-time="2017-02-21 11:04:44Z" duration="0.000368" asserts="2" />
            <test-case id="0-1635" name="ExistsFailsWhenStringDoesNotExist" fullname="NUnit.Framework.Assertions.FileAssertTests.ExistsFailsWhenStringDoesNotExist" methodname="ExistsFailsWhenStringDoesNotExist" classname="NUnit.Framework.Assertions.FileAssertTests" runstate="Runnable" seed="914436525" result="Passed" start-time="2017-02-21 11:04:44Z" end-time="2017-02-21 11:04:44Z" duration="0.004569" asserts="2" />
            <test-case id="0-1638" name="ExistsFailsWhenStringIsEmpty" fullname="NUnit.Framework.Assertions.FileAssertTests.ExistsFailsWhenStringIsEmpty" methodname="ExistsFailsWhenStringIsEmpty" classname="NUnit.Framework.Assertions.FileAssertTests" runstate="Runnable" seed="1587648866" result="Passed" start-time="2017-02-21 11:04:44Z" end-time="2017-02-21 11:04:44Z" duration="0.000416" asserts="2" />
            <test-case id="0-1637" name="ExistsFailsWhenStringIsNull" fullname="NUnit.Framework.Assertions.FileAssertTests.ExistsFailsWhenStringIsNull" methodname="ExistsFailsWhenStringIsNull" classname="NUnit.Framework.Assertions.FileAssertTests" runstate="Runnable" seed="2072027348" result="Passed" start-time="2017-02-21 11:04:44Z" end-time="2017-02-21 11:04:44Z" duration="0.000681" asserts="2" />
            <test-case id="0-1632" name="ExistsPassesWhenFileInfoExists" fullname="NUnit.Framework.Assertions.FileAssertTests.ExistsPassesWhenFileInfoExists" methodname="ExistsPassesWhenFileInfoExists" classname="NUnit.Framework.Assertions.FileAssertTests" runstate="Runnable" seed="447701545" result="Passed" start-time="2017-02-21 11:04:44Z" end-time="2017-02-21 11:04:44Z" duration="0.000514" asserts="1" />
            <test-case id="0-1633" name="ExistsPassesWhenStringExists" fullname="NUnit.Framework.Assertions.FileAssertTests.ExistsPassesWhenStringExists" methodname="ExistsPassesWhenStringExists" classname="NUnit.Framework.Assertions.FileAssertTests" runstate="Runnable" seed="524489894" result="Passed" start-time="2017-02-21 11:04:44Z" end-time="2017-02-21 11:04:44Z" duration="0.000481" asserts="1" />
            <test-case id="0-1611" name="NonReadableStreamGivesException" fullname="NUnit.Framework.Assertions.FileAssertTests.NonReadableStreamGivesException" methodname="NonReadableStreamGivesException" classname="NUnit.Framework.Assertions.FileAssertTests" runstate="Runnable" seed="458758378" result="Passed" start-time="2017-02-21 11:04:44Z" end-time="2017-02-21 11:04:44Z" duration="0.003461" asserts="2" />
            <test-case id="0-1612" name="NonSeekableStreamGivesException" fullname="NUnit.Framework.Assertions.FileAssertTests.NonSeekableStreamGivesException" methodname="NonSeekableStreamGivesException" classname="NUnit.Framework.Assertions.FileAssertTests" runstate="Runnable" seed="2041610767" result="Passed" start-time="2017-02-21 11:04:44Z" end-time="2017-02-21 11:04:44Z" duration="0.002401" asserts="2" />
            <test-case id="0-1647" name="ReferenceEqualsFailsWhenUsed" fullname="NUnit.Framework.Assertions.FileAssertTests.ReferenceEqualsFailsWhenUsed" methodname="ReferenceEqualsFailsWhenUsed" classname="NUnit.Framework.Assertions.FileAssertTests" runstate="Runnable" seed="1116808952" result="Passed" start-time="2017-02-21 11:04:44Z" end-time="2017-02-21 11:04:44Z" duration="0.000597" asserts="2" />
          </test-suite>
          <test-suite type="TestFixture" id="0-1715" name="SameFixture" fullname="NUnit.Framework.Assertions.SameFixture" classname="NUnit.Framework.Assertions.SameFixture" runstate="Runnable" testcasecount="4" result="Passed" start-time="2017-02-21 11:04:44Z" end-time="2017-02-21 11:04:44Z" duration="0.020570" total="4" passed="4" failed="0" warnings="0" inconclusive="0" skipped="0" asserts="6">
            <test-case id="0-1716" name="Same" fullname="NUnit.Framework.Assertions.SameFixture.Same" methodname="Same" classname="NUnit.Framework.Assertions.SameFixture" runstate="Runnable" seed="1405000978" result="Passed" start-time="2017-02-21 11:04:44Z" end-time="2017-02-21 11:04:44Z" duration="0.000187" asserts="1" />
            <test-case id="0-1717" name="SameFails" fullname="NUnit.Framework.Assertions.SameFixture.SameFails" methodname="SameFails" classname="NUnit.Framework.Assertions.SameFixture" runstate="Runnable" seed="590545104" result="Passed" start-time="2017-02-21 11:04:44Z" end-time="2017-02-21 11:04:44Z" duration="0.003563" asserts="2" />
            <test-case id="0-1718" name="SameValueTypes" fullname="NUnit.Framework.Assertions.SameFixture.SameValueTypes" methodname="SameValueTypes" classname="NUnit.Framework.Assertions.SameFixture" runstate="Runnable" seed="1272538674" result="Passed" start-time="2017-02-21 11:04:44Z" end-time="2017-02-21 11:04:44Z" duration="0.004408" asserts="2" />
            <test-case id="0-1719" name="ShouldNotCallToStringOnClassForPassingTests" fullname="NUnit.Framework.Assertions.SameFixture.ShouldNotCallToStringOnClassForPassingTests" methodname="ShouldNotCallToStringOnClassForPassingTests" classname="NUnit.Framework.Assertions.SameFixture" runstate="Runnable" seed="800646253" result="Passed" start-time="2017-02-21 11:04:44Z" end-time="2017-02-21 11:04:44Z" duration="0.000185" asserts="1" />
          </test-suite>
          <test-suite type="TestFixture" id="0-1705" name="NullableTypesTests" fullname="NUnit.Framework.Assertions.NullableTypesTests" classname="NUnit.Framework.Assertions.NullableTypesTests" runstate="Runnable" testcasecount="9" result="Passed" start-time="2017-02-21 11:04:44Z" end-time="2017-02-21 11:04:44Z" duration="0.044896" total="9" passed="9" failed="0" warnings="0" inconclusive="0" skipped="0" asserts="83">
            <properties>
              <property name="Category" value="Generics" />
            </properties>
            <test-case id="0-1710" name="CanCompareNullableDecimals" fullname="NUnit.Framework.Assertions.NullableTypesTests.CanCompareNullableDecimals" methodname="CanCompareNullableDecimals" classname="NUnit.Framework.Assertions.NullableTypesTests" runstate="Runnable" seed="1676037545" result="Passed" start-time="2017-02-21 11:04:44Z" end-time="2017-02-21 11:04:44Z" duration="0.001915" asserts="8" />
            <test-case id="0-1708" name="CanCompareNullableDoubles" fullname="NUnit.Framework.Assertions.NullableTypesTests.CanCompareNullableDoubles" methodname="CanCompareNullableDoubles" classname="NUnit.Framework.Assertions.NullableTypesTests" runstate="Runnable" seed="1879866772" result="Passed" start-time="2017-02-21 11:04:44Z" end-time="2017-02-21 11:04:44Z" duration="0.002783" asserts="8" />
            <test-case id="0-1712" name="CanCompareNullableEnums" fullname="NUnit.Framework.Assertions.NullableTypesTests.CanCompareNullableEnums" methodname="CanCompareNullableEnums" classname="NUnit.Framework.Assertions.NullableTypesTests" runstate="Runnable" seed="144423276" result="Passed" start-time="2017-02-21 11:04:44Z" end-time="2017-02-21 11:04:44Z" duration="0.000375" asserts="3" />
            <test-case id="0-1707" name="CanCompareNullableInts" fullname="NUnit.Framework.Assertions.NullableTypesTests.CanCompareNullableInts" methodname="CanCompareNullableInts" classname="NUnit.Framework.Assertions.NullableTypesTests" runstate="Runnable" seed="1953829719" result="Passed" start-time="2017-02-21 11:04:44Z" end-time="2017-02-21 11:04:44Z" duration="0.001169" asserts="8" />
            <test-case id="0-1713" name="CanCompareNullableMixedNumerics" fullname="NUnit.Framework.Assertions.NullableTypesTests.CanCompareNullableMixedNumerics" methodname="CanCompareNullableMixedNumerics" classname="NUnit.Framework.Assertions.NullableTypesTests" runstate="Runnable" seed="720235126" result="Passed" start-time="2017-02-21 11:04:44Z" end-time="2017-02-21 11:04:44Z" duration="0.001768" asserts="42" />
            <test-case id="0-1714" name="CanCompareNullableStructs" fullname="NUnit.Framework.Assertions.NullableTypesTests.CanCompareNullableStructs" methodname="CanCompareNullableStructs" classname="NUnit.Framework.Assertions.NullableTypesTests" runstate="Runnable" seed="887359178" result="Passed" start-time="2017-02-21 11:04:44Z" end-time="2017-02-21 11:04:44Z" duration="0.000668" asserts="4" />
            <test-case id="0-1711" name="CanCompareWithTolerance" fullname="NUnit.Framework.Assertions.NullableTypesTests.CanCompareWithTolerance" methodname="CanCompareWithTolerance" classname="NUnit.Framework.Assertions.NullableTypesTests" runstate="Runnable" seed="880333058" result="Passed" start-time="2017-02-21 11:04:44Z" end-time="2017-02-21 11:04:44Z" duration="0.002217" asserts="4" />
            <test-case id="0-1709" name="CanTestForNaN" fullname="NUnit.Framework.Assertions.NullableTypesTests.CanTestForNaN" methodname="CanTestForNaN" classname="NUnit.Framework.Assertions.NullableTypesTests" runstate="Runnable" seed="1000301302" result="Passed" start-time="2017-02-21 11:04:44Z" end-time="2017-02-21 11:04:44Z" duration="0.000664" asserts="2" />
            <test-case id="0-1706" name="CanTestForNull" fullname="NUnit.Framework.Assertions.NullableTypesTests.CanTestForNull" methodname="CanTestForNull" classname="NUnit.Framework.Assertions.NullableTypesTests" runstate="Runnable" seed="2029483846" result="Passed" start-time="2017-02-21 11:04:44Z" end-time="2017-02-21 11:04:44Z" duration="0.000632" asserts="4" />
          </test-suite>
          <test-suite type="TestFixture" id="0-1720" name="StringAssertTests" fullname="NUnit.Framework.Assertions.StringAssertTests" classname="NUnit.Framework.Assertions.StringAssertTests" runstate="Runnable" testcasecount="19" result="Passed" start-time="2017-02-21 11:04:44Z" end-time="2017-02-21 11:04:44Z" duration="0.089592" total="19" passed="19" failed="0" warnings="0" inconclusive="0" skipped="0" asserts="30">
            <test-case id="0-1733" name="CaseInsensitiveCompare" fullname="NUnit.Framework.Assertions.StringAssertTests.CaseInsensitiveCompare" methodname="CaseInsensitiveCompare" classname="NUnit.Framework.Assertions.StringAssertTests" runstate="Runnable" seed="16875851" result="Passed" start-time="2017-02-21 11:04:44Z" end-time="2017-02-21 11:04:44Z" duration="0.000242" asserts="1" />
            <test-case id="0-1734" name="CaseInsensitiveCompareFails" fullname="NUnit.Framework.Assertions.StringAssertTests.CaseInsensitiveCompareFails" methodname="CaseInsensitiveCompareFails" classname="NUnit.Framework.Assertions.StringAssertTests" runstate="Runnable" seed="1191738038" result="Passed" start-time="2017-02-21 11:04:44Z" end-time="2017-02-21 11:04:44Z" duration="0.003042" asserts="2" />
            <test-case id="0-1721" name="Contains" fullname="NUnit.Framework.Assertions.StringAssertTests.Contains" methodname="Contains" classname="NUnit.Framework.Assertions.StringAssertTests" runstate="Runnable" seed="1131231435" result="Passed" start-time="2017-02-21 11:04:44Z" end-time="2017-02-21 11:04:44Z" duration="0.000160" asserts="3" />
            <test-case id="0-1722" name="ContainsFails" fullname="NUnit.Framework.Assertions.StringAssertTests.ContainsFails" methodname="ContainsFails" classname="NUnit.Framework.Assertions.StringAssertTests" runstate="Runnable" seed="1469175117" result="Passed" start-time="2017-02-21 11:04:44Z" end-time="2017-02-21 11:04:44Z" duration="0.003438" asserts="2" />
            <test-case id="0-1737" name="DifferentEncodingsOfSameStringAreNotEqual" fullname="NUnit.Framework.Assertions.StringAssertTests.DifferentEncodingsOfSameStringAreNotEqual" methodname="DifferentEncodingsOfSameStringAreNotEqual" classname="NUnit.Framework.Assertions.StringAssertTests" runstate="Runnable" seed="1905567799" result="Passed" start-time="2017-02-21 11:04:44Z" end-time="2017-02-21 11:04:44Z" duration="0.002434" asserts="1" />
            <test-case id="0-1723" name="DoesNotContain" fullname="NUnit.Framework.Assertions.StringAssertTests.DoesNotContain" methodname="DoesNotContain" classname="NUnit.Framework.Assertions.StringAssertTests" runstate="Runnable" seed="1388675069" result="Passed" start-time="2017-02-21 11:04:44Z" end-time="2017-02-21 11:04:44Z" duration="0.000466" asserts="1" />
            <test-case id="0-1724" name="DoesNotContainFails" fullname="NUnit.Framework.Assertions.StringAssertTests.DoesNotContainFails" methodname="DoesNotContainFails" classname="NUnit.Framework.Assertions.StringAssertTests" runstate="Runnable" seed="1098729167" result="Passed" start-time="2017-02-21 11:04:44Z" end-time="2017-02-21 11:04:44Z" duration="0.003153" asserts="1" />
            <test-case id="0-1731" name="DoesNotEndWith" fullname="NUnit.Framework.Assertions.StringAssertTests.DoesNotEndWith" methodname="DoesNotEndWith" classname="NUnit.Framework.Assertions.StringAssertTests" runstate="Runnable" seed="68316136" result="Passed" start-time="2017-02-21 11:04:44Z" end-time="2017-02-21 11:04:44Z" duration="0.000403" asserts="1" />
            <test-case id="0-1732" name="DoesNotEndWithFails" fullname="NUnit.Framework.Assertions.StringAssertTests.DoesNotEndWithFails" methodname="DoesNotEndWithFails" classname="NUnit.Framework.Assertions.StringAssertTests" runstate="Runnable" seed="116491713" result="Passed" start-time="2017-02-21 11:04:44Z" end-time="2017-02-21 11:04:44Z" duration="0.003512" asserts="1" />
            <test-case id="0-1727" name="DoesNotStartWith" fullname="NUnit.Framework.Assertions.StringAssertTests.DoesNotStartWith" methodname="DoesNotStartWith" classname="NUnit.Framework.Assertions.StringAssertTests" runstate="Runnable" seed="76710530" result="Passed" start-time="2017-02-21 11:04:44Z" end-time="2017-02-21 11:04:44Z" duration="0.000274" asserts="1" />
            <test-case id="0-1728" name="DoesNotStartWithFails" fullname="NUnit.Framework.Assertions.StringAssertTests.DoesNotStartWithFails" methodname="DoesNotStartWithFails" classname="NUnit.Framework.Assertions.StringAssertTests" runstate="Runnable" seed="1614149094" result="Passed" start-time="2017-02-21 11:04:44Z" end-time="2017-02-21 11:04:44Z" duration="0.002443" asserts="1" />
            <test-case id="0-1729" name="EndsWith" fullname="NUnit.Framework.Assertions.StringAssertTests.EndsWith" methodname="EndsWith" classname="NUnit.Framework.Assertions.StringAssertTests" runstate="Runnable" seed="1669650492" result="Passed" start-time="2017-02-21 11:04:44Z" end-time="2017-02-21 11:04:44Z" duration="0.000462" asserts="2" />
            <test-case id="0-1730" name="EndsWithFails" fullname="NUnit.Framework.Assertions.StringAssertTests.EndsWithFails" methodname="EndsWithFails" classname="NUnit.Framework.Assertions.StringAssertTests" runstate="Runnable" seed="2071110049" result="Passed" start-time="2017-02-21 11:04:44Z" end-time="2017-02-21 11:04:44Z" duration="0.003259" asserts="2" />
            <test-case id="0-1738" name="EqualsFailsWhenUsed" fullname="NUnit.Framework.Assertions.StringAssertTests.EqualsFailsWhenUsed" methodname="EqualsFailsWhenUsed" classname="NUnit.Framework.Assertions.StringAssertTests" runstate="Runnable" seed="2069382311" result="Passed" start-time="2017-02-21 11:04:44Z" end-time="2017-02-21 11:04:44Z" duration="0.000469" asserts="2" />
            <test-case id="0-1735" name="IsMatch" fullname="NUnit.Framework.Assertions.StringAssertTests.IsMatch" methodname="IsMatch" classname="NUnit.Framework.Assertions.StringAssertTests" runstate="Runnable" seed="2105952126" result="Passed" start-time="2017-02-21 11:04:44Z" end-time="2017-02-21 11:04:44Z" duration="0.000795" asserts="1" />
            <test-case id="0-1736" name="IsMatchFails" fullname="NUnit.Framework.Assertions.StringAssertTests.IsMatchFails" methodname="IsMatchFails" classname="NUnit.Framework.Assertions.StringAssertTests" runstate="Runnable" seed="1837018627" result="Passed" start-time="2017-02-21 11:04:44Z" end-time="2017-02-21 11:04:44Z" duration="0.003549" asserts="2" />
            <test-case id="0-1739" name="ReferenceEqualsFailsWhenUsed" fullname="NUnit.Framework.Assertions.StringAssertTests.ReferenceEqualsFailsWhenUsed" methodname="ReferenceEqualsFailsWhenUsed" classname="NUnit.Framework.Assertions.StringAssertTests" runstate="Runnable" seed="1894806252" result="Passed" start-time="2017-02-21 11:04:44Z" end-time="2017-02-21 11:04:44Z" duration="0.000468" asserts="2" />
            <test-case id="0-1725" name="StartsWith" fullname="NUnit.Framework.Assertions.StringAssertTests.StartsWith" methodname="StartsWith" classname="NUnit.Framework.Assertions.StringAssertTests" runstate="Runnable" seed="235723716" result="Passed" start-time="2017-02-21 11:04:44Z" end-time="2017-02-21 11:04:44Z" duration="0.000325" asserts="2" />
            <test-case id="0-1726" name="StartsWithFails" fullname="NUnit.Framework.Assertions.StringAssertTests.StartsWithFails" methodname="StartsWithFails" classname="NUnit.Framework.Assertions.StringAssertTests" runstate="Runnable" seed="1683938118" result="Passed" start-time="2017-02-21 11:04:44Z" end-time="2017-02-21 11:04:44Z" duration="0.002674" asserts="2" />
          </test-suite>
          <test-suite type="TestFixture" id="0-1740" name="TypeAssertTests" fullname="NUnit.Framework.Assertions.TypeAssertTests" classname="NUnit.Framework.Assertions.TypeAssertTests" runstate="Runnable" testcasecount="10" result="Passed" start-time="2017-02-21 11:04:44Z" end-time="2017-02-21 11:04:44Z" duration="0.047004" total="10" passed="10" failed="0" warnings="0" inconclusive="0" skipped="0" asserts="23">
            <test-case id="0-1741" name="ExactType" fullname="NUnit.Framework.Assertions.TypeAssertTests.ExactType" methodname="ExactType" classname="NUnit.Framework.Assertions.TypeAssertTests" runstate="Runnable" seed="1170702573" result="Passed" start-time="2017-02-21 11:04:44Z" end-time="2017-02-21 11:04:44Z" duration="0.000196" asserts="1" />
            <test-case id="0-1742" name="ExactTypeFails" fullname="NUnit.Framework.Assertions.TypeAssertTests.ExactTypeFails" methodname="ExactTypeFails" classname="NUnit.Framework.Assertions.TypeAssertTests" runstate="Runnable" seed="492534751" result="Passed" start-time="2017-02-21 11:04:44Z" end-time="2017-02-21 11:04:44Z" duration="0.006293" asserts="2" />
            <test-case id="0-1747" name="IsAssignableFrom" fullname="NUnit.Framework.Assertions.TypeAssertTests.IsAssignableFrom" methodname="IsAssignableFrom" classname="NUnit.Framework.Assertions.TypeAssertTests" runstate="Runnable" seed="593685036" result="Passed" start-time="2017-02-21 11:04:44Z" end-time="2017-02-21 11:04:44Z" duration="0.000718" asserts="3" />
            <test-case id="0-1748" name="IsAssignableFromFails" fullname="NUnit.Framework.Assertions.TypeAssertTests.IsAssignableFromFails" methodname="IsAssignableFromFails" classname="NUnit.Framework.Assertions.TypeAssertTests" runstate="Runnable" seed="1506002009" result="Passed" start-time="2017-02-21 11:04:44Z" end-time="2017-02-21 11:04:44Z" duration="0.002826" asserts="2" />
            <test-case id="0-1743" name="IsInstanceOf" fullname="NUnit.Framework.Assertions.TypeAssertTests.IsInstanceOf" methodname="IsInstanceOf" classname="NUnit.Framework.Assertions.TypeAssertTests" runstate="Runnable" seed="1432182837" result="Passed" start-time="2017-02-21 11:04:44Z" end-time="2017-02-21 11:04:44Z" duration="0.000477" asserts="3" />
            <test-case id="0-1744" name="IsInstanceOfFails" fullname="NUnit.Framework.Assertions.TypeAssertTests.IsInstanceOfFails" methodname="IsInstanceOfFails" classname="NUnit.Framework.Assertions.TypeAssertTests" runstate="Runnable" seed="1957389162" result="Passed" start-time="2017-02-21 11:04:44Z" end-time="2017-02-21 11:04:44Z" duration="0.002477" asserts="2" />
            <test-case id="0-1749" name="IsNotAssignableFrom" fullname="NUnit.Framework.Assertions.TypeAssertTests.IsNotAssignableFrom" methodname="IsNotAssignableFrom" classname="NUnit.Framework.Assertions.TypeAssertTests" runstate="Runnable" seed="475857534" result="Passed" start-time="2017-02-21 11:04:44Z" end-time="2017-02-21 11:04:44Z" duration="0.000410" asserts="3" />
            <test-case id="0-1750" name="IsNotAssignableFromFails" fullname="NUnit.Framework.Assertions.TypeAssertTests.IsNotAssignableFromFails" methodname="IsNotAssignableFromFails" classname="NUnit.Framework.Assertions.TypeAssertTests" runstate="Runnable" seed="103817591" result="Passed" start-time="2017-02-21 11:04:44Z" end-time="2017-02-21 11:04:44Z" duration="0.004801" asserts="2" />
            <test-case id="0-1745" name="IsNotInstanceOf" fullname="NUnit.Framework.Assertions.TypeAssertTests.IsNotInstanceOf" methodname="IsNotInstanceOf" classname="NUnit.Framework.Assertions.TypeAssertTests" runstate="Runnable" seed="457726438" result="Passed" start-time="2017-02-21 11:04:44Z" end-time="2017-02-21 11:04:44Z" duration="0.000736" asserts="3" />
            <test-case id="0-1746" name="IsNotInstanceOfFails" fullname="NUnit.Framework.Assertions.TypeAssertTests.IsNotInstanceOfFails" methodname="IsNotInstanceOfFails" classname="NUnit.Framework.Assertions.TypeAssertTests" runstate="Runnable" seed="851974931" result="Passed" start-time="2017-02-21 11:04:44Z" end-time="2017-02-21 11:04:44Z" duration="0.004162" asserts="2" />
          </test-suite>
          <test-suite type="TestFixture" id="0-1688" name="LowTrustFixture" fullname="NUnit.Framework.Assertions.LowTrustFixture" classname="NUnit.Framework.Assertions.LowTrustFixture" runstate="Runnable" testcasecount="2" result="Passed" start-time="2017-02-21 11:04:44Z" end-time="2017-02-21 11:04:44Z" duration="0.294563" total="2" passed="1" failed="0" warnings="0" inconclusive="0" skipped="1" asserts="1">
            <test-case id="0-1689" name="AssertEqualityInLowTrustSandBox" fullname="NUnit.Framework.Assertions.LowTrustFixture.AssertEqualityInLowTrustSandBox" methodname="AssertEqualityInLowTrustSandBox" classname="NUnit.Framework.Assertions.LowTrustFixture" runstate="Runnable" seed="178254243" result="Passed" start-time="2017-02-21 11:04:44Z" end-time="2017-02-21 11:04:44Z" duration="0.074104" asserts="1" />
            <test-case id="0-1690" name="AssertThrowsInLowTrustSandBox" fullname="NUnit.Framework.Assertions.LowTrustFixture.AssertThrowsInLowTrustSandBox" methodname="AssertThrowsInLowTrustSandBox" classname="NUnit.Framework.Assertions.LowTrustFixture" runstate="Skipped" seed="1435112819" result="Skipped" start-time="2017-02-21 11:04:44Z" end-time="2017-02-21 11:04:44Z" duration="0.000009" asserts="0">
              <properties>
                <property name="_SKIPREASON" value="Not supported on Mono,MonoTouch" />
              </properties>
              <reason>
                <message><![CDATA[Not supported on Mono,MonoTouch]]></message>
              </reason>
            </test-case>
          </test-suite>
          <test-suite type="TestSuite" id="0-5523" name="Tests" fullname="NUnit.Framework.Assertions.Tests" runstate="Runnable" testcasecount="24" result="Passed" start-time="2017-02-21 11:04:43Z" end-time="2017-02-21 11:04:44Z" duration="1.233270" total="24" passed="22" failed="0" warnings="0" inconclusive="0" skipped="2" asserts="22">
            <test-suite type="TestFixture" id="0-1325" name="MultipleAssertDemo" fullname="NUnit.Framework.Assertions.Tests.MultipleAssertDemo" classname="NUnit.Framework.Assertions.Tests.MultipleAssertDemo" runstate="Explicit" testcasecount="2" result="Skipped" label="Explicit" site="SetUp" start-time="2017-02-21 11:04:44Z" end-time="2017-02-21 11:04:44Z" duration="0.002417" total="2" passed="0" failed="0" warnings="0" inconclusive="0" skipped="2" asserts="0">
              <properties>
                <property name="_SKIPREASON" value="Used to display error messages for visual confirmation" />
              </properties>
              <reason>
                <message><![CDATA[Used to display error messages for visual confirmation]]></message>
              </reason>
              <test-case id="0-1327" name="MultipleAssertErrorDemo" fullname="NUnit.Framework.Assertions.Tests.MultipleAssertDemo.MultipleAssertErrorDemo" methodname="MultipleAssertErrorDemo" classname="NUnit.Framework.Assertions.Tests.MultipleAssertDemo" runstate="Runnable" seed="1396734848" result="Skipped" label="Explicit" site="Parent" start-time="0001-01-01 00:00:00Z" end-time="0001-01-01 00:00:00Z" duration="0.000000" asserts="0">
                <reason>
                  <message><![CDATA[OneTimeSetUp: Used to display error messages for visual confirmation]]></message>
                </reason>
              </test-case>
              <test-case id="0-1326" name="MultipleAssertFailureDemo" fullname="NUnit.Framework.Assertions.Tests.MultipleAssertDemo.MultipleAssertFailureDemo" methodname="MultipleAssertFailureDemo" classname="NUnit.Framework.Assertions.Tests.MultipleAssertDemo" runstate="Runnable" seed="1267842371" result="Skipped" label="Explicit" site="Parent" start-time="0001-01-01 00:00:00Z" end-time="0001-01-01 00:00:00Z" duration="0.000000" asserts="0">
                <reason>
                  <message><![CDATA[OneTimeSetUp: Used to display error messages for visual confirmation]]></message>
                </reason>
              </test-case>
            </test-suite>
            <test-suite type="TestFixture" id="0-1299" name="AssertMultipleTests" fullname="NUnit.Framework.Assertions.Tests.AssertMultipleTests" classname="NUnit.Framework.Assertions.Tests.AssertMultipleTests" runstate="Runnable" testcasecount="22" result="Passed" start-time="2017-02-21 11:04:44Z" end-time="2017-02-21 11:04:44Z" duration="0.183520" total="22" passed="22" failed="0" warnings="0" inconclusive="0" skipped="0" asserts="22">
              <test-case id="0-1322" name="AssertIgnoreInBlockThrowsException" fullname="NUnit.Framework.Assertions.Tests.AssertMultipleTests.AssertIgnoreInBlockThrowsException" methodname="AssertIgnoreInBlockThrowsException" classname="NUnit.Framework.Assertions.Tests.AssertMultipleTests" runstate="Runnable" seed="1677671010" result="Passed" start-time="2017-02-21 11:04:44Z" end-time="2017-02-21 11:04:44Z" duration="0.004686" asserts="1" />
              <test-case id="0-1323" name="AssertInconclusiveInBlockThrowsException" fullname="NUnit.Framework.Assertions.Tests.AssertMultipleTests.AssertInconclusiveInBlockThrowsException" methodname="AssertInconclusiveInBlockThrowsException" classname="NUnit.Framework.Assertions.Tests.AssertMultipleTests" runstate="Runnable" seed="1639034448" result="Passed" start-time="2017-02-21 11:04:44Z" end-time="2017-02-21 11:04:44Z" duration="0.003195" asserts="1" />
              <test-suite type="ParameterizedMethod" id="0-1320" name="AssertMultipleErrorTests" fullname="NUnit.Framework.Assertions.Tests.AssertMultipleTests.AssertMultipleErrorTests" classname="NUnit.Framework.Assertions.Tests.AssertMultipleTests" runstate="Runnable" testcasecount="2" result="Passed" start-time="2017-02-21 11:04:44Z" end-time="2017-02-21 11:04:44Z" duration="0.020429" total="2" passed="2" failed="0" warnings="0" inconclusive="0" skipped="0" asserts="2">
                <test-case id="0-1318" name="AssertMultipleErrorTests(&quot;ExceptionThrown&quot;)" fullname="NUnit.Framework.Assertions.Tests.AssertMultipleTests.AssertMultipleErrorTests(&quot;ExceptionThrown&quot;)" methodname="AssertMultipleErrorTests" classname="NUnit.Framework.Assertions.Tests.AssertMultipleTests" runstate="Runnable" seed="1364413926" result="Passed" start-time="2017-02-21 11:04:44Z" end-time="2017-02-21 11:04:44Z" duration="0.001354" asserts="1" />
                <test-case id="0-1319" name="AssertMultipleErrorTests(&quot;ExceptionThrownAfterTwoFailures&quot;,&quot;Failure 1&quot;,&quot;Failure 2&quot;,&quot;Simulated Error&quot;)" fullname="NUnit.Framework.Assertions.Tests.AssertMultipleTests.AssertMultipleErrorTests(&quot;ExceptionThrownAfterTwoFailures&quot;,&quot;Failure 1&quot;,&quot;Failure 2&quot;,&quot;Simulated Error&quot;)" methodname="AssertMultipleErrorTests" classname="NUnit.Framework.Assertions.Tests.AssertMultipleTests" runstate="Runnable" seed="66284040" result="Passed" start-time="2017-02-21 11:04:44Z" end-time="2017-02-21 11:04:44Z" duration="0.014071" asserts="1" />
              </test-suite>
              <test-suite type="ParameterizedMethod" id="0-1317" name="AssertMultipleFails" fullname="NUnit.Framework.Assertions.Tests.AssertMultipleTests.AssertMultipleFails" classname="NUnit.Framework.Assertions.Tests.AssertMultipleTests" runstate="Runnable" testcasecount="9" result="Passed" start-time="2017-02-21 11:04:44Z" end-time="2017-02-21 11:04:44Z" duration="0.088037" total="9" passed="9" failed="0" warnings="0" inconclusive="0" skipped="0" asserts="9">
                <test-case id="0-1308" name="AssertMultipleFails(&quot;TwoAsserts_FirstAssertFails&quot;,&quot;RealPart&quot;)" fullname="NUnit.Framework.Assertions.Tests.AssertMultipleTests.AssertMultipleFails(&quot;TwoAsserts_FirstAssertFails&quot;,&quot;RealPart&quot;)" methodname="AssertMultipleFails" classname="NUnit.Framework.Assertions.Tests.AssertMultipleTests" runstate="Runnable" seed="961593782" result="Passed" start-time="2017-02-21 11:04:44Z" end-time="2017-02-21 11:04:44Z" duration="0.003873" asserts="1" />
                <test-case id="0-1309" name="AssertMultipleFails(&quot;TwoAsserts_SecondAssertFails&quot;,&quot;ImaginaryPart&quot;)" fullname="NUnit.Framework.Assertions.Tests.AssertMultipleTests.AssertMultipleFails(&quot;TwoAsserts_SecondAssertFails&quot;,&quot;ImaginaryPart&quot;)" methodname="AssertMultipleFails" classname="NUnit.Framework.Assertions.Tests.AssertMultipleTests" runstate="Runnable" seed="1141174353" result="Passed" start-time="2017-02-21 11:04:44Z" end-time="2017-02-21 11:04:44Z" duration="0.005598" asserts="1" />
                <test-case id="0-1310" name="AssertMultipleFails(&quot;TwoAsserts_BothAssertsFail&quot;,&quot;RealPart&quot;,&quot;ImaginaryPart&quot;)" fullname="NUnit.Framework.Assertions.Tests.AssertMultipleTests.AssertMultipleFails(&quot;TwoAsserts_BothAssertsFail&quot;,&quot;RealPart&quot;,&quot;ImaginaryPart&quot;)" methodname="AssertMultipleFails" classname="NUnit.Framework.Assertions.Tests.AssertMultipleTests" runstate="Runnable" seed="433761086" result="Passed" start-time="2017-02-21 11:04:44Z" end-time="2017-02-21 11:04:44Z" duration="0.006682" asserts="1" />
                <test-case id="0-1311" name="AssertMultipleFails(&quot;NestedBlock_FirstAssertFails&quot;,&quot;Expected: 5&quot;)" fullname="NUnit.Framework.Assertions.Tests.AssertMultipleTests.AssertMultipleFails(&quot;NestedBlock_FirstAssertFails&quot;,&quot;Expected: 5&quot;)" methodname="AssertMultipleFails" classname="NUnit.Framework.Assertions.Tests.AssertMultipleTests" runstate="Runnable" seed="777103981" result="Passed" start-time="2017-02-21 11:04:44Z" end-time="2017-02-21 11:04:44Z" duration="0.003707" asserts="1" />
                <test-case id="0-1312" name="AssertMultipleFails(&quot;NestedBlock_TwoAssertsFail&quot;,&quot;Expected: 5&quot;,&quot;ImaginaryPart&quot;)" fullname="NUnit.Framework.Assertions.Tests.AssertMultipleTests.AssertMultipleFails(&quot;NestedBlock_TwoAssertsFail&quot;,&quot;Expected: 5&quot;,&quot;ImaginaryPart&quot;)" methodname="AssertMultipleFails" classname="NUnit.Framework.Assertions.Tests.AssertMultipleTests" runstate="Runnable" seed="2130624066" result="Passed" start-time="2017-02-21 11:04:44Z" end-time="2017-02-21 11:04:44Z" duration="0.007972" asserts="1" />
                <test-case id="0-1313" name="AssertMultipleFails(&quot;TwoNestedBlocks_FirstAssertFails&quot;,&quot;Expected: 5&quot;)" fullname="NUnit.Framework.Assertions.Tests.AssertMultipleTests.AssertMultipleFails(&quot;TwoNestedBlocks_FirstAssertFails&quot;,&quot;Expected: 5&quot;)" methodname="AssertMultipleFails" classname="NUnit.Framework.Assertions.Tests.AssertMultipleTests" runstate="Runnable" seed="734317994" result="Passed" start-time="2017-02-21 11:04:44Z" end-time="2017-02-21 11:04:44Z" duration="0.007884" asserts="1" />
                <test-case id="0-1314" name="AssertMultipleFails(&quot;TwoNestedBlocks_TwoAssertsFail&quot;,&quot;Expected: 5&quot;,&quot;ImaginaryPart&quot;)" fullname="NUnit.Framework.Assertions.Tests.AssertMultipleTests.AssertMultipleFails(&quot;TwoNestedBlocks_TwoAssertsFail&quot;,&quot;Expected: 5&quot;,&quot;ImaginaryPart&quot;)" methodname="AssertMultipleFails" classname="NUnit.Framework.Assertions.Tests.AssertMultipleTests" runstate="Runnable" seed="1799749844" result="Passed" start-time="2017-02-21 11:04:44Z" end-time="2017-02-21 11:04:44Z" duration="0.011091" asserts="1" />
                <test-case id="0-1315" name="AssertMultipleFails(&quot;MethodCallsFail&quot;,&quot;Message from Assert.Fail&quot;)" fullname="NUnit.Framework.Assertions.Tests.AssertMultipleTests.AssertMultipleFails(&quot;MethodCallsFail&quot;,&quot;Message from Assert.Fail&quot;)" methodname="AssertMultipleFails" classname="NUnit.Framework.Assertions.Tests.AssertMultipleTests" runstate="Runnable" seed="1926237059" result="Passed" start-time="2017-02-21 11:04:44Z" end-time="2017-02-21 11:04:44Z" duration="0.005029" asserts="1" />
                <test-case id="0-1316" name="AssertMultipleFails(&quot;MethodCallsFailAfterTwoAssertsFail&quot;,&quot;Expected: 5&quot;,&quot;ImaginaryPart&quot;,&quot;Message from Assert.Fail&quot;)" fullname="NUnit.Framework.Assertions.Tests.AssertMultipleTests.AssertMultipleFails(&quot;MethodCallsFailAfterTwoAssertsFail&quot;,&quot;Expected: 5&quot;,&quot;ImaginaryPart&quot;,&quot;Message from Assert.Fail&quot;)" methodname="AssertMultipleFails" classname="NUnit.Framework.Assertions.Tests.AssertMultipleTests" runstate="Runnable" seed="1101557768" result="Passed" start-time="2017-02-21 11:04:44Z" end-time="2017-02-21 11:04:44Z" duration="0.011787" asserts="1" />
              </test-suite>
              <test-suite type="ParameterizedMethod" id="0-1307" name="AssertMultipleSucceeds" fullname="NUnit.Framework.Assertions.Tests.AssertMultipleTests.AssertMultipleSucceeds" classname="NUnit.Framework.Assertions.Tests.AssertMultipleTests" runstate="Runnable" testcasecount="7" result="Passed" start-time="2017-02-21 11:04:44Z" end-time="2017-02-21 11:04:44Z" duration="0.043719" total="7" passed="7" failed="0" warnings="0" inconclusive="0" skipped="0" asserts="7">
                <test-case id="0-1300" name="AssertMultipleSucceeds(&quot;EmptyBlock&quot;,0)" fullname="NUnit.Framework.Assertions.Tests.AssertMultipleTests.AssertMultipleSucceeds(&quot;EmptyBlock&quot;,0)" methodname="AssertMultipleSucceeds" classname="NUnit.Framework.Assertions.Tests.AssertMultipleTests" runstate="Runnable" seed="19669397" result="Passed" start-time="2017-02-21 11:04:44Z" end-time="2017-02-21 11:04:44Z" duration="0.000851" asserts="1" />
                <test-case id="0-1301" name="AssertMultipleSucceeds(&quot;SingleAssertSucceeds&quot;,1)" fullname="NUnit.Framework.Assertions.Tests.AssertMultipleTests.AssertMultipleSucceeds(&quot;SingleAssertSucceeds&quot;,1)" methodname="AssertMultipleSucceeds" classname="NUnit.Framework.Assertions.Tests.AssertMultipleTests" runstate="Runnable" seed="1617600897" result="Passed" start-time="2017-02-21 11:04:44Z" end-time="2017-02-21 11:04:44Z" duration="0.001557" asserts="1" />
                <test-case id="0-1302" name="AssertMultipleSucceeds(&quot;TwoAssertsSucceed&quot;,2)" fullname="NUnit.Framework.Assertions.Tests.AssertMultipleTests.AssertMultipleSucceeds(&quot;TwoAssertsSucceed&quot;,2)" methodname="AssertMultipleSucceeds" classname="NUnit.Framework.Assertions.Tests.AssertMultipleTests" runstate="Runnable" seed="520881001" result="Passed" start-time="2017-02-21 11:04:44Z" end-time="2017-02-21 11:04:44Z" duration="0.000783" asserts="1" />
                <test-case id="0-1303" name="AssertMultipleSucceeds(&quot;ThreeAssertsSucceed&quot;,3)" fullname="NUnit.Framework.Assertions.Tests.AssertMultipleTests.AssertMultipleSucceeds(&quot;ThreeAssertsSucceed&quot;,3)" methodname="AssertMultipleSucceeds" classname="NUnit.Framework.Assertions.Tests.AssertMultipleTests" runstate="Runnable" seed="21512941" result="Passed" start-time="2017-02-21 11:04:44Z" end-time="2017-02-21 11:04:44Z" duration="0.001409" asserts="1" />
                <test-case id="0-1304" name="AssertMultipleSucceeds(&quot;NestedBlock_ThreeAssertsSucceed&quot;,3)" fullname="NUnit.Framework.Assertions.Tests.AssertMultipleTests.AssertMultipleSucceeds(&quot;NestedBlock_ThreeAssertsSucceed&quot;,3)" methodname="AssertMultipleSucceeds" classname="NUnit.Framework.Assertions.Tests.AssertMultipleTests" runstate="Runnable" seed="35746602" result="Passed" start-time="2017-02-21 11:04:44Z" end-time="2017-02-21 11:04:44Z" duration="0.010123" asserts="1" />
                <test-case id="0-1305" name="AssertMultipleSucceeds(&quot;TwoNestedBlocks_ThreeAssertsSucceed&quot;,3)" fullname="NUnit.Framework.Assertions.Tests.AssertMultipleTests.AssertMultipleSucceeds(&quot;TwoNestedBlocks_ThreeAssertsSucceed&quot;,3)" methodname="AssertMultipleSucceeds" classname="NUnit.Framework.Assertions.Tests.AssertMultipleTests" runstate="Runnable" seed="253076024" result="Passed" start-time="2017-02-21 11:04:44Z" end-time="2017-02-21 11:04:44Z" duration="0.001057" asserts="1" />
                <test-case id="0-1306" name="AssertMultipleSucceeds(&quot;NestedBlocksInMethodCalls&quot;,3)" fullname="NUnit.Framework.Assertions.Tests.AssertMultipleTests.AssertMultipleSucceeds(&quot;NestedBlocksInMethodCalls&quot;,3)" methodname="AssertMultipleSucceeds" classname="NUnit.Framework.Assertions.Tests.AssertMultipleTests" runstate="Runnable" seed="1293495237" result="Passed" start-time="2017-02-21 11:04:44Z" end-time="2017-02-21 11:04:44Z" duration="0.000292" asserts="1" />
              </test-suite>
              <test-case id="0-1321" name="AssertPassInBlockThrowsException" fullname="NUnit.Framework.Assertions.Tests.AssertMultipleTests.AssertPassInBlockThrowsException" methodname="AssertPassInBlockThrowsException" classname="NUnit.Framework.Assertions.Tests.AssertMultipleTests" runstate="Runnable" seed="606048724" result="Passed" start-time="2017-02-21 11:04:44Z" end-time="2017-02-21 11:04:44Z" duration="0.001512" asserts="1" />
              <test-case id="0-1324" name="AssumptionInBlockThrowsException" fullname="NUnit.Framework.Assertions.Tests.AssertMultipleTests.AssumptionInBlockThrowsException" methodname="AssumptionInBlockThrowsException" classname="NUnit.Framework.Assertions.Tests.AssertMultipleTests" runstate="Runnable" seed="1228228817" result="Passed" start-time="2017-02-21 11:04:44Z" end-time="2017-02-21 11:04:44Z" duration="0.002176" asserts="1" />
            </test-suite>
          </test-suite>
          <test-suite type="TestFixture" id="0-1751" name="WarningTests" fullname="NUnit.Framework.Assertions.WarningTests" classname="NUnit.Framework.Assertions.WarningTests" runstate="Runnable" testcasecount="88" result="Passed" start-time="2017-02-21 11:04:44Z" end-time="2017-02-21 11:04:44Z" duration="0.528506" total="88" passed="88" failed="0" warnings="0" inconclusive="0" skipped="0" asserts="90">
            <test-case id="0-1839" name="FailingWarning_CallsExceptionStringFunc" fullname="NUnit.Framework.Assertions.WarningTests.FailingWarning_CallsExceptionStringFunc" methodname="FailingWarning_CallsExceptionStringFunc" classname="NUnit.Framework.Assertions.WarningTests" runstate="Runnable" seed="1131416962" result="Passed" start-time="2017-02-21 11:04:44Z" end-time="2017-02-21 11:04:44Z" duration="0.014388" asserts="1" />
            <test-case id="0-1838" name="PassingAssertion_DoesNotCallExceptionStringFunc" fullname="NUnit.Framework.Assertions.WarningTests.PassingAssertion_DoesNotCallExceptionStringFunc" methodname="PassingAssertion_DoesNotCallExceptionStringFunc" classname="NUnit.Framework.Assertions.WarningTests" runstate="Runnable" seed="653456590" result="Passed" start-time="2017-02-21 11:04:44Z" end-time="2017-02-21 11:04:44Z" duration="0.000222" asserts="1" />
            <test-case id="0-1841" name="WarnIf_Async_Error" fullname="NUnit.Framework.Assertions.WarningTests.WarnIf_Async_Error" methodname="WarnIf_Async_Error" classname="NUnit.Framework.Assertions.WarningTests" runstate="Runnable" seed="2053044328" result="Passed" start-time="2017-02-21 11:04:44Z" end-time="2017-02-21 11:04:44Z" duration="0.003883" asserts="2" />
            <test-suite type="ParameterizedMethod" id="0-1837" name="WarningFails" fullname="NUnit.Framework.Assertions.WarningTests.WarningFails" classname="NUnit.Framework.Assertions.WarningTests" runstate="Runnable" testcasecount="42" result="Passed" start-time="2017-02-21 11:04:44Z" end-time="2017-02-21 11:04:44Z" duration="0.310201" total="42" passed="42" failed="0" warnings="0" inconclusive="0" skipped="0" asserts="42">
              <test-case id="0-1795" name="WarningFails(&quot;WarnUnless_Fails_Boolean&quot;,null)" fullname="NUnit.Framework.Assertions.WarningTests.WarningFails(&quot;WarnUnless_Fails_Boolean&quot;,null)" methodname="WarningFails" classname="NUnit.Framework.Assertions.WarningTests" runstate="Runnable" seed="489162183" result="Passed" start-time="2017-02-21 11:04:44Z" end-time="2017-02-21 11:04:44Z" duration="0.006223" asserts="1" />
              <test-case id="0-1796" name="WarningFails(&quot;WarnIf_Fails_Boolean&quot;,null)" fullname="NUnit.Framework.Assertions.WarningTests.WarningFails(&quot;WarnIf_Fails_Boolean&quot;,null)" methodname="WarningFails" classname="NUnit.Framework.Assertions.WarningTests" runstate="Runnable" seed="275627505" result="Passed" start-time="2017-02-21 11:04:44Z" end-time="2017-02-21 11:04:44Z" duration="0.005527" asserts="1" />
              <test-case id="0-1797" name="WarningFails(&quot;WarnUnless_Fails_BooleanWithMessage&quot;,&quot;message&quot;)" fullname="NUnit.Framework.Assertions.WarningTests.WarningFails(&quot;WarnUnless_Fails_BooleanWithMessage&quot;,&quot;message&quot;)" methodname="WarningFails" classname="NUnit.Framework.Assertions.WarningTests" runstate="Runnable" seed="381430470" result="Passed" start-time="2017-02-21 11:04:44Z" end-time="2017-02-21 11:04:44Z" duration="0.005609" asserts="1" />
              <test-case id="0-1798" name="WarningFails(&quot;WarnIf_Fails_BooleanWithMessage&quot;,&quot;message&quot;)" fullname="NUnit.Framework.Assertions.WarningTests.WarningFails(&quot;WarnIf_Fails_BooleanWithMessage&quot;,&quot;message&quot;)" methodname="WarningFails" classname="NUnit.Framework.Assertions.WarningTests" runstate="Runnable" seed="347827801" result="Passed" start-time="2017-02-21 11:04:44Z" end-time="2017-02-21 11:04:44Z" duration="0.004034" asserts="1" />
              <test-case id="0-1799" name="WarningFails(&quot;WarnUnless_Fails_BooleanWithMessageAndArgs&quot;,&quot;got 5&quot;)" fullname="NUnit.Framework.Assertions.WarningTests.WarningFails(&quot;WarnUnless_Fails_BooleanWithMessageAndArgs&quot;,&quot;got 5&quot;)" methodname="WarningFails" classname="NUnit.Framework.Assertions.WarningTests" runstate="Runnable" seed="105470675" result="Passed" start-time="2017-02-21 11:04:44Z" end-time="2017-02-21 11:04:44Z" duration="0.007283" asserts="1" />
              <test-case id="0-1800" name="WarningFails(&quot;WarnIf_Fails_BooleanWithMessageAndArgs&quot;,&quot;got 5&quot;)" fullname="NUnit.Framework.Assertions.WarningTests.WarningFails(&quot;WarnIf_Fails_BooleanWithMessageAndArgs&quot;,&quot;got 5&quot;)" methodname="WarningFails" classname="NUnit.Framework.Assertions.WarningTests" runstate="Runnable" seed="1748904925" result="Passed" start-time="2017-02-21 11:04:44Z" end-time="2017-02-21 11:04:44Z" duration="0.003638" asserts="1" />
              <test-case id="0-1801" name="WarningFails(&quot;WarnUnless_Fails_BooleanWithMessageStringFunc&quot;,&quot;got 5&quot;)" fullname="NUnit.Framework.Assertions.WarningTests.WarningFails(&quot;WarnUnless_Fails_BooleanWithMessageStringFunc&quot;,&quot;got 5&quot;)" methodname="WarningFails" classname="NUnit.Framework.Assertions.WarningTests" runstate="Runnable" seed="1593014790" result="Passed" start-time="2017-02-21 11:04:44Z" end-time="2017-02-21 11:04:44Z" duration="0.002987" asserts="1" />
              <test-case id="0-1802" name="WarningFails(&quot;WarnIf_Fails_BooleanWithMessageStringFunc&quot;,&quot;got 5&quot;)" fullname="NUnit.Framework.Assertions.WarningTests.WarningFails(&quot;WarnIf_Fails_BooleanWithMessageStringFunc&quot;,&quot;got 5&quot;)" methodname="WarningFails" classname="NUnit.Framework.Assertions.WarningTests" runstate="Runnable" seed="1389614750" result="Passed" start-time="2017-02-21 11:04:44Z" end-time="2017-02-21 11:04:44Z" duration="0.003035" asserts="1" />
              <test-case id="0-1803" name="WarningFails(&quot;WarnUnless_Fails_BooleanLambda&quot;,null)" fullname="NUnit.Framework.Assertions.WarningTests.WarningFails(&quot;WarnUnless_Fails_BooleanLambda&quot;,null)" methodname="WarningFails" classname="NUnit.Framework.Assertions.WarningTests" runstate="Runnable" seed="2087746168" result="Passed" start-time="2017-02-21 11:04:44Z" end-time="2017-02-21 11:04:44Z" duration="0.003220" asserts="1" />
              <test-case id="0-1804" name="WarningFails(&quot;WarnIf_Fails_BooleanLambda&quot;,null)" fullname="NUnit.Framework.Assertions.WarningTests.WarningFails(&quot;WarnIf_Fails_BooleanLambda&quot;,null)" methodname="WarningFails" classname="NUnit.Framework.Assertions.WarningTests" runstate="Runnable" seed="2001037927" result="Passed" start-time="2017-02-21 11:04:44Z" end-time="2017-02-21 11:04:44Z" duration="0.004566" asserts="1" />
              <test-case id="0-1805" name="WarningFails(&quot;WarnUnless_Fails_BooleanLambdaWithMessage&quot;,&quot;message&quot;)" fullname="NUnit.Framework.Assertions.WarningTests.WarningFails(&quot;WarnUnless_Fails_BooleanLambdaWithMessage&quot;,&quot;message&quot;)" methodname="WarningFails" classname="NUnit.Framework.Assertions.WarningTests" runstate="Runnable" seed="1482770674" result="Passed" start-time="2017-02-21 11:04:44Z" end-time="2017-02-21 11:04:44Z" duration="0.004039" asserts="1" />
              <test-case id="0-1806" name="WarningFails(&quot;WarnIf_Fails_BooleanLambdaWithMessage&quot;,&quot;message&quot;)" fullname="NUnit.Framework.Assertions.WarningTests.WarningFails(&quot;WarnIf_Fails_BooleanLambdaWithMessage&quot;,&quot;message&quot;)" methodname="WarningFails" classname="NUnit.Framework.Assertions.WarningTests" runstate="Runnable" seed="1048386774" result="Passed" start-time="2017-02-21 11:04:44Z" end-time="2017-02-21 11:04:44Z" duration="0.005401" asserts="1" />
              <test-case id="0-1807" name="WarningFails(&quot;WarnUnless_Fails_BooleanLambdaWithMessageAndArgs&quot;,&quot;got 5&quot;)" fullname="NUnit.Framework.Assertions.WarningTests.WarningFails(&quot;WarnUnless_Fails_BooleanLambdaWithMessageAndArgs&quot;,&quot;got 5&quot;)" methodname="WarningFails" classname="NUnit.Framework.Assertions.WarningTests" runstate="Runnable" seed="558676340" result="Passed" start-time="2017-02-21 11:04:44Z" end-time="2017-02-21 11:04:44Z" duration="0.004180" asserts="1" />
              <test-case id="0-1808" name="WarningFails(&quot;WarnIf_Fails_BooleanLambdaWithMessageAndArgs&quot;,&quot;got 5&quot;)" fullname="NUnit.Framework.Assertions.WarningTests.WarningFails(&quot;WarnIf_Fails_BooleanLambdaWithMessageAndArgs&quot;,&quot;got 5&quot;)" methodname="WarningFails" classname="NUnit.Framework.Assertions.WarningTests" runstate="Runnable" seed="379556021" result="Passed" start-time="2017-02-21 11:04:44Z" end-time="2017-02-21 11:04:44Z" duration="0.007784" asserts="1" />
              <test-case id="0-1809" name="WarningFails(&quot;WarnUnless_Fails_BooleanLambdaWithMessageStringFunc&quot;,&quot;got 5&quot;)" fullname="NUnit.Framework.Assertions.WarningTests.WarningFails(&quot;WarnUnless_Fails_BooleanLambdaWithMessageStringFunc&quot;,&quot;got 5&quot;)" methodname="WarningFails" classname="NUnit.Framework.Assertions.WarningTests" runstate="Runnable" seed="1872651997" result="Passed" start-time="2017-02-21 11:04:44Z" end-time="2017-02-21 11:04:44Z" duration="0.004748" asserts="1" />
              <test-case id="0-1810" name="WarningFails(&quot;WarnIf_Fails_BooleanLambdaWithMessageStringFunc&quot;,&quot;got 5&quot;)" fullname="NUnit.Framework.Assertions.WarningTests.WarningFails(&quot;WarnIf_Fails_BooleanLambdaWithMessageStringFunc&quot;,&quot;got 5&quot;)" methodname="WarningFails" classname="NUnit.Framework.Assertions.WarningTests" runstate="Runnable" seed="2072570372" result="Passed" start-time="2017-02-21 11:04:44Z" end-time="2017-02-21 11:04:44Z" duration="0.003371" asserts="1" />
              <test-case id="0-1811" name="WarningFails(&quot;WarnUnless_Fails_ActualAndConstraint&quot;,null)" fullname="NUnit.Framework.Assertions.WarningTests.WarningFails(&quot;WarnUnless_Fails_ActualAndConstraint&quot;,null)" methodname="WarningFails" classname="NUnit.Framework.Assertions.WarningTests" runstate="Runnable" seed="2129797961" result="Passed" start-time="2017-02-21 11:04:44Z" end-time="2017-02-21 11:04:44Z" duration="0.003828" asserts="1" />
              <test-case id="0-1812" name="WarningFails(&quot;WarnIf_Fails_ActualAndConstraint&quot;,null)" fullname="NUnit.Framework.Assertions.WarningTests.WarningFails(&quot;WarnIf_Fails_ActualAndConstraint&quot;,null)" methodname="WarningFails" classname="NUnit.Framework.Assertions.WarningTests" runstate="Runnable" seed="1615208742" result="Passed" start-time="2017-02-21 11:04:44Z" end-time="2017-02-21 11:04:44Z" duration="0.003045" asserts="1" />
              <test-case id="0-1813" name="WarningFails(&quot;WarnUnless_Fails_ActualAndConstraintWithMessage&quot;,&quot;Error&quot;)" fullname="NUnit.Framework.Assertions.WarningTests.WarningFails(&quot;WarnUnless_Fails_ActualAndConstraintWithMessage&quot;,&quot;Error&quot;)" methodname="WarningFails" classname="NUnit.Framework.Assertions.WarningTests" runstate="Runnable" seed="730912752" result="Passed" start-time="2017-02-21 11:04:44Z" end-time="2017-02-21 11:04:44Z" duration="0.002991" asserts="1" />
              <test-case id="0-1814" name="WarningFails(&quot;WarnIf_Fails_ActualAndConstraintWithMessage&quot;,&quot;Error&quot;)" fullname="NUnit.Framework.Assertions.WarningTests.WarningFails(&quot;WarnIf_Fails_ActualAndConstraintWithMessage&quot;,&quot;Error&quot;)" methodname="WarningFails" classname="NUnit.Framework.Assertions.WarningTests" runstate="Runnable" seed="1843282019" result="Passed" start-time="2017-02-21 11:04:44Z" end-time="2017-02-21 11:04:44Z" duration="0.003313" asserts="1" />
              <test-case id="0-1815" name="WarningFails(&quot;WarnUnless_Fails_ActualAndConstraintWithMessageAndArgs&quot;,&quot;Should be 5&quot;)" fullname="NUnit.Framework.Assertions.WarningTests.WarningFails(&quot;WarnUnless_Fails_ActualAndConstraintWithMessageAndArgs&quot;,&quot;Should be 5&quot;)" methodname="WarningFails" classname="NUnit.Framework.Assertions.WarningTests" runstate="Runnable" seed="161095373" result="Passed" start-time="2017-02-21 11:04:44Z" end-time="2017-02-21 11:04:44Z" duration="0.002595" asserts="1" />
              <test-case id="0-1816" name="WarningFails(&quot;WarnIf_Fails_ActualAndConstraintWithMessageAndArgs&quot;,&quot;Should be 5&quot;)" fullname="NUnit.Framework.Assertions.WarningTests.WarningFails(&quot;WarnIf_Fails_ActualAndConstraintWithMessageAndArgs&quot;,&quot;Should be 5&quot;)" methodname="WarningFails" classname="NUnit.Framework.Assertions.WarningTests" runstate="Runnable" seed="2143197048" result="Passed" start-time="2017-02-21 11:04:44Z" end-time="2017-02-21 11:04:44Z" duration="0.006228" asserts="1" />
              <test-case id="0-1817" name="WarningFails(&quot;WarnUnless_Fails_ActualAndConstraintWithMessageStringFunc&quot;,&quot;Should be 5&quot;)" fullname="NUnit.Framework.Assertions.WarningTests.WarningFails(&quot;WarnUnless_Fails_ActualAndConstraintWithMessageStringFunc&quot;,&quot;Should be 5&quot;)" methodname="WarningFails" classname="NUnit.Framework.Assertions.WarningTests" runstate="Runnable" seed="2042453737" result="Passed" start-time="2017-02-21 11:04:44Z" end-time="2017-02-21 11:04:44Z" duration="0.004914" asserts="1" />
              <test-case id="0-1818" name="WarningFails(&quot;WarnIf_Fails_ActualAndConstraintWithMessageStringFunc&quot;,&quot;Should be 5&quot;)" fullname="NUnit.Framework.Assertions.WarningTests.WarningFails(&quot;WarnIf_Fails_ActualAndConstraintWithMessageStringFunc&quot;,&quot;Should be 5&quot;)" methodname="WarningFails" classname="NUnit.Framework.Assertions.WarningTests" runstate="Runnable" seed="1882473505" result="Passed" start-time="2017-02-21 11:04:44Z" end-time="2017-02-21 11:04:44Z" duration="0.003148" asserts="1" />
              <test-case id="0-1819" name="WarningFails(&quot;WarnUnless_Fails_ActualLambdaAndConstraint&quot;,null)" fullname="NUnit.Framework.Assertions.WarningTests.WarningFails(&quot;WarnUnless_Fails_ActualLambdaAndConstraint&quot;,null)" methodname="WarningFails" classname="NUnit.Framework.Assertions.WarningTests" runstate="Runnable" seed="701206628" result="Passed" start-time="2017-02-21 11:04:44Z" end-time="2017-02-21 11:04:44Z" duration="0.002932" asserts="1" />
              <test-case id="0-1820" name="WarningFails(&quot;WarnIf_Fails_ActualLambdaAndConstraint&quot;,null)" fullname="NUnit.Framework.Assertions.WarningTests.WarningFails(&quot;WarnIf_Fails_ActualLambdaAndConstraint&quot;,null)" methodname="WarningFails" classname="NUnit.Framework.Assertions.WarningTests" runstate="Runnable" seed="322611715" result="Passed" start-time="2017-02-21 11:04:44Z" end-time="2017-02-21 11:04:44Z" duration="0.004378" asserts="1" />
              <test-case id="0-1821" name="WarningFails(&quot;WarnUnless_Fails_ActualLambdaAndConstraintWithMessage&quot;,&quot;Error&quot;)" fullname="NUnit.Framework.Assertions.WarningTests.WarningFails(&quot;WarnUnless_Fails_ActualLambdaAndConstraintWithMessage&quot;,&quot;Error&quot;)" methodname="WarningFails" classname="NUnit.Framework.Assertions.WarningTests" runstate="Runnable" seed="1766270182" result="Passed" start-time="2017-02-21 11:04:44Z" end-time="2017-02-21 11:04:44Z" duration="0.003789" asserts="1" />
              <test-case id="0-1822" name="WarningFails(&quot;WarnIf_Fails_ActualLambdaAndConstraintWithMessage&quot;,&quot;Error&quot;)" fullname="NUnit.Framework.Assertions.WarningTests.WarningFails(&quot;WarnIf_Fails_ActualLambdaAndConstraintWithMessage&quot;,&quot;Error&quot;)" methodname="WarningFails" classname="NUnit.Framework.Assertions.WarningTests" runstate="Runnable" seed="1896815693" result="Passed" start-time="2017-02-21 11:04:44Z" end-time="2017-02-21 11:04:44Z" duration="0.004642" asserts="1" />
              <test-case id="0-1823" name="WarningFails(&quot;WarnUnless_Fails_ActualLambdaAndConstraintWithMessageAndArgs&quot;,&quot;Should be 5&quot;)" fullname="NUnit.Framework.Assertions.WarningTests.WarningFails(&quot;WarnUnless_Fails_ActualLambdaAndConstraintWithMessageAndArgs&quot;,&quot;Should be 5&quot;)" methodname="WarningFails" classname="NUnit.Framework.Assertions.WarningTests" runstate="Runnable" seed="1420209437" result="Passed" start-time="2017-02-21 11:04:44Z" end-time="2017-02-21 11:04:44Z" duration="0.003283" asserts="1" />
              <test-case id="0-1824" name="WarningFails(&quot;WarnIf_Fails_ActualLambdaAndConstraintWithMessageAndArgs&quot;,&quot;Should be 5&quot;)" fullname="NUnit.Framework.Assertions.WarningTests.WarningFails(&quot;WarnIf_Fails_ActualLambdaAndConstraintWithMessageAndArgs&quot;,&quot;Should be 5&quot;)" methodname="WarningFails" classname="NUnit.Framework.Assertions.WarningTests" runstate="Runnable" seed="1438838236" result="Passed" start-time="2017-02-21 11:04:44Z" end-time="2017-02-21 11:04:44Z" duration="0.004390" asserts="1" />
              <test-case id="0-1825" name="WarningFails(&quot;WarnUnless_Fails_ActualLambdaAndConstraintWithMessageStringFunc&quot;,&quot;Should be 5&quot;)" fullname="NUnit.Framework.Assertions.WarningTests.WarningFails(&quot;WarnUnless_Fails_ActualLambdaAndConstraintWithMessageStringFunc&quot;,&quot;Should be 5&quot;)" methodname="WarningFails" classname="NUnit.Framework.Assertions.WarningTests" runstate="Runnable" seed="249765186" result="Passed" start-time="2017-02-21 11:04:44Z" end-time="2017-02-21 11:04:44Z" duration="0.005305" asserts="1" />
              <test-case id="0-1826" name="WarningFails(&quot;WarnIf_Fails_ActualLambdaAndConstraintWithMessageStringFunc&quot;,&quot;Should be 5&quot;)" fullname="NUnit.Framework.Assertions.WarningTests.WarningFails(&quot;WarnIf_Fails_ActualLambdaAndConstraintWithMessageStringFunc&quot;,&quot;Should be 5&quot;)" methodname="WarningFails" classname="NUnit.Framework.Assertions.WarningTests" runstate="Runnable" seed="2107489606" result="Passed" start-time="2017-02-21 11:04:44Z" end-time="2017-02-21 11:04:44Z" duration="0.010035" asserts="1" />
              <test-case id="0-1827" name="WarningFails(&quot;WarnUnless_Fails_DelegateAndConstraint&quot;,null)" fullname="NUnit.Framework.Assertions.WarningTests.WarningFails(&quot;WarnUnless_Fails_DelegateAndConstraint&quot;,null)" methodname="WarningFails" classname="NUnit.Framework.Assertions.WarningTests" runstate="Runnable" seed="2082876644" result="Passed" start-time="2017-02-21 11:04:44Z" end-time="2017-02-21 11:04:44Z" duration="0.005293" asserts="1" />
              <test-case id="0-1828" name="WarningFails(&quot;WarnIf_Fails_DelegateAndConstraint&quot;,null)" fullname="NUnit.Framework.Assertions.WarningTests.WarningFails(&quot;WarnIf_Fails_DelegateAndConstraint&quot;,null)" methodname="WarningFails" classname="NUnit.Framework.Assertions.WarningTests" runstate="Runnable" seed="1359345884" result="Passed" start-time="2017-02-21 11:04:44Z" end-time="2017-02-21 11:04:44Z" duration="0.005625" asserts="1" />
              <test-case id="0-1829" name="WarningFails(&quot;WarnUnless_Fails_DelegateAndConstraintWithMessage&quot;,&quot;Error&quot;)" fullname="NUnit.Framework.Assertions.WarningTests.WarningFails(&quot;WarnUnless_Fails_DelegateAndConstraintWithMessage&quot;,&quot;Error&quot;)" methodname="WarningFails" classname="NUnit.Framework.Assertions.WarningTests" runstate="Runnable" seed="2135969749" result="Passed" start-time="2017-02-21 11:04:44Z" end-time="2017-02-21 11:04:44Z" duration="0.005877" asserts="1" />
              <test-case id="0-1830" name="WarningFails(&quot;WarnIf_Fails_DelegateAndConstraintWithMessage&quot;,&quot;Error&quot;)" fullname="NUnit.Framework.Assertions.WarningTests.WarningFails(&quot;WarnIf_Fails_DelegateAndConstraintWithMessage&quot;,&quot;Error&quot;)" methodname="WarningFails" classname="NUnit.Framework.Assertions.WarningTests" runstate="Runnable" seed="76811802" result="Passed" start-time="2017-02-21 11:04:44Z" end-time="2017-02-21 11:04:44Z" duration="0.004406" asserts="1" />
              <test-case id="0-1831" name="WarningFails(&quot;WarnUnless_Fails_DelegateAndConstraintWithMessageAndArgs&quot;,&quot;Should be 4&quot;)" fullname="NUnit.Framework.Assertions.WarningTests.WarningFails(&quot;WarnUnless_Fails_DelegateAndConstraintWithMessageAndArgs&quot;,&quot;Should be 4&quot;)" methodname="WarningFails" classname="NUnit.Framework.Assertions.WarningTests" runstate="Runnable" seed="1742281263" result="Passed" start-time="2017-02-21 11:04:44Z" end-time="2017-02-21 11:04:44Z" duration="0.002985" asserts="1" />
              <test-case id="0-1832" name="WarningFails(&quot;WarnIf_Fails_DelegateAndConstraintWithMessageAndArgs&quot;,&quot;Should be 4&quot;)" fullname="NUnit.Framework.Assertions.WarningTests.WarningFails(&quot;WarnIf_Fails_DelegateAndConstraintWithMessageAndArgs&quot;,&quot;Should be 4&quot;)" methodname="WarningFails" classname="NUnit.Framework.Assertions.WarningTests" runstate="Runnable" seed="1450507451" result="Passed" start-time="2017-02-21 11:04:44Z" end-time="2017-02-21 11:04:44Z" duration="0.003352" asserts="1" />
              <test-case id="0-1833" name="WarningFails(&quot;WarnUnless_Fails_DelegateAndConstraintWithMessageStringFunc&quot;,&quot;Should be 4&quot;)" fullname="NUnit.Framework.Assertions.WarningTests.WarningFails(&quot;WarnUnless_Fails_DelegateAndConstraintWithMessageStringFunc&quot;,&quot;Should be 4&quot;)" methodname="WarningFails" classname="NUnit.Framework.Assertions.WarningTests" runstate="Runnable" seed="922616723" result="Passed" start-time="2017-02-21 11:04:44Z" end-time="2017-02-21 11:04:44Z" duration="0.004486" asserts="1" />
              <test-case id="0-1834" name="WarningFails(&quot;WarnIf_Fails_DelegateAndConstraintWithMessageStringFunc&quot;,&quot;Should be 4&quot;)" fullname="NUnit.Framework.Assertions.WarningTests.WarningFails(&quot;WarnIf_Fails_DelegateAndConstraintWithMessageStringFunc&quot;,&quot;Should be 4&quot;)" methodname="WarningFails" classname="NUnit.Framework.Assertions.WarningTests" runstate="Runnable" seed="1172265966" result="Passed" start-time="2017-02-21 11:04:44Z" end-time="2017-02-21 11:04:44Z" duration="0.002731" asserts="1" />
              <test-case id="0-1835" name="WarningFails(&quot;WarnUnless_Fails_Async&quot;,null)" fullname="NUnit.Framework.Assertions.WarningTests.WarningFails(&quot;WarnUnless_Fails_Async&quot;,null)" methodname="WarningFails" classname="NUnit.Framework.Assertions.WarningTests" runstate="Runnable" seed="1342794441" result="Passed" start-time="2017-02-21 11:04:44Z" end-time="2017-02-21 11:04:44Z" duration="0.012618" asserts="1" />
              <test-case id="0-1836" name="WarningFails(&quot;WarnIf_Fails_Async&quot;,null)" fullname="NUnit.Framework.Assertions.WarningTests.WarningFails(&quot;WarnIf_Fails_Async&quot;,null)" methodname="WarningFails" classname="NUnit.Framework.Assertions.WarningTests" runstate="Runnable" seed="1318489796" result="Passed" start-time="2017-02-21 11:04:44Z" end-time="2017-02-21 11:04:44Z" duration="0.007294" asserts="1" />
            </test-suite>
            <test-suite type="ParameterizedMethod" id="0-1794" name="WarningPasses" fullname="NUnit.Framework.Assertions.WarningTests.WarningPasses" classname="NUnit.Framework.Assertions.WarningTests" runstate="Runnable" testcasecount="42" result="Passed" start-time="2017-02-21 11:04:44Z" end-time="2017-02-21 11:04:44Z" duration="0.181399" total="42" passed="42" failed="0" warnings="0" inconclusive="0" skipped="0" asserts="42">
              <test-case id="0-1752" name="WarningPasses(&quot;WarnUnless_Passes_Boolean&quot;)" fullname="NUnit.Framework.Assertions.WarningTests.WarningPasses(&quot;WarnUnless_Passes_Boolean&quot;)" methodname="WarningPasses" classname="NUnit.Framework.Assertions.WarningTests" runstate="Runnable" seed="2114419860" result="Passed" start-time="2017-02-21 11:04:44Z" end-time="2017-02-21 11:04:44Z" duration="0.001134" asserts="1" />
              <test-case id="0-1753" name="WarningPasses(&quot;WarnIf_Passes_Boolean&quot;)" fullname="NUnit.Framework.Assertions.WarningTests.WarningPasses(&quot;WarnIf_Passes_Boolean&quot;)" methodname="WarningPasses" classname="NUnit.Framework.Assertions.WarningTests" runstate="Runnable" seed="2032980508" result="Passed" start-time="2017-02-21 11:04:44Z" end-time="2017-02-21 11:04:44Z" duration="0.003072" asserts="1" />
              <test-case id="0-1754" name="WarningPasses(&quot;WarnUnless_Passes_BooleanWithMessage&quot;)" fullname="NUnit.Framework.Assertions.WarningTests.WarningPasses(&quot;WarnUnless_Passes_BooleanWithMessage&quot;)" methodname="WarningPasses" classname="NUnit.Framework.Assertions.WarningTests" runstate="Runnable" seed="1253383859" result="Passed" start-time="2017-02-21 11:04:44Z" end-time="2017-02-21 11:04:44Z" duration="0.000830" asserts="1" />
              <test-case id="0-1755" name="WarningPasses(&quot;WarnIf_Passes_BooleanWithMessage&quot;)" fullname="NUnit.Framework.Assertions.WarningTests.WarningPasses(&quot;WarnIf_Passes_BooleanWithMessage&quot;)" methodname="WarningPasses" classname="NUnit.Framework.Assertions.WarningTests" runstate="Runnable" seed="1077091013" result="Passed" start-time="2017-02-21 11:04:44Z" end-time="2017-02-21 11:04:44Z" duration="0.000858" asserts="1" />
              <test-case id="0-1756" name="WarningPasses(&quot;WarnUnless_Passes_BooleanWithMessageAndArgs&quot;)" fullname="NUnit.Framework.Assertions.WarningTests.WarningPasses(&quot;WarnUnless_Passes_BooleanWithMessageAndArgs&quot;)" methodname="WarningPasses" classname="NUnit.Framework.Assertions.WarningTests" runstate="Runnable" seed="808942121" result="Passed" start-time="2017-02-21 11:04:44Z" end-time="2017-02-21 11:04:44Z" duration="0.000970" asserts="1" />
              <test-case id="0-1757" name="WarningPasses(&quot;WarnIf_Passes_BooleanWithMessageAndArgs&quot;)" fullname="NUnit.Framework.Assertions.WarningTests.WarningPasses(&quot;WarnIf_Passes_BooleanWithMessageAndArgs&quot;)" methodname="WarningPasses" classname="NUnit.Framework.Assertions.WarningTests" runstate="Runnable" seed="1671588695" result="Passed" start-time="2017-02-21 11:04:44Z" end-time="2017-02-21 11:04:44Z" duration="0.000984" asserts="1" />
              <test-case id="0-1758" name="WarningPasses(&quot;WarnUnless_Passes_BooleanWithMessageStringFunc&quot;)" fullname="NUnit.Framework.Assertions.WarningTests.WarningPasses(&quot;WarnUnless_Passes_BooleanWithMessageStringFunc&quot;)" methodname="WarningPasses" classname="NUnit.Framework.Assertions.WarningTests" runstate="Runnable" seed="532892551" result="Passed" start-time="2017-02-21 11:04:44Z" end-time="2017-02-21 11:04:44Z" duration="0.001219" asserts="1" />
              <test-case id="0-1759" name="WarningPasses(&quot;WarnIf_Passes_BooleanWithMessageStringFunc&quot;)" fullname="NUnit.Framework.Assertions.WarningTests.WarningPasses(&quot;WarnIf_Passes_BooleanWithMessageStringFunc&quot;)" methodname="WarningPasses" classname="NUnit.Framework.Assertions.WarningTests" runstate="Runnable" seed="1659900158" result="Passed" start-time="2017-02-21 11:04:44Z" end-time="2017-02-21 11:04:44Z" duration="0.001163" asserts="1" />
              <test-case id="0-1760" name="WarningPasses(&quot;WarnUnless_Passes_BooleanLambda&quot;)" fullname="NUnit.Framework.Assertions.WarningTests.WarningPasses(&quot;WarnUnless_Passes_BooleanLambda&quot;)" methodname="WarningPasses" classname="NUnit.Framework.Assertions.WarningTests" runstate="Runnable" seed="1897492474" result="Passed" start-time="2017-02-21 11:04:44Z" end-time="2017-02-21 11:04:44Z" duration="0.001304" asserts="1" />
              <test-case id="0-1761" name="WarningPasses(&quot;WarnIf_Passes_BooleanLambda&quot;)" fullname="NUnit.Framework.Assertions.WarningTests.WarningPasses(&quot;WarnIf_Passes_BooleanLambda&quot;)" methodname="WarningPasses" classname="NUnit.Framework.Assertions.WarningTests" runstate="Runnable" seed="849191713" result="Passed" start-time="2017-02-21 11:04:44Z" end-time="2017-02-21 11:04:44Z" duration="0.000757" asserts="1" />
              <test-case id="0-1762" name="WarningPasses(&quot;WarnUnless_Passes_BooleanLambdaWithMessage&quot;)" fullname="NUnit.Framework.Assertions.WarningTests.WarningPasses(&quot;WarnUnless_Passes_BooleanLambdaWithMessage&quot;)" methodname="WarningPasses" classname="NUnit.Framework.Assertions.WarningTests" runstate="Runnable" seed="1577757162" result="Passed" start-time="2017-02-21 11:04:44Z" end-time="2017-02-21 11:04:44Z" duration="0.000950" asserts="1" />
              <test-case id="0-1763" name="WarningPasses(&quot;WarnIf_Passes_BooleanLambdaWithMessage&quot;)" fullname="NUnit.Framework.Assertions.WarningTests.WarningPasses(&quot;WarnIf_Passes_BooleanLambdaWithMessage&quot;)" methodname="WarningPasses" classname="NUnit.Framework.Assertions.WarningTests" runstate="Runnable" seed="834036882" result="Passed" start-time="2017-02-21 11:04:44Z" end-time="2017-02-21 11:04:44Z" duration="0.000692" asserts="1" />
              <test-case id="0-1764" name="WarningPasses(&quot;WarnUnless_Passes_BooleanLambdaWithMessageAndArgs&quot;)" fullname="NUnit.Framework.Assertions.WarningTests.WarningPasses(&quot;WarnUnless_Passes_BooleanLambdaWithMessageAndArgs&quot;)" methodname="WarningPasses" classname="NUnit.Framework.Assertions.WarningTests" runstate="Runnable" seed="1687625279" result="Passed" start-time="2017-02-21 11:04:44Z" end-time="2017-02-21 11:04:44Z" duration="0.001324" asserts="1" />
              <test-case id="0-1765" name="WarningPasses(&quot;WarnIf_Passes_BooleanLambdaWithMessageAndArgs&quot;)" fullname="NUnit.Framework.Assertions.WarningTests.WarningPasses(&quot;WarnIf_Passes_BooleanLambdaWithMessageAndArgs&quot;)" methodname="WarningPasses" classname="NUnit.Framework.Assertions.WarningTests" runstate="Runnable" seed="1207650433" result="Passed" start-time="2017-02-21 11:04:44Z" end-time="2017-02-21 11:04:44Z" duration="0.001377" asserts="1" />
              <test-case id="0-1766" name="WarningPasses(&quot;WarnUnless_Passes_BooleanLambdaWithWithMessageStringFunc&quot;)" fullname="NUnit.Framework.Assertions.WarningTests.WarningPasses(&quot;WarnUnless_Passes_BooleanLambdaWithWithMessageStringFunc&quot;)" methodname="WarningPasses" classname="NUnit.Framework.Assertions.WarningTests" runstate="Runnable" seed="158052073" result="Passed" start-time="2017-02-21 11:04:44Z" end-time="2017-02-21 11:04:44Z" duration="0.001730" asserts="1" />
              <test-case id="0-1767" name="WarningPasses(&quot;WarnIf_Passes_BooleanLambdaWithWithMessageStringFunc&quot;)" fullname="NUnit.Framework.Assertions.WarningTests.WarningPasses(&quot;WarnIf_Passes_BooleanLambdaWithWithMessageStringFunc&quot;)" methodname="WarningPasses" classname="NUnit.Framework.Assertions.WarningTests" runstate="Runnable" seed="803726150" result="Passed" start-time="2017-02-21 11:04:44Z" end-time="2017-02-21 11:04:44Z" duration="0.000958" asserts="1" />
              <test-case id="0-1768" name="WarningPasses(&quot;WarnUnless_Passes_ActualAndConstraint&quot;)" fullname="NUnit.Framework.Assertions.WarningTests.WarningPasses(&quot;WarnUnless_Passes_ActualAndConstraint&quot;)" methodname="WarningPasses" classname="NUnit.Framework.Assertions.WarningTests" runstate="Runnable" seed="273798387" result="Passed" start-time="2017-02-21 11:04:44Z" end-time="2017-02-21 11:04:44Z" duration="0.001408" asserts="1" />
              <test-case id="0-1769" name="WarningPasses(&quot;WarnIf_Passes_ActualAndConstraint&quot;)" fullname="NUnit.Framework.Assertions.WarningTests.WarningPasses(&quot;WarnIf_Passes_ActualAndConstraint&quot;)" methodname="WarningPasses" classname="NUnit.Framework.Assertions.WarningTests" runstate="Runnable" seed="1223581151" result="Passed" start-time="2017-02-21 11:04:44Z" end-time="2017-02-21 11:04:44Z" duration="0.001808" asserts="1" />
              <test-case id="0-1770" name="WarningPasses(&quot;WarnUnless_Passes_ActualAndConstraintWithMessage&quot;)" fullname="NUnit.Framework.Assertions.WarningTests.WarningPasses(&quot;WarnUnless_Passes_ActualAndConstraintWithMessage&quot;)" methodname="WarningPasses" classname="NUnit.Framework.Assertions.WarningTests" runstate="Runnable" seed="315153394" result="Passed" start-time="2017-02-21 11:04:44Z" end-time="2017-02-21 11:04:44Z" duration="0.002429" asserts="1" />
              <test-case id="0-1771" name="WarningPasses(&quot;WarnIf_Passes_ActualAndConstraintWithMessage&quot;)" fullname="NUnit.Framework.Assertions.WarningTests.WarningPasses(&quot;WarnIf_Passes_ActualAndConstraintWithMessage&quot;)" methodname="WarningPasses" classname="NUnit.Framework.Assertions.WarningTests" runstate="Runnable" seed="1880946549" result="Passed" start-time="2017-02-21 11:04:44Z" end-time="2017-02-21 11:04:44Z" duration="0.001443" asserts="1" />
              <test-case id="0-1772" name="WarningPasses(&quot;WarnUnless_Passes_ActualAndConstraintWithMessageAndArgs&quot;)" fullname="NUnit.Framework.Assertions.WarningTests.WarningPasses(&quot;WarnUnless_Passes_ActualAndConstraintWithMessageAndArgs&quot;)" methodname="WarningPasses" classname="NUnit.Framework.Assertions.WarningTests" runstate="Runnable" seed="696617755" result="Passed" start-time="2017-02-21 11:04:44Z" end-time="2017-02-21 11:04:44Z" duration="0.000924" asserts="1" />
              <test-case id="0-1773" name="WarningPasses(&quot;WarnIf_Passes_ActualAndConstraintWithMessageAndArgs&quot;)" fullname="NUnit.Framework.Assertions.WarningTests.WarningPasses(&quot;WarnIf_Passes_ActualAndConstraintWithMessageAndArgs&quot;)" methodname="WarningPasses" classname="NUnit.Framework.Assertions.WarningTests" runstate="Runnable" seed="967855419" result="Passed" start-time="2017-02-21 11:04:44Z" end-time="2017-02-21 11:04:44Z" duration="0.005856" asserts="1" />
              <test-case id="0-1774" name="WarningPasses(&quot;WarnUnless_Passes_ActualAndConstraintWithMessageStringFunc&quot;)" fullname="NUnit.Framework.Assertions.WarningTests.WarningPasses(&quot;WarnUnless_Passes_ActualAndConstraintWithMessageStringFunc&quot;)" methodname="WarningPasses" classname="NUnit.Framework.Assertions.WarningTests" runstate="Runnable" seed="1065536386" result="Passed" start-time="2017-02-21 11:04:44Z" end-time="2017-02-21 11:04:44Z" duration="0.000692" asserts="1" />
              <test-case id="0-1775" name="WarningPasses(&quot;WarnIf_Passes_ActualAndConstraintWithMessageStringFunc&quot;)" fullname="NUnit.Framework.Assertions.WarningTests.WarningPasses(&quot;WarnIf_Passes_ActualAndConstraintWithMessageStringFunc&quot;)" methodname="WarningPasses" classname="NUnit.Framework.Assertions.WarningTests" runstate="Runnable" seed="940327408" result="Passed" start-time="2017-02-21 11:04:44Z" end-time="2017-02-21 11:04:44Z" duration="0.000653" asserts="1" />
              <test-case id="0-1776" name="WarningPasses(&quot;WarnUnless_Passes_ActualLambdaAndConstraint&quot;)" fullname="NUnit.Framework.Assertions.WarningTests.WarningPasses(&quot;WarnUnless_Passes_ActualLambdaAndConstraint&quot;)" methodname="WarningPasses" classname="NUnit.Framework.Assertions.WarningTests" runstate="Runnable" seed="564116187" result="Passed" start-time="2017-02-21 11:04:44Z" end-time="2017-02-21 11:04:44Z" duration="0.001044" asserts="1" />
              <test-case id="0-1777" name="WarningPasses(&quot;WarnIf_Passes_ActualLambdaAndConstraint&quot;)" fullname="NUnit.Framework.Assertions.WarningTests.WarningPasses(&quot;WarnIf_Passes_ActualLambdaAndConstraint&quot;)" methodname="WarningPasses" classname="NUnit.Framework.Assertions.WarningTests" runstate="Runnable" seed="238739706" result="Passed" start-time="2017-02-21 11:04:44Z" end-time="2017-02-21 11:04:44Z" duration="0.002761" asserts="1" />
              <test-case id="0-1778" name="WarningPasses(&quot;WarnUnless_Passes_ActualLambdaAndConstraintWithMessage&quot;)" fullname="NUnit.Framework.Assertions.WarningTests.WarningPasses(&quot;WarnUnless_Passes_ActualLambdaAndConstraintWithMessage&quot;)" methodname="WarningPasses" classname="NUnit.Framework.Assertions.WarningTests" runstate="Runnable" seed="1615975499" result="Passed" start-time="2017-02-21 11:04:44Z" end-time="2017-02-21 11:04:44Z" duration="0.003115" asserts="1" />
              <test-case id="0-1779" name="WarningPasses(&quot;WarnIf_Passes_ActualLambdaAndConstraintWithMessage&quot;)" fullname="NUnit.Framework.Assertions.WarningTests.WarningPasses(&quot;WarnIf_Passes_ActualLambdaAndConstraintWithMessage&quot;)" methodname="WarningPasses" classname="NUnit.Framework.Assertions.WarningTests" runstate="Runnable" seed="1361575345" result="Passed" start-time="2017-02-21 11:04:44Z" end-time="2017-02-21 11:04:44Z" duration="0.000980" asserts="1" />
              <test-case id="0-1780" name="WarningPasses(&quot;WarnUnless_Passes_ActualLambdaAndConstraintWithMessageAndArgs&quot;)" fullname="NUnit.Framework.Assertions.WarningTests.WarningPasses(&quot;WarnUnless_Passes_ActualLambdaAndConstraintWithMessageAndArgs&quot;)" methodname="WarningPasses" classname="NUnit.Framework.Assertions.WarningTests" runstate="Runnable" seed="1376213685" result="Passed" start-time="2017-02-21 11:04:44Z" end-time="2017-02-21 11:04:44Z" duration="0.001004" asserts="1" />
              <test-case id="0-1781" name="WarningPasses(&quot;WarnIf_Passes_ActualLambdaAndConstraintWithMessageAndArgs&quot;)" fullname="NUnit.Framework.Assertions.WarningTests.WarningPasses(&quot;WarnIf_Passes_ActualLambdaAndConstraintWithMessageAndArgs&quot;)" methodname="WarningPasses" classname="NUnit.Framework.Assertions.WarningTests" runstate="Runnable" seed="1148509000" result="Passed" start-time="2017-02-21 11:04:44Z" end-time="2017-02-21 11:04:44Z" duration="0.001756" asserts="1" />
              <test-case id="0-1782" name="WarningPasses(&quot;WarnUnless_Passes_ActualLambdaAndConstraintWithMessageStringFunc&quot;)" fullname="NUnit.Framework.Assertions.WarningTests.WarningPasses(&quot;WarnUnless_Passes_ActualLambdaAndConstraintWithMessageStringFunc&quot;)" methodname="WarningPasses" classname="NUnit.Framework.Assertions.WarningTests" runstate="Runnable" seed="265590211" result="Passed" start-time="2017-02-21 11:04:44Z" end-time="2017-02-21 11:04:44Z" duration="0.000827" asserts="1" />
              <test-case id="0-1783" name="WarningPasses(&quot;WarnIf_Passes_ActualLambdaAndConstraintWithMessageStringFunc&quot;)" fullname="NUnit.Framework.Assertions.WarningTests.WarningPasses(&quot;WarnIf_Passes_ActualLambdaAndConstraintWithMessageStringFunc&quot;)" methodname="WarningPasses" classname="NUnit.Framework.Assertions.WarningTests" runstate="Runnable" seed="1094898971" result="Passed" start-time="2017-02-21 11:04:44Z" end-time="2017-02-21 11:04:44Z" duration="0.001240" asserts="1" />
              <test-case id="0-1784" name="WarningPasses(&quot;WarnUnless_Passes_DelegateAndConstraint&quot;)" fullname="NUnit.Framework.Assertions.WarningTests.WarningPasses(&quot;WarnUnless_Passes_DelegateAndConstraint&quot;)" methodname="WarningPasses" classname="NUnit.Framework.Assertions.WarningTests" runstate="Runnable" seed="511158923" result="Passed" start-time="2017-02-21 11:04:44Z" end-time="2017-02-21 11:04:44Z" duration="0.001660" asserts="1" />
              <test-case id="0-1785" name="WarningPasses(&quot;WarnIf_Passes_DelegateAndConstraint&quot;)" fullname="NUnit.Framework.Assertions.WarningTests.WarningPasses(&quot;WarnIf_Passes_DelegateAndConstraint&quot;)" methodname="WarningPasses" classname="NUnit.Framework.Assertions.WarningTests" runstate="Runnable" seed="398530550" result="Passed" start-time="2017-02-21 11:04:44Z" end-time="2017-02-21 11:04:44Z" duration="0.001468" asserts="1" />
              <test-case id="0-1786" name="WarningPasses(&quot;WarnUnless_Passes_DelegateAndConstraintWithMessage&quot;)" fullname="NUnit.Framework.Assertions.WarningTests.WarningPasses(&quot;WarnUnless_Passes_DelegateAndConstraintWithMessage&quot;)" methodname="WarningPasses" classname="NUnit.Framework.Assertions.WarningTests" runstate="Runnable" seed="297150617" result="Passed" start-time="2017-02-21 11:04:44Z" end-time="2017-02-21 11:04:44Z" duration="0.001384" asserts="1" />
              <test-case id="0-1787" name="WarningPasses(&quot;WarnIf_Passes_DelegateAndConstraintWithMessage&quot;)" fullname="NUnit.Framework.Assertions.WarningTests.WarningPasses(&quot;WarnIf_Passes_DelegateAndConstraintWithMessage&quot;)" methodname="WarningPasses" classname="NUnit.Framework.Assertions.WarningTests" runstate="Runnable" seed="2098861084" result="Passed" start-time="2017-02-21 11:04:44Z" end-time="2017-02-21 11:04:44Z" duration="0.003091" asserts="1" />
              <test-case id="0-1788" name="WarningPasses(&quot;WarnUnless_Passes_DelegateAndConstraintWithMessageAndArgs&quot;)" fullname="NUnit.Framework.Assertions.WarningTests.WarningPasses(&quot;WarnUnless_Passes_DelegateAndConstraintWithMessageAndArgs&quot;)" methodname="WarningPasses" classname="NUnit.Framework.Assertions.WarningTests" runstate="Runnable" seed="466506003" result="Passed" start-time="2017-02-21 11:04:44Z" end-time="2017-02-21 11:04:44Z" duration="0.001478" asserts="1" />
              <test-case id="0-1789" name="WarningPasses(&quot;WarnIf_Passes_DelegateAndConstraintWithMessageAndArgs&quot;)" fullname="NUnit.Framework.Assertions.WarningTests.WarningPasses(&quot;WarnIf_Passes_DelegateAndConstraintWithMessageAndArgs&quot;)" methodname="WarningPasses" classname="NUnit.Framework.Assertions.WarningTests" runstate="Runnable" seed="413184496" result="Passed" start-time="2017-02-21 11:04:44Z" end-time="2017-02-21 11:04:44Z" duration="0.000691" asserts="1" />
              <test-case id="0-1790" name="WarningPasses(&quot;WarnUnless_Passes_DelegateAndConstraintWithMessageStringFunc&quot;)" fullname="NUnit.Framework.Assertions.WarningTests.WarningPasses(&quot;WarnUnless_Passes_DelegateAndConstraintWithMessageStringFunc&quot;)" methodname="WarningPasses" classname="NUnit.Framework.Assertions.WarningTests" runstate="Runnable" seed="1344338461" result="Passed" start-time="2017-02-21 11:04:44Z" end-time="2017-02-21 11:04:44Z" duration="0.006465" asserts="1" />
              <test-case id="0-1791" name="WarningPasses(&quot;WarnIf_Passes_DelegateAndConstraintWithMessageStringFunc&quot;)" fullname="NUnit.Framework.Assertions.WarningTests.WarningPasses(&quot;WarnIf_Passes_DelegateAndConstraintWithMessageStringFunc&quot;)" methodname="WarningPasses" classname="NUnit.Framework.Assertions.WarningTests" runstate="Runnable" seed="1624983754" result="Passed" start-time="2017-02-21 11:04:44Z" end-time="2017-02-21 11:04:44Z" duration="0.000947" asserts="1" />
              <test-case id="0-1792" name="WarningPasses(&quot;WarnUnless_Passes_Async&quot;)" fullname="NUnit.Framework.Assertions.WarningTests.WarningPasses(&quot;WarnUnless_Passes_Async&quot;)" methodname="WarningPasses" classname="NUnit.Framework.Assertions.WarningTests" runstate="Runnable" seed="1333052489" result="Passed" start-time="2017-02-21 11:04:44Z" end-time="2017-02-21 11:04:44Z" duration="0.001936" asserts="1" />
              <test-case id="0-1793" name="WarningPasses(&quot;WarnIf_Passes_Async&quot;)" fullname="NUnit.Framework.Assertions.WarningTests.WarningPasses(&quot;WarnIf_Passes_Async&quot;)" methodname="WarningPasses" classname="NUnit.Framework.Assertions.WarningTests" runstate="Runnable" seed="173336657" result="Passed" start-time="2017-02-21 11:04:44Z" end-time="2017-02-21 11:04:44Z" duration="0.002852" asserts="1" />
            </test-suite>
            <test-case id="0-1840" name="WarnUnless_Async_Error" fullname="NUnit.Framework.Assertions.WarningTests.WarnUnless_Async_Error" methodname="WarnUnless_Async_Error" classname="NUnit.Framework.Assertions.WarningTests" runstate="Runnable" seed="1569370558" result="Passed" start-time="2017-02-21 11:04:44Z" end-time="2017-02-21 11:04:44Z" duration="0.002302" asserts="2" />
          </test-suite>
          <test-suite type="TestFixture" id="0-1142" name="AssertEqualsTests" fullname="NUnit.Framework.Assertions.AssertEqualsTests" classname="NUnit.Framework.Assertions.AssertEqualsTests" runstate="Runnable" testcasecount="45" result="Passed" start-time="2017-02-21 11:05:02Z" end-time="2017-02-21 11:05:02Z" duration="0.181047" total="45" passed="45" failed="0" warnings="0" inconclusive="0" skipped="0" asserts="113">
            <properties>
              <property name="ParallelScope" value="None" />
            </properties>
            <test-case id="0-1146" name="Bug524CharIntComparison" fullname="NUnit.Framework.Assertions.AssertEqualsTests.Bug524CharIntComparison" methodname="Bug524CharIntComparison" classname="NUnit.Framework.Assertions.AssertEqualsTests" runstate="Runnable" seed="183885688" result="Passed" start-time="2017-02-21 11:05:02Z" end-time="2017-02-21 11:05:02Z" duration="0.000228" asserts="1" />
            <test-case id="0-1147" name="Bug524CharIntWithoutOverload" fullname="NUnit.Framework.Assertions.AssertEqualsTests.Bug524CharIntWithoutOverload" methodname="Bug524CharIntWithoutOverload" classname="NUnit.Framework.Assertions.AssertEqualsTests" runstate="Runnable" seed="1475601691" result="Passed" start-time="2017-02-21 11:05:02Z" end-time="2017-02-21 11:05:02Z" duration="0.000148" asserts="1" />
            <test-case id="0-1145" name="Bug575936Int32Int64Comparison" fullname="NUnit.Framework.Assertions.AssertEqualsTests.Bug575936Int32Int64Comparison" methodname="Bug575936Int32Int64Comparison" classname="NUnit.Framework.Assertions.AssertEqualsTests" runstate="Runnable" seed="1779778573" result="Passed" start-time="2017-02-21 11:05:02Z" end-time="2017-02-21 11:05:02Z" duration="0.000448" asserts="1" />
            <test-case id="0-1163" name="Byte" fullname="NUnit.Framework.Assertions.AssertEqualsTests.Byte" methodname="Byte" classname="NUnit.Framework.Assertions.AssertEqualsTests" runstate="Runnable" seed="1613406935" result="Passed" start-time="2017-02-21 11:05:02Z" end-time="2017-02-21 11:05:02Z" duration="0.000150" asserts="2" />
            <test-case id="0-1148" name="CharCharComparison" fullname="NUnit.Framework.Assertions.AssertEqualsTests.CharCharComparison" methodname="CharCharComparison" classname="NUnit.Framework.Assertions.AssertEqualsTests" runstate="Runnable" seed="1525585763" result="Passed" start-time="2017-02-21 11:05:02Z" end-time="2017-02-21 11:05:02Z" duration="0.000151" asserts="1" />
            <test-case id="0-1172" name="DateTimeEqual" fullname="NUnit.Framework.Assertions.AssertEqualsTests.DateTimeEqual" methodname="DateTimeEqual" classname="NUnit.Framework.Assertions.AssertEqualsTests" runstate="Runnable" seed="913491751" result="Passed" start-time="2017-02-21 11:05:02Z" end-time="2017-02-21 11:05:02Z" duration="0.000224" asserts="1" />
            <test-case id="0-1173" name="DateTimeNotEqual_DifferenceInHours" fullname="NUnit.Framework.Assertions.AssertEqualsTests.DateTimeNotEqual_DifferenceInHours" methodname="DateTimeNotEqual_DifferenceInHours" classname="NUnit.Framework.Assertions.AssertEqualsTests" runstate="Runnable" seed="513499511" result="Passed" start-time="2017-02-21 11:05:02Z" end-time="2017-02-21 11:05:02Z" duration="0.003015" asserts="2" />
            <test-case id="0-1174" name="DateTimeNotEqual_DifferenceInTicks" fullname="NUnit.Framework.Assertions.AssertEqualsTests.DateTimeNotEqual_DifferenceInTicks" methodname="DateTimeNotEqual_DifferenceInTicks" classname="NUnit.Framework.Assertions.AssertEqualsTests" runstate="Runnable" seed="1796075530" result="Passed" start-time="2017-02-21 11:05:02Z" end-time="2017-02-21 11:05:02Z" duration="0.004510" asserts="2" />
            <test-case id="0-1168" name="Decimal" fullname="NUnit.Framework.Assertions.AssertEqualsTests.Decimal" methodname="Decimal" classname="NUnit.Framework.Assertions.AssertEqualsTests" runstate="Runnable" seed="1480400113" result="Passed" start-time="2017-02-21 11:05:02Z" end-time="2017-02-21 11:05:02Z" duration="0.000367" asserts="6" />
            <test-case id="0-1175" name="DirectoryInfoEqual" fullname="NUnit.Framework.Assertions.AssertEqualsTests.DirectoryInfoEqual" methodname="DirectoryInfoEqual" classname="NUnit.Framework.Assertions.AssertEqualsTests" runstate="Runnable" seed="383202114" result="Passed" start-time="2017-02-21 11:05:02Z" end-time="2017-02-21 11:05:02Z" duration="0.000405" asserts="1" />
            <test-case id="0-1176" name="DirectoryInfoNotEqual" fullname="NUnit.Framework.Assertions.AssertEqualsTests.DirectoryInfoNotEqual" methodname="DirectoryInfoNotEqual" classname="NUnit.Framework.Assertions.AssertEqualsTests" runstate="Runnable" seed="5847393" result="Passed" start-time="2017-02-21 11:05:02Z" end-time="2017-02-21 11:05:02Z" duration="0.003184" asserts="1" />
            <test-case id="0-1177" name="DoubleNotEqualMessageDisplaysAllDigits" fullname="NUnit.Framework.Assertions.AssertEqualsTests.DoubleNotEqualMessageDisplaysAllDigits" methodname="DoubleNotEqualMessageDisplaysAllDigits" classname="NUnit.Framework.Assertions.AssertEqualsTests" runstate="Runnable" seed="1362793777" result="Passed" start-time="2017-02-21 11:05:02Z" end-time="2017-02-21 11:05:02Z" duration="0.002883" asserts="2" />
            <test-case id="0-1181" name="DoubleNotEqualMessageDisplaysDefaultTolerance" fullname="NUnit.Framework.Assertions.AssertEqualsTests.DoubleNotEqualMessageDisplaysDefaultTolerance" methodname="DoubleNotEqualMessageDisplaysDefaultTolerance" classname="NUnit.Framework.Assertions.AssertEqualsTests" runstate="Runnable" seed="1430903934" result="Passed" start-time="2017-02-21 11:05:02Z" end-time="2017-02-21 11:05:02Z" duration="0.002856" asserts="2" />
            <test-case id="0-1179" name="DoubleNotEqualMessageDisplaysTolerance" fullname="NUnit.Framework.Assertions.AssertEqualsTests.DoubleNotEqualMessageDisplaysTolerance" methodname="DoubleNotEqualMessageDisplaysTolerance" classname="NUnit.Framework.Assertions.AssertEqualsTests" runstate="Runnable" seed="856414000" result="Passed" start-time="2017-02-21 11:05:02Z" end-time="2017-02-21 11:05:02Z" duration="0.002968" asserts="2" />
            <test-case id="0-1182" name="DoubleNotEqualWithNanDoesNotDisplayDefaultTolerance" fullname="NUnit.Framework.Assertions.AssertEqualsTests.DoubleNotEqualWithNanDoesNotDisplayDefaultTolerance" methodname="DoubleNotEqualWithNanDoesNotDisplayDefaultTolerance" classname="NUnit.Framework.Assertions.AssertEqualsTests" runstate="Runnable" seed="1164757604" result="Passed" start-time="2017-02-21 11:05:02Z" end-time="2017-02-21 11:05:02Z" duration="0.002969" asserts="2" />
            <test-case id="0-1170" name="EnumsEqual" fullname="NUnit.Framework.Assertions.AssertEqualsTests.EnumsEqual" methodname="EnumsEqual" classname="NUnit.Framework.Assertions.AssertEqualsTests" runstate="Runnable" seed="1268435443" result="Passed" start-time="2017-02-21 11:05:02Z" end-time="2017-02-21 11:05:02Z" duration="0.000168" asserts="1" />
            <test-case id="0-1171" name="EnumsNotEqual" fullname="NUnit.Framework.Assertions.AssertEqualsTests.EnumsNotEqual" methodname="EnumsNotEqual" classname="NUnit.Framework.Assertions.AssertEqualsTests" runstate="Runnable" seed="101151877" result="Passed" start-time="2017-02-21 11:05:02Z" end-time="2017-02-21 11:05:02Z" duration="0.002998" asserts="2" />
            <test-case id="0-1143" name="Equals" fullname="NUnit.Framework.Assertions.AssertEqualsTests.Equals" methodname="Equals" classname="NUnit.Framework.Assertions.AssertEqualsTests" runstate="Runnable" seed="760674351" result="Passed" start-time="2017-02-21 11:05:02Z" end-time="2017-02-21 11:05:02Z" duration="0.000142" asserts="2" />
            <test-case id="0-1151" name="EqualsFail" fullname="NUnit.Framework.Assertions.AssertEqualsTests.EqualsFail" methodname="EqualsFail" classname="NUnit.Framework.Assertions.AssertEqualsTests" runstate="Runnable" seed="1799417305" result="Passed" start-time="2017-02-21 11:05:02Z" end-time="2017-02-21 11:05:02Z" duration="0.006637" asserts="2" />
            <test-case id="0-1185" name="EqualsFailsWhenUsed" fullname="NUnit.Framework.Assertions.AssertEqualsTests.EqualsFailsWhenUsed" methodname="EqualsFailsWhenUsed" classname="NUnit.Framework.Assertions.AssertEqualsTests" runstate="Runnable" seed="747070779" result="Passed" start-time="2017-02-21 11:05:02Z" end-time="2017-02-21 11:05:02Z" duration="0.000334" asserts="2" />
            <test-case id="0-1152" name="EqualsNaNFails" fullname="NUnit.Framework.Assertions.AssertEqualsTests.EqualsNaNFails" methodname="EqualsNaNFails" classname="NUnit.Framework.Assertions.AssertEqualsTests" runstate="Runnable" seed="1232484849" result="Passed" start-time="2017-02-21 11:05:02Z" end-time="2017-02-21 11:05:02Z" duration="0.003318" asserts="2" />
            <test-case id="0-1144" name="EqualsNull" fullname="NUnit.Framework.Assertions.AssertEqualsTests.EqualsNull" methodname="EqualsNull" classname="NUnit.Framework.Assertions.AssertEqualsTests" runstate="Runnable" seed="1851607972" result="Passed" start-time="2017-02-21 11:05:02Z" end-time="2017-02-21 11:05:02Z" duration="0.000109" asserts="1" />
            <test-case id="0-1169" name="EqualsSameTypes" fullname="NUnit.Framework.Assertions.AssertEqualsTests.EqualsSameTypes" methodname="EqualsSameTypes" classname="NUnit.Framework.Assertions.AssertEqualsTests" runstate="Runnable" seed="1852816898" result="Passed" start-time="2017-02-21 11:05:02Z" end-time="2017-02-21 11:05:02Z" duration="0.001551" asserts="37" />
            <test-case id="0-1160" name="EqualsThrowsException" fullname="NUnit.Framework.Assertions.AssertEqualsTests.EqualsThrowsException" methodname="EqualsThrowsException" classname="NUnit.Framework.Assertions.AssertEqualsTests" runstate="Runnable" seed="626823847" result="Passed" start-time="2017-02-21 11:05:02Z" end-time="2017-02-21 11:05:02Z" duration="0.000267" asserts="1" />
            <test-case id="0-1162" name="Float" fullname="NUnit.Framework.Assertions.AssertEqualsTests.Float" methodname="Float" classname="NUnit.Framework.Assertions.AssertEqualsTests" runstate="Runnable" seed="289607934" result="Passed" start-time="2017-02-21 11:05:02Z" end-time="2017-02-21 11:05:02Z" duration="0.000127" asserts="2" />
            <test-case id="0-1178" name="FloatNotEqualMessageDisplaysAllDigits" fullname="NUnit.Framework.Assertions.AssertEqualsTests.FloatNotEqualMessageDisplaysAllDigits" methodname="FloatNotEqualMessageDisplaysAllDigits" classname="NUnit.Framework.Assertions.AssertEqualsTests" runstate="Runnable" seed="787380931" result="Passed" start-time="2017-02-21 11:05:02Z" end-time="2017-02-21 11:05:02Z" duration="0.002908" asserts="2" />
            <test-case id="0-1180" name="FloatNotEqualMessageDisplaysTolerance" fullname="NUnit.Framework.Assertions.AssertEqualsTests.FloatNotEqualMessageDisplaysTolerance" methodname="FloatNotEqualMessageDisplaysTolerance" classname="NUnit.Framework.Assertions.AssertEqualsTests" runstate="Runnable" seed="1064847408" result="Passed" start-time="2017-02-21 11:05:02Z" end-time="2017-02-21 11:05:02Z" duration="0.002929" asserts="2" />
            <test-case id="0-1184" name="IEquatableSuccess_ConstraintSyntax" fullname="NUnit.Framework.Assertions.AssertEqualsTests.IEquatableSuccess_ConstraintSyntax" methodname="IEquatableSuccess_ConstraintSyntax" classname="NUnit.Framework.Assertions.AssertEqualsTests" runstate="Runnable" seed="1275013001" result="Passed" start-time="2017-02-21 11:05:02Z" end-time="2017-02-21 11:05:02Z" duration="0.000390" asserts="2" />
            <test-case id="0-1183" name="IEquatableSuccess_OldSyntax" fullname="NUnit.Framework.Assertions.AssertEqualsTests.IEquatableSuccess_OldSyntax" methodname="IEquatableSuccess_OldSyntax" classname="NUnit.Framework.Assertions.AssertEqualsTests" runstate="Runnable" seed="2117002908" result="Passed" start-time="2017-02-21 11:05:02Z" end-time="2017-02-21 11:05:02Z" duration="0.000293" asserts="2" />
            <test-case id="0-1166" name="Int" fullname="NUnit.Framework.Assertions.AssertEqualsTests.Int" methodname="Int" classname="NUnit.Framework.Assertions.AssertEqualsTests" runstate="Runnable" seed="429460676" result="Passed" start-time="2017-02-21 11:05:02Z" end-time="2017-02-21 11:05:02Z" duration="0.000171" asserts="2" />
            <test-case id="0-1150" name="IntegerEquals" fullname="NUnit.Framework.Assertions.AssertEqualsTests.IntegerEquals" methodname="IntegerEquals" classname="NUnit.Framework.Assertions.AssertEqualsTests" runstate="Runnable" seed="853598817" result="Passed" start-time="2017-02-21 11:05:02Z" end-time="2017-02-21 11:05:02Z" duration="0.000142" asserts="1" />
            <test-case id="0-1149" name="IntegerLongComparison" fullname="NUnit.Framework.Assertions.AssertEqualsTests.IntegerLongComparison" methodname="IntegerLongComparison" classname="NUnit.Framework.Assertions.AssertEqualsTests" runstate="Runnable" seed="1791896059" result="Passed" start-time="2017-02-21 11:05:02Z" end-time="2017-02-21 11:05:02Z" duration="0.000150" asserts="2" />
            <test-case id="0-1153" name="NanEqualsFails" fullname="NUnit.Framework.Assertions.AssertEqualsTests.NanEqualsFails" methodname="NanEqualsFails" classname="NUnit.Framework.Assertions.AssertEqualsTests" runstate="Runnable" seed="452111910" result="Passed" start-time="2017-02-21 11:05:02Z" end-time="2017-02-21 11:05:02Z" duration="0.003453" asserts="2" />
            <test-case id="0-1154" name="NanEqualsNaNSucceeds" fullname="NUnit.Framework.Assertions.AssertEqualsTests.NanEqualsNaNSucceeds" methodname="NanEqualsNaNSucceeds" classname="NUnit.Framework.Assertions.AssertEqualsTests" runstate="Runnable" seed="556604088" result="Passed" start-time="2017-02-21 11:05:02Z" end-time="2017-02-21 11:05:02Z" duration="0.000163" asserts="1" />
            <test-case id="0-1155" name="NegInfinityEqualsInfinity" fullname="NUnit.Framework.Assertions.AssertEqualsTests.NegInfinityEqualsInfinity" methodname="NegInfinityEqualsInfinity" classname="NUnit.Framework.Assertions.AssertEqualsTests" runstate="Runnable" seed="1544214269" result="Passed" start-time="2017-02-21 11:05:02Z" end-time="2017-02-21 11:05:02Z" duration="0.000086" asserts="1" />
            <test-case id="0-1156" name="PosInfinityEqualsInfinity" fullname="NUnit.Framework.Assertions.AssertEqualsTests.PosInfinityEqualsInfinity" methodname="PosInfinityEqualsInfinity" classname="NUnit.Framework.Assertions.AssertEqualsTests" runstate="Runnable" seed="569171012" result="Passed" start-time="2017-02-21 11:05:02Z" end-time="2017-02-21 11:05:02Z" duration="0.000119" asserts="1" />
            <test-case id="0-1157" name="PosInfinityNotEquals" fullname="NUnit.Framework.Assertions.AssertEqualsTests.PosInfinityNotEquals" methodname="PosInfinityNotEquals" classname="NUnit.Framework.Assertions.AssertEqualsTests" runstate="Runnable" seed="856291063" result="Passed" start-time="2017-02-21 11:05:02Z" end-time="2017-02-21 11:05:02Z" duration="0.003224" asserts="2" />
            <test-case id="0-1158" name="PosInfinityNotEqualsNegInfinity" fullname="NUnit.Framework.Assertions.AssertEqualsTests.PosInfinityNotEqualsNegInfinity" methodname="PosInfinityNotEqualsNegInfinity" classname="NUnit.Framework.Assertions.AssertEqualsTests" runstate="Runnable" seed="381750566" result="Passed" start-time="2017-02-21 11:05:02Z" end-time="2017-02-21 11:05:02Z" duration="0.003068" asserts="2" />
            <test-case id="0-1186" name="ReferenceEqualsFailsWhenUsed" fullname="NUnit.Framework.Assertions.AssertEqualsTests.ReferenceEqualsFailsWhenUsed" methodname="ReferenceEqualsFailsWhenUsed" classname="NUnit.Framework.Assertions.AssertEqualsTests" runstate="Runnable" seed="1229497984" result="Passed" start-time="2017-02-21 11:05:02Z" end-time="2017-02-21 11:05:02Z" duration="0.000307" asserts="2" />
            <test-case id="0-1161" name="ReferenceEqualsThrowsException" fullname="NUnit.Framework.Assertions.AssertEqualsTests.ReferenceEqualsThrowsException" methodname="ReferenceEqualsThrowsException" classname="NUnit.Framework.Assertions.AssertEqualsTests" runstate="Runnable" seed="1525983961" result="Passed" start-time="2017-02-21 11:05:02Z" end-time="2017-02-21 11:05:02Z" duration="0.000273" asserts="1" />
            <test-case id="0-1165" name="Short" fullname="NUnit.Framework.Assertions.AssertEqualsTests.Short" methodname="Short" classname="NUnit.Framework.Assertions.AssertEqualsTests" runstate="Runnable" seed="465579062" result="Passed" start-time="2017-02-21 11:05:02Z" end-time="2017-02-21 11:05:02Z" duration="0.000113" asserts="2" />
            <test-case id="0-1187" name="ShouldNotCallToStringOnClassForPassingTests" fullname="NUnit.Framework.Assertions.AssertEqualsTests.ShouldNotCallToStringOnClassForPassingTests" methodname="ShouldNotCallToStringOnClassForPassingTests" classname="NUnit.Framework.Assertions.AssertEqualsTests" runstate="Runnable" seed="1591007545" result="Passed" start-time="2017-02-21 11:05:02Z" end-time="2017-02-21 11:05:02Z" duration="0.000140" asserts="1" />
            <test-case id="0-1159" name="SinglePosInfinityNotEqualsNegInfinity" fullname="NUnit.Framework.Assertions.AssertEqualsTests.SinglePosInfinityNotEqualsNegInfinity" methodname="SinglePosInfinityNotEqualsNegInfinity" classname="NUnit.Framework.Assertions.AssertEqualsTests" runstate="Runnable" seed="500292391" result="Passed" start-time="2017-02-21 11:05:02Z" end-time="2017-02-21 11:05:02Z" duration="0.003560" asserts="2" />
            <test-case id="0-1164" name="String" fullname="NUnit.Framework.Assertions.AssertEqualsTests.String" methodname="String" classname="NUnit.Framework.Assertions.AssertEqualsTests" runstate="Runnable" seed="1703159585" result="Passed" start-time="2017-02-21 11:05:02Z" end-time="2017-02-21 11:05:02Z" duration="0.000203" asserts="2" />
            <test-case id="0-1167" name="UInt" fullname="NUnit.Framework.Assertions.AssertEqualsTests.UInt" methodname="UInt" classname="NUnit.Framework.Assertions.AssertEqualsTests" runstate="Runnable" seed="1702090406" result="Passed" start-time="2017-02-21 11:05:02Z" end-time="2017-02-21 11:05:02Z" duration="0.000161" asserts="2" />
          </test-suite>
        </test-suite>
        <test-suite type="TestSuite" id="0-5525" name="Attributes" fullname="NUnit.Framework.Attributes" runstate="Runnable" testcasecount="588" result="Passed" start-time="2017-02-21 11:04:43Z" end-time="2017-02-21 11:05:02Z" duration="19.468021" total="588" passed="578" failed="0" warnings="0" inconclusive="4" skipped="6" asserts="743">
          <test-suite type="TestFixture" id="0-1866" name="ApartmentAttributeTests+ChildFixtureRequiresSTA" fullname="NUnit.Framework.Attributes.ApartmentAttributeTests+ChildFixtureRequiresSTA" classname="NUnit.Framework.Attributes.ApartmentAttributeTests+ChildFixtureRequiresSTA" runstate="Runnable" testcasecount="2" result="Passed" start-time="2017-02-21 11:04:43Z" end-time="2017-02-21 11:04:43Z" duration="0.030914" total="2" passed="2" failed="0" warnings="0" inconclusive="0" skipped="0" asserts="2">
            <properties>
              <property name="ApartmentState" value="STA" />
            </properties>
            <test-case id="0-1867" name="RequiresSTAAttributeIsInheritable" fullname="NUnit.Framework.Attributes.ApartmentAttributeTests+ChildFixtureRequiresSTA.RequiresSTAAttributeIsInheritable" methodname="RequiresSTAAttributeIsInheritable" classname="NUnit.Framework.Attributes.ApartmentAttributeTests+ChildFixtureRequiresSTA" runstate="Runnable" seed="1994595324" result="Passed" start-time="2017-02-21 11:04:43Z" end-time="2017-02-21 11:04:43Z" duration="0.018482" asserts="1" />
            <test-case id="0-1868" name="RequiresSTACanBeSetOnTestFixture" fullname="NUnit.Framework.Attributes.ApartmentAttributeTests+ChildFixtureRequiresSTA.RequiresSTACanBeSetOnTestFixture" methodname="RequiresSTACanBeSetOnTestFixture" classname="NUnit.Framework.Attributes.ApartmentAttributeTests+FixtureRequiresSTA" runstate="Runnable" seed="612712186" result="Passed" start-time="2017-02-21 11:04:43Z" end-time="2017-02-21 11:04:43Z" duration="0.001857" asserts="1" />
          </test-suite>
          <test-suite type="TestFixture" id="0-1864" name="ApartmentAttributeTests+FixtureRequiresSTA" fullname="NUnit.Framework.Attributes.ApartmentAttributeTests+FixtureRequiresSTA" classname="NUnit.Framework.Attributes.ApartmentAttributeTests+FixtureRequiresSTA" runstate="Runnable" testcasecount="1" result="Passed" start-time="2017-02-21 11:04:43Z" end-time="2017-02-21 11:04:43Z" duration="0.002865" total="1" passed="1" failed="0" warnings="0" inconclusive="0" skipped="0" asserts="1">
            <properties>
              <property name="ApartmentState" value="STA" />
            </properties>
            <test-case id="0-1865" name="RequiresSTACanBeSetOnTestFixture" fullname="NUnit.Framework.Attributes.ApartmentAttributeTests+FixtureRequiresSTA.RequiresSTACanBeSetOnTestFixture" methodname="RequiresSTACanBeSetOnTestFixture" classname="NUnit.Framework.Attributes.ApartmentAttributeTests+FixtureRequiresSTA" runstate="Runnable" seed="479362863" result="Passed" start-time="2017-02-21 11:04:43Z" end-time="2017-02-21 11:04:43Z" duration="0.000193" asserts="1" />
          </test-suite>
          <test-suite type="TestFixture" id="0-1862" name="ApartmentAttributeTests+FixtureWithTimeoutRequiresSTA" fullname="NUnit.Framework.Attributes.ApartmentAttributeTests+FixtureWithTimeoutRequiresSTA" classname="NUnit.Framework.Attributes.ApartmentAttributeTests+FixtureWithTimeoutRequiresSTA" runstate="Runnable" testcasecount="1" result="Passed" start-time="2017-02-21 11:04:43Z" end-time="2017-02-21 11:04:43Z" duration="0.007315" total="1" passed="1" failed="0" warnings="0" inconclusive="0" skipped="0" asserts="1">
            <properties>
              <property name="Timeout" value="10000" />
              <property name="ApartmentState" value="STA" />
            </properties>
            <test-case id="0-1863" name="RequiresSTACanBeSetOnTestFixtureWithTimeout" fullname="NUnit.Framework.Attributes.ApartmentAttributeTests+FixtureWithTimeoutRequiresSTA.RequiresSTACanBeSetOnTestFixtureWithTimeout" methodname="RequiresSTACanBeSetOnTestFixtureWithTimeout" classname="NUnit.Framework.Attributes.ApartmentAttributeTests+FixtureWithTimeoutRequiresSTA" runstate="Runnable" seed="1659912149" result="Passed" start-time="2017-02-21 11:04:43Z" end-time="2017-02-21 11:04:43Z" duration="0.000295" asserts="1" />
          </test-suite>
          <test-suite type="TestFixture" id="0-2579" name="SingleThreadedFixtureRunInSTA" fullname="NUnit.Framework.Attributes.SingleThreadedFixtureRunInSTA" classname="NUnit.Framework.Attributes.SingleThreadedFixtureRunInSTA" runstate="Runnable" testcasecount="4" result="Passed" start-time="2017-02-21 11:04:43Z" end-time="2017-02-21 11:04:43Z" duration="0.016685" total="4" passed="4" failed="0" warnings="0" inconclusive="0" skipped="0" asserts="8">
            <properties>
              <property name="ApartmentState" value="STA" />
            </properties>
            <test-case id="0-2580" name="CanRunSingleThreadedFixtureInSTA" fullname="NUnit.Framework.Attributes.SingleThreadedFixtureRunInSTA.CanRunSingleThreadedFixtureInSTA" methodname="CanRunSingleThreadedFixtureInSTA" classname="NUnit.Framework.Attributes.SingleThreadedFixtureRunInSTA" runstate="Runnable" seed="802166738" result="Passed" start-time="2017-02-21 11:04:43Z" end-time="2017-02-21 11:04:43Z" duration="0.000340" asserts="2" />
            <test-suite type="ParameterizedMethod" id="0-2584" name="TestCaseDefaultsToRunningEverythingOnSameThread" fullname="NUnit.Framework.Attributes.SingleThreadedFixtureRunInSTA.TestCaseDefaultsToRunningEverythingOnSameThread" classname="NUnit.Framework.Attributes.ThreadingTests" runstate="Runnable" testcasecount="1" result="Passed" start-time="2017-02-21 11:04:43Z" end-time="2017-02-21 11:04:43Z" duration="0.003403" total="1" passed="1" failed="0" warnings="0" inconclusive="0" skipped="0" asserts="2">
              <test-case id="0-2583" name="TestCaseDefaultsToRunningEverythingOnSameThread(5)" fullname="NUnit.Framework.Attributes.SingleThreadedFixtureRunInSTA.TestCaseDefaultsToRunningEverythingOnSameThread(5)" methodname="TestCaseDefaultsToRunningEverythingOnSameThread" classname="NUnit.Framework.Attributes.ThreadingTests" runstate="Runnable" seed="110933642" result="Passed" start-time="2017-02-21 11:04:43Z" end-time="2017-02-21 11:04:43Z" duration="0.000538" asserts="2" />
            </test-suite>
            <test-case id="0-2582" name="TestDefaultsToRunningEverythingOnSameThread" fullname="NUnit.Framework.Attributes.SingleThreadedFixtureRunInSTA.TestDefaultsToRunningEverythingOnSameThread" methodname="TestDefaultsToRunningEverythingOnSameThread" classname="NUnit.Framework.Attributes.ThreadingTests" runstate="Runnable" seed="1507661288" result="Passed" start-time="2017-02-21 11:04:43Z" end-time="2017-02-21 11:04:43Z" duration="0.001537" asserts="2" />
            <test-case id="0-2581" name="TestWithSameApartmentStateIsValid" fullname="NUnit.Framework.Attributes.SingleThreadedFixtureRunInSTA.TestWithSameApartmentStateIsValid" methodname="TestWithSameApartmentStateIsValid" classname="NUnit.Framework.Attributes.SingleThreadedFixtureRunInSTA" runstate="Runnable" seed="398069408" result="Passed" start-time="2017-02-21 11:04:43Z" end-time="2017-02-21 11:04:43Z" duration="0.000577" asserts="2">
              <properties>
                <property name="ApartmentState" value="STA" />
              </properties>
            </test-case>
          </test-suite>
          <test-suite type="TestFixture" id="0-1854" name="ApartmentAttributeTests" fullname="NUnit.Framework.Attributes.ApartmentAttributeTests" classname="NUnit.Framework.Attributes.ApartmentAttributeTests" runstate="Runnable" testcasecount="6" result="Passed" start-time="2017-02-21 11:04:44Z" end-time="2017-02-21 11:04:44Z" duration="0.023226" total="6" passed="6" failed="0" warnings="0" inconclusive="0" skipped="0" asserts="9">
            <test-case id="0-1855" name="ApartmentStateUnknownThrowsException" fullname="NUnit.Framework.Attributes.ApartmentAttributeTests.ApartmentStateUnknownThrowsException" methodname="ApartmentStateUnknownThrowsException" classname="NUnit.Framework.Attributes.ApartmentAttributeTests" runstate="Runnable" seed="1139757763" result="Passed" start-time="2017-02-21 11:04:44Z" end-time="2017-02-21 11:04:44Z" duration="0.000446" asserts="1" />
            <test-suite type="ParameterizedMethod" id="0-1861" name="TestCaseDefaultsToRunningEverythingOnSameThread" fullname="NUnit.Framework.Attributes.ApartmentAttributeTests.TestCaseDefaultsToRunningEverythingOnSameThread" classname="NUnit.Framework.Attributes.ThreadingTests" runstate="Runnable" testcasecount="1" result="Passed" start-time="2017-02-21 11:04:44Z" end-time="2017-02-21 11:04:44Z" duration="0.003287" total="1" passed="1" failed="0" warnings="0" inconclusive="0" skipped="0" asserts="2">
              <test-case id="0-1860" name="TestCaseDefaultsToRunningEverythingOnSameThread(5)" fullname="NUnit.Framework.Attributes.ApartmentAttributeTests.TestCaseDefaultsToRunningEverythingOnSameThread(5)" methodname="TestCaseDefaultsToRunningEverythingOnSameThread" classname="NUnit.Framework.Attributes.ThreadingTests" runstate="Runnable" seed="1414749413" result="Passed" start-time="2017-02-21 11:04:44Z" end-time="2017-02-21 11:04:44Z" duration="0.000644" asserts="2" />
            </test-suite>
            <test-case id="0-1859" name="TestDefaultsToRunningEverythingOnSameThread" fullname="NUnit.Framework.Attributes.ApartmentAttributeTests.TestDefaultsToRunningEverythingOnSameThread" methodname="TestDefaultsToRunningEverythingOnSameThread" classname="NUnit.Framework.Attributes.ThreadingTests" runstate="Runnable" seed="1576516030" result="Passed" start-time="2017-02-21 11:04:44Z" end-time="2017-02-21 11:04:44Z" duration="0.000078" asserts="2" />
            <test-case id="0-1858" name="TestWithRequiresMTARunsInMTA" fullname="NUnit.Framework.Attributes.ApartmentAttributeTests.TestWithRequiresMTARunsInMTA" methodname="TestWithRequiresMTARunsInMTA" classname="NUnit.Framework.Attributes.ApartmentAttributeTests" runstate="Runnable" seed="94845536" result="Passed" start-time="2017-02-21 11:04:44Z" end-time="2017-02-21 11:04:44Z" duration="0.000632" asserts="2">
              <properties>
                <property name="ApartmentState" value="MTA" />
              </properties>
            </test-case>
            <test-case id="0-1856" name="TestWithRequiresSTARunsInSTA" fullname="NUnit.Framework.Attributes.ApartmentAttributeTests.TestWithRequiresSTARunsInSTA" methodname="TestWithRequiresSTARunsInSTA" classname="NUnit.Framework.Attributes.ApartmentAttributeTests" runstate="Runnable" seed="1236015304" result="Passed" start-time="2017-02-21 11:04:44Z" end-time="2017-02-21 11:04:44Z" duration="0.000558" asserts="1">
              <properties>
                <property name="ApartmentState" value="STA" />
              </properties>
            </test-case>
            <test-case id="0-1857" name="TestWithTimeoutAndSTARunsInSTA" fullname="NUnit.Framework.Attributes.ApartmentAttributeTests.TestWithTimeoutAndSTARunsInSTA" methodname="TestWithTimeoutAndSTARunsInSTA" classname="NUnit.Framework.Attributes.ApartmentAttributeTests" runstate="Runnable" seed="2098739367" result="Passed" start-time="2017-02-21 11:04:44Z" end-time="2017-02-21 11:04:44Z" duration="0.000195" asserts="1">
              <properties>
                <property name="Timeout" value="10000" />
                <property name="ApartmentState" value="STA" />
              </properties>
            </test-case>
          </test-suite>
          <test-suite type="TestFixture" id="0-1871" name="ApartmentAttributeTests+ChildFixtureRequiresMTA" fullname="NUnit.Framework.Attributes.ApartmentAttributeTests+ChildFixtureRequiresMTA" classname="NUnit.Framework.Attributes.ApartmentAttributeTests+ChildFixtureRequiresMTA" runstate="Runnable" testcasecount="2" result="Passed" start-time="2017-02-21 11:04:44Z" end-time="2017-02-21 11:04:44Z" duration="0.005636" total="2" passed="2" failed="0" warnings="0" inconclusive="0" skipped="0" asserts="2">
            <properties>
              <property name="ApartmentState" value="MTA" />
            </properties>
            <test-case id="0-1872" name="RequiresMTAAttributeIsInheritable" fullname="NUnit.Framework.Attributes.ApartmentAttributeTests+ChildFixtureRequiresMTA.RequiresMTAAttributeIsInheritable" methodname="RequiresMTAAttributeIsInheritable" classname="NUnit.Framework.Attributes.ApartmentAttributeTests+ChildFixtureRequiresMTA" runstate="Runnable" seed="922807181" result="Passed" start-time="2017-02-21 11:04:44Z" end-time="2017-02-21 11:04:44Z" duration="0.000432" asserts="1" />
            <test-case id="0-1873" name="RequiresMTACanBeSetOnTestFixture" fullname="NUnit.Framework.Attributes.ApartmentAttributeTests+ChildFixtureRequiresMTA.RequiresMTACanBeSetOnTestFixture" methodname="RequiresMTACanBeSetOnTestFixture" classname="NUnit.Framework.Attributes.ApartmentAttributeTests+FixtureRequiresMTA" runstate="Runnable" seed="1407345997" result="Passed" start-time="2017-02-21 11:04:44Z" end-time="2017-02-21 11:04:44Z" duration="0.000191" asserts="1" />
          </test-suite>
          <test-suite type="TestFixture" id="0-1869" name="ApartmentAttributeTests+FixtureRequiresMTA" fullname="NUnit.Framework.Attributes.ApartmentAttributeTests+FixtureRequiresMTA" classname="NUnit.Framework.Attributes.ApartmentAttributeTests+FixtureRequiresMTA" runstate="Runnable" testcasecount="1" result="Passed" start-time="2017-02-21 11:04:44Z" end-time="2017-02-21 11:04:44Z" duration="0.004083" total="1" passed="1" failed="0" warnings="0" inconclusive="0" skipped="0" asserts="1">
            <properties>
              <property name="ApartmentState" value="MTA" />
            </properties>
            <test-case id="0-1870" name="RequiresMTACanBeSetOnTestFixture" fullname="NUnit.Framework.Attributes.ApartmentAttributeTests+FixtureRequiresMTA.RequiresMTACanBeSetOnTestFixture" methodname="RequiresMTACanBeSetOnTestFixture" classname="NUnit.Framework.Attributes.ApartmentAttributeTests+FixtureRequiresMTA" runstate="Runnable" seed="44993617" result="Passed" start-time="2017-02-21 11:04:44Z" end-time="2017-02-21 11:04:44Z" duration="0.000360" asserts="1" />
          </test-suite>
          <test-suite type="TestFixture" id="0-1874" name="ApplyToContextTests" fullname="NUnit.Framework.Attributes.ApplyToContextTests" classname="NUnit.Framework.Attributes.ApplyToContextTests" runstate="Runnable" testcasecount="5" result="Passed" start-time="2017-02-21 11:04:44Z" end-time="2017-02-21 11:04:44Z" duration="0.021480" total="5" passed="5" failed="0" warnings="0" inconclusive="0" skipped="0" asserts="5">
            <test-case id="0-1875" name="ParallelizableAttribute" fullname="NUnit.Framework.Attributes.ApplyToContextTests.ParallelizableAttribute" methodname="ParallelizableAttribute" classname="NUnit.Framework.Attributes.ApplyToContextTests" runstate="Runnable" seed="381440695" result="Passed" start-time="2017-02-21 11:04:44Z" end-time="2017-02-21 11:04:44Z" duration="0.000992" asserts="1" />
            <test-case id="0-1877" name="SetCultureAttribute" fullname="NUnit.Framework.Attributes.ApplyToContextTests.SetCultureAttribute" methodname="SetCultureAttribute" classname="NUnit.Framework.Attributes.ApplyToContextTests" runstate="Runnable" seed="1692149541" result="Passed" start-time="2017-02-21 11:04:44Z" end-time="2017-02-21 11:04:44Z" duration="0.001069" asserts="1" />
            <test-case id="0-1878" name="SetUICultureAttribute" fullname="NUnit.Framework.Attributes.ApplyToContextTests.SetUICultureAttribute" methodname="SetUICultureAttribute" classname="NUnit.Framework.Attributes.ApplyToContextTests" runstate="Runnable" seed="1807329405" result="Passed" start-time="2017-02-21 11:04:44Z" end-time="2017-02-21 11:04:44Z" duration="0.000732" asserts="1" />
            <test-case id="0-1876" name="SingleThreadedAttribute" fullname="NUnit.Framework.Attributes.ApplyToContextTests.SingleThreadedAttribute" methodname="SingleThreadedAttribute" classname="NUnit.Framework.Attributes.ApplyToContextTests" runstate="Runnable" seed="1251809562" result="Passed" start-time="2017-02-21 11:04:44Z" end-time="2017-02-21 11:04:44Z" duration="0.000808" asserts="1" />
            <test-case id="0-1879" name="TimeoutAttribute" fullname="NUnit.Framework.Attributes.ApplyToContextTests.TimeoutAttribute" methodname="TimeoutAttribute" classname="NUnit.Framework.Attributes.ApplyToContextTests" runstate="Runnable" seed="375915743" result="Passed" start-time="2017-02-21 11:04:44Z" end-time="2017-02-21 11:04:44Z" duration="0.000352" asserts="1" />
          </test-suite>
          <test-suite type="TestFixture" id="0-1930" name="AttributeInheritanceTests" fullname="NUnit.Framework.Attributes.AttributeInheritanceTests" classname="NUnit.Framework.Attributes.AttributeInheritanceTests" runstate="Runnable" testcasecount="2" result="Passed" start-time="2017-02-21 11:04:44Z" end-time="2017-02-21 11:04:44Z" duration="0.009295" total="2" passed="2" failed="0" warnings="0" inconclusive="0" skipped="0" asserts="2">
            <test-case id="0-1931" name="InheritedFixtureAttributeIsRecognized" fullname="NUnit.Framework.Attributes.AttributeInheritanceTests.InheritedFixtureAttributeIsRecognized" methodname="InheritedFixtureAttributeIsRecognized" classname="NUnit.Framework.Attributes.AttributeInheritanceTests" runstate="Runnable" seed="362042311" result="Passed" start-time="2017-02-21 11:04:44Z" end-time="2017-02-21 11:04:44Z" duration="0.002031" asserts="1" />
            <test-case id="0-1932" name="InheritedTestAttributeIsRecognized" fullname="NUnit.Framework.Attributes.AttributeInheritanceTests.InheritedTestAttributeIsRecognized" methodname="InheritedTestAttributeIsRecognized" classname="NUnit.Framework.Attributes.AttributeInheritanceTests" runstate="Runnable" seed="1965540726" result="Passed" start-time="2017-02-21 11:04:44Z" end-time="2017-02-21 11:04:44Z" duration="0.000576" asserts="1" />
          </test-suite>
          <test-suite type="TestFixture" id="0-1941" name="CategoryAttributeTests" fullname="NUnit.Framework.Attributes.CategoryAttributeTests" classname="NUnit.Framework.Attributes.CategoryAttributeTests" runstate="Runnable" testcasecount="6" result="Passed" start-time="2017-02-21 11:04:44Z" end-time="2017-02-21 11:04:44Z" duration="0.022853" total="6" passed="6" failed="0" warnings="0" inconclusive="0" skipped="0" asserts="9">
            <test-case id="0-1944" name="CanDeriveFromCategoryAttribute" fullname="NUnit.Framework.Attributes.CategoryAttributeTests.CanDeriveFromCategoryAttribute" methodname="CanDeriveFromCategoryAttribute" classname="NUnit.Framework.Attributes.CategoryAttributeTests" runstate="Runnable" seed="903710100" result="Passed" start-time="2017-02-21 11:04:44Z" end-time="2017-02-21 11:04:44Z" duration="0.002255" asserts="1" />
            <test-case id="0-1946" name="CanSpecifyOnMethodAndTestCase" fullname="NUnit.Framework.Attributes.CategoryAttributeTests.CanSpecifyOnMethodAndTestCase" methodname="CanSpecifyOnMethodAndTestCase" classname="NUnit.Framework.Attributes.CategoryAttributeTests" runstate="Runnable" seed="912070513" result="Passed" start-time="2017-02-21 11:04:44Z" end-time="2017-02-21 11:04:44Z" duration="0.001272" asserts="4" />
            <test-case id="0-1942" name="CategoryOnFixture" fullname="NUnit.Framework.Attributes.CategoryAttributeTests.CategoryOnFixture" methodname="CategoryOnFixture" classname="NUnit.Framework.Attributes.CategoryAttributeTests" runstate="Runnable" seed="1109024301" result="Passed" start-time="2017-02-21 11:04:44Z" end-time="2017-02-21 11:04:44Z" duration="0.000723" asserts="1" />
            <test-case id="0-1943" name="CategoryOnTestMethod" fullname="NUnit.Framework.Attributes.CategoryAttributeTests.CategoryOnTestMethod" methodname="CategoryOnTestMethod" classname="NUnit.Framework.Attributes.CategoryAttributeTests" runstate="Runnable" seed="101481258" result="Passed" start-time="2017-02-21 11:04:44Z" end-time="2017-02-21 11:04:44Z" duration="0.000740" asserts="1" />
            <test-case id="0-1945" name="DerivedCategoryMayBeInherited" fullname="NUnit.Framework.Attributes.CategoryAttributeTests.DerivedCategoryMayBeInherited" methodname="DerivedCategoryMayBeInherited" classname="NUnit.Framework.Attributes.CategoryAttributeTests" runstate="Runnable" seed="1668423387" result="Passed" start-time="2017-02-21 11:04:44Z" end-time="2017-02-21 11:04:44Z" duration="0.000855" asserts="1" />
            <test-case id="0-1947" name="TestWithInvalidCategoryNameIsNotRunnable" fullname="NUnit.Framework.Attributes.CategoryAttributeTests.TestWithInvalidCategoryNameIsNotRunnable" methodname="TestWithInvalidCategoryNameIsNotRunnable" classname="NUnit.Framework.Attributes.CategoryAttributeTests" runstate="Runnable" seed="2140358347" result="Passed" start-time="2017-02-21 11:04:44Z" end-time="2017-02-21 11:04:44Z" duration="0.002334" asserts="1" />
          </test-suite>
          <test-suite type="TestFixture" id="0-2075" name="ChangesMadeInFixtureSetUp" fullname="NUnit.Framework.Attributes.ChangesMadeInFixtureSetUp" classname="NUnit.Framework.Attributes.ChangesMadeInFixtureSetUp" runstate="Runnable" testcasecount="2" result="Passed" start-time="2017-02-21 11:04:44Z" end-time="2017-02-21 11:04:44Z" duration="0.005792" total="2" passed="2" failed="0" warnings="0" inconclusive="0" skipped="0" asserts="6">
            <test-case id="0-2076" name="TestThatChangesPersistUsingSameThread" fullname="NUnit.Framework.Attributes.ChangesMadeInFixtureSetUp.TestThatChangesPersistUsingSameThread" methodname="TestThatChangesPersistUsingSameThread" classname="NUnit.Framework.Attributes.ChangesMadeInFixtureSetUp" runstate="Runnable" seed="223960764" result="Passed" start-time="2017-02-21 11:04:44Z" end-time="2017-02-21 11:04:44Z" duration="0.000182" asserts="3" />
            <test-case id="0-2077" name="TestThatChangesPersistUsingSeparateThread" fullname="NUnit.Framework.Attributes.ChangesMadeInFixtureSetUp.TestThatChangesPersistUsingSeparateThread" methodname="TestThatChangesPersistUsingSeparateThread" classname="NUnit.Framework.Attributes.ChangesMadeInFixtureSetUp" runstate="Runnable" seed="1927876235" result="Passed" start-time="2017-02-21 11:04:44Z" end-time="2017-02-21 11:04:44Z" duration="0.000166" asserts="3">
              <properties>
                <property name="RequiresThread" value="True" />
              </properties>
            </test-case>
          </test-suite>
          <test-suite type="TestFixture" id="0-1880" name="ApplyToTestTests" fullname="NUnit.Framework.Attributes.ApplyToTestTests" classname="NUnit.Framework.Attributes.ApplyToTestTests" runstate="Runnable" testcasecount="48" result="Passed" start-time="2017-02-21 11:04:44Z" end-time="2017-02-21 11:04:44Z" duration="0.154991" total="48" passed="48" failed="0" warnings="0" inconclusive="0" skipped="0" asserts="55">
            <test-case id="0-1881" name="CategoryAttributeSetsCategory" fullname="NUnit.Framework.Attributes.ApplyToTestTests.CategoryAttributeSetsCategory" methodname="CategoryAttributeSetsCategory" classname="NUnit.Framework.Attributes.ApplyToTestTests" runstate="Runnable" seed="1685030896" result="Passed" start-time="2017-02-21 11:04:44Z" end-time="2017-02-21 11:04:44Z" duration="0.000995" asserts="1" />
            <test-case id="0-1882" name="CategoryAttributeSetsCategoryOnNonRunnableTest" fullname="NUnit.Framework.Attributes.ApplyToTestTests.CategoryAttributeSetsCategoryOnNonRunnableTest" methodname="CategoryAttributeSetsCategoryOnNonRunnableTest" classname="NUnit.Framework.Attributes.ApplyToTestTests" runstate="Runnable" seed="1561832735" result="Passed" start-time="2017-02-21 11:04:44Z" end-time="2017-02-21 11:04:44Z" duration="0.000266" asserts="1" />
            <test-case id="0-1883" name="CategoryAttributeSetsMultipleCategories" fullname="NUnit.Framework.Attributes.ApplyToTestTests.CategoryAttributeSetsMultipleCategories" methodname="CategoryAttributeSetsMultipleCategories" classname="NUnit.Framework.Attributes.ApplyToTestTests" runstate="Runnable" seed="1042881579" result="Passed" start-time="2017-02-21 11:04:44Z" end-time="2017-02-21 11:04:44Z" duration="0.000324" asserts="1" />
            <test-case id="0-1904" name="CombinatorialAttributeSetsJoinType" fullname="NUnit.Framework.Attributes.ApplyToTestTests.CombinatorialAttributeSetsJoinType" methodname="CombinatorialAttributeSetsJoinType" classname="NUnit.Framework.Attributes.ApplyToTestTests" runstate="Runnable" seed="1091959294" result="Passed" start-time="2017-02-21 11:04:44Z" end-time="2017-02-21 11:04:44Z" duration="0.000201" asserts="1" />
            <test-case id="0-1905" name="CombinatorialAttributeSetsJoinTypeOnNonRunnableTest" fullname="NUnit.Framework.Attributes.ApplyToTestTests.CombinatorialAttributeSetsJoinTypeOnNonRunnableTest" methodname="CombinatorialAttributeSetsJoinTypeOnNonRunnableTest" classname="NUnit.Framework.Attributes.ApplyToTestTests" runstate="Runnable" seed="415808547" result="Passed" start-time="2017-02-21 11:04:44Z" end-time="2017-02-21 11:04:44Z" duration="0.000228" asserts="1" />
            <test-case id="0-1907" name="CultureAttributeDoesNotAffectNonRunnableTest" fullname="NUnit.Framework.Attributes.ApplyToTestTests.CultureAttributeDoesNotAffectNonRunnableTest" methodname="CultureAttributeDoesNotAffectNonRunnableTest" classname="NUnit.Framework.Attributes.ApplyToTestTests" runstate="Runnable" seed="2133741914" result="Passed" start-time="2017-02-21 11:04:44Z" end-time="2017-02-21 11:04:44Z" duration="0.001337" asserts="1" />
            <test-case id="0-1908" name="CultureAttributeExcludingCurrentCultureSkipsTest" fullname="NUnit.Framework.Attributes.ApplyToTestTests.CultureAttributeExcludingCurrentCultureSkipsTest" methodname="CultureAttributeExcludingCurrentCultureSkipsTest" classname="NUnit.Framework.Attributes.ApplyToTestTests" runstate="Runnable" seed="1532473338" result="Passed" start-time="2017-02-21 11:04:44Z" end-time="2017-02-21 11:04:44Z" duration="0.000621" asserts="2" />
            <test-case id="0-1910" name="CultureAttributeExcludingOtherCultureRunsTest" fullname="NUnit.Framework.Attributes.ApplyToTestTests.CultureAttributeExcludingOtherCultureRunsTest" methodname="CultureAttributeExcludingOtherCultureRunsTest" classname="NUnit.Framework.Attributes.ApplyToTestTests" runstate="Runnable" seed="806300931" result="Passed" start-time="2017-02-21 11:04:44Z" end-time="2017-02-21 11:04:44Z" duration="0.000317" asserts="1" />
            <test-case id="0-1906" name="CultureAttributeIncludingCurrentCultureRunsTest" fullname="NUnit.Framework.Attributes.ApplyToTestTests.CultureAttributeIncludingCurrentCultureRunsTest" methodname="CultureAttributeIncludingCurrentCultureRunsTest" classname="NUnit.Framework.Attributes.ApplyToTestTests" runstate="Runnable" seed="1141542975" result="Passed" start-time="2017-02-21 11:04:44Z" end-time="2017-02-21 11:04:44Z" duration="0.000230" asserts="1" />
            <test-case id="0-1909" name="CultureAttributeIncludingOtherCultureSkipsTest" fullname="NUnit.Framework.Attributes.ApplyToTestTests.CultureAttributeIncludingOtherCultureSkipsTest" methodname="CultureAttributeIncludingOtherCultureSkipsTest" classname="NUnit.Framework.Attributes.ApplyToTestTests" runstate="Runnable" seed="30102785" result="Passed" start-time="2017-02-21 11:04:44Z" end-time="2017-02-21 11:04:44Z" duration="0.000250" asserts="2" />
            <test-case id="0-1911" name="CultureAttributeWithMultipleCulturesIncluded" fullname="NUnit.Framework.Attributes.ApplyToTestTests.CultureAttributeWithMultipleCulturesIncluded" methodname="CultureAttributeWithMultipleCulturesIncluded" classname="NUnit.Framework.Attributes.ApplyToTestTests" runstate="Runnable" seed="425842090" result="Passed" start-time="2017-02-21 11:04:44Z" end-time="2017-02-21 11:04:44Z" duration="0.000369" asserts="1" />
            <test-case id="0-1884" name="DescriptionAttributeSetsDescription" fullname="NUnit.Framework.Attributes.ApplyToTestTests.DescriptionAttributeSetsDescription" methodname="DescriptionAttributeSetsDescription" classname="NUnit.Framework.Attributes.ApplyToTestTests" runstate="Runnable" seed="1605458459" result="Passed" start-time="2017-02-21 11:04:44Z" end-time="2017-02-21 11:04:44Z" duration="0.000237" asserts="1" />
            <test-case id="0-1885" name="DescriptionAttributeSetsDescriptionOnNonRunnableTest" fullname="NUnit.Framework.Attributes.ApplyToTestTests.DescriptionAttributeSetsDescriptionOnNonRunnableTest" methodname="DescriptionAttributeSetsDescriptionOnNonRunnableTest" classname="NUnit.Framework.Attributes.ApplyToTestTests" runstate="Runnable" seed="1420112442" result="Passed" start-time="2017-02-21 11:04:44Z" end-time="2017-02-21 11:04:44Z" duration="0.000225" asserts="1" />
            <test-case id="0-1902" name="ExplicitAttributeDoesNotAffectNonRunnableTest" fullname="NUnit.Framework.Attributes.ApplyToTestTests.ExplicitAttributeDoesNotAffectNonRunnableTest" methodname="ExplicitAttributeDoesNotAffectNonRunnableTest" classname="NUnit.Framework.Attributes.ApplyToTestTests" runstate="Runnable" seed="611775110" result="Passed" start-time="2017-02-21 11:04:44Z" end-time="2017-02-21 11:04:44Z" duration="0.000304" asserts="2" />
            <test-case id="0-1900" name="ExplicitAttributeMakesTestExplicit" fullname="NUnit.Framework.Attributes.ApplyToTestTests.ExplicitAttributeMakesTestExplicit" methodname="ExplicitAttributeMakesTestExplicit" classname="NUnit.Framework.Attributes.ApplyToTestTests" runstate="Runnable" seed="1825560058" result="Passed" start-time="2017-02-21 11:04:44Z" end-time="2017-02-21 11:04:44Z" duration="0.000188" asserts="1" />
            <test-case id="0-1901" name="ExplicitAttributeSetsIgnoreReason" fullname="NUnit.Framework.Attributes.ApplyToTestTests.ExplicitAttributeSetsIgnoreReason" methodname="ExplicitAttributeSetsIgnoreReason" classname="NUnit.Framework.Attributes.ApplyToTestTests" runstate="Runnable" seed="858803106" result="Passed" start-time="2017-02-21 11:04:44Z" end-time="2017-02-21 11:04:44Z" duration="0.000266" asserts="2" />
            <test-case id="0-1903" name="ExplicitAttributeWithIgnoreIgnoresTest" fullname="NUnit.Framework.Attributes.ApplyToTestTests.ExplicitAttributeWithIgnoreIgnoresTest" methodname="ExplicitAttributeWithIgnoreIgnoresTest" classname="NUnit.Framework.Attributes.ApplyToTestTests" runstate="Runnable" seed="1410655307" result="Passed" start-time="2017-02-21 11:04:44Z" end-time="2017-02-21 11:04:44Z" duration="0.000322" asserts="1" />
            <test-case id="0-1888" name="IgnoreAttributeDoesNotAffectNonRunnableTest" fullname="NUnit.Framework.Attributes.ApplyToTestTests.IgnoreAttributeDoesNotAffectNonRunnableTest" methodname="IgnoreAttributeDoesNotAffectNonRunnableTest" classname="NUnit.Framework.Attributes.ApplyToTestTests" runstate="Runnable" seed="2064724725" result="Passed" start-time="2017-02-21 11:04:44Z" end-time="2017-02-21 11:04:44Z" duration="0.000302" asserts="2" />
            <test-case id="0-1886" name="IgnoreAttributeIgnoresTest" fullname="NUnit.Framework.Attributes.ApplyToTestTests.IgnoreAttributeIgnoresTest" methodname="IgnoreAttributeIgnoresTest" classname="NUnit.Framework.Attributes.ApplyToTestTests" runstate="Runnable" seed="1649046524" result="Passed" start-time="2017-02-21 11:04:44Z" end-time="2017-02-21 11:04:44Z" duration="0.000327" asserts="1" />
            <test-case id="0-1889" name="IgnoreAttributeIgnoresTestUntilDateSpecified" fullname="NUnit.Framework.Attributes.ApplyToTestTests.IgnoreAttributeIgnoresTestUntilDateSpecified" methodname="IgnoreAttributeIgnoresTestUntilDateSpecified" classname="NUnit.Framework.Attributes.ApplyToTestTests" runstate="Runnable" seed="1885837729" result="Passed" start-time="2017-02-21 11:04:44Z" end-time="2017-02-21 11:04:44Z" duration="0.000936" asserts="1" />
            <test-case id="0-1890" name="IgnoreAttributeIgnoresTestUntilDateTimeSpecified" fullname="NUnit.Framework.Attributes.ApplyToTestTests.IgnoreAttributeIgnoresTestUntilDateTimeSpecified" methodname="IgnoreAttributeIgnoresTestUntilDateTimeSpecified" classname="NUnit.Framework.Attributes.ApplyToTestTests" runstate="Runnable" seed="2096347174" result="Passed" start-time="2017-02-21 11:04:44Z" end-time="2017-02-21 11:04:44Z" duration="0.000739" asserts="1" />
            <test-case id="0-1891" name="IgnoreAttributeMarksTestAsRunnableAfterUntilDatePasses" fullname="NUnit.Framework.Attributes.ApplyToTestTests.IgnoreAttributeMarksTestAsRunnableAfterUntilDatePasses" methodname="IgnoreAttributeMarksTestAsRunnableAfterUntilDatePasses" classname="NUnit.Framework.Attributes.ApplyToTestTests" runstate="Runnable" seed="1255910609" result="Passed" start-time="2017-02-21 11:04:44Z" end-time="2017-02-21 11:04:44Z" duration="0.000193" asserts="1" />
            <test-case id="0-1887" name="IgnoreAttributeSetsIgnoreReason" fullname="NUnit.Framework.Attributes.ApplyToTestTests.IgnoreAttributeSetsIgnoreReason" methodname="IgnoreAttributeSetsIgnoreReason" classname="NUnit.Framework.Attributes.ApplyToTestTests" runstate="Runnable" seed="1410538346" result="Passed" start-time="2017-02-21 11:04:44Z" end-time="2017-02-21 11:04:44Z" duration="0.000212" asserts="2" />
            <test-suite type="ParameterizedMethod" id="0-1895" name="IgnoreAttributeUntilSetsTheReason" fullname="NUnit.Framework.Attributes.ApplyToTestTests.IgnoreAttributeUntilSetsTheReason" classname="NUnit.Framework.Attributes.ApplyToTestTests" runstate="Runnable" testcasecount="3" result="Passed" start-time="2017-02-21 11:04:44Z" end-time="2017-02-21 11:04:44Z" duration="0.010768" total="3" passed="3" failed="0" warnings="0" inconclusive="0" skipped="0" asserts="3">
              <test-case id="0-1892" name="IgnoreAttributeUntilSetsTheReason(&quot;4242-01-01&quot;)" fullname="NUnit.Framework.Attributes.ApplyToTestTests.IgnoreAttributeUntilSetsTheReason(&quot;4242-01-01&quot;)" methodname="IgnoreAttributeUntilSetsTheReason" classname="NUnit.Framework.Attributes.ApplyToTestTests" runstate="Runnable" seed="921363457" result="Passed" start-time="2017-02-21 11:04:44Z" end-time="2017-02-21 11:04:44Z" duration="0.000675" asserts="1" />
              <test-case id="0-1893" name="IgnoreAttributeUntilSetsTheReason(&quot;4242-01-01 00:00:00Z&quot;)" fullname="NUnit.Framework.Attributes.ApplyToTestTests.IgnoreAttributeUntilSetsTheReason(&quot;4242-01-01 00:00:00Z&quot;)" methodname="IgnoreAttributeUntilSetsTheReason" classname="NUnit.Framework.Attributes.ApplyToTestTests" runstate="Runnable" seed="313610403" result="Passed" start-time="2017-02-21 11:04:44Z" end-time="2017-02-21 11:04:44Z" duration="0.000062" asserts="1" />
              <test-case id="0-1894" name="IgnoreAttributeUntilSetsTheReason(&quot;4242-01-01 00:00:00&quot;)" fullname="NUnit.Framework.Attributes.ApplyToTestTests.IgnoreAttributeUntilSetsTheReason(&quot;4242-01-01 00:00:00&quot;)" methodname="IgnoreAttributeUntilSetsTheReason" classname="NUnit.Framework.Attributes.ApplyToTestTests" runstate="Runnable" seed="1761466492" result="Passed" start-time="2017-02-21 11:04:44Z" end-time="2017-02-21 11:04:44Z" duration="0.000066" asserts="1" />
            </test-suite>
            <test-case id="0-1899" name="IgnoreAttributeWithExplicitIgnoresTest" fullname="NUnit.Framework.Attributes.ApplyToTestTests.IgnoreAttributeWithExplicitIgnoresTest" methodname="IgnoreAttributeWithExplicitIgnoresTest" classname="NUnit.Framework.Attributes.ApplyToTestTests" runstate="Runnable" seed="1961319933" result="Passed" start-time="2017-02-21 11:04:44Z" end-time="2017-02-21 11:04:44Z" duration="0.000271" asserts="1" />
            <test-case id="0-1896" name="IgnoreAttributeWithInvalidDateThrowsException" fullname="NUnit.Framework.Attributes.ApplyToTestTests.IgnoreAttributeWithInvalidDateThrowsException" methodname="IgnoreAttributeWithInvalidDateThrowsException" classname="NUnit.Framework.Attributes.ApplyToTestTests" runstate="Runnable" seed="880636786" result="Passed" start-time="2017-02-21 11:04:44Z" end-time="2017-02-21 11:04:44Z" duration="0.001377" asserts="1" />
            <test-case id="0-1897" name="IgnoreAttributeWithUntilAddsIgnoreUntilDateProperty" fullname="NUnit.Framework.Attributes.ApplyToTestTests.IgnoreAttributeWithUntilAddsIgnoreUntilDateProperty" methodname="IgnoreAttributeWithUntilAddsIgnoreUntilDateProperty" classname="NUnit.Framework.Attributes.ApplyToTestTests" runstate="Runnable" seed="1762533845" result="Passed" start-time="2017-02-21 11:04:44Z" end-time="2017-02-21 11:04:44Z" duration="0.000305" asserts="1" />
            <test-case id="0-1898" name="IgnoreAttributeWithUntilAddsIgnoreUntilDatePropertyPastUntilDate" fullname="NUnit.Framework.Attributes.ApplyToTestTests.IgnoreAttributeWithUntilAddsIgnoreUntilDatePropertyPastUntilDate" methodname="IgnoreAttributeWithUntilAddsIgnoreUntilDatePropertyPastUntilDate" classname="NUnit.Framework.Attributes.ApplyToTestTests" runstate="Runnable" seed="1166747916" result="Passed" start-time="2017-02-21 11:04:44Z" end-time="2017-02-21 11:04:44Z" duration="0.000675" asserts="1" />
            <test-case id="0-1912" name="MaxTimeAttributeSetsMaxTime" fullname="NUnit.Framework.Attributes.ApplyToTestTests.MaxTimeAttributeSetsMaxTime" methodname="MaxTimeAttributeSetsMaxTime" classname="NUnit.Framework.Attributes.ApplyToTestTests" runstate="Runnable" seed="380375395" result="Passed" start-time="2017-02-21 11:04:44Z" end-time="2017-02-21 11:04:44Z" duration="0.000287" asserts="1" />
            <test-case id="0-1913" name="MaxTimeAttributeSetsMaxTimeOnNonRunnableTest" fullname="NUnit.Framework.Attributes.ApplyToTestTests.MaxTimeAttributeSetsMaxTimeOnNonRunnableTest" methodname="MaxTimeAttributeSetsMaxTimeOnNonRunnableTest" classname="NUnit.Framework.Attributes.ApplyToTestTests" runstate="Runnable" seed="1538175805" result="Passed" start-time="2017-02-21 11:04:44Z" end-time="2017-02-21 11:04:44Z" duration="0.000374" asserts="1" />
            <test-case id="0-1914" name="PairwiseAttributeSetsJoinType" fullname="NUnit.Framework.Attributes.ApplyToTestTests.PairwiseAttributeSetsJoinType" methodname="PairwiseAttributeSetsJoinType" classname="NUnit.Framework.Attributes.ApplyToTestTests" runstate="Runnable" seed="25105975" result="Passed" start-time="2017-02-21 11:04:44Z" end-time="2017-02-21 11:04:44Z" duration="0.000299" asserts="1" />
            <test-case id="0-1915" name="PairwiseAttributeSetsJoinTypeOnNonRunnableTest" fullname="NUnit.Framework.Attributes.ApplyToTestTests.PairwiseAttributeSetsJoinTypeOnNonRunnableTest" methodname="PairwiseAttributeSetsJoinTypeOnNonRunnableTest" classname="NUnit.Framework.Attributes.ApplyToTestTests" runstate="Runnable" seed="330923457" result="Passed" start-time="2017-02-21 11:04:44Z" end-time="2017-02-21 11:04:44Z" duration="0.000506" asserts="1" />
            <test-case id="0-1918" name="PlatformAttributeDoesNotAffectNonRunnableTest" fullname="NUnit.Framework.Attributes.ApplyToTestTests.PlatformAttributeDoesNotAffectNonRunnableTest" methodname="PlatformAttributeDoesNotAffectNonRunnableTest" classname="NUnit.Framework.Attributes.ApplyToTestTests" runstate="Runnable" seed="1598989886" result="Passed" start-time="2017-02-21 11:04:44Z" end-time="2017-02-21 11:04:44Z" duration="0.000377" asserts="1" />
            <test-case id="0-1916" name="PlatformAttributeRunsTest" fullname="NUnit.Framework.Attributes.ApplyToTestTests.PlatformAttributeRunsTest" methodname="PlatformAttributeRunsTest" classname="NUnit.Framework.Attributes.ApplyToTestTests" runstate="Runnable" seed="543160105" result="Passed" start-time="2017-02-21 11:04:44Z" end-time="2017-02-21 11:04:44Z" duration="0.000227" asserts="1" />
            <test-case id="0-1917" name="PlatformAttributeSkipsTest" fullname="NUnit.Framework.Attributes.ApplyToTestTests.PlatformAttributeSkipsTest" methodname="PlatformAttributeSkipsTest" classname="NUnit.Framework.Attributes.ApplyToTestTests" runstate="Runnable" seed="1140177937" result="Passed" start-time="2017-02-21 11:04:44Z" end-time="2017-02-21 11:04:44Z" duration="0.000402" asserts="1" />
            <test-case id="0-1919" name="RepeatAttributeSetsRepeatCount" fullname="NUnit.Framework.Attributes.ApplyToTestTests.RepeatAttributeSetsRepeatCount" methodname="RepeatAttributeSetsRepeatCount" classname="NUnit.Framework.Attributes.ApplyToTestTests" runstate="Runnable" seed="1131359242" result="Passed" start-time="2017-02-21 11:04:44Z" end-time="2017-02-21 11:04:44Z" duration="0.000368" asserts="1" />
            <test-case id="0-1920" name="RepeatAttributeSetsRepeatCountOnNonRunnableTest" fullname="NUnit.Framework.Attributes.ApplyToTestTests.RepeatAttributeSetsRepeatCountOnNonRunnableTest" methodname="RepeatAttributeSetsRepeatCountOnNonRunnableTest" classname="NUnit.Framework.Attributes.ApplyToTestTests" runstate="Runnable" seed="856849852" result="Passed" start-time="2017-02-21 11:04:44Z" end-time="2017-02-21 11:04:44Z" duration="0.000262" asserts="1" />
            <test-case id="0-1921" name="RequiresMTAAttributeSetsApartmentState" fullname="NUnit.Framework.Attributes.ApplyToTestTests.RequiresMTAAttributeSetsApartmentState" methodname="RequiresMTAAttributeSetsApartmentState" classname="NUnit.Framework.Attributes.ApplyToTestTests" runstate="Runnable" seed="245931131" result="Passed" start-time="2017-02-21 11:04:44Z" end-time="2017-02-21 11:04:44Z" duration="0.000331" asserts="1" />
            <test-case id="0-1922" name="RequiresMTAAttributeSetsApartmentStateOnNonRunnableTest" fullname="NUnit.Framework.Attributes.ApplyToTestTests.RequiresMTAAttributeSetsApartmentStateOnNonRunnableTest" methodname="RequiresMTAAttributeSetsApartmentStateOnNonRunnableTest" classname="NUnit.Framework.Attributes.ApplyToTestTests" runstate="Runnable" seed="2017504341" result="Passed" start-time="2017-02-21 11:04:44Z" end-time="2017-02-21 11:04:44Z" duration="0.000319" asserts="1" />
            <test-case id="0-1923" name="RequiresSTAAttributeSetsApartmentState" fullname="NUnit.Framework.Attributes.ApplyToTestTests.RequiresSTAAttributeSetsApartmentState" methodname="RequiresSTAAttributeSetsApartmentState" classname="NUnit.Framework.Attributes.ApplyToTestTests" runstate="Runnable" seed="1133321411" result="Passed" start-time="2017-02-21 11:04:44Z" end-time="2017-02-21 11:04:44Z" duration="0.000242" asserts="1" />
            <test-case id="0-1924" name="RequiresSTAAttributeSetsApartmentStateOnNonRunnableTest" fullname="NUnit.Framework.Attributes.ApplyToTestTests.RequiresSTAAttributeSetsApartmentStateOnNonRunnableTest" methodname="RequiresSTAAttributeSetsApartmentStateOnNonRunnableTest" classname="NUnit.Framework.Attributes.ApplyToTestTests" runstate="Runnable" seed="1284314735" result="Passed" start-time="2017-02-21 11:04:44Z" end-time="2017-02-21 11:04:44Z" duration="0.000200" asserts="1" />
            <test-case id="0-1927" name="RequiresThreadAttributeMaySetApartmentState" fullname="NUnit.Framework.Attributes.ApplyToTestTests.RequiresThreadAttributeMaySetApartmentState" methodname="RequiresThreadAttributeMaySetApartmentState" classname="NUnit.Framework.Attributes.ApplyToTestTests" runstate="Runnable" seed="710472583" result="Passed" start-time="2017-02-21 11:04:44Z" end-time="2017-02-21 11:04:44Z" duration="0.000780" asserts="2" />
            <test-case id="0-1925" name="RequiresThreadAttributeSetsRequiresThread" fullname="NUnit.Framework.Attributes.ApplyToTestTests.RequiresThreadAttributeSetsRequiresThread" methodname="RequiresThreadAttributeSetsRequiresThread" classname="NUnit.Framework.Attributes.ApplyToTestTests" runstate="Runnable" seed="497571906" result="Passed" start-time="2017-02-21 11:04:44Z" end-time="2017-02-21 11:04:44Z" duration="0.000331" asserts="1" />
            <test-case id="0-1926" name="RequiresThreadAttributeSetsRequiresThreadOnNonRunnableTest" fullname="NUnit.Framework.Attributes.ApplyToTestTests.RequiresThreadAttributeSetsRequiresThreadOnNonRunnableTest" methodname="RequiresThreadAttributeSetsRequiresThreadOnNonRunnableTest" classname="NUnit.Framework.Attributes.ApplyToTestTests" runstate="Runnable" seed="1514969481" result="Passed" start-time="2017-02-21 11:04:44Z" end-time="2017-02-21 11:04:44Z" duration="0.000312" asserts="1" />
            <test-case id="0-1928" name="SequentialAttributeSetsJoinType" fullname="NUnit.Framework.Attributes.ApplyToTestTests.SequentialAttributeSetsJoinType" methodname="SequentialAttributeSetsJoinType" classname="NUnit.Framework.Attributes.ApplyToTestTests" runstate="Runnable" seed="1232332490" result="Passed" start-time="2017-02-21 11:04:44Z" end-time="2017-02-21 11:04:44Z" duration="0.000304" asserts="1" />
            <test-case id="0-1929" name="SequentialAttributeSetsJoinTypeOnNonRunnableTest" fullname="NUnit.Framework.Attributes.ApplyToTestTests.SequentialAttributeSetsJoinTypeOnNonRunnableTest" methodname="SequentialAttributeSetsJoinTypeOnNonRunnableTest" classname="NUnit.Framework.Attributes.ApplyToTestTests" runstate="Runnable" seed="253352248" result="Passed" start-time="2017-02-21 11:04:44Z" end-time="2017-02-21 11:04:44Z" duration="0.000273" asserts="1" />
          </test-suite>
          <test-suite type="TestFixture" id="0-1948" name="CombinatorialTests" fullname="NUnit.Framework.Attributes.CombinatorialTests" classname="NUnit.Framework.Attributes.CombinatorialTests" runstate="Runnable" testcasecount="48" result="Passed" start-time="2017-02-21 11:04:44Z" end-time="2017-02-21 11:04:44Z" duration="0.159785" total="48" passed="48" failed="0" warnings="0" inconclusive="0" skipped="0" asserts="70">
            <test-suite type="ParameterizedMethod" id="0-2005" name="CombinatorialIsIgnoredIfThereAreNoArguments" fullname="NUnit.Framework.Attributes.CombinatorialTests.CombinatorialIsIgnoredIfThereAreNoArguments" classname="NUnit.Framework.Attributes.CombinatorialTests" runstate="Runnable" testcasecount="0" result="Passed" start-time="2017-02-21 11:04:44Z" end-time="2017-02-21 11:04:44Z" duration="0.000022" total="0" passed="0" failed="0" warnings="0" inconclusive="0" skipped="0" asserts="0">
              <properties>
                <property name="_JOINTYPE" value="Combinatorial" />
              </properties>
            </test-suite>
            <test-suite type="ParameterizedMethod" id="0-2004" name="RandomArgsAreIndependent" fullname="NUnit.Framework.Attributes.CombinatorialTests.RandomArgsAreIndependent" classname="NUnit.Framework.Attributes.CombinatorialTests" runstate="Runnable" testcasecount="1" result="Passed" start-time="2017-02-21 11:04:44Z" end-time="2017-02-21 11:04:44Z" duration="0.002857" total="1" passed="1" failed="0" warnings="0" inconclusive="0" skipped="0" asserts="1">
              <properties>
                <property name="_JOINTYPE" value="Sequential" />
              </properties>
              <test-case id="0-2003" name="RandomArgsAreIndependent(0.7901035234286d,0.520269261915362d)" fullname="NUnit.Framework.Attributes.CombinatorialTests.RandomArgsAreIndependent(0.7901035234286d,0.520269261915362d)" methodname="RandomArgsAreIndependent" classname="NUnit.Framework.Attributes.CombinatorialTests" runstate="Runnable" seed="1976408379" result="Passed" start-time="2017-02-21 11:04:44Z" end-time="2017-02-21 11:04:44Z" duration="0.000220" asserts="1" />
            </test-suite>
            <test-suite type="ParameterizedMethod" id="0-2002" name="RandomTest" fullname="NUnit.Framework.Attributes.CombinatorialTests.RandomTest" classname="NUnit.Framework.Attributes.CombinatorialTests" runstate="Runnable" testcasecount="5" result="Passed" start-time="2017-02-21 11:04:44Z" end-time="2017-02-21 11:04:44Z" duration="0.017597" total="5" passed="5" failed="0" warnings="0" inconclusive="0" skipped="0" asserts="15">
              <properties>
                <property name="_JOINTYPE" value="Sequential" />
              </properties>
              <test-case id="0-1997" name="RandomTest(199,0.543454514138146d,Assembly)" fullname="NUnit.Framework.Attributes.CombinatorialTests.RandomTest(199,0.543454514138146d,Assembly)" methodname="RandomTest" classname="NUnit.Framework.Attributes.CombinatorialTests" runstate="Runnable" seed="1620220907" result="Passed" start-time="2017-02-21 11:04:44Z" end-time="2017-02-21 11:04:44Z" duration="0.001106" asserts="3" />
              <test-case id="0-1998" name="RandomTest(48,0.783272669084031d,Module)" fullname="NUnit.Framework.Attributes.CombinatorialTests.RandomTest(48,0.783272669084031d,Module)" methodname="RandomTest" classname="NUnit.Framework.Attributes.CombinatorialTests" runstate="Runnable" seed="544929449" result="Passed" start-time="2017-02-21 11:04:44Z" end-time="2017-02-21 11:04:44Z" duration="0.000061" asserts="3" />
              <test-case id="0-1999" name="RandomTest(77,0.471176875508938d,Delegate)" fullname="NUnit.Framework.Attributes.CombinatorialTests.RandomTest(77,0.471176875508938d,Delegate)" methodname="RandomTest" classname="NUnit.Framework.Attributes.CombinatorialTests" runstate="Runnable" seed="1676855368" result="Passed" start-time="2017-02-21 11:04:44Z" end-time="2017-02-21 11:04:44Z" duration="0.000059" asserts="3" />
              <test-case id="0-2000" name="RandomTest(176,0.360100765880244d,All)" fullname="NUnit.Framework.Attributes.CombinatorialTests.RandomTest(176,0.360100765880244d,All)" methodname="RandomTest" classname="NUnit.Framework.Attributes.CombinatorialTests" runstate="Runnable" seed="829477737" result="Passed" start-time="2017-02-21 11:04:44Z" end-time="2017-02-21 11:04:44Z" duration="0.000135" asserts="3" />
              <test-case id="0-2001" name="RandomTest(71,0.0630578953135097d,Interface)" fullname="NUnit.Framework.Attributes.CombinatorialTests.RandomTest(71,0.0630578953135097d,Interface)" methodname="RandomTest" classname="NUnit.Framework.Attributes.CombinatorialTests" runstate="Runnable" seed="281670955" result="Passed" start-time="2017-02-21 11:04:44Z" end-time="2017-02-21 11:04:44Z" duration="0.000064" asserts="3" />
            </test-suite>
            <test-suite type="ParameterizedMethod" id="0-1996" name="RangeTest" fullname="NUnit.Framework.Attributes.CombinatorialTests.RangeTest" classname="NUnit.Framework.Attributes.CombinatorialTests" runstate="Runnable" testcasecount="9" result="Passed" start-time="2017-02-21 11:04:44Z" end-time="2017-02-21 11:04:44Z" duration="0.027915" total="9" passed="9" failed="0" warnings="0" inconclusive="0" skipped="0" asserts="0">
              <test-case id="0-1987" name="RangeTest(0.2d,10)" fullname="NUnit.Framework.Attributes.CombinatorialTests.RangeTest(0.2d,10)" methodname="RangeTest" classname="NUnit.Framework.Attributes.CombinatorialTests" runstate="Runnable" seed="74352759" result="Passed" start-time="2017-02-21 11:04:44Z" end-time="2017-02-21 11:04:44Z" duration="0.000197" asserts="0" />
              <test-case id="0-1988" name="RangeTest(0.2d,15)" fullname="NUnit.Framework.Attributes.CombinatorialTests.RangeTest(0.2d,15)" methodname="RangeTest" classname="NUnit.Framework.Attributes.CombinatorialTests" runstate="Runnable" seed="197231981" result="Passed" start-time="2017-02-21 11:04:44Z" end-time="2017-02-21 11:04:44Z" duration="0.000948" asserts="0" />
              <test-case id="0-1989" name="RangeTest(0.2d,20)" fullname="NUnit.Framework.Attributes.CombinatorialTests.RangeTest(0.2d,20)" methodname="RangeTest" classname="NUnit.Framework.Attributes.CombinatorialTests" runstate="Runnable" seed="205925684" result="Passed" start-time="2017-02-21 11:04:44Z" end-time="2017-02-21 11:04:44Z" duration="0.000034" asserts="0" />
              <test-case id="0-1990" name="RangeTest(0.4d,10)" fullname="NUnit.Framework.Attributes.CombinatorialTests.RangeTest(0.4d,10)" methodname="RangeTest" classname="NUnit.Framework.Attributes.CombinatorialTests" runstate="Runnable" seed="1700481239" result="Passed" start-time="2017-02-21 11:04:44Z" end-time="2017-02-21 11:04:44Z" duration="0.000402" asserts="0" />
              <test-case id="0-1991" name="RangeTest(0.4d,15)" fullname="NUnit.Framework.Attributes.CombinatorialTests.RangeTest(0.4d,15)" methodname="RangeTest" classname="NUnit.Framework.Attributes.CombinatorialTests" runstate="Runnable" seed="1116300872" result="Passed" start-time="2017-02-21 11:04:44Z" end-time="2017-02-21 11:04:44Z" duration="0.000029" asserts="0" />
              <test-case id="0-1992" name="RangeTest(0.4d,20)" fullname="NUnit.Framework.Attributes.CombinatorialTests.RangeTest(0.4d,20)" methodname="RangeTest" classname="NUnit.Framework.Attributes.CombinatorialTests" runstate="Runnable" seed="1762211920" result="Passed" start-time="2017-02-21 11:04:44Z" end-time="2017-02-21 11:04:44Z" duration="0.000032" asserts="0" />
              <test-case id="0-1993" name="RangeTest(0.6d,10)" fullname="NUnit.Framework.Attributes.CombinatorialTests.RangeTest(0.6d,10)" methodname="RangeTest" classname="NUnit.Framework.Attributes.CombinatorialTests" runstate="Runnable" seed="1078034689" result="Passed" start-time="2017-02-21 11:04:44Z" end-time="2017-02-21 11:04:44Z" duration="0.000036" asserts="0" />
              <test-case id="0-1994" name="RangeTest(0.6d,15)" fullname="NUnit.Framework.Attributes.CombinatorialTests.RangeTest(0.6d,15)" methodname="RangeTest" classname="NUnit.Framework.Attributes.CombinatorialTests" runstate="Runnable" seed="1261485978" result="Passed" start-time="2017-02-21 11:04:44Z" end-time="2017-02-21 11:04:44Z" duration="0.000035" asserts="0" />
              <test-case id="0-1995" name="RangeTest(0.6d,20)" fullname="NUnit.Framework.Attributes.CombinatorialTests.RangeTest(0.6d,20)" methodname="RangeTest" classname="NUnit.Framework.Attributes.CombinatorialTests" runstate="Runnable" seed="45710940" result="Passed" start-time="2017-02-21 11:04:44Z" end-time="2017-02-21 11:04:44Z" duration="0.000029" asserts="0" />
            </test-suite>
            <test-suite type="ParameterizedMethod" id="0-1952" name="SingleArgument" fullname="NUnit.Framework.Attributes.CombinatorialTests.SingleArgument" classname="NUnit.Framework.Attributes.CombinatorialTests" runstate="Runnable" testcasecount="3" result="Passed" start-time="2017-02-21 11:04:44Z" end-time="2017-02-21 11:04:44Z" duration="0.007633" total="3" passed="3" failed="0" warnings="0" inconclusive="0" skipped="0" asserts="3">
              <test-case id="0-1949" name="SingleArgument(1.3d)" fullname="NUnit.Framework.Attributes.CombinatorialTests.SingleArgument(1.3d)" methodname="SingleArgument" classname="NUnit.Framework.Attributes.CombinatorialTests" runstate="Runnable" seed="2133943089" result="Passed" start-time="2017-02-21 11:04:44Z" end-time="2017-02-21 11:04:44Z" duration="0.000250" asserts="1" />
              <test-case id="0-1950" name="SingleArgument(1.7d)" fullname="NUnit.Framework.Attributes.CombinatorialTests.SingleArgument(1.7d)" methodname="SingleArgument" classname="NUnit.Framework.Attributes.CombinatorialTests" runstate="Runnable" seed="1332861106" result="Passed" start-time="2017-02-21 11:04:44Z" end-time="2017-02-21 11:04:44Z" duration="0.000027" asserts="1" />
              <test-case id="0-1951" name="SingleArgument(1.5d)" fullname="NUnit.Framework.Attributes.CombinatorialTests.SingleArgument(1.5d)" methodname="SingleArgument" classname="NUnit.Framework.Attributes.CombinatorialTests" runstate="Runnable" seed="1138423677" result="Passed" start-time="2017-02-21 11:04:44Z" end-time="2017-02-21 11:04:44Z" duration="0.000070" asserts="1" />
            </test-suite>
            <test-suite type="ParameterizedMethod" id="0-1982" name="ThreeArguments_Combinatorial" fullname="NUnit.Framework.Attributes.CombinatorialTests.ThreeArguments_Combinatorial" classname="NUnit.Framework.Attributes.CombinatorialTests" runstate="Runnable" testcasecount="18" result="Passed" start-time="2017-02-21 11:04:44Z" end-time="2017-02-21 11:04:44Z" duration="0.047421" total="18" passed="18" failed="0" warnings="0" inconclusive="0" skipped="0" asserts="36">
              <properties>
                <property name="_JOINTYPE" value="Combinatorial" />
              </properties>
              <test-case id="0-1964" name="ThreeArguments_Combinatorial(1,10,&quot;Charlie&quot;)" fullname="NUnit.Framework.Attributes.CombinatorialTests.ThreeArguments_Combinatorial(1,10,&quot;Charlie&quot;)" methodname="ThreeArguments_Combinatorial" classname="NUnit.Framework.Attributes.CombinatorialTests" runstate="Runnable" seed="1220331861" result="Passed" start-time="2017-02-21 11:04:44Z" end-time="2017-02-21 11:04:44Z" duration="0.000386" asserts="2" />
              <test-case id="0-1965" name="ThreeArguments_Combinatorial(1,10,&quot;Joe&quot;)" fullname="NUnit.Framework.Attributes.CombinatorialTests.ThreeArguments_Combinatorial(1,10,&quot;Joe&quot;)" methodname="ThreeArguments_Combinatorial" classname="NUnit.Framework.Attributes.CombinatorialTests" runstate="Runnable" seed="389924795" result="Passed" start-time="2017-02-21 11:04:44Z" end-time="2017-02-21 11:04:44Z" duration="0.000044" asserts="2" />
              <test-case id="0-1966" name="ThreeArguments_Combinatorial(1,10,&quot;Frank&quot;)" fullname="NUnit.Framework.Attributes.CombinatorialTests.ThreeArguments_Combinatorial(1,10,&quot;Frank&quot;)" methodname="ThreeArguments_Combinatorial" classname="NUnit.Framework.Attributes.CombinatorialTests" runstate="Runnable" seed="468561230" result="Passed" start-time="2017-02-21 11:04:44Z" end-time="2017-02-21 11:04:44Z" duration="0.000045" asserts="2" />
              <test-case id="0-1967" name="ThreeArguments_Combinatorial(1,20,&quot;Charlie&quot;)" fullname="NUnit.Framework.Attributes.CombinatorialTests.ThreeArguments_Combinatorial(1,20,&quot;Charlie&quot;)" methodname="ThreeArguments_Combinatorial" classname="NUnit.Framework.Attributes.CombinatorialTests" runstate="Runnable" seed="1837001976" result="Passed" start-time="2017-02-21 11:04:44Z" end-time="2017-02-21 11:04:44Z" duration="0.000060" asserts="2" />
              <test-case id="0-1968" name="ThreeArguments_Combinatorial(1,20,&quot;Joe&quot;)" fullname="NUnit.Framework.Attributes.CombinatorialTests.ThreeArguments_Combinatorial(1,20,&quot;Joe&quot;)" methodname="ThreeArguments_Combinatorial" classname="NUnit.Framework.Attributes.CombinatorialTests" runstate="Runnable" seed="1619945170" result="Passed" start-time="2017-02-21 11:04:44Z" end-time="2017-02-21 11:04:44Z" duration="0.000044" asserts="2" />
              <test-case id="0-1969" name="ThreeArguments_Combinatorial(1,20,&quot;Frank&quot;)" fullname="NUnit.Framework.Attributes.CombinatorialTests.ThreeArguments_Combinatorial(1,20,&quot;Frank&quot;)" methodname="ThreeArguments_Combinatorial" classname="NUnit.Framework.Attributes.CombinatorialTests" runstate="Runnable" seed="1579009191" result="Passed" start-time="2017-02-21 11:04:44Z" end-time="2017-02-21 11:04:44Z" duration="0.000037" asserts="2" />
              <test-case id="0-1970" name="ThreeArguments_Combinatorial(2,10,&quot;Charlie&quot;)" fullname="NUnit.Framework.Attributes.CombinatorialTests.ThreeArguments_Combinatorial(2,10,&quot;Charlie&quot;)" methodname="ThreeArguments_Combinatorial" classname="NUnit.Framework.Attributes.CombinatorialTests" runstate="Runnable" seed="1267470940" result="Passed" start-time="2017-02-21 11:04:44Z" end-time="2017-02-21 11:04:44Z" duration="0.000046" asserts="2" />
              <test-case id="0-1971" name="ThreeArguments_Combinatorial(2,10,&quot;Joe&quot;)" fullname="NUnit.Framework.Attributes.CombinatorialTests.ThreeArguments_Combinatorial(2,10,&quot;Joe&quot;)" methodname="ThreeArguments_Combinatorial" classname="NUnit.Framework.Attributes.CombinatorialTests" runstate="Runnable" seed="1325113489" result="Passed" start-time="2017-02-21 11:04:44Z" end-time="2017-02-21 11:04:44Z" duration="0.000038" asserts="2" />
              <test-case id="0-1972" name="ThreeArguments_Combinatorial(2,10,&quot;Frank&quot;)" fullname="NUnit.Framework.Attributes.CombinatorialTests.ThreeArguments_Combinatorial(2,10,&quot;Frank&quot;)" methodname="ThreeArguments_Combinatorial" classname="NUnit.Framework.Attributes.CombinatorialTests" runstate="Runnable" seed="601924518" result="Passed" start-time="2017-02-21 11:04:44Z" end-time="2017-02-21 11:04:44Z" duration="0.000098" asserts="2" />
              <test-case id="0-1973" name="ThreeArguments_Combinatorial(2,20,&quot;Charlie&quot;)" fullname="NUnit.Framework.Attributes.CombinatorialTests.ThreeArguments_Combinatorial(2,20,&quot;Charlie&quot;)" methodname="ThreeArguments_Combinatorial" classname="NUnit.Framework.Attributes.CombinatorialTests" runstate="Runnable" seed="128770874" result="Passed" start-time="2017-02-21 11:04:44Z" end-time="2017-02-21 11:04:44Z" duration="0.000054" asserts="2" />
              <test-case id="0-1974" name="ThreeArguments_Combinatorial(2,20,&quot;Joe&quot;)" fullname="NUnit.Framework.Attributes.CombinatorialTests.ThreeArguments_Combinatorial(2,20,&quot;Joe&quot;)" methodname="ThreeArguments_Combinatorial" classname="NUnit.Framework.Attributes.CombinatorialTests" runstate="Runnable" seed="1998225149" result="Passed" start-time="2017-02-21 11:04:44Z" end-time="2017-02-21 11:04:44Z" duration="0.000039" asserts="2" />
              <test-case id="0-1975" name="ThreeArguments_Combinatorial(2,20,&quot;Frank&quot;)" fullname="NUnit.Framework.Attributes.CombinatorialTests.ThreeArguments_Combinatorial(2,20,&quot;Frank&quot;)" methodname="ThreeArguments_Combinatorial" classname="NUnit.Framework.Attributes.CombinatorialTests" runstate="Runnable" seed="1386776273" result="Passed" start-time="2017-02-21 11:04:44Z" end-time="2017-02-21 11:04:44Z" duration="0.000051" asserts="2" />
              <test-case id="0-1976" name="ThreeArguments_Combinatorial(3,10,&quot;Charlie&quot;)" fullname="NUnit.Framework.Attributes.CombinatorialTests.ThreeArguments_Combinatorial(3,10,&quot;Charlie&quot;)" methodname="ThreeArguments_Combinatorial" classname="NUnit.Framework.Attributes.CombinatorialTests" runstate="Runnable" seed="1425454423" result="Passed" start-time="2017-02-21 11:04:44Z" end-time="2017-02-21 11:04:44Z" duration="0.000063" asserts="2" />
              <test-case id="0-1977" name="ThreeArguments_Combinatorial(3,10,&quot;Joe&quot;)" fullname="NUnit.Framework.Attributes.CombinatorialTests.ThreeArguments_Combinatorial(3,10,&quot;Joe&quot;)" methodname="ThreeArguments_Combinatorial" classname="NUnit.Framework.Attributes.CombinatorialTests" runstate="Runnable" seed="1295548945" result="Passed" start-time="2017-02-21 11:04:44Z" end-time="2017-02-21 11:04:44Z" duration="0.000059" asserts="2" />
              <test-case id="0-1978" name="ThreeArguments_Combinatorial(3,10,&quot;Frank&quot;)" fullname="NUnit.Framework.Attributes.CombinatorialTests.ThreeArguments_Combinatorial(3,10,&quot;Frank&quot;)" methodname="ThreeArguments_Combinatorial" classname="NUnit.Framework.Attributes.CombinatorialTests" runstate="Runnable" seed="1708201711" result="Passed" start-time="2017-02-21 11:04:44Z" end-time="2017-02-21 11:04:44Z" duration="0.000046" asserts="2" />
              <test-case id="0-1979" name="ThreeArguments_Combinatorial(3,20,&quot;Charlie&quot;)" fullname="NUnit.Framework.Attributes.CombinatorialTests.ThreeArguments_Combinatorial(3,20,&quot;Charlie&quot;)" methodname="ThreeArguments_Combinatorial" classname="NUnit.Framework.Attributes.CombinatorialTests" runstate="Runnable" seed="558983596" result="Passed" start-time="2017-02-21 11:04:44Z" end-time="2017-02-21 11:04:44Z" duration="0.000122" asserts="2" />
              <test-case id="0-1980" name="ThreeArguments_Combinatorial(3,20,&quot;Joe&quot;)" fullname="NUnit.Framework.Attributes.CombinatorialTests.ThreeArguments_Combinatorial(3,20,&quot;Joe&quot;)" methodname="ThreeArguments_Combinatorial" classname="NUnit.Framework.Attributes.CombinatorialTests" runstate="Runnable" seed="478888489" result="Passed" start-time="2017-02-21 11:04:44Z" end-time="2017-02-21 11:04:44Z" duration="0.000035" asserts="2" />
              <test-case id="0-1981" name="ThreeArguments_Combinatorial(3,20,&quot;Frank&quot;)" fullname="NUnit.Framework.Attributes.CombinatorialTests.ThreeArguments_Combinatorial(3,20,&quot;Frank&quot;)" methodname="ThreeArguments_Combinatorial" classname="NUnit.Framework.Attributes.CombinatorialTests" runstate="Runnable" seed="602366337" result="Passed" start-time="2017-02-21 11:04:44Z" end-time="2017-02-21 11:04:44Z" duration="0.000050" asserts="2" />
            </test-suite>
            <test-suite type="ParameterizedMethod" id="0-1986" name="ThreeArguments_Sequential" fullname="NUnit.Framework.Attributes.CombinatorialTests.ThreeArguments_Sequential" classname="NUnit.Framework.Attributes.CombinatorialTests" runstate="Runnable" testcasecount="3" result="Passed" start-time="2017-02-21 11:04:44Z" end-time="2017-02-21 11:04:44Z" duration="0.009276" total="3" passed="3" failed="0" warnings="0" inconclusive="0" skipped="0" asserts="6">
              <properties>
                <property name="_JOINTYPE" value="Sequential" />
              </properties>
              <test-case id="0-1983" name="ThreeArguments_Sequential(1,10,&quot;Charlie&quot;)" fullname="NUnit.Framework.Attributes.CombinatorialTests.ThreeArguments_Sequential(1,10,&quot;Charlie&quot;)" methodname="ThreeArguments_Sequential" classname="NUnit.Framework.Attributes.CombinatorialTests" runstate="Runnable" seed="377391836" result="Passed" start-time="2017-02-21 11:04:44Z" end-time="2017-02-21 11:04:44Z" duration="0.000190" asserts="2" />
              <test-case id="0-1984" name="ThreeArguments_Sequential(2,20,&quot;Joe&quot;)" fullname="NUnit.Framework.Attributes.CombinatorialTests.ThreeArguments_Sequential(2,20,&quot;Joe&quot;)" methodname="ThreeArguments_Sequential" classname="NUnit.Framework.Attributes.CombinatorialTests" runstate="Runnable" seed="405769931" result="Passed" start-time="2017-02-21 11:04:44Z" end-time="2017-02-21 11:04:44Z" duration="0.000030" asserts="2" />
              <test-case id="0-1985" name="ThreeArguments_Sequential(3,null,&quot;Frank&quot;)" fullname="NUnit.Framework.Attributes.CombinatorialTests.ThreeArguments_Sequential(3,null,&quot;Frank&quot;)" methodname="ThreeArguments_Sequential" classname="NUnit.Framework.Attributes.CombinatorialTests" runstate="Runnable" seed="1216263105" result="Passed" start-time="2017-02-21 11:04:44Z" end-time="2017-02-21 11:04:44Z" duration="0.000047" asserts="2" />
            </test-suite>
            <test-suite type="ParameterizedMethod" id="0-1959" name="TwoArguments_Combinatorial" fullname="NUnit.Framework.Attributes.CombinatorialTests.TwoArguments_Combinatorial" classname="NUnit.Framework.Attributes.CombinatorialTests" runstate="Runnable" testcasecount="6" result="Passed" start-time="2017-02-21 11:04:44Z" end-time="2017-02-21 11:04:44Z" duration="0.016927" total="6" passed="6" failed="0" warnings="0" inconclusive="0" skipped="0" asserts="6">
              <properties>
                <property name="_JOINTYPE" value="Combinatorial" />
              </properties>
              <test-case id="0-1953" name="TwoArguments_Combinatorial(1,10)" fullname="NUnit.Framework.Attributes.CombinatorialTests.TwoArguments_Combinatorial(1,10)" methodname="TwoArguments_Combinatorial" classname="NUnit.Framework.Attributes.CombinatorialTests" runstate="Runnable" seed="541852522" result="Passed" start-time="2017-02-21 11:04:44Z" end-time="2017-02-21 11:04:44Z" duration="0.000230" asserts="1" />
              <test-case id="0-1954" name="TwoArguments_Combinatorial(1,20)" fullname="NUnit.Framework.Attributes.CombinatorialTests.TwoArguments_Combinatorial(1,20)" methodname="TwoArguments_Combinatorial" classname="NUnit.Framework.Attributes.CombinatorialTests" runstate="Runnable" seed="1510308397" result="Passed" start-time="2017-02-21 11:04:44Z" end-time="2017-02-21 11:04:44Z" duration="0.000071" asserts="1" />
              <test-case id="0-1955" name="TwoArguments_Combinatorial(2,10)" fullname="NUnit.Framework.Attributes.CombinatorialTests.TwoArguments_Combinatorial(2,10)" methodname="TwoArguments_Combinatorial" classname="NUnit.Framework.Attributes.CombinatorialTests" runstate="Runnable" seed="1457313542" result="Passed" start-time="2017-02-21 11:04:44Z" end-time="2017-02-21 11:04:44Z" duration="0.000037" asserts="1" />
              <test-case id="0-1956" name="TwoArguments_Combinatorial(2,20)" fullname="NUnit.Framework.Attributes.CombinatorialTests.TwoArguments_Combinatorial(2,20)" methodname="TwoArguments_Combinatorial" classname="NUnit.Framework.Attributes.CombinatorialTests" runstate="Runnable" seed="551278208" result="Passed" start-time="2017-02-21 11:04:44Z" end-time="2017-02-21 11:04:44Z" duration="0.000037" asserts="1" />
              <test-case id="0-1957" name="TwoArguments_Combinatorial(3,10)" fullname="NUnit.Framework.Attributes.CombinatorialTests.TwoArguments_Combinatorial(3,10)" methodname="TwoArguments_Combinatorial" classname="NUnit.Framework.Attributes.CombinatorialTests" runstate="Runnable" seed="561769526" result="Passed" start-time="2017-02-21 11:04:44Z" end-time="2017-02-21 11:04:44Z" duration="0.000469" asserts="1" />
              <test-case id="0-1958" name="TwoArguments_Combinatorial(3,20)" fullname="NUnit.Framework.Attributes.CombinatorialTests.TwoArguments_Combinatorial(3,20)" methodname="TwoArguments_Combinatorial" classname="NUnit.Framework.Attributes.CombinatorialTests" runstate="Runnable" seed="1498548277" result="Passed" start-time="2017-02-21 11:04:44Z" end-time="2017-02-21 11:04:44Z" duration="0.000036" asserts="1" />
            </test-suite>
            <test-suite type="ParameterizedMethod" id="0-1963" name="TwoArguments_Sequential" fullname="NUnit.Framework.Attributes.CombinatorialTests.TwoArguments_Sequential" classname="NUnit.Framework.Attributes.CombinatorialTests" runstate="Runnable" testcasecount="3" result="Passed" start-time="2017-02-21 11:04:44Z" end-time="2017-02-21 11:04:44Z" duration="0.009871" total="3" passed="3" failed="0" warnings="0" inconclusive="0" skipped="0" asserts="3">
              <properties>
                <property name="_JOINTYPE" value="Sequential" />
              </properties>
              <test-case id="0-1960" name="TwoArguments_Sequential(1,10)" fullname="NUnit.Framework.Attributes.CombinatorialTests.TwoArguments_Sequential(1,10)" methodname="TwoArguments_Sequential" classname="NUnit.Framework.Attributes.CombinatorialTests" runstate="Runnable" seed="776584236" result="Passed" start-time="2017-02-21 11:04:44Z" end-time="2017-02-21 11:04:44Z" duration="0.000229" asserts="1" />
              <test-case id="0-1961" name="TwoArguments_Sequential(2,20)" fullname="NUnit.Framework.Attributes.CombinatorialTests.TwoArguments_Sequential(2,20)" methodname="TwoArguments_Sequential" classname="NUnit.Framework.Attributes.CombinatorialTests" runstate="Runnable" seed="582258636" result="Passed" start-time="2017-02-21 11:04:44Z" end-time="2017-02-21 11:04:44Z" duration="0.000048" asserts="1" />
              <test-case id="0-1962" name="TwoArguments_Sequential(3,null)" fullname="NUnit.Framework.Attributes.CombinatorialTests.TwoArguments_Sequential(3,null)" methodname="TwoArguments_Sequential" classname="NUnit.Framework.Attributes.CombinatorialTests" runstate="Runnable" seed="1175052327" result="Passed" start-time="2017-02-21 11:04:44Z" end-time="2017-02-21 11:04:44Z" duration="0.000071" asserts="1" />
            </test-suite>
          </test-suite>
          <test-suite type="TestFixture" id="0-2010" name="DatapointTests" fullname="NUnit.Framework.Attributes.DatapointTests" classname="NUnit.Framework.Attributes.DatapointTests" runstate="Runnable" testcasecount="10" result="Passed" start-time="2017-02-21 11:04:44Z" end-time="2017-02-21 11:04:44Z" duration="0.067449" total="10" passed="10" failed="0" warnings="0" inconclusive="0" skipped="0" asserts="0">
            <test-case id="0-2012" name="WorksOnArray" fullname="NUnit.Framework.Attributes.DatapointTests.WorksOnArray" methodname="WorksOnArray" classname="NUnit.Framework.Attributes.DatapointTests" runstate="Runnable" seed="1027870945" result="Passed" start-time="2017-02-21 11:04:44Z" end-time="2017-02-21 11:04:44Z" duration="0.004332" asserts="0" />
            <test-case id="0-2018" name="WorksOnEnumeratorReturningIEnumerableOfT" fullname="NUnit.Framework.Attributes.DatapointTests.WorksOnEnumeratorReturningIEnumerableOfT" methodname="WorksOnEnumeratorReturningIEnumerableOfT" classname="NUnit.Framework.Attributes.DatapointTests" runstate="Runnable" seed="1559846708" result="Passed" start-time="2017-02-21 11:04:44Z" end-time="2017-02-21 11:04:44Z" duration="0.004604" asserts="0" />
            <test-case id="0-2011" name="WorksOnField" fullname="NUnit.Framework.Attributes.DatapointTests.WorksOnField" methodname="WorksOnField" classname="NUnit.Framework.Attributes.DatapointTests" runstate="Runnable" seed="438496086" result="Passed" start-time="2017-02-21 11:04:44Z" end-time="2017-02-21 11:04:44Z" duration="0.001916" asserts="0" />
            <test-case id="0-2015" name="WorksOnIEnumerableOfT" fullname="NUnit.Framework.Attributes.DatapointTests.WorksOnIEnumerableOfT" methodname="WorksOnIEnumerableOfT" classname="NUnit.Framework.Attributes.DatapointTests" runstate="Runnable" seed="1374763935" result="Passed" start-time="2017-02-21 11:04:44Z" end-time="2017-02-21 11:04:44Z" duration="0.004706" asserts="0" />
            <test-case id="0-2019" name="WorksOnInheritedDataPoint" fullname="NUnit.Framework.Attributes.DatapointTests.WorksOnInheritedDataPoint" methodname="WorksOnInheritedDataPoint" classname="NUnit.Framework.Attributes.DatapointTests" runstate="Runnable" seed="675251456" result="Passed" start-time="2017-02-21 11:04:44Z" end-time="2017-02-21 11:04:44Z" duration="0.001944" asserts="0" />
            <test-case id="0-2020" name="WorksOnInheritedDataPoints" fullname="NUnit.Framework.Attributes.DatapointTests.WorksOnInheritedDataPoints" methodname="WorksOnInheritedDataPoints" classname="NUnit.Framework.Attributes.DatapointTests" runstate="Runnable" seed="886809826" result="Passed" start-time="2017-02-21 11:04:44Z" end-time="2017-02-21 11:04:44Z" duration="0.003765" asserts="0" />
            <test-case id="0-2014" name="WorksOnMethodReturningArray" fullname="NUnit.Framework.Attributes.DatapointTests.WorksOnMethodReturningArray" methodname="WorksOnMethodReturningArray" classname="NUnit.Framework.Attributes.DatapointTests" runstate="Runnable" seed="1754580390" result="Passed" start-time="2017-02-21 11:04:44Z" end-time="2017-02-21 11:04:44Z" duration="0.008077" asserts="0" />
            <test-case id="0-2017" name="WorksOnMethodReturningIEnumerableOfT" fullname="NUnit.Framework.Attributes.DatapointTests.WorksOnMethodReturningIEnumerableOfT" methodname="WorksOnMethodReturningIEnumerableOfT" classname="NUnit.Framework.Attributes.DatapointTests" runstate="Runnable" seed="1836889455" result="Passed" start-time="2017-02-21 11:04:44Z" end-time="2017-02-21 11:04:44Z" duration="0.002243" asserts="0" />
            <test-case id="0-2013" name="WorksOnPropertyReturningArray" fullname="NUnit.Framework.Attributes.DatapointTests.WorksOnPropertyReturningArray" methodname="WorksOnPropertyReturningArray" classname="NUnit.Framework.Attributes.DatapointTests" runstate="Runnable" seed="439263503" result="Passed" start-time="2017-02-21 11:04:44Z" end-time="2017-02-21 11:04:44Z" duration="0.002613" asserts="0" />
            <test-case id="0-2016" name="WorksOnPropertyReturningIEnumerableOfT" fullname="NUnit.Framework.Attributes.DatapointTests.WorksOnPropertyReturningIEnumerableOfT" methodname="WorksOnPropertyReturningIEnumerableOfT" classname="NUnit.Framework.Attributes.DatapointTests" runstate="Runnable" seed="291917903" result="Passed" start-time="2017-02-21 11:04:44Z" end-time="2017-02-21 11:04:44Z" duration="0.006140" asserts="0" />
          </test-suite>
          <test-suite type="TestFixture" id="0-2035" name="DescriptionTests" fullname="NUnit.Framework.Attributes.DescriptionTests" classname="NUnit.Framework.Attributes.DescriptionTests" runstate="Runnable" testcasecount="7" result="Passed" start-time="2017-02-21 11:04:44Z" end-time="2017-02-21 11:04:44Z" duration="0.023021" total="7" passed="7" failed="0" warnings="0" inconclusive="0" skipped="0" asserts="14">
            <test-case id="0-2037" name="Description" fullname="NUnit.Framework.Attributes.DescriptionTests.Description" methodname="Description" classname="NUnit.Framework.Attributes.DescriptionTests" runstate="Runnable" seed="2026222252" result="Passed" start-time="2017-02-21 11:04:44Z" end-time="2017-02-21 11:04:44Z" duration="0.000281" asserts="2" />
            <test-case id="0-2042" name="DescriptionOnTestCase" fullname="NUnit.Framework.Attributes.DescriptionTests.DescriptionOnTestCase" methodname="DescriptionOnTestCase" classname="NUnit.Framework.Attributes.DescriptionTests" runstate="Runnable" seed="1712087161" result="Passed" start-time="2017-02-21 11:04:44Z" end-time="2017-02-21 11:04:44Z" duration="0.000519" asserts="3" />
            <test-case id="0-2040" name="FixtureDescription" fullname="NUnit.Framework.Attributes.DescriptionTests.FixtureDescription" methodname="FixtureDescription" classname="NUnit.Framework.Attributes.DescriptionTests" runstate="Runnable" seed="705539451" result="Passed" start-time="2017-02-21 11:04:44Z" end-time="2017-02-21 11:04:44Z" duration="0.002089" asserts="1" />
            <test-case id="0-2039" name="LongDescription" fullname="NUnit.Framework.Attributes.DescriptionTests.LongDescription" methodname="LongDescription" classname="NUnit.Framework.Attributes.DescriptionTests" runstate="Runnable" seed="1602201882" result="Passed" start-time="2017-02-21 11:04:44Z" end-time="2017-02-21 11:04:44Z" duration="0.000271" asserts="2" />
            <test-case id="0-2038" name="NoDescription" fullname="NUnit.Framework.Attributes.DescriptionTests.NoDescription" methodname="NoDescription" classname="NUnit.Framework.Attributes.DescriptionTests" runstate="Runnable" seed="1374712336" result="Passed" start-time="2017-02-21 11:04:44Z" end-time="2017-02-21 11:04:44Z" duration="0.000260" asserts="2" />
            <test-case id="0-2036" name="ReflectionTest" fullname="NUnit.Framework.Attributes.DescriptionTests.ReflectionTest" methodname="ReflectionTest" classname="NUnit.Framework.Attributes.DescriptionTests" runstate="Runnable" seed="1208961316" result="Passed" start-time="2017-02-21 11:04:44Z" end-time="2017-02-21 11:04:44Z" duration="0.000314" asserts="2" />
            <test-case id="0-2041" name="SeparateDescriptionAttribute" fullname="NUnit.Framework.Attributes.DescriptionTests.SeparateDescriptionAttribute" methodname="SeparateDescriptionAttribute" classname="NUnit.Framework.Attributes.DescriptionTests" runstate="Runnable" seed="1801311987" result="Passed" start-time="2017-02-21 11:04:44Z" end-time="2017-02-21 11:04:44Z" duration="0.000313" asserts="2" />
          </test-suite>
          <test-suite type="ParameterizedFixture" id="0-2101" name="NullableParameterizedTestFixture" fullname="NUnit.Framework.Attributes.NullableParameterizedTestFixture" runstate="Runnable" testcasecount="2" result="Passed" start-time="2017-02-21 11:04:43Z" end-time="2017-02-21 11:04:44Z" duration="1.508051" total="2" passed="2" failed="0" warnings="0" inconclusive="0" skipped="0" asserts="3">
            <test-suite type="TestFixture" id="0-2097" name="NullableParameterizedTestFixture(45,45,90)" fullname="NUnit.Framework.Attributes.NullableParameterizedTestFixture(45,45,90)" classname="NUnit.Framework.Attributes.NullableParameterizedTestFixture" runstate="Runnable" testcasecount="1" result="Passed" start-time="2017-02-21 11:04:44Z" end-time="2017-02-21 11:04:44Z" duration="0.005178" total="1" passed="1" failed="0" warnings="0" inconclusive="0" skipped="0" asserts="1">
              <test-case id="0-2098" name="TestAddition" fullname="NUnit.Framework.Attributes.NullableParameterizedTestFixture(45,45,90).TestAddition" methodname="TestAddition" classname="NUnit.Framework.Attributes.NullableParameterizedTestFixture" runstate="Runnable" seed="2076063965" result="Passed" start-time="2017-02-21 11:04:44Z" end-time="2017-02-21 11:04:44Z" duration="0.002111" asserts="1" />
            </test-suite>
            <test-suite type="TestFixture" id="0-2099" name="NullableParameterizedTestFixture(null,null,null)" fullname="NUnit.Framework.Attributes.NullableParameterizedTestFixture(null,null,null)" classname="NUnit.Framework.Attributes.NullableParameterizedTestFixture" runstate="Runnable" testcasecount="1" result="Passed" start-time="2017-02-21 11:04:44Z" end-time="2017-02-21 11:04:44Z" duration="0.002733" total="1" passed="1" failed="0" warnings="0" inconclusive="0" skipped="0" asserts="2">
              <test-case id="0-2100" name="TestAddition" fullname="NUnit.Framework.Attributes.NullableParameterizedTestFixture(null,null,null).TestAddition" methodname="TestAddition" classname="NUnit.Framework.Attributes.NullableParameterizedTestFixture" runstate="Runnable" seed="1449208477" result="Passed" start-time="2017-02-21 11:04:44Z" end-time="2017-02-21 11:04:44Z" duration="0.000059" asserts="2" />
            </test-suite>
          </test-suite>
          <test-suite type="TestFixture" id="0-2021" name="DerivedPropertyAttributeTests" fullname="NUnit.Framework.Attributes.DerivedPropertyAttributeTests" classname="NUnit.Framework.Attributes.DerivedPropertyAttributeTests" runstate="Runnable" testcasecount="11" result="Passed" start-time="2017-02-21 11:04:44Z" end-time="2017-02-21 11:04:44Z" duration="0.040499" total="11" passed="11" failed="0" warnings="0" inconclusive="0" skipped="0" asserts="22">
            <test-suite type="GenericMethod" id="0-2034" name="ConstructWithNoArgs" fullname="NUnit.Framework.Attributes.DerivedPropertyAttributeTests.ConstructWithNoArgs" classname="NUnit.Framework.Attributes.DerivedPropertyAttributeTests" runstate="Runnable" testcasecount="2" result="Passed" start-time="2017-02-21 11:04:44Z" end-time="2017-02-21 11:04:44Z" duration="0.007302" total="2" passed="2" failed="0" warnings="0" inconclusive="0" skipped="0" asserts="4">
              <test-case id="0-2032" name="ConstructWithNoArgs&lt;ParallelScope&gt;(NUnit.Framework.ParallelizableAttribute,&quot;ParallelScope&quot;,Self)" fullname="NUnit.Framework.Attributes.DerivedPropertyAttributeTests.ConstructWithNoArgs&lt;ParallelScope&gt;(NUnit.Framework.ParallelizableAttribute,&quot;ParallelScope&quot;,Self)" methodname="ConstructWithNoArgs" classname="NUnit.Framework.Attributes.DerivedPropertyAttributeTests" runstate="Runnable" seed="39049690" result="Passed" start-time="2017-02-21 11:04:44Z" end-time="2017-02-21 11:04:44Z" duration="0.000754" asserts="2" />
              <test-case id="0-2033" name="ConstructWithNoArgs&lt;Boolean&gt;(NUnit.Framework.RequiresThreadAttribute,&quot;RequiresThread&quot;,True)" fullname="NUnit.Framework.Attributes.DerivedPropertyAttributeTests.ConstructWithNoArgs&lt;Boolean&gt;(NUnit.Framework.RequiresThreadAttribute,&quot;RequiresThread&quot;,True)" methodname="ConstructWithNoArgs" classname="NUnit.Framework.Attributes.DerivedPropertyAttributeTests" runstate="Runnable" seed="1865263158" result="Passed" start-time="2017-02-21 11:04:44Z" end-time="2017-02-21 11:04:44Z" duration="0.000385" asserts="2" />
            </test-suite>
            <test-suite type="GenericMethod" id="0-2031" name="ConstructWithOneArg" fullname="NUnit.Framework.Attributes.DerivedPropertyAttributeTests.ConstructWithOneArg" classname="NUnit.Framework.Attributes.DerivedPropertyAttributeTests" runstate="Runnable" testcasecount="9" result="Passed" start-time="2017-02-21 11:04:44Z" end-time="2017-02-21 11:04:44Z" duration="0.027385" total="9" passed="9" failed="0" warnings="0" inconclusive="0" skipped="0" asserts="18">
              <test-case id="0-2022" name="ConstructWithOneArg&lt;String&gt;(NUnit.Framework.DescriptionAttribute,&quot;Description&quot;,&quot;description&quot;)" fullname="NUnit.Framework.Attributes.DerivedPropertyAttributeTests.ConstructWithOneArg&lt;String&gt;(NUnit.Framework.DescriptionAttribute,&quot;Description&quot;,&quot;description&quot;)" methodname="ConstructWithOneArg" classname="NUnit.Framework.Attributes.DerivedPropertyAttributeTests" runstate="Runnable" seed="1582533449" result="Passed" start-time="2017-02-21 11:04:44Z" end-time="2017-02-21 11:04:44Z" duration="0.000587" asserts="2" />
              <test-case id="0-2023" name="ConstructWithOneArg&lt;Int32&gt;(NUnit.Framework.LevelOfParallelismAttribute,&quot;LevelOfParallelism&quot;,7)" fullname="NUnit.Framework.Attributes.DerivedPropertyAttributeTests.ConstructWithOneArg&lt;Int32&gt;(NUnit.Framework.LevelOfParallelismAttribute,&quot;LevelOfParallelism&quot;,7)" methodname="ConstructWithOneArg" classname="NUnit.Framework.Attributes.DerivedPropertyAttributeTests" runstate="Runnable" seed="1300529753" result="Passed" start-time="2017-02-21 11:04:44Z" end-time="2017-02-21 11:04:44Z" duration="0.000469" asserts="2" />
              <test-case id="0-2024" name="ConstructWithOneArg&lt;Int32&gt;(NUnit.Framework.MaxTimeAttribute,&quot;MaxTime&quot;,50)" fullname="NUnit.Framework.Attributes.DerivedPropertyAttributeTests.ConstructWithOneArg&lt;Int32&gt;(NUnit.Framework.MaxTimeAttribute,&quot;MaxTime&quot;,50)" methodname="ConstructWithOneArg" classname="NUnit.Framework.Attributes.DerivedPropertyAttributeTests" runstate="Runnable" seed="1392638339" result="Passed" start-time="2017-02-21 11:04:44Z" end-time="2017-02-21 11:04:44Z" duration="0.000115" asserts="2" />
              <test-case id="0-2025" name="ConstructWithOneArg&lt;ParallelScope&gt;(NUnit.Framework.ParallelizableAttribute,&quot;ParallelScope&quot;,Fixtures)" fullname="NUnit.Framework.Attributes.DerivedPropertyAttributeTests.ConstructWithOneArg&lt;ParallelScope&gt;(NUnit.Framework.ParallelizableAttribute,&quot;ParallelScope&quot;,Fixtures)" methodname="ConstructWithOneArg" classname="NUnit.Framework.Attributes.DerivedPropertyAttributeTests" runstate="Runnable" seed="1259616854" result="Passed" start-time="2017-02-21 11:04:44Z" end-time="2017-02-21 11:04:44Z" duration="0.000528" asserts="2" />
              <test-case id="0-2026" name="ConstructWithOneArg&lt;String&gt;(NUnit.Framework.SetCultureAttribute,&quot;SetCulture&quot;,&quot;fr-FR&quot;)" fullname="NUnit.Framework.Attributes.DerivedPropertyAttributeTests.ConstructWithOneArg&lt;String&gt;(NUnit.Framework.SetCultureAttribute,&quot;SetCulture&quot;,&quot;fr-FR&quot;)" methodname="ConstructWithOneArg" classname="NUnit.Framework.Attributes.DerivedPropertyAttributeTests" runstate="Runnable" seed="725495103" result="Passed" start-time="2017-02-21 11:04:44Z" end-time="2017-02-21 11:04:44Z" duration="0.000092" asserts="2" />
              <test-case id="0-2027" name="ConstructWithOneArg&lt;String&gt;(NUnit.Framework.SetUICultureAttribute,&quot;SetUICulture&quot;,&quot;fr-FR&quot;)" fullname="NUnit.Framework.Attributes.DerivedPropertyAttributeTests.ConstructWithOneArg&lt;String&gt;(NUnit.Framework.SetUICultureAttribute,&quot;SetUICulture&quot;,&quot;fr-FR&quot;)" methodname="ConstructWithOneArg" classname="NUnit.Framework.Attributes.DerivedPropertyAttributeTests" runstate="Runnable" seed="1492134826" result="Passed" start-time="2017-02-21 11:04:44Z" end-time="2017-02-21 11:04:44Z" duration="0.000208" asserts="2" />
              <test-case id="0-2028" name="ConstructWithOneArg&lt;ApartmentState&gt;(NUnit.Framework.ApartmentAttribute,&quot;ApartmentState&quot;,MTA)" fullname="NUnit.Framework.Attributes.DerivedPropertyAttributeTests.ConstructWithOneArg&lt;ApartmentState&gt;(NUnit.Framework.ApartmentAttribute,&quot;ApartmentState&quot;,MTA)" methodname="ConstructWithOneArg" classname="NUnit.Framework.Attributes.DerivedPropertyAttributeTests" runstate="Runnable" seed="2036146848" result="Passed" start-time="2017-02-21 11:04:44Z" end-time="2017-02-21 11:04:44Z" duration="0.000418" asserts="2" />
              <test-case id="0-2029" name="ConstructWithOneArg&lt;ApartmentState&gt;(NUnit.Framework.ApartmentAttribute,&quot;ApartmentState&quot;,STA)" fullname="NUnit.Framework.Attributes.DerivedPropertyAttributeTests.ConstructWithOneArg&lt;ApartmentState&gt;(NUnit.Framework.ApartmentAttribute,&quot;ApartmentState&quot;,STA)" methodname="ConstructWithOneArg" classname="NUnit.Framework.Attributes.DerivedPropertyAttributeTests" runstate="Runnable" seed="1755109691" result="Passed" start-time="2017-02-21 11:04:44Z" end-time="2017-02-21 11:04:44Z" duration="0.000124" asserts="2" />
              <test-case id="0-2030" name="ConstructWithOneArg&lt;Int32&gt;(NUnit.Framework.TimeoutAttribute,&quot;Timeout&quot;,50)" fullname="NUnit.Framework.Attributes.DerivedPropertyAttributeTests.ConstructWithOneArg&lt;Int32&gt;(NUnit.Framework.TimeoutAttribute,&quot;Timeout&quot;,50)" methodname="ConstructWithOneArg" classname="NUnit.Framework.Attributes.DerivedPropertyAttributeTests" runstate="Runnable" seed="1778961728" result="Passed" start-time="2017-02-21 11:04:44Z" end-time="2017-02-21 11:04:44Z" duration="0.000106" asserts="2" />
            </test-suite>
          </test-suite>
          <test-suite type="TestFixture" id="0-2078" name="PairwiseTest" fullname="NUnit.Framework.Attributes.PairwiseTest" classname="NUnit.Framework.Attributes.PairwiseTest" runstate="Runnable" testcasecount="9" result="Passed" start-time="2017-02-21 11:04:44Z" end-time="2017-02-21 11:04:44Z" duration="0.032656" total="9" passed="9" failed="0" warnings="0" inconclusive="0" skipped="0" asserts="18">
            <test-suite type="ParameterizedMethod" id="0-2088" name="Test" fullname="NUnit.Framework.Attributes.PairwiseTest.Test" classname="NUnit.Framework.Attributes.PairwiseTest" runstate="Runnable" testcasecount="9" result="Passed" start-time="2017-02-21 11:04:44Z" end-time="2017-02-21 11:04:44Z" duration="0.028956" total="9" passed="9" failed="0" warnings="0" inconclusive="0" skipped="0" asserts="18">
              <test-case id="0-2079" name="Test 2x4" fullname="NUnit.Framework.Attributes.PairwiseTest.Test 2x4" methodname="Test" classname="NUnit.Framework.Attributes.PairwiseTest" runstate="Runnable" seed="1360818166" result="Passed" start-time="2017-02-21 11:04:44Z" end-time="2017-02-21 11:04:44Z" duration="0.001184" asserts="2" />
              <test-case id="0-2080" name="Test 2x2x2" fullname="NUnit.Framework.Attributes.PairwiseTest.Test 2x2x2" methodname="Test" classname="NUnit.Framework.Attributes.PairwiseTest" runstate="Runnable" seed="623916451" result="Passed" start-time="2017-02-21 11:04:44Z" end-time="2017-02-21 11:04:44Z" duration="0.000245" asserts="2" />
              <test-case id="0-2081" name="Test 3x2x2" fullname="NUnit.Framework.Attributes.PairwiseTest.Test 3x2x2" methodname="Test" classname="NUnit.Framework.Attributes.PairwiseTest" runstate="Runnable" seed="1353853532" result="Passed" start-time="2017-02-21 11:04:44Z" end-time="2017-02-21 11:04:44Z" duration="0.000849" asserts="2" />
              <test-case id="0-2082" name="Test 3x2x2x2" fullname="NUnit.Framework.Attributes.PairwiseTest.Test 3x2x2x2" methodname="Test" classname="NUnit.Framework.Attributes.PairwiseTest" runstate="Runnable" seed="1561991655" result="Passed" start-time="2017-02-21 11:04:44Z" end-time="2017-02-21 11:04:44Z" duration="0.000256" asserts="2" />
              <test-case id="0-2083" name="Test 3x2x2x2x2" fullname="NUnit.Framework.Attributes.PairwiseTest.Test 3x2x2x2x2" methodname="Test" classname="NUnit.Framework.Attributes.PairwiseTest" runstate="Runnable" seed="9063117" result="Passed" start-time="2017-02-21 11:04:44Z" end-time="2017-02-21 11:04:44Z" duration="0.000278" asserts="2" />
              <test-case id="0-2084" name="Test 3x2x2x2x2x2" fullname="NUnit.Framework.Attributes.PairwiseTest.Test 3x2x2x2x2x2" methodname="Test" classname="NUnit.Framework.Attributes.PairwiseTest" runstate="Runnable" seed="722960929" result="Passed" start-time="2017-02-21 11:04:44Z" end-time="2017-02-21 11:04:44Z" duration="0.000468" asserts="2" />
              <test-case id="0-2085" name="Test 3x3x3" fullname="NUnit.Framework.Attributes.PairwiseTest.Test 3x3x3" methodname="Test" classname="NUnit.Framework.Attributes.PairwiseTest" runstate="Runnable" seed="696587740" result="Passed" start-time="2017-02-21 11:04:44Z" end-time="2017-02-21 11:04:44Z" duration="0.000198" asserts="2" />
              <test-case id="0-2086" name="Test 4x4x4" fullname="NUnit.Framework.Attributes.PairwiseTest.Test 4x4x4" methodname="Test" classname="NUnit.Framework.Attributes.PairwiseTest" runstate="Runnable" seed="370831119" result="Passed" start-time="2017-02-21 11:04:44Z" end-time="2017-02-21 11:04:44Z" duration="0.000595" asserts="2" />
              <test-case id="0-2087" name="Test 5x5x5" fullname="NUnit.Framework.Attributes.PairwiseTest.Test 5x5x5" methodname="Test" classname="NUnit.Framework.Attributes.PairwiseTest" runstate="Runnable" seed="111618059" result="Passed" start-time="2017-02-21 11:04:44Z" end-time="2017-02-21 11:04:44Z" duration="0.000818" asserts="2" />
            </test-suite>
          </test-suite>
          <test-suite type="TestFixture" id="0-2089" name="PairwiseTest+LiveTest" fullname="NUnit.Framework.Attributes.PairwiseTest+LiveTest" classname="NUnit.Framework.Attributes.PairwiseTest+LiveTest" runstate="Runnable" testcasecount="6" result="Passed" start-time="2017-02-21 11:04:44Z" end-time="2017-02-21 11:04:44Z" duration="0.019606" total="6" passed="6" failed="0" warnings="0" inconclusive="0" skipped="0" asserts="1">
            <test-suite type="ParameterizedMethod" id="0-2096" name="Test" fullname="NUnit.Framework.Attributes.PairwiseTest+LiveTest.Test" classname="NUnit.Framework.Attributes.PairwiseTest+LiveTest" runstate="Runnable" testcasecount="6" result="Passed" start-time="2017-02-21 11:04:44Z" end-time="2017-02-21 11:04:44Z" duration="0.016355" total="6" passed="6" failed="0" warnings="0" inconclusive="0" skipped="0" asserts="0">
              <properties>
                <property name="_JOINTYPE" value="Pairwise" />
              </properties>
              <test-case id="0-2090" name="Test(&quot;a&quot;,&quot;+&quot;,&quot;y&quot;)" fullname="NUnit.Framework.Attributes.PairwiseTest+LiveTest.Test(&quot;a&quot;,&quot;+&quot;,&quot;y&quot;)" methodname="Test" classname="NUnit.Framework.Attributes.PairwiseTest+LiveTest" runstate="Runnable" seed="1064737475" result="Passed" start-time="2017-02-21 11:04:44Z" end-time="2017-02-21 11:04:44Z" duration="0.000195" asserts="0" />
              <test-case id="0-2091" name="Test(&quot;a&quot;,&quot;-&quot;,&quot;x&quot;)" fullname="NUnit.Framework.Attributes.PairwiseTest+LiveTest.Test(&quot;a&quot;,&quot;-&quot;,&quot;x&quot;)" methodname="Test" classname="NUnit.Framework.Attributes.PairwiseTest+LiveTest" runstate="Runnable" seed="1953654184" result="Passed" start-time="2017-02-21 11:04:44Z" end-time="2017-02-21 11:04:44Z" duration="0.000039" asserts="0" />
              <test-case id="0-2092" name="Test(&quot;b&quot;,&quot;-&quot;,&quot;y&quot;)" fullname="NUnit.Framework.Attributes.PairwiseTest+LiveTest.Test(&quot;b&quot;,&quot;-&quot;,&quot;y&quot;)" methodname="Test" classname="NUnit.Framework.Attributes.PairwiseTest+LiveTest" runstate="Runnable" seed="503236661" result="Passed" start-time="2017-02-21 11:04:44Z" end-time="2017-02-21 11:04:44Z" duration="0.000037" asserts="0" />
              <test-case id="0-2093" name="Test(&quot;b&quot;,&quot;+&quot;,&quot;x&quot;)" fullname="NUnit.Framework.Attributes.PairwiseTest+LiveTest.Test(&quot;b&quot;,&quot;+&quot;,&quot;x&quot;)" methodname="Test" classname="NUnit.Framework.Attributes.PairwiseTest+LiveTest" runstate="Runnable" seed="1137629178" result="Passed" start-time="2017-02-21 11:04:44Z" end-time="2017-02-21 11:04:44Z" duration="0.000040" asserts="0" />
              <test-case id="0-2094" name="Test(&quot;c&quot;,&quot;-&quot;,&quot;x&quot;)" fullname="NUnit.Framework.Attributes.PairwiseTest+LiveTest.Test(&quot;c&quot;,&quot;-&quot;,&quot;x&quot;)" methodname="Test" classname="NUnit.Framework.Attributes.PairwiseTest+LiveTest" runstate="Runnable" seed="508721231" result="Passed" start-time="2017-02-21 11:04:44Z" end-time="2017-02-21 11:04:44Z" duration="0.000036" asserts="0" />
              <test-case id="0-2095" name="Test(&quot;c&quot;,&quot;+&quot;,&quot;y&quot;)" fullname="NUnit.Framework.Attributes.PairwiseTest+LiveTest.Test(&quot;c&quot;,&quot;+&quot;,&quot;y&quot;)" methodname="Test" classname="NUnit.Framework.Attributes.PairwiseTest+LiveTest" runstate="Runnable" seed="244202131" result="Passed" start-time="2017-02-21 11:04:44Z" end-time="2017-02-21 11:04:44Z" duration="0.000034" asserts="0" />
            </test-suite>
          </test-suite>
          <test-suite type="ParameterizedFixture" id="0-2117" name="ParameterizedTestFixture" fullname="NUnit.Framework.Attributes.ParameterizedTestFixture" runstate="Runnable" testcasecount="10" result="Passed" start-time="2017-02-21 11:04:43Z" end-time="2017-02-21 11:04:44Z" duration="1.609593" total="10" passed="10" failed="0" warnings="0" inconclusive="0" skipped="0" asserts="15">
            <test-suite type="TestFixture" id="0-2102" name="ParameterizedTestFixture(&quot;hello&quot;,&quot;hello&quot;,&quot;goodbye&quot;)" fullname="NUnit.Framework.Attributes.ParameterizedTestFixture(&quot;hello&quot;,&quot;hello&quot;,&quot;goodbye&quot;)" classname="NUnit.Framework.Attributes.ParameterizedTestFixture" runstate="Runnable" testcasecount="2" result="Passed" start-time="2017-02-21 11:04:44Z" end-time="2017-02-21 11:04:44Z" duration="0.007318" total="2" passed="2" failed="0" warnings="0" inconclusive="0" skipped="0" asserts="4">
              <test-case id="0-2103" name="TestEquality" fullname="NUnit.Framework.Attributes.ParameterizedTestFixture(&quot;hello&quot;,&quot;hello&quot;,&quot;goodbye&quot;).TestEquality" methodname="TestEquality" classname="NUnit.Framework.Attributes.ParameterizedTestFixture" runstate="Runnable" seed="817567342" result="Passed" start-time="2017-02-21 11:04:44Z" end-time="2017-02-21 11:04:44Z" duration="0.000112" asserts="2" />
              <test-case id="0-2104" name="TestInequality" fullname="NUnit.Framework.Attributes.ParameterizedTestFixture(&quot;hello&quot;,&quot;hello&quot;,&quot;goodbye&quot;).TestInequality" methodname="TestInequality" classname="NUnit.Framework.Attributes.ParameterizedTestFixture" runstate="Runnable" seed="1324173880" result="Passed" start-time="2017-02-21 11:04:44Z" end-time="2017-02-21 11:04:44Z" duration="0.000170" asserts="2" />
            </test-suite>
            <test-suite type="TestFixture" id="0-2105" name="ParameterizedTestFixture(&quot;zip&quot;,&quot;zip&quot;)" fullname="NUnit.Framework.Attributes.ParameterizedTestFixture(&quot;zip&quot;,&quot;zip&quot;)" classname="NUnit.Framework.Attributes.ParameterizedTestFixture" runstate="Runnable" testcasecount="2" result="Passed" start-time="2017-02-21 11:04:44Z" end-time="2017-02-21 11:04:44Z" duration="0.005296" total="2" passed="2" failed="0" warnings="0" inconclusive="0" skipped="0" asserts="3">
              <test-case id="0-2106" name="TestEquality" fullname="NUnit.Framework.Attributes.ParameterizedTestFixture(&quot;zip&quot;,&quot;zip&quot;).TestEquality" methodname="TestEquality" classname="NUnit.Framework.Attributes.ParameterizedTestFixture" runstate="Runnable" seed="1604139704" result="Passed" start-time="2017-02-21 11:04:44Z" end-time="2017-02-21 11:04:44Z" duration="0.000037" asserts="2" />
              <test-case id="0-2107" name="TestInequality" fullname="NUnit.Framework.Attributes.ParameterizedTestFixture(&quot;zip&quot;,&quot;zip&quot;).TestInequality" methodname="TestInequality" classname="NUnit.Framework.Attributes.ParameterizedTestFixture" runstate="Runnable" seed="1298615883" result="Passed" start-time="2017-02-21 11:04:44Z" end-time="2017-02-21 11:04:44Z" duration="0.000037" asserts="1" />
            </test-suite>
            <test-suite type="TestFixture" id="0-2108" name="ParameterizedTestFixture(42,42,99)" fullname="NUnit.Framework.Attributes.ParameterizedTestFixture(42,42,99)" classname="NUnit.Framework.Attributes.ParameterizedTestFixture" runstate="Runnable" testcasecount="2" result="Passed" start-time="2017-02-21 11:04:44Z" end-time="2017-02-21 11:04:44Z" duration="0.006080" total="2" passed="2" failed="0" warnings="0" inconclusive="0" skipped="0" asserts="4">
              <test-case id="0-2109" name="TestEquality" fullname="NUnit.Framework.Attributes.ParameterizedTestFixture(42,42,99).TestEquality" methodname="TestEquality" classname="NUnit.Framework.Attributes.ParameterizedTestFixture" runstate="Runnable" seed="1996703086" result="Passed" start-time="2017-02-21 11:04:44Z" end-time="2017-02-21 11:04:44Z" duration="0.000057" asserts="2" />
              <test-case id="0-2110" name="TestInequality" fullname="NUnit.Framework.Attributes.ParameterizedTestFixture(42,42,99).TestInequality" methodname="TestInequality" classname="NUnit.Framework.Attributes.ParameterizedTestFixture" runstate="Runnable" seed="232879276" result="Passed" start-time="2017-02-21 11:04:44Z" end-time="2017-02-21 11:04:44Z" duration="0.000036" asserts="2" />
            </test-suite>
            <test-suite type="TestFixture" id="0-2111" name="ParameterizedTestFixture(null,null,&quot;null test&quot;)" fullname="NUnit.Framework.Attributes.ParameterizedTestFixture(null,null,&quot;null test&quot;)" classname="NUnit.Framework.Attributes.ParameterizedTestFixture" runstate="Runnable" testcasecount="2" result="Passed" start-time="2017-02-21 11:04:44Z" end-time="2017-02-21 11:04:44Z" duration="0.004818" total="2" passed="2" failed="0" warnings="0" inconclusive="0" skipped="0" asserts="2">
              <test-case id="0-2112" name="TestEquality" fullname="NUnit.Framework.Attributes.ParameterizedTestFixture(null,null,&quot;null test&quot;).TestEquality" methodname="TestEquality" classname="NUnit.Framework.Attributes.ParameterizedTestFixture" runstate="Runnable" seed="94073689" result="Passed" start-time="2017-02-21 11:04:44Z" end-time="2017-02-21 11:04:44Z" duration="0.000025" asserts="1" />
              <test-case id="0-2113" name="TestInequality" fullname="NUnit.Framework.Attributes.ParameterizedTestFixture(null,null,&quot;null test&quot;).TestInequality" methodname="TestInequality" classname="NUnit.Framework.Attributes.ParameterizedTestFixture" runstate="Runnable" seed="1790941224" result="Passed" start-time="2017-02-21 11:04:44Z" end-time="2017-02-21 11:04:44Z" duration="0.000034" asserts="1" />
            </test-suite>
            <test-suite type="TestFixture" id="0-2114" name="ParameterizedTestFixture(null,null,&quot;typed null test&quot;)" fullname="NUnit.Framework.Attributes.ParameterizedTestFixture(null,null,&quot;typed null test&quot;)" classname="NUnit.Framework.Attributes.ParameterizedTestFixture" runstate="Runnable" testcasecount="2" result="Passed" start-time="2017-02-21 11:04:44Z" end-time="2017-02-21 11:04:44Z" duration="0.005404" total="2" passed="2" failed="0" warnings="0" inconclusive="0" skipped="0" asserts="2">
              <test-case id="0-2115" name="TestEquality" fullname="NUnit.Framework.Attributes.ParameterizedTestFixture(null,null,&quot;typed null test&quot;).TestEquality" methodname="TestEquality" classname="NUnit.Framework.Attributes.ParameterizedTestFixture" runstate="Runnable" seed="1047799215" result="Passed" start-time="2017-02-21 11:04:44Z" end-time="2017-02-21 11:04:44Z" duration="0.000033" asserts="1" />
              <test-case id="0-2116" name="TestInequality" fullname="NUnit.Framework.Attributes.ParameterizedTestFixture(null,null,&quot;typed null test&quot;).TestInequality" methodname="TestInequality" classname="NUnit.Framework.Attributes.ParameterizedTestFixture" runstate="Runnable" seed="1077137583" result="Passed" start-time="2017-02-21 11:04:44Z" end-time="2017-02-21 11:04:44Z" duration="0.000480" asserts="1" />
            </test-suite>
          </test-suite>
          <test-suite type="TestFixture" id="0-2050" name="OneTimeSetupTearDownTest" fullname="NUnit.Framework.Attributes.OneTimeSetupTearDownTest" classname="NUnit.Framework.Attributes.OneTimeSetupTearDownTest" runstate="Runnable" testcasecount="24" result="Passed" start-time="2017-02-21 11:04:44Z" end-time="2017-02-21 11:04:44Z" duration="0.110392" total="24" passed="24" failed="0" warnings="0" inconclusive="0" skipped="0" asserts="0">
            <test-case id="0-2059" name="BaseSetUpCalledFirstAndTearDownCalledLast" fullname="NUnit.Framework.Attributes.OneTimeSetupTearDownTest.BaseSetUpCalledFirstAndTearDownCalledLast" methodname="BaseSetUpCalledFirstAndTearDownCalledLast" classname="NUnit.Framework.Attributes.OneTimeSetupTearDownTest" runstate="Runnable" seed="1280929880" result="Passed" start-time="2017-02-21 11:04:44Z" end-time="2017-02-21 11:04:44Z" duration="0.002480" asserts="0" />
            <test-case id="0-2055" name="CheckInheritedSetUpAndTearDownAreCalled" fullname="NUnit.Framework.Attributes.OneTimeSetupTearDownTest.CheckInheritedSetUpAndTearDownAreCalled" methodname="CheckInheritedSetUpAndTearDownAreCalled" classname="NUnit.Framework.Attributes.OneTimeSetupTearDownTest" runstate="Runnable" seed="1405858763" result="Passed" start-time="2017-02-21 11:04:44Z" end-time="2017-02-21 11:04:44Z" duration="0.001828" asserts="0" />
            <test-case id="0-2073" name="DisposeCalledOnceWhenFixtureImplementsIDisposable" fullname="NUnit.Framework.Attributes.OneTimeSetupTearDownTest.DisposeCalledOnceWhenFixtureImplementsIDisposable" methodname="DisposeCalledOnceWhenFixtureImplementsIDisposable" classname="NUnit.Framework.Attributes.OneTimeSetupTearDownTest" runstate="Runnable" seed="555959999" result="Passed" start-time="2017-02-21 11:04:44Z" end-time="2017-02-21 11:04:44Z" duration="0.001390" asserts="0" />
            <test-case id="0-2074" name="DisposeCalledOnceWhenFixtureImplementsIDisposableAndHasTestCases" fullname="NUnit.Framework.Attributes.OneTimeSetupTearDownTest.DisposeCalledOnceWhenFixtureImplementsIDisposableAndHasTestCases" methodname="DisposeCalledOnceWhenFixtureImplementsIDisposableAndHasTestCases" classname="NUnit.Framework.Attributes.OneTimeSetupTearDownTest" runstate="Runnable" seed="1268030639" result="Passed" start-time="2017-02-21 11:04:44Z" end-time="2017-02-21 11:04:44Z" duration="0.001334" asserts="0" />
            <test-case id="0-2060" name="FailedBaseSetUpCausesDerivedSetUpAndTeardownToBeSkipped" fullname="NUnit.Framework.Attributes.OneTimeSetupTearDownTest.FailedBaseSetUpCausesDerivedSetUpAndTeardownToBeSkipped" methodname="FailedBaseSetUpCausesDerivedSetUpAndTeardownToBeSkipped" classname="NUnit.Framework.Attributes.OneTimeSetupTearDownTest" runstate="Runnable" seed="334536457" result="Passed" start-time="2017-02-21 11:04:44Z" end-time="2017-02-21 11:04:44Z" duration="0.001658" asserts="0" />
            <test-case id="0-2072" name="FixtureWithNoTestsShouldNotCallFixtureSetUpOrTearDown" fullname="NUnit.Framework.Attributes.OneTimeSetupTearDownTest.FixtureWithNoTestsShouldNotCallFixtureSetUpOrTearDown" methodname="FixtureWithNoTestsShouldNotCallFixtureSetUpOrTearDown" classname="NUnit.Framework.Attributes.OneTimeSetupTearDownTest" runstate="Runnable" seed="219082307" result="Passed" start-time="2017-02-21 11:04:44Z" end-time="2017-02-21 11:04:44Z" duration="0.000789" asserts="0" />
            <test-case id="0-2062" name="HandleErrorInFixtureSetup" fullname="NUnit.Framework.Attributes.OneTimeSetupTearDownTest.HandleErrorInFixtureSetup" methodname="HandleErrorInFixtureSetup" classname="NUnit.Framework.Attributes.OneTimeSetupTearDownTest" runstate="Runnable" seed="585313862" result="Passed" start-time="2017-02-21 11:04:44Z" end-time="2017-02-21 11:04:44Z" duration="0.003690" asserts="0" />
            <test-case id="0-2065" name="HandleErrorInFixtureTearDown" fullname="NUnit.Framework.Attributes.OneTimeSetupTearDownTest.HandleErrorInFixtureTearDown" methodname="HandleErrorInFixtureTearDown" classname="NUnit.Framework.Attributes.OneTimeSetupTearDownTest" runstate="Runnable" seed="1004518786" result="Passed" start-time="2017-02-21 11:04:44Z" end-time="2017-02-21 11:04:44Z" duration="0.001925" asserts="0" />
            <test-case id="0-2067" name="HandleErrorInFixtureTearDownAfterErrorInFixtureSetUp" fullname="NUnit.Framework.Attributes.OneTimeSetupTearDownTest.HandleErrorInFixtureTearDownAfterErrorInFixtureSetUp" methodname="HandleErrorInFixtureTearDownAfterErrorInFixtureSetUp" classname="NUnit.Framework.Attributes.OneTimeSetupTearDownTest" runstate="Runnable" seed="547493671" result="Passed" start-time="2017-02-21 11:04:44Z" end-time="2017-02-21 11:04:44Z" duration="0.001048" asserts="0" />
            <test-case id="0-2066" name="HandleErrorInFixtureTearDownAfterErrorInTest" fullname="NUnit.Framework.Attributes.OneTimeSetupTearDownTest.HandleErrorInFixtureTearDownAfterErrorInTest" methodname="HandleErrorInFixtureTearDownAfterErrorInTest" classname="NUnit.Framework.Attributes.OneTimeSetupTearDownTest" runstate="Runnable" seed="1226645938" result="Passed" start-time="2017-02-21 11:04:44Z" end-time="2017-02-21 11:04:44Z" duration="0.000911" asserts="0" />
            <test-case id="0-2068" name="HandleExceptionInFixtureConstructor" fullname="NUnit.Framework.Attributes.OneTimeSetupTearDownTest.HandleExceptionInFixtureConstructor" methodname="HandleExceptionInFixtureConstructor" classname="NUnit.Framework.Attributes.OneTimeSetupTearDownTest" runstate="Runnable" seed="298051703" result="Passed" start-time="2017-02-21 11:04:44Z" end-time="2017-02-21 11:04:44Z" duration="0.001499" asserts="0" />
            <test-case id="0-2064" name="HandleIgnoreInFixtureSetup" fullname="NUnit.Framework.Attributes.OneTimeSetupTearDownTest.HandleIgnoreInFixtureSetup" methodname="HandleIgnoreInFixtureSetup" classname="NUnit.Framework.Attributes.OneTimeSetupTearDownTest" runstate="Runnable" seed="2029295411" result="Passed" start-time="2017-02-21 11:04:44Z" end-time="2017-02-21 11:04:44Z" duration="0.001286" asserts="0" />
            <test-case id="0-2070" name="HandleSetUpAndTearDownWithTestInName" fullname="NUnit.Framework.Attributes.OneTimeSetupTearDownTest.HandleSetUpAndTearDownWithTestInName" methodname="HandleSetUpAndTearDownWithTestInName" classname="NUnit.Framework.Attributes.OneTimeSetupTearDownTest" runstate="Runnable" seed="189720292" result="Passed" start-time="2017-02-21 11:04:44Z" end-time="2017-02-21 11:04:44Z" duration="0.001117" asserts="0" />
            <test-case id="0-2071" name="IgnoredFixtureShouldNotCallFixtureSetUpOrTearDown" fullname="NUnit.Framework.Attributes.OneTimeSetupTearDownTest.IgnoredFixtureShouldNotCallFixtureSetUpOrTearDown" methodname="IgnoredFixtureShouldNotCallFixtureSetUpOrTearDown" classname="NUnit.Framework.Attributes.OneTimeSetupTearDownTest" runstate="Runnable" seed="1060244663" result="Passed" start-time="2017-02-21 11:04:44Z" end-time="2017-02-21 11:04:44Z" duration="0.001255" asserts="0" />
            <test-case id="0-2051" name="MakeSureSetUpAndTearDownAreCalled" fullname="NUnit.Framework.Attributes.OneTimeSetupTearDownTest.MakeSureSetUpAndTearDownAreCalled" methodname="MakeSureSetUpAndTearDownAreCalled" classname="NUnit.Framework.Attributes.OneTimeSetupTearDownTest" runstate="Runnable" seed="374171799" result="Passed" start-time="2017-02-21 11:04:44Z" end-time="2017-02-21 11:04:44Z" duration="0.001469" asserts="0" />
            <test-case id="0-2052" name="MakeSureSetUpAndTearDownAreCalledOnFixtureWithTestCases" fullname="NUnit.Framework.Attributes.OneTimeSetupTearDownTest.MakeSureSetUpAndTearDownAreCalledOnFixtureWithTestCases" methodname="MakeSureSetUpAndTearDownAreCalledOnFixtureWithTestCases" classname="NUnit.Framework.Attributes.OneTimeSetupTearDownTest" runstate="Runnable" seed="1854219463" result="Passed" start-time="2017-02-21 11:04:44Z" end-time="2017-02-21 11:04:44Z" duration="0.003375" asserts="0" />
            <test-case id="0-2053" name="MakeSureSetUpAndTearDownAreCalledOnFixtureWithTheories" fullname="NUnit.Framework.Attributes.OneTimeSetupTearDownTest.MakeSureSetUpAndTearDownAreCalledOnFixtureWithTheories" methodname="MakeSureSetUpAndTearDownAreCalledOnFixtureWithTheories" classname="NUnit.Framework.Attributes.OneTimeSetupTearDownTest" runstate="Runnable" seed="2073645959" result="Passed" start-time="2017-02-21 11:04:44Z" end-time="2017-02-21 11:04:44Z" duration="0.002904" asserts="0" />
            <test-case id="0-2054" name="MakeSureSetUpAndTearDownAreNotCalledOnExplicitFixture" fullname="NUnit.Framework.Attributes.OneTimeSetupTearDownTest.MakeSureSetUpAndTearDownAreNotCalledOnExplicitFixture" methodname="MakeSureSetUpAndTearDownAreNotCalledOnExplicitFixture" classname="NUnit.Framework.Attributes.OneTimeSetupTearDownTest" runstate="Runnable" seed="2033915900" result="Passed" start-time="2017-02-21 11:04:44Z" end-time="2017-02-21 11:04:44Z" duration="0.001076" asserts="0" />
            <test-case id="0-2058" name="OverriddenSetUpAndTearDownAreNotCalled" fullname="NUnit.Framework.Attributes.OneTimeSetupTearDownTest.OverriddenSetUpAndTearDownAreNotCalled" methodname="OverriddenSetUpAndTearDownAreNotCalled" classname="NUnit.Framework.Attributes.OneTimeSetupTearDownTest" runstate="Runnable" seed="673072518" result="Passed" start-time="2017-02-21 11:04:44Z" end-time="2017-02-21 11:04:44Z" duration="0.001954" asserts="0" />
            <test-case id="0-2063" name="RerunFixtureAfterSetUpFixed" fullname="NUnit.Framework.Attributes.OneTimeSetupTearDownTest.RerunFixtureAfterSetUpFixed" methodname="RerunFixtureAfterSetUpFixed" classname="NUnit.Framework.Attributes.OneTimeSetupTearDownTest" runstate="Runnable" seed="1659734567" result="Passed" start-time="2017-02-21 11:04:44Z" end-time="2017-02-21 11:04:44Z" duration="0.001262" asserts="0" />
            <test-case id="0-2069" name="RerunFixtureAfterTearDownFixed" fullname="NUnit.Framework.Attributes.OneTimeSetupTearDownTest.RerunFixtureAfterTearDownFixed" methodname="RerunFixtureAfterTearDownFixed" classname="NUnit.Framework.Attributes.OneTimeSetupTearDownTest" runstate="Runnable" seed="1092482225" result="Passed" start-time="2017-02-21 11:04:44Z" end-time="2017-02-21 11:04:44Z" duration="0.001526" asserts="0" />
            <test-case id="0-2061" name="StaticBaseSetUpCalledFirstAndTearDownCalledLast" fullname="NUnit.Framework.Attributes.OneTimeSetupTearDownTest.StaticBaseSetUpCalledFirstAndTearDownCalledLast" methodname="StaticBaseSetUpCalledFirstAndTearDownCalledLast" classname="NUnit.Framework.Attributes.OneTimeSetupTearDownTest" runstate="Runnable" seed="449415235" result="Passed" start-time="2017-02-21 11:04:44Z" end-time="2017-02-21 11:04:44Z" duration="0.001647" asserts="0" />
            <test-case id="0-2057" name="StaticClassSetUpAndTearDownAreCalled" fullname="NUnit.Framework.Attributes.OneTimeSetupTearDownTest.StaticClassSetUpAndTearDownAreCalled" methodname="StaticClassSetUpAndTearDownAreCalled" classname="NUnit.Framework.Attributes.OneTimeSetupTearDownTest" runstate="Runnable" seed="322573295" result="Passed" start-time="2017-02-21 11:04:44Z" end-time="2017-02-21 11:04:44Z" duration="0.002340" asserts="0" />
            <test-case id="0-2056" name="StaticSetUpAndTearDownAreCalled" fullname="NUnit.Framework.Attributes.OneTimeSetupTearDownTest.StaticSetUpAndTearDownAreCalled" methodname="StaticSetUpAndTearDownAreCalled" classname="NUnit.Framework.Attributes.OneTimeSetupTearDownTest" runstate="Runnable" seed="1471745128" result="Passed" start-time="2017-02-21 11:04:44Z" end-time="2017-02-21 11:04:44Z" duration="0.001133" asserts="0" />
          </test-suite>
          <test-suite type="TestFixture" id="0-2124" name="ParameterizedTestFixtureTests" fullname="NUnit.Framework.Attributes.ParameterizedTestFixtureTests" classname="NUnit.Framework.Attributes.ParameterizedTestFixtureTests" runstate="Runnable" testcasecount="2" result="Passed" start-time="2017-02-21 11:04:44Z" end-time="2017-02-21 11:04:44Z" duration="0.009133" total="2" passed="2" failed="0" warnings="0" inconclusive="0" skipped="0" asserts="2">
            <test-case id="0-2125" name="CanSpecifyCategory" fullname="NUnit.Framework.Attributes.ParameterizedTestFixtureTests.CanSpecifyCategory" methodname="CanSpecifyCategory" classname="NUnit.Framework.Attributes.ParameterizedTestFixtureTests" runstate="Runnable" seed="364521098" result="Passed" start-time="2017-02-21 11:04:44Z" end-time="2017-02-21 11:04:44Z" duration="0.001019" asserts="1" />
            <test-case id="0-2126" name="CanSpecifyMultipleCategories" fullname="NUnit.Framework.Attributes.ParameterizedTestFixtureTests.CanSpecifyMultipleCategories" methodname="CanSpecifyMultipleCategories" classname="NUnit.Framework.Attributes.ParameterizedTestFixtureTests" runstate="Runnable" seed="217011216" result="Passed" start-time="2017-02-21 11:04:44Z" end-time="2017-02-21 11:04:44Z" duration="0.003172" asserts="1" />
          </test-suite>
          <test-suite type="TestFixture" id="0-2118" name="ParameterizedTestFixtureNamingTests" fullname="NUnit.Framework.Attributes.ParameterizedTestFixtureNamingTests" classname="NUnit.Framework.Attributes.ParameterizedTestFixtureNamingTests" runstate="Runnable" testcasecount="5" result="Passed" start-time="2017-02-21 11:04:44Z" end-time="2017-02-21 11:04:44Z" duration="0.020075" total="5" passed="5" failed="0" warnings="0" inconclusive="0" skipped="0" asserts="10">
            <test-case id="0-2121" name="FixtureInstancesAreNamedCorrectly" fullname="NUnit.Framework.Attributes.ParameterizedTestFixtureNamingTests.FixtureInstancesAreNamedCorrectly" methodname="FixtureInstancesAreNamedCorrectly" classname="NUnit.Framework.Attributes.ParameterizedTestFixtureNamingTests" runstate="Runnable" seed="1704832475" result="Passed" start-time="2017-02-21 11:04:44Z" end-time="2017-02-21 11:04:44Z" duration="0.001895" asserts="2" />
            <test-case id="0-2122" name="MethodWithoutParamsIsNamedCorrectly" fullname="NUnit.Framework.Attributes.ParameterizedTestFixtureNamingTests.MethodWithoutParamsIsNamedCorrectly" methodname="MethodWithoutParamsIsNamedCorrectly" classname="NUnit.Framework.Attributes.ParameterizedTestFixtureNamingTests" runstate="Runnable" seed="373192691" result="Passed" start-time="2017-02-21 11:04:44Z" end-time="2017-02-21 11:04:44Z" duration="0.000854" asserts="2" />
            <test-case id="0-2123" name="MethodWithParamsIsNamedCorrectly" fullname="NUnit.Framework.Attributes.ParameterizedTestFixtureNamingTests.MethodWithParamsIsNamedCorrectly" methodname="MethodWithParamsIsNamedCorrectly" classname="NUnit.Framework.Attributes.ParameterizedTestFixtureNamingTests" runstate="Runnable" seed="1988771559" result="Passed" start-time="2017-02-21 11:04:44Z" end-time="2017-02-21 11:04:44Z" duration="0.001721" asserts="3" />
            <test-case id="0-2120" name="SuiteHasCorrectNumberOfInstances" fullname="NUnit.Framework.Attributes.ParameterizedTestFixtureNamingTests.SuiteHasCorrectNumberOfInstances" methodname="SuiteHasCorrectNumberOfInstances" classname="NUnit.Framework.Attributes.ParameterizedTestFixtureNamingTests" runstate="Runnable" seed="2023339795" result="Passed" start-time="2017-02-21 11:04:44Z" end-time="2017-02-21 11:04:44Z" duration="0.001509" asserts="1" />
            <test-case id="0-2119" name="TopLevelSuiteIsNamedCorrectly" fullname="NUnit.Framework.Attributes.ParameterizedTestFixtureNamingTests.TopLevelSuiteIsNamedCorrectly" methodname="TopLevelSuiteIsNamedCorrectly" classname="NUnit.Framework.Attributes.ParameterizedTestFixtureNamingTests" runstate="Runnable" seed="1224358968" result="Passed" start-time="2017-02-21 11:04:44Z" end-time="2017-02-21 11:04:44Z" duration="0.000773" asserts="2" />
          </test-suite>
          <test-suite type="ParameterizedFixture" id="0-2131" name="ParameterizedTestFixtureWithTypeAsArgument" fullname="NUnit.Framework.Attributes.ParameterizedTestFixtureWithTypeAsArgument" runstate="Runnable" testcasecount="2" result="Passed" start-time="2017-02-21 11:04:43Z" end-time="2017-02-21 11:04:44Z" duration="1.636192" total="2" passed="2" failed="0" warnings="0" inconclusive="0" skipped="0" asserts="2">
            <test-suite type="TestFixture" id="0-2127" name="ParameterizedTestFixtureWithTypeAsArgument(System.Int32)" fullname="NUnit.Framework.Attributes.ParameterizedTestFixtureWithTypeAsArgument(System.Int32)" classname="NUnit.Framework.Attributes.ParameterizedTestFixtureWithTypeAsArgument" runstate="Runnable" testcasecount="1" result="Passed" start-time="2017-02-21 11:04:44Z" end-time="2017-02-21 11:04:44Z" duration="0.002747" total="1" passed="1" failed="0" warnings="0" inconclusive="0" skipped="0" asserts="1">
              <test-case id="0-2128" name="MakeSureTypeIsInSystemNamespace" fullname="NUnit.Framework.Attributes.ParameterizedTestFixtureWithTypeAsArgument(System.Int32).MakeSureTypeIsInSystemNamespace" methodname="MakeSureTypeIsInSystemNamespace" classname="NUnit.Framework.Attributes.ParameterizedTestFixtureWithTypeAsArgument" runstate="Runnable" seed="2113740736" result="Passed" start-time="2017-02-21 11:04:44Z" end-time="2017-02-21 11:04:44Z" duration="0.000121" asserts="1" />
            </test-suite>
            <test-suite type="TestFixture" id="0-2129" name="ParameterizedTestFixtureWithTypeAsArgument(System.String)" fullname="NUnit.Framework.Attributes.ParameterizedTestFixtureWithTypeAsArgument(System.String)" classname="NUnit.Framework.Attributes.ParameterizedTestFixtureWithTypeAsArgument" runstate="Runnable" testcasecount="1" result="Passed" start-time="2017-02-21 11:04:44Z" end-time="2017-02-21 11:04:44Z" duration="0.002642" total="1" passed="1" failed="0" warnings="0" inconclusive="0" skipped="0" asserts="1">
              <test-case id="0-2130" name="MakeSureTypeIsInSystemNamespace" fullname="NUnit.Framework.Attributes.ParameterizedTestFixtureWithTypeAsArgument(System.String).MakeSureTypeIsInSystemNamespace" methodname="MakeSureTypeIsInSystemNamespace" classname="NUnit.Framework.Attributes.ParameterizedTestFixtureWithTypeAsArgument" runstate="Runnable" seed="30729307" result="Passed" start-time="2017-02-21 11:04:44Z" end-time="2017-02-21 11:04:44Z" duration="0.000052" asserts="1" />
            </test-suite>
          </test-suite>
          <test-suite type="TestFixture" id="0-2132" name="PropertyAttributeTests" fullname="NUnit.Framework.Attributes.PropertyAttributeTests" classname="NUnit.Framework.Attributes.PropertyAttributeTests" runstate="Runnable" testcasecount="6" result="Passed" start-time="2017-02-21 11:04:44Z" end-time="2017-02-21 11:04:44Z" duration="0.025340" total="6" passed="6" failed="0" warnings="0" inconclusive="0" skipped="0" asserts="13">
            <test-case id="0-2136" name="CanDeriveFromPropertyAttribute" fullname="NUnit.Framework.Attributes.PropertyAttributeTests.CanDeriveFromPropertyAttribute" methodname="CanDeriveFromPropertyAttribute" classname="NUnit.Framework.Attributes.PropertyAttributeTests" runstate="Runnable" seed="988462990" result="Passed" start-time="2017-02-21 11:04:44Z" end-time="2017-02-21 11:04:44Z" duration="0.003348" asserts="1" />
            <test-case id="0-2137" name="CustomPropertyAttribute" fullname="NUnit.Framework.Attributes.PropertyAttributeTests.CustomPropertyAttribute" methodname="CustomPropertyAttribute" classname="NUnit.Framework.Attributes.PropertyAttributeTests" runstate="Runnable" seed="620901697" result="Passed" start-time="2017-02-21 11:04:44Z" end-time="2017-02-21 11:04:44Z" duration="0.002114" asserts="1" />
            <test-case id="0-2138" name="ManyProperties" fullname="NUnit.Framework.Attributes.PropertyAttributeTests.ManyProperties" methodname="ManyProperties" classname="NUnit.Framework.Attributes.PropertyAttributeTests" runstate="Runnable" seed="1581711319" result="Passed" start-time="2017-02-21 11:04:44Z" end-time="2017-02-21 11:04:44Z" duration="0.002500" asserts="7" />
            <test-case id="0-2134" name="PropertiesWithNumericValues" fullname="NUnit.Framework.Attributes.PropertyAttributeTests.PropertiesWithNumericValues" methodname="PropertiesWithNumericValues" classname="NUnit.Framework.Attributes.PropertyAttributeTests" runstate="Runnable" seed="2128214601" result="Passed" start-time="2017-02-21 11:04:44Z" end-time="2017-02-21 11:04:44Z" duration="0.000556" asserts="2" />
            <test-case id="0-2133" name="PropertyWithStringValue" fullname="NUnit.Framework.Attributes.PropertyAttributeTests.PropertyWithStringValue" methodname="PropertyWithStringValue" classname="NUnit.Framework.Attributes.PropertyAttributeTests" runstate="Runnable" seed="1195606086" result="Passed" start-time="2017-02-21 11:04:44Z" end-time="2017-02-21 11:04:44Z" duration="0.001136" asserts="1" />
            <test-case id="0-2135" name="PropertyWorksOnFixtures" fullname="NUnit.Framework.Attributes.PropertyAttributeTests.PropertyWorksOnFixtures" methodname="PropertyWorksOnFixtures" classname="NUnit.Framework.Attributes.PropertyAttributeTests" runstate="Runnable" seed="1687015286" result="Passed" start-time="2017-02-21 11:04:44Z" end-time="2017-02-21 11:04:44Z" duration="0.001548" asserts="1" />
          </test-suite>
          <test-suite type="TestFixture" id="0-2139" name="RandomAttributeTests" fullname="NUnit.Framework.Attributes.RandomAttributeTests" classname="NUnit.Framework.Attributes.RandomAttributeTests" runstate="Runnable" testcasecount="28" result="Passed" start-time="2017-02-21 11:04:44Z" end-time="2017-02-21 11:04:45Z" duration="0.145868" total="28" passed="28" failed="0" warnings="0" inconclusive="0" skipped="0" asserts="28">
            <test-suite type="ParameterizedMethod" id="0-2168" name="CheckRandomResult" fullname="NUnit.Framework.Attributes.RandomAttributeTests.CheckRandomResult" classname="NUnit.Framework.Attributes.RandomAttributeTests" runstate="Runnable" testcasecount="28" result="Passed" start-time="2017-02-21 11:04:44Z" end-time="2017-02-21 11:04:45Z" duration="0.142423" total="28" passed="28" failed="0" warnings="0" inconclusive="0" skipped="0" asserts="28">
              <test-case id="0-2140" name="RandomInt" fullname="NUnit.Framework.Attributes.RandomAttributeTests.RandomInt" methodname="CheckRandomResult" classname="NUnit.Framework.Attributes.RandomAttributeTests" runstate="Runnable" seed="1205125051" result="Passed" start-time="2017-02-21 11:04:44Z" end-time="2017-02-21 11:04:44Z" duration="0.003956" asserts="1" />
              <test-case id="0-2141" name="RandomInt_IntRange" fullname="NUnit.Framework.Attributes.RandomAttributeTests.RandomInt_IntRange" methodname="CheckRandomResult" classname="NUnit.Framework.Attributes.RandomAttributeTests" runstate="Runnable" seed="1270893983" result="Passed" start-time="2017-02-21 11:04:44Z" end-time="2017-02-21 11:04:44Z" duration="0.001272" asserts="1" />
              <test-case id="0-2142" name="RandomUInt" fullname="NUnit.Framework.Attributes.RandomAttributeTests.RandomUInt" methodname="CheckRandomResult" classname="NUnit.Framework.Attributes.RandomAttributeTests" runstate="Runnable" seed="17223136" result="Passed" start-time="2017-02-21 11:04:44Z" end-time="2017-02-21 11:04:44Z" duration="0.003589" asserts="1" />
              <test-case id="0-2143" name="RandomUInt_UIntRange" fullname="NUnit.Framework.Attributes.RandomAttributeTests.RandomUInt_UIntRange" methodname="CheckRandomResult" classname="NUnit.Framework.Attributes.RandomAttributeTests" runstate="Runnable" seed="33129096" result="Passed" start-time="2017-02-21 11:04:44Z" end-time="2017-02-21 11:04:44Z" duration="0.002411" asserts="1" />
              <test-case id="0-2144" name="RandomShort" fullname="NUnit.Framework.Attributes.RandomAttributeTests.RandomShort" methodname="CheckRandomResult" classname="NUnit.Framework.Attributes.RandomAttributeTests" runstate="Runnable" seed="976985957" result="Passed" start-time="2017-02-21 11:04:44Z" end-time="2017-02-21 11:04:44Z" duration="0.003160" asserts="1" />
              <test-case id="0-2145" name="RandomShort_ShortRange" fullname="NUnit.Framework.Attributes.RandomAttributeTests.RandomShort_ShortRange" methodname="CheckRandomResult" classname="NUnit.Framework.Attributes.RandomAttributeTests" runstate="Runnable" seed="1680161914" result="Passed" start-time="2017-02-21 11:04:44Z" end-time="2017-02-21 11:04:44Z" duration="0.002010" asserts="1" />
              <test-case id="0-2146" name="RandomShort_IntRange" fullname="NUnit.Framework.Attributes.RandomAttributeTests.RandomShort_IntRange" methodname="CheckRandomResult" classname="NUnit.Framework.Attributes.RandomAttributeTests" runstate="Runnable" seed="549024927" result="Passed" start-time="2017-02-21 11:04:44Z" end-time="2017-02-21 11:04:44Z" duration="0.003315" asserts="1" />
              <test-case id="0-2147" name="RandomUShort" fullname="NUnit.Framework.Attributes.RandomAttributeTests.RandomUShort" methodname="CheckRandomResult" classname="NUnit.Framework.Attributes.RandomAttributeTests" runstate="Runnable" seed="613779625" result="Passed" start-time="2017-02-21 11:04:44Z" end-time="2017-02-21 11:04:44Z" duration="0.003147" asserts="1" />
              <test-case id="0-2148" name="RandomUShort_UShortRange" fullname="NUnit.Framework.Attributes.RandomAttributeTests.RandomUShort_UShortRange" methodname="CheckRandomResult" classname="NUnit.Framework.Attributes.RandomAttributeTests" runstate="Runnable" seed="1654456868" result="Passed" start-time="2017-02-21 11:04:44Z" end-time="2017-02-21 11:04:44Z" duration="0.001666" asserts="1" />
              <test-case id="0-2149" name="RandomUShort_IntRange" fullname="NUnit.Framework.Attributes.RandomAttributeTests.RandomUShort_IntRange" methodname="CheckRandomResult" classname="NUnit.Framework.Attributes.RandomAttributeTests" runstate="Runnable" seed="788978664" result="Passed" start-time="2017-02-21 11:04:44Z" end-time="2017-02-21 11:04:44Z" duration="0.001288" asserts="1" />
              <test-case id="0-2150" name="RandomLong" fullname="NUnit.Framework.Attributes.RandomAttributeTests.RandomLong" methodname="CheckRandomResult" classname="NUnit.Framework.Attributes.RandomAttributeTests" runstate="Runnable" seed="851867134" result="Passed" start-time="2017-02-21 11:04:44Z" end-time="2017-02-21 11:04:44Z" duration="0.004802" asserts="1" />
              <test-case id="0-2151" name="RandomLong_LongRange" fullname="NUnit.Framework.Attributes.RandomAttributeTests.RandomLong_LongRange" methodname="CheckRandomResult" classname="NUnit.Framework.Attributes.RandomAttributeTests" runstate="Runnable" seed="1685517183" result="Passed" start-time="2017-02-21 11:04:44Z" end-time="2017-02-21 11:04:44Z" duration="0.001724" asserts="1" />
              <test-case id="0-2152" name="RandomULong" fullname="NUnit.Framework.Attributes.RandomAttributeTests.RandomULong" methodname="CheckRandomResult" classname="NUnit.Framework.Attributes.RandomAttributeTests" runstate="Runnable" seed="1944833450" result="Passed" start-time="2017-02-21 11:04:44Z" end-time="2017-02-21 11:04:44Z" duration="0.003020" asserts="1" />
              <test-case id="0-2153" name="RandomULong_ULongRange" fullname="NUnit.Framework.Attributes.RandomAttributeTests.RandomULong_ULongRange" methodname="CheckRandomResult" classname="NUnit.Framework.Attributes.RandomAttributeTests" runstate="Runnable" seed="1788876636" result="Passed" start-time="2017-02-21 11:04:44Z" end-time="2017-02-21 11:04:44Z" duration="0.001666" asserts="1" />
              <test-case id="0-2154" name="RandomDouble" fullname="NUnit.Framework.Attributes.RandomAttributeTests.RandomDouble" methodname="CheckRandomResult" classname="NUnit.Framework.Attributes.RandomAttributeTests" runstate="Runnable" seed="2072932201" result="Passed" start-time="2017-02-21 11:04:44Z" end-time="2017-02-21 11:04:44Z" duration="0.001536" asserts="1" />
              <test-case id="0-2155" name="RandomDouble_DoubleRange" fullname="NUnit.Framework.Attributes.RandomAttributeTests.RandomDouble_DoubleRange" methodname="CheckRandomResult" classname="NUnit.Framework.Attributes.RandomAttributeTests" runstate="Runnable" seed="516859878" result="Passed" start-time="2017-02-21 11:04:44Z" end-time="2017-02-21 11:04:44Z" duration="0.001773" asserts="1" />
              <test-case id="0-2156" name="RandomFloat" fullname="NUnit.Framework.Attributes.RandomAttributeTests.RandomFloat" methodname="CheckRandomResult" classname="NUnit.Framework.Attributes.RandomAttributeTests" runstate="Runnable" seed="814670027" result="Passed" start-time="2017-02-21 11:04:44Z" end-time="2017-02-21 11:04:44Z" duration="0.002670" asserts="1" />
              <test-case id="0-2157" name="RandomFloat_FloatRange" fullname="NUnit.Framework.Attributes.RandomAttributeTests.RandomFloat_FloatRange" methodname="CheckRandomResult" classname="NUnit.Framework.Attributes.RandomAttributeTests" runstate="Runnable" seed="1139236141" result="Passed" start-time="2017-02-21 11:04:44Z" end-time="2017-02-21 11:04:44Z" duration="0.001933" asserts="1" />
              <test-case id="0-2158" name="RandomEnum" fullname="NUnit.Framework.Attributes.RandomAttributeTests.RandomEnum" methodname="CheckRandomResult" classname="NUnit.Framework.Attributes.RandomAttributeTests" runstate="Runnable" seed="1331383910" result="Passed" start-time="2017-02-21 11:04:44Z" end-time="2017-02-21 11:04:44Z" duration="0.003106" asserts="1" />
              <test-case id="0-2159" name="RandomDecimal" fullname="NUnit.Framework.Attributes.RandomAttributeTests.RandomDecimal" methodname="CheckRandomResult" classname="NUnit.Framework.Attributes.RandomAttributeTests" runstate="Runnable" seed="1432204296" result="Passed" start-time="2017-02-21 11:04:44Z" end-time="2017-02-21 11:04:44Z" duration="0.003561" asserts="1" />
              <test-case id="0-2160" name="RandomDecimal_IntRange" fullname="NUnit.Framework.Attributes.RandomAttributeTests.RandomDecimal_IntRange" methodname="CheckRandomResult" classname="NUnit.Framework.Attributes.RandomAttributeTests" runstate="Runnable" seed="156490090" result="Passed" start-time="2017-02-21 11:04:44Z" end-time="2017-02-21 11:04:44Z" duration="0.003726" asserts="1" />
              <test-case id="0-2161" name="RandomDecimal_DoubleRange" fullname="NUnit.Framework.Attributes.RandomAttributeTests.RandomDecimal_DoubleRange" methodname="CheckRandomResult" classname="NUnit.Framework.Attributes.RandomAttributeTests" runstate="Runnable" seed="261611355" result="Passed" start-time="2017-02-21 11:04:44Z" end-time="2017-02-21 11:04:44Z" duration="0.001847" asserts="1" />
              <test-case id="0-2162" name="RandomByte" fullname="NUnit.Framework.Attributes.RandomAttributeTests.RandomByte" methodname="CheckRandomResult" classname="NUnit.Framework.Attributes.RandomAttributeTests" runstate="Runnable" seed="2130072690" result="Passed" start-time="2017-02-21 11:04:44Z" end-time="2017-02-21 11:04:44Z" duration="0.002701" asserts="1" />
              <test-case id="0-2163" name="RandomByte_ByteRange" fullname="NUnit.Framework.Attributes.RandomAttributeTests.RandomByte_ByteRange" methodname="CheckRandomResult" classname="NUnit.Framework.Attributes.RandomAttributeTests" runstate="Runnable" seed="117450278" result="Passed" start-time="2017-02-21 11:04:45Z" end-time="2017-02-21 11:04:45Z" duration="0.002056" asserts="1" />
              <test-case id="0-2164" name="RandomByte_IntRange" fullname="NUnit.Framework.Attributes.RandomAttributeTests.RandomByte_IntRange" methodname="CheckRandomResult" classname="NUnit.Framework.Attributes.RandomAttributeTests" runstate="Runnable" seed="777036767" result="Passed" start-time="2017-02-21 11:04:45Z" end-time="2017-02-21 11:04:45Z" duration="0.001103" asserts="1" />
              <test-case id="0-2165" name="RandomSByte" fullname="NUnit.Framework.Attributes.RandomAttributeTests.RandomSByte" methodname="CheckRandomResult" classname="NUnit.Framework.Attributes.RandomAttributeTests" runstate="Runnable" seed="1095426337" result="Passed" start-time="2017-02-21 11:04:45Z" end-time="2017-02-21 11:04:45Z" duration="0.002412" asserts="1" />
              <test-case id="0-2166" name="RandomSByte_SByteRange" fullname="NUnit.Framework.Attributes.RandomAttributeTests.RandomSByte_SByteRange" methodname="CheckRandomResult" classname="NUnit.Framework.Attributes.RandomAttributeTests" runstate="Runnable" seed="1354544" result="Passed" start-time="2017-02-21 11:04:45Z" end-time="2017-02-21 11:04:45Z" duration="0.004152" asserts="1" />
              <test-case id="0-2167" name="RandomSByte_IntRange" fullname="NUnit.Framework.Attributes.RandomAttributeTests.RandomSByte_IntRange" methodname="CheckRandomResult" classname="NUnit.Framework.Attributes.RandomAttributeTests" runstate="Runnable" seed="1438812318" result="Passed" start-time="2017-02-21 11:04:45Z" end-time="2017-02-21 11:04:45Z" duration="0.001307" asserts="1" />
            </test-suite>
          </test-suite>
          <test-suite type="TestFixture" id="0-2213" name="RepeatAttributeTests" fullname="NUnit.Framework.Attributes.RepeatAttributeTests" classname="NUnit.Framework.Attributes.RepeatAttributeTests" runstate="Runnable" testcasecount="12" result="Passed" start-time="2017-02-21 11:04:44Z" end-time="2017-02-21 11:04:45Z" duration="0.068452" total="12" passed="12" failed="0" warnings="0" inconclusive="0" skipped="0" asserts="3">
            <test-case id="0-2226" name="CategoryWorksWithRepeatedTest" fullname="NUnit.Framework.Attributes.RepeatAttributeTests.CategoryWorksWithRepeatedTest" methodname="CategoryWorksWithRepeatedTest" classname="NUnit.Framework.Attributes.RepeatAttributeTests" runstate="Runnable" seed="1743633832" result="Passed" start-time="2017-02-21 11:04:44Z" end-time="2017-02-21 11:04:44Z" duration="0.000988" asserts="3" />
            <test-suite type="ParameterizedMethod" id="0-2225" name="RepeatWorksAsExpected" fullname="NUnit.Framework.Attributes.RepeatAttributeTests.RepeatWorksAsExpected" classname="NUnit.Framework.Attributes.RepeatAttributeTests" runstate="Runnable" testcasecount="11" result="Passed" start-time="2017-02-21 11:04:44Z" end-time="2017-02-21 11:04:45Z" duration="0.062342" total="11" passed="11" failed="0" warnings="0" inconclusive="0" skipped="0" asserts="0">
              <test-case id="0-2214" name="RepeatWorksAsExpected(NUnit.TestData.RepeatingTests.RepeatFailOnFirstTryFixture,&quot;Failed(Child)&quot;,1)" fullname="NUnit.Framework.Attributes.RepeatAttributeTests.RepeatWorksAsExpected(NUnit.TestData.RepeatingTests.RepeatFailOnFirstTryFixture,&quot;Failed(Child)&quot;,1)" methodname="RepeatWorksAsExpected" classname="NUnit.Framework.Attributes.RepeatAttributeTests" runstate="Runnable" seed="2120171101" result="Passed" start-time="2017-02-21 11:04:44Z" end-time="2017-02-21 11:04:44Z" duration="0.005133" asserts="0" />
              <test-case id="0-2215" name="RepeatWorksAsExpected(NUnit.TestData.RepeatingTests.RepeatFailOnSecondTryFixture,&quot;Failed(Child)&quot;,2)" fullname="NUnit.Framework.Attributes.RepeatAttributeTests.RepeatWorksAsExpected(NUnit.TestData.RepeatingTests.RepeatFailOnSecondTryFixture,&quot;Failed(Child)&quot;,2)" methodname="RepeatWorksAsExpected" classname="NUnit.Framework.Attributes.RepeatAttributeTests" runstate="Runnable" seed="394819379" result="Passed" start-time="2017-02-21 11:04:44Z" end-time="2017-02-21 11:04:44Z" duration="0.007324" asserts="0" />
              <test-case id="0-2216" name="RepeatWorksAsExpected(NUnit.TestData.RepeatingTests.RepeatFailOnThirdTryFixture,&quot;Failed(Child)&quot;,3)" fullname="NUnit.Framework.Attributes.RepeatAttributeTests.RepeatWorksAsExpected(NUnit.TestData.RepeatingTests.RepeatFailOnThirdTryFixture,&quot;Failed(Child)&quot;,3)" methodname="RepeatWorksAsExpected" classname="NUnit.Framework.Attributes.RepeatAttributeTests" runstate="Runnable" seed="1271298572" result="Passed" start-time="2017-02-21 11:04:44Z" end-time="2017-02-21 11:04:44Z" duration="0.006906" asserts="0" />
              <test-case id="0-2217" name="RepeatWorksAsExpected(NUnit.TestData.RepeatingTests.RepeatSuccessFixture,&quot;Passed&quot;,3)" fullname="NUnit.Framework.Attributes.RepeatAttributeTests.RepeatWorksAsExpected(NUnit.TestData.RepeatingTests.RepeatSuccessFixture,&quot;Passed&quot;,3)" methodname="RepeatWorksAsExpected" classname="NUnit.Framework.Attributes.RepeatAttributeTests" runstate="Runnable" seed="1887725924" result="Passed" start-time="2017-02-21 11:04:44Z" end-time="2017-02-21 11:04:44Z" duration="0.001023" asserts="0" />
              <test-case id="0-2218" name="RepeatWorksAsExpected(NUnit.TestData.RepeatingTests.RepeatedTestWithIgnoreAttribute,&quot;Skipped:Ignored&quot;,0)" fullname="NUnit.Framework.Attributes.RepeatAttributeTests.RepeatWorksAsExpected(NUnit.TestData.RepeatingTests.RepeatedTestWithIgnoreAttribute,&quot;Skipped:Ignored&quot;,0)" methodname="RepeatWorksAsExpected" classname="NUnit.Framework.Attributes.RepeatAttributeTests" runstate="Runnable" seed="962058581" result="Passed" start-time="2017-02-21 11:04:45Z" end-time="2017-02-21 11:04:45Z" duration="0.001055" asserts="0" />
              <test-case id="0-2219" name="RepeatWorksAsExpected(NUnit.TestData.RepeatingTests.RepeatIgnoredOnFirstTryFixture,&quot;Skipped:Ignored&quot;,1)" fullname="NUnit.Framework.Attributes.RepeatAttributeTests.RepeatWorksAsExpected(NUnit.TestData.RepeatingTests.RepeatIgnoredOnFirstTryFixture,&quot;Skipped:Ignored&quot;,1)" methodname="RepeatWorksAsExpected" classname="NUnit.Framework.Attributes.RepeatAttributeTests" runstate="Runnable" seed="1609967276" result="Passed" start-time="2017-02-21 11:04:45Z" end-time="2017-02-21 11:04:45Z" duration="0.001269" asserts="0" />
              <test-case id="0-2220" name="RepeatWorksAsExpected(NUnit.TestData.RepeatingTests.RepeatIgnoredOnSecondTryFixture,&quot;Skipped:Ignored&quot;,2)" fullname="NUnit.Framework.Attributes.RepeatAttributeTests.RepeatWorksAsExpected(NUnit.TestData.RepeatingTests.RepeatIgnoredOnSecondTryFixture,&quot;Skipped:Ignored&quot;,2)" methodname="RepeatWorksAsExpected" classname="NUnit.Framework.Attributes.RepeatAttributeTests" runstate="Runnable" seed="652665276" result="Passed" start-time="2017-02-21 11:04:45Z" end-time="2017-02-21 11:04:45Z" duration="0.002378" asserts="0" />
              <test-case id="0-2221" name="RepeatWorksAsExpected(NUnit.TestData.RepeatingTests.RepeatIgnoredOnThirdTryFixture,&quot;Skipped:Ignored&quot;,3)" fullname="NUnit.Framework.Attributes.RepeatAttributeTests.RepeatWorksAsExpected(NUnit.TestData.RepeatingTests.RepeatIgnoredOnThirdTryFixture,&quot;Skipped:Ignored&quot;,3)" methodname="RepeatWorksAsExpected" classname="NUnit.Framework.Attributes.RepeatAttributeTests" runstate="Runnable" seed="240390400" result="Passed" start-time="2017-02-21 11:04:45Z" end-time="2017-02-21 11:04:45Z" duration="0.001903" asserts="0" />
              <test-case id="0-2222" name="RepeatWorksAsExpected(NUnit.TestData.RepeatingTests.RepeatErrorOnFirstTryFixture,&quot;Failed(Child)&quot;,1)" fullname="NUnit.Framework.Attributes.RepeatAttributeTests.RepeatWorksAsExpected(NUnit.TestData.RepeatingTests.RepeatErrorOnFirstTryFixture,&quot;Failed(Child)&quot;,1)" methodname="RepeatWorksAsExpected" classname="NUnit.Framework.Attributes.RepeatAttributeTests" runstate="Runnable" seed="188888536" result="Passed" start-time="2017-02-21 11:04:45Z" end-time="2017-02-21 11:04:45Z" duration="0.001139" asserts="0" />
              <test-case id="0-2223" name="RepeatWorksAsExpected(NUnit.TestData.RepeatingTests.RepeatErrorOnSecondTryFixture,&quot;Failed(Child)&quot;,2)" fullname="NUnit.Framework.Attributes.RepeatAttributeTests.RepeatWorksAsExpected(NUnit.TestData.RepeatingTests.RepeatErrorOnSecondTryFixture,&quot;Failed(Child)&quot;,2)" methodname="RepeatWorksAsExpected" classname="NUnit.Framework.Attributes.RepeatAttributeTests" runstate="Runnable" seed="705155198" result="Passed" start-time="2017-02-21 11:04:45Z" end-time="2017-02-21 11:04:45Z" duration="0.001436" asserts="0" />
              <test-case id="0-2224" name="RepeatWorksAsExpected(NUnit.TestData.RepeatingTests.RepeatErrorOnThirdTryFixture,&quot;Failed(Child)&quot;,3)" fullname="NUnit.Framework.Attributes.RepeatAttributeTests.RepeatWorksAsExpected(NUnit.TestData.RepeatingTests.RepeatErrorOnThirdTryFixture,&quot;Failed(Child)&quot;,3)" methodname="RepeatWorksAsExpected" classname="NUnit.Framework.Attributes.RepeatAttributeTests" runstate="Runnable" seed="1999494022" result="Passed" start-time="2017-02-21 11:04:45Z" end-time="2017-02-21 11:04:45Z" duration="0.002223" asserts="0" />
            </test-suite>
          </test-suite>
          <test-suite type="TestFixture" id="0-2237" name="RequiresThreadAttributeTests+ChildFixtureRequiresThread" fullname="NUnit.Framework.Attributes.RequiresThreadAttributeTests+ChildFixtureRequiresThread" classname="NUnit.Framework.Attributes.RequiresThreadAttributeTests+ChildFixtureRequiresThread" runstate="Runnable" testcasecount="2" result="Passed" start-time="2017-02-21 11:04:45Z" end-time="2017-02-21 11:04:45Z" duration="0.005631" total="2" passed="2" failed="0" warnings="0" inconclusive="0" skipped="0" asserts="1">
            <properties>
              <property name="RequiresThread" value="True" />
            </properties>
            <test-case id="0-2238" name="RequiresThreadAttributeIsInheritable" fullname="NUnit.Framework.Attributes.RequiresThreadAttributeTests+ChildFixtureRequiresThread.RequiresThreadAttributeIsInheritable" methodname="RequiresThreadAttributeIsInheritable" classname="NUnit.Framework.Attributes.RequiresThreadAttributeTests+ChildFixtureRequiresThread" runstate="Runnable" seed="1987397772" result="Passed" start-time="2017-02-21 11:04:45Z" end-time="2017-02-21 11:04:45Z" duration="0.000483" asserts="1" />
            <test-case id="0-2239" name="RequiresThreadCanBeSetOnTestFixture" fullname="NUnit.Framework.Attributes.RequiresThreadAttributeTests+ChildFixtureRequiresThread.RequiresThreadCanBeSetOnTestFixture" methodname="RequiresThreadCanBeSetOnTestFixture" classname="NUnit.Framework.Attributes.RequiresThreadAttributeTests+FixtureRequiresThread" runstate="Runnable" seed="751633258" result="Passed" start-time="2017-02-21 11:04:45Z" end-time="2017-02-21 11:04:45Z" duration="0.000054" asserts="0" />
          </test-suite>
          <test-suite type="TestFixture" id="0-2235" name="RequiresThreadAttributeTests+FixtureRequiresThread" fullname="NUnit.Framework.Attributes.RequiresThreadAttributeTests+FixtureRequiresThread" classname="NUnit.Framework.Attributes.RequiresThreadAttributeTests+FixtureRequiresThread" runstate="Runnable" testcasecount="1" result="Passed" start-time="2017-02-21 11:04:45Z" end-time="2017-02-21 11:04:45Z" duration="0.002979" total="1" passed="1" failed="0" warnings="0" inconclusive="0" skipped="0" asserts="0">
            <properties>
              <property name="RequiresThread" value="True" />
            </properties>
            <test-case id="0-2236" name="RequiresThreadCanBeSetOnTestFixture" fullname="NUnit.Framework.Attributes.RequiresThreadAttributeTests+FixtureRequiresThread.RequiresThreadCanBeSetOnTestFixture" methodname="RequiresThreadCanBeSetOnTestFixture" classname="NUnit.Framework.Attributes.RequiresThreadAttributeTests+FixtureRequiresThread" runstate="Runnable" seed="2128415397" result="Passed" start-time="2017-02-21 11:04:45Z" end-time="2017-02-21 11:04:45Z" duration="0.000044" asserts="0" />
          </test-suite>
          <test-suite type="TestFixture" id="0-2227" name="RequiresThreadAttributeTests" fullname="NUnit.Framework.Attributes.RequiresThreadAttributeTests" classname="NUnit.Framework.Attributes.RequiresThreadAttributeTests" runstate="Runnable" testcasecount="6" result="Passed" start-time="2017-02-21 11:04:45Z" end-time="2017-02-21 11:04:45Z" duration="0.020323" total="6" passed="6" failed="0" warnings="0" inconclusive="0" skipped="0" asserts="10">
            <test-suite type="ParameterizedMethod" id="0-2234" name="TestCaseDefaultsToRunningEverythingOnSameThread" fullname="NUnit.Framework.Attributes.RequiresThreadAttributeTests.TestCaseDefaultsToRunningEverythingOnSameThread" classname="NUnit.Framework.Attributes.ThreadingTests" runstate="Runnable" testcasecount="1" result="Passed" start-time="2017-02-21 11:04:45Z" end-time="2017-02-21 11:04:45Z" duration="0.002524" total="1" passed="1" failed="0" warnings="0" inconclusive="0" skipped="0" asserts="2">
              <test-case id="0-2233" name="TestCaseDefaultsToRunningEverythingOnSameThread(5)" fullname="NUnit.Framework.Attributes.RequiresThreadAttributeTests.TestCaseDefaultsToRunningEverythingOnSameThread(5)" methodname="TestCaseDefaultsToRunningEverythingOnSameThread" classname="NUnit.Framework.Attributes.ThreadingTests" runstate="Runnable" seed="726847635" result="Passed" start-time="2017-02-21 11:04:45Z" end-time="2017-02-21 11:04:45Z" duration="0.000034" asserts="2" />
            </test-suite>
            <test-case id="0-2232" name="TestDefaultsToRunningEverythingOnSameThread" fullname="NUnit.Framework.Attributes.RequiresThreadAttributeTests.TestDefaultsToRunningEverythingOnSameThread" methodname="TestDefaultsToRunningEverythingOnSameThread" classname="NUnit.Framework.Attributes.ThreadingTests" runstate="Runnable" seed="373722734" result="Passed" start-time="2017-02-21 11:04:45Z" end-time="2017-02-21 11:04:45Z" duration="0.000112" asserts="2" />
            <test-case id="0-2228" name="TestWithRequiresThreadRunsInSeparateThread" fullname="NUnit.Framework.Attributes.RequiresThreadAttributeTests.TestWithRequiresThreadRunsInSeparateThread" methodname="TestWithRequiresThreadRunsInSeparateThread" classname="NUnit.Framework.Attributes.RequiresThreadAttributeTests" runstate="Runnable" seed="609223074" result="Passed" start-time="2017-02-21 11:04:45Z" end-time="2017-02-21 11:04:45Z" duration="0.000234" asserts="1">
              <properties>
                <property name="RequiresThread" value="True" />
              </properties>
            </test-case>
            <test-case id="0-2229" name="TestWithRequiresThreadRunsSetUpAndTestOnSameThread" fullname="NUnit.Framework.Attributes.RequiresThreadAttributeTests.TestWithRequiresThreadRunsSetUpAndTestOnSameThread" methodname="TestWithRequiresThreadRunsSetUpAndTestOnSameThread" classname="NUnit.Framework.Attributes.RequiresThreadAttributeTests" runstate="Runnable" seed="2104984153" result="Passed" start-time="2017-02-21 11:04:45Z" end-time="2017-02-21 11:04:45Z" duration="0.000164" asserts="1">
              <properties>
                <property name="RequiresThread" value="True" />
              </properties>
            </test-case>
            <test-case id="0-2231" name="TestWithRequiresThreadWithMTAArgRunsOnSeparateThreadInMTA" fullname="NUnit.Framework.Attributes.RequiresThreadAttributeTests.TestWithRequiresThreadWithMTAArgRunsOnSeparateThreadInMTA" methodname="TestWithRequiresThreadWithMTAArgRunsOnSeparateThreadInMTA" classname="NUnit.Framework.Attributes.RequiresThreadAttributeTests" runstate="Runnable" seed="2085467649" result="Passed" start-time="2017-02-21 11:04:45Z" end-time="2017-02-21 11:04:45Z" duration="0.000690" asserts="2">
              <properties>
                <property name="RequiresThread" value="True" />
                <property name="ApartmentState" value="MTA" />
              </properties>
            </test-case>
            <test-case id="0-2230" name="TestWithRequiresThreadWithSTAArgRunsOnSeparateThreadInSTA" fullname="NUnit.Framework.Attributes.RequiresThreadAttributeTests.TestWithRequiresThreadWithSTAArgRunsOnSeparateThreadInSTA" methodname="TestWithRequiresThreadWithSTAArgRunsOnSeparateThreadInSTA" classname="NUnit.Framework.Attributes.RequiresThreadAttributeTests" runstate="Runnable" seed="1047034373" result="Passed" start-time="2017-02-21 11:04:45Z" end-time="2017-02-21 11:04:45Z" duration="0.000330" asserts="2">
              <properties>
                <property name="RequiresThread" value="True" />
                <property name="ApartmentState" value="STA" />
              </properties>
            </test-case>
          </test-suite>
          <test-suite type="TestFixture" id="0-2169" name="RangeAttributeTests" fullname="NUnit.Framework.Attributes.RangeAttributeTests" classname="NUnit.Framework.Attributes.RangeAttributeTests" runstate="Runnable" testcasecount="43" result="Passed" start-time="2017-02-21 11:04:44Z" end-time="2017-02-21 11:04:45Z" duration="0.149080" total="43" passed="43" failed="0" warnings="0" inconclusive="0" skipped="0" asserts="43">
            <test-case id="0-2212" name="CanConvertDoubleRangeToDecimal" fullname="NUnit.Framework.Attributes.RangeAttributeTests.CanConvertDoubleRangeToDecimal" methodname="CanConvertDoubleRangeToDecimal" classname="NUnit.Framework.Attributes.RangeAttributeTests" runstate="Runnable" seed="784853261" result="Passed" start-time="2017-02-21 11:04:44Z" end-time="2017-02-21 11:04:44Z" duration="0.000714" asserts="1" />
            <test-case id="0-2209" name="CanConvertIntRangeToByte" fullname="NUnit.Framework.Attributes.RangeAttributeTests.CanConvertIntRangeToByte" methodname="CanConvertIntRangeToByte" classname="NUnit.Framework.Attributes.RangeAttributeTests" runstate="Runnable" seed="117094248" result="Passed" start-time="2017-02-21 11:04:44Z" end-time="2017-02-21 11:04:44Z" duration="0.000415" asserts="1" />
            <test-case id="0-2211" name="CanConvertIntRangeToDecimal" fullname="NUnit.Framework.Attributes.RangeAttributeTests.CanConvertIntRangeToDecimal" methodname="CanConvertIntRangeToDecimal" classname="NUnit.Framework.Attributes.RangeAttributeTests" runstate="Runnable" seed="297554449" result="Passed" start-time="2017-02-21 11:04:44Z" end-time="2017-02-21 11:04:44Z" duration="0.000258" asserts="1" />
            <test-case id="0-2210" name="CanConvertIntRangeToSByte" fullname="NUnit.Framework.Attributes.RangeAttributeTests.CanConvertIntRangeToSByte" methodname="CanConvertIntRangeToSByte" classname="NUnit.Framework.Attributes.RangeAttributeTests" runstate="Runnable" seed="1071525426" result="Passed" start-time="2017-02-21 11:04:44Z" end-time="2017-02-21 11:04:44Z" duration="0.000309" asserts="1" />
            <test-case id="0-2208" name="CanConvertIntRangeToShort" fullname="NUnit.Framework.Attributes.RangeAttributeTests.CanConvertIntRangeToShort" methodname="CanConvertIntRangeToShort" classname="NUnit.Framework.Attributes.RangeAttributeTests" runstate="Runnable" seed="552529868" result="Passed" start-time="2017-02-21 11:04:44Z" end-time="2017-02-21 11:04:44Z" duration="0.000404" asserts="1" />
            <test-case id="0-2201" name="DoubleRangeAndNegativeStep" fullname="NUnit.Framework.Attributes.RangeAttributeTests.DoubleRangeAndNegativeStep" methodname="DoubleRangeAndNegativeStep" classname="NUnit.Framework.Attributes.RangeAttributeTests" runstate="Runnable" seed="1211342010" result="Passed" start-time="2017-02-21 11:04:44Z" end-time="2017-02-21 11:04:44Z" duration="0.000734" asserts="1" />
            <test-case id="0-2202" name="DoubleRangeAndNegativeStep_Reversed" fullname="NUnit.Framework.Attributes.RangeAttributeTests.DoubleRangeAndNegativeStep_Reversed" methodname="DoubleRangeAndNegativeStep_Reversed" classname="NUnit.Framework.Attributes.RangeAttributeTests" runstate="Runnable" seed="1697244325" result="Passed" start-time="2017-02-21 11:04:44Z" end-time="2017-02-21 11:04:44Z" duration="0.000276" asserts="1" />
            <test-case id="0-2198" name="DoubleRangeAndStep" fullname="NUnit.Framework.Attributes.RangeAttributeTests.DoubleRangeAndStep" methodname="DoubleRangeAndStep" classname="NUnit.Framework.Attributes.RangeAttributeTests" runstate="Runnable" seed="570166644" result="Passed" start-time="2017-02-21 11:04:44Z" end-time="2017-02-21 11:04:44Z" duration="0.000209" asserts="1" />
            <test-case id="0-2200" name="DoubleRangeAndStep_Reversed" fullname="NUnit.Framework.Attributes.RangeAttributeTests.DoubleRangeAndStep_Reversed" methodname="DoubleRangeAndStep_Reversed" classname="NUnit.Framework.Attributes.RangeAttributeTests" runstate="Runnable" seed="1083818434" result="Passed" start-time="2017-02-21 11:04:44Z" end-time="2017-02-21 11:04:44Z" duration="0.000464" asserts="1" />
            <test-case id="0-2199" name="DoubleRangeAndZeroStep" fullname="NUnit.Framework.Attributes.RangeAttributeTests.DoubleRangeAndZeroStep" methodname="DoubleRangeAndZeroStep" classname="NUnit.Framework.Attributes.RangeAttributeTests" runstate="Runnable" seed="905373024" result="Passed" start-time="2017-02-21 11:04:44Z" end-time="2017-02-21 11:04:44Z" duration="0.000396" asserts="1" />
            <test-case id="0-2206" name="FloatRangeAndNegativeStep" fullname="NUnit.Framework.Attributes.RangeAttributeTests.FloatRangeAndNegativeStep" methodname="FloatRangeAndNegativeStep" classname="NUnit.Framework.Attributes.RangeAttributeTests" runstate="Runnable" seed="855503890" result="Passed" start-time="2017-02-21 11:04:44Z" end-time="2017-02-21 11:04:44Z" duration="0.000917" asserts="1" />
            <test-case id="0-2207" name="FloatRangeAndNegativeStep_Reversed" fullname="NUnit.Framework.Attributes.RangeAttributeTests.FloatRangeAndNegativeStep_Reversed" methodname="FloatRangeAndNegativeStep_Reversed" classname="NUnit.Framework.Attributes.RangeAttributeTests" runstate="Runnable" seed="1449674359" result="Passed" start-time="2017-02-21 11:04:44Z" end-time="2017-02-21 11:04:44Z" duration="0.000194" asserts="1" />
            <test-case id="0-2203" name="FloatRangeAndStep" fullname="NUnit.Framework.Attributes.RangeAttributeTests.FloatRangeAndStep" methodname="FloatRangeAndStep" classname="NUnit.Framework.Attributes.RangeAttributeTests" runstate="Runnable" seed="1770224000" result="Passed" start-time="2017-02-21 11:04:44Z" end-time="2017-02-21 11:04:44Z" duration="0.000162" asserts="1" />
            <test-case id="0-2205" name="FloatRangeAndStep_Reversed" fullname="NUnit.Framework.Attributes.RangeAttributeTests.FloatRangeAndStep_Reversed" methodname="FloatRangeAndStep_Reversed" classname="NUnit.Framework.Attributes.RangeAttributeTests" runstate="Runnable" seed="2074681068" result="Passed" start-time="2017-02-21 11:04:44Z" end-time="2017-02-21 11:04:44Z" duration="0.000438" asserts="1" />
            <test-case id="0-2204" name="FloatRangeAndZeroStep" fullname="NUnit.Framework.Attributes.RangeAttributeTests.FloatRangeAndZeroStep" methodname="FloatRangeAndZeroStep" classname="NUnit.Framework.Attributes.RangeAttributeTests" runstate="Runnable" seed="2028550120" result="Passed" start-time="2017-02-21 11:04:44Z" end-time="2017-02-21 11:04:44Z" duration="0.000537" asserts="1" />
            <test-case id="0-2170" name="IntRange" fullname="NUnit.Framework.Attributes.RangeAttributeTests.IntRange" methodname="IntRange" classname="NUnit.Framework.Attributes.RangeAttributeTests" runstate="Runnable" seed="325783035" result="Passed" start-time="2017-02-21 11:04:44Z" end-time="2017-02-21 11:04:44Z" duration="0.000536" asserts="1" />
            <test-case id="0-2172" name="IntRange_FromEqualsTo" fullname="NUnit.Framework.Attributes.RangeAttributeTests.IntRange_FromEqualsTo" methodname="IntRange_FromEqualsTo" classname="NUnit.Framework.Attributes.RangeAttributeTests" runstate="Runnable" seed="185863659" result="Passed" start-time="2017-02-21 11:04:44Z" end-time="2017-02-21 11:04:44Z" duration="0.000309" asserts="1" />
            <test-case id="0-2171" name="IntRange_Reversed" fullname="NUnit.Framework.Attributes.RangeAttributeTests.IntRange_Reversed" methodname="IntRange_Reversed" classname="NUnit.Framework.Attributes.RangeAttributeTests" runstate="Runnable" seed="240347155" result="Passed" start-time="2017-02-21 11:04:44Z" end-time="2017-02-21 11:04:44Z" duration="0.000177" asserts="1" />
            <test-case id="0-2176" name="IntRangeAndNegativeStep" fullname="NUnit.Framework.Attributes.RangeAttributeTests.IntRangeAndNegativeStep" methodname="IntRangeAndNegativeStep" classname="NUnit.Framework.Attributes.RangeAttributeTests" runstate="Runnable" seed="446187678" result="Passed" start-time="2017-02-21 11:04:44Z" end-time="2017-02-21 11:04:44Z" duration="0.000594" asserts="1" />
            <test-case id="0-2177" name="IntRangeAndNegativeStep_Reversed" fullname="NUnit.Framework.Attributes.RangeAttributeTests.IntRangeAndNegativeStep_Reversed" methodname="IntRangeAndNegativeStep_Reversed" classname="NUnit.Framework.Attributes.RangeAttributeTests" runstate="Runnable" seed="1294654654" result="Passed" start-time="2017-02-21 11:04:44Z" end-time="2017-02-21 11:04:44Z" duration="0.000221" asserts="1" />
            <test-case id="0-2173" name="IntRangeAndStep" fullname="NUnit.Framework.Attributes.RangeAttributeTests.IntRangeAndStep" methodname="IntRangeAndStep" classname="NUnit.Framework.Attributes.RangeAttributeTests" runstate="Runnable" seed="1577389903" result="Passed" start-time="2017-02-21 11:04:44Z" end-time="2017-02-21 11:04:44Z" duration="0.000237" asserts="1" />
            <test-case id="0-2175" name="IntRangeAndStep_Reversed" fullname="NUnit.Framework.Attributes.RangeAttributeTests.IntRangeAndStep_Reversed" methodname="IntRangeAndStep_Reversed" classname="NUnit.Framework.Attributes.RangeAttributeTests" runstate="Runnable" seed="164599357" result="Passed" start-time="2017-02-21 11:04:44Z" end-time="2017-02-21 11:04:44Z" duration="0.000512" asserts="1" />
            <test-case id="0-2174" name="IntRangeAndZeroStep" fullname="NUnit.Framework.Attributes.RangeAttributeTests.IntRangeAndZeroStep" methodname="IntRangeAndZeroStep" classname="NUnit.Framework.Attributes.RangeAttributeTests" runstate="Runnable" seed="107592304" result="Passed" start-time="2017-02-21 11:04:44Z" end-time="2017-02-21 11:04:44Z" duration="0.000396" asserts="1" />
            <test-case id="0-2184" name="LongRange" fullname="NUnit.Framework.Attributes.RangeAttributeTests.LongRange" methodname="LongRange" classname="NUnit.Framework.Attributes.RangeAttributeTests" runstate="Runnable" seed="285810447" result="Passed" start-time="2017-02-21 11:04:44Z" end-time="2017-02-21 11:04:44Z" duration="0.000479" asserts="1" />
            <test-case id="0-2186" name="LongRange_FromEqualsTo" fullname="NUnit.Framework.Attributes.RangeAttributeTests.LongRange_FromEqualsTo" methodname="LongRange_FromEqualsTo" classname="NUnit.Framework.Attributes.RangeAttributeTests" runstate="Runnable" seed="1465026207" result="Passed" start-time="2017-02-21 11:04:45Z" end-time="2017-02-21 11:04:45Z" duration="0.000527" asserts="1" />
            <test-case id="0-2185" name="LongRange_Reversed" fullname="NUnit.Framework.Attributes.RangeAttributeTests.LongRange_Reversed" methodname="LongRange_Reversed" classname="NUnit.Framework.Attributes.RangeAttributeTests" runstate="Runnable" seed="741362187" result="Passed" start-time="2017-02-21 11:04:45Z" end-time="2017-02-21 11:04:45Z" duration="0.000145" asserts="1" />
            <test-case id="0-2190" name="LongRangeAndNegativeStep" fullname="NUnit.Framework.Attributes.RangeAttributeTests.LongRangeAndNegativeStep" methodname="LongRangeAndNegativeStep" classname="NUnit.Framework.Attributes.RangeAttributeTests" runstate="Runnable" seed="1794532184" result="Passed" start-time="2017-02-21 11:04:45Z" end-time="2017-02-21 11:04:45Z" duration="0.000476" asserts="1" />
            <test-case id="0-2191" name="LongRangeAndNegativeStep_Reversed" fullname="NUnit.Framework.Attributes.RangeAttributeTests.LongRangeAndNegativeStep_Reversed" methodname="LongRangeAndNegativeStep_Reversed" classname="NUnit.Framework.Attributes.RangeAttributeTests" runstate="Runnable" seed="1656750368" result="Passed" start-time="2017-02-21 11:04:45Z" end-time="2017-02-21 11:04:45Z" duration="0.000206" asserts="1" />
            <test-case id="0-2187" name="LongRangeAndStep" fullname="NUnit.Framework.Attributes.RangeAttributeTests.LongRangeAndStep" methodname="LongRangeAndStep" classname="NUnit.Framework.Attributes.RangeAttributeTests" runstate="Runnable" seed="1448875111" result="Passed" start-time="2017-02-21 11:04:45Z" end-time="2017-02-21 11:04:45Z" duration="0.000328" asserts="1" />
            <test-case id="0-2189" name="LongRangeAndStep_Reversed" fullname="NUnit.Framework.Attributes.RangeAttributeTests.LongRangeAndStep_Reversed" methodname="LongRangeAndStep_Reversed" classname="NUnit.Framework.Attributes.RangeAttributeTests" runstate="Runnable" seed="156205103" result="Passed" start-time="2017-02-21 11:04:45Z" end-time="2017-02-21 11:04:45Z" duration="0.000433" asserts="1" />
            <test-case id="0-2188" name="LongRangeAndZeroStep" fullname="NUnit.Framework.Attributes.RangeAttributeTests.LongRangeAndZeroStep" methodname="LongRangeAndZeroStep" classname="NUnit.Framework.Attributes.RangeAttributeTests" runstate="Runnable" seed="296777367" result="Passed" start-time="2017-02-21 11:04:45Z" end-time="2017-02-21 11:04:45Z" duration="0.000509" asserts="1" />
            <test-case id="0-2178" name="UintRange" fullname="NUnit.Framework.Attributes.RangeAttributeTests.UintRange" methodname="UintRange" classname="NUnit.Framework.Attributes.RangeAttributeTests" runstate="Runnable" seed="749860064" result="Passed" start-time="2017-02-21 11:04:45Z" end-time="2017-02-21 11:04:45Z" duration="0.000863" asserts="1" />
            <test-case id="0-2180" name="UintRange_FromEqualsTo" fullname="NUnit.Framework.Attributes.RangeAttributeTests.UintRange_FromEqualsTo" methodname="UintRange_FromEqualsTo" classname="NUnit.Framework.Attributes.RangeAttributeTests" runstate="Runnable" seed="1743193006" result="Passed" start-time="2017-02-21 11:04:45Z" end-time="2017-02-21 11:04:45Z" duration="0.000142" asserts="1" />
            <test-case id="0-2179" name="UintRange_Reversed" fullname="NUnit.Framework.Attributes.RangeAttributeTests.UintRange_Reversed" methodname="UintRange_Reversed" classname="NUnit.Framework.Attributes.RangeAttributeTests" runstate="Runnable" seed="2018092366" result="Passed" start-time="2017-02-21 11:04:45Z" end-time="2017-02-21 11:04:45Z" duration="0.000980" asserts="1" />
            <test-case id="0-2181" name="UintRangeAndStep" fullname="NUnit.Framework.Attributes.RangeAttributeTests.UintRangeAndStep" methodname="UintRangeAndStep" classname="NUnit.Framework.Attributes.RangeAttributeTests" runstate="Runnable" seed="50586703" result="Passed" start-time="2017-02-21 11:04:45Z" end-time="2017-02-21 11:04:45Z" duration="0.000268" asserts="1" />
            <test-case id="0-2183" name="UintRangeAndStep_Reversed" fullname="NUnit.Framework.Attributes.RangeAttributeTests.UintRangeAndStep_Reversed" methodname="UintRangeAndStep_Reversed" classname="NUnit.Framework.Attributes.RangeAttributeTests" runstate="Runnable" seed="1250869161" result="Passed" start-time="2017-02-21 11:04:45Z" end-time="2017-02-21 11:04:45Z" duration="0.000291" asserts="1" />
            <test-case id="0-2182" name="UintRangeAndZeroStep" fullname="NUnit.Framework.Attributes.RangeAttributeTests.UintRangeAndZeroStep" methodname="UintRangeAndZeroStep" classname="NUnit.Framework.Attributes.RangeAttributeTests" runstate="Runnable" seed="580835989" result="Passed" start-time="2017-02-21 11:04:45Z" end-time="2017-02-21 11:04:45Z" duration="0.000236" asserts="1" />
            <test-case id="0-2192" name="UlongRange" fullname="NUnit.Framework.Attributes.RangeAttributeTests.UlongRange" methodname="UlongRange" classname="NUnit.Framework.Attributes.RangeAttributeTests" runstate="Runnable" seed="1850821810" result="Passed" start-time="2017-02-21 11:04:45Z" end-time="2017-02-21 11:04:45Z" duration="0.000487" asserts="1" />
            <test-case id="0-2194" name="UlongRange_FromEqualsTo" fullname="NUnit.Framework.Attributes.RangeAttributeTests.UlongRange_FromEqualsTo" methodname="UlongRange_FromEqualsTo" classname="NUnit.Framework.Attributes.RangeAttributeTests" runstate="Runnable" seed="120862092" result="Passed" start-time="2017-02-21 11:04:45Z" end-time="2017-02-21 11:04:45Z" duration="0.000115" asserts="1" />
            <test-case id="0-2193" name="UlongRange_Reversed" fullname="NUnit.Framework.Attributes.RangeAttributeTests.UlongRange_Reversed" methodname="UlongRange_Reversed" classname="NUnit.Framework.Attributes.RangeAttributeTests" runstate="Runnable" seed="953400830" result="Passed" start-time="2017-02-21 11:04:45Z" end-time="2017-02-21 11:04:45Z" duration="0.000783" asserts="1" />
            <test-case id="0-2195" name="UlongRangeAndStep" fullname="NUnit.Framework.Attributes.RangeAttributeTests.UlongRangeAndStep" methodname="UlongRangeAndStep" classname="NUnit.Framework.Attributes.RangeAttributeTests" runstate="Runnable" seed="731982064" result="Passed" start-time="2017-02-21 11:04:45Z" end-time="2017-02-21 11:04:45Z" duration="0.000258" asserts="1" />
            <test-case id="0-2197" name="UlongRangeAndStep_Reversed" fullname="NUnit.Framework.Attributes.RangeAttributeTests.UlongRangeAndStep_Reversed" methodname="UlongRangeAndStep_Reversed" classname="NUnit.Framework.Attributes.RangeAttributeTests" runstate="Runnable" seed="510635520" result="Passed" start-time="2017-02-21 11:04:45Z" end-time="2017-02-21 11:04:45Z" duration="0.000472" asserts="1" />
            <test-case id="0-2196" name="UlongRangeAndZeroStep" fullname="NUnit.Framework.Attributes.RangeAttributeTests.UlongRangeAndZeroStep" methodname="UlongRangeAndZeroStep" classname="NUnit.Framework.Attributes.RangeAttributeTests" runstate="Runnable" seed="324128507" result="Passed" start-time="2017-02-21 11:04:45Z" end-time="2017-02-21 11:04:45Z" duration="0.000383" asserts="1" />
          </test-suite>
          <test-suite type="TestFixture" id="0-2266" name="SetCultureAttributeTests+NestedBehavior" fullname="NUnit.Framework.Attributes.SetCultureAttributeTests+NestedBehavior" classname="NUnit.Framework.Attributes.SetCultureAttributeTests+NestedBehavior" runstate="Runnable" testcasecount="2" result="Passed" start-time="2017-02-21 11:04:45Z" end-time="2017-02-21 11:04:45Z" duration="0.006084" total="2" passed="2" failed="0" warnings="0" inconclusive="0" skipped="0" asserts="4">
            <properties>
              <property name="SetCulture" value="ru-RU" />
              <property name="SetUICulture" value="ru-RU" />
            </properties>
            <test-case id="0-2267" name="InheritedRussian" fullname="NUnit.Framework.Attributes.SetCultureAttributeTests+NestedBehavior.InheritedRussian" methodname="InheritedRussian" classname="NUnit.Framework.Attributes.SetCultureAttributeTests+NestedBehavior" runstate="Runnable" seed="848945503" result="Passed" start-time="2017-02-21 11:04:45Z" end-time="2017-02-21 11:04:45Z" duration="0.000207" asserts="2" />
            <test-case id="0-2268" name="InheritedRussianWithUIFrench" fullname="NUnit.Framework.Attributes.SetCultureAttributeTests+NestedBehavior.InheritedRussianWithUIFrench" methodname="InheritedRussianWithUIFrench" classname="NUnit.Framework.Attributes.SetCultureAttributeTests+NestedBehavior" runstate="Runnable" seed="1491174523" result="Passed" start-time="2017-02-21 11:04:45Z" end-time="2017-02-21 11:04:45Z" duration="0.000177" asserts="2">
              <properties>
                <property name="SetUICulture" value="fr-FR" />
              </properties>
            </test-case>
          </test-suite>
          <test-suite type="TestFixture" id="0-2255" name="SetCultureAttributeTests" fullname="NUnit.Framework.Attributes.SetCultureAttributeTests" classname="NUnit.Framework.Attributes.SetCultureAttributeTests" runstate="Runnable" testcasecount="9" result="Passed" start-time="2017-02-21 11:04:45Z" end-time="2017-02-21 11:04:45Z" duration="0.033825" total="9" passed="9" failed="0" warnings="0" inconclusive="0" skipped="0" asserts="17">
            <test-case id="0-2259" name="SetBothCulturesToFrench" fullname="NUnit.Framework.Attributes.SetCultureAttributeTests.SetBothCulturesToFrench" methodname="SetBothCulturesToFrench" classname="NUnit.Framework.Attributes.SetCultureAttributeTests" runstate="Runnable" seed="1634761571" result="Passed" start-time="2017-02-21 11:04:45Z" end-time="2017-02-21 11:04:45Z" duration="0.001010" asserts="2">
              <properties>
                <property name="SetCulture" value="fr-FR" />
                <property name="SetUICulture" value="fr-FR" />
              </properties>
            </test-case>
            <test-case id="0-2260" name="SetBothCulturesToFrenchCanadian" fullname="NUnit.Framework.Attributes.SetCultureAttributeTests.SetBothCulturesToFrenchCanadian" methodname="SetBothCulturesToFrenchCanadian" classname="NUnit.Framework.Attributes.SetCultureAttributeTests" runstate="Runnable" seed="203910550" result="Passed" start-time="2017-02-21 11:04:45Z" end-time="2017-02-21 11:04:45Z" duration="0.000162" asserts="2">
              <properties>
                <property name="SetCulture" value="fr-CA" />
                <property name="SetUICulture" value="fr-CA" />
              </properties>
            </test-case>
            <test-case id="0-2261" name="SetBothCulturesToRussian" fullname="NUnit.Framework.Attributes.SetCultureAttributeTests.SetBothCulturesToRussian" methodname="SetBothCulturesToRussian" classname="NUnit.Framework.Attributes.SetCultureAttributeTests" runstate="Runnable" seed="1884635894" result="Passed" start-time="2017-02-21 11:04:45Z" end-time="2017-02-21 11:04:45Z" duration="0.000176" asserts="2">
              <properties>
                <property name="SetCulture" value="ru-RU" />
                <property name="SetUICulture" value="ru-RU" />
              </properties>
            </test-case>
            <test-case id="0-2262" name="SetMixedCulturesToFrenchAndUIFrenchCanadian" fullname="NUnit.Framework.Attributes.SetCultureAttributeTests.SetMixedCulturesToFrenchAndUIFrenchCanadian" methodname="SetMixedCulturesToFrenchAndUIFrenchCanadian" classname="NUnit.Framework.Attributes.SetCultureAttributeTests" runstate="Runnable" seed="1796428209" result="Passed" start-time="2017-02-21 11:04:45Z" end-time="2017-02-21 11:04:45Z" duration="0.000267" asserts="2">
              <properties>
                <property name="SetCulture" value="fr-FR" />
                <property name="SetUICulture" value="fr-CA" />
              </properties>
            </test-case>
            <test-case id="0-2263" name="SetMixedCulturesToRussianAndUIEnglishUS" fullname="NUnit.Framework.Attributes.SetCultureAttributeTests.SetMixedCulturesToRussianAndUIEnglishUS" methodname="SetMixedCulturesToRussianAndUIEnglishUS" classname="NUnit.Framework.Attributes.SetCultureAttributeTests" runstate="Runnable" seed="942423002" result="Passed" start-time="2017-02-21 11:04:45Z" end-time="2017-02-21 11:04:45Z" duration="0.000729" asserts="2">
              <properties>
                <property name="SetCulture" value="ru-RU" />
                <property name="SetUICulture" value="en-US" />
              </properties>
            </test-case>
            <test-case id="0-2256" name="SetUICultureOnlyToFrench" fullname="NUnit.Framework.Attributes.SetCultureAttributeTests.SetUICultureOnlyToFrench" methodname="SetUICultureOnlyToFrench" classname="NUnit.Framework.Attributes.SetCultureAttributeTests" runstate="Runnable" seed="1454187407" result="Passed" start-time="2017-02-21 11:04:45Z" end-time="2017-02-21 11:04:45Z" duration="0.000182" asserts="2">
              <properties>
                <property name="SetUICulture" value="fr-FR" />
              </properties>
            </test-case>
            <test-case id="0-2257" name="SetUICultureOnlyToFrenchCanadian" fullname="NUnit.Framework.Attributes.SetCultureAttributeTests.SetUICultureOnlyToFrenchCanadian" methodname="SetUICultureOnlyToFrenchCanadian" classname="NUnit.Framework.Attributes.SetCultureAttributeTests" runstate="Runnable" seed="1222347263" result="Passed" start-time="2017-02-21 11:04:45Z" end-time="2017-02-21 11:04:45Z" duration="0.000246" asserts="2">
              <properties>
                <property name="SetUICulture" value="fr-CA" />
              </properties>
            </test-case>
            <test-case id="0-2258" name="SetUICultureOnlyToRussian" fullname="NUnit.Framework.Attributes.SetCultureAttributeTests.SetUICultureOnlyToRussian" methodname="SetUICultureOnlyToRussian" classname="NUnit.Framework.Attributes.SetCultureAttributeTests" runstate="Runnable" seed="345630109" result="Passed" start-time="2017-02-21 11:04:45Z" end-time="2017-02-21 11:04:45Z" duration="0.000509" asserts="2">
              <properties>
                <property name="SetUICulture" value="ru-RU" />
              </properties>
            </test-case>
            <test-suite type="ParameterizedMethod" id="0-2265" name="UseWithParameterizedTest" fullname="NUnit.Framework.Attributes.SetCultureAttributeTests.UseWithParameterizedTest" classname="NUnit.Framework.Attributes.SetCultureAttributeTests" runstate="Runnable" testcasecount="1" result="Passed" start-time="2017-02-21 11:04:45Z" end-time="2017-02-21 11:04:45Z" duration="0.003343" total="1" passed="1" failed="0" warnings="0" inconclusive="0" skipped="0" asserts="1">
              <properties>
                <property name="SetCulture" value="de-DE" />
              </properties>
              <test-case id="0-2264" name="UseWithParameterizedTest()" fullname="NUnit.Framework.Attributes.SetCultureAttributeTests.UseWithParameterizedTest()" methodname="UseWithParameterizedTest" classname="NUnit.Framework.Attributes.SetCultureAttributeTests" runstate="Runnable" seed="1716047781" result="Passed" start-time="2017-02-21 11:04:45Z" end-time="2017-02-21 11:04:45Z" duration="0.000732" asserts="1" />
            </test-suite>
          </test-suite>
          <test-suite type="TestFixture" id="0-2269" name="SetUpFixtureAttributeTests" fullname="NUnit.Framework.Attributes.SetUpFixtureAttributeTests" classname="NUnit.Framework.Attributes.SetUpFixtureAttributeTests" runstate="Runnable" testcasecount="4" result="Passed" start-time="2017-02-21 11:04:45Z" end-time="2017-02-21 11:04:45Z" duration="0.018980" total="4" passed="4" failed="0" warnings="0" inconclusive="0" skipped="0" asserts="4">
            <test-suite type="ParameterizedMethod" id="0-2274" name="CertainAttributesAreNotAllowed" fullname="NUnit.Framework.Attributes.SetUpFixtureAttributeTests.CertainAttributesAreNotAllowed" classname="NUnit.Framework.Attributes.SetUpFixtureAttributeTests" runstate="Runnable" testcasecount="4" result="Passed" start-time="2017-02-21 11:04:45Z" end-time="2017-02-21 11:04:45Z" duration="0.016245" total="4" passed="4" failed="0" warnings="0" inconclusive="0" skipped="0" asserts="4">
              <test-case id="0-2270" name="CertainAttributesAreNotAllowed(NUnit.Framework.Attributes.SetUpFixtureAttributeTests+Class1)" fullname="NUnit.Framework.Attributes.SetUpFixtureAttributeTests.CertainAttributesAreNotAllowed(NUnit.Framework.Attributes.SetUpFixtureAttributeTests+Class1)" methodname="CertainAttributesAreNotAllowed" classname="NUnit.Framework.Attributes.SetUpFixtureAttributeTests" runstate="Runnable" seed="1713581629" result="Passed" start-time="2017-02-21 11:04:45Z" end-time="2017-02-21 11:04:45Z" duration="0.002544" asserts="1" />
              <test-case id="0-2271" name="CertainAttributesAreNotAllowed(NUnit.Framework.Attributes.SetUpFixtureAttributeTests+Class2)" fullname="NUnit.Framework.Attributes.SetUpFixtureAttributeTests.CertainAttributesAreNotAllowed(NUnit.Framework.Attributes.SetUpFixtureAttributeTests+Class2)" methodname="CertainAttributesAreNotAllowed" classname="NUnit.Framework.Attributes.SetUpFixtureAttributeTests" runstate="Runnable" seed="1735334055" result="Passed" start-time="2017-02-21 11:04:45Z" end-time="2017-02-21 11:04:45Z" duration="0.000816" asserts="1" />
              <test-case id="0-2272" name="CertainAttributesAreNotAllowed(NUnit.Framework.Attributes.SetUpFixtureAttributeTests+Class3)" fullname="NUnit.Framework.Attributes.SetUpFixtureAttributeTests.CertainAttributesAreNotAllowed(NUnit.Framework.Attributes.SetUpFixtureAttributeTests+Class3)" methodname="CertainAttributesAreNotAllowed" classname="NUnit.Framework.Attributes.SetUpFixtureAttributeTests" runstate="Runnable" seed="2045934042" result="Passed" start-time="2017-02-21 11:04:45Z" end-time="2017-02-21 11:04:45Z" duration="0.000396" asserts="1" />
              <test-case id="0-2273" name="CertainAttributesAreNotAllowed(NUnit.Framework.Attributes.SetUpFixtureAttributeTests+Class4)" fullname="NUnit.Framework.Attributes.SetUpFixtureAttributeTests.CertainAttributesAreNotAllowed(NUnit.Framework.Attributes.SetUpFixtureAttributeTests+Class4)" methodname="CertainAttributesAreNotAllowed" classname="NUnit.Framework.Attributes.SetUpFixtureAttributeTests" runstate="Runnable" seed="2042745346" result="Passed" start-time="2017-02-21 11:04:45Z" end-time="2017-02-21 11:04:45Z" duration="0.000474" asserts="1" />
            </test-suite>
          </test-suite>
          <test-suite type="TestFixture" id="0-2566" name="SingleThreadedFixtureTests" fullname="NUnit.Framework.Attributes.SingleThreadedFixtureTests" classname="NUnit.Framework.Attributes.SingleThreadedFixtureTests" runstate="Runnable" testcasecount="11" result="Passed" start-time="2017-02-21 11:04:45Z" end-time="2017-02-21 11:04:45Z" duration="0.047679" total="11" passed="11" failed="0" warnings="0" inconclusive="0" skipped="0" asserts="7">
            <test-suite type="ParameterizedMethod" id="0-2578" name="TestCaseDefaultsToRunningEverythingOnSameThread" fullname="NUnit.Framework.Attributes.SingleThreadedFixtureTests.TestCaseDefaultsToRunningEverythingOnSameThread" classname="NUnit.Framework.Attributes.ThreadingTests" runstate="Runnable" testcasecount="1" result="Passed" start-time="2017-02-21 11:04:45Z" end-time="2017-02-21 11:04:45Z" duration="0.003082" total="1" passed="1" failed="0" warnings="0" inconclusive="0" skipped="0" asserts="2">
              <test-case id="0-2577" name="TestCaseDefaultsToRunningEverythingOnSameThread(5)" fullname="NUnit.Framework.Attributes.SingleThreadedFixtureTests.TestCaseDefaultsToRunningEverythingOnSameThread(5)" methodname="TestCaseDefaultsToRunningEverythingOnSameThread" classname="NUnit.Framework.Attributes.ThreadingTests" runstate="Runnable" seed="1387097911" result="Passed" start-time="2017-02-21 11:04:45Z" end-time="2017-02-21 11:04:45Z" duration="0.000105" asserts="2" />
            </test-suite>
            <test-case id="0-2576" name="TestDefaultsToRunningEverythingOnSameThread" fullname="NUnit.Framework.Attributes.SingleThreadedFixtureTests.TestDefaultsToRunningEverythingOnSameThread" methodname="TestDefaultsToRunningEverythingOnSameThread" classname="NUnit.Framework.Attributes.ThreadingTests" runstate="Runnable" seed="615558671" result="Passed" start-time="2017-02-21 11:04:45Z" end-time="2017-02-21 11:04:45Z" duration="0.000067" asserts="2" />
            <test-case id="0-2567" name="TestRunsOnSameThreadAsParent" fullname="NUnit.Framework.Attributes.SingleThreadedFixtureTests.TestRunsOnSameThreadAsParent" methodname="TestRunsOnSameThreadAsParent" classname="NUnit.Framework.Attributes.SingleThreadedFixtureTests" runstate="Runnable" seed="1071756063" result="Passed" start-time="2017-02-21 11:04:45Z" end-time="2017-02-21 11:04:45Z" duration="0.000179" asserts="1" />
            <test-case id="0-2571" name="TestWithDifferentApartmentIsInvalid" fullname="NUnit.Framework.Attributes.SingleThreadedFixtureTests.TestWithDifferentApartmentIsInvalid" methodname="TestWithDifferentApartmentIsInvalid" classname="NUnit.Framework.Attributes.SingleThreadedFixtureTests" runstate="Runnable" seed="1023099865" result="Passed" start-time="2017-02-21 11:04:45Z" end-time="2017-02-21 11:04:45Z" duration="0.001096" asserts="0" />
            <test-case id="0-2574" name="TestWithRequiresTheadAndDifferentApartmentSTAIsInvalid" fullname="NUnit.Framework.Attributes.SingleThreadedFixtureTests.TestWithRequiresTheadAndDifferentApartmentSTAIsInvalid" methodname="TestWithRequiresTheadAndDifferentApartmentSTAIsInvalid" classname="NUnit.Framework.Attributes.SingleThreadedFixtureTests" runstate="Runnable" seed="519168385" result="Passed" start-time="2017-02-21 11:04:45Z" end-time="2017-02-21 11:04:45Z" duration="0.000755" asserts="0" />
            <test-case id="0-2569" name="TestWithRequiresThreadIsInvalid" fullname="NUnit.Framework.Attributes.SingleThreadedFixtureTests.TestWithRequiresThreadIsInvalid" methodname="TestWithRequiresThreadIsInvalid" classname="NUnit.Framework.Attributes.SingleThreadedFixtureTests" runstate="Runnable" seed="2088358014" result="Passed" start-time="2017-02-21 11:04:45Z" end-time="2017-02-21 11:04:45Z" duration="0.000666" asserts="0" />
            <test-case id="0-2572" name="TestWithSameApartmentIsValid" fullname="NUnit.Framework.Attributes.SingleThreadedFixtureTests.TestWithSameApartmentIsValid" methodname="TestWithSameApartmentIsValid" classname="NUnit.Framework.Attributes.SingleThreadedFixtureTests" runstate="Runnable" seed="791166791" result="Passed" start-time="2017-02-21 11:04:45Z" end-time="2017-02-21 11:04:45Z" duration="0.000336" asserts="2">
              <properties>
                <property name="ApartmentState" value="MTA" />
              </properties>
            </test-case>
            <test-case id="0-2573" name="TestWithTimeoutAndDifferentApartmentIsInvalid" fullname="NUnit.Framework.Attributes.SingleThreadedFixtureTests.TestWithTimeoutAndDifferentApartmentIsInvalid" methodname="TestWithTimeoutAndDifferentApartmentIsInvalid" classname="NUnit.Framework.Attributes.SingleThreadedFixtureTests" runstate="Runnable" seed="1664581389" result="Passed" start-time="2017-02-21 11:04:45Z" end-time="2017-02-21 11:04:45Z" duration="0.001222" asserts="0" />
            <test-case id="0-2570" name="TestWithTimeoutAndRequiresThreadIsInvalid" fullname="NUnit.Framework.Attributes.SingleThreadedFixtureTests.TestWithTimeoutAndRequiresThreadIsInvalid" methodname="TestWithTimeoutAndRequiresThreadIsInvalid" classname="NUnit.Framework.Attributes.SingleThreadedFixtureTests" runstate="Runnable" seed="1229017223" result="Passed" start-time="2017-02-21 11:04:45Z" end-time="2017-02-21 11:04:45Z" duration="0.001067" asserts="0" />
            <test-case id="0-2568" name="TestWithTimeoutIsInvalid" fullname="NUnit.Framework.Attributes.SingleThreadedFixtureTests.TestWithTimeoutIsInvalid" methodname="TestWithTimeoutIsInvalid" classname="NUnit.Framework.Attributes.SingleThreadedFixtureTests" runstate="Runnable" seed="904457549" result="Passed" start-time="2017-02-21 11:04:45Z" end-time="2017-02-21 11:04:45Z" duration="0.001105" asserts="0" />
            <test-case id="0-2575" name="TestWithTimeoutRequiresThreadAndDifferentApartmentSTAIsInvalid" fullname="NUnit.Framework.Attributes.SingleThreadedFixtureTests.TestWithTimeoutRequiresThreadAndDifferentApartmentSTAIsInvalid" methodname="TestWithTimeoutRequiresThreadAndDifferentApartmentSTAIsInvalid" classname="NUnit.Framework.Attributes.SingleThreadedFixtureTests" runstate="Runnable" seed="214547640" result="Passed" start-time="2017-02-21 11:04:45Z" end-time="2017-02-21 11:04:45Z" duration="0.001160" asserts="0" />
          </test-suite>
          <test-suite type="TestFixture" id="0-2240" name="RetryAttributeTests" fullname="NUnit.Framework.Attributes.RetryAttributeTests" classname="NUnit.Framework.Attributes.RetryAttributeTests" runstate="Runnable" testcasecount="13" result="Passed" start-time="2017-02-21 11:04:45Z" end-time="2017-02-21 11:04:45Z" duration="0.142008" total="13" passed="13" failed="0" warnings="0" inconclusive="0" skipped="0" asserts="3">
            <test-case id="0-2254" name="CategoryWorksWithRetry" fullname="NUnit.Framework.Attributes.RetryAttributeTests.CategoryWorksWithRetry" methodname="CategoryWorksWithRetry" classname="NUnit.Framework.Attributes.RetryAttributeTests" runstate="Runnable" seed="782022997" result="Passed" start-time="2017-02-21 11:04:45Z" end-time="2017-02-21 11:04:45Z" duration="0.001535" asserts="3" />
            <test-suite type="ParameterizedMethod" id="0-2253" name="RetryWorksAsExpected" fullname="NUnit.Framework.Attributes.RetryAttributeTests.RetryWorksAsExpected" classname="NUnit.Framework.Attributes.RetryAttributeTests" runstate="Runnable" testcasecount="12" result="Passed" start-time="2017-02-21 11:04:45Z" end-time="2017-02-21 11:04:45Z" duration="0.134175" total="12" passed="12" failed="0" warnings="0" inconclusive="0" skipped="0" asserts="0">
              <test-case id="0-2241" name="RetryWorksAsExpected(NUnit.TestData.RepeatingTests.RetrySucceedsOnFirstTryFixture,&quot;Passed&quot;,1)" fullname="NUnit.Framework.Attributes.RetryAttributeTests.RetryWorksAsExpected(NUnit.TestData.RepeatingTests.RetrySucceedsOnFirstTryFixture,&quot;Passed&quot;,1)" methodname="RetryWorksAsExpected" classname="NUnit.Framework.Attributes.RetryAttributeTests" runstate="Runnable" seed="1729407730" result="Passed" start-time="2017-02-21 11:04:45Z" end-time="2017-02-21 11:04:45Z" duration="0.001423" asserts="0" />
              <test-case id="0-2242" name="RetryWorksAsExpected(NUnit.TestData.RepeatingTests.RetrySucceedsOnSecondTryFixture,&quot;Passed&quot;,2)" fullname="NUnit.Framework.Attributes.RetryAttributeTests.RetryWorksAsExpected(NUnit.TestData.RepeatingTests.RetrySucceedsOnSecondTryFixture,&quot;Passed&quot;,2)" methodname="RetryWorksAsExpected" classname="NUnit.Framework.Attributes.RetryAttributeTests" runstate="Runnable" seed="1574782494" result="Passed" start-time="2017-02-21 11:04:45Z" end-time="2017-02-21 11:04:45Z" duration="0.007530" asserts="0" />
              <test-case id="0-2243" name="RetryWorksAsExpected(NUnit.TestData.RepeatingTests.RetrySucceedsOnThirdTryFixture,&quot;Passed&quot;,3)" fullname="NUnit.Framework.Attributes.RetryAttributeTests.RetryWorksAsExpected(NUnit.TestData.RepeatingTests.RetrySucceedsOnThirdTryFixture,&quot;Passed&quot;,3)" methodname="RetryWorksAsExpected" classname="NUnit.Framework.Attributes.RetryAttributeTests" runstate="Runnable" seed="884131176" result="Passed" start-time="2017-02-21 11:04:45Z" end-time="2017-02-21 11:04:45Z" duration="0.009996" asserts="0" />
              <test-case id="0-2244" name="RetryWorksAsExpected(NUnit.TestData.RepeatingTests.RetryFailsEveryTimeFixture,&quot;Failed(Child)&quot;,3)" fullname="NUnit.Framework.Attributes.RetryAttributeTests.RetryWorksAsExpected(NUnit.TestData.RepeatingTests.RetryFailsEveryTimeFixture,&quot;Failed(Child)&quot;,3)" methodname="RetryWorksAsExpected" classname="NUnit.Framework.Attributes.RetryAttributeTests" runstate="Runnable" seed="1276727171" result="Passed" start-time="2017-02-21 11:04:45Z" end-time="2017-02-21 11:04:45Z" duration="0.021130" asserts="0" />
              <test-case id="0-2245" name="RetryWorksAsExpected(NUnit.TestData.RepeatingTests.RetryWithIgnoreAttributeFixture,&quot;Skipped:Ignored&quot;,0)" fullname="NUnit.Framework.Attributes.RetryAttributeTests.RetryWorksAsExpected(NUnit.TestData.RepeatingTests.RetryWithIgnoreAttributeFixture,&quot;Skipped:Ignored&quot;,0)" methodname="RetryWorksAsExpected" classname="NUnit.Framework.Attributes.RetryAttributeTests" runstate="Runnable" seed="401807287" result="Passed" start-time="2017-02-21 11:04:45Z" end-time="2017-02-21 11:04:45Z" duration="0.000940" asserts="0" />
              <test-case id="0-2246" name="RetryWorksAsExpected(NUnit.TestData.RepeatingTests.RetryIgnoredOnFirstTryFixture,&quot;Skipped:Ignored&quot;,1)" fullname="NUnit.Framework.Attributes.RetryAttributeTests.RetryWorksAsExpected(NUnit.TestData.RepeatingTests.RetryIgnoredOnFirstTryFixture,&quot;Skipped:Ignored&quot;,1)" methodname="RetryWorksAsExpected" classname="NUnit.Framework.Attributes.RetryAttributeTests" runstate="Runnable" seed="1474619754" result="Passed" start-time="2017-02-21 11:04:45Z" end-time="2017-02-21 11:04:45Z" duration="0.001368" asserts="0" />
              <test-case id="0-2247" name="RetryWorksAsExpected(NUnit.TestData.RepeatingTests.RetryIgnoredOnSecondTryFixture,&quot;Skipped:Ignored&quot;,2)" fullname="NUnit.Framework.Attributes.RetryAttributeTests.RetryWorksAsExpected(NUnit.TestData.RepeatingTests.RetryIgnoredOnSecondTryFixture,&quot;Skipped:Ignored&quot;,2)" methodname="RetryWorksAsExpected" classname="NUnit.Framework.Attributes.RetryAttributeTests" runstate="Runnable" seed="280401592" result="Passed" start-time="2017-02-21 11:04:45Z" end-time="2017-02-21 11:04:45Z" duration="0.009256" asserts="0" />
              <test-case id="0-2248" name="RetryWorksAsExpected(NUnit.TestData.RepeatingTests.RetryIgnoredOnThirdTryFixture,&quot;Skipped:Ignored&quot;,3)" fullname="NUnit.Framework.Attributes.RetryAttributeTests.RetryWorksAsExpected(NUnit.TestData.RepeatingTests.RetryIgnoredOnThirdTryFixture,&quot;Skipped:Ignored&quot;,3)" methodname="RetryWorksAsExpected" classname="NUnit.Framework.Attributes.RetryAttributeTests" runstate="Runnable" seed="1528024935" result="Passed" start-time="2017-02-21 11:04:45Z" end-time="2017-02-21 11:04:45Z" duration="0.011548" asserts="0" />
              <test-case id="0-2249" name="RetryWorksAsExpected(NUnit.TestData.RepeatingTests.RetryErrorOnFirstTryFixture,&quot;Failed(Child)&quot;,1)" fullname="NUnit.Framework.Attributes.RetryAttributeTests.RetryWorksAsExpected(NUnit.TestData.RepeatingTests.RetryErrorOnFirstTryFixture,&quot;Failed(Child)&quot;,1)" methodname="RetryWorksAsExpected" classname="NUnit.Framework.Attributes.RetryAttributeTests" runstate="Runnable" seed="307225335" result="Passed" start-time="2017-02-21 11:04:45Z" end-time="2017-02-21 11:04:45Z" duration="0.002169" asserts="0" />
              <test-case id="0-2250" name="RetryWorksAsExpected(NUnit.TestData.RepeatingTests.RetryErrorOnSecondTryFixture,&quot;Failed(Child)&quot;,2)" fullname="NUnit.Framework.Attributes.RetryAttributeTests.RetryWorksAsExpected(NUnit.TestData.RepeatingTests.RetryErrorOnSecondTryFixture,&quot;Failed(Child)&quot;,2)" methodname="RetryWorksAsExpected" classname="NUnit.Framework.Attributes.RetryAttributeTests" runstate="Runnable" seed="1810500080" result="Passed" start-time="2017-02-21 11:04:45Z" end-time="2017-02-21 11:04:45Z" duration="0.005220" asserts="0" />
              <test-case id="0-2251" name="RetryWorksAsExpected(NUnit.TestData.RepeatingTests.RetryErrorOnThirdTryFixture,&quot;Failed(Child)&quot;,3)" fullname="NUnit.Framework.Attributes.RetryAttributeTests.RetryWorksAsExpected(NUnit.TestData.RepeatingTests.RetryErrorOnThirdTryFixture,&quot;Failed(Child)&quot;,3)" methodname="RetryWorksAsExpected" classname="NUnit.Framework.Attributes.RetryAttributeTests" runstate="Runnable" seed="871931051" result="Passed" start-time="2017-02-21 11:04:45Z" end-time="2017-02-21 11:04:45Z" duration="0.011737" asserts="0" />
              <test-case id="0-2252" name="RetryWorksAsExpected(NUnit.TestData.RepeatingTests.RetryTestCaseFixture,&quot;Failed(Child)&quot;,3)" fullname="NUnit.Framework.Attributes.RetryAttributeTests.RetryWorksAsExpected(NUnit.TestData.RepeatingTests.RetryTestCaseFixture,&quot;Failed(Child)&quot;,3)" methodname="RetryWorksAsExpected" classname="NUnit.Framework.Attributes.RetryAttributeTests" runstate="Runnable" seed="1733066438" result="Passed" start-time="2017-02-21 11:04:45Z" end-time="2017-02-21 11:04:45Z" duration="0.019805" asserts="0" />
            </test-suite>
          </test-suite>
          <test-suite type="TestFixture" id="0-2477" name="TestFixtureAttributeTests" fullname="NUnit.Framework.Attributes.TestFixtureAttributeTests" classname="NUnit.Framework.Attributes.TestFixtureAttributeTests" runstate="Runnable" testcasecount="6" result="Passed" start-time="2017-02-21 11:04:45Z" end-time="2017-02-21 11:04:45Z" duration="0.016514" total="6" passed="6" failed="0" warnings="0" inconclusive="0" skipped="0" asserts="12">
            <test-case id="0-2483" name="ConstructWithCombinedArgs" fullname="NUnit.Framework.Attributes.TestFixtureAttributeTests.ConstructWithCombinedArgs" methodname="ConstructWithCombinedArgs" classname="NUnit.Framework.Attributes.TestFixtureAttributeTests" runstate="Runnable" seed="360065145" result="Passed" start-time="2017-02-21 11:04:45Z" end-time="2017-02-21 11:04:45Z" duration="0.000230" asserts="2" />
            <test-case id="0-2479" name="ConstructWithFixtureArgs" fullname="NUnit.Framework.Attributes.TestFixtureAttributeTests.ConstructWithFixtureArgs" methodname="ConstructWithFixtureArgs" classname="NUnit.Framework.Attributes.TestFixtureAttributeTests" runstate="Runnable" seed="1179890641" result="Passed" start-time="2017-02-21 11:04:45Z" end-time="2017-02-21 11:04:45Z" duration="0.000231" asserts="2" />
            <test-case id="0-2482" name="ConstructWithFixtureArgsAndSetTypeArgs" fullname="NUnit.Framework.Attributes.TestFixtureAttributeTests.ConstructWithFixtureArgsAndSetTypeArgs" methodname="ConstructWithFixtureArgsAndSetTypeArgs" classname="NUnit.Framework.Attributes.TestFixtureAttributeTests" runstate="Runnable" seed="1700470281" result="Passed" start-time="2017-02-21 11:04:45Z" end-time="2017-02-21 11:04:45Z" duration="0.000268" asserts="2" />
            <test-case id="0-2480" name="ConstructWithJustTypeArgs" fullname="NUnit.Framework.Attributes.TestFixtureAttributeTests.ConstructWithJustTypeArgs" methodname="ConstructWithJustTypeArgs" classname="NUnit.Framework.Attributes.TestFixtureAttributeTests" runstate="Runnable" seed="1524307681" result="Passed" start-time="2017-02-21 11:04:45Z" end-time="2017-02-21 11:04:45Z" duration="0.000202" asserts="2" />
            <test-case id="0-2481" name="ConstructWithNoArgumentsAndSetTypeArgs" fullname="NUnit.Framework.Attributes.TestFixtureAttributeTests.ConstructWithNoArgumentsAndSetTypeArgs" methodname="ConstructWithNoArgumentsAndSetTypeArgs" classname="NUnit.Framework.Attributes.TestFixtureAttributeTests" runstate="Runnable" seed="1299531639" result="Passed" start-time="2017-02-21 11:04:45Z" end-time="2017-02-21 11:04:45Z" duration="0.000232" asserts="2" />
            <test-case id="0-2478" name="ConstructWithoutArguments" fullname="NUnit.Framework.Attributes.TestFixtureAttributeTests.ConstructWithoutArguments" methodname="ConstructWithoutArguments" classname="NUnit.Framework.Attributes.TestFixtureAttributeTests" runstate="Runnable" seed="353208421" result="Passed" start-time="2017-02-21 11:04:45Z" end-time="2017-02-21 11:04:45Z" duration="0.000138" asserts="2" />
          </test-suite>
          <test-suite type="TestFixture" id="0-2484" name="TestFixtureSourceTests" fullname="NUnit.Framework.Attributes.TestFixtureSourceTests" classname="NUnit.Framework.Attributes.TestFixtureSourceTests" runstate="Runnable" testcasecount="18" result="Passed" start-time="2017-02-21 11:04:45Z" end-time="2017-02-21 11:04:45Z" duration="0.102111" total="18" passed="18" failed="0" warnings="0" inconclusive="0" skipped="0" asserts="19">
            <test-case id="0-2502" name="CanIgnoreIndividualFixtures" fullname="NUnit.Framework.Attributes.TestFixtureSourceTests.CanIgnoreIndividualFixtures" methodname="CanIgnoreIndividualFixtures" classname="NUnit.Framework.Attributes.TestFixtureSourceTests" runstate="Runnable" seed="274620033" result="Passed" start-time="2017-02-21 11:04:45Z" end-time="2017-02-21 11:04:45Z" duration="0.009155" asserts="5" />
            <test-case id="0-2503" name="CanMarkIndividualFixturesExplicit" fullname="NUnit.Framework.Attributes.TestFixtureSourceTests.CanMarkIndividualFixturesExplicit" methodname="CanMarkIndividualFixturesExplicit" classname="NUnit.Framework.Attributes.TestFixtureSourceTests" runstate="Runnable" seed="1310572439" result="Passed" start-time="2017-02-21 11:04:45Z" end-time="2017-02-21 11:04:45Z" duration="0.001958" asserts="5" />
            <test-suite type="ParameterizedMethod" id="0-2497" name="CheckArgument" fullname="NUnit.Framework.Attributes.TestFixtureSourceTests.CheckArgument" classname="NUnit.Framework.Attributes.TestFixtureSourceTests" runstate="Runnable" testcasecount="12" result="Passed" start-time="2017-02-21 11:04:45Z" end-time="2017-02-21 11:04:45Z" duration="0.063614" total="12" passed="12" failed="0" warnings="0" inconclusive="0" skipped="0" asserts="0">
              <test-case id="0-2485" name="CheckArgument(NUnit.TestData.TestFixtureSourceData.StaticField_SameClass)" fullname="NUnit.Framework.Attributes.TestFixtureSourceTests.CheckArgument(NUnit.TestData.TestFixtureSourceData.StaticField_SameClass)" methodname="CheckArgument" classname="NUnit.Framework.Attributes.TestFixtureSourceTests" runstate="Runnable" seed="1154825411" result="Passed" start-time="2017-02-21 11:04:45Z" end-time="2017-02-21 11:04:45Z" duration="0.001306" asserts="0" />
              <test-case id="0-2486" name="CheckArgument(NUnit.TestData.TestFixtureSourceData.StaticProperty_SameClass)" fullname="NUnit.Framework.Attributes.TestFixtureSourceTests.CheckArgument(NUnit.TestData.TestFixtureSourceData.StaticProperty_SameClass)" methodname="CheckArgument" classname="NUnit.Framework.Attributes.TestFixtureSourceTests" runstate="Runnable" seed="618991123" result="Passed" start-time="2017-02-21 11:04:45Z" end-time="2017-02-21 11:04:45Z" duration="0.001268" asserts="0" />
              <test-case id="0-2487" name="CheckArgument(NUnit.TestData.TestFixtureSourceData.StaticMethod_SameClass)" fullname="NUnit.Framework.Attributes.TestFixtureSourceTests.CheckArgument(NUnit.TestData.TestFixtureSourceData.StaticMethod_SameClass)" methodname="CheckArgument" classname="NUnit.Framework.Attributes.TestFixtureSourceTests" runstate="Runnable" seed="122582573" result="Passed" start-time="2017-02-21 11:04:45Z" end-time="2017-02-21 11:04:45Z" duration="0.000894" asserts="0" />
              <test-case id="0-2488" name="CheckArgument(NUnit.TestData.TestFixtureSourceData.StaticField_DifferentClass)" fullname="NUnit.Framework.Attributes.TestFixtureSourceTests.CheckArgument(NUnit.TestData.TestFixtureSourceData.StaticField_DifferentClass)" methodname="CheckArgument" classname="NUnit.Framework.Attributes.TestFixtureSourceTests" runstate="Runnable" seed="1204310488" result="Passed" start-time="2017-02-21 11:04:45Z" end-time="2017-02-21 11:04:45Z" duration="0.001373" asserts="0" />
              <test-case id="0-2489" name="CheckArgument(NUnit.TestData.TestFixtureSourceData.StaticProperty_DifferentClass)" fullname="NUnit.Framework.Attributes.TestFixtureSourceTests.CheckArgument(NUnit.TestData.TestFixtureSourceData.StaticProperty_DifferentClass)" methodname="CheckArgument" classname="NUnit.Framework.Attributes.TestFixtureSourceTests" runstate="Runnable" seed="772436186" result="Passed" start-time="2017-02-21 11:04:45Z" end-time="2017-02-21 11:04:45Z" duration="0.001201" asserts="0" />
              <test-case id="0-2490" name="CheckArgument(NUnit.TestData.TestFixtureSourceData.StaticMethod_DifferentClass)" fullname="NUnit.Framework.Attributes.TestFixtureSourceTests.CheckArgument(NUnit.TestData.TestFixtureSourceData.StaticMethod_DifferentClass)" methodname="CheckArgument" classname="NUnit.Framework.Attributes.TestFixtureSourceTests" runstate="Runnable" seed="1192731344" result="Passed" start-time="2017-02-21 11:04:45Z" end-time="2017-02-21 11:04:45Z" duration="0.001425" asserts="0" />
              <test-case id="0-2491" name="CheckArgument(NUnit.TestData.TestFixtureSourceData.StaticProperty_InheritedClass)" fullname="NUnit.Framework.Attributes.TestFixtureSourceTests.CheckArgument(NUnit.TestData.TestFixtureSourceData.StaticProperty_InheritedClass)" methodname="CheckArgument" classname="NUnit.Framework.Attributes.TestFixtureSourceTests" runstate="Runnable" seed="1145426480" result="Passed" start-time="2017-02-21 11:04:45Z" end-time="2017-02-21 11:04:45Z" duration="0.003466" asserts="0" />
              <test-case id="0-2492" name="CheckArgument(NUnit.TestData.TestFixtureSourceData.IEnumerableSource)" fullname="NUnit.Framework.Attributes.TestFixtureSourceTests.CheckArgument(NUnit.TestData.TestFixtureSourceData.IEnumerableSource)" methodname="CheckArgument" classname="NUnit.Framework.Attributes.TestFixtureSourceTests" runstate="Runnable" seed="1332781653" result="Passed" start-time="2017-02-21 11:04:45Z" end-time="2017-02-21 11:04:45Z" duration="0.001621" asserts="0" />
              <test-case id="0-2493" name="CheckArgument(NUnit.TestData.TestFixtureSourceData.SourceReturnsObjectArray)" fullname="NUnit.Framework.Attributes.TestFixtureSourceTests.CheckArgument(NUnit.TestData.TestFixtureSourceData.SourceReturnsObjectArray)" methodname="CheckArgument" classname="NUnit.Framework.Attributes.TestFixtureSourceTests" runstate="Runnable" seed="189467105" result="Passed" start-time="2017-02-21 11:04:45Z" end-time="2017-02-21 11:04:45Z" duration="0.014350" asserts="0" />
              <test-case id="0-2494" name="CheckArgument(NUnit.TestData.TestFixtureSourceData.SourceReturnsFixtureParameters)" fullname="NUnit.Framework.Attributes.TestFixtureSourceTests.CheckArgument(NUnit.TestData.TestFixtureSourceData.SourceReturnsFixtureParameters)" methodname="CheckArgument" classname="NUnit.Framework.Attributes.TestFixtureSourceTests" runstate="Runnable" seed="812534889" result="Passed" start-time="2017-02-21 11:04:45Z" end-time="2017-02-21 11:04:45Z" duration="0.002322" asserts="0" />
              <test-case id="0-2495" name="CheckArgument(NUnit.TestData.TestFixtureSourceData.ExtraTestFixtureAttributeIsIgnored)" fullname="NUnit.Framework.Attributes.TestFixtureSourceTests.CheckArgument(NUnit.TestData.TestFixtureSourceData.ExtraTestFixtureAttributeIsIgnored)" methodname="CheckArgument" classname="NUnit.Framework.Attributes.TestFixtureSourceTests" runstate="Runnable" seed="1080186187" result="Passed" start-time="2017-02-21 11:04:45Z" end-time="2017-02-21 11:04:45Z" duration="0.001923" asserts="0" />
              <test-case id="0-2496" name="CheckArgument(NUnit.TestData.TestFixtureSourceData.TestFixtureMayUseMultipleSourceAttributes)" fullname="NUnit.Framework.Attributes.TestFixtureSourceTests.CheckArgument(NUnit.TestData.TestFixtureSourceData.TestFixtureMayUseMultipleSourceAttributes)" methodname="CheckArgument" classname="NUnit.Framework.Attributes.TestFixtureSourceTests" runstate="Runnable" seed="698089430" result="Passed" start-time="2017-02-21 11:04:45Z" end-time="2017-02-21 11:04:45Z" duration="0.003648" asserts="0" />
            </test-suite>
            <test-suite type="ParameterizedMethod" id="0-2501" name="CheckNotRunnable" fullname="NUnit.Framework.Attributes.TestFixtureSourceTests.CheckNotRunnable" classname="NUnit.Framework.Attributes.TestFixtureSourceTests" runstate="Runnable" testcasecount="3" result="Passed" start-time="2017-02-21 11:04:45Z" end-time="2017-02-21 11:04:45Z" duration="0.012522" total="3" passed="3" failed="0" warnings="0" inconclusive="0" skipped="0" asserts="6">
              <test-case id="0-2498" name="CheckNotRunnable(NUnit.TestData.TestFixtureSourceData.InstanceField_SameClass)" fullname="NUnit.Framework.Attributes.TestFixtureSourceTests.CheckNotRunnable(NUnit.TestData.TestFixtureSourceData.InstanceField_SameClass)" methodname="CheckNotRunnable" classname="NUnit.Framework.Attributes.TestFixtureSourceTests" runstate="Runnable" seed="2008338030" result="Passed" start-time="2017-02-21 11:04:45Z" end-time="2017-02-21 11:04:45Z" duration="0.002528" asserts="2" />
              <test-case id="0-2499" name="CheckNotRunnable(NUnit.TestData.TestFixtureSourceData.InstanceProperty_SameClass)" fullname="NUnit.Framework.Attributes.TestFixtureSourceTests.CheckNotRunnable(NUnit.TestData.TestFixtureSourceData.InstanceProperty_SameClass)" methodname="CheckNotRunnable" classname="NUnit.Framework.Attributes.TestFixtureSourceTests" runstate="Runnable" seed="887337008" result="Passed" start-time="2017-02-21 11:04:45Z" end-time="2017-02-21 11:04:45Z" duration="0.000989" asserts="2" />
              <test-case id="0-2500" name="CheckNotRunnable(NUnit.TestData.TestFixtureSourceData.InstanceMethod_SameClass)" fullname="NUnit.Framework.Attributes.TestFixtureSourceTests.CheckNotRunnable(NUnit.TestData.TestFixtureSourceData.InstanceMethod_SameClass)" methodname="CheckNotRunnable" classname="NUnit.Framework.Attributes.TestFixtureSourceTests" runstate="Runnable" seed="1771209752" result="Passed" start-time="2017-02-21 11:04:45Z" end-time="2017-02-21 11:04:45Z" duration="0.001488" asserts="2" />
            </test-suite>
            <test-case id="0-2504" name="Issue1118" fullname="NUnit.Framework.Attributes.TestFixtureSourceTests.Issue1118" methodname="Issue1118" classname="NUnit.Framework.Attributes.TestFixtureSourceTests" runstate="Runnable" seed="400043925" result="Passed" start-time="2017-02-21 11:04:45Z" end-time="2017-02-21 11:04:45Z" duration="0.002218" asserts="3" />
          </test-suite>
          <test-suite type="TestFixture" id="0-2397" name="TestCaseSourceTests" fullname="NUnit.Framework.Attributes.TestCaseSourceTests" classname="NUnit.Framework.Attributes.TestCaseSourceTests" runstate="Runnable" testcasecount="49" result="Passed" start-time="2017-02-21 11:04:45Z" end-time="2017-02-21 11:04:45Z" duration="0.224140" total="49" passed="48" failed="0" warnings="0" inconclusive="0" skipped="1" asserts="63">
            <test-case id="0-2457" name="CanIgnoreIndividualTestCases" fullname="NUnit.Framework.Attributes.TestCaseSourceTests.CanIgnoreIndividualTestCases" methodname="CanIgnoreIndividualTestCases" classname="NUnit.Framework.Attributes.TestCaseSourceTests" runstate="Runnable" seed="63818580" result="Passed" start-time="2017-02-21 11:04:45Z" end-time="2017-02-21 11:04:45Z" duration="0.000732" asserts="4" />
            <test-case id="0-2458" name="CanMarkIndividualTestCasesExplicit" fullname="NUnit.Framework.Attributes.TestCaseSourceTests.CanMarkIndividualTestCasesExplicit" methodname="CanMarkIndividualTestCasesExplicit" classname="NUnit.Framework.Attributes.TestCaseSourceTests" runstate="Runnable" seed="1054751030" result="Passed" start-time="2017-02-21 11:04:45Z" end-time="2017-02-21 11:04:45Z" duration="0.000870" asserts="5" />
            <test-case id="0-2459" name="HandlesExceptionInTestCaseSource" fullname="NUnit.Framework.Attributes.TestCaseSourceTests.HandlesExceptionInTestCaseSource" methodname="HandlesExceptionInTestCaseSource" classname="NUnit.Framework.Attributes.TestCaseSourceTests" runstate="Runnable" seed="823894323" result="Passed" start-time="2017-02-21 11:04:45Z" end-time="2017-02-21 11:04:45Z" duration="0.004155" asserts="2" />
            <test-suite type="ParameterizedMethod" id="0-2461" name="HandlesExceptionInTestCaseSource_GuiDisplay" fullname="NUnit.Framework.Attributes.TestCaseSourceTests.HandlesExceptionInTestCaseSource_GuiDisplay" classname="NUnit.Framework.Attributes.TestCaseSourceTests" runstate="Explicit" testcasecount="1" result="Skipped" label="Explicit" site="SetUp" start-time="2017-02-21 11:04:45Z" end-time="2017-02-21 11:04:45Z" duration="0.001148" total="1" passed="0" failed="0" warnings="0" inconclusive="0" skipped="1" asserts="0">
              <properties>
                <property name="_SKIPREASON" value="Used for GUI tests" />
              </properties>
              <reason>
                <message><![CDATA[Used for GUI tests]]></message>
              </reason>
              <test-case id="0-2460" name="HandlesExceptionInTestCaseSource_GuiDisplay" fullname="NUnit.Framework.Attributes.TestCaseSourceTests.HandlesExceptionInTestCaseSource_GuiDisplay" methodname="HandlesExceptionInTestCaseSource_GuiDisplay" classname="NUnit.Framework.Attributes.TestCaseSourceTests" runstate="NotRunnable" seed="453643746" result="Skipped" label="Explicit" site="Parent" start-time="0001-01-01 00:00:00Z" end-time="0001-01-01 00:00:00Z" duration="0.000000" asserts="0">
                <properties>
                  <property name="_SKIPREASON" value="System.Exception : my message" />
                  <property name="_PROVIDERSTACKTRACE" value="  at NUnit.Framework.Attributes.TestCaseSourceTests+&lt;&gt;c__Iterator1.MoveNext () &lt;0x40428230 + 0x0018f&gt; in &lt;filename unknown&gt;:0 &#xA;  at NUnit.Framework.TestCaseSourceAttribute.GetTestCasesFor (IMethodInfo method) &lt;0x404061a0 + 0x006dd&gt; in &lt;filename unknown&gt;:0 " />
                </properties>
                <reason>
                  <message><![CDATA[OneTimeSetUp: Used for GUI tests]]></message>
                </reason>
              </test-case>
            </test-suite>
            <test-case id="0-2456" name="IgnoreTakesPrecedenceOverExpectedException" fullname="NUnit.Framework.Attributes.TestCaseSourceTests.IgnoreTakesPrecedenceOverExpectedException" methodname="IgnoreTakesPrecedenceOverExpectedException" classname="NUnit.Framework.Attributes.TestCaseSourceTests" runstate="Runnable" seed="958073363" result="Passed" start-time="2017-02-21 11:04:45Z" end-time="2017-02-21 11:04:45Z" duration="0.001580" asserts="1" />
            <test-suite type="ParameterizedMethod" id="0-2467" name="Issue1337SingleMemberArrayAsArgument" fullname="NUnit.Framework.Attributes.TestCaseSourceTests.Issue1337SingleMemberArrayAsArgument" classname="NUnit.Framework.Attributes.TestCaseSourceTests" runstate="Runnable" testcasecount="1" result="Passed" start-time="2017-02-21 11:04:45Z" end-time="2017-02-21 11:04:45Z" duration="0.002872" total="1" passed="1" failed="0" warnings="0" inconclusive="0" skipped="0" asserts="1">
              <test-case id="0-2466" name="Issue1337SingleMemberArrayAsArgument(System.String[])" fullname="NUnit.Framework.Attributes.TestCaseSourceTests.Issue1337SingleMemberArrayAsArgument(System.String[])" methodname="Issue1337SingleMemberArrayAsArgument" classname="NUnit.Framework.Attributes.TestCaseSourceTests" runstate="Runnable" seed="225581496" result="Passed" start-time="2017-02-21 11:04:45Z" end-time="2017-02-21 11:04:45Z" duration="0.000142" asserts="1" />
            </test-suite>
            <test-suite type="ParameterizedMethod" id="0-2465" name="MethodTakingTwoStringArrays" fullname="NUnit.Framework.Attributes.TestCaseSourceTests.MethodTakingTwoStringArrays" classname="NUnit.Framework.Attributes.TestCaseSourceTests" runstate="Runnable" testcasecount="1" result="Passed" start-time="2017-02-21 11:04:45Z" end-time="2017-02-21 11:04:45Z" duration="0.002951" total="1" passed="1" failed="0" warnings="0" inconclusive="0" skipped="0" asserts="2">
              <test-case id="0-2464" name="MethodTakingTwoStringArrays(System.String[],System.String[])" fullname="NUnit.Framework.Attributes.TestCaseSourceTests.MethodTakingTwoStringArrays(System.String[],System.String[])" methodname="MethodTakingTwoStringArrays" classname="NUnit.Framework.Attributes.TestCaseSourceTests" runstate="Runnable" seed="525105790" result="Passed" start-time="2017-02-21 11:04:45Z" end-time="2017-02-21 11:04:45Z" duration="0.000334" asserts="2" />
            </test-suite>
            <test-suite type="ParameterizedMethod" id="0-2410" name="SourceCanBeInstanceOfIEnumerable" fullname="NUnit.Framework.Attributes.TestCaseSourceTests.SourceCanBeInstanceOfIEnumerable" classname="NUnit.Framework.Attributes.TestCaseSourceTests" runstate="Runnable" testcasecount="1" result="Passed" start-time="2017-02-21 11:04:45Z" end-time="2017-02-21 11:04:45Z" duration="0.002818" total="1" passed="1" failed="0" warnings="0" inconclusive="0" skipped="0" asserts="1">
              <test-case id="0-2409" name="SourceCanBeInstanceOfIEnumerable(&quot;DataSourceClass&quot;)" fullname="NUnit.Framework.Attributes.TestCaseSourceTests.SourceCanBeInstanceOfIEnumerable(&quot;DataSourceClass&quot;)" methodname="SourceCanBeInstanceOfIEnumerable" classname="NUnit.Framework.Attributes.TestCaseSourceTests" runstate="Runnable" seed="408501145" result="Passed" start-time="2017-02-21 11:04:45Z" end-time="2017-02-21 11:04:45Z" duration="0.000211" asserts="1" />
            </test-suite>
            <test-suite type="ParameterizedMethod" id="0-2407" name="SourceCanBeStaticField" fullname="NUnit.Framework.Attributes.TestCaseSourceTests.SourceCanBeStaticField" classname="NUnit.Framework.Attributes.TestCaseSourceTests" runstate="Runnable" testcasecount="1" result="Passed" start-time="2017-02-21 11:04:45Z" end-time="2017-02-21 11:04:45Z" duration="0.003667" total="1" passed="1" failed="0" warnings="0" inconclusive="0" skipped="0" asserts="1">
              <test-case id="0-2406" name="SourceCanBeStaticField(&quot;StaticField&quot;)" fullname="NUnit.Framework.Attributes.TestCaseSourceTests.SourceCanBeStaticField(&quot;StaticField&quot;)" methodname="SourceCanBeStaticField" classname="NUnit.Framework.Attributes.TestCaseSourceTests" runstate="Runnable" seed="1165065927" result="Passed" start-time="2017-02-21 11:04:45Z" end-time="2017-02-21 11:04:45Z" duration="0.000168" asserts="1" />
            </test-suite>
            <test-suite type="ParameterizedMethod" id="0-2404" name="SourceCanBeStaticMethod" fullname="NUnit.Framework.Attributes.TestCaseSourceTests.SourceCanBeStaticMethod" classname="NUnit.Framework.Attributes.TestCaseSourceTests" runstate="Runnable" testcasecount="1" result="Passed" start-time="2017-02-21 11:04:45Z" end-time="2017-02-21 11:04:45Z" duration="0.003932" total="1" passed="1" failed="0" warnings="0" inconclusive="0" skipped="0" asserts="1">
              <test-case id="0-2403" name="SourceCanBeStaticMethod(&quot;StaticMethod&quot;)" fullname="NUnit.Framework.Attributes.TestCaseSourceTests.SourceCanBeStaticMethod(&quot;StaticMethod&quot;)" methodname="SourceCanBeStaticMethod" classname="NUnit.Framework.Attributes.TestCaseSourceTests" runstate="Runnable" seed="818384098" result="Passed" start-time="2017-02-21 11:04:45Z" end-time="2017-02-21 11:04:45Z" duration="0.000181" asserts="1" />
            </test-suite>
            <test-suite type="ParameterizedMethod" id="0-2448" name="SourceCanBeStaticMethodPassingSomeDataToConstructor" fullname="NUnit.Framework.Attributes.TestCaseSourceTests.SourceCanBeStaticMethodPassingSomeDataToConstructor" classname="NUnit.Framework.Attributes.TestCaseSourceTests" runstate="Runnable" testcasecount="1" result="Passed" start-time="2017-02-21 11:04:45Z" end-time="2017-02-21 11:04:45Z" duration="0.003032" total="1" passed="1" failed="0" warnings="0" inconclusive="0" skipped="0" asserts="1">
              <properties>
                <property name="Category" value="Top" />
              </properties>
              <test-case id="0-2447" name="SourceCanBeStaticMethodPassingSomeDataToConstructor(8000,8,1000)" fullname="NUnit.Framework.Attributes.TestCaseSourceTests.SourceCanBeStaticMethodPassingSomeDataToConstructor(8000,8,1000)" methodname="SourceCanBeStaticMethodPassingSomeDataToConstructor" classname="NUnit.Framework.Attributes.TestCaseSourceTests" runstate="Runnable" seed="2093967411" result="Passed" start-time="2017-02-21 11:04:45Z" end-time="2017-02-21 11:04:45Z" duration="0.000319" asserts="1" />
            </test-suite>
            <test-suite type="ParameterizedMethod" id="0-2399" name="SourceCanBeStaticProperty" fullname="NUnit.Framework.Attributes.TestCaseSourceTests.SourceCanBeStaticProperty" classname="NUnit.Framework.Attributes.TestCaseSourceTests" runstate="Runnable" testcasecount="1" result="Passed" start-time="2017-02-21 11:04:45Z" end-time="2017-02-21 11:04:45Z" duration="0.003220" total="1" passed="1" failed="0" warnings="0" inconclusive="0" skipped="0" asserts="1">
              <test-case id="0-2398" name="SourceCanBeStaticProperty(&quot;StaticProperty&quot;)" fullname="NUnit.Framework.Attributes.TestCaseSourceTests.SourceCanBeStaticProperty(&quot;StaticProperty&quot;)" methodname="SourceCanBeStaticProperty" classname="NUnit.Framework.Attributes.TestCaseSourceTests" runstate="Runnable" seed="1957041399" result="Passed" start-time="2017-02-21 11:04:45Z" end-time="2017-02-21 11:04:45Z" duration="0.000374" asserts="1" />
            </test-suite>
            <test-case id="0-2449" name="SourceInAnotherClassPassingParamsToField" fullname="NUnit.Framework.Attributes.TestCaseSourceTests.SourceInAnotherClassPassingParamsToField" methodname="SourceInAnotherClassPassingParamsToField" classname="NUnit.Framework.Attributes.TestCaseSourceTests" runstate="Runnable" seed="20912495" result="Passed" start-time="2017-02-21 11:04:45Z" end-time="2017-02-21 11:04:45Z" duration="0.000774" asserts="2" />
            <test-case id="0-2450" name="SourceInAnotherClassPassingParamsToProperty" fullname="NUnit.Framework.Attributes.TestCaseSourceTests.SourceInAnotherClassPassingParamsToProperty" methodname="SourceInAnotherClassPassingParamsToProperty" classname="NUnit.Framework.Attributes.TestCaseSourceTests" runstate="Runnable" seed="1647829674" result="Passed" start-time="2017-02-21 11:04:45Z" end-time="2017-02-21 11:04:45Z" duration="0.000321" asserts="2" />
            <test-suite type="ParameterizedMethod" id="0-2446" name="SourceInAnotherClassPassingSomeDataToConstructor" fullname="NUnit.Framework.Attributes.TestCaseSourceTests.SourceInAnotherClassPassingSomeDataToConstructor" classname="NUnit.Framework.Attributes.TestCaseSourceTests" runstate="Runnable" testcasecount="1" result="Passed" start-time="2017-02-21 11:04:45Z" end-time="2017-02-21 11:04:45Z" duration="0.002810" total="1" passed="1" failed="0" warnings="0" inconclusive="0" skipped="0" asserts="1">
              <properties>
                <property name="Category" value="Top" />
              </properties>
              <test-case id="0-2445" name="SourceInAnotherClassPassingSomeDataToConstructor(100,4,25)" fullname="NUnit.Framework.Attributes.TestCaseSourceTests.SourceInAnotherClassPassingSomeDataToConstructor(100,4,25)" methodname="SourceInAnotherClassPassingSomeDataToConstructor" classname="NUnit.Framework.Attributes.TestCaseSourceTests" runstate="Runnable" seed="1431643481" result="Passed" start-time="2017-02-21 11:04:45Z" end-time="2017-02-21 11:04:45Z" duration="0.000256" asserts="1" />
            </test-suite>
            <test-case id="0-2451" name="SourceInAnotherClassPassingSomeDataToConstructorWrongNumberParam" fullname="NUnit.Framework.Attributes.TestCaseSourceTests.SourceInAnotherClassPassingSomeDataToConstructorWrongNumberParam" methodname="SourceInAnotherClassPassingSomeDataToConstructorWrongNumberParam" classname="NUnit.Framework.Attributes.TestCaseSourceTests" runstate="Runnable" seed="1384000956" result="Passed" start-time="2017-02-21 11:04:45Z" end-time="2017-02-21 11:04:45Z" duration="0.000648" asserts="2" />
            <test-suite type="ParameterizedMethod" id="0-2444" name="SourceMayBeInAnotherClass" fullname="NUnit.Framework.Attributes.TestCaseSourceTests.SourceMayBeInAnotherClass" classname="NUnit.Framework.Attributes.TestCaseSourceTests" runstate="Runnable" testcasecount="2" result="Passed" start-time="2017-02-21 11:04:45Z" end-time="2017-02-21 11:04:45Z" duration="0.011772" total="2" passed="2" failed="0" warnings="0" inconclusive="0" skipped="0" asserts="2">
              <properties>
                <property name="Category" value="Top" />
              </properties>
              <test-case id="0-2442" name="SourceMayBeInAnotherClass(100,20,5)" fullname="NUnit.Framework.Attributes.TestCaseSourceTests.SourceMayBeInAnotherClass(100,20,5)" methodname="SourceMayBeInAnotherClass" classname="NUnit.Framework.Attributes.TestCaseSourceTests" runstate="Runnable" seed="1952889249" result="Passed" start-time="2017-02-21 11:04:45Z" end-time="2017-02-21 11:04:45Z" duration="0.002683" asserts="1" />
              <test-case id="0-2443" name="SourceMayBeInAnotherClass(100,4,25)" fullname="NUnit.Framework.Attributes.TestCaseSourceTests.SourceMayBeInAnotherClass(100,4,25)" methodname="SourceMayBeInAnotherClass" classname="NUnit.Framework.Attributes.TestCaseSourceTests" runstate="Runnable" seed="259631842" result="Passed" start-time="2017-02-21 11:04:45Z" end-time="2017-02-21 11:04:45Z" duration="0.000053" asserts="1" />
            </test-suite>
            <test-suite type="ParameterizedMethod" id="0-2455" name="SourceMayBeInAnotherClassWithReturn" fullname="NUnit.Framework.Attributes.TestCaseSourceTests.SourceMayBeInAnotherClassWithReturn" classname="NUnit.Framework.Attributes.TestCaseSourceTests" runstate="Runnable" testcasecount="3" result="Passed" start-time="2017-02-21 11:04:45Z" end-time="2017-02-21 11:04:45Z" duration="0.009026" total="3" passed="3" failed="0" warnings="0" inconclusive="0" skipped="0" asserts="3">
              <test-case id="0-2452" name="TC1" fullname="NUnit.Framework.Attributes.TestCaseSourceTests.TC1" methodname="SourceMayBeInAnotherClassWithReturn" classname="NUnit.Framework.Attributes.TestCaseSourceTests" runstate="Runnable" seed="616216837" result="Passed" start-time="2017-02-21 11:04:45Z" end-time="2017-02-21 11:04:45Z" duration="0.000478" asserts="1" />
              <test-case id="0-2453" name="TC2" fullname="NUnit.Framework.Attributes.TestCaseSourceTests.TC2" methodname="SourceMayBeInAnotherClassWithReturn" classname="NUnit.Framework.Attributes.TestCaseSourceTests" runstate="Runnable" seed="1883201010" result="Passed" start-time="2017-02-21 11:04:45Z" end-time="2017-02-21 11:04:45Z" duration="0.000058" asserts="1" />
              <test-case id="0-2454" name="TC3" fullname="NUnit.Framework.Attributes.TestCaseSourceTests.TC3" methodname="SourceMayBeInAnotherClassWithReturn" classname="NUnit.Framework.Attributes.TestCaseSourceTests" runstate="Runnable" seed="277675247" result="Passed" start-time="2017-02-21 11:04:45Z" end-time="2017-02-21 11:04:45Z" duration="0.000074" asserts="1" />
            </test-suite>
            <test-suite type="ParameterizedMethod" id="0-2422" name="SourceMayReturnArgumentsAsIntArray" fullname="NUnit.Framework.Attributes.TestCaseSourceTests.SourceMayReturnArgumentsAsIntArray" classname="NUnit.Framework.Attributes.TestCaseSourceTests" runstate="Runnable" testcasecount="3" result="Passed" start-time="2017-02-21 11:04:45Z" end-time="2017-02-21 11:04:45Z" duration="0.010359" total="3" passed="3" failed="0" warnings="0" inconclusive="0" skipped="0" asserts="3">
              <test-case id="0-2419" name="SourceMayReturnArgumentsAsIntArray(12,3,4)" fullname="NUnit.Framework.Attributes.TestCaseSourceTests.SourceMayReturnArgumentsAsIntArray(12,3,4)" methodname="SourceMayReturnArgumentsAsIntArray" classname="NUnit.Framework.Attributes.TestCaseSourceTests" runstate="Runnable" seed="1436858005" result="Passed" start-time="2017-02-21 11:04:45Z" end-time="2017-02-21 11:04:45Z" duration="0.000150" asserts="1" />
              <test-case id="0-2420" name="SourceMayReturnArgumentsAsIntArray(12,4,3)" fullname="NUnit.Framework.Attributes.TestCaseSourceTests.SourceMayReturnArgumentsAsIntArray(12,4,3)" methodname="SourceMayReturnArgumentsAsIntArray" classname="NUnit.Framework.Attributes.TestCaseSourceTests" runstate="Runnable" seed="486137420" result="Passed" start-time="2017-02-21 11:04:45Z" end-time="2017-02-21 11:04:45Z" duration="0.001234" asserts="1" />
              <test-case id="0-2421" name="SourceMayReturnArgumentsAsIntArray(12,6,2)" fullname="NUnit.Framework.Attributes.TestCaseSourceTests.SourceMayReturnArgumentsAsIntArray(12,6,2)" methodname="SourceMayReturnArgumentsAsIntArray" classname="NUnit.Framework.Attributes.TestCaseSourceTests" runstate="Runnable" seed="187578474" result="Passed" start-time="2017-02-21 11:04:45Z" end-time="2017-02-21 11:04:45Z" duration="0.000048" asserts="1" />
            </test-suite>
            <test-suite type="ParameterizedMethod" id="0-2414" name="SourceMayReturnArgumentsAsObjectArray" fullname="NUnit.Framework.Attributes.TestCaseSourceTests.SourceMayReturnArgumentsAsObjectArray" classname="NUnit.Framework.Attributes.TestCaseSourceTests" runstate="Runnable" testcasecount="3" result="Passed" start-time="2017-02-21 11:04:45Z" end-time="2017-02-21 11:04:45Z" duration="0.023134" total="3" passed="3" failed="0" warnings="0" inconclusive="0" skipped="0" asserts="3">
              <test-case id="0-2411" name="SourceMayReturnArgumentsAsObjectArray(12,3,4)" fullname="NUnit.Framework.Attributes.TestCaseSourceTests.SourceMayReturnArgumentsAsObjectArray(12,3,4)" methodname="SourceMayReturnArgumentsAsObjectArray" classname="NUnit.Framework.Attributes.TestCaseSourceTests" runstate="Runnable" seed="1851245457" result="Passed" start-time="2017-02-21 11:04:45Z" end-time="2017-02-21 11:04:45Z" duration="0.000129" asserts="1" />
              <test-case id="0-2412" name="SourceMayReturnArgumentsAsObjectArray(12,4,3)" fullname="NUnit.Framework.Attributes.TestCaseSourceTests.SourceMayReturnArgumentsAsObjectArray(12,4,3)" methodname="SourceMayReturnArgumentsAsObjectArray" classname="NUnit.Framework.Attributes.TestCaseSourceTests" runstate="Runnable" seed="2008066434" result="Passed" start-time="2017-02-21 11:04:45Z" end-time="2017-02-21 11:04:45Z" duration="0.000029" asserts="1" />
              <test-case id="0-2413" name="SourceMayReturnArgumentsAsObjectArray(12,6,2)" fullname="NUnit.Framework.Attributes.TestCaseSourceTests.SourceMayReturnArgumentsAsObjectArray(12,6,2)" methodname="SourceMayReturnArgumentsAsObjectArray" classname="NUnit.Framework.Attributes.TestCaseSourceTests" runstate="Runnable" seed="1324628952" result="Passed" start-time="2017-02-21 11:04:45Z" end-time="2017-02-21 11:04:45Z" duration="0.000078" asserts="1" />
            </test-suite>
            <test-suite type="ParameterizedMethod" id="0-2430" name="SourceMayReturnArgumentsAsParamSet" fullname="NUnit.Framework.Attributes.TestCaseSourceTests.SourceMayReturnArgumentsAsParamSet" classname="NUnit.Framework.Attributes.TestCaseSourceTests" runstate="Runnable" testcasecount="2" result="Passed" start-time="2017-02-21 11:04:45Z" end-time="2017-02-21 11:04:45Z" duration="0.007108" total="2" passed="2" failed="0" warnings="0" inconclusive="0" skipped="0" asserts="2">
              <test-case id="0-2428" name="SourceMayReturnArgumentsAsParamSet(24,3)" fullname="NUnit.Framework.Attributes.TestCaseSourceTests.SourceMayReturnArgumentsAsParamSet(24,3)" methodname="SourceMayReturnArgumentsAsParamSet" classname="NUnit.Framework.Attributes.TestCaseSourceTests" runstate="Runnable" seed="1305024783" result="Passed" start-time="2017-02-21 11:04:45Z" end-time="2017-02-21 11:04:45Z" duration="0.000112" asserts="1" />
              <test-case id="0-2429" name="SourceMayReturnArgumentsAsParamSet(24,2)" fullname="NUnit.Framework.Attributes.TestCaseSourceTests.SourceMayReturnArgumentsAsParamSet(24,2)" methodname="SourceMayReturnArgumentsAsParamSet" classname="NUnit.Framework.Attributes.TestCaseSourceTests" runstate="Runnable" seed="964027012" result="Passed" start-time="2017-02-21 11:04:45Z" end-time="2017-02-21 11:04:45Z" duration="0.000029" asserts="1" />
            </test-suite>
            <test-suite type="ParameterizedMethod" id="0-2427" name="SourceMayReturnSinglePrimitiveArgumentAlone" fullname="NUnit.Framework.Attributes.TestCaseSourceTests.SourceMayReturnSinglePrimitiveArgumentAlone" classname="NUnit.Framework.Attributes.TestCaseSourceTests" runstate="Runnable" testcasecount="4" result="Passed" start-time="2017-02-21 11:04:45Z" end-time="2017-02-21 11:04:45Z" duration="0.011176" total="4" passed="4" failed="0" warnings="0" inconclusive="0" skipped="0" asserts="4">
              <test-case id="0-2423" name="SourceMayReturnSinglePrimitiveArgumentAlone(2)" fullname="NUnit.Framework.Attributes.TestCaseSourceTests.SourceMayReturnSinglePrimitiveArgumentAlone(2)" methodname="SourceMayReturnSinglePrimitiveArgumentAlone" classname="NUnit.Framework.Attributes.TestCaseSourceTests" runstate="Runnable" seed="2007916118" result="Passed" start-time="2017-02-21 11:04:45Z" end-time="2017-02-21 11:04:45Z" duration="0.000120" asserts="1" />
              <test-case id="0-2424" name="SourceMayReturnSinglePrimitiveArgumentAlone(4)" fullname="NUnit.Framework.Attributes.TestCaseSourceTests.SourceMayReturnSinglePrimitiveArgumentAlone(4)" methodname="SourceMayReturnSinglePrimitiveArgumentAlone" classname="NUnit.Framework.Attributes.TestCaseSourceTests" runstate="Runnable" seed="1043026901" result="Passed" start-time="2017-02-21 11:04:45Z" end-time="2017-02-21 11:04:45Z" duration="0.000050" asserts="1" />
              <test-case id="0-2425" name="SourceMayReturnSinglePrimitiveArgumentAlone(6)" fullname="NUnit.Framework.Attributes.TestCaseSourceTests.SourceMayReturnSinglePrimitiveArgumentAlone(6)" methodname="SourceMayReturnSinglePrimitiveArgumentAlone" classname="NUnit.Framework.Attributes.TestCaseSourceTests" runstate="Runnable" seed="1671112481" result="Passed" start-time="2017-02-21 11:04:45Z" end-time="2017-02-21 11:04:45Z" duration="0.000040" asserts="1" />
              <test-case id="0-2426" name="SourceMayReturnSinglePrimitiveArgumentAlone(8)" fullname="NUnit.Framework.Attributes.TestCaseSourceTests.SourceMayReturnSinglePrimitiveArgumentAlone(8)" methodname="SourceMayReturnSinglePrimitiveArgumentAlone" classname="NUnit.Framework.Attributes.TestCaseSourceTests" runstate="Runnable" seed="1846646853" result="Passed" start-time="2017-02-21 11:04:45Z" end-time="2017-02-21 11:04:45Z" duration="0.000367" asserts="1" />
            </test-suite>
            <test-case id="0-2408" name="SourceUsingInstanceFieldIsNotRunnable" fullname="NUnit.Framework.Attributes.TestCaseSourceTests.SourceUsingInstanceFieldIsNotRunnable" methodname="SourceUsingInstanceFieldIsNotRunnable" classname="NUnit.Framework.Attributes.TestCaseSourceTests" runstate="Runnable" seed="1271741391" result="Passed" start-time="2017-02-21 11:04:45Z" end-time="2017-02-21 11:04:45Z" duration="0.002255" asserts="1" />
            <test-case id="0-2405" name="SourceUsingInstanceMethodIsNotRunnable" fullname="NUnit.Framework.Attributes.TestCaseSourceTests.SourceUsingInstanceMethodIsNotRunnable" methodname="SourceUsingInstanceMethodIsNotRunnable" classname="NUnit.Framework.Attributes.TestCaseSourceTests" runstate="Runnable" seed="558749602" result="Passed" start-time="2017-02-21 11:04:45Z" end-time="2017-02-21 11:04:45Z" duration="0.000282" asserts="1" />
            <test-case id="0-2402" name="SourceUsingInstancePropertyIsNotRunnable" fullname="NUnit.Framework.Attributes.TestCaseSourceTests.SourceUsingInstancePropertyIsNotRunnable" methodname="SourceUsingInstancePropertyIsNotRunnable" classname="NUnit.Framework.Attributes.TestCaseSourceTests" runstate="Runnable" seed="2118961709" result="Passed" start-time="2017-02-21 11:04:45Z" end-time="2017-02-21 11:04:45Z" duration="0.000656" asserts="1" />
            <test-suite type="ParameterizedMethod" id="0-2418" name="TestAttributeIsOptional" fullname="NUnit.Framework.Attributes.TestCaseSourceTests.TestAttributeIsOptional" classname="NUnit.Framework.Attributes.TestCaseSourceTests" runstate="Runnable" testcasecount="3" result="Passed" start-time="2017-02-21 11:04:45Z" end-time="2017-02-21 11:04:45Z" duration="0.008090" total="3" passed="3" failed="0" warnings="0" inconclusive="0" skipped="0" asserts="3">
              <test-case id="0-2415" name="TestAttributeIsOptional(12,3,4)" fullname="NUnit.Framework.Attributes.TestCaseSourceTests.TestAttributeIsOptional(12,3,4)" methodname="TestAttributeIsOptional" classname="NUnit.Framework.Attributes.TestCaseSourceTests" runstate="Runnable" seed="260557580" result="Passed" start-time="2017-02-21 11:04:45Z" end-time="2017-02-21 11:04:45Z" duration="0.000222" asserts="1" />
              <test-case id="0-2416" name="TestAttributeIsOptional(12,4,3)" fullname="NUnit.Framework.Attributes.TestCaseSourceTests.TestAttributeIsOptional(12,4,3)" methodname="TestAttributeIsOptional" classname="NUnit.Framework.Attributes.TestCaseSourceTests" runstate="Runnable" seed="1650987384" result="Passed" start-time="2017-02-21 11:04:45Z" end-time="2017-02-21 11:04:45Z" duration="0.000113" asserts="1" />
              <test-case id="0-2417" name="TestAttributeIsOptional(12,6,2)" fullname="NUnit.Framework.Attributes.TestCaseSourceTests.TestAttributeIsOptional(12,6,2)" methodname="TestAttributeIsOptional" classname="NUnit.Framework.Attributes.TestCaseSourceTests" runstate="Runnable" seed="1213852110" result="Passed" start-time="2017-02-21 11:04:45Z" end-time="2017-02-21 11:04:45Z" duration="0.000024" asserts="1" />
            </test-suite>
            <test-suite type="ParameterizedMethod" id="0-2437" name="TestMayUseMultipleSourceAttributes" fullname="NUnit.Framework.Attributes.TestCaseSourceTests.TestMayUseMultipleSourceAttributes" classname="NUnit.Framework.Attributes.TestCaseSourceTests" runstate="Runnable" testcasecount="6" result="Passed" start-time="2017-02-21 11:04:45Z" end-time="2017-02-21 11:04:45Z" duration="0.015010" total="6" passed="6" failed="0" warnings="0" inconclusive="0" skipped="0" asserts="6">
              <test-case id="0-2431" name="TestMayUseMultipleSourceAttributes(12,3,4)" fullname="NUnit.Framework.Attributes.TestCaseSourceTests.TestMayUseMultipleSourceAttributes(12,3,4)" methodname="TestMayUseMultipleSourceAttributes" classname="NUnit.Framework.Attributes.TestCaseSourceTests" runstate="Runnable" seed="99786520" result="Passed" start-time="2017-02-21 11:04:45Z" end-time="2017-02-21 11:04:45Z" duration="0.000114" asserts="1" />
              <test-case id="0-2432" name="TestMayUseMultipleSourceAttributes(12,4,3)" fullname="NUnit.Framework.Attributes.TestCaseSourceTests.TestMayUseMultipleSourceAttributes(12,4,3)" methodname="TestMayUseMultipleSourceAttributes" classname="NUnit.Framework.Attributes.TestCaseSourceTests" runstate="Runnable" seed="408415800" result="Passed" start-time="2017-02-21 11:04:45Z" end-time="2017-02-21 11:04:45Z" duration="0.000048" asserts="1" />
              <test-case id="0-2433" name="TestMayUseMultipleSourceAttributes(12,6,2)" fullname="NUnit.Framework.Attributes.TestCaseSourceTests.TestMayUseMultipleSourceAttributes(12,6,2)" methodname="TestMayUseMultipleSourceAttributes" classname="NUnit.Framework.Attributes.TestCaseSourceTests" runstate="Runnable" seed="1418387024" result="Passed" start-time="2017-02-21 11:04:45Z" end-time="2017-02-21 11:04:45Z" duration="0.000082" asserts="1" />
              <test-case id="0-2434" name="TestMayUseMultipleSourceAttributes(12,1,12)" fullname="NUnit.Framework.Attributes.TestCaseSourceTests.TestMayUseMultipleSourceAttributes(12,1,12)" methodname="TestMayUseMultipleSourceAttributes" classname="NUnit.Framework.Attributes.TestCaseSourceTests" runstate="Runnable" seed="1841330314" result="Passed" start-time="2017-02-21 11:04:45Z" end-time="2017-02-21 11:04:45Z" duration="0.000045" asserts="1">
                <properties>
                  <property name="Category" value="Extra" />
                </properties>
              </test-case>
              <test-case id="0-2435" name="TestMayUseMultipleSourceAttributes(12,2,6)" fullname="NUnit.Framework.Attributes.TestCaseSourceTests.TestMayUseMultipleSourceAttributes(12,2,6)" methodname="TestMayUseMultipleSourceAttributes" classname="NUnit.Framework.Attributes.TestCaseSourceTests" runstate="Runnable" seed="1659297472" result="Passed" start-time="2017-02-21 11:04:45Z" end-time="2017-02-21 11:04:45Z" duration="0.000053" asserts="1">
                <properties>
                  <property name="Category" value="Extra" />
                </properties>
              </test-case>
              <test-case id="0-2436" name="TestMayUseMultipleSourceAttributes(12,2,6)" fullname="NUnit.Framework.Attributes.TestCaseSourceTests.TestMayUseMultipleSourceAttributes(12,2,6)" methodname="TestMayUseMultipleSourceAttributes" classname="NUnit.Framework.Attributes.TestCaseSourceTests" runstate="Runnable" seed="979031453" result="Passed" start-time="2017-02-21 11:04:45Z" end-time="2017-02-21 11:04:45Z" duration="0.000277" asserts="1" />
            </test-suite>
            <test-suite type="ParameterizedMethod" id="0-2401" name="TestSourceCanBeInheritedStaticProperty" fullname="NUnit.Framework.Attributes.TestCaseSourceTests.TestSourceCanBeInheritedStaticProperty" classname="NUnit.Framework.Attributes.TestCaseSourceTests" runstate="Runnable" testcasecount="1" result="Passed" start-time="2017-02-21 11:04:45Z" end-time="2017-02-21 11:04:45Z" duration="0.002781" total="1" passed="1" failed="0" warnings="0" inconclusive="0" skipped="0" asserts="1">
              <test-case id="0-2400" name="TestSourceCanBeInheritedStaticProperty(True)" fullname="NUnit.Framework.Attributes.TestCaseSourceTests.TestSourceCanBeInheritedStaticProperty(True)" methodname="TestSourceCanBeInheritedStaticProperty" classname="NUnit.Framework.Attributes.TestCaseSourceTests" runstate="Runnable" seed="1996396929" result="Passed" start-time="2017-02-21 11:04:45Z" end-time="2017-02-21 11:04:45Z" duration="0.000228" asserts="1" />
            </test-suite>
            <test-suite type="ParameterizedMethod" id="0-2441" name="TestWithFourArguments" fullname="NUnit.Framework.Attributes.TestCaseSourceTests.TestWithFourArguments" classname="NUnit.Framework.Attributes.TestCaseSourceTests" runstate="Runnable" testcasecount="3" result="Passed" start-time="2017-02-21 11:04:45Z" end-time="2017-02-21 11:04:45Z" duration="0.009261" total="3" passed="3" failed="0" warnings="0" inconclusive="0" skipped="0" asserts="6">
              <test-case id="0-2438" name="TestWithFourArguments(12,3,4,0)" fullname="NUnit.Framework.Attributes.TestCaseSourceTests.TestWithFourArguments(12,3,4,0)" methodname="TestWithFourArguments" classname="NUnit.Framework.Attributes.TestCaseSourceTests" runstate="Runnable" seed="390345861" result="Passed" start-time="2017-02-21 11:04:45Z" end-time="2017-02-21 11:04:45Z" duration="0.000382" asserts="2" />
              <test-case id="0-2439" name="TestWithFourArguments(12,4,3,0)" fullname="NUnit.Framework.Attributes.TestCaseSourceTests.TestWithFourArguments(12,4,3,0)" methodname="TestWithFourArguments" classname="NUnit.Framework.Attributes.TestCaseSourceTests" runstate="Runnable" seed="1899116304" result="Passed" start-time="2017-02-21 11:04:45Z" end-time="2017-02-21 11:04:45Z" duration="0.000051" asserts="2" />
              <test-case id="0-2440" name="TestWithFourArguments(12,5,2,2)" fullname="NUnit.Framework.Attributes.TestCaseSourceTests.TestWithFourArguments(12,5,2,2)" methodname="TestWithFourArguments" classname="NUnit.Framework.Attributes.TestCaseSourceTests" runstate="Runnable" seed="1166375706" result="Passed" start-time="2017-02-21 11:04:45Z" end-time="2017-02-21 11:04:45Z" duration="0.000048" asserts="2" />
            </test-suite>
            <test-suite type="ParameterizedMethod" id="0-2462" name="TestWithZeroTestSourceCasesShouldNotBeRun" fullname="NUnit.Framework.Attributes.TestCaseSourceTests.TestWithZeroTestSourceCasesShouldNotBeRun" classname="NUnit.Framework.Attributes.TestCaseSourceTests" runstate="Runnable" testcasecount="0" result="Passed" start-time="2017-02-21 11:04:45Z" end-time="2017-02-21 11:04:45Z" duration="0.000022" total="0" passed="0" failed="0" warnings="0" inconclusive="0" skipped="0" asserts="0" />
            <test-suite type="ParameterizedMethod" id="0-2463" name="TestWithZeroTestSourceCasesShouldPassWithoutRequiringArguments" fullname="NUnit.Framework.Attributes.TestCaseSourceTests.TestWithZeroTestSourceCasesShouldPassWithoutRequiringArguments" classname="NUnit.Framework.Attributes.TestCaseSourceTests" runstate="Runnable" testcasecount="0" result="Passed" start-time="2017-02-21 11:04:45Z" end-time="2017-02-21 11:04:45Z" duration="0.000011" total="0" passed="0" failed="0" warnings="0" inconclusive="0" skipped="0" asserts="0" />
          </test-suite>
          <test-suite type="TestFixture" id="0-2505" name="TestMethodBuilderTests" fullname="NUnit.Framework.Attributes.TestMethodBuilderTests" classname="NUnit.Framework.Attributes.TestMethodBuilderTests" runstate="Runnable" testcasecount="16" result="Passed" start-time="2017-02-21 11:04:45Z" end-time="2017-02-21 11:04:45Z" duration="0.051852" total="16" passed="16" failed="0" warnings="0" inconclusive="0" skipped="0" asserts="52">
            <test-case id="0-2516" name="CombinatorialAttribute_NoArgs_NoCases" fullname="NUnit.Framework.Attributes.TestMethodBuilderTests.CombinatorialAttribute_NoArgs_NoCases" methodname="CombinatorialAttribute_NoArgs_NoCases" classname="NUnit.Framework.Attributes.TestMethodBuilderTests" runstate="Runnable" seed="326437490" result="Passed" start-time="2017-02-21 11:04:45Z" end-time="2017-02-21 11:04:45Z" duration="0.000690" asserts="1" />
            <test-case id="0-2517" name="CombinatorialAttribute_WithArgs_Runnable" fullname="NUnit.Framework.Attributes.TestMethodBuilderTests.CombinatorialAttribute_WithArgs_Runnable" methodname="CombinatorialAttribute_WithArgs_Runnable" classname="NUnit.Framework.Attributes.TestMethodBuilderTests" runstate="Runnable" seed="2045585125" result="Passed" start-time="2017-02-21 11:04:45Z" end-time="2017-02-21 11:04:45Z" duration="0.000710" asserts="7" />
            <test-case id="0-2518" name="PairwiseAttribute_NoArgs_NoCases" fullname="NUnit.Framework.Attributes.TestMethodBuilderTests.PairwiseAttribute_NoArgs_NoCases" methodname="PairwiseAttribute_NoArgs_NoCases" classname="NUnit.Framework.Attributes.TestMethodBuilderTests" runstate="Runnable" seed="1799090293" result="Passed" start-time="2017-02-21 11:04:45Z" end-time="2017-02-21 11:04:45Z" duration="0.000291" asserts="1" />
            <test-case id="0-2519" name="PairwiseAttribute_WithArgs_Runnable" fullname="NUnit.Framework.Attributes.TestMethodBuilderTests.PairwiseAttribute_WithArgs_Runnable" methodname="PairwiseAttribute_WithArgs_Runnable" classname="NUnit.Framework.Attributes.TestMethodBuilderTests" runstate="Runnable" seed="464735414" result="Passed" start-time="2017-02-21 11:04:45Z" end-time="2017-02-21 11:04:45Z" duration="0.001072" asserts="7" />
            <test-case id="0-2520" name="SequentialAttribute_NoArgs_NoCases" fullname="NUnit.Framework.Attributes.TestMethodBuilderTests.SequentialAttribute_NoArgs_NoCases" methodname="SequentialAttribute_NoArgs_NoCases" classname="NUnit.Framework.Attributes.TestMethodBuilderTests" runstate="Runnable" seed="287565388" result="Passed" start-time="2017-02-21 11:04:45Z" end-time="2017-02-21 11:04:45Z" duration="0.000305" asserts="1" />
            <test-case id="0-2521" name="SequentialAttribute_WithArgs_Runnable" fullname="NUnit.Framework.Attributes.TestMethodBuilderTests.SequentialAttribute_WithArgs_Runnable" methodname="SequentialAttribute_WithArgs_Runnable" classname="NUnit.Framework.Attributes.TestMethodBuilderTests" runstate="Runnable" seed="803506590" result="Passed" start-time="2017-02-21 11:04:45Z" end-time="2017-02-21 11:04:45Z" duration="0.000708" asserts="4" />
            <test-case id="0-2506" name="TestAttribute_NoArgs_Runnable" fullname="NUnit.Framework.Attributes.TestMethodBuilderTests.TestAttribute_NoArgs_Runnable" methodname="TestAttribute_NoArgs_Runnable" classname="NUnit.Framework.Attributes.TestMethodBuilderTests" runstate="Runnable" seed="1208819154" result="Passed" start-time="2017-02-21 11:04:45Z" end-time="2017-02-21 11:04:45Z" duration="0.000305" asserts="1" />
            <test-case id="0-2507" name="TestAttribute_WithArgs_NotRunnable" fullname="NUnit.Framework.Attributes.TestMethodBuilderTests.TestAttribute_WithArgs_NotRunnable" methodname="TestAttribute_WithArgs_NotRunnable" classname="NUnit.Framework.Attributes.TestMethodBuilderTests" runstate="Runnable" seed="787271744" result="Passed" start-time="2017-02-21 11:04:45Z" end-time="2017-02-21 11:04:45Z" duration="0.000303" asserts="1" />
            <test-case id="0-2508" name="TestCaseAttribute_NoArgs_NotRunnable" fullname="NUnit.Framework.Attributes.TestMethodBuilderTests.TestCaseAttribute_NoArgs_NotRunnable" methodname="TestCaseAttribute_NoArgs_NotRunnable" classname="NUnit.Framework.Attributes.TestMethodBuilderTests" runstate="Runnable" seed="1425065310" result="Passed" start-time="2017-02-21 11:04:45Z" end-time="2017-02-21 11:04:45Z" duration="0.000565" asserts="2" />
            <test-case id="0-2509" name="TestCaseAttribute_RightArgs_Runnable" fullname="NUnit.Framework.Attributes.TestMethodBuilderTests.TestCaseAttribute_RightArgs_Runnable" methodname="TestCaseAttribute_RightArgs_Runnable" classname="NUnit.Framework.Attributes.TestMethodBuilderTests" runstate="Runnable" seed="1570682" result="Passed" start-time="2017-02-21 11:04:45Z" end-time="2017-02-21 11:04:45Z" duration="0.000771" asserts="2" />
            <test-case id="0-2510" name="TestCaseAttribute_WrongArgs_NotRunnable" fullname="NUnit.Framework.Attributes.TestMethodBuilderTests.TestCaseAttribute_WrongArgs_NotRunnable" methodname="TestCaseAttribute_WrongArgs_NotRunnable" classname="NUnit.Framework.Attributes.TestMethodBuilderTests" runstate="Runnable" seed="1678499664" result="Passed" start-time="2017-02-21 11:04:45Z" end-time="2017-02-21 11:04:45Z" duration="0.000330" asserts="2" />
            <test-case id="0-2511" name="TestCaseSourceAttribute_NoArgs_NotRunnable" fullname="NUnit.Framework.Attributes.TestMethodBuilderTests.TestCaseSourceAttribute_NoArgs_NotRunnable" methodname="TestCaseSourceAttribute_NoArgs_NotRunnable" classname="NUnit.Framework.Attributes.TestMethodBuilderTests" runstate="Runnable" seed="827060938" result="Passed" start-time="2017-02-21 11:04:45Z" end-time="2017-02-21 11:04:45Z" duration="0.000557" asserts="4" />
            <test-case id="0-2512" name="TestCaseSourceAttribute_RightArgs_Runnable" fullname="NUnit.Framework.Attributes.TestMethodBuilderTests.TestCaseSourceAttribute_RightArgs_Runnable" methodname="TestCaseSourceAttribute_RightArgs_Runnable" classname="NUnit.Framework.Attributes.TestMethodBuilderTests" runstate="Runnable" seed="994525946" result="Passed" start-time="2017-02-21 11:04:45Z" end-time="2017-02-21 11:04:45Z" duration="0.000369" asserts="4" />
            <test-case id="0-2513" name="TestCaseSourceAttribute_WrongArgs_NotRunnable" fullname="NUnit.Framework.Attributes.TestMethodBuilderTests.TestCaseSourceAttribute_WrongArgs_NotRunnable" methodname="TestCaseSourceAttribute_WrongArgs_NotRunnable" classname="NUnit.Framework.Attributes.TestMethodBuilderTests" runstate="Runnable" seed="1311242585" result="Passed" start-time="2017-02-21 11:04:45Z" end-time="2017-02-21 11:04:45Z" duration="0.000641" asserts="4" />
            <test-case id="0-2514" name="TheoryAttribute_NoArgs_NoCases" fullname="NUnit.Framework.Attributes.TestMethodBuilderTests.TheoryAttribute_NoArgs_NoCases" methodname="TheoryAttribute_NoArgs_NoCases" classname="NUnit.Framework.Attributes.TestMethodBuilderTests" runstate="Runnable" seed="1778721576" result="Passed" start-time="2017-02-21 11:04:45Z" end-time="2017-02-21 11:04:45Z" duration="0.000431" asserts="1" />
            <test-case id="0-2515" name="TheoryAttribute_WithArgs_Runnable" fullname="NUnit.Framework.Attributes.TestMethodBuilderTests.TheoryAttribute_WithArgs_Runnable" methodname="TheoryAttribute_WithArgs_Runnable" classname="NUnit.Framework.Attributes.TestMethodBuilderTests" runstate="Runnable" seed="110586711" result="Passed" start-time="2017-02-21 11:04:45Z" end-time="2017-02-21 11:04:45Z" duration="0.001336" asserts="10" />
          </test-suite>
          <test-suite type="TestSuite" id="0-5527" name="Tests" fullname="NUnit.Framework.Attributes.Tests" runstate="Runnable" testcasecount="3" result="Passed" start-time="2017-02-21 11:04:43Z" end-time="2017-02-21 11:04:45Z" duration="2.133308" total="3" passed="3" failed="0" warnings="0" inconclusive="0" skipped="0" asserts="3">
            <test-suite type="TestFixture" id="0-2006" name="CommandWrapperTests" fullname="NUnit.Framework.Attributes.Tests.CommandWrapperTests" classname="NUnit.Framework.Attributes.Tests.CommandWrapperTests" runstate="Runnable" testcasecount="3" result="Passed" start-time="2017-02-21 11:04:45Z" end-time="2017-02-21 11:04:45Z" duration="0.011618" total="3" passed="3" failed="0" warnings="0" inconclusive="0" skipped="0" asserts="3">
              <test-case id="0-2007" name="CorrectExceptionThrown" fullname="NUnit.Framework.Attributes.Tests.CommandWrapperTests.CorrectExceptionThrown" methodname="CorrectExceptionThrown" classname="NUnit.Framework.Attributes.Tests.CommandWrapperTests" runstate="Runnable" seed="702094991" result="Passed" start-time="2017-02-21 11:04:45Z" end-time="2017-02-21 11:04:45Z" duration="0.001006" asserts="1" />
              <test-case id="0-2008" name="NoExceptionThrown" fullname="NUnit.Framework.Attributes.Tests.CommandWrapperTests.NoExceptionThrown" methodname="NoExceptionThrown" classname="NUnit.Framework.Attributes.Tests.CommandWrapperTests" runstate="Runnable" seed="2107612345" result="Passed" start-time="2017-02-21 11:04:45Z" end-time="2017-02-21 11:04:45Z" duration="0.001358" asserts="1" />
              <test-case id="0-2009" name="WrongExceptionThrown" fullname="NUnit.Framework.Attributes.Tests.CommandWrapperTests.WrongExceptionThrown" methodname="WrongExceptionThrown" classname="NUnit.Framework.Attributes.Tests.CommandWrapperTests" runstate="Runnable" seed="2056701084" result="Passed" start-time="2017-02-21 11:04:45Z" end-time="2017-02-21 11:04:45Z" duration="0.000708" asserts="1" />
            </test-suite>
          </test-suite>
          <test-suite type="TestFixture" id="0-2559" name="TheoryTests+SqrtTests" fullname="NUnit.Framework.Attributes.TheoryTests+SqrtTests" classname="NUnit.Framework.Attributes.TheoryTests+SqrtTests" runstate="Runnable" testcasecount="5" result="Passed" start-time="2017-02-21 11:04:45Z" end-time="2017-02-21 11:04:45Z" duration="0.018791" total="5" passed="2" failed="0" warnings="0" inconclusive="3" skipped="0" asserts="4">
            <test-suite type="Theory" id="0-2565" name="SqrtTimesItselfGivesOriginal" fullname="NUnit.Framework.Attributes.TheoryTests+SqrtTests.SqrtTimesItselfGivesOriginal" classname="NUnit.Framework.Attributes.TheoryTests+SqrtTests" runstate="Runnable" testcasecount="5" result="Passed" start-time="2017-02-21 11:04:45Z" end-time="2017-02-21 11:04:45Z" duration="0.014863" total="5" passed="2" failed="0" warnings="0" inconclusive="3" skipped="0" asserts="4">
              <properties>
                <property name="_JOINTYPE" value="Combinatorial" />
              </properties>
              <test-case id="0-2560" name="SqrtTimesItselfGivesOriginal(0.0d)" fullname="NUnit.Framework.Attributes.TheoryTests+SqrtTests.SqrtTimesItselfGivesOriginal(0.0d)" methodname="SqrtTimesItselfGivesOriginal" classname="NUnit.Framework.Attributes.TheoryTests+SqrtTests" runstate="Runnable" seed="680322997" result="Passed" start-time="2017-02-21 11:04:45Z" end-time="2017-02-21 11:04:45Z" duration="0.000388" asserts="2" />
              <test-case id="0-2561" name="SqrtTimesItselfGivesOriginal(1.0d)" fullname="NUnit.Framework.Attributes.TheoryTests+SqrtTests.SqrtTimesItselfGivesOriginal(1.0d)" methodname="SqrtTimesItselfGivesOriginal" classname="NUnit.Framework.Attributes.TheoryTests+SqrtTests" runstate="Runnable" seed="1593662295" result="Passed" start-time="2017-02-21 11:04:45Z" end-time="2017-02-21 11:04:45Z" duration="0.000060" asserts="2" />
              <test-case id="0-2562" name="SqrtTimesItselfGivesOriginal(-1.0d)" fullname="NUnit.Framework.Attributes.TheoryTests+SqrtTests.SqrtTimesItselfGivesOriginal(-1.0d)" methodname="SqrtTimesItselfGivesOriginal" classname="NUnit.Framework.Attributes.TheoryTests+SqrtTests" runstate="Runnable" seed="720469560" result="Inconclusive" start-time="2017-02-21 11:04:45Z" end-time="2017-02-21 11:04:45Z" duration="0.000437" asserts="0">
                <reason>
                  <message><![CDATA[  Expected: True
  But was:  False
]]></message>
                </reason>
              </test-case>
              <test-case id="0-2563" name="SqrtTimesItselfGivesOriginal(double.MaxValue)" fullname="NUnit.Framework.Attributes.TheoryTests+SqrtTests.SqrtTimesItselfGivesOriginal(double.MaxValue)" methodname="SqrtTimesItselfGivesOriginal" classname="NUnit.Framework.Attributes.TheoryTests+SqrtTests" runstate="Runnable" seed="223933050" result="Inconclusive" start-time="2017-02-21 11:04:45Z" end-time="2017-02-21 11:04:45Z" duration="0.000363" asserts="0">
                <reason>
                  <message><![CDATA[  Expected: True
  But was:  False
]]></message>
                </reason>
              </test-case>
              <test-case id="0-2564" name="SqrtTimesItselfGivesOriginal(double.PositiveInfinity)" fullname="NUnit.Framework.Attributes.TheoryTests+SqrtTests.SqrtTimesItselfGivesOriginal(double.PositiveInfinity)" methodname="SqrtTimesItselfGivesOriginal" classname="NUnit.Framework.Attributes.TheoryTests+SqrtTests" runstate="Runnable" seed="916717188" result="Inconclusive" start-time="2017-02-21 11:04:45Z" end-time="2017-02-21 11:04:45Z" duration="0.000399" asserts="0">
                <reason>
                  <message><![CDATA[  Expected: True
  But was:  False
]]></message>
                </reason>
              </test-case>
            </test-suite>
          </test-suite>
          <test-suite type="TestFixture" id="0-2585" name="ThreadingTests" fullname="NUnit.Framework.Attributes.ThreadingTests" classname="NUnit.Framework.Attributes.ThreadingTests" runstate="Runnable" testcasecount="2" result="Passed" start-time="2017-02-21 11:04:45Z" end-time="2017-02-21 11:04:45Z" duration="0.008957" total="2" passed="2" failed="0" warnings="0" inconclusive="0" skipped="0" asserts="4">
            <test-suite type="ParameterizedMethod" id="0-2588" name="TestCaseDefaultsToRunningEverythingOnSameThread" fullname="NUnit.Framework.Attributes.ThreadingTests.TestCaseDefaultsToRunningEverythingOnSameThread" classname="NUnit.Framework.Attributes.ThreadingTests" runstate="Runnable" testcasecount="1" result="Passed" start-time="2017-02-21 11:04:45Z" end-time="2017-02-21 11:04:45Z" duration="0.002519" total="1" passed="1" failed="0" warnings="0" inconclusive="0" skipped="0" asserts="2">
              <test-case id="0-2587" name="TestCaseDefaultsToRunningEverythingOnSameThread(5)" fullname="NUnit.Framework.Attributes.ThreadingTests.TestCaseDefaultsToRunningEverythingOnSameThread(5)" methodname="TestCaseDefaultsToRunningEverythingOnSameThread" classname="NUnit.Framework.Attributes.ThreadingTests" runstate="Runnable" seed="505304760" result="Passed" start-time="2017-02-21 11:04:45Z" end-time="2017-02-21 11:04:45Z" duration="0.000038" asserts="2" />
            </test-suite>
            <test-case id="0-2586" name="TestDefaultsToRunningEverythingOnSameThread" fullname="NUnit.Framework.Attributes.ThreadingTests.TestDefaultsToRunningEverythingOnSameThread" methodname="TestDefaultsToRunningEverythingOnSameThread" classname="NUnit.Framework.Attributes.ThreadingTests" runstate="Runnable" seed="981129476" result="Passed" start-time="2017-02-21 11:04:45Z" end-time="2017-02-21 11:04:45Z" duration="0.000052" asserts="2" />
          </test-suite>
          <test-suite type="TestFixture" id="0-2611" name="ValuesAttributeTests" fullname="NUnit.Framework.Attributes.ValuesAttributeTests" classname="NUnit.Framework.Attributes.ValuesAttributeTests" runstate="Runnable" testcasecount="7" result="Passed" start-time="2017-02-21 11:04:45Z" end-time="2017-02-21 11:04:45Z" duration="0.037491" total="7" passed="7" failed="0" warnings="0" inconclusive="0" skipped="0" asserts="1">
            <test-suite type="ParameterizedMethod" id="0-2622" name="CanConvertDoubleToDecimal" fullname="NUnit.Framework.Attributes.ValuesAttributeTests.CanConvertDoubleToDecimal" classname="NUnit.Framework.Attributes.ValuesAttributeTests" runstate="Runnable" testcasecount="1" result="Passed" start-time="2017-02-21 11:04:45Z" end-time="2017-02-21 11:04:45Z" duration="0.004777" total="1" passed="1" failed="0" warnings="0" inconclusive="0" skipped="0" asserts="0">
              <test-case id="0-2621" name="CanConvertDoubleToDecimal(12.5m)" fullname="NUnit.Framework.Attributes.ValuesAttributeTests.CanConvertDoubleToDecimal(12.5m)" methodname="CanConvertDoubleToDecimal" classname="NUnit.Framework.Attributes.ValuesAttributeTests" runstate="Runnable" seed="974542420" result="Passed" start-time="2017-02-21 11:04:45Z" end-time="2017-02-21 11:04:45Z" duration="0.000302" asserts="0" />
            </test-suite>
            <test-suite type="ParameterizedMethod" id="0-2620" name="CanConvertIntToDecimal" fullname="NUnit.Framework.Attributes.ValuesAttributeTests.CanConvertIntToDecimal" classname="NUnit.Framework.Attributes.ValuesAttributeTests" runstate="Runnable" testcasecount="1" result="Passed" start-time="2017-02-21 11:04:45Z" end-time="2017-02-21 11:04:45Z" duration="0.002658" total="1" passed="1" failed="0" warnings="0" inconclusive="0" skipped="0" asserts="0">
              <test-case id="0-2619" name="CanConvertIntToDecimal(12m)" fullname="NUnit.Framework.Attributes.ValuesAttributeTests.CanConvertIntToDecimal(12m)" methodname="CanConvertIntToDecimal" classname="NUnit.Framework.Attributes.ValuesAttributeTests" runstate="Runnable" seed="2056705719" result="Passed" start-time="2017-02-21 11:04:45Z" end-time="2017-02-21 11:04:45Z" duration="0.000074" asserts="0" />
            </test-suite>
            <test-suite type="ParameterizedMethod" id="0-2616" name="CanConvertSmallIntsToByte" fullname="NUnit.Framework.Attributes.ValuesAttributeTests.CanConvertSmallIntsToByte" classname="NUnit.Framework.Attributes.ValuesAttributeTests" runstate="Runnable" testcasecount="1" result="Passed" start-time="2017-02-21 11:04:45Z" end-time="2017-02-21 11:04:45Z" duration="0.002750" total="1" passed="1" failed="0" warnings="0" inconclusive="0" skipped="0" asserts="0">
              <test-case id="0-2615" name="CanConvertSmallIntsToByte(5)" fullname="NUnit.Framework.Attributes.ValuesAttributeTests.CanConvertSmallIntsToByte(5)" methodname="CanConvertSmallIntsToByte" classname="NUnit.Framework.Attributes.ValuesAttributeTests" runstate="Runnable" seed="469517368" result="Passed" start-time="2017-02-21 11:04:45Z" end-time="2017-02-21 11:04:45Z" duration="0.000217" asserts="0" />
            </test-suite>
            <test-suite type="ParameterizedMethod" id="0-2618" name="CanConvertSmallIntsToSByte" fullname="NUnit.Framework.Attributes.ValuesAttributeTests.CanConvertSmallIntsToSByte" classname="NUnit.Framework.Attributes.ValuesAttributeTests" runstate="Runnable" testcasecount="1" result="Passed" start-time="2017-02-21 11:04:45Z" end-time="2017-02-21 11:04:45Z" duration="0.002679" total="1" passed="1" failed="0" warnings="0" inconclusive="0" skipped="0" asserts="0">
              <test-case id="0-2617" name="CanConvertSmallIntsToSByte(5)" fullname="NUnit.Framework.Attributes.ValuesAttributeTests.CanConvertSmallIntsToSByte(5)" methodname="CanConvertSmallIntsToSByte" classname="NUnit.Framework.Attributes.ValuesAttributeTests" runstate="Runnable" seed="735433591" result="Passed" start-time="2017-02-21 11:04:45Z" end-time="2017-02-21 11:04:45Z" duration="0.000305" asserts="0" />
            </test-suite>
            <test-suite type="ParameterizedMethod" id="0-2614" name="CanConvertSmallIntsToShort" fullname="NUnit.Framework.Attributes.ValuesAttributeTests.CanConvertSmallIntsToShort" classname="NUnit.Framework.Attributes.ValuesAttributeTests" runstate="Runnable" testcasecount="1" result="Passed" start-time="2017-02-21 11:04:45Z" end-time="2017-02-21 11:04:45Z" duration="0.003995" total="1" passed="1" failed="0" warnings="0" inconclusive="0" skipped="0" asserts="0">
              <test-case id="0-2613" name="CanConvertSmallIntsToShort(5)" fullname="NUnit.Framework.Attributes.ValuesAttributeTests.CanConvertSmallIntsToShort(5)" methodname="CanConvertSmallIntsToShort" classname="NUnit.Framework.Attributes.ValuesAttributeTests" runstate="Runnable" seed="1275382849" result="Passed" start-time="2017-02-21 11:04:45Z" end-time="2017-02-21 11:04:45Z" duration="0.000170" asserts="0" />
            </test-suite>
            <test-suite type="ParameterizedMethod" id="0-2624" name="CanConvertStringToDecimal" fullname="NUnit.Framework.Attributes.ValuesAttributeTests.CanConvertStringToDecimal" classname="NUnit.Framework.Attributes.ValuesAttributeTests" runstate="Runnable" testcasecount="1" result="Passed" start-time="2017-02-21 11:04:45Z" end-time="2017-02-21 11:04:45Z" duration="0.003058" total="1" passed="1" failed="0" warnings="0" inconclusive="0" skipped="0" asserts="0">
              <test-case id="0-2623" name="CanConvertStringToDecimal(12.5m)" fullname="NUnit.Framework.Attributes.ValuesAttributeTests.CanConvertStringToDecimal(12.5m)" methodname="CanConvertStringToDecimal" classname="NUnit.Framework.Attributes.ValuesAttributeTests" runstate="Runnable" seed="97712390" result="Passed" start-time="2017-02-21 11:04:45Z" end-time="2017-02-21 11:04:45Z" duration="0.000246" asserts="0" />
            </test-suite>
            <test-case id="0-2612" name="ValuesAttributeProvidesSpecifiedValues" fullname="NUnit.Framework.Attributes.ValuesAttributeTests.ValuesAttributeProvidesSpecifiedValues" methodname="ValuesAttributeProvidesSpecifiedValues" classname="NUnit.Framework.Attributes.ValuesAttributeTests" runstate="Runnable" seed="849208177" result="Passed" start-time="2017-02-21 11:04:45Z" end-time="2017-02-21 11:04:45Z" duration="0.001412" asserts="1" />
          </test-suite>
          <test-suite type="TestFixture" id="0-2532" name="TheoryTests" fullname="NUnit.Framework.Attributes.TheoryTests" classname="NUnit.Framework.Attributes.TheoryTests" runstate="Runnable" testcasecount="21" result="Passed" start-time="2017-02-21 11:04:45Z" end-time="2017-02-21 11:04:45Z" duration="0.084173" total="21" passed="20" failed="0" warnings="0" inconclusive="1" skipped="0" asserts="41">
            <test-case id="0-2544" name="AllValuesMayBeSuppliedByAttributes" fullname="NUnit.Framework.Attributes.TheoryTests.AllValuesMayBeSuppliedByAttributes" methodname="AllValuesMayBeSuppliedByAttributes" classname="NUnit.Framework.Attributes.TheoryTests" runstate="Runnable" seed="1608466140" result="Passed" start-time="2017-02-21 11:04:45Z" end-time="2017-02-21 11:04:45Z" duration="0.000947" asserts="3" />
            <test-suite type="Theory" id="0-2556" name="ArrayWithDatapointsAttributeIsUsed" fullname="NUnit.Framework.Attributes.TheoryTests.ArrayWithDatapointsAttributeIsUsed" classname="NUnit.Framework.Attributes.TheoryTests" runstate="Runnable" testcasecount="3" result="Passed" start-time="2017-02-21 11:04:45Z" end-time="2017-02-21 11:04:45Z" duration="0.011658" total="3" passed="3" failed="0" warnings="0" inconclusive="0" skipped="0" asserts="3">
              <properties>
                <property name="_JOINTYPE" value="Combinatorial" />
              </properties>
              <test-case id="0-2553" name="ArrayWithDatapointsAttributeIsUsed(&quot;xyz1&quot;)" fullname="NUnit.Framework.Attributes.TheoryTests.ArrayWithDatapointsAttributeIsUsed(&quot;xyz1&quot;)" methodname="ArrayWithDatapointsAttributeIsUsed" classname="NUnit.Framework.Attributes.TheoryTests" runstate="Runnable" seed="406306888" result="Passed" start-time="2017-02-21 11:04:45Z" end-time="2017-02-21 11:04:45Z" duration="0.000747" asserts="1" />
              <test-case id="0-2554" name="ArrayWithDatapointsAttributeIsUsed(&quot;xyz2&quot;)" fullname="NUnit.Framework.Attributes.TheoryTests.ArrayWithDatapointsAttributeIsUsed(&quot;xyz2&quot;)" methodname="ArrayWithDatapointsAttributeIsUsed" classname="NUnit.Framework.Attributes.TheoryTests" runstate="Runnable" seed="1474469878" result="Passed" start-time="2017-02-21 11:04:45Z" end-time="2017-02-21 11:04:45Z" duration="0.000050" asserts="1" />
              <test-case id="0-2555" name="ArrayWithDatapointsAttributeIsUsed(&quot;xyz3&quot;)" fullname="NUnit.Framework.Attributes.TheoryTests.ArrayWithDatapointsAttributeIsUsed(&quot;xyz3&quot;)" methodname="ArrayWithDatapointsAttributeIsUsed" classname="NUnit.Framework.Attributes.TheoryTests" runstate="Runnable" seed="1959901921" result="Passed" start-time="2017-02-21 11:04:45Z" end-time="2017-02-21 11:04:45Z" duration="0.000082" asserts="1" />
            </test-suite>
            <test-case id="0-2537" name="BooleanArgumentsAreSuppliedAutomatically" fullname="NUnit.Framework.Attributes.TheoryTests.BooleanArgumentsAreSuppliedAutomatically" methodname="BooleanArgumentsAreSuppliedAutomatically" classname="NUnit.Framework.Attributes.TheoryTests" runstate="Runnable" seed="1042416170" result="Passed" start-time="2017-02-21 11:04:45Z" end-time="2017-02-21 11:04:45Z" duration="0.000671" asserts="3" />
            <test-case id="0-2539" name="DatapointAndAttributeDataMayBeCombined" fullname="NUnit.Framework.Attributes.TheoryTests.DatapointAndAttributeDataMayBeCombined" methodname="DatapointAndAttributeDataMayBeCombined" classname="NUnit.Framework.Attributes.TheoryTests" runstate="Runnable" seed="135897622" result="Passed" start-time="2017-02-21 11:04:45Z" end-time="2017-02-21 11:04:45Z" duration="0.002812" asserts="3" />
            <test-case id="0-2542" name="EnumArgumentsAreSuppliedAutomatically" fullname="NUnit.Framework.Attributes.TheoryTests.EnumArgumentsAreSuppliedAutomatically" methodname="EnumArgumentsAreSuppliedAutomatically" classname="NUnit.Framework.Attributes.TheoryTests" runstate="Runnable" seed="1312670602" result="Passed" start-time="2017-02-21 11:04:45Z" end-time="2017-02-21 11:04:45Z" duration="0.000934" asserts="3" />
            <test-case id="0-2538" name="NullableBooleanArgumentsAreSuppliedAutomatically" fullname="NUnit.Framework.Attributes.TheoryTests.NullableBooleanArgumentsAreSuppliedAutomatically" methodname="NullableBooleanArgumentsAreSuppliedAutomatically" classname="NUnit.Framework.Attributes.TheoryTests" runstate="Runnable" seed="970337516" result="Passed" start-time="2017-02-21 11:04:45Z" end-time="2017-02-21 11:04:45Z" duration="0.000584" asserts="3" />
            <test-case id="0-2543" name="NullableEnumArgumentsAreSuppliedAutomatically" fullname="NUnit.Framework.Attributes.TheoryTests.NullableEnumArgumentsAreSuppliedAutomatically" methodname="NullableEnumArgumentsAreSuppliedAutomatically" classname="NUnit.Framework.Attributes.TheoryTests" runstate="Runnable" seed="1184743823" result="Passed" start-time="2017-02-21 11:04:45Z" end-time="2017-02-21 11:04:45Z" duration="0.000744" asserts="3" />
            <test-suite type="Theory" id="0-2541" name="NullDatapointIsOK" fullname="NUnit.Framework.Attributes.TheoryTests.NullDatapointIsOK" classname="NUnit.Framework.Attributes.TheoryTests" runstate="Runnable" testcasecount="1" result="Passed" start-time="2017-02-21 11:04:45Z" end-time="2017-02-21 11:04:45Z" duration="0.002803" total="1" passed="1" failed="0" warnings="0" inconclusive="0" skipped="0" asserts="2">
              <properties>
                <property name="_JOINTYPE" value="Combinatorial" />
              </properties>
              <test-case id="0-2540" name="NullDatapointIsOK(null)" fullname="NUnit.Framework.Attributes.TheoryTests.NullDatapointIsOK(null)" methodname="NullDatapointIsOK" classname="NUnit.Framework.Attributes.TheoryTests" runstate="Runnable" seed="890084664" result="Passed" start-time="2017-02-21 11:04:45Z" end-time="2017-02-21 11:04:45Z" duration="0.000222" asserts="2" />
            </test-suite>
            <test-case id="0-2557" name="SimpleTestIgnoresDataPoints" fullname="NUnit.Framework.Attributes.TheoryTests.SimpleTestIgnoresDataPoints" methodname="SimpleTestIgnoresDataPoints" classname="NUnit.Framework.Attributes.TheoryTests" runstate="Runnable" seed="1330929206" result="Passed" start-time="2017-02-21 11:04:45Z" end-time="2017-02-21 11:04:45Z" duration="0.000364" asserts="2" />
            <test-suite type="Theory" id="0-2548" name="SquareRootWithAllGoodValues" fullname="NUnit.Framework.Attributes.TheoryTests.SquareRootWithAllGoodValues" classname="NUnit.Framework.Attributes.TheoryTests" runstate="Runnable" testcasecount="3" result="Passed" start-time="2017-02-21 11:04:45Z" end-time="2017-02-21 11:04:45Z" duration="0.007978" total="3" passed="3" failed="0" warnings="0" inconclusive="0" skipped="0" asserts="6">
              <properties>
                <property name="_JOINTYPE" value="Combinatorial" />
              </properties>
              <test-case id="0-2545" name="SquareRootWithAllGoodValues(12.0d)" fullname="NUnit.Framework.Attributes.TheoryTests.SquareRootWithAllGoodValues(12.0d)" methodname="SquareRootWithAllGoodValues" classname="NUnit.Framework.Attributes.TheoryTests" runstate="Runnable" seed="30964455" result="Passed" start-time="2017-02-21 11:04:45Z" end-time="2017-02-21 11:04:45Z" duration="0.000279" asserts="2" />
              <test-case id="0-2546" name="SquareRootWithAllGoodValues(4.0d)" fullname="NUnit.Framework.Attributes.TheoryTests.SquareRootWithAllGoodValues(4.0d)" methodname="SquareRootWithAllGoodValues" classname="NUnit.Framework.Attributes.TheoryTests" runstate="Runnable" seed="1688285040" result="Passed" start-time="2017-02-21 11:04:45Z" end-time="2017-02-21 11:04:45Z" duration="0.000031" asserts="2" />
              <test-case id="0-2547" name="SquareRootWithAllGoodValues(9.0d)" fullname="NUnit.Framework.Attributes.TheoryTests.SquareRootWithAllGoodValues(9.0d)" methodname="SquareRootWithAllGoodValues" classname="NUnit.Framework.Attributes.TheoryTests" runstate="Runnable" seed="505061703" result="Passed" start-time="2017-02-21 11:04:45Z" end-time="2017-02-21 11:04:45Z" duration="0.000132" asserts="2" />
            </test-suite>
            <test-suite type="Theory" id="0-2552" name="SquareRootWithOneBadValue" fullname="NUnit.Framework.Attributes.TheoryTests.SquareRootWithOneBadValue" classname="NUnit.Framework.Attributes.TheoryTests" runstate="Runnable" testcasecount="3" result="Passed" start-time="2017-02-21 11:04:45Z" end-time="2017-02-21 11:04:45Z" duration="0.007825" total="3" passed="2" failed="0" warnings="0" inconclusive="1" skipped="0" asserts="4">
              <properties>
                <property name="_JOINTYPE" value="Combinatorial" />
              </properties>
              <test-case id="0-2549" name="SquareRootWithOneBadValue(12.0d)" fullname="NUnit.Framework.Attributes.TheoryTests.SquareRootWithOneBadValue(12.0d)" methodname="SquareRootWithOneBadValue" classname="NUnit.Framework.Attributes.TheoryTests" runstate="Runnable" seed="366256187" result="Passed" start-time="2017-02-21 11:04:45Z" end-time="2017-02-21 11:04:45Z" duration="0.000085" asserts="2" />
              <test-case id="0-2550" name="SquareRootWithOneBadValue(-4.0d)" fullname="NUnit.Framework.Attributes.TheoryTests.SquareRootWithOneBadValue(-4.0d)" methodname="SquareRootWithOneBadValue" classname="NUnit.Framework.Attributes.TheoryTests" runstate="Runnable" seed="808183123" result="Inconclusive" start-time="2017-02-21 11:04:45Z" end-time="2017-02-21 11:04:45Z" duration="0.000423" asserts="0">
                <reason>
                  <message><![CDATA[  Expected: True
  But was:  False
]]></message>
                </reason>
              </test-case>
              <test-case id="0-2551" name="SquareRootWithOneBadValue(9.0d)" fullname="NUnit.Framework.Attributes.TheoryTests.SquareRootWithOneBadValue(9.0d)" methodname="SquareRootWithOneBadValue" classname="NUnit.Framework.Attributes.TheoryTests" runstate="Runnable" seed="138487529" result="Passed" start-time="2017-02-21 11:04:45Z" end-time="2017-02-21 11:04:45Z" duration="0.000044" asserts="2" />
            </test-suite>
            <test-suite type="Theory" id="0-2558" name="TheoryFailsIfAllTestsAreInconclusive" fullname="NUnit.Framework.Attributes.TheoryTests.TheoryFailsIfAllTestsAreInconclusive" classname="NUnit.Framework.Attributes.TheoryTests" runstate="Runnable" testcasecount="0" result="Passed" start-time="2017-02-21 11:04:45Z" end-time="2017-02-21 11:04:45Z" duration="0.000020" total="0" passed="0" failed="0" warnings="0" inconclusive="0" skipped="0" asserts="0">
              <properties>
                <property name="_JOINTYPE" value="Combinatorial" />
              </properties>
            </test-suite>
            <test-case id="0-2536" name="TheoryWithDatapointsIsRunnable" fullname="NUnit.Framework.Attributes.TheoryTests.TheoryWithDatapointsIsRunnable" methodname="TheoryWithDatapointsIsRunnable" classname="NUnit.Framework.Attributes.TheoryTests" runstate="Runnable" seed="85573473" result="Passed" start-time="2017-02-21 11:04:45Z" end-time="2017-02-21 11:04:45Z" duration="0.001742" asserts="3" />
            <test-case id="0-2533" name="TheoryWithNoArgumentsIsTreatedAsTest" fullname="NUnit.Framework.Attributes.TheoryTests.TheoryWithNoArgumentsIsTreatedAsTest" methodname="TheoryWithNoArgumentsIsTreatedAsTest" classname="NUnit.Framework.Attributes.TheoryTests" runstate="Runnable" seed="1004283437" result="Passed" start-time="2017-02-21 11:04:45Z" end-time="2017-02-21 11:04:45Z" duration="0.001223" asserts="1" />
            <test-case id="0-2534" name="TheoryWithNoDatapointsIsRunnable" fullname="NUnit.Framework.Attributes.TheoryTests.TheoryWithNoDatapointsIsRunnable" methodname="TheoryWithNoDatapointsIsRunnable" classname="NUnit.Framework.Attributes.TheoryTests" runstate="Runnable" seed="1058888771" result="Passed" start-time="2017-02-21 11:04:45Z" end-time="2017-02-21 11:04:45Z" duration="0.000322" asserts="1" />
            <test-case id="0-2535" name="UnsupportedNullableTypeArgumentWithNoDatapointsAreRunnable" fullname="NUnit.Framework.Attributes.TheoryTests.UnsupportedNullableTypeArgumentWithNoDatapointsAreRunnable" methodname="UnsupportedNullableTypeArgumentWithNoDatapointsAreRunnable" classname="NUnit.Framework.Attributes.TheoryTests" runstate="Runnable" seed="400770106" result="Passed" start-time="2017-02-21 11:04:45Z" end-time="2017-02-21 11:04:45Z" duration="0.000202" asserts="1" />
          </test-suite>
          <test-suite type="TestFixture" id="0-2275" name="TestCaseAttributeTests" fullname="NUnit.Framework.Attributes.TestCaseAttributeTests" classname="NUnit.Framework.Attributes.TestCaseAttributeTests" runstate="Runnable" testcasecount="73" result="Passed" start-time="2017-02-21 11:04:45Z" end-time="2017-02-21 11:04:45Z" duration="0.390144" total="73" passed="72" failed="0" warnings="0" inconclusive="0" skipped="1" asserts="118">
            <test-suite type="ParameterizedMethod" id="0-2314" name="ArgumentsAreCoalescedInObjectArray" fullname="NUnit.Framework.Attributes.TestCaseAttributeTests.ArgumentsAreCoalescedInObjectArray" classname="NUnit.Framework.Attributes.TestCaseAttributeTests" runstate="Runnable" testcasecount="1" result="Passed" start-time="2017-02-21 11:04:45Z" end-time="2017-02-21 11:04:45Z" duration="0.003039" total="1" passed="1" failed="0" warnings="0" inconclusive="0" skipped="0" asserts="2">
              <test-case id="0-2313" name="ArgumentsAreCoalescedInObjectArray(&quot;a&quot;,&quot;b&quot;)" fullname="NUnit.Framework.Attributes.TestCaseAttributeTests.ArgumentsAreCoalescedInObjectArray(&quot;a&quot;,&quot;b&quot;)" methodname="ArgumentsAreCoalescedInObjectArray" classname="NUnit.Framework.Attributes.TestCaseAttributeTests" runstate="Runnable" seed="973259229" result="Passed" start-time="2017-02-21 11:04:45Z" end-time="2017-02-21 11:04:45Z" duration="0.000216" asserts="2" />
            </test-suite>
            <test-suite type="ParameterizedMethod" id="0-2316" name="ArgumentsOfDifferentTypeAreCoalescedInObjectArray" fullname="NUnit.Framework.Attributes.TestCaseAttributeTests.ArgumentsOfDifferentTypeAreCoalescedInObjectArray" classname="NUnit.Framework.Attributes.TestCaseAttributeTests" runstate="Runnable" testcasecount="1" result="Passed" start-time="2017-02-21 11:04:45Z" end-time="2017-02-21 11:04:45Z" duration="0.003226" total="1" passed="1" failed="0" warnings="0" inconclusive="0" skipped="0" asserts="2">
              <test-case id="0-2315" name="ArgumentsOfDifferentTypeAreCoalescedInObjectArray(1,&quot;b&quot;)" fullname="NUnit.Framework.Attributes.TestCaseAttributeTests.ArgumentsOfDifferentTypeAreCoalescedInObjectArray(1,&quot;b&quot;)" methodname="ArgumentsOfDifferentTypeAreCoalescedInObjectArray" classname="NUnit.Framework.Attributes.TestCaseAttributeTests" runstate="Runnable" seed="1804628801" result="Passed" start-time="2017-02-21 11:04:45Z" end-time="2017-02-21 11:04:45Z" duration="0.000496" asserts="2" />
            </test-suite>
            <test-suite type="ParameterizedMethod" id="0-2289" name="CanConvertDoubleToDecimal" fullname="NUnit.Framework.Attributes.TestCaseAttributeTests.CanConvertDoubleToDecimal" classname="NUnit.Framework.Attributes.TestCaseAttributeTests" runstate="Runnable" testcasecount="1" result="Passed" start-time="2017-02-21 11:04:45Z" end-time="2017-02-21 11:04:45Z" duration="0.003922" total="1" passed="1" failed="0" warnings="0" inconclusive="0" skipped="0" asserts="1">
              <test-case id="0-2288" name="CanConvertDoubleToDecimal(2.2d,3.3d)" fullname="NUnit.Framework.Attributes.TestCaseAttributeTests.CanConvertDoubleToDecimal(2.2d,3.3d)" methodname="CanConvertDoubleToDecimal" classname="NUnit.Framework.Attributes.TestCaseAttributeTests" runstate="Runnable" seed="1014136943" result="Passed" start-time="2017-02-21 11:04:45Z" end-time="2017-02-21 11:04:45Z" duration="0.000827" asserts="1" />
            </test-suite>
            <test-suite type="ParameterizedMethod" id="0-2369" name="CanConvertDoubleToNullableDecimal" fullname="NUnit.Framework.Attributes.TestCaseAttributeTests.CanConvertDoubleToNullableDecimal" classname="NUnit.Framework.Attributes.TestCaseAttributeTests" runstate="Runnable" testcasecount="1" result="Passed" start-time="2017-02-21 11:04:45Z" end-time="2017-02-21 11:04:45Z" duration="0.004505" total="1" passed="1" failed="0" warnings="0" inconclusive="0" skipped="0" asserts="1">
              <test-case id="0-2368" name="CanConvertDoubleToNullableDecimal(2.2d,3.3d)" fullname="NUnit.Framework.Attributes.TestCaseAttributeTests.CanConvertDoubleToNullableDecimal(2.2d,3.3d)" methodname="CanConvertDoubleToNullableDecimal" classname="NUnit.Framework.Attributes.TestCaseAttributeTests" runstate="Runnable" seed="1760044293" result="Passed" start-time="2017-02-21 11:04:45Z" end-time="2017-02-21 11:04:45Z" duration="0.000634" asserts="1" />
            </test-suite>
            <test-suite type="ParameterizedMethod" id="0-2291" name="CanConvertIntToDecimal" fullname="NUnit.Framework.Attributes.TestCaseAttributeTests.CanConvertIntToDecimal" classname="NUnit.Framework.Attributes.TestCaseAttributeTests" runstate="Runnable" testcasecount="1" result="Passed" start-time="2017-02-21 11:04:45Z" end-time="2017-02-21 11:04:45Z" duration="0.002886" total="1" passed="1" failed="0" warnings="0" inconclusive="0" skipped="0" asserts="1">
              <test-case id="0-2290" name="CanConvertIntToDecimal(5,2)" fullname="NUnit.Framework.Attributes.TestCaseAttributeTests.CanConvertIntToDecimal(5,2)" methodname="CanConvertIntToDecimal" classname="NUnit.Framework.Attributes.TestCaseAttributeTests" runstate="Runnable" seed="758372375" result="Passed" start-time="2017-02-21 11:04:45Z" end-time="2017-02-21 11:04:45Z" duration="0.000241" asserts="1" />
            </test-suite>
            <test-suite type="ParameterizedMethod" id="0-2285" name="CanConvertIntToDouble" fullname="NUnit.Framework.Attributes.TestCaseAttributeTests.CanConvertIntToDouble" classname="NUnit.Framework.Attributes.TestCaseAttributeTests" runstate="Runnable" testcasecount="1" result="Passed" start-time="2017-02-21 11:04:45Z" end-time="2017-02-21 11:04:45Z" duration="0.004722" total="1" passed="1" failed="0" warnings="0" inconclusive="0" skipped="0" asserts="1">
              <test-case id="0-2284" name="CanConvertIntToDouble(2,2)" fullname="NUnit.Framework.Attributes.TestCaseAttributeTests.CanConvertIntToDouble(2,2)" methodname="CanConvertIntToDouble" classname="NUnit.Framework.Attributes.TestCaseAttributeTests" runstate="Runnable" seed="590614907" result="Passed" start-time="2017-02-21 11:04:45Z" end-time="2017-02-21 11:04:45Z" duration="0.000655" asserts="1" />
            </test-suite>
            <test-suite type="ParameterizedMethod" id="0-2361" name="CanConvertIntToNullableByte" fullname="NUnit.Framework.Attributes.TestCaseAttributeTests.CanConvertIntToNullableByte" classname="NUnit.Framework.Attributes.TestCaseAttributeTests" runstate="Runnable" testcasecount="1" result="Passed" start-time="2017-02-21 11:04:45Z" end-time="2017-02-21 11:04:45Z" duration="0.004163" total="1" passed="1" failed="0" warnings="0" inconclusive="0" skipped="0" asserts="2">
              <test-case id="0-2360" name="CanConvertIntToNullableByte(1)" fullname="NUnit.Framework.Attributes.TestCaseAttributeTests.CanConvertIntToNullableByte(1)" methodname="CanConvertIntToNullableByte" classname="NUnit.Framework.Attributes.TestCaseAttributeTests" runstate="Runnable" seed="214502729" result="Passed" start-time="2017-02-21 11:04:45Z" end-time="2017-02-21 11:04:45Z" duration="0.001438" asserts="2" />
            </test-suite>
            <test-suite type="ParameterizedMethod" id="0-2371" name="CanConvertIntToNullableDecimal" fullname="NUnit.Framework.Attributes.TestCaseAttributeTests.CanConvertIntToNullableDecimal" classname="NUnit.Framework.Attributes.TestCaseAttributeTests" runstate="Runnable" testcasecount="1" result="Passed" start-time="2017-02-21 11:04:45Z" end-time="2017-02-21 11:04:45Z" duration="0.003333" total="1" passed="1" failed="0" warnings="0" inconclusive="0" skipped="0" asserts="1">
              <test-case id="0-2370" name="CanConvertIntToNullableDecimal(5,2)" fullname="NUnit.Framework.Attributes.TestCaseAttributeTests.CanConvertIntToNullableDecimal(5,2)" methodname="CanConvertIntToNullableDecimal" classname="NUnit.Framework.Attributes.TestCaseAttributeTests" runstate="Runnable" seed="1320014120" result="Passed" start-time="2017-02-21 11:04:45Z" end-time="2017-02-21 11:04:45Z" duration="0.000254" asserts="1" />
            </test-suite>
            <test-suite type="ParameterizedMethod" id="0-2357" name="CanConvertIntToNullableDouble" fullname="NUnit.Framework.Attributes.TestCaseAttributeTests.CanConvertIntToNullableDouble" classname="NUnit.Framework.Attributes.TestCaseAttributeTests" runstate="Runnable" testcasecount="1" result="Passed" start-time="2017-02-21 11:04:45Z" end-time="2017-02-21 11:04:45Z" duration="0.007256" total="1" passed="1" failed="0" warnings="0" inconclusive="0" skipped="0" asserts="1">
              <test-case id="0-2356" name="CanConvertIntToNullableDouble(2,2)" fullname="NUnit.Framework.Attributes.TestCaseAttributeTests.CanConvertIntToNullableDouble(2,2)" methodname="CanConvertIntToNullableDouble" classname="NUnit.Framework.Attributes.TestCaseAttributeTests" runstate="Runnable" seed="885715593" result="Passed" start-time="2017-02-21 11:04:45Z" end-time="2017-02-21 11:04:45Z" duration="0.002189" asserts="1" />
            </test-suite>
            <test-suite type="ParameterizedMethod" id="0-2363" name="CanConvertIntToNullableSByte" fullname="NUnit.Framework.Attributes.TestCaseAttributeTests.CanConvertIntToNullableSByte" classname="NUnit.Framework.Attributes.TestCaseAttributeTests" runstate="Runnable" testcasecount="1" result="Passed" start-time="2017-02-21 11:04:45Z" end-time="2017-02-21 11:04:45Z" duration="0.003557" total="1" passed="1" failed="0" warnings="0" inconclusive="0" skipped="0" asserts="2">
              <test-case id="0-2362" name="CanConvertIntToNullableSByte(1)" fullname="NUnit.Framework.Attributes.TestCaseAttributeTests.CanConvertIntToNullableSByte(1)" methodname="CanConvertIntToNullableSByte" classname="NUnit.Framework.Attributes.TestCaseAttributeTests" runstate="Runnable" seed="458705673" result="Passed" start-time="2017-02-21 11:04:45Z" end-time="2017-02-21 11:04:45Z" duration="0.000973" asserts="2" />
            </test-suite>
            <test-suite type="ParameterizedMethod" id="0-2359" name="CanConvertIntToNullableShort" fullname="NUnit.Framework.Attributes.TestCaseAttributeTests.CanConvertIntToNullableShort" classname="NUnit.Framework.Attributes.TestCaseAttributeTests" runstate="Runnable" testcasecount="1" result="Passed" start-time="2017-02-21 11:04:45Z" end-time="2017-02-21 11:04:45Z" duration="0.003413" total="1" passed="1" failed="0" warnings="0" inconclusive="0" skipped="0" asserts="2">
              <test-case id="0-2358" name="CanConvertIntToNullableShort(1)" fullname="NUnit.Framework.Attributes.TestCaseAttributeTests.CanConvertIntToNullableShort(1)" methodname="CanConvertIntToNullableShort" classname="NUnit.Framework.Attributes.TestCaseAttributeTests" runstate="Runnable" seed="2073498292" result="Passed" start-time="2017-02-21 11:04:45Z" end-time="2017-02-21 11:04:45Z" duration="0.000929" asserts="2" />
            </test-suite>
            <test-suite type="ParameterizedMethod" id="0-2295" name="CanConvertSmallIntsToByte" fullname="NUnit.Framework.Attributes.TestCaseAttributeTests.CanConvertSmallIntsToByte" classname="NUnit.Framework.Attributes.TestCaseAttributeTests" runstate="Runnable" testcasecount="1" result="Passed" start-time="2017-02-21 11:04:45Z" end-time="2017-02-21 11:04:45Z" duration="0.002946" total="1" passed="1" failed="0" warnings="0" inconclusive="0" skipped="0" asserts="1">
              <test-case id="0-2294" name="CanConvertSmallIntsToByte(5,2)" fullname="NUnit.Framework.Attributes.TestCaseAttributeTests.CanConvertSmallIntsToByte(5,2)" methodname="CanConvertSmallIntsToByte" classname="NUnit.Framework.Attributes.TestCaseAttributeTests" runstate="Runnable" seed="113143403" result="Passed" start-time="2017-02-21 11:04:45Z" end-time="2017-02-21 11:04:45Z" duration="0.000290" asserts="1" />
            </test-suite>
            <test-suite type="ParameterizedMethod" id="0-2375" name="CanConvertSmallIntsToNullableByte" fullname="NUnit.Framework.Attributes.TestCaseAttributeTests.CanConvertSmallIntsToNullableByte" classname="NUnit.Framework.Attributes.TestCaseAttributeTests" runstate="Runnable" testcasecount="1" result="Passed" start-time="2017-02-21 11:04:45Z" end-time="2017-02-21 11:04:45Z" duration="0.003122" total="1" passed="1" failed="0" warnings="0" inconclusive="0" skipped="0" asserts="1">
              <test-case id="0-2374" name="CanConvertSmallIntsToNullableByte(5,2)" fullname="NUnit.Framework.Attributes.TestCaseAttributeTests.CanConvertSmallIntsToNullableByte(5,2)" methodname="CanConvertSmallIntsToNullableByte" classname="NUnit.Framework.Attributes.TestCaseAttributeTests" runstate="Runnable" seed="1351325616" result="Passed" start-time="2017-02-21 11:04:45Z" end-time="2017-02-21 11:04:45Z" duration="0.000508" asserts="1" />
            </test-suite>
            <test-suite type="ParameterizedMethod" id="0-2377" name="CanConvertSmallIntsToNullableSByte" fullname="NUnit.Framework.Attributes.TestCaseAttributeTests.CanConvertSmallIntsToNullableSByte" classname="NUnit.Framework.Attributes.TestCaseAttributeTests" runstate="Runnable" testcasecount="1" result="Passed" start-time="2017-02-21 11:04:45Z" end-time="2017-02-21 11:04:45Z" duration="0.003534" total="1" passed="1" failed="0" warnings="0" inconclusive="0" skipped="0" asserts="1">
              <test-case id="0-2376" name="CanConvertSmallIntsToNullableSByte(5,2)" fullname="NUnit.Framework.Attributes.TestCaseAttributeTests.CanConvertSmallIntsToNullableSByte(5,2)" methodname="CanConvertSmallIntsToNullableSByte" classname="NUnit.Framework.Attributes.TestCaseAttributeTests" runstate="Runnable" seed="900406116" result="Passed" start-time="2017-02-21 11:04:45Z" end-time="2017-02-21 11:04:45Z" duration="0.000726" asserts="1" />
            </test-suite>
            <test-suite type="ParameterizedMethod" id="0-2373" name="CanConvertSmallIntsToNullableShort" fullname="NUnit.Framework.Attributes.TestCaseAttributeTests.CanConvertSmallIntsToNullableShort" classname="NUnit.Framework.Attributes.TestCaseAttributeTests" runstate="Runnable" testcasecount="1" result="Passed" start-time="2017-02-21 11:04:45Z" end-time="2017-02-21 11:04:45Z" duration="0.003859" total="1" passed="1" failed="0" warnings="0" inconclusive="0" skipped="0" asserts="1">
              <test-case id="0-2372" name="CanConvertSmallIntsToNullableShort(5,2)" fullname="NUnit.Framework.Attributes.TestCaseAttributeTests.CanConvertSmallIntsToNullableShort(5,2)" methodname="CanConvertSmallIntsToNullableShort" classname="NUnit.Framework.Attributes.TestCaseAttributeTests" runstate="Runnable" seed="1272050889" result="Passed" start-time="2017-02-21 11:04:45Z" end-time="2017-02-21 11:04:45Z" duration="0.000549" asserts="1" />
            </test-suite>
            <test-suite type="ParameterizedMethod" id="0-2297" name="CanConvertSmallIntsToSByte" fullname="NUnit.Framework.Attributes.TestCaseAttributeTests.CanConvertSmallIntsToSByte" classname="NUnit.Framework.Attributes.TestCaseAttributeTests" runstate="Runnable" testcasecount="1" result="Passed" start-time="2017-02-21 11:04:45Z" end-time="2017-02-21 11:04:45Z" duration="0.003457" total="1" passed="1" failed="0" warnings="0" inconclusive="0" skipped="0" asserts="1">
              <test-case id="0-2296" name="CanConvertSmallIntsToSByte(5,2)" fullname="NUnit.Framework.Attributes.TestCaseAttributeTests.CanConvertSmallIntsToSByte(5,2)" methodname="CanConvertSmallIntsToSByte" classname="NUnit.Framework.Attributes.TestCaseAttributeTests" runstate="Runnable" seed="914560593" result="Passed" start-time="2017-02-21 11:04:45Z" end-time="2017-02-21 11:04:45Z" duration="0.000262" asserts="1" />
            </test-suite>
            <test-suite type="ParameterizedMethod" id="0-2293" name="CanConvertSmallIntsToShort" fullname="NUnit.Framework.Attributes.TestCaseAttributeTests.CanConvertSmallIntsToShort" classname="NUnit.Framework.Attributes.TestCaseAttributeTests" runstate="Runnable" testcasecount="1" result="Passed" start-time="2017-02-21 11:04:45Z" end-time="2017-02-21 11:04:45Z" duration="0.002928" total="1" passed="1" failed="0" warnings="0" inconclusive="0" skipped="0" asserts="1">
              <test-case id="0-2292" name="CanConvertSmallIntsToShort(5,2)" fullname="NUnit.Framework.Attributes.TestCaseAttributeTests.CanConvertSmallIntsToShort(5,2)" methodname="CanConvertSmallIntsToShort" classname="NUnit.Framework.Attributes.TestCaseAttributeTests" runstate="Runnable" seed="791355041" result="Passed" start-time="2017-02-21 11:04:45Z" end-time="2017-02-21 11:04:45Z" duration="0.000176" asserts="1" />
            </test-suite>
            <test-suite type="ParameterizedMethod" id="0-2303" name="CanConvertStringToDateTime" fullname="NUnit.Framework.Attributes.TestCaseAttributeTests.CanConvertStringToDateTime" classname="NUnit.Framework.Attributes.TestCaseAttributeTests" runstate="Runnable" testcasecount="1" result="Passed" start-time="2017-02-21 11:04:45Z" end-time="2017-02-21 11:04:45Z" duration="0.002970" total="1" passed="1" failed="0" warnings="0" inconclusive="0" skipped="0" asserts="1">
              <test-case id="0-2302" name="CanConvertStringToDateTime(&quot;12-October-1942&quot;)" fullname="NUnit.Framework.Attributes.TestCaseAttributeTests.CanConvertStringToDateTime(&quot;12-October-1942&quot;)" methodname="CanConvertStringToDateTime" classname="NUnit.Framework.Attributes.TestCaseAttributeTests" runstate="Runnable" seed="447485378" result="Passed" start-time="2017-02-21 11:04:45Z" end-time="2017-02-21 11:04:45Z" duration="0.000226" asserts="1" />
            </test-suite>
            <test-suite type="ParameterizedMethod" id="0-2287" name="CanConvertStringToDecimal" fullname="NUnit.Framework.Attributes.TestCaseAttributeTests.CanConvertStringToDecimal" classname="NUnit.Framework.Attributes.TestCaseAttributeTests" runstate="Runnable" testcasecount="1" result="Passed" start-time="2017-02-21 11:04:45Z" end-time="2017-02-21 11:04:45Z" duration="0.002684" total="1" passed="1" failed="0" warnings="0" inconclusive="0" skipped="0" asserts="1">
              <test-case id="0-2286" name="CanConvertStringToDecimal(&quot;2.2&quot;,&quot;3.3&quot;)" fullname="NUnit.Framework.Attributes.TestCaseAttributeTests.CanConvertStringToDecimal(&quot;2.2&quot;,&quot;3.3&quot;)" methodname="CanConvertStringToDecimal" classname="NUnit.Framework.Attributes.TestCaseAttributeTests" runstate="Runnable" seed="824054222" result="Passed" start-time="2017-02-21 11:04:45Z" end-time="2017-02-21 11:04:45Z" duration="0.000113" asserts="1" />
            </test-suite>
            <test-suite type="ParameterizedMethod" id="0-2379" name="CanConvertStringToNullableDateTime" fullname="NUnit.Framework.Attributes.TestCaseAttributeTests.CanConvertStringToNullableDateTime" classname="NUnit.Framework.Attributes.TestCaseAttributeTests" runstate="Runnable" testcasecount="1" result="Passed" start-time="2017-02-21 11:04:45Z" end-time="2017-02-21 11:04:45Z" duration="0.007351" total="1" passed="1" failed="0" warnings="0" inconclusive="0" skipped="0" asserts="2">
              <test-case id="0-2378" name="CanConvertStringToNullableDateTime(&quot;12-October-1942&quot;)" fullname="NUnit.Framework.Attributes.TestCaseAttributeTests.CanConvertStringToNullableDateTime(&quot;12-October-1942&quot;)" methodname="CanConvertStringToNullableDateTime" classname="NUnit.Framework.Attributes.TestCaseAttributeTests" runstate="Runnable" seed="700056893" result="Passed" start-time="2017-02-21 11:04:45Z" end-time="2017-02-21 11:04:45Z" duration="0.001893" asserts="2" />
            </test-suite>
            <test-suite type="ParameterizedMethod" id="0-2365" name="CanConvertStringToNullableDecimal" fullname="NUnit.Framework.Attributes.TestCaseAttributeTests.CanConvertStringToNullableDecimal" classname="NUnit.Framework.Attributes.TestCaseAttributeTests" runstate="Runnable" testcasecount="1" result="Passed" start-time="2017-02-21 11:04:45Z" end-time="2017-02-21 11:04:45Z" duration="0.003409" total="1" passed="1" failed="0" warnings="0" inconclusive="0" skipped="0" asserts="3">
              <test-case id="0-2364" name="CanConvertStringToNullableDecimal(&quot;2.2&quot;,&quot;3.3&quot;)" fullname="NUnit.Framework.Attributes.TestCaseAttributeTests.CanConvertStringToNullableDecimal(&quot;2.2&quot;,&quot;3.3&quot;)" methodname="CanConvertStringToNullableDecimal" classname="NUnit.Framework.Attributes.TestCaseAttributeTests" runstate="Runnable" seed="1687164391" result="Passed" start-time="2017-02-21 11:04:45Z" end-time="2017-02-21 11:04:45Z" duration="0.000276" asserts="3" />
            </test-suite>
            <test-suite type="ParameterizedMethod" id="0-2383" name="CanConvertStringToNullableTimeSpan" fullname="NUnit.Framework.Attributes.TestCaseAttributeTests.CanConvertStringToNullableTimeSpan" classname="NUnit.Framework.Attributes.TestCaseAttributeTests" runstate="Runnable" testcasecount="1" result="Passed" start-time="2017-02-21 11:04:45Z" end-time="2017-02-21 11:04:45Z" duration="0.004488" total="1" passed="1" failed="0" warnings="0" inconclusive="0" skipped="0" asserts="4">
              <test-case id="0-2382" name="CanConvertStringToNullableTimeSpan(&quot;4:44:15&quot;)" fullname="NUnit.Framework.Attributes.TestCaseAttributeTests.CanConvertStringToNullableTimeSpan(&quot;4:44:15&quot;)" methodname="CanConvertStringToNullableTimeSpan" classname="NUnit.Framework.Attributes.TestCaseAttributeTests" runstate="Runnable" seed="1427821635" result="Passed" start-time="2017-02-21 11:04:45Z" end-time="2017-02-21 11:04:45Z" duration="0.001115" asserts="4" />
            </test-suite>
            <test-suite type="ParameterizedMethod" id="0-2305" name="CanConvertStringToTimeSpan" fullname="NUnit.Framework.Attributes.TestCaseAttributeTests.CanConvertStringToTimeSpan" classname="NUnit.Framework.Attributes.TestCaseAttributeTests" runstate="Runnable" testcasecount="1" result="Passed" start-time="2017-02-21 11:04:45Z" end-time="2017-02-21 11:04:45Z" duration="0.003606" total="1" passed="1" failed="0" warnings="0" inconclusive="0" skipped="0" asserts="3">
              <test-case id="0-2304" name="CanConvertStringToTimeSpan(&quot;4:44:15&quot;)" fullname="NUnit.Framework.Attributes.TestCaseAttributeTests.CanConvertStringToTimeSpan(&quot;4:44:15&quot;)" methodname="CanConvertStringToTimeSpan" classname="NUnit.Framework.Attributes.TestCaseAttributeTests" runstate="Runnable" seed="1642442126" result="Passed" start-time="2017-02-21 11:04:45Z" end-time="2017-02-21 11:04:45Z" duration="0.000615" asserts="3" />
            </test-suite>
            <test-case id="0-2347" name="CanExcludePlatform" fullname="NUnit.Framework.Attributes.TestCaseAttributeTests.CanExcludePlatform" methodname="CanExcludePlatform" classname="NUnit.Framework.Attributes.TestCaseAttributeTests" runstate="Runnable" seed="107963165" result="Passed" start-time="2017-02-21 11:04:45Z" end-time="2017-02-21 11:04:45Z" duration="0.001617" asserts="5" />
            <test-case id="0-2344" name="CanIgnoreIndividualTestCases" fullname="NUnit.Framework.Attributes.TestCaseAttributeTests.CanIgnoreIndividualTestCases" methodname="CanIgnoreIndividualTestCases" classname="NUnit.Framework.Attributes.TestCaseAttributeTests" runstate="Runnable" seed="2073131161" result="Passed" start-time="2017-02-21 11:04:45Z" end-time="2017-02-21 11:04:45Z" duration="0.001913" asserts="5" />
            <test-case id="0-2346" name="CanIncludePlatform" fullname="NUnit.Framework.Attributes.TestCaseAttributeTests.CanIncludePlatform" methodname="CanIncludePlatform" classname="NUnit.Framework.Attributes.TestCaseAttributeTests" runstate="Runnable" seed="986080208" result="Passed" start-time="2017-02-21 11:04:45Z" end-time="2017-02-21 11:04:45Z" duration="0.001163" asserts="5" />
            <test-case id="0-2345" name="CanMarkIndividualTestCasesExplicit" fullname="NUnit.Framework.Attributes.TestCaseAttributeTests.CanMarkIndividualTestCasesExplicit" methodname="CanMarkIndividualTestCasesExplicit" classname="NUnit.Framework.Attributes.TestCaseAttributeTests" runstate="Runnable" seed="2113219010" result="Passed" start-time="2017-02-21 11:04:45Z" end-time="2017-02-21 11:04:45Z" duration="0.003416" asserts="5" />
            <test-suite type="ParameterizedMethod" id="0-2312" name="CanPassArrayAsArgument" fullname="NUnit.Framework.Attributes.TestCaseAttributeTests.CanPassArrayAsArgument" classname="NUnit.Framework.Attributes.TestCaseAttributeTests" runstate="Runnable" testcasecount="1" result="Passed" start-time="2017-02-21 11:04:45Z" end-time="2017-02-21 11:04:45Z" duration="0.003304" total="1" passed="1" failed="0" warnings="0" inconclusive="0" skipped="0" asserts="2">
              <test-case id="0-2311" name="CanPassArrayAsArgument(&quot;a&quot;,&quot;b&quot;)" fullname="NUnit.Framework.Attributes.TestCaseAttributeTests.CanPassArrayAsArgument(&quot;a&quot;,&quot;b&quot;)" methodname="CanPassArrayAsArgument" classname="NUnit.Framework.Attributes.TestCaseAttributeTests" runstate="Runnable" seed="245147506" result="Passed" start-time="2017-02-21 11:04:45Z" end-time="2017-02-21 11:04:45Z" duration="0.000099" asserts="2" />
            </test-suite>
            <test-suite type="ParameterizedMethod" id="0-2307" name="CanPassNullAsFirstArgument" fullname="NUnit.Framework.Attributes.TestCaseAttributeTests.CanPassNullAsFirstArgument" classname="NUnit.Framework.Attributes.TestCaseAttributeTests" runstate="Runnable" testcasecount="1" result="Passed" start-time="2017-02-21 11:04:45Z" end-time="2017-02-21 11:04:45Z" duration="0.003090" total="1" passed="1" failed="0" warnings="0" inconclusive="0" skipped="0" asserts="1">
              <test-case id="0-2306" name="CanPassNullAsFirstArgument(null)" fullname="NUnit.Framework.Attributes.TestCaseAttributeTests.CanPassNullAsFirstArgument(null)" methodname="CanPassNullAsFirstArgument" classname="NUnit.Framework.Attributes.TestCaseAttributeTests" runstate="Runnable" seed="1472275565" result="Passed" start-time="2017-02-21 11:04:45Z" end-time="2017-02-21 11:04:45Z" duration="0.000079" asserts="1" />
            </test-suite>
            <test-suite type="ParameterizedMethod" id="0-2310" name="CanPassObjectArrayAsFirstArgument" fullname="NUnit.Framework.Attributes.TestCaseAttributeTests.CanPassObjectArrayAsFirstArgument" classname="NUnit.Framework.Attributes.TestCaseAttributeTests" runstate="Runnable" testcasecount="2" result="Passed" start-time="2017-02-21 11:04:45Z" end-time="2017-02-21 11:04:45Z" duration="0.006964" total="2" passed="2" failed="0" warnings="0" inconclusive="0" skipped="0" asserts="0">
              <test-case id="0-2308" name="CanPassObjectArrayAsFirstArgument(1,&quot;two&quot;,3.0d)" fullname="NUnit.Framework.Attributes.TestCaseAttributeTests.CanPassObjectArrayAsFirstArgument(1,&quot;two&quot;,3.0d)" methodname="CanPassObjectArrayAsFirstArgument" classname="NUnit.Framework.Attributes.TestCaseAttributeTests" runstate="Runnable" seed="773358816" result="Passed" start-time="2017-02-21 11:04:45Z" end-time="2017-02-21 11:04:45Z" duration="0.000041" asserts="0" />
              <test-case id="0-2309" name="CanPassObjectArrayAsFirstArgument(&quot;zip&quot;)" fullname="NUnit.Framework.Attributes.TestCaseAttributeTests.CanPassObjectArrayAsFirstArgument(&quot;zip&quot;)" methodname="CanPassObjectArrayAsFirstArgument" classname="NUnit.Framework.Attributes.TestCaseAttributeTests" runstate="Runnable" seed="312976265" result="Passed" start-time="2017-02-21 11:04:45Z" end-time="2017-02-21 11:04:45Z" duration="0.000026" asserts="0" />
            </test-suite>
            <test-case id="0-2342" name="CanSpecifyCategory" fullname="NUnit.Framework.Attributes.TestCaseAttributeTests.CanSpecifyCategory" methodname="CanSpecifyCategory" classname="NUnit.Framework.Attributes.TestCaseAttributeTests" runstate="Runnable" seed="121356553" result="Passed" start-time="2017-02-21 11:04:45Z" end-time="2017-02-21 11:04:45Z" duration="0.000405" asserts="2" />
            <test-case id="0-2339" name="CanSpecifyDescription" fullname="NUnit.Framework.Attributes.TestCaseAttributeTests.CanSpecifyDescription" methodname="CanSpecifyDescription" classname="NUnit.Framework.Attributes.TestCaseAttributeTests" runstate="Runnable" seed="134621060" result="Passed" start-time="2017-02-21 11:04:45Z" end-time="2017-02-21 11:04:45Z" duration="0.000239" asserts="2" />
            <test-case id="0-2343" name="CanSpecifyMultipleCategories" fullname="NUnit.Framework.Attributes.TestCaseAttributeTests.CanSpecifyMultipleCategories" methodname="CanSpecifyMultipleCategories" classname="NUnit.Framework.Attributes.TestCaseAttributeTests" runstate="Runnable" seed="1549283248" result="Passed" start-time="2017-02-21 11:04:45Z" end-time="2017-02-21 11:04:45Z" duration="0.000508" asserts="2" />
            <test-case id="0-2340" name="CanSpecifyTestName_FixedText" fullname="NUnit.Framework.Attributes.TestCaseAttributeTests.CanSpecifyTestName_FixedText" methodname="CanSpecifyTestName_FixedText" classname="NUnit.Framework.Attributes.TestCaseAttributeTests" runstate="Runnable" seed="113272577" result="Passed" start-time="2017-02-21 11:04:45Z" end-time="2017-02-21 11:04:45Z" duration="0.000471" asserts="3" />
            <test-case id="0-2341" name="CanSpecifyTestName_WithMethodName" fullname="NUnit.Framework.Attributes.TestCaseAttributeTests.CanSpecifyTestName_WithMethodName" methodname="CanSpecifyTestName_WithMethodName" classname="NUnit.Framework.Attributes.TestCaseAttributeTests" runstate="Runnable" seed="1377691358" result="Passed" start-time="2017-02-21 11:04:45Z" end-time="2017-02-21 11:04:45Z" duration="0.000771" asserts="3" />
            <test-suite type="ParameterizedMethod" id="0-2336" name="HandlesAllOptionalArguments" fullname="NUnit.Framework.Attributes.TestCaseAttributeTests.HandlesAllOptionalArguments" classname="NUnit.Framework.Attributes.TestCaseAttributeTests" runstate="Runnable" testcasecount="3" result="Passed" start-time="2017-02-21 11:04:45Z" end-time="2017-02-21 11:04:45Z" duration="0.009103" total="3" passed="3" failed="0" warnings="0" inconclusive="0" skipped="0" asserts="3">
              <test-case id="0-2333" name="HandlesAllOptionalArguments()" fullname="NUnit.Framework.Attributes.TestCaseAttributeTests.HandlesAllOptionalArguments()" methodname="HandlesAllOptionalArguments" classname="NUnit.Framework.Attributes.TestCaseAttributeTests" runstate="Runnable" seed="1352087623" result="Passed" start-time="2017-02-21 11:04:45Z" end-time="2017-02-21 11:04:45Z" duration="0.000988" asserts="1" />
              <test-case id="0-2334" name="HandlesAllOptionalArguments(&quot;x&quot;)" fullname="NUnit.Framework.Attributes.TestCaseAttributeTests.HandlesAllOptionalArguments(&quot;x&quot;)" methodname="HandlesAllOptionalArguments" classname="NUnit.Framework.Attributes.TestCaseAttributeTests" runstate="Runnable" seed="448393375" result="Passed" start-time="2017-02-21 11:04:45Z" end-time="2017-02-21 11:04:45Z" duration="0.000092" asserts="1" />
              <test-case id="0-2335" name="HandlesAllOptionalArguments(&quot;x&quot;,&quot;y&quot;)" fullname="NUnit.Framework.Attributes.TestCaseAttributeTests.HandlesAllOptionalArguments(&quot;x&quot;,&quot;y&quot;)" methodname="HandlesAllOptionalArguments" classname="NUnit.Framework.Attributes.TestCaseAttributeTests" runstate="Runnable" seed="1955670487" result="Passed" start-time="2017-02-21 11:04:45Z" end-time="2017-02-21 11:04:45Z" duration="0.000026" asserts="1" />
            </test-suite>
            <test-suite type="ParameterizedMethod" id="0-2332" name="HandlesOptionalArguments" fullname="NUnit.Framework.Attributes.TestCaseAttributeTests.HandlesOptionalArguments" classname="NUnit.Framework.Attributes.TestCaseAttributeTests" runstate="Runnable" testcasecount="3" result="Passed" start-time="2017-02-21 11:04:45Z" end-time="2017-02-21 11:04:45Z" duration="0.008322" total="3" passed="3" failed="0" warnings="0" inconclusive="0" skipped="0" asserts="3">
              <test-case id="0-2329" name="HandlesOptionalArguments(&quot;x&quot;)" fullname="NUnit.Framework.Attributes.TestCaseAttributeTests.HandlesOptionalArguments(&quot;x&quot;)" methodname="HandlesOptionalArguments" classname="NUnit.Framework.Attributes.TestCaseAttributeTests" runstate="Runnable" seed="219735352" result="Passed" start-time="2017-02-21 11:04:45Z" end-time="2017-02-21 11:04:45Z" duration="0.000510" asserts="1" />
              <test-case id="0-2330" name="HandlesOptionalArguments(&quot;x&quot;,&quot;y&quot;)" fullname="NUnit.Framework.Attributes.TestCaseAttributeTests.HandlesOptionalArguments(&quot;x&quot;,&quot;y&quot;)" methodname="HandlesOptionalArguments" classname="NUnit.Framework.Attributes.TestCaseAttributeTests" runstate="Runnable" seed="635259299" result="Passed" start-time="2017-02-21 11:04:45Z" end-time="2017-02-21 11:04:45Z" duration="0.000035" asserts="1" />
              <test-case id="0-2331" name="HandlesOptionalArguments(&quot;x&quot;,&quot;y&quot;,&quot;z&quot;)" fullname="NUnit.Framework.Attributes.TestCaseAttributeTests.HandlesOptionalArguments(&quot;x&quot;,&quot;y&quot;,&quot;z&quot;)" methodname="HandlesOptionalArguments" classname="NUnit.Framework.Attributes.TestCaseAttributeTests" runstate="Runnable" seed="195724302" result="Passed" start-time="2017-02-21 11:04:45Z" end-time="2017-02-21 11:04:45Z" duration="0.000033" asserts="1" />
            </test-suite>
            <test-suite type="ParameterizedMethod" id="0-2324" name="HandlesParamsArrayAsLastArgument" fullname="NUnit.Framework.Attributes.TestCaseAttributeTests.HandlesParamsArrayAsLastArgument" classname="NUnit.Framework.Attributes.TestCaseAttributeTests" runstate="Runnable" testcasecount="1" result="Passed" start-time="2017-02-21 11:04:45Z" end-time="2017-02-21 11:04:45Z" duration="0.002794" total="1" passed="1" failed="0" warnings="0" inconclusive="0" skipped="0" asserts="4">
              <test-case id="0-2323" name="HandlesParamsArrayAsLastArgument(&quot;a&quot;,&quot;b&quot;,&quot;c&quot;,&quot;d&quot;)" fullname="NUnit.Framework.Attributes.TestCaseAttributeTests.HandlesParamsArrayAsLastArgument(&quot;a&quot;,&quot;b&quot;,&quot;c&quot;,&quot;d&quot;)" methodname="HandlesParamsArrayAsLastArgument" classname="NUnit.Framework.Attributes.TestCaseAttributeTests" runstate="Runnable" seed="718687722" result="Passed" start-time="2017-02-21 11:04:45Z" end-time="2017-02-21 11:04:45Z" duration="0.000157" asserts="4" />
            </test-suite>
            <test-suite type="ParameterizedMethod" id="0-2320" name="HandlesParamsArrayAsSoleArgument" fullname="NUnit.Framework.Attributes.TestCaseAttributeTests.HandlesParamsArrayAsSoleArgument" classname="NUnit.Framework.Attributes.TestCaseAttributeTests" runstate="Runnable" testcasecount="1" result="Passed" start-time="2017-02-21 11:04:45Z" end-time="2017-02-21 11:04:45Z" duration="0.004131" total="1" passed="1" failed="0" warnings="0" inconclusive="0" skipped="0" asserts="2">
              <test-case id="0-2319" name="HandlesParamsArrayAsSoleArgument(&quot;a&quot;,&quot;b&quot;)" fullname="NUnit.Framework.Attributes.TestCaseAttributeTests.HandlesParamsArrayAsSoleArgument(&quot;a&quot;,&quot;b&quot;)" methodname="HandlesParamsArrayAsSoleArgument" classname="NUnit.Framework.Attributes.TestCaseAttributeTests" runstate="Runnable" seed="1684481325" result="Passed" start-time="2017-02-21 11:04:45Z" end-time="2017-02-21 11:04:45Z" duration="0.000171" asserts="2" />
            </test-suite>
            <test-suite type="ParameterizedMethod" id="0-2326" name="HandlesParamsArrayWithNoItemsAsLastArgument" fullname="NUnit.Framework.Attributes.TestCaseAttributeTests.HandlesParamsArrayWithNoItemsAsLastArgument" classname="NUnit.Framework.Attributes.TestCaseAttributeTests" runstate="Runnable" testcasecount="1" result="Passed" start-time="2017-02-21 11:04:45Z" end-time="2017-02-21 11:04:45Z" duration="0.002606" total="1" passed="1" failed="0" warnings="0" inconclusive="0" skipped="0" asserts="3">
              <test-case id="0-2325" name="HandlesParamsArrayWithNoItemsAsLastArgument(&quot;a&quot;,&quot;b&quot;)" fullname="NUnit.Framework.Attributes.TestCaseAttributeTests.HandlesParamsArrayWithNoItemsAsLastArgument(&quot;a&quot;,&quot;b&quot;)" methodname="HandlesParamsArrayWithNoItemsAsLastArgument" classname="NUnit.Framework.Attributes.TestCaseAttributeTests" runstate="Runnable" seed="1128906511" result="Passed" start-time="2017-02-21 11:04:45Z" end-time="2017-02-21 11:04:45Z" duration="0.000120" asserts="3" />
            </test-suite>
            <test-suite type="ParameterizedMethod" id="0-2328" name="HandlesParamsArrayWithOneItemAsLastArgument" fullname="NUnit.Framework.Attributes.TestCaseAttributeTests.HandlesParamsArrayWithOneItemAsLastArgument" classname="NUnit.Framework.Attributes.TestCaseAttributeTests" runstate="Runnable" testcasecount="1" result="Passed" start-time="2017-02-21 11:04:45Z" end-time="2017-02-21 11:04:45Z" duration="0.003773" total="1" passed="1" failed="0" warnings="0" inconclusive="0" skipped="0" asserts="3">
              <test-case id="0-2327" name="HandlesParamsArrayWithOneItemAsLastArgument(&quot;a&quot;,&quot;b&quot;,&quot;c&quot;)" fullname="NUnit.Framework.Attributes.TestCaseAttributeTests.HandlesParamsArrayWithOneItemAsLastArgument(&quot;a&quot;,&quot;b&quot;,&quot;c&quot;)" methodname="HandlesParamsArrayWithOneItemAsLastArgument" classname="NUnit.Framework.Attributes.TestCaseAttributeTests" runstate="Runnable" seed="37605016" result="Passed" start-time="2017-02-21 11:04:45Z" end-time="2017-02-21 11:04:45Z" duration="0.000253" asserts="3" />
            </test-suite>
            <test-suite type="ParameterizedMethod" id="0-2322" name="HandlesParamsArrayWithOneItemAsSoleArgument" fullname="NUnit.Framework.Attributes.TestCaseAttributeTests.HandlesParamsArrayWithOneItemAsSoleArgument" classname="NUnit.Framework.Attributes.TestCaseAttributeTests" runstate="Runnable" testcasecount="1" result="Passed" start-time="2017-02-21 11:04:45Z" end-time="2017-02-21 11:04:45Z" duration="0.003059" total="1" passed="1" failed="0" warnings="0" inconclusive="0" skipped="0" asserts="1">
              <test-case id="0-2321" name="HandlesParamsArrayWithOneItemAsSoleArgument(&quot;a&quot;)" fullname="NUnit.Framework.Attributes.TestCaseAttributeTests.HandlesParamsArrayWithOneItemAsSoleArgument(&quot;a&quot;)" methodname="HandlesParamsArrayWithOneItemAsSoleArgument" classname="NUnit.Framework.Attributes.TestCaseAttributeTests" runstate="Runnable" seed="1963369215" result="Passed" start-time="2017-02-21 11:04:45Z" end-time="2017-02-21 11:04:45Z" duration="0.000110" asserts="1" />
            </test-suite>
            <test-suite type="ParameterizedMethod" id="0-2283" name="IntegerDivisionWithResultCheckedByNUnit" fullname="NUnit.Framework.Attributes.TestCaseAttributeTests.IntegerDivisionWithResultCheckedByNUnit" classname="NUnit.Framework.Attributes.TestCaseAttributeTests" runstate="Runnable" testcasecount="3" result="Passed" start-time="2017-02-21 11:04:45Z" end-time="2017-02-21 11:04:45Z" duration="0.008295" total="3" passed="3" failed="0" warnings="0" inconclusive="0" skipped="0" asserts="3">
              <test-case id="0-2280" name="IntegerDivisionWithResultCheckedByNUnit(12,3)" fullname="NUnit.Framework.Attributes.TestCaseAttributeTests.IntegerDivisionWithResultCheckedByNUnit(12,3)" methodname="IntegerDivisionWithResultCheckedByNUnit" classname="NUnit.Framework.Attributes.TestCaseAttributeTests" runstate="Runnable" seed="66692301" result="Passed" start-time="2017-02-21 11:04:45Z" end-time="2017-02-21 11:04:45Z" duration="0.000072" asserts="1" />
              <test-case id="0-2281" name="IntegerDivisionWithResultCheckedByNUnit(12,2)" fullname="NUnit.Framework.Attributes.TestCaseAttributeTests.IntegerDivisionWithResultCheckedByNUnit(12,2)" methodname="IntegerDivisionWithResultCheckedByNUnit" classname="NUnit.Framework.Attributes.TestCaseAttributeTests" runstate="Runnable" seed="303851879" result="Passed" start-time="2017-02-21 11:04:45Z" end-time="2017-02-21 11:04:45Z" duration="0.000053" asserts="1" />
              <test-case id="0-2282" name="IntegerDivisionWithResultCheckedByNUnit(12,4)" fullname="NUnit.Framework.Attributes.TestCaseAttributeTests.IntegerDivisionWithResultCheckedByNUnit(12,4)" methodname="IntegerDivisionWithResultCheckedByNUnit" classname="NUnit.Framework.Attributes.TestCaseAttributeTests" runstate="Runnable" seed="1401453630" result="Passed" start-time="2017-02-21 11:04:45Z" end-time="2017-02-21 11:04:45Z" duration="0.000058" asserts="1" />
            </test-suite>
            <test-suite type="ParameterizedMethod" id="0-2279" name="IntegerDivisionWithResultPassedToTest" fullname="NUnit.Framework.Attributes.TestCaseAttributeTests.IntegerDivisionWithResultPassedToTest" classname="NUnit.Framework.Attributes.TestCaseAttributeTests" runstate="Runnable" testcasecount="3" result="Passed" start-time="2017-02-21 11:04:45Z" end-time="2017-02-21 11:04:45Z" duration="0.010604" total="3" passed="3" failed="0" warnings="0" inconclusive="0" skipped="0" asserts="3">
              <test-case id="0-2276" name="IntegerDivisionWithResultPassedToTest(12,3,4)" fullname="NUnit.Framework.Attributes.TestCaseAttributeTests.IntegerDivisionWithResultPassedToTest(12,3,4)" methodname="IntegerDivisionWithResultPassedToTest" classname="NUnit.Framework.Attributes.TestCaseAttributeTests" runstate="Runnable" seed="407944537" result="Passed" start-time="2017-02-21 11:04:45Z" end-time="2017-02-21 11:04:45Z" duration="0.000214" asserts="1" />
              <test-case id="0-2277" name="IntegerDivisionWithResultPassedToTest(12,2,6)" fullname="NUnit.Framework.Attributes.TestCaseAttributeTests.IntegerDivisionWithResultPassedToTest(12,2,6)" methodname="IntegerDivisionWithResultPassedToTest" classname="NUnit.Framework.Attributes.TestCaseAttributeTests" runstate="Runnable" seed="1908403267" result="Passed" start-time="2017-02-21 11:04:45Z" end-time="2017-02-21 11:04:45Z" duration="0.000043" asserts="1" />
              <test-case id="0-2278" name="IntegerDivisionWithResultPassedToTest(12,4,3)" fullname="NUnit.Framework.Attributes.TestCaseAttributeTests.IntegerDivisionWithResultPassedToTest(12,4,3)" methodname="IntegerDivisionWithResultPassedToTest" classname="NUnit.Framework.Attributes.TestCaseAttributeTests" runstate="Runnable" seed="349587395" result="Passed" start-time="2017-02-21 11:04:45Z" end-time="2017-02-21 11:04:45Z" duration="0.000369" asserts="1" />
            </test-suite>
            <test-suite type="ParameterizedMethod" id="0-2355" name="NullableIntegerDivisionWithResultCheckedByNUnit" fullname="NUnit.Framework.Attributes.TestCaseAttributeTests.NullableIntegerDivisionWithResultCheckedByNUnit" classname="NUnit.Framework.Attributes.TestCaseAttributeTests" runstate="Runnable" testcasecount="3" result="Passed" start-time="2017-02-21 11:04:45Z" end-time="2017-02-21 11:04:45Z" duration="0.010476" total="3" passed="3" failed="0" warnings="0" inconclusive="0" skipped="0" asserts="3">
              <test-case id="0-2352" name="NullableIntegerDivisionWithResultCheckedByNUnit(12,3)" fullname="NUnit.Framework.Attributes.TestCaseAttributeTests.NullableIntegerDivisionWithResultCheckedByNUnit(12,3)" methodname="NullableIntegerDivisionWithResultCheckedByNUnit" classname="NUnit.Framework.Attributes.TestCaseAttributeTests" runstate="Runnable" seed="1435403080" result="Passed" start-time="2017-02-21 11:04:45Z" end-time="2017-02-21 11:04:45Z" duration="0.000667" asserts="1" />
              <test-case id="0-2353" name="NullableIntegerDivisionWithResultCheckedByNUnit(12,2)" fullname="NUnit.Framework.Attributes.TestCaseAttributeTests.NullableIntegerDivisionWithResultCheckedByNUnit(12,2)" methodname="NullableIntegerDivisionWithResultCheckedByNUnit" classname="NUnit.Framework.Attributes.TestCaseAttributeTests" runstate="Runnable" seed="1910691779" result="Passed" start-time="2017-02-21 11:04:45Z" end-time="2017-02-21 11:04:45Z" duration="0.000049" asserts="1" />
              <test-case id="0-2354" name="NullableIntegerDivisionWithResultCheckedByNUnit(12,4)" fullname="NUnit.Framework.Attributes.TestCaseAttributeTests.NullableIntegerDivisionWithResultCheckedByNUnit(12,4)" methodname="NullableIntegerDivisionWithResultCheckedByNUnit" classname="NUnit.Framework.Attributes.TestCaseAttributeTests" runstate="Runnable" seed="537995101" result="Passed" start-time="2017-02-21 11:04:45Z" end-time="2017-02-21 11:04:45Z" duration="0.000032" asserts="1" />
            </test-suite>
            <test-suite type="ParameterizedMethod" id="0-2351" name="NullableIntegerDivisionWithResultPassedToTest" fullname="NUnit.Framework.Attributes.TestCaseAttributeTests.NullableIntegerDivisionWithResultPassedToTest" classname="NUnit.Framework.Attributes.TestCaseAttributeTests" runstate="Runnable" testcasecount="3" result="Passed" start-time="2017-02-21 11:04:45Z" end-time="2017-02-21 11:04:45Z" duration="0.008322" total="3" passed="3" failed="0" warnings="0" inconclusive="0" skipped="0" asserts="3">
              <test-case id="0-2348" name="NullableIntegerDivisionWithResultPassedToTest(12,3,4)" fullname="NUnit.Framework.Attributes.TestCaseAttributeTests.NullableIntegerDivisionWithResultPassedToTest(12,3,4)" methodname="NullableIntegerDivisionWithResultPassedToTest" classname="NUnit.Framework.Attributes.TestCaseAttributeTests" runstate="Runnable" seed="852717696" result="Passed" start-time="2017-02-21 11:04:45Z" end-time="2017-02-21 11:04:45Z" duration="0.000212" asserts="1" />
              <test-case id="0-2349" name="NullableIntegerDivisionWithResultPassedToTest(12,2,6)" fullname="NUnit.Framework.Attributes.TestCaseAttributeTests.NullableIntegerDivisionWithResultPassedToTest(12,2,6)" methodname="NullableIntegerDivisionWithResultPassedToTest" classname="NUnit.Framework.Attributes.TestCaseAttributeTests" runstate="Runnable" seed="1649327177" result="Passed" start-time="2017-02-21 11:04:45Z" end-time="2017-02-21 11:04:45Z" duration="0.000154" asserts="1" />
              <test-case id="0-2350" name="NullableIntegerDivisionWithResultPassedToTest(12,4,3)" fullname="NUnit.Framework.Attributes.TestCaseAttributeTests.NullableIntegerDivisionWithResultPassedToTest(12,4,3)" methodname="NullableIntegerDivisionWithResultPassedToTest" classname="NUnit.Framework.Attributes.TestCaseAttributeTests" runstate="Runnable" seed="385399469" result="Passed" start-time="2017-02-21 11:04:45Z" end-time="2017-02-21 11:04:45Z" duration="0.000027" asserts="1" />
            </test-suite>
            <test-suite type="ParameterizedMethod" id="0-2387" name="NullableSimpleFormalParametersWithArgument" fullname="NUnit.Framework.Attributes.TestCaseAttributeTests.NullableSimpleFormalParametersWithArgument" classname="NUnit.Framework.Attributes.TestCaseAttributeTests" runstate="Runnable" testcasecount="1" result="Passed" start-time="2017-02-21 11:04:45Z" end-time="2017-02-21 11:04:45Z" duration="0.002926" total="1" passed="1" failed="0" warnings="0" inconclusive="0" skipped="0" asserts="1">
              <test-case id="0-2386" name="NullableSimpleFormalParametersWithArgument(1)" fullname="NUnit.Framework.Attributes.TestCaseAttributeTests.NullableSimpleFormalParametersWithArgument(1)" methodname="NullableSimpleFormalParametersWithArgument" classname="NUnit.Framework.Attributes.TestCaseAttributeTests" runstate="Runnable" seed="159853192" result="Passed" start-time="2017-02-21 11:04:45Z" end-time="2017-02-21 11:04:45Z" duration="0.000379" asserts="1" />
            </test-suite>
            <test-suite type="ParameterizedMethod" id="0-2389" name="NullableSimpleFormalParametersWithNullArgument" fullname="NUnit.Framework.Attributes.TestCaseAttributeTests.NullableSimpleFormalParametersWithNullArgument" classname="NUnit.Framework.Attributes.TestCaseAttributeTests" runstate="Runnable" testcasecount="1" result="Passed" start-time="2017-02-21 11:04:45Z" end-time="2017-02-21 11:04:45Z" duration="0.002868" total="1" passed="1" failed="0" warnings="0" inconclusive="0" skipped="0" asserts="1">
              <test-case id="0-2388" name="NullableSimpleFormalParametersWithNullArgument(null)" fullname="NUnit.Framework.Attributes.TestCaseAttributeTests.NullableSimpleFormalParametersWithNullArgument(null)" methodname="NullableSimpleFormalParametersWithNullArgument" classname="NUnit.Framework.Attributes.TestCaseAttributeTests" runstate="Runnable" seed="2093210824" result="Passed" start-time="2017-02-21 11:04:45Z" end-time="2017-02-21 11:04:45Z" duration="0.000289" asserts="1" />
            </test-suite>
            <test-suite type="ParameterizedMethod" id="0-2318" name="ResultCanBeNull" fullname="NUnit.Framework.Attributes.TestCaseAttributeTests.ResultCanBeNull" classname="NUnit.Framework.Attributes.TestCaseAttributeTests" runstate="Runnable" testcasecount="1" result="Passed" start-time="2017-02-21 11:04:45Z" end-time="2017-02-21 11:04:45Z" duration="0.003246" total="1" passed="1" failed="0" warnings="0" inconclusive="0" skipped="0" asserts="1">
              <test-case id="0-2317" name="ResultCanBeNull()" fullname="NUnit.Framework.Attributes.TestCaseAttributeTests.ResultCanBeNull()" methodname="ResultCanBeNull" classname="NUnit.Framework.Attributes.TestCaseAttributeTests" runstate="Runnable" seed="205315939" result="Passed" start-time="2017-02-21 11:04:45Z" end-time="2017-02-21 11:04:45Z" duration="0.000520" asserts="1" />
            </test-suite>
            <test-suite type="ParameterizedMethod" id="0-2338" name="ShouldNotRunAndShouldNotFailInConsoleRunner" fullname="NUnit.Framework.Attributes.TestCaseAttributeTests.ShouldNotRunAndShouldNotFailInConsoleRunner" classname="NUnit.Framework.Attributes.TestCaseAttributeTests" runstate="Runnable" testcasecount="1" result="Passed" start-time="2017-02-21 11:04:45Z" end-time="2017-02-21 11:04:45Z" duration="0.002162" total="1" passed="0" failed="0" warnings="0" inconclusive="0" skipped="1" asserts="0">
              <test-case id="0-2337" name="ShouldNotRunAndShouldNotFailInConsoleRunner(&quot;a&quot;,&quot;b&quot;)" fullname="NUnit.Framework.Attributes.TestCaseAttributeTests.ShouldNotRunAndShouldNotFailInConsoleRunner(&quot;a&quot;,&quot;b&quot;)" methodname="ShouldNotRunAndShouldNotFailInConsoleRunner" classname="NUnit.Framework.Attributes.TestCaseAttributeTests" runstate="Explicit" seed="388872400" result="Skipped" label="Explicit" start-time="2017-02-21 11:04:45Z" end-time="2017-02-21 11:04:45Z" duration="0.000003" asserts="0" />
            </test-suite>
            <test-suite type="ParameterizedMethod" id="0-2381" name="SupportsNullableDateTime" fullname="NUnit.Framework.Attributes.TestCaseAttributeTests.SupportsNullableDateTime" classname="NUnit.Framework.Attributes.TestCaseAttributeTests" runstate="Runnable" testcasecount="1" result="Passed" start-time="2017-02-21 11:04:45Z" end-time="2017-02-21 11:04:45Z" duration="0.002742" total="1" passed="1" failed="0" warnings="0" inconclusive="0" skipped="0" asserts="1">
              <test-case id="0-2380" name="SupportsNullableDateTime(null)" fullname="NUnit.Framework.Attributes.TestCaseAttributeTests.SupportsNullableDateTime(null)" methodname="SupportsNullableDateTime" classname="NUnit.Framework.Attributes.TestCaseAttributeTests" runstate="Runnable" seed="1998976849" result="Passed" start-time="2017-02-21 11:04:45Z" end-time="2017-02-21 11:04:45Z" duration="0.000178" asserts="1" />
            </test-suite>
            <test-suite type="ParameterizedMethod" id="0-2367" name="SupportsNullableDecimal" fullname="NUnit.Framework.Attributes.TestCaseAttributeTests.SupportsNullableDecimal" classname="NUnit.Framework.Attributes.TestCaseAttributeTests" runstate="Runnable" testcasecount="1" result="Passed" start-time="2017-02-21 11:04:45Z" end-time="2017-02-21 11:04:45Z" duration="0.003036" total="1" passed="1" failed="0" warnings="0" inconclusive="0" skipped="0" asserts="1">
              <test-case id="0-2366" name="SupportsNullableDecimal(null)" fullname="NUnit.Framework.Attributes.TestCaseAttributeTests.SupportsNullableDecimal(null)" methodname="SupportsNullableDecimal" classname="NUnit.Framework.Attributes.TestCaseAttributeTests" runstate="Runnable" seed="1606842915" result="Passed" start-time="2017-02-21 11:04:45Z" end-time="2017-02-21 11:04:45Z" duration="0.000422" asserts="1" />
            </test-suite>
            <test-suite type="ParameterizedMethod" id="0-2385" name="SupportsNullableTimeSpan" fullname="NUnit.Framework.Attributes.TestCaseAttributeTests.SupportsNullableTimeSpan" classname="NUnit.Framework.Attributes.TestCaseAttributeTests" runstate="Runnable" testcasecount="1" result="Passed" start-time="2017-02-21 11:04:45Z" end-time="2017-02-21 11:04:45Z" duration="0.003530" total="1" passed="1" failed="0" warnings="0" inconclusive="0" skipped="0" asserts="1">
              <test-case id="0-2384" name="SupportsNullableTimeSpan(null)" fullname="NUnit.Framework.Attributes.TestCaseAttributeTests.SupportsNullableTimeSpan(null)" methodname="SupportsNullableTimeSpan" classname="NUnit.Framework.Attributes.TestCaseAttributeTests" runstate="Runnable" seed="1317848836" result="Passed" start-time="2017-02-21 11:04:45Z" end-time="2017-02-21 11:04:45Z" duration="0.000201" asserts="1" />
            </test-suite>
            <test-suite type="ParameterizedMethod" id="0-2301" name="TestCaseRunnableState" fullname="NUnit.Framework.Attributes.TestCaseAttributeTests.TestCaseRunnableState" classname="NUnit.Framework.Attributes.TestCaseAttributeTests" runstate="Runnable" testcasecount="3" result="Passed" start-time="2017-02-21 11:04:45Z" end-time="2017-02-21 11:04:45Z" duration="0.010944" total="3" passed="3" failed="0" warnings="0" inconclusive="0" skipped="0" asserts="6">
              <test-case id="0-2298" name="TestCaseRunnableState(&quot;MethodCausesConversionOverflow&quot;,NotRunnable)" fullname="NUnit.Framework.Attributes.TestCaseAttributeTests.TestCaseRunnableState(&quot;MethodCausesConversionOverflow&quot;,NotRunnable)" methodname="TestCaseRunnableState" classname="NUnit.Framework.Attributes.TestCaseAttributeTests" runstate="Runnable" seed="1395246881" result="Passed" start-time="2017-02-21 11:04:45Z" end-time="2017-02-21 11:04:45Z" duration="0.002448" asserts="2" />
              <test-case id="0-2299" name="TestCaseRunnableState(&quot;VoidTestCaseWithExpectedResult&quot;,NotRunnable)" fullname="NUnit.Framework.Attributes.TestCaseAttributeTests.TestCaseRunnableState(&quot;VoidTestCaseWithExpectedResult&quot;,NotRunnable)" methodname="TestCaseRunnableState" classname="NUnit.Framework.Attributes.TestCaseAttributeTests" runstate="Runnable" seed="557095318" result="Passed" start-time="2017-02-21 11:04:45Z" end-time="2017-02-21 11:04:45Z" duration="0.000138" asserts="2" />
              <test-case id="0-2300" name="TestCaseRunnableState(&quot;TestCaseWithNullableReturnValueAndNullExpectedResult&quot;,Runnable)" fullname="NUnit.Framework.Attributes.TestCaseAttributeTests.TestCaseRunnableState(&quot;TestCaseWithNullableReturnValueAndNullExpectedResult&quot;,Runnable)" methodname="TestCaseRunnableState" classname="NUnit.Framework.Attributes.TestCaseAttributeTests" runstate="Runnable" seed="1953056917" result="Passed" start-time="2017-02-21 11:04:45Z" end-time="2017-02-21 11:04:45Z" duration="0.000182" asserts="2" />
            </test-suite>
            <test-suite type="ParameterizedMethod" id="0-2392" name="TestCaseWithNullableReturnValue" fullname="NUnit.Framework.Attributes.TestCaseAttributeTests.TestCaseWithNullableReturnValue" classname="NUnit.Framework.Attributes.TestCaseAttributeTests" runstate="Runnable" testcasecount="2" result="Passed" start-time="2017-02-21 11:04:45Z" end-time="2017-02-21 11:04:45Z" duration="0.007167" total="2" passed="2" failed="0" warnings="0" inconclusive="0" skipped="0" asserts="2">
              <test-case id="0-2390" name="TestCaseWithNullableReturnValue(null)" fullname="NUnit.Framework.Attributes.TestCaseAttributeTests.TestCaseWithNullableReturnValue(null)" methodname="TestCaseWithNullableReturnValue" classname="NUnit.Framework.Attributes.TestCaseAttributeTests" runstate="Runnable" seed="1172786496" result="Passed" start-time="2017-02-21 11:04:45Z" end-time="2017-02-21 11:04:45Z" duration="0.000309" asserts="1" />
              <test-case id="0-2391" name="TestCaseWithNullableReturnValue(1)" fullname="NUnit.Framework.Attributes.TestCaseAttributeTests.TestCaseWithNullableReturnValue(1)" methodname="TestCaseWithNullableReturnValue" classname="NUnit.Framework.Attributes.TestCaseAttributeTests" runstate="Runnable" seed="1141908170" result="Passed" start-time="2017-02-21 11:04:45Z" end-time="2017-02-21 11:04:45Z" duration="0.000036" asserts="1" />
            </test-suite>
            <test-suite type="GenericMethod" id="0-2396" name="TestWithAsyncGenericReturnType" fullname="NUnit.Framework.Attributes.TestCaseAttributeTests.TestWithAsyncGenericReturnType" classname="NUnit.Framework.Attributes.TestCaseAttributeTests" runstate="Runnable" testcasecount="1" result="Passed" start-time="2017-02-21 11:04:45Z" end-time="2017-02-21 11:04:45Z" duration="0.007533" total="1" passed="1" failed="0" warnings="0" inconclusive="0" skipped="0" asserts="1">
              <test-case id="0-2395" name="TestWithAsyncGenericReturnType&lt;Int32&gt;(1)" fullname="NUnit.Framework.Attributes.TestCaseAttributeTests.TestWithAsyncGenericReturnType&lt;Int32&gt;(1)" methodname="TestWithAsyncGenericReturnType" classname="NUnit.Framework.Attributes.TestCaseAttributeTests" runstate="Runnable" seed="354936370" result="Passed" start-time="2017-02-21 11:04:45Z" end-time="2017-02-21 11:04:45Z" duration="0.002179" asserts="1" />
            </test-suite>
            <test-suite type="GenericMethod" id="0-2394" name="TestWithGenericReturnType" fullname="NUnit.Framework.Attributes.TestCaseAttributeTests.TestWithGenericReturnType" classname="NUnit.Framework.Attributes.TestCaseAttributeTests" runstate="Runnable" testcasecount="1" result="Passed" start-time="2017-02-21 11:04:45Z" end-time="2017-02-21 11:04:45Z" duration="0.003127" total="1" passed="1" failed="0" warnings="0" inconclusive="0" skipped="0" asserts="1">
              <test-case id="0-2393" name="TestWithGenericReturnType&lt;Int32&gt;(1)" fullname="NUnit.Framework.Attributes.TestCaseAttributeTests.TestWithGenericReturnType&lt;Int32&gt;(1)" methodname="TestWithGenericReturnType" classname="NUnit.Framework.Attributes.TestCaseAttributeTests" runstate="Runnable" seed="742801093" result="Passed" start-time="2017-02-21 11:04:45Z" end-time="2017-02-21 11:04:45Z" duration="0.000188" asserts="1" />
            </test-suite>
          </test-suite>
          <test-suite type="TestFixture" id="0-2625" name="ValueSourceTests" fullname="NUnit.Framework.Attributes.ValueSourceTests" classname="NUnit.Framework.Attributes.ValueSourceTests" runstate="Runnable" testcasecount="19" result="Passed" start-time="2017-02-21 11:04:45Z" end-time="2017-02-21 11:04:45Z" duration="0.074287" total="19" passed="18" failed="0" warnings="0" inconclusive="0" skipped="1" asserts="22">
            <test-suite type="ParameterizedMethod" id="0-2640" name="MultipleArguments" fullname="NUnit.Framework.Attributes.ValueSourceTests.MultipleArguments" classname="NUnit.Framework.Attributes.ValueSourceTests" runstate="Runnable" testcasecount="3" result="Passed" start-time="2017-02-21 11:04:45Z" end-time="2017-02-21 11:04:45Z" duration="0.007601" total="3" passed="3" failed="0" warnings="0" inconclusive="0" skipped="0" asserts="3">
              <properties>
                <property name="_JOINTYPE" value="Sequential" />
              </properties>
              <test-case id="0-2637" name="MultipleArguments(12,3,4)" fullname="NUnit.Framework.Attributes.ValueSourceTests.MultipleArguments(12,3,4)" methodname="MultipleArguments" classname="NUnit.Framework.Attributes.ValueSourceTests" runstate="Runnable" seed="1012592048" result="Passed" start-time="2017-02-21 11:04:45Z" end-time="2017-02-21 11:04:45Z" duration="0.000130" asserts="1" />
              <test-case id="0-2638" name="MultipleArguments(12,4,3)" fullname="NUnit.Framework.Attributes.ValueSourceTests.MultipleArguments(12,4,3)" methodname="MultipleArguments" classname="NUnit.Framework.Attributes.ValueSourceTests" runstate="Runnable" seed="1066736706" result="Passed" start-time="2017-02-21 11:04:45Z" end-time="2017-02-21 11:04:45Z" duration="0.000181" asserts="1" />
              <test-case id="0-2639" name="MultipleArguments(12,6,2)" fullname="NUnit.Framework.Attributes.ValueSourceTests.MultipleArguments(12,6,2)" methodname="MultipleArguments" classname="NUnit.Framework.Attributes.ValueSourceTests" runstate="Runnable" seed="303750521" result="Passed" start-time="2017-02-21 11:04:45Z" end-time="2017-02-21 11:04:45Z" duration="0.000039" asserts="1" />
            </test-suite>
            <test-case id="0-2652" name="ValueSourceAttributeShouldThrowInsteadOfReturningNull" fullname="NUnit.Framework.Attributes.ValueSourceTests.ValueSourceAttributeShouldThrowInsteadOfReturningNull" methodname="ValueSourceAttributeShouldThrowInsteadOfReturningNull" classname="NUnit.Framework.Attributes.ValueSourceTests" runstate="Runnable" seed="284265140" result="Passed" start-time="2017-02-21 11:04:45Z" end-time="2017-02-21 11:04:45Z" duration="0.000913" asserts="5" />
            <test-suite type="ParameterizedMethod" id="0-2629" name="ValueSourceCanBeInheritedStaticProperty" fullname="NUnit.Framework.Attributes.ValueSourceTests.ValueSourceCanBeInheritedStaticProperty" classname="NUnit.Framework.Attributes.ValueSourceTests" runstate="Runnable" testcasecount="1" result="Passed" start-time="2017-02-21 11:04:45Z" end-time="2017-02-21 11:04:45Z" duration="0.006506" total="1" passed="1" failed="0" warnings="0" inconclusive="0" skipped="0" asserts="1">
              <test-case id="0-2628" name="ValueSourceCanBeInheritedStaticProperty(True)" fullname="NUnit.Framework.Attributes.ValueSourceTests.ValueSourceCanBeInheritedStaticProperty(True)" methodname="ValueSourceCanBeInheritedStaticProperty" classname="NUnit.Framework.Attributes.ValueSourceTests" runstate="Runnable" seed="2040558941" result="Passed" start-time="2017-02-21 11:04:45Z" end-time="2017-02-21 11:04:45Z" duration="0.000161" asserts="1" />
            </test-suite>
            <test-suite type="ParameterizedMethod" id="0-2635" name="ValueSourceCanBeStaticField" fullname="NUnit.Framework.Attributes.ValueSourceTests.ValueSourceCanBeStaticField" classname="NUnit.Framework.Attributes.ValueSourceTests" runstate="Runnable" testcasecount="1" result="Passed" start-time="2017-02-21 11:04:45Z" end-time="2017-02-21 11:04:45Z" duration="0.003008" total="1" passed="1" failed="0" warnings="0" inconclusive="0" skipped="0" asserts="1">
              <test-case id="0-2634" name="ValueSourceCanBeStaticField(&quot;StaticField&quot;)" fullname="NUnit.Framework.Attributes.ValueSourceTests.ValueSourceCanBeStaticField(&quot;StaticField&quot;)" methodname="ValueSourceCanBeStaticField" classname="NUnit.Framework.Attributes.ValueSourceTests" runstate="Runnable" seed="1956868125" result="Passed" start-time="2017-02-21 11:04:45Z" end-time="2017-02-21 11:04:45Z" duration="0.000121" asserts="1" />
            </test-suite>
            <test-suite type="ParameterizedMethod" id="0-2632" name="ValueSourceCanBeStaticMethod" fullname="NUnit.Framework.Attributes.ValueSourceTests.ValueSourceCanBeStaticMethod" classname="NUnit.Framework.Attributes.ValueSourceTests" runstate="Runnable" testcasecount="1" result="Passed" start-time="2017-02-21 11:04:45Z" end-time="2017-02-21 11:04:45Z" duration="0.002866" total="1" passed="1" failed="0" warnings="0" inconclusive="0" skipped="0" asserts="1">
              <test-case id="0-2631" name="ValueSourceCanBeStaticMethod(&quot;StaticMethod&quot;)" fullname="NUnit.Framework.Attributes.ValueSourceTests.ValueSourceCanBeStaticMethod(&quot;StaticMethod&quot;)" methodname="ValueSourceCanBeStaticMethod" classname="NUnit.Framework.Attributes.ValueSourceTests" runstate="Runnable" seed="803994055" result="Passed" start-time="2017-02-21 11:04:45Z" end-time="2017-02-21 11:04:45Z" duration="0.000267" asserts="1" />
            </test-suite>
            <test-suite type="ParameterizedMethod" id="0-2627" name="ValueSourceCanBeStaticProperty" fullname="NUnit.Framework.Attributes.ValueSourceTests.ValueSourceCanBeStaticProperty" classname="NUnit.Framework.Attributes.ValueSourceTests" runstate="Runnable" testcasecount="1" result="Passed" start-time="2017-02-21 11:04:45Z" end-time="2017-02-21 11:04:45Z" duration="0.002826" total="1" passed="1" failed="0" warnings="0" inconclusive="0" skipped="0" asserts="1">
              <test-case id="0-2626" name="ValueSourceCanBeStaticProperty(&quot;StaticProperty&quot;)" fullname="NUnit.Framework.Attributes.ValueSourceTests.ValueSourceCanBeStaticProperty(&quot;StaticProperty&quot;)" methodname="ValueSourceCanBeStaticProperty" classname="NUnit.Framework.Attributes.ValueSourceTests" runstate="Runnable" seed="494353268" result="Passed" start-time="2017-02-21 11:04:45Z" end-time="2017-02-21 11:04:45Z" duration="0.000299" asserts="1" />
            </test-suite>
            <test-suite type="ParameterizedMethod" id="0-2649" name="ValueSourceMayBeGeneric" fullname="NUnit.Framework.Attributes.ValueSourceTests.ValueSourceMayBeGeneric" classname="NUnit.Framework.Attributes.ValueSourceTests" runstate="Runnable" testcasecount="4" result="Passed" start-time="2017-02-21 11:04:45Z" end-time="2017-02-21 11:04:45Z" duration="0.010065" total="4" passed="4" failed="0" warnings="0" inconclusive="0" skipped="0" asserts="4">
              <test-case id="0-2645" name="ValueSourceMayBeGeneric(1)" fullname="NUnit.Framework.Attributes.ValueSourceTests.ValueSourceMayBeGeneric(1)" methodname="ValueSourceMayBeGeneric" classname="NUnit.Framework.Attributes.ValueSourceTests" runstate="Runnable" seed="678723819" result="Passed" start-time="2017-02-21 11:04:45Z" end-time="2017-02-21 11:04:45Z" duration="0.000136" asserts="1" />
              <test-case id="0-2646" name="ValueSourceMayBeGeneric(2)" fullname="NUnit.Framework.Attributes.ValueSourceTests.ValueSourceMayBeGeneric(2)" methodname="ValueSourceMayBeGeneric" classname="NUnit.Framework.Attributes.ValueSourceTests" runstate="Runnable" seed="1601722200" result="Passed" start-time="2017-02-21 11:04:45Z" end-time="2017-02-21 11:04:45Z" duration="0.000059" asserts="1" />
              <test-case id="0-2647" name="ValueSourceMayBeGeneric(4)" fullname="NUnit.Framework.Attributes.ValueSourceTests.ValueSourceMayBeGeneric(4)" methodname="ValueSourceMayBeGeneric" classname="NUnit.Framework.Attributes.ValueSourceTests" runstate="Runnable" seed="2033235171" result="Passed" start-time="2017-02-21 11:04:45Z" end-time="2017-02-21 11:04:45Z" duration="0.000085" asserts="1" />
              <test-case id="0-2648" name="ValueSourceMayBeGeneric(8)" fullname="NUnit.Framework.Attributes.ValueSourceTests.ValueSourceMayBeGeneric(8)" methodname="ValueSourceMayBeGeneric" classname="NUnit.Framework.Attributes.ValueSourceTests" runstate="Runnable" seed="366892887" result="Passed" start-time="2017-02-21 11:04:45Z" end-time="2017-02-21 11:04:45Z" duration="0.000059" asserts="1" />
            </test-suite>
            <test-suite type="ParameterizedMethod" id="0-2644" name="ValueSourceMayBeInAnotherClass" fullname="NUnit.Framework.Attributes.ValueSourceTests.ValueSourceMayBeInAnotherClass" classname="NUnit.Framework.Attributes.ValueSourceTests" runstate="Runnable" testcasecount="3" result="Passed" start-time="2017-02-21 11:04:45Z" end-time="2017-02-21 11:04:45Z" duration="0.010607" total="3" passed="3" failed="0" warnings="0" inconclusive="0" skipped="0" asserts="3">
              <properties>
                <property name="_JOINTYPE" value="Sequential" />
              </properties>
              <test-case id="0-2641" name="ValueSourceMayBeInAnotherClass(12,3,4)" fullname="NUnit.Framework.Attributes.ValueSourceTests.ValueSourceMayBeInAnotherClass(12,3,4)" methodname="ValueSourceMayBeInAnotherClass" classname="NUnit.Framework.Attributes.ValueSourceTests" runstate="Runnable" seed="61034560" result="Passed" start-time="2017-02-21 11:04:45Z" end-time="2017-02-21 11:04:45Z" duration="0.002897" asserts="1" />
              <test-case id="0-2642" name="ValueSourceMayBeInAnotherClass(12,4,3)" fullname="NUnit.Framework.Attributes.ValueSourceTests.ValueSourceMayBeInAnotherClass(12,4,3)" methodname="ValueSourceMayBeInAnotherClass" classname="NUnit.Framework.Attributes.ValueSourceTests" runstate="Runnable" seed="1108961814" result="Passed" start-time="2017-02-21 11:04:45Z" end-time="2017-02-21 11:04:45Z" duration="0.000050" asserts="1" />
              <test-case id="0-2643" name="ValueSourceMayBeInAnotherClass(12,6,2)" fullname="NUnit.Framework.Attributes.ValueSourceTests.ValueSourceMayBeInAnotherClass(12,6,2)" methodname="ValueSourceMayBeInAnotherClass" classname="NUnit.Framework.Attributes.ValueSourceTests" runstate="Runnable" seed="733397172" result="Passed" start-time="2017-02-21 11:04:45Z" end-time="2017-02-21 11:04:45Z" duration="0.000038" asserts="1" />
            </test-suite>
            <test-case id="0-2636" name="ValueSourceMayNotBeInstanceField" fullname="NUnit.Framework.Attributes.ValueSourceTests.ValueSourceMayNotBeInstanceField" methodname="ValueSourceMayNotBeInstanceField" classname="NUnit.Framework.Attributes.ValueSourceTests" runstate="Runnable" seed="498642885" result="Passed" start-time="2017-02-21 11:04:45Z" end-time="2017-02-21 11:04:45Z" duration="0.000456" asserts="1" />
            <test-case id="0-2633" name="ValueSourceMayNotBeInstanceMethod" fullname="NUnit.Framework.Attributes.ValueSourceTests.ValueSourceMayNotBeInstanceMethod" methodname="ValueSourceMayNotBeInstanceMethod" classname="NUnit.Framework.Attributes.ValueSourceTests" runstate="Runnable" seed="1009795201" result="Passed" start-time="2017-02-21 11:04:45Z" end-time="2017-02-21 11:04:45Z" duration="0.000342" asserts="1" />
            <test-case id="0-2630" name="ValueSourceMayNotBeInstanceProperty" fullname="NUnit.Framework.Attributes.ValueSourceTests.ValueSourceMayNotBeInstanceProperty" methodname="ValueSourceMayNotBeInstanceProperty" classname="NUnit.Framework.Attributes.ValueSourceTests" runstate="Runnable" seed="460053111" result="Passed" start-time="2017-02-21 11:04:45Z" end-time="2017-02-21 11:04:45Z" duration="0.000390" asserts="1" />
            <test-suite type="ParameterizedMethod" id="0-2651" name="ValueSourceMayNotBeNull" fullname="NUnit.Framework.Attributes.ValueSourceTests.ValueSourceMayNotBeNull" classname="NUnit.Framework.Attributes.ValueSourceTests" runstate="Explicit" testcasecount="1" result="Skipped" label="Explicit" site="SetUp" start-time="2017-02-21 11:04:45Z" end-time="2017-02-21 11:04:45Z" duration="0.001157" total="1" passed="0" failed="0" warnings="0" inconclusive="0" skipped="1" asserts="0">
              <properties>
                <property name="_SKIPREASON" value="Null or nonexisting data sources definitions should not prevent other tests from run #1121" />
              </properties>
              <reason>
                <message><![CDATA[Null or nonexisting data sources definitions should not prevent other tests from run #1121]]></message>
              </reason>
              <test-case id="0-2650" name="ValueSourceMayNotBeNull" fullname="NUnit.Framework.Attributes.ValueSourceTests.ValueSourceMayNotBeNull" methodname="ValueSourceMayNotBeNull" classname="NUnit.Framework.Attributes.ValueSourceTests" runstate="NotRunnable" seed="1524342765" result="Skipped" label="Explicit" site="Parent" start-time="0001-01-01 00:00:00Z" end-time="0001-01-01 00:00:00Z" duration="0.000000" asserts="0">
                <properties>
                  <property name="_SKIPREASON" value="The sourceName specified on a ValueSourceAttribute must refer to a non null static field, property or method." />
                </properties>
                <reason>
                  <message><![CDATA[OneTimeSetUp: Null or nonexisting data sources definitions should not prevent other tests from run #1121]]></message>
                </reason>
              </test-case>
            </test-suite>
          </test-suite>
          <test-suite type="TestFixture" id="0-2043" name="MaxTimeTests" fullname="NUnit.Framework.Attributes.MaxTimeTests" classname="NUnit.Framework.Attributes.MaxTimeTests" runstate="Runnable" testcasecount="6" result="Passed" start-time="2017-02-21 11:05:02Z" end-time="2017-02-21 11:05:02Z" duration="0.107287" total="6" passed="6" failed="0" warnings="0" inconclusive="0" skipped="0" asserts="1">
            <properties>
              <property name="ParallelScope" value="None" />
            </properties>
            <test-case id="0-2049" name="ErrorReportHasPriorityOverMaxTime" fullname="NUnit.Framework.Attributes.MaxTimeTests.ErrorReportHasPriorityOverMaxTime" methodname="ErrorReportHasPriorityOverMaxTime" classname="NUnit.Framework.Attributes.MaxTimeTests" runstate="Runnable" seed="1376016992" result="Passed" start-time="2017-02-21 11:05:02Z" end-time="2017-02-21 11:05:02Z" duration="0.021318" asserts="0" />
            <test-case id="0-2047" name="FailureReport" fullname="NUnit.Framework.Attributes.MaxTimeTests.FailureReport" methodname="FailureReport" classname="NUnit.Framework.Attributes.MaxTimeTests" runstate="Runnable" seed="474932953" result="Passed" start-time="2017-02-21 11:05:02Z" end-time="2017-02-21 11:05:02Z" duration="0.003583" asserts="1">
              <properties>
                <property name="MaxTime" value="1000" />
              </properties>
            </test-case>
            <test-case id="0-2048" name="FailureReportHasPriorityOverMaxTime" fullname="NUnit.Framework.Attributes.MaxTimeTests.FailureReportHasPriorityOverMaxTime" methodname="FailureReportHasPriorityOverMaxTime" classname="NUnit.Framework.Attributes.MaxTimeTests" runstate="Runnable" seed="2122676972" result="Passed" start-time="2017-02-21 11:05:02Z" end-time="2017-02-21 11:05:02Z" duration="0.025121" asserts="0" />
            <test-case id="0-2045" name="MaxTimeExceeded" fullname="NUnit.Framework.Attributes.MaxTimeTests.MaxTimeExceeded" methodname="MaxTimeExceeded" classname="NUnit.Framework.Attributes.MaxTimeTests" runstate="Runnable" seed="1618958762" result="Passed" start-time="2017-02-21 11:05:02Z" end-time="2017-02-21 11:05:02Z" duration="0.020965" asserts="0" />
            <test-case id="0-2046" name="MaxTimeExceededOnTestCase" fullname="NUnit.Framework.Attributes.MaxTimeTests.MaxTimeExceededOnTestCase" methodname="MaxTimeExceededOnTestCase" classname="NUnit.Framework.Attributes.MaxTimeTests" runstate="Runnable" seed="439694294" result="Passed" start-time="2017-02-21 11:05:02Z" end-time="2017-02-21 11:05:02Z" duration="0.021081" asserts="0" />
            <test-case id="0-2044" name="MaxTimeNotExceeded" fullname="NUnit.Framework.Attributes.MaxTimeTests.MaxTimeNotExceeded" methodname="MaxTimeNotExceeded" classname="NUnit.Framework.Attributes.MaxTimeTests" runstate="Runnable" seed="688448422" result="Passed" start-time="2017-02-21 11:05:02Z" end-time="2017-02-21 11:05:02Z" duration="0.000116" asserts="0">
              <properties>
                <property name="MaxTime" value="1000" />
              </properties>
            </test-case>
          </test-suite>
          <test-suite type="TestFixture" id="0-2589" name="TimeoutTests" fullname="NUnit.Framework.Attributes.TimeoutTests" classname="NUnit.Framework.Attributes.TimeoutTests" runstate="Runnable" testcasecount="10" result="Passed" start-time="2017-02-21 11:05:02Z" end-time="2017-02-21 11:05:02Z" duration="0.235103" total="10" passed="7" failed="0" warnings="0" inconclusive="0" skipped="3" asserts="12">
            <properties>
              <property name="ParallelScope" value="None" />
            </properties>
            <test-case id="0-2593" name="SetUpTimesOutAndTearDownIsRun" fullname="NUnit.Framework.Attributes.TimeoutTests.SetUpTimesOutAndTearDownIsRun" methodname="SetUpTimesOutAndTearDownIsRun" classname="NUnit.Framework.Attributes.TimeoutTests" runstate="Runnable" seed="1626920678" result="Passed" start-time="2017-02-21 11:05:02Z" end-time="2017-02-21 11:05:02Z" duration="0.051519" asserts="3" />
            <test-suite type="ParameterizedMethod" id="0-2600" name="TestCaseDefaultsToRunningEverythingOnSameThread" fullname="NUnit.Framework.Attributes.TimeoutTests.TestCaseDefaultsToRunningEverythingOnSameThread" classname="NUnit.Framework.Attributes.ThreadingTests" runstate="Runnable" testcasecount="1" result="Passed" start-time="2017-02-21 11:05:02Z" end-time="2017-02-21 11:05:02Z" duration="0.002980" total="1" passed="1" failed="0" warnings="0" inconclusive="0" skipped="0" asserts="2">
              <test-case id="0-2599" name="TestCaseDefaultsToRunningEverythingOnSameThread(5)" fullname="NUnit.Framework.Attributes.TimeoutTests.TestCaseDefaultsToRunningEverythingOnSameThread(5)" methodname="TestCaseDefaultsToRunningEverythingOnSameThread" classname="NUnit.Framework.Attributes.ThreadingTests" runstate="Runnable" seed="1259884328" result="Passed" start-time="2017-02-21 11:05:02Z" end-time="2017-02-21 11:05:02Z" duration="0.000083" asserts="2" />
            </test-suite>
            <test-case id="0-2598" name="TestDefaultsToRunningEverythingOnSameThread" fullname="NUnit.Framework.Attributes.TimeoutTests.TestDefaultsToRunningEverythingOnSameThread" methodname="TestDefaultsToRunningEverythingOnSameThread" classname="NUnit.Framework.Attributes.ThreadingTests" runstate="Runnable" seed="552053029" result="Passed" start-time="2017-02-21 11:05:02Z" end-time="2017-02-21 11:05:02Z" duration="0.000049" asserts="2" />
            <test-case id="0-2596" name="TestTimeOutElapsed" fullname="NUnit.Framework.Attributes.TimeoutTests.TestTimeOutElapsed" methodname="TestTimeOutElapsed" classname="NUnit.Framework.Attributes.TimeoutTests" runstate="Runnable" seed="342017023" result="Passed" start-time="2017-02-21 11:05:02Z" end-time="2017-02-21 11:05:02Z" duration="0.101094" asserts="2" />
            <test-case id="0-2595" name="TestTimeOutNotElapsed" fullname="NUnit.Framework.Attributes.TimeoutTests.TestTimeOutNotElapsed" methodname="TestTimeOutNotElapsed" classname="NUnit.Framework.Attributes.TimeoutTests" runstate="Runnable" seed="1990665616" result="Passed" start-time="2017-02-21 11:05:02Z" end-time="2017-02-21 11:05:02Z" duration="0.051464" asserts="1" />
            <test-case id="0-2597" name="TestTimeOutTestCaseWithOutElapsed" fullname="NUnit.Framework.Attributes.TimeoutTests.TestTimeOutTestCaseWithOutElapsed" methodname="TestTimeOutTestCaseWithOutElapsed" classname="NUnit.Framework.Attributes.TimeoutTests" runstate="Explicit" seed="27230275" result="Skipped" label="Explicit" start-time="2017-02-21 11:05:02Z" end-time="2017-02-21 11:05:02Z" duration="0.000008" asserts="0">
              <properties>
                <property name="_SKIPREASON" value="Timing issue" />
              </properties>
              <reason>
                <message><![CDATA[Timing issue]]></message>
              </reason>
            </test-case>
            <test-case id="0-2592" name="TestTimesOutAndTearDownIsRun" fullname="NUnit.Framework.Attributes.TimeoutTests.TestTimesOutAndTearDownIsRun" methodname="TestTimesOutAndTearDownIsRun" classname="NUnit.Framework.Attributes.TimeoutTests" runstate="Skipped" seed="1262512488" result="Skipped" start-time="2017-02-21 11:05:02Z" end-time="2017-02-21 11:05:02Z" duration="0.000009" asserts="0">
              <properties>
                <property name="_SKIPREASON" value="Not supported on Mono" />
              </properties>
              <reason>
                <message><![CDATA[Not supported on Mono]]></message>
              </reason>
            </test-case>
            <test-case id="0-2590" name="TestWithTimeoutRunsOnSeparateThread" fullname="NUnit.Framework.Attributes.TimeoutTests.TestWithTimeoutRunsOnSeparateThread" methodname="TestWithTimeoutRunsOnSeparateThread" classname="NUnit.Framework.Attributes.TimeoutTests" runstate="Runnable" seed="1654516201" result="Passed" start-time="2017-02-21 11:05:02Z" end-time="2017-02-21 11:05:02Z" duration="0.000334" asserts="1">
              <properties>
                <property name="Timeout" value="50" />
              </properties>
            </test-case>
            <test-case id="0-2591" name="TestWithTimeoutRunsSetUpAndTestOnSameThread" fullname="NUnit.Framework.Attributes.TimeoutTests.TestWithTimeoutRunsSetUpAndTestOnSameThread" methodname="TestWithTimeoutRunsSetUpAndTestOnSameThread" classname="NUnit.Framework.Attributes.TimeoutTests" runstate="Runnable" seed="57601958" result="Passed" start-time="2017-02-21 11:05:02Z" end-time="2017-02-21 11:05:02Z" duration="0.000455" asserts="1">
              <properties>
                <property name="Timeout" value="50" />
              </properties>
            </test-case>
            <test-case id="0-2594" name="TimeoutCanBeSetOnTestFixture" fullname="NUnit.Framework.Attributes.TimeoutTests.TimeoutCanBeSetOnTestFixture" methodname="TimeoutCanBeSetOnTestFixture" classname="NUnit.Framework.Attributes.TimeoutTests" runstate="Skipped" seed="1720481463" result="Skipped" start-time="2017-02-21 11:05:02Z" end-time="2017-02-21 11:05:02Z" duration="0.000014" asserts="0">
              <properties>
                <property name="_SKIPREASON" value="Not supported on Mono" />
              </properties>
              <reason>
                <message><![CDATA[Not supported on Mono]]></message>
              </reason>
            </test-case>
          </test-suite>
        </test-suite>
        <test-suite type="TestSuite" id="0-5529" name="Constraints" fullname="NUnit.Framework.Constraints" runstate="Runnable" testcasecount="1036" result="Passed" start-time="2017-02-21 11:04:43Z" end-time="2017-02-21 11:05:08Z" duration="25.455584" total="1036" passed="935" failed="0" warnings="0" inconclusive="100" skipped="1" asserts="1059">
          <test-suite type="TestFixture" id="0-2751" name="AllItemsConstraintTests" fullname="NUnit.Framework.Constraints.AllItemsConstraintTests" classname="NUnit.Framework.Constraints.AllItemsConstraintTests" runstate="Runnable" testcasecount="9" result="Passed" start-time="2017-02-21 11:04:45Z" end-time="2017-02-21 11:04:45Z" duration="0.042751" total="9" passed="9" failed="0" warnings="0" inconclusive="0" skipped="0" asserts="15">
            <test-case id="0-2754" name="AllItemsAreInRange" fullname="NUnit.Framework.Constraints.AllItemsConstraintTests.AllItemsAreInRange" methodname="AllItemsAreInRange" classname="NUnit.Framework.Constraints.AllItemsConstraintTests" runstate="Runnable" seed="1757161542" result="Passed" start-time="2017-02-21 11:04:45Z" end-time="2017-02-21 11:04:45Z" duration="0.000383" asserts="1" />
            <test-case id="0-2756" name="AllItemsAreInRange_UsingGenericComparer" fullname="NUnit.Framework.Constraints.AllItemsConstraintTests.AllItemsAreInRange_UsingGenericComparer" methodname="AllItemsAreInRange_UsingGenericComparer" classname="NUnit.Framework.Constraints.AllItemsConstraintTests" runstate="Runnable" seed="1332039129" result="Passed" start-time="2017-02-21 11:04:45Z" end-time="2017-02-21 11:04:45Z" duration="0.001043" asserts="2" />
            <test-case id="0-2757" name="AllItemsAreInRange_UsingGenericComparison" fullname="NUnit.Framework.Constraints.AllItemsConstraintTests.AllItemsAreInRange_UsingGenericComparison" methodname="AllItemsAreInRange_UsingGenericComparison" classname="NUnit.Framework.Constraints.AllItemsConstraintTests" runstate="Runnable" seed="594629234" result="Passed" start-time="2017-02-21 11:04:45Z" end-time="2017-02-21 11:04:45Z" duration="0.001527" asserts="2" />
            <test-case id="0-2755" name="AllItemsAreInRange_UsingIComparer" fullname="NUnit.Framework.Constraints.AllItemsConstraintTests.AllItemsAreInRange_UsingIComparer" methodname="AllItemsAreInRange_UsingIComparer" classname="NUnit.Framework.Constraints.AllItemsConstraintTests" runstate="Runnable" seed="1181748342" result="Passed" start-time="2017-02-21 11:04:45Z" end-time="2017-02-21 11:04:45Z" duration="0.000819" asserts="2" />
            <test-case id="0-2758" name="AllItemsAreInRangeFailureMessage" fullname="NUnit.Framework.Constraints.AllItemsConstraintTests.AllItemsAreInRangeFailureMessage" methodname="AllItemsAreInRangeFailureMessage" classname="NUnit.Framework.Constraints.AllItemsConstraintTests" runstate="Runnable" seed="1251075758" result="Passed" start-time="2017-02-21 11:04:45Z" end-time="2017-02-21 11:04:45Z" duration="0.004379" asserts="2" />
            <test-case id="0-2759" name="AllItemsAreInstancesOfType" fullname="NUnit.Framework.Constraints.AllItemsConstraintTests.AllItemsAreInstancesOfType" methodname="AllItemsAreInstancesOfType" classname="NUnit.Framework.Constraints.AllItemsConstraintTests" runstate="Runnable" seed="1744323829" result="Passed" start-time="2017-02-21 11:04:45Z" end-time="2017-02-21 11:04:45Z" duration="0.000434" asserts="1" />
            <test-case id="0-2760" name="AllItemsAreInstancesOfTypeFailureMessage" fullname="NUnit.Framework.Constraints.AllItemsConstraintTests.AllItemsAreInstancesOfTypeFailureMessage" methodname="AllItemsAreInstancesOfTypeFailureMessage" classname="NUnit.Framework.Constraints.AllItemsConstraintTests" runstate="Runnable" seed="517497998" result="Passed" start-time="2017-02-21 11:04:45Z" end-time="2017-02-21 11:04:45Z" duration="0.003989" asserts="2" />
            <test-case id="0-2752" name="AllItemsAreNotNull" fullname="NUnit.Framework.Constraints.AllItemsConstraintTests.AllItemsAreNotNull" methodname="AllItemsAreNotNull" classname="NUnit.Framework.Constraints.AllItemsConstraintTests" runstate="Runnable" seed="915213790" result="Passed" start-time="2017-02-21 11:04:45Z" end-time="2017-02-21 11:04:45Z" duration="0.000473" asserts="1" />
            <test-case id="0-2753" name="AllItemsAreNotNullFails" fullname="NUnit.Framework.Constraints.AllItemsConstraintTests.AllItemsAreNotNullFails" methodname="AllItemsAreNotNullFails" classname="NUnit.Framework.Constraints.AllItemsConstraintTests" runstate="Runnable" seed="1076502395" result="Passed" start-time="2017-02-21 11:04:45Z" end-time="2017-02-21 11:04:45Z" duration="0.003999" asserts="2" />
          </test-suite>
          <test-suite type="TestFixture" id="0-2761" name="AndConstraintTests" fullname="NUnit.Framework.Constraints.AndConstraintTests" classname="NUnit.Framework.Constraints.AndConstraintTests" runstate="Runnable" testcasecount="7" result="Passed" start-time="2017-02-21 11:04:45Z" end-time="2017-02-21 11:04:45Z" duration="0.028255" total="7" passed="7" failed="0" warnings="0" inconclusive="0" skipped="0" asserts="9">
            <test-case id="0-2762" name="CanCombineTestsWithAndOperator" fullname="NUnit.Framework.Constraints.AndConstraintTests.CanCombineTestsWithAndOperator" methodname="CanCombineTestsWithAndOperator" classname="NUnit.Framework.Constraints.AndConstraintTests" runstate="Runnable" seed="1195221993" result="Passed" start-time="2017-02-21 11:04:45Z" end-time="2017-02-21 11:04:45Z" duration="0.000452" asserts="1" />
            <test-suite type="ParameterizedMethod" id="0-2768" name="FailsWithBadValues" fullname="NUnit.Framework.Constraints.AndConstraintTests.FailsWithBadValues" classname="NUnit.Framework.Constraints.ConstraintTestBase" runstate="Runnable" testcasecount="2" result="Passed" start-time="2017-02-21 11:04:45Z" end-time="2017-02-21 11:04:45Z" duration="0.005627" total="2" passed="2" failed="0" warnings="0" inconclusive="0" skipped="0" asserts="4">
              <test-case id="0-2766" name="FailsWithBadValues(37,&quot;37&quot;)" fullname="NUnit.Framework.Constraints.AndConstraintTests.FailsWithBadValues(37,&quot;37&quot;)" methodname="FailsWithBadValues" classname="NUnit.Framework.Constraints.ConstraintTestBase" runstate="Runnable" seed="1672690173" result="Passed" start-time="2017-02-21 11:04:45Z" end-time="2017-02-21 11:04:45Z" duration="0.000597" asserts="2" />
              <test-case id="0-2767" name="FailsWithBadValues(53,&quot;53&quot;)" fullname="NUnit.Framework.Constraints.AndConstraintTests.FailsWithBadValues(53,&quot;53&quot;)" methodname="FailsWithBadValues" classname="NUnit.Framework.Constraints.ConstraintTestBase" runstate="Runnable" seed="2061232084" result="Passed" start-time="2017-02-21 11:04:45Z" end-time="2017-02-21 11:04:45Z" duration="0.000190" asserts="2" />
            </test-suite>
            <test-case id="0-2763" name="HandlesFirstPartFailing" fullname="NUnit.Framework.Constraints.AndConstraintTests.HandlesFirstPartFailing" methodname="HandlesFirstPartFailing" classname="NUnit.Framework.Constraints.AndConstraintTests" runstate="Runnable" seed="2097899971" result="Passed" start-time="2017-02-21 11:04:45Z" end-time="2017-02-21 11:04:45Z" duration="0.000321" asserts="2" />
            <test-case id="0-2769" name="ProvidesProperDescription" fullname="NUnit.Framework.Constraints.AndConstraintTests.ProvidesProperDescription" methodname="ProvidesProperDescription" classname="NUnit.Framework.Constraints.ConstraintTestBaseNoData" runstate="Runnable" seed="383677654" result="Passed" start-time="2017-02-21 11:04:45Z" end-time="2017-02-21 11:04:45Z" duration="0.000313" asserts="1" />
            <test-case id="0-2770" name="ProvidesProperStringRepresentation" fullname="NUnit.Framework.Constraints.AndConstraintTests.ProvidesProperStringRepresentation" methodname="ProvidesProperStringRepresentation" classname="NUnit.Framework.Constraints.ConstraintTestBaseNoData" runstate="Runnable" seed="2094368492" result="Passed" start-time="2017-02-21 11:04:45Z" end-time="2017-02-21 11:04:45Z" duration="0.000454" asserts="1" />
            <test-suite type="ParameterizedMethod" id="0-2765" name="SucceedsWithGoodValues" fullname="NUnit.Framework.Constraints.AndConstraintTests.SucceedsWithGoodValues" classname="NUnit.Framework.Constraints.ConstraintTestBase" runstate="Runnable" testcasecount="1" result="Passed" start-time="2017-02-21 11:04:45Z" end-time="2017-02-21 11:04:45Z" duration="0.004929" total="1" passed="1" failed="0" warnings="0" inconclusive="0" skipped="0" asserts="0">
              <test-case id="0-2764" name="SucceedsWithGoodValues(42)" fullname="NUnit.Framework.Constraints.AndConstraintTests.SucceedsWithGoodValues(42)" methodname="SucceedsWithGoodValues" classname="NUnit.Framework.Constraints.ConstraintTestBase" runstate="Runnable" seed="531671827" result="Passed" start-time="2017-02-21 11:04:45Z" end-time="2017-02-21 11:04:45Z" duration="0.000222" asserts="0" />
            </test-suite>
          </test-suite>
          <test-suite type="TestFixture" id="0-2771" name="AssignableFromConstraintTests" fullname="NUnit.Framework.Constraints.AssignableFromConstraintTests" classname="NUnit.Framework.Constraints.AssignableFromConstraintTests" runstate="Runnable" testcasecount="5" result="Passed" start-time="2017-02-21 11:04:45Z" end-time="2017-02-21 11:04:45Z" duration="0.019795" total="5" passed="5" failed="0" warnings="0" inconclusive="0" skipped="0" asserts="4">
            <test-suite type="ParameterizedMethod" id="0-2776" name="FailsWithBadValues" fullname="NUnit.Framework.Constraints.AssignableFromConstraintTests.FailsWithBadValues" classname="NUnit.Framework.Constraints.ConstraintTestBase" runstate="Runnable" testcasecount="1" result="Passed" start-time="2017-02-21 11:04:45Z" end-time="2017-02-21 11:04:45Z" duration="0.004286" total="1" passed="1" failed="0" warnings="0" inconclusive="0" skipped="0" asserts="2">
              <test-case id="0-2775" name="FailsWithBadValues(NUnit.Framework.Constraints.AssignableFromConstraintTests+D2,&quot;&lt;NUnit.Framework.Constraints.AssignableFromConstraintTests+D2&gt;&quot;)" fullname="NUnit.Framework.Constraints.AssignableFromConstraintTests.FailsWithBadValues(NUnit.Framework.Constraints.AssignableFromConstraintTests+D2,&quot;&lt;NUnit.Framework.Constraints.AssignableFromConstraintTests+D2&gt;&quot;)" methodname="FailsWithBadValues" classname="NUnit.Framework.Constraints.ConstraintTestBase" runstate="Runnable" seed="1944474293" result="Passed" start-time="2017-02-21 11:04:45Z" end-time="2017-02-21 11:04:45Z" duration="0.000925" asserts="2" />
            </test-suite>
            <test-case id="0-2777" name="ProvidesProperDescription" fullname="NUnit.Framework.Constraints.AssignableFromConstraintTests.ProvidesProperDescription" methodname="ProvidesProperDescription" classname="NUnit.Framework.Constraints.ConstraintTestBaseNoData" runstate="Runnable" seed="1989347980" result="Passed" start-time="2017-02-21 11:04:45Z" end-time="2017-02-21 11:04:45Z" duration="0.000064" asserts="1" />
            <test-case id="0-2778" name="ProvidesProperStringRepresentation" fullname="NUnit.Framework.Constraints.AssignableFromConstraintTests.ProvidesProperStringRepresentation" methodname="ProvidesProperStringRepresentation" classname="NUnit.Framework.Constraints.ConstraintTestBaseNoData" runstate="Runnable" seed="206635566" result="Passed" start-time="2017-02-21 11:04:45Z" end-time="2017-02-21 11:04:45Z" duration="0.000310" asserts="1" />
            <test-suite type="ParameterizedMethod" id="0-2774" name="SucceedsWithGoodValues" fullname="NUnit.Framework.Constraints.AssignableFromConstraintTests.SucceedsWithGoodValues" classname="NUnit.Framework.Constraints.ConstraintTestBase" runstate="Runnable" testcasecount="2" result="Passed" start-time="2017-02-21 11:04:45Z" end-time="2017-02-21 11:04:45Z" duration="0.004855" total="2" passed="2" failed="0" warnings="0" inconclusive="0" skipped="0" asserts="0">
              <test-case id="0-2772" name="SucceedsWithGoodValues(NUnit.Framework.Constraints.AssignableFromConstraintTests+D1)" fullname="NUnit.Framework.Constraints.AssignableFromConstraintTests.SucceedsWithGoodValues(NUnit.Framework.Constraints.AssignableFromConstraintTests+D1)" methodname="SucceedsWithGoodValues" classname="NUnit.Framework.Constraints.ConstraintTestBase" runstate="Runnable" seed="38976612" result="Passed" start-time="2017-02-21 11:04:45Z" end-time="2017-02-21 11:04:45Z" duration="0.000055" asserts="0" />
              <test-case id="0-2773" name="SucceedsWithGoodValues(NUnit.Framework.Constraints.AssignableFromConstraintTests+B)" fullname="NUnit.Framework.Constraints.AssignableFromConstraintTests.SucceedsWithGoodValues(NUnit.Framework.Constraints.AssignableFromConstraintTests+B)" methodname="SucceedsWithGoodValues" classname="NUnit.Framework.Constraints.ConstraintTestBase" runstate="Runnable" seed="989776411" result="Passed" start-time="2017-02-21 11:04:45Z" end-time="2017-02-21 11:04:45Z" duration="0.000057" asserts="0" />
            </test-suite>
          </test-suite>
          <test-suite type="TestFixture" id="0-2779" name="AssignableToConstraintTests" fullname="NUnit.Framework.Constraints.AssignableToConstraintTests" classname="NUnit.Framework.Constraints.AssignableToConstraintTests" runstate="Runnable" testcasecount="5" result="Passed" start-time="2017-02-21 11:04:45Z" end-time="2017-02-21 11:04:45Z" duration="0.018064" total="5" passed="5" failed="0" warnings="0" inconclusive="0" skipped="0" asserts="4">
            <test-suite type="ParameterizedMethod" id="0-2784" name="FailsWithBadValues" fullname="NUnit.Framework.Constraints.AssignableToConstraintTests.FailsWithBadValues" classname="NUnit.Framework.Constraints.ConstraintTestBase" runstate="Runnable" testcasecount="1" result="Passed" start-time="2017-02-21 11:04:45Z" end-time="2017-02-21 11:04:45Z" duration="0.002800" total="1" passed="1" failed="0" warnings="0" inconclusive="0" skipped="0" asserts="2">
              <test-case id="0-2783" name="FailsWithBadValues(NUnit.Framework.Constraints.AssignableToConstraintTests+B,&quot;&lt;NUnit.Framework.Constraints.AssignableToConstraintTests+B&gt;&quot;)" fullname="NUnit.Framework.Constraints.AssignableToConstraintTests.FailsWithBadValues(NUnit.Framework.Constraints.AssignableToConstraintTests+B,&quot;&lt;NUnit.Framework.Constraints.AssignableToConstraintTests+B&gt;&quot;)" methodname="FailsWithBadValues" classname="NUnit.Framework.Constraints.ConstraintTestBase" runstate="Runnable" seed="755782045" result="Passed" start-time="2017-02-21 11:04:45Z" end-time="2017-02-21 11:04:45Z" duration="0.000410" asserts="2" />
            </test-suite>
            <test-case id="0-2785" name="ProvidesProperDescription" fullname="NUnit.Framework.Constraints.AssignableToConstraintTests.ProvidesProperDescription" methodname="ProvidesProperDescription" classname="NUnit.Framework.Constraints.ConstraintTestBaseNoData" runstate="Runnable" seed="2052290761" result="Passed" start-time="2017-02-21 11:04:45Z" end-time="2017-02-21 11:04:45Z" duration="0.000046" asserts="1" />
            <test-case id="0-2786" name="ProvidesProperStringRepresentation" fullname="NUnit.Framework.Constraints.AssignableToConstraintTests.ProvidesProperStringRepresentation" methodname="ProvidesProperStringRepresentation" classname="NUnit.Framework.Constraints.ConstraintTestBaseNoData" runstate="Runnable" seed="637349062" result="Passed" start-time="2017-02-21 11:04:45Z" end-time="2017-02-21 11:04:45Z" duration="0.000069" asserts="1" />
            <test-suite type="ParameterizedMethod" id="0-2782" name="SucceedsWithGoodValues" fullname="NUnit.Framework.Constraints.AssignableToConstraintTests.SucceedsWithGoodValues" classname="NUnit.Framework.Constraints.ConstraintTestBase" runstate="Runnable" testcasecount="2" result="Passed" start-time="2017-02-21 11:04:45Z" end-time="2017-02-21 11:04:45Z" duration="0.005064" total="2" passed="2" failed="0" warnings="0" inconclusive="0" skipped="0" asserts="0">
              <test-case id="0-2780" name="SucceedsWithGoodValues(NUnit.Framework.Constraints.AssignableToConstraintTests+D1)" fullname="NUnit.Framework.Constraints.AssignableToConstraintTests.SucceedsWithGoodValues(NUnit.Framework.Constraints.AssignableToConstraintTests+D1)" methodname="SucceedsWithGoodValues" classname="NUnit.Framework.Constraints.ConstraintTestBase" runstate="Runnable" seed="547328558" result="Passed" start-time="2017-02-21 11:04:45Z" end-time="2017-02-21 11:04:45Z" duration="0.000065" asserts="0" />
              <test-case id="0-2781" name="SucceedsWithGoodValues(NUnit.Framework.Constraints.AssignableToConstraintTests+D2)" fullname="NUnit.Framework.Constraints.AssignableToConstraintTests.SucceedsWithGoodValues(NUnit.Framework.Constraints.AssignableToConstraintTests+D2)" methodname="SucceedsWithGoodValues" classname="NUnit.Framework.Constraints.ConstraintTestBase" runstate="Runnable" seed="1648169048" result="Passed" start-time="2017-02-21 11:04:45Z" end-time="2017-02-21 11:04:45Z" duration="0.000068" asserts="0" />
            </test-suite>
          </test-suite>
          <test-suite type="TestFixture" id="0-2797" name="AttributeExistsConstraintTests" fullname="NUnit.Framework.Constraints.AttributeExistsConstraintTests" classname="NUnit.Framework.Constraints.AttributeExistsConstraintTests" runstate="Runnable" testcasecount="7" result="Passed" start-time="2017-02-21 11:04:45Z" end-time="2017-02-21 11:04:45Z" duration="0.032532" total="7" passed="7" failed="0" warnings="0" inconclusive="0" skipped="0" asserts="7">
            <test-case id="0-2799" name="AttributeExistsOnMethodInfo" fullname="NUnit.Framework.Constraints.AttributeExistsConstraintTests.AttributeExistsOnMethodInfo" methodname="AttributeExistsOnMethodInfo" classname="NUnit.Framework.Constraints.AttributeExistsConstraintTests" runstate="Runnable" seed="1589285586" result="Passed" start-time="2017-02-21 11:04:45Z" end-time="2017-02-21 11:04:45Z" duration="0.000873" asserts="1" />
            <test-case id="0-2800" name="AttributeTestPropertyValueOnMethodInfo" fullname="NUnit.Framework.Constraints.AttributeExistsConstraintTests.AttributeTestPropertyValueOnMethodInfo" methodname="AttributeTestPropertyValueOnMethodInfo" classname="NUnit.Framework.Constraints.AttributeExistsConstraintTests" runstate="Runnable" seed="367155944" result="Passed" start-time="2017-02-21 11:04:45Z" end-time="2017-02-21 11:04:45Z" duration="0.002928" asserts="1">
              <properties>
                <property name="Description" value="my description" />
              </properties>
            </test-case>
            <test-suite type="ParameterizedMethod" id="0-2804" name="FailsWithBadValues" fullname="NUnit.Framework.Constraints.AttributeExistsConstraintTests.FailsWithBadValues" classname="NUnit.Framework.Constraints.ConstraintTestBase" runstate="Runnable" testcasecount="1" result="Passed" start-time="2017-02-21 11:04:45Z" end-time="2017-02-21 11:04:45Z" duration="0.004814" total="1" passed="1" failed="0" warnings="0" inconclusive="0" skipped="0" asserts="2">
              <test-case id="0-2803" name="FailsWithBadValues(NUnit.Framework.Constraints.AttributeExistsConstraintTests+D2,&quot;&lt;NUnit.Framework.Constraints.AttributeExistsConstraintTests+D2&gt;&quot;)" fullname="NUnit.Framework.Constraints.AttributeExistsConstraintTests.FailsWithBadValues(NUnit.Framework.Constraints.AttributeExistsConstraintTests+D2,&quot;&lt;NUnit.Framework.Constraints.AttributeExistsConstraintTests+D2&gt;&quot;)" methodname="FailsWithBadValues" classname="NUnit.Framework.Constraints.ConstraintTestBase" runstate="Runnable" seed="1138227199" result="Passed" start-time="2017-02-21 11:04:45Z" end-time="2017-02-21 11:04:45Z" duration="0.000287" asserts="2" />
            </test-suite>
            <test-case id="0-2798" name="NonAttributeThrowsException" fullname="NUnit.Framework.Constraints.AttributeExistsConstraintTests.NonAttributeThrowsException" methodname="NonAttributeThrowsException" classname="NUnit.Framework.Constraints.AttributeExistsConstraintTests" runstate="Runnable" seed="270267710" result="Passed" start-time="2017-02-21 11:04:45Z" end-time="2017-02-21 11:04:45Z" duration="0.000302" asserts="1" />
            <test-case id="0-2805" name="ProvidesProperDescription" fullname="NUnit.Framework.Constraints.AttributeExistsConstraintTests.ProvidesProperDescription" methodname="ProvidesProperDescription" classname="NUnit.Framework.Constraints.ConstraintTestBaseNoData" runstate="Runnable" seed="16868001" result="Passed" start-time="2017-02-21 11:04:45Z" end-time="2017-02-21 11:04:45Z" duration="0.000058" asserts="1" />
            <test-case id="0-2806" name="ProvidesProperStringRepresentation" fullname="NUnit.Framework.Constraints.AttributeExistsConstraintTests.ProvidesProperStringRepresentation" methodname="ProvidesProperStringRepresentation" classname="NUnit.Framework.Constraints.ConstraintTestBaseNoData" runstate="Runnable" seed="1730558321" result="Passed" start-time="2017-02-21 11:04:45Z" end-time="2017-02-21 11:04:45Z" duration="0.000091" asserts="1" />
            <test-suite type="ParameterizedMethod" id="0-2802" name="SucceedsWithGoodValues" fullname="NUnit.Framework.Constraints.AttributeExistsConstraintTests.SucceedsWithGoodValues" classname="NUnit.Framework.Constraints.ConstraintTestBase" runstate="Runnable" testcasecount="1" result="Passed" start-time="2017-02-21 11:04:45Z" end-time="2017-02-21 11:04:45Z" duration="0.005808" total="1" passed="1" failed="0" warnings="0" inconclusive="0" skipped="0" asserts="0">
              <test-case id="0-2801" name="SucceedsWithGoodValues(NUnit.Framework.Constraints.AttributeExistsConstraintTests)" fullname="NUnit.Framework.Constraints.AttributeExistsConstraintTests.SucceedsWithGoodValues(NUnit.Framework.Constraints.AttributeExistsConstraintTests)" methodname="SucceedsWithGoodValues" classname="NUnit.Framework.Constraints.ConstraintTestBase" runstate="Runnable" seed="1811798626" result="Passed" start-time="2017-02-21 11:04:45Z" end-time="2017-02-21 11:04:45Z" duration="0.000130" asserts="0" />
            </test-suite>
          </test-suite>
          <test-suite type="TestFixture" id="0-2850" name="BinarySerializableTest" fullname="NUnit.Framework.Constraints.BinarySerializableTest" classname="NUnit.Framework.Constraints.BinarySerializableTest" runstate="Runnable" testcasecount="8" result="Passed" start-time="2017-02-21 11:04:45Z" end-time="2017-02-21 11:04:45Z" duration="0.034356" total="8" passed="8" failed="0" warnings="0" inconclusive="0" skipped="0" asserts="5">
            <test-suite type="ParameterizedMethod" id="0-2858" name="FailsWithBadValues" fullname="NUnit.Framework.Constraints.BinarySerializableTest.FailsWithBadValues" classname="NUnit.Framework.Constraints.ConstraintTestBase" runstate="Runnable" testcasecount="1" result="Passed" start-time="2017-02-21 11:04:45Z" end-time="2017-02-21 11:04:45Z" duration="0.004006" total="1" passed="1" failed="0" warnings="0" inconclusive="0" skipped="0" asserts="2">
              <test-case id="0-2857" name="FailsWithBadValues(NUnit.Framework.Constraints.InternalClass,&quot;&lt;NUnit.Framework.Constraints.InternalClass&gt;&quot;)" fullname="NUnit.Framework.Constraints.BinarySerializableTest.FailsWithBadValues(NUnit.Framework.Constraints.InternalClass,&quot;&lt;NUnit.Framework.Constraints.InternalClass&gt;&quot;)" methodname="FailsWithBadValues" classname="NUnit.Framework.Constraints.ConstraintTestBase" runstate="Runnable" seed="1052983158" result="Passed" start-time="2017-02-21 11:04:45Z" end-time="2017-02-21 11:04:45Z" duration="0.001336" asserts="2" />
            </test-suite>
            <test-case id="0-2851" name="NullArgumentThrowsException" fullname="NUnit.Framework.Constraints.BinarySerializableTest.NullArgumentThrowsException" methodname="NullArgumentThrowsException" classname="NUnit.Framework.Constraints.BinarySerializableTest" runstate="Runnable" seed="1488326245" result="Passed" start-time="2017-02-21 11:04:45Z" end-time="2017-02-21 11:04:45Z" duration="0.002892" asserts="1" />
            <test-case id="0-2859" name="ProvidesProperDescription" fullname="NUnit.Framework.Constraints.BinarySerializableTest.ProvidesProperDescription" methodname="ProvidesProperDescription" classname="NUnit.Framework.Constraints.ConstraintTestBaseNoData" runstate="Runnable" seed="97673736" result="Passed" start-time="2017-02-21 11:04:45Z" end-time="2017-02-21 11:04:45Z" duration="0.000041" asserts="1" />
            <test-case id="0-2860" name="ProvidesProperStringRepresentation" fullname="NUnit.Framework.Constraints.BinarySerializableTest.ProvidesProperStringRepresentation" methodname="ProvidesProperStringRepresentation" classname="NUnit.Framework.Constraints.ConstraintTestBaseNoData" runstate="Runnable" seed="1690185242" result="Passed" start-time="2017-02-21 11:04:45Z" end-time="2017-02-21 11:04:45Z" duration="0.000069" asserts="1" />
            <test-suite type="ParameterizedMethod" id="0-2856" name="SucceedsWithGoodValues" fullname="NUnit.Framework.Constraints.BinarySerializableTest.SucceedsWithGoodValues" classname="NUnit.Framework.Constraints.ConstraintTestBase" runstate="Runnable" testcasecount="4" result="Passed" start-time="2017-02-21 11:04:45Z" end-time="2017-02-21 11:04:45Z" duration="0.014594" total="4" passed="4" failed="0" warnings="0" inconclusive="0" skipped="0" asserts="0">
              <test-case id="0-2852" name="SucceedsWithGoodValues(1)" fullname="NUnit.Framework.Constraints.BinarySerializableTest.SucceedsWithGoodValues(1)" methodname="SucceedsWithGoodValues" classname="NUnit.Framework.Constraints.ConstraintTestBase" runstate="Runnable" seed="1290721408" result="Passed" start-time="2017-02-21 11:04:45Z" end-time="2017-02-21 11:04:45Z" duration="0.000806" asserts="0" />
              <test-case id="0-2853" name="SucceedsWithGoodValues(&quot;a&quot;)" fullname="NUnit.Framework.Constraints.BinarySerializableTest.SucceedsWithGoodValues(&quot;a&quot;)" methodname="SucceedsWithGoodValues" classname="NUnit.Framework.Constraints.ConstraintTestBase" runstate="Runnable" seed="1742409528" result="Passed" start-time="2017-02-21 11:04:45Z" end-time="2017-02-21 11:04:45Z" duration="0.000954" asserts="0" />
              <test-case id="0-2854" name="SucceedsWithGoodValues(System.Collections.Generic.List`1[System.Int32])" fullname="NUnit.Framework.Constraints.BinarySerializableTest.SucceedsWithGoodValues(System.Collections.Generic.List`1[System.Int32])" methodname="SucceedsWithGoodValues" classname="NUnit.Framework.Constraints.ConstraintTestBase" runstate="Runnable" seed="1189270782" result="Passed" start-time="2017-02-21 11:04:45Z" end-time="2017-02-21 11:04:45Z" duration="0.001931" asserts="0" />
              <test-case id="0-2855" name="SucceedsWithGoodValues(NUnit.Framework.Constraints.InternalWithSerializableAttributeClass)" fullname="NUnit.Framework.Constraints.BinarySerializableTest.SucceedsWithGoodValues(NUnit.Framework.Constraints.InternalWithSerializableAttributeClass)" methodname="SucceedsWithGoodValues" classname="NUnit.Framework.Constraints.ConstraintTestBase" runstate="Runnable" seed="771402221" result="Passed" start-time="2017-02-21 11:04:45Z" end-time="2017-02-21 11:04:45Z" duration="0.001147" asserts="0" />
            </test-suite>
          </test-suite>
          <test-suite type="TestFixture" id="0-2861" name="CollectionContainsConstraintTests" fullname="NUnit.Framework.Constraints.CollectionContainsConstraintTests" classname="NUnit.Framework.Constraints.CollectionContainsConstraintTests" runstate="Runnable" testcasecount="14" result="Passed" start-time="2017-02-21 11:04:45Z" end-time="2017-02-21 11:04:45Z" duration="0.057646" total="14" passed="14" failed="0" warnings="0" inconclusive="0" skipped="0" asserts="15">
            <test-case id="0-2862" name="CanTestContentsOfArray" fullname="NUnit.Framework.Constraints.CollectionContainsConstraintTests.CanTestContentsOfArray" methodname="CanTestContentsOfArray" classname="NUnit.Framework.Constraints.CollectionContainsConstraintTests" runstate="Runnable" seed="1768470625" result="Passed" start-time="2017-02-21 11:04:45Z" end-time="2017-02-21 11:04:45Z" duration="0.000298" asserts="1" />
            <test-case id="0-2871" name="CanTestContentsOfCollectionNotImplementingIList" fullname="NUnit.Framework.Constraints.CollectionContainsConstraintTests.CanTestContentsOfCollectionNotImplementingIList" methodname="CanTestContentsOfCollectionNotImplementingIList" classname="NUnit.Framework.Constraints.CollectionContainsConstraintTests" runstate="Runnable" seed="254499450" result="Passed" start-time="2017-02-21 11:04:45Z" end-time="2017-02-21 11:04:45Z" duration="0.000324" asserts="1" />
            <test-case id="0-2863" name="CanTestContentsOfObjectList" fullname="NUnit.Framework.Constraints.CollectionContainsConstraintTests.CanTestContentsOfObjectList" methodname="CanTestContentsOfObjectList" classname="NUnit.Framework.Constraints.CollectionContainsConstraintTests" runstate="Runnable" seed="979567853" result="Passed" start-time="2017-02-21 11:04:45Z" end-time="2017-02-21 11:04:45Z" duration="0.000296" asserts="1" />
            <test-case id="0-2870" name="CanTestContentsOfSortedList" fullname="NUnit.Framework.Constraints.CollectionContainsConstraintTests.CanTestContentsOfSortedList" methodname="CanTestContentsOfSortedList" classname="NUnit.Framework.Constraints.CollectionContainsConstraintTests" runstate="Runnable" seed="438994104" result="Passed" start-time="2017-02-21 11:04:45Z" end-time="2017-02-21 11:04:45Z" duration="0.001003" asserts="2" />
            <test-suite type="ParameterizedMethod" id="0-2869" name="DictionaryTestInvalidKeyPair" fullname="NUnit.Framework.Constraints.CollectionContainsConstraintTests.DictionaryTestInvalidKeyPair" classname="NUnit.Framework.Constraints.CollectionContainsConstraintTests" runstate="Runnable" testcasecount="1" result="Passed" start-time="2017-02-21 11:04:45Z" end-time="2017-02-21 11:04:45Z" duration="0.008273" total="1" passed="1" failed="0" warnings="0" inconclusive="0" skipped="0" asserts="2">
              <test-case id="0-2868" name="DictionaryTestInvalidKeyPair([does, System.String[]])" fullname="NUnit.Framework.Constraints.CollectionContainsConstraintTests.DictionaryTestInvalidKeyPair([does, System.String[]])" methodname="DictionaryTestInvalidKeyPair" classname="NUnit.Framework.Constraints.CollectionContainsConstraintTests" runstate="Runnable" seed="1460332375" result="Passed" start-time="2017-02-21 11:04:45Z" end-time="2017-02-21 11:04:45Z" duration="0.005684" asserts="2" />
            </test-suite>
            <test-suite type="ParameterizedMethod" id="0-2867" name="DictionaryTestValidKeyPair" fullname="NUnit.Framework.Constraints.CollectionContainsConstraintTests.DictionaryTestValidKeyPair" classname="NUnit.Framework.Constraints.CollectionContainsConstraintTests" runstate="Runnable" testcasecount="3" result="Passed" start-time="2017-02-21 11:04:45Z" end-time="2017-02-21 11:04:45Z" duration="0.009311" total="3" passed="3" failed="0" warnings="0" inconclusive="0" skipped="0" asserts="6">
              <test-case id="0-2864" name="DictionaryTestValidKeyPair([Hola, Mundo])" fullname="NUnit.Framework.Constraints.CollectionContainsConstraintTests.DictionaryTestValidKeyPair([Hola, Mundo])" methodname="DictionaryTestValidKeyPair" classname="NUnit.Framework.Constraints.CollectionContainsConstraintTests" runstate="Runnable" seed="1050783873" result="Passed" start-time="2017-02-21 11:04:45Z" end-time="2017-02-21 11:04:45Z" duration="0.000344" asserts="2" />
              <test-case id="0-2865" name="DictionaryTestValidKeyPair([2, 1])" fullname="NUnit.Framework.Constraints.CollectionContainsConstraintTests.DictionaryTestValidKeyPair([2, 1])" methodname="DictionaryTestValidKeyPair" classname="NUnit.Framework.Constraints.CollectionContainsConstraintTests" runstate="Runnable" seed="745439602" result="Passed" start-time="2017-02-21 11:04:45Z" end-time="2017-02-21 11:04:45Z" duration="0.000179" asserts="2" />
              <test-case id="0-2866" name="DictionaryTestValidKeyPair([I, System.String[]])" fullname="NUnit.Framework.Constraints.CollectionContainsConstraintTests.DictionaryTestValidKeyPair([I, System.String[]])" methodname="DictionaryTestValidKeyPair" classname="NUnit.Framework.Constraints.CollectionContainsConstraintTests" runstate="Runnable" seed="865583118" result="Passed" start-time="2017-02-21 11:04:45Z" end-time="2017-02-21 11:04:45Z" duration="0.001377" asserts="2" />
            </test-suite>
            <test-case id="0-2878" name="HasMemberHonorsUsingWhenCollectionsAreOfDifferentTypes" fullname="NUnit.Framework.Constraints.CollectionContainsConstraintTests.HasMemberHonorsUsingWhenCollectionsAreOfDifferentTypes" methodname="HasMemberHonorsUsingWhenCollectionsAreOfDifferentTypes" classname="NUnit.Framework.Constraints.CollectionContainsConstraintTests" runstate="Runnable" seed="616580951" result="Passed" start-time="2017-02-21 11:04:45Z" end-time="2017-02-21 11:04:45Z" duration="0.001163" asserts="1" />
            <test-suite type="ParameterizedMethod" id="0-2876" name="IgnoreCaseIsHonored" fullname="NUnit.Framework.Constraints.CollectionContainsConstraintTests.IgnoreCaseIsHonored" classname="NUnit.Framework.Constraints.CollectionContainsConstraintTests" runstate="Runnable" testcasecount="4" result="Passed" start-time="2017-02-21 11:04:45Z" end-time="2017-02-21 11:04:45Z" duration="0.010986" total="4" passed="4" failed="0" warnings="0" inconclusive="0" skipped="0" asserts="0">
              <test-case id="0-2872" name="IgnoreCaseIsHonored(&quot;WORLD&quot;,System.String[])" fullname="NUnit.Framework.Constraints.CollectionContainsConstraintTests.IgnoreCaseIsHonored(&quot;WORLD&quot;,System.String[])" methodname="IgnoreCaseIsHonored" classname="NUnit.Framework.Constraints.CollectionContainsConstraintTests" runstate="Runnable" seed="1160131712" result="Passed" start-time="2017-02-21 11:04:45Z" end-time="2017-02-21 11:04:45Z" duration="0.000329" asserts="0" />
              <test-case id="0-2873" name="IgnoreCaseIsHonored(&quot;z&quot;,NUnit.TestUtilities.Collections.SimpleObjectCollection)" fullname="NUnit.Framework.Constraints.CollectionContainsConstraintTests.IgnoreCaseIsHonored(&quot;z&quot;,NUnit.TestUtilities.Collections.SimpleObjectCollection)" methodname="IgnoreCaseIsHonored" classname="NUnit.Framework.Constraints.CollectionContainsConstraintTests" runstate="Runnable" seed="2090815591" result="Passed" start-time="2017-02-21 11:04:45Z" end-time="2017-02-21 11:04:45Z" duration="0.000095" asserts="0" />
              <test-case id="0-2874" name="IgnoreCaseIsHonored('A',System.Object[])" fullname="NUnit.Framework.Constraints.CollectionContainsConstraintTests.IgnoreCaseIsHonored('A',System.Object[])" methodname="IgnoreCaseIsHonored" classname="NUnit.Framework.Constraints.CollectionContainsConstraintTests" runstate="Runnable" seed="879312597" result="Passed" start-time="2017-02-21 11:04:45Z" end-time="2017-02-21 11:04:45Z" duration="0.000156" asserts="0" />
              <test-case id="0-2875" name="IgnoreCaseIsHonored(&quot;a&quot;,System.Object[])" fullname="NUnit.Framework.Constraints.CollectionContainsConstraintTests.IgnoreCaseIsHonored(&quot;a&quot;,System.Object[])" methodname="IgnoreCaseIsHonored" classname="NUnit.Framework.Constraints.CollectionContainsConstraintTests" runstate="Runnable" seed="1095826308" result="Passed" start-time="2017-02-21 11:04:45Z" end-time="2017-02-21 11:04:45Z" duration="0.000115" asserts="0" />
            </test-suite>
            <test-case id="0-2877" name="UsingIsHonored" fullname="NUnit.Framework.Constraints.CollectionContainsConstraintTests.UsingIsHonored" methodname="UsingIsHonored" classname="NUnit.Framework.Constraints.CollectionContainsConstraintTests" runstate="Runnable" seed="797759395" result="Passed" start-time="2017-02-21 11:04:45Z" end-time="2017-02-21 11:04:45Z" duration="0.000452" asserts="1" />
          </test-suite>
          <test-suite type="TestFixture" id="0-2879" name="CollectionEqualsTests" fullname="NUnit.Framework.Constraints.CollectionEqualsTests" classname="NUnit.Framework.Constraints.CollectionEqualsTests" runstate="Runnable" testcasecount="10" result="Passed" start-time="2017-02-21 11:04:45Z" end-time="2017-02-21 11:04:45Z" duration="0.040891" total="10" passed="10" failed="0" warnings="0" inconclusive="0" skipped="0" asserts="12">
            <test-case id="0-2881" name="CanMatchAnArrayWithACollection" fullname="NUnit.Framework.Constraints.CollectionEqualsTests.CanMatchAnArrayWithACollection" methodname="CanMatchAnArrayWithACollection" classname="NUnit.Framework.Constraints.CollectionEqualsTests" runstate="Runnable" seed="42200492" result="Passed" start-time="2017-02-21 11:04:45Z" end-time="2017-02-21 11:04:45Z" duration="0.000274" asserts="2" />
            <test-case id="0-2880" name="CanMatchTwoCollections" fullname="NUnit.Framework.Constraints.CollectionEqualsTests.CanMatchTwoCollections" methodname="CanMatchTwoCollections" classname="NUnit.Framework.Constraints.CollectionEqualsTests" runstate="Runnable" seed="1789448413" result="Passed" start-time="2017-02-21 11:04:45Z" end-time="2017-02-21 11:04:45Z" duration="0.000231" asserts="1" />
            <test-case id="0-2882" name="FailureMatchingArrayAndCollection" fullname="NUnit.Framework.Constraints.CollectionEqualsTests.FailureMatchingArrayAndCollection" methodname="FailureMatchingArrayAndCollection" classname="NUnit.Framework.Constraints.CollectionEqualsTests" runstate="Runnable" seed="1306052512" result="Passed" start-time="2017-02-21 11:04:45Z" end-time="2017-02-21 11:04:45Z" duration="0.006592" asserts="2" />
            <test-suite type="ParameterizedMethod" id="0-2890" name="HonorsIgnoreCase" fullname="NUnit.Framework.Constraints.CollectionEqualsTests.HonorsIgnoreCase" classname="NUnit.Framework.Constraints.CollectionEqualsTests" runstate="Runnable" testcasecount="7" result="Passed" start-time="2017-02-21 11:04:45Z" end-time="2017-02-21 11:04:45Z" duration="0.023610" total="7" passed="7" failed="0" warnings="0" inconclusive="0" skipped="0" asserts="7">
              <test-case id="0-2883" name="HonorsIgnoreCase(NUnit.TestUtilities.Collections.SimpleObjectCollection,NUnit.TestUtilities.Collections.SimpleObjectCollection)" fullname="NUnit.Framework.Constraints.CollectionEqualsTests.HonorsIgnoreCase(NUnit.TestUtilities.Collections.SimpleObjectCollection,NUnit.TestUtilities.Collections.SimpleObjectCollection)" methodname="HonorsIgnoreCase" classname="NUnit.Framework.Constraints.CollectionEqualsTests" runstate="Runnable" seed="183815963" result="Passed" start-time="2017-02-21 11:04:45Z" end-time="2017-02-21 11:04:45Z" duration="0.000141" asserts="1" />
              <test-case id="0-2884" name="HonorsIgnoreCase(System.Char[],System.Object[])" fullname="NUnit.Framework.Constraints.CollectionEqualsTests.HonorsIgnoreCase(System.Char[],System.Object[])" methodname="HonorsIgnoreCase" classname="NUnit.Framework.Constraints.CollectionEqualsTests" runstate="Runnable" seed="1753744309" result="Passed" start-time="2017-02-21 11:04:45Z" end-time="2017-02-21 11:04:45Z" duration="0.000230" asserts="1" />
              <test-case id="0-2885" name="HonorsIgnoreCase(System.String[],System.Object[])" fullname="NUnit.Framework.Constraints.CollectionEqualsTests.HonorsIgnoreCase(System.String[],System.Object[])" methodname="HonorsIgnoreCase" classname="NUnit.Framework.Constraints.CollectionEqualsTests" runstate="Runnable" seed="1762407985" result="Passed" start-time="2017-02-21 11:04:45Z" end-time="2017-02-21 11:04:45Z" duration="0.000061" asserts="1" />
              <test-case id="0-2886" name="HonorsIgnoreCase(System.Collections.Generic.Dictionary`2[System.Int32,System.String],System.Collections.Generic.Dictionary`2[System.Int32,System.String])" fullname="NUnit.Framework.Constraints.CollectionEqualsTests.HonorsIgnoreCase(System.Collections.Generic.Dictionary`2[System.Int32,System.String],System.Collections.Generic.Dictionary`2[System.Int32,System.String])" methodname="HonorsIgnoreCase" classname="NUnit.Framework.Constraints.CollectionEqualsTests" runstate="Runnable" seed="749540830" result="Passed" start-time="2017-02-21 11:04:45Z" end-time="2017-02-21 11:04:45Z" duration="0.003391" asserts="1" />
              <test-case id="0-2887" name="HonorsIgnoreCase(System.Collections.Generic.Dictionary`2[System.Int32,System.Char],System.Collections.Generic.Dictionary`2[System.Int32,System.Char])" fullname="NUnit.Framework.Constraints.CollectionEqualsTests.HonorsIgnoreCase(System.Collections.Generic.Dictionary`2[System.Int32,System.Char],System.Collections.Generic.Dictionary`2[System.Int32,System.Char])" methodname="HonorsIgnoreCase" classname="NUnit.Framework.Constraints.CollectionEqualsTests" runstate="Runnable" seed="1504320057" result="Passed" start-time="2017-02-21 11:04:45Z" end-time="2017-02-21 11:04:45Z" duration="0.001220" asserts="1" />
              <test-case id="0-2888" name="HonorsIgnoreCase(System.Collections.Generic.List`1[System.Char],System.Collections.Generic.List`1[System.Char])" fullname="NUnit.Framework.Constraints.CollectionEqualsTests.HonorsIgnoreCase(System.Collections.Generic.List`1[System.Char],System.Collections.Generic.List`1[System.Char])" methodname="HonorsIgnoreCase" classname="NUnit.Framework.Constraints.CollectionEqualsTests" runstate="Runnable" seed="1151704480" result="Passed" start-time="2017-02-21 11:04:45Z" end-time="2017-02-21 11:04:45Z" duration="0.001073" asserts="1" />
              <test-case id="0-2889" name="HonorsIgnoreCase(System.Collections.Generic.List`1[System.String],System.Collections.Generic.List`1[System.String])" fullname="NUnit.Framework.Constraints.CollectionEqualsTests.HonorsIgnoreCase(System.Collections.Generic.List`1[System.String],System.Collections.Generic.List`1[System.String])" methodname="HonorsIgnoreCase" classname="NUnit.Framework.Constraints.CollectionEqualsTests" runstate="Runnable" seed="832591492" result="Passed" start-time="2017-02-21 11:04:45Z" end-time="2017-02-21 11:04:45Z" duration="0.000161" asserts="1" />
            </test-suite>
          </test-suite>
          <test-suite type="TestFixture" id="0-2891" name="CollectionEquivalentConstraintTests" fullname="NUnit.Framework.Constraints.CollectionEquivalentConstraintTests" classname="NUnit.Framework.Constraints.CollectionEquivalentConstraintTests" runstate="Runnable" testcasecount="24" result="Passed" start-time="2017-02-21 11:04:45Z" end-time="2017-02-21 11:04:45Z" duration="0.086230" total="24" passed="24" failed="0" warnings="0" inconclusive="0" skipped="0" asserts="15">
            <test-case id="0-2892" name="EqualCollectionsAreEquivalent" fullname="NUnit.Framework.Constraints.CollectionEquivalentConstraintTests.EqualCollectionsAreEquivalent" methodname="EqualCollectionsAreEquivalent" classname="NUnit.Framework.Constraints.CollectionEquivalentConstraintTests" runstate="Runnable" seed="554673422" result="Passed" start-time="2017-02-21 11:04:45Z" end-time="2017-02-21 11:04:45Z" duration="0.000460" asserts="1" />
            <test-case id="0-2895" name="EquivalentFailsWithDuplicateElementInActual" fullname="NUnit.Framework.Constraints.CollectionEquivalentConstraintTests.EquivalentFailsWithDuplicateElementInActual" methodname="EquivalentFailsWithDuplicateElementInActual" classname="NUnit.Framework.Constraints.CollectionEquivalentConstraintTests" runstate="Runnable" seed="813161351" result="Passed" start-time="2017-02-21 11:04:45Z" end-time="2017-02-21 11:04:45Z" duration="0.000345" asserts="1" />
            <test-case id="0-2896" name="EquivalentFailsWithDuplicateElementInExpected" fullname="NUnit.Framework.Constraints.CollectionEquivalentConstraintTests.EquivalentFailsWithDuplicateElementInExpected" methodname="EquivalentFailsWithDuplicateElementInExpected" classname="NUnit.Framework.Constraints.CollectionEquivalentConstraintTests" runstate="Runnable" seed="567365981" result="Passed" start-time="2017-02-21 11:04:45Z" end-time="2017-02-21 11:04:45Z" duration="0.000361" asserts="1" />
            <test-case id="0-2897" name="EquivalentHandlesNull" fullname="NUnit.Framework.Constraints.CollectionEquivalentConstraintTests.EquivalentHandlesNull" methodname="EquivalentHandlesNull" classname="NUnit.Framework.Constraints.CollectionEquivalentConstraintTests" runstate="Runnable" seed="2092388885" result="Passed" start-time="2017-02-21 11:04:45Z" end-time="2017-02-21 11:04:45Z" duration="0.000185" asserts="1" />
            <test-case id="0-2898" name="EquivalentHonorsIgnoreCase" fullname="NUnit.Framework.Constraints.CollectionEquivalentConstraintTests.EquivalentHonorsIgnoreCase" methodname="EquivalentHonorsIgnoreCase" classname="NUnit.Framework.Constraints.CollectionEquivalentConstraintTests" runstate="Runnable" seed="317108950" result="Passed" start-time="2017-02-21 11:04:45Z" end-time="2017-02-21 11:04:45Z" duration="0.000321" asserts="1" />
            <test-case id="0-2911" name="EquivalentHonorsUsing" fullname="NUnit.Framework.Constraints.CollectionEquivalentConstraintTests.EquivalentHonorsUsing" methodname="EquivalentHonorsUsing" classname="NUnit.Framework.Constraints.CollectionEquivalentConstraintTests" runstate="Runnable" seed="163927417" result="Passed" start-time="2017-02-21 11:04:45Z" end-time="2017-02-21 11:04:45Z" duration="0.003671" asserts="1" />
            <test-case id="0-2912" name="EquivalentHonorsUsingWhenCollectionsAreOfDifferentTypes" fullname="NUnit.Framework.Constraints.CollectionEquivalentConstraintTests.EquivalentHonorsUsingWhenCollectionsAreOfDifferentTypes" methodname="EquivalentHonorsUsingWhenCollectionsAreOfDifferentTypes" classname="NUnit.Framework.Constraints.CollectionEquivalentConstraintTests" runstate="Runnable" seed="2047130348" result="Passed" start-time="2017-02-21 11:04:45Z" end-time="2017-02-21 11:04:45Z" duration="0.000507" asserts="1" />
            <test-case id="0-2894" name="EquivalentIgnoresOrder" fullname="NUnit.Framework.Constraints.CollectionEquivalentConstraintTests.EquivalentIgnoresOrder" methodname="EquivalentIgnoresOrder" classname="NUnit.Framework.Constraints.CollectionEquivalentConstraintTests" runstate="Runnable" seed="464230381" result="Passed" start-time="2017-02-21 11:04:45Z" end-time="2017-02-21 11:04:45Z" duration="0.000235" asserts="1" />
            <test-case id="0-2916" name="FailureMessageWithHashSetAndArray" fullname="NUnit.Framework.Constraints.CollectionEquivalentConstraintTests.FailureMessageWithHashSetAndArray" methodname="FailureMessageWithHashSetAndArray" classname="NUnit.Framework.Constraints.CollectionEquivalentConstraintTests" runstate="Runnable" seed="486651329" result="Passed" start-time="2017-02-21 11:04:45Z" end-time="2017-02-21 11:04:45Z" duration="0.002278" asserts="2" />
            <test-suite type="ParameterizedMethod" id="0-2910" name="HonorsIgnoreCase" fullname="NUnit.Framework.Constraints.CollectionEquivalentConstraintTests.HonorsIgnoreCase" classname="NUnit.Framework.Constraints.CollectionEquivalentConstraintTests" runstate="Runnable" testcasecount="11" result="Passed" start-time="2017-02-21 11:04:45Z" end-time="2017-02-21 11:04:45Z" duration="0.038147" total="11" passed="11" failed="0" warnings="0" inconclusive="0" skipped="0" asserts="0">
              <test-case id="0-2899" name="HonorsIgnoreCase(NUnit.TestUtilities.Collections.SimpleObjectCollection,NUnit.TestUtilities.Collections.SimpleObjectCollection)" fullname="NUnit.Framework.Constraints.CollectionEquivalentConstraintTests.HonorsIgnoreCase(NUnit.TestUtilities.Collections.SimpleObjectCollection,NUnit.TestUtilities.Collections.SimpleObjectCollection)" methodname="HonorsIgnoreCase" classname="NUnit.Framework.Constraints.CollectionEquivalentConstraintTests" runstate="Runnable" seed="1509019814" result="Passed" start-time="2017-02-21 11:04:45Z" end-time="2017-02-21 11:04:45Z" duration="0.000253" asserts="0" />
              <test-case id="0-2900" name="HonorsIgnoreCase(System.Char[],System.Object[])" fullname="NUnit.Framework.Constraints.CollectionEquivalentConstraintTests.HonorsIgnoreCase(System.Char[],System.Object[])" methodname="HonorsIgnoreCase" classname="NUnit.Framework.Constraints.CollectionEquivalentConstraintTests" runstate="Runnable" seed="1784663563" result="Passed" start-time="2017-02-21 11:04:45Z" end-time="2017-02-21 11:04:45Z" duration="0.000154" asserts="0" />
              <test-case id="0-2901" name="HonorsIgnoreCase(System.String[],System.Object[])" fullname="NUnit.Framework.Constraints.CollectionEquivalentConstraintTests.HonorsIgnoreCase(System.String[],System.Object[])" methodname="HonorsIgnoreCase" classname="NUnit.Framework.Constraints.CollectionEquivalentConstraintTests" runstate="Runnable" seed="2112500032" result="Passed" start-time="2017-02-21 11:04:45Z" end-time="2017-02-21 11:04:45Z" duration="0.000057" asserts="0" />
              <test-case id="0-2902" name="HonorsIgnoreCase(System.Collections.Generic.Dictionary`2[System.Int32,System.String],System.Collections.Generic.Dictionary`2[System.Int32,System.String])" fullname="NUnit.Framework.Constraints.CollectionEquivalentConstraintTests.HonorsIgnoreCase(System.Collections.Generic.Dictionary`2[System.Int32,System.String],System.Collections.Generic.Dictionary`2[System.Int32,System.String])" methodname="HonorsIgnoreCase" classname="NUnit.Framework.Constraints.CollectionEquivalentConstraintTests" runstate="Runnable" seed="1598746706" result="Passed" start-time="2017-02-21 11:04:45Z" end-time="2017-02-21 11:04:45Z" duration="0.004524" asserts="0" />
              <test-case id="0-2903" name="HonorsIgnoreCase(System.Collections.Generic.Dictionary`2[System.Int32,System.Char],System.Collections.Generic.Dictionary`2[System.Int32,System.Char])" fullname="NUnit.Framework.Constraints.CollectionEquivalentConstraintTests.HonorsIgnoreCase(System.Collections.Generic.Dictionary`2[System.Int32,System.Char],System.Collections.Generic.Dictionary`2[System.Int32,System.Char])" methodname="HonorsIgnoreCase" classname="NUnit.Framework.Constraints.CollectionEquivalentConstraintTests" runstate="Runnable" seed="1594128565" result="Passed" start-time="2017-02-21 11:04:45Z" end-time="2017-02-21 11:04:45Z" duration="0.001124" asserts="0" />
              <test-case id="0-2904" name="HonorsIgnoreCase(System.Collections.Generic.Dictionary`2[System.String,System.Int32],System.Collections.Generic.Dictionary`2[System.String,System.Int32])" fullname="NUnit.Framework.Constraints.CollectionEquivalentConstraintTests.HonorsIgnoreCase(System.Collections.Generic.Dictionary`2[System.String,System.Int32],System.Collections.Generic.Dictionary`2[System.String,System.Int32])" methodname="HonorsIgnoreCase" classname="NUnit.Framework.Constraints.CollectionEquivalentConstraintTests" runstate="Runnable" seed="1770627953" result="Passed" start-time="2017-02-21 11:04:45Z" end-time="2017-02-21 11:04:45Z" duration="0.001131" asserts="0" />
              <test-case id="0-2905" name="HonorsIgnoreCase(System.Collections.Generic.Dictionary`2[System.Char,System.Int32],System.Collections.Generic.Dictionary`2[System.Char,System.Int32])" fullname="NUnit.Framework.Constraints.CollectionEquivalentConstraintTests.HonorsIgnoreCase(System.Collections.Generic.Dictionary`2[System.Char,System.Int32],System.Collections.Generic.Dictionary`2[System.Char,System.Int32])" methodname="HonorsIgnoreCase" classname="NUnit.Framework.Constraints.CollectionEquivalentConstraintTests" runstate="Runnable" seed="47678503" result="Passed" start-time="2017-02-21 11:04:45Z" end-time="2017-02-21 11:04:45Z" duration="0.000716" asserts="0" />
              <test-case id="0-2906" name="HonorsIgnoreCase(System.Collections.Hashtable,System.Collections.Hashtable)" fullname="NUnit.Framework.Constraints.CollectionEquivalentConstraintTests.HonorsIgnoreCase(System.Collections.Hashtable,System.Collections.Hashtable)" methodname="HonorsIgnoreCase" classname="NUnit.Framework.Constraints.CollectionEquivalentConstraintTests" runstate="Runnable" seed="1374063675" result="Passed" start-time="2017-02-21 11:04:45Z" end-time="2017-02-21 11:04:45Z" duration="0.000430" asserts="0" />
              <test-case id="0-2907" name="HonorsIgnoreCase(System.Collections.Hashtable,System.Collections.Hashtable)" fullname="NUnit.Framework.Constraints.CollectionEquivalentConstraintTests.HonorsIgnoreCase(System.Collections.Hashtable,System.Collections.Hashtable)" methodname="HonorsIgnoreCase" classname="NUnit.Framework.Constraints.CollectionEquivalentConstraintTests" runstate="Runnable" seed="76302027" result="Passed" start-time="2017-02-21 11:04:45Z" end-time="2017-02-21 11:04:45Z" duration="0.000054" asserts="0" />
              <test-case id="0-2908" name="HonorsIgnoreCase(System.Collections.Hashtable,System.Collections.Hashtable)" fullname="NUnit.Framework.Constraints.CollectionEquivalentConstraintTests.HonorsIgnoreCase(System.Collections.Hashtable,System.Collections.Hashtable)" methodname="HonorsIgnoreCase" classname="NUnit.Framework.Constraints.CollectionEquivalentConstraintTests" runstate="Runnable" seed="253943615" result="Passed" start-time="2017-02-21 11:04:45Z" end-time="2017-02-21 11:04:45Z" duration="0.000060" asserts="0" />
              <test-case id="0-2909" name="HonorsIgnoreCase(System.Collections.Hashtable,System.Collections.Hashtable)" fullname="NUnit.Framework.Constraints.CollectionEquivalentConstraintTests.HonorsIgnoreCase(System.Collections.Hashtable,System.Collections.Hashtable)" methodname="HonorsIgnoreCase" classname="NUnit.Framework.Constraints.CollectionEquivalentConstraintTests" runstate="Runnable" seed="1370571469" result="Passed" start-time="2017-02-21 11:04:45Z" end-time="2017-02-21 11:04:45Z" duration="0.000119" asserts="0" />
            </test-suite>
            <test-case id="0-2915" name="WorksWithArrayAndHashSet" fullname="NUnit.Framework.Constraints.CollectionEquivalentConstraintTests.WorksWithArrayAndHashSet" methodname="WorksWithArrayAndHashSet" classname="NUnit.Framework.Constraints.CollectionEquivalentConstraintTests" runstate="Runnable" seed="1767445771" result="Passed" start-time="2017-02-21 11:04:45Z" end-time="2017-02-21 11:04:45Z" duration="0.000404" asserts="1" />
            <test-case id="0-2893" name="WorksWithCollectionsOfArrays" fullname="NUnit.Framework.Constraints.CollectionEquivalentConstraintTests.WorksWithCollectionsOfArrays" methodname="WorksWithCollectionsOfArrays" classname="NUnit.Framework.Constraints.CollectionEquivalentConstraintTests" runstate="Runnable" seed="898750133" result="Passed" start-time="2017-02-21 11:04:45Z" end-time="2017-02-21 11:04:45Z" duration="0.000439" asserts="2" />
            <test-case id="0-2914" name="WorksWithHashSetAndArray" fullname="NUnit.Framework.Constraints.CollectionEquivalentConstraintTests.WorksWithHashSetAndArray" methodname="WorksWithHashSetAndArray" classname="NUnit.Framework.Constraints.CollectionEquivalentConstraintTests" runstate="Runnable" seed="1566425538" result="Passed" start-time="2017-02-21 11:04:45Z" end-time="2017-02-21 11:04:45Z" duration="0.000486" asserts="1" />
            <test-case id="0-2913" name="WorksWithHashSets" fullname="NUnit.Framework.Constraints.CollectionEquivalentConstraintTests.WorksWithHashSets" methodname="WorksWithHashSets" classname="NUnit.Framework.Constraints.CollectionEquivalentConstraintTests" runstate="Runnable" seed="22048017" result="Passed" start-time="2017-02-21 11:04:45Z" end-time="2017-02-21 11:04:45Z" duration="0.000256" asserts="1" />
          </test-suite>
          <test-suite type="TestFixture" id="0-2960" name="CollectionSubsetConstraintTests" fullname="NUnit.Framework.Constraints.CollectionSubsetConstraintTests" classname="NUnit.Framework.Constraints.CollectionSubsetConstraintTests" runstate="Runnable" testcasecount="18" result="Passed" start-time="2017-02-21 11:04:45Z" end-time="2017-02-21 11:04:45Z" duration="0.061283" total="18" passed="18" failed="0" warnings="0" inconclusive="0" skipped="0" asserts="7">
            <test-suite type="ParameterizedMethod" id="0-2979" name="FailsWithBadValues" fullname="NUnit.Framework.Constraints.CollectionSubsetConstraintTests.FailsWithBadValues" classname="NUnit.Framework.Constraints.ConstraintTestBase" runstate="Runnable" testcasecount="2" result="Passed" start-time="2017-02-21 11:04:45Z" end-time="2017-02-21 11:04:45Z" duration="0.006648" total="2" passed="2" failed="0" warnings="0" inconclusive="0" skipped="0" asserts="4">
              <test-case id="0-2977" name="FailsWithBadValues(System.Int32[],&quot;&lt; 1, 3, 7 &gt;&quot;)" fullname="NUnit.Framework.Constraints.CollectionSubsetConstraintTests.FailsWithBadValues(System.Int32[],&quot;&lt; 1, 3, 7 &gt;&quot;)" methodname="FailsWithBadValues" classname="NUnit.Framework.Constraints.ConstraintTestBase" runstate="Runnable" seed="1466725414" result="Passed" start-time="2017-02-21 11:04:45Z" end-time="2017-02-21 11:04:45Z" duration="0.000293" asserts="2" />
              <test-case id="0-2978" name="FailsWithBadValues(System.Int32[],&quot;&lt; 1, 2, 2, 2, 5 &gt;&quot;)" fullname="NUnit.Framework.Constraints.CollectionSubsetConstraintTests.FailsWithBadValues(System.Int32[],&quot;&lt; 1, 2, 2, 2, 5 &gt;&quot;)" methodname="FailsWithBadValues" classname="NUnit.Framework.Constraints.ConstraintTestBase" runstate="Runnable" seed="893733955" result="Passed" start-time="2017-02-21 11:04:45Z" end-time="2017-02-21 11:04:45Z" duration="0.000108" asserts="2" />
            </test-suite>
            <test-suite type="ParameterizedMethod" id="0-2972" name="HonorsIgnoreCase" fullname="NUnit.Framework.Constraints.CollectionSubsetConstraintTests.HonorsIgnoreCase" classname="NUnit.Framework.Constraints.CollectionSubsetConstraintTests" runstate="Runnable" testcasecount="11" result="Passed" start-time="2017-02-21 11:04:45Z" end-time="2017-02-21 11:04:45Z" duration="0.033058" total="11" passed="11" failed="0" warnings="0" inconclusive="0" skipped="0" asserts="0">
              <test-case id="0-2961" name="HonorsIgnoreCase(NUnit.TestUtilities.Collections.SimpleObjectCollection,NUnit.TestUtilities.Collections.SimpleObjectCollection)" fullname="NUnit.Framework.Constraints.CollectionSubsetConstraintTests.HonorsIgnoreCase(NUnit.TestUtilities.Collections.SimpleObjectCollection,NUnit.TestUtilities.Collections.SimpleObjectCollection)" methodname="HonorsIgnoreCase" classname="NUnit.Framework.Constraints.CollectionSubsetConstraintTests" runstate="Runnable" seed="1784797713" result="Passed" start-time="2017-02-21 11:04:45Z" end-time="2017-02-21 11:04:45Z" duration="0.000428" asserts="0" />
              <test-case id="0-2962" name="HonorsIgnoreCase(System.Char[],System.Object[])" fullname="NUnit.Framework.Constraints.CollectionSubsetConstraintTests.HonorsIgnoreCase(System.Char[],System.Object[])" methodname="HonorsIgnoreCase" classname="NUnit.Framework.Constraints.CollectionSubsetConstraintTests" runstate="Runnable" seed="331951626" result="Passed" start-time="2017-02-21 11:04:45Z" end-time="2017-02-21 11:04:45Z" duration="0.000140" asserts="0" />
              <test-case id="0-2963" name="HonorsIgnoreCase(System.String[],System.Object[])" fullname="NUnit.Framework.Constraints.CollectionSubsetConstraintTests.HonorsIgnoreCase(System.String[],System.Object[])" methodname="HonorsIgnoreCase" classname="NUnit.Framework.Constraints.CollectionSubsetConstraintTests" runstate="Runnable" seed="1567123880" result="Passed" start-time="2017-02-21 11:04:45Z" end-time="2017-02-21 11:04:45Z" duration="0.000085" asserts="0" />
              <test-case id="0-2964" name="HonorsIgnoreCase(System.Collections.Generic.Dictionary`2[System.Int32,System.String],System.Collections.Generic.Dictionary`2[System.Int32,System.String])" fullname="NUnit.Framework.Constraints.CollectionSubsetConstraintTests.HonorsIgnoreCase(System.Collections.Generic.Dictionary`2[System.Int32,System.String],System.Collections.Generic.Dictionary`2[System.Int32,System.String])" methodname="HonorsIgnoreCase" classname="NUnit.Framework.Constraints.CollectionSubsetConstraintTests" runstate="Runnable" seed="2039831048" result="Passed" start-time="2017-02-21 11:04:45Z" end-time="2017-02-21 11:04:45Z" duration="0.000105" asserts="0" />
              <test-case id="0-2965" name="HonorsIgnoreCase(System.Collections.Generic.Dictionary`2[System.Int32,System.Char],System.Collections.Generic.Dictionary`2[System.Int32,System.Char])" fullname="NUnit.Framework.Constraints.CollectionSubsetConstraintTests.HonorsIgnoreCase(System.Collections.Generic.Dictionary`2[System.Int32,System.Char],System.Collections.Generic.Dictionary`2[System.Int32,System.Char])" methodname="HonorsIgnoreCase" classname="NUnit.Framework.Constraints.CollectionSubsetConstraintTests" runstate="Runnable" seed="1400922810" result="Passed" start-time="2017-02-21 11:04:45Z" end-time="2017-02-21 11:04:45Z" duration="0.000111" asserts="0" />
              <test-case id="0-2966" name="HonorsIgnoreCase(System.Collections.Generic.Dictionary`2[System.String,System.Int32],System.Collections.Generic.Dictionary`2[System.String,System.Int32])" fullname="NUnit.Framework.Constraints.CollectionSubsetConstraintTests.HonorsIgnoreCase(System.Collections.Generic.Dictionary`2[System.String,System.Int32],System.Collections.Generic.Dictionary`2[System.String,System.Int32])" methodname="HonorsIgnoreCase" classname="NUnit.Framework.Constraints.CollectionSubsetConstraintTests" runstate="Runnable" seed="702544080" result="Passed" start-time="2017-02-21 11:04:45Z" end-time="2017-02-21 11:04:45Z" duration="0.000089" asserts="0" />
              <test-case id="0-2967" name="HonorsIgnoreCase(System.Collections.Generic.Dictionary`2[System.Char,System.Int32],System.Collections.Generic.Dictionary`2[System.Char,System.Int32])" fullname="NUnit.Framework.Constraints.CollectionSubsetConstraintTests.HonorsIgnoreCase(System.Collections.Generic.Dictionary`2[System.Char,System.Int32],System.Collections.Generic.Dictionary`2[System.Char,System.Int32])" methodname="HonorsIgnoreCase" classname="NUnit.Framework.Constraints.CollectionSubsetConstraintTests" runstate="Runnable" seed="1137143359" result="Passed" start-time="2017-02-21 11:04:45Z" end-time="2017-02-21 11:04:45Z" duration="0.000073" asserts="0" />
              <test-case id="0-2968" name="HonorsIgnoreCase(System.Collections.Hashtable,System.Collections.Hashtable)" fullname="NUnit.Framework.Constraints.CollectionSubsetConstraintTests.HonorsIgnoreCase(System.Collections.Hashtable,System.Collections.Hashtable)" methodname="HonorsIgnoreCase" classname="NUnit.Framework.Constraints.CollectionSubsetConstraintTests" runstate="Runnable" seed="710088031" result="Passed" start-time="2017-02-21 11:04:45Z" end-time="2017-02-21 11:04:45Z" duration="0.000149" asserts="0" />
              <test-case id="0-2969" name="HonorsIgnoreCase(System.Collections.Hashtable,System.Collections.Hashtable)" fullname="NUnit.Framework.Constraints.CollectionSubsetConstraintTests.HonorsIgnoreCase(System.Collections.Hashtable,System.Collections.Hashtable)" methodname="HonorsIgnoreCase" classname="NUnit.Framework.Constraints.CollectionSubsetConstraintTests" runstate="Runnable" seed="1467632621" result="Passed" start-time="2017-02-21 11:04:45Z" end-time="2017-02-21 11:04:45Z" duration="0.000133" asserts="0" />
              <test-case id="0-2970" name="HonorsIgnoreCase(System.Collections.Hashtable,System.Collections.Hashtable)" fullname="NUnit.Framework.Constraints.CollectionSubsetConstraintTests.HonorsIgnoreCase(System.Collections.Hashtable,System.Collections.Hashtable)" methodname="HonorsIgnoreCase" classname="NUnit.Framework.Constraints.CollectionSubsetConstraintTests" runstate="Runnable" seed="1415486715" result="Passed" start-time="2017-02-21 11:04:45Z" end-time="2017-02-21 11:04:45Z" duration="0.000146" asserts="0" />
              <test-case id="0-2971" name="HonorsIgnoreCase(System.Collections.Hashtable,System.Collections.Hashtable)" fullname="NUnit.Framework.Constraints.CollectionSubsetConstraintTests.HonorsIgnoreCase(System.Collections.Hashtable,System.Collections.Hashtable)" methodname="HonorsIgnoreCase" classname="NUnit.Framework.Constraints.CollectionSubsetConstraintTests" runstate="Runnable" seed="1406713510" result="Passed" start-time="2017-02-21 11:04:45Z" end-time="2017-02-21 11:04:45Z" duration="0.000057" asserts="0" />
            </test-suite>
            <test-case id="0-2973" name="IsSubsetHonorsUsingWhenCollectionsAreOfDifferentTypes" fullname="NUnit.Framework.Constraints.CollectionSubsetConstraintTests.IsSubsetHonorsUsingWhenCollectionsAreOfDifferentTypes" methodname="IsSubsetHonorsUsingWhenCollectionsAreOfDifferentTypes" classname="NUnit.Framework.Constraints.CollectionSubsetConstraintTests" runstate="Runnable" seed="1101935872" result="Passed" start-time="2017-02-21 11:04:45Z" end-time="2017-02-21 11:04:45Z" duration="0.000574" asserts="1" />
            <test-case id="0-2980" name="ProvidesProperDescription" fullname="NUnit.Framework.Constraints.CollectionSubsetConstraintTests.ProvidesProperDescription" methodname="ProvidesProperDescription" classname="NUnit.Framework.Constraints.ConstraintTestBaseNoData" runstate="Runnable" seed="1492619356" result="Passed" start-time="2017-02-21 11:04:45Z" end-time="2017-02-21 11:04:45Z" duration="0.000059" asserts="1" />
            <test-case id="0-2981" name="ProvidesProperStringRepresentation" fullname="NUnit.Framework.Constraints.CollectionSubsetConstraintTests.ProvidesProperStringRepresentation" methodname="ProvidesProperStringRepresentation" classname="NUnit.Framework.Constraints.ConstraintTestBaseNoData" runstate="Runnable" seed="546365466" result="Passed" start-time="2017-02-21 11:04:45Z" end-time="2017-02-21 11:04:45Z" duration="0.000346" asserts="1" />
            <test-suite type="ParameterizedMethod" id="0-2976" name="SucceedsWithGoodValues" fullname="NUnit.Framework.Constraints.CollectionSubsetConstraintTests.SucceedsWithGoodValues" classname="NUnit.Framework.Constraints.ConstraintTestBase" runstate="Runnable" testcasecount="2" result="Passed" start-time="2017-02-21 11:04:45Z" end-time="2017-02-21 11:04:45Z" duration="0.005439" total="2" passed="2" failed="0" warnings="0" inconclusive="0" skipped="0" asserts="0">
              <test-case id="0-2974" name="SucceedsWithGoodValues(System.Int32[])" fullname="NUnit.Framework.Constraints.CollectionSubsetConstraintTests.SucceedsWithGoodValues(System.Int32[])" methodname="SucceedsWithGoodValues" classname="NUnit.Framework.Constraints.ConstraintTestBase" runstate="Runnable" seed="1873513739" result="Passed" start-time="2017-02-21 11:04:45Z" end-time="2017-02-21 11:04:45Z" duration="0.000060" asserts="0" />
              <test-case id="0-2975" name="SucceedsWithGoodValues(System.Int32[])" fullname="NUnit.Framework.Constraints.CollectionSubsetConstraintTests.SucceedsWithGoodValues(System.Int32[])" methodname="SucceedsWithGoodValues" classname="NUnit.Framework.Constraints.ConstraintTestBase" runstate="Runnable" seed="159057848" result="Passed" start-time="2017-02-21 11:04:45Z" end-time="2017-02-21 11:04:45Z" duration="0.000051" asserts="0" />
            </test-suite>
          </test-suite>
          <test-suite type="TestFixture" id="0-3053" name="EmptyConstraintTest" fullname="NUnit.Framework.Constraints.EmptyConstraintTest" classname="NUnit.Framework.Constraints.EmptyConstraintTest" runstate="Runnable" testcasecount="11" result="Passed" start-time="2017-02-21 11:04:45Z" end-time="2017-02-21 11:04:45Z" duration="0.042613" total="11" passed="11" failed="0" warnings="0" inconclusive="0" skipped="0" asserts="9">
            <test-suite type="ParameterizedMethod" id="0-3065" name="FailsWithBadValues" fullname="NUnit.Framework.Constraints.EmptyConstraintTest.FailsWithBadValues" classname="NUnit.Framework.Constraints.ConstraintTestBase" runstate="Runnable" testcasecount="2" result="Passed" start-time="2017-02-21 11:04:45Z" end-time="2017-02-21 11:04:45Z" duration="0.009895" total="2" passed="2" failed="0" warnings="0" inconclusive="0" skipped="0" asserts="4">
              <test-case id="0-3063" name="FailsWithBadValues(&quot;Hello&quot;,&quot;\&quot;Hello\&quot;&quot;)" fullname="NUnit.Framework.Constraints.EmptyConstraintTest.FailsWithBadValues(&quot;Hello&quot;,&quot;\&quot;Hello\&quot;&quot;)" methodname="FailsWithBadValues" classname="NUnit.Framework.Constraints.ConstraintTestBase" runstate="Runnable" seed="19967889" result="Passed" start-time="2017-02-21 11:04:45Z" end-time="2017-02-21 11:04:45Z" duration="0.001423" asserts="2" />
              <test-case id="0-3064" name="FailsWithBadValues(System.Object[],&quot;&lt; 1, 2, 3 &gt;&quot;)" fullname="NUnit.Framework.Constraints.EmptyConstraintTest.FailsWithBadValues(System.Object[],&quot;&lt; 1, 2, 3 &gt;&quot;)" methodname="FailsWithBadValues" classname="NUnit.Framework.Constraints.ConstraintTestBase" runstate="Runnable" seed="1402203510" result="Passed" start-time="2017-02-21 11:04:45Z" end-time="2017-02-21 11:04:45Z" duration="0.000115" asserts="2" />
            </test-suite>
            <test-suite type="ParameterizedMethod" id="0-3056" name="InvalidDataThrowsArgumentException" fullname="NUnit.Framework.Constraints.EmptyConstraintTest.InvalidDataThrowsArgumentException" classname="NUnit.Framework.Constraints.EmptyConstraintTest" runstate="Runnable" testcasecount="2" result="Passed" start-time="2017-02-21 11:04:45Z" end-time="2017-02-21 11:04:45Z" duration="0.006233" total="2" passed="2" failed="0" warnings="0" inconclusive="0" skipped="0" asserts="2">
              <test-case id="0-3054" name="InvalidDataThrowsArgumentException(null)" fullname="NUnit.Framework.Constraints.EmptyConstraintTest.InvalidDataThrowsArgumentException(null)" methodname="InvalidDataThrowsArgumentException" classname="NUnit.Framework.Constraints.EmptyConstraintTest" runstate="Runnable" seed="523334619" result="Passed" start-time="2017-02-21 11:04:45Z" end-time="2017-02-21 11:04:45Z" duration="0.000379" asserts="1" />
              <test-case id="0-3055" name="InvalidDataThrowsArgumentException(5)" fullname="NUnit.Framework.Constraints.EmptyConstraintTest.InvalidDataThrowsArgumentException(5)" methodname="InvalidDataThrowsArgumentException" classname="NUnit.Framework.Constraints.EmptyConstraintTest" runstate="Runnable" seed="413532177" result="Passed" start-time="2017-02-21 11:04:45Z" end-time="2017-02-21 11:04:45Z" duration="0.000126" asserts="1" />
            </test-suite>
            <test-case id="0-3057" name="NullStringGivesFailureResult" fullname="NUnit.Framework.Constraints.EmptyConstraintTest.NullStringGivesFailureResult" methodname="NullStringGivesFailureResult" classname="NUnit.Framework.Constraints.EmptyConstraintTest" runstate="Runnable" seed="979413591" result="Passed" start-time="2017-02-21 11:04:45Z" end-time="2017-02-21 11:04:45Z" duration="0.000277" asserts="1" />
            <test-case id="0-3066" name="ProvidesProperDescription" fullname="NUnit.Framework.Constraints.EmptyConstraintTest.ProvidesProperDescription" methodname="ProvidesProperDescription" classname="NUnit.Framework.Constraints.ConstraintTestBaseNoData" runstate="Runnable" seed="1945954148" result="Passed" start-time="2017-02-21 11:04:45Z" end-time="2017-02-21 11:04:45Z" duration="0.000060" asserts="1" />
            <test-case id="0-3067" name="ProvidesProperStringRepresentation" fullname="NUnit.Framework.Constraints.EmptyConstraintTest.ProvidesProperStringRepresentation" methodname="ProvidesProperStringRepresentation" classname="NUnit.Framework.Constraints.ConstraintTestBaseNoData" runstate="Runnable" seed="2128894553" result="Passed" start-time="2017-02-21 11:04:45Z" end-time="2017-02-21 11:04:45Z" duration="0.000059" asserts="1" />
            <test-suite type="ParameterizedMethod" id="0-3062" name="SucceedsWithGoodValues" fullname="NUnit.Framework.Constraints.EmptyConstraintTest.SucceedsWithGoodValues" classname="NUnit.Framework.Constraints.ConstraintTestBase" runstate="Runnable" testcasecount="4" result="Passed" start-time="2017-02-21 11:04:45Z" end-time="2017-02-21 11:04:45Z" duration="0.011950" total="4" passed="4" failed="0" warnings="0" inconclusive="0" skipped="0" asserts="0">
              <test-case id="0-3058" name="SucceedsWithGoodValues(&quot;&quot;)" fullname="NUnit.Framework.Constraints.EmptyConstraintTest.SucceedsWithGoodValues(&quot;&quot;)" methodname="SucceedsWithGoodValues" classname="NUnit.Framework.Constraints.ConstraintTestBase" runstate="Runnable" seed="19538500" result="Passed" start-time="2017-02-21 11:04:45Z" end-time="2017-02-21 11:04:45Z" duration="0.000050" asserts="0" />
              <test-case id="0-3059" name="SucceedsWithGoodValues(System.Object[])" fullname="NUnit.Framework.Constraints.EmptyConstraintTest.SucceedsWithGoodValues(System.Object[])" methodname="SucceedsWithGoodValues" classname="NUnit.Framework.Constraints.ConstraintTestBase" runstate="Runnable" seed="16550673" result="Passed" start-time="2017-02-21 11:04:45Z" end-time="2017-02-21 11:04:45Z" duration="0.000125" asserts="0" />
              <test-case id="0-3060" name="SucceedsWithGoodValues(System.Collections.ArrayList)" fullname="NUnit.Framework.Constraints.EmptyConstraintTest.SucceedsWithGoodValues(System.Collections.ArrayList)" methodname="SucceedsWithGoodValues" classname="NUnit.Framework.Constraints.ConstraintTestBase" runstate="Runnable" seed="315022389" result="Passed" start-time="2017-02-21 11:04:45Z" end-time="2017-02-21 11:04:45Z" duration="0.000098" asserts="0" />
              <test-case id="0-3061" name="SucceedsWithGoodValues(System.Collections.Generic.List`1[System.Int32])" fullname="NUnit.Framework.Constraints.EmptyConstraintTest.SucceedsWithGoodValues(System.Collections.Generic.List`1[System.Int32])" methodname="SucceedsWithGoodValues" classname="NUnit.Framework.Constraints.ConstraintTestBase" runstate="Runnable" seed="594965108" result="Passed" start-time="2017-02-21 11:04:45Z" end-time="2017-02-21 11:04:45Z" duration="0.000066" asserts="0" />
            </test-suite>
          </test-suite>
          <test-suite type="TestFixture" id="0-3077" name="EmptyDirectoryConstraintTest" fullname="NUnit.Framework.Constraints.EmptyDirectoryConstraintTest" classname="NUnit.Framework.Constraints.EmptyDirectoryConstraintTest" runstate="Runnable" testcasecount="2" result="Passed" start-time="2017-02-21 11:04:45Z" end-time="2017-02-21 11:04:45Z" duration="0.006803" total="2" passed="2" failed="0" warnings="0" inconclusive="0" skipped="0" asserts="2">
            <test-case id="0-3078" name="EmptyDirectory" fullname="NUnit.Framework.Constraints.EmptyDirectoryConstraintTest.EmptyDirectory" methodname="EmptyDirectory" classname="NUnit.Framework.Constraints.EmptyDirectoryConstraintTest" runstate="Runnable" seed="671693009" result="Passed" start-time="2017-02-21 11:04:45Z" end-time="2017-02-21 11:04:45Z" duration="0.001033" asserts="1" />
            <test-case id="0-3079" name="NotEmptyDirectory" fullname="NUnit.Framework.Constraints.EmptyDirectoryConstraintTest.NotEmptyDirectory" methodname="NotEmptyDirectory" classname="NUnit.Framework.Constraints.EmptyDirectoryConstraintTest" runstate="Runnable" seed="676190386" result="Passed" start-time="2017-02-21 11:04:45Z" end-time="2017-02-21 11:04:45Z" duration="0.000660" asserts="1" />
          </test-suite>
          <test-suite type="TestFixture" id="0-2982" name="CollectionSupersetConstraintTests" fullname="NUnit.Framework.Constraints.CollectionSupersetConstraintTests" classname="NUnit.Framework.Constraints.CollectionSupersetConstraintTests" runstate="Runnable" testcasecount="22" result="Passed" start-time="2017-02-21 11:04:45Z" end-time="2017-02-21 11:04:45Z" duration="0.070243" total="22" passed="22" failed="0" warnings="0" inconclusive="0" skipped="0" asserts="11">
            <test-suite type="ParameterizedMethod" id="0-3005" name="FailsWithBadValues" fullname="NUnit.Framework.Constraints.CollectionSupersetConstraintTests.FailsWithBadValues" classname="NUnit.Framework.Constraints.ConstraintTestBase" runstate="Runnable" testcasecount="4" result="Passed" start-time="2017-02-21 11:04:45Z" end-time="2017-02-21 11:04:45Z" duration="0.010674" total="4" passed="4" failed="0" warnings="0" inconclusive="0" skipped="0" asserts="8">
              <test-case id="0-3001" name="FailsWithBadValues(System.Int32[],&quot;&lt; 1, 3, 7 &gt;&quot;)" fullname="NUnit.Framework.Constraints.CollectionSupersetConstraintTests.FailsWithBadValues(System.Int32[],&quot;&lt; 1, 3, 7 &gt;&quot;)" methodname="FailsWithBadValues" classname="NUnit.Framework.Constraints.ConstraintTestBase" runstate="Runnable" seed="504631937" result="Passed" start-time="2017-02-21 11:04:45Z" end-time="2017-02-21 11:04:45Z" duration="0.000422" asserts="2" />
              <test-case id="0-3002" name="FailsWithBadValues(System.Int32[],&quot;&lt; 1, 2, 2, 2, 5 &gt;&quot;)" fullname="NUnit.Framework.Constraints.CollectionSupersetConstraintTests.FailsWithBadValues(System.Int32[],&quot;&lt; 1, 2, 2, 2, 5 &gt;&quot;)" methodname="FailsWithBadValues" classname="NUnit.Framework.Constraints.ConstraintTestBase" runstate="Runnable" seed="176208489" result="Passed" start-time="2017-02-21 11:04:45Z" end-time="2017-02-21 11:04:45Z" duration="0.000068" asserts="2" />
              <test-case id="0-3003" name="FailsWithBadValues(System.Int32[],&quot;&lt; 1, 2, 3, 5 &gt;&quot;)" fullname="NUnit.Framework.Constraints.CollectionSupersetConstraintTests.FailsWithBadValues(System.Int32[],&quot;&lt; 1, 2, 3, 5 &gt;&quot;)" methodname="FailsWithBadValues" classname="NUnit.Framework.Constraints.ConstraintTestBase" runstate="Runnable" seed="1572945326" result="Passed" start-time="2017-02-21 11:04:45Z" end-time="2017-02-21 11:04:45Z" duration="0.000081" asserts="2" />
              <test-case id="0-3004" name="FailsWithBadValues(System.Int32[],&quot;&lt; 1, 2, 3, 5, 7 &gt;&quot;)" fullname="NUnit.Framework.Constraints.CollectionSupersetConstraintTests.FailsWithBadValues(System.Int32[],&quot;&lt; 1, 2, 3, 5, 7 &gt;&quot;)" methodname="FailsWithBadValues" classname="NUnit.Framework.Constraints.ConstraintTestBase" runstate="Runnable" seed="1163850462" result="Passed" start-time="2017-02-21 11:04:45Z" end-time="2017-02-21 11:04:45Z" duration="0.000191" asserts="2" />
            </test-suite>
            <test-suite type="ParameterizedMethod" id="0-2994" name="HonorsIgnoreCase" fullname="NUnit.Framework.Constraints.CollectionSupersetConstraintTests.HonorsIgnoreCase" classname="NUnit.Framework.Constraints.CollectionSupersetConstraintTests" runstate="Runnable" testcasecount="11" result="Passed" start-time="2017-02-21 11:04:45Z" end-time="2017-02-21 11:04:45Z" duration="0.029889" total="11" passed="11" failed="0" warnings="0" inconclusive="0" skipped="0" asserts="0">
              <test-case id="0-2983" name="HonorsIgnoreCase(NUnit.TestUtilities.Collections.SimpleObjectCollection,NUnit.TestUtilities.Collections.SimpleObjectCollection)" fullname="NUnit.Framework.Constraints.CollectionSupersetConstraintTests.HonorsIgnoreCase(NUnit.TestUtilities.Collections.SimpleObjectCollection,NUnit.TestUtilities.Collections.SimpleObjectCollection)" methodname="HonorsIgnoreCase" classname="NUnit.Framework.Constraints.CollectionSupersetConstraintTests" runstate="Runnable" seed="1124244590" result="Passed" start-time="2017-02-21 11:04:45Z" end-time="2017-02-21 11:04:45Z" duration="0.000293" asserts="0" />
              <test-case id="0-2984" name="HonorsIgnoreCase(System.Object[],System.Char[])" fullname="NUnit.Framework.Constraints.CollectionSupersetConstraintTests.HonorsIgnoreCase(System.Object[],System.Char[])" methodname="HonorsIgnoreCase" classname="NUnit.Framework.Constraints.CollectionSupersetConstraintTests" runstate="Runnable" seed="1957687814" result="Passed" start-time="2017-02-21 11:04:45Z" end-time="2017-02-21 11:04:45Z" duration="0.000063" asserts="0" />
              <test-case id="0-2985" name="HonorsIgnoreCase(System.Object[],System.String[])" fullname="NUnit.Framework.Constraints.CollectionSupersetConstraintTests.HonorsIgnoreCase(System.Object[],System.String[])" methodname="HonorsIgnoreCase" classname="NUnit.Framework.Constraints.CollectionSupersetConstraintTests" runstate="Runnable" seed="942491403" result="Passed" start-time="2017-02-21 11:04:45Z" end-time="2017-02-21 11:04:45Z" duration="0.000231" asserts="0" />
              <test-case id="0-2986" name="HonorsIgnoreCase(System.Collections.Generic.Dictionary`2[System.Int32,System.String],System.Collections.Generic.Dictionary`2[System.Int32,System.String])" fullname="NUnit.Framework.Constraints.CollectionSupersetConstraintTests.HonorsIgnoreCase(System.Collections.Generic.Dictionary`2[System.Int32,System.String],System.Collections.Generic.Dictionary`2[System.Int32,System.String])" methodname="HonorsIgnoreCase" classname="NUnit.Framework.Constraints.CollectionSupersetConstraintTests" runstate="Runnable" seed="1778766439" result="Passed" start-time="2017-02-21 11:04:45Z" end-time="2017-02-21 11:04:45Z" duration="0.000110" asserts="0" />
              <test-case id="0-2987" name="HonorsIgnoreCase(System.Collections.Generic.Dictionary`2[System.Int32,System.Char],System.Collections.Generic.Dictionary`2[System.Int32,System.Char])" fullname="NUnit.Framework.Constraints.CollectionSupersetConstraintTests.HonorsIgnoreCase(System.Collections.Generic.Dictionary`2[System.Int32,System.Char],System.Collections.Generic.Dictionary`2[System.Int32,System.Char])" methodname="HonorsIgnoreCase" classname="NUnit.Framework.Constraints.CollectionSupersetConstraintTests" runstate="Runnable" seed="2130857404" result="Passed" start-time="2017-02-21 11:04:45Z" end-time="2017-02-21 11:04:45Z" duration="0.000137" asserts="0" />
              <test-case id="0-2988" name="HonorsIgnoreCase(System.Collections.Generic.Dictionary`2[System.String,System.Int32],System.Collections.Generic.Dictionary`2[System.String,System.Int32])" fullname="NUnit.Framework.Constraints.CollectionSupersetConstraintTests.HonorsIgnoreCase(System.Collections.Generic.Dictionary`2[System.String,System.Int32],System.Collections.Generic.Dictionary`2[System.String,System.Int32])" methodname="HonorsIgnoreCase" classname="NUnit.Framework.Constraints.CollectionSupersetConstraintTests" runstate="Runnable" seed="238067159" result="Passed" start-time="2017-02-21 11:04:45Z" end-time="2017-02-21 11:04:45Z" duration="0.000080" asserts="0" />
              <test-case id="0-2989" name="HonorsIgnoreCase(System.Collections.Generic.Dictionary`2[System.Char,System.Int32],System.Collections.Generic.Dictionary`2[System.Char,System.Int32])" fullname="NUnit.Framework.Constraints.CollectionSupersetConstraintTests.HonorsIgnoreCase(System.Collections.Generic.Dictionary`2[System.Char,System.Int32],System.Collections.Generic.Dictionary`2[System.Char,System.Int32])" methodname="HonorsIgnoreCase" classname="NUnit.Framework.Constraints.CollectionSupersetConstraintTests" runstate="Runnable" seed="1470351539" result="Passed" start-time="2017-02-21 11:04:45Z" end-time="2017-02-21 11:04:45Z" duration="0.000078" asserts="0" />
              <test-case id="0-2990" name="HonorsIgnoreCase(System.Collections.Hashtable,System.Collections.Hashtable)" fullname="NUnit.Framework.Constraints.CollectionSupersetConstraintTests.HonorsIgnoreCase(System.Collections.Hashtable,System.Collections.Hashtable)" methodname="HonorsIgnoreCase" classname="NUnit.Framework.Constraints.CollectionSupersetConstraintTests" runstate="Runnable" seed="1768304262" result="Passed" start-time="2017-02-21 11:04:45Z" end-time="2017-02-21 11:04:45Z" duration="0.000065" asserts="0" />
              <test-case id="0-2991" name="HonorsIgnoreCase(System.Collections.Hashtable,System.Collections.Hashtable)" fullname="NUnit.Framework.Constraints.CollectionSupersetConstraintTests.HonorsIgnoreCase(System.Collections.Hashtable,System.Collections.Hashtable)" methodname="HonorsIgnoreCase" classname="NUnit.Framework.Constraints.CollectionSupersetConstraintTests" runstate="Runnable" seed="47117258" result="Passed" start-time="2017-02-21 11:04:45Z" end-time="2017-02-21 11:04:45Z" duration="0.000070" asserts="0" />
              <test-case id="0-2992" name="HonorsIgnoreCase(System.Collections.Hashtable,System.Collections.Hashtable)" fullname="NUnit.Framework.Constraints.CollectionSupersetConstraintTests.HonorsIgnoreCase(System.Collections.Hashtable,System.Collections.Hashtable)" methodname="HonorsIgnoreCase" classname="NUnit.Framework.Constraints.CollectionSupersetConstraintTests" runstate="Runnable" seed="346703310" result="Passed" start-time="2017-02-21 11:04:45Z" end-time="2017-02-21 11:04:45Z" duration="0.000071" asserts="0" />
              <test-case id="0-2993" name="HonorsIgnoreCase(System.Collections.Hashtable,System.Collections.Hashtable)" fullname="NUnit.Framework.Constraints.CollectionSupersetConstraintTests.HonorsIgnoreCase(System.Collections.Hashtable,System.Collections.Hashtable)" methodname="HonorsIgnoreCase" classname="NUnit.Framework.Constraints.CollectionSupersetConstraintTests" runstate="Runnable" seed="1958992058" result="Passed" start-time="2017-02-21 11:04:45Z" end-time="2017-02-21 11:04:45Z" duration="0.000072" asserts="0" />
            </test-suite>
            <test-case id="0-2995" name="IsSuperSetHonorsUsingWhenCollectionsAreOfDifferentTypes" fullname="NUnit.Framework.Constraints.CollectionSupersetConstraintTests.IsSuperSetHonorsUsingWhenCollectionsAreOfDifferentTypes" methodname="IsSuperSetHonorsUsingWhenCollectionsAreOfDifferentTypes" classname="NUnit.Framework.Constraints.CollectionSupersetConstraintTests" runstate="Runnable" seed="102492978" result="Passed" start-time="2017-02-21 11:04:45Z" end-time="2017-02-21 11:04:45Z" duration="0.001216" asserts="1" />
            <test-case id="0-3006" name="ProvidesProperDescription" fullname="NUnit.Framework.Constraints.CollectionSupersetConstraintTests.ProvidesProperDescription" methodname="ProvidesProperDescription" classname="NUnit.Framework.Constraints.ConstraintTestBaseNoData" runstate="Runnable" seed="1343860521" result="Passed" start-time="2017-02-21 11:04:45Z" end-time="2017-02-21 11:04:45Z" duration="0.000045" asserts="1" />
            <test-case id="0-3007" name="ProvidesProperStringRepresentation" fullname="NUnit.Framework.Constraints.CollectionSupersetConstraintTests.ProvidesProperStringRepresentation" methodname="ProvidesProperStringRepresentation" classname="NUnit.Framework.Constraints.ConstraintTestBaseNoData" runstate="Runnable" seed="1366952547" result="Passed" start-time="2017-02-21 11:04:45Z" end-time="2017-02-21 11:04:45Z" duration="0.000099" asserts="1" />
            <test-suite type="ParameterizedMethod" id="0-3000" name="SucceedsWithGoodValues" fullname="NUnit.Framework.Constraints.CollectionSupersetConstraintTests.SucceedsWithGoodValues" classname="NUnit.Framework.Constraints.ConstraintTestBase" runstate="Runnable" testcasecount="4" result="Passed" start-time="2017-02-21 11:04:45Z" end-time="2017-02-21 11:04:45Z" duration="0.009888" total="4" passed="4" failed="0" warnings="0" inconclusive="0" skipped="0" asserts="0">
              <test-case id="0-2996" name="SucceedsWithGoodValues(System.Int32[])" fullname="NUnit.Framework.Constraints.CollectionSupersetConstraintTests.SucceedsWithGoodValues(System.Int32[])" methodname="SucceedsWithGoodValues" classname="NUnit.Framework.Constraints.ConstraintTestBase" runstate="Runnable" seed="801575114" result="Passed" start-time="2017-02-21 11:04:45Z" end-time="2017-02-21 11:04:45Z" duration="0.000071" asserts="0" />
              <test-case id="0-2997" name="SucceedsWithGoodValues(System.Int32[])" fullname="NUnit.Framework.Constraints.CollectionSupersetConstraintTests.SucceedsWithGoodValues(System.Int32[])" methodname="SucceedsWithGoodValues" classname="NUnit.Framework.Constraints.ConstraintTestBase" runstate="Runnable" seed="1141399782" result="Passed" start-time="2017-02-21 11:04:45Z" end-time="2017-02-21 11:04:45Z" duration="0.000077" asserts="0" />
              <test-case id="0-2998" name="SucceedsWithGoodValues(System.Int32[])" fullname="NUnit.Framework.Constraints.CollectionSupersetConstraintTests.SucceedsWithGoodValues(System.Int32[])" methodname="SucceedsWithGoodValues" classname="NUnit.Framework.Constraints.ConstraintTestBase" runstate="Runnable" seed="2026960825" result="Passed" start-time="2017-02-21 11:04:45Z" end-time="2017-02-21 11:04:45Z" duration="0.000184" asserts="0" />
              <test-case id="0-2999" name="SucceedsWithGoodValues(System.Int32[])" fullname="NUnit.Framework.Constraints.CollectionSupersetConstraintTests.SucceedsWithGoodValues(System.Int32[])" methodname="SucceedsWithGoodValues" classname="NUnit.Framework.Constraints.ConstraintTestBase" runstate="Runnable" seed="1836763639" result="Passed" start-time="2017-02-21 11:04:45Z" end-time="2017-02-21 11:04:45Z" duration="0.000055" asserts="0" />
            </test-suite>
          </test-suite>
          <test-suite type="TestFixture" id="0-2917" name="CollectionOrderedConstraintTests" fullname="NUnit.Framework.Constraints.CollectionOrderedConstraintTests" classname="NUnit.Framework.Constraints.CollectionOrderedConstraintTests" runstate="Runnable" testcasecount="41" result="Passed" start-time="2017-02-21 11:04:45Z" end-time="2017-02-21 11:04:45Z" duration="0.131356" total="41" passed="41" failed="0" warnings="0" inconclusive="0" skipped="0" asserts="49">
            <test-case id="0-2956" name="ExceptionThrownForAscendingByDescending" fullname="NUnit.Framework.Constraints.CollectionOrderedConstraintTests.ExceptionThrownForAscendingByDescending" methodname="ExceptionThrownForAscendingByDescending" classname="NUnit.Framework.Constraints.CollectionOrderedConstraintTests" runstate="Runnable" seed="55617425" result="Passed" start-time="2017-02-21 11:04:45Z" end-time="2017-02-21 11:04:45Z" duration="0.000546" asserts="1" />
            <test-case id="0-2955" name="ExceptionThrownForAscendingPlusDescending" fullname="NUnit.Framework.Constraints.CollectionOrderedConstraintTests.ExceptionThrownForAscendingPlusDescending" methodname="ExceptionThrownForAscendingPlusDescending" classname="NUnit.Framework.Constraints.CollectionOrderedConstraintTests" runstate="Runnable" seed="2022687452" result="Passed" start-time="2017-02-21 11:04:45Z" end-time="2017-02-21 11:04:45Z" duration="0.000593" asserts="1" />
            <test-case id="0-2947" name="ExceptionThrownForMultipleComparersInStep" fullname="NUnit.Framework.Constraints.CollectionOrderedConstraintTests.ExceptionThrownForMultipleComparersInStep" methodname="ExceptionThrownForMultipleComparersInStep" classname="NUnit.Framework.Constraints.CollectionOrderedConstraintTests" runstate="Runnable" seed="1517141365" result="Passed" start-time="2017-02-21 11:04:45Z" end-time="2017-02-21 11:04:45Z" duration="0.000272" asserts="1" />
            <test-case id="0-2953" name="ExceptionThrownForRepeatedAscending" fullname="NUnit.Framework.Constraints.CollectionOrderedConstraintTests.ExceptionThrownForRepeatedAscending" methodname="ExceptionThrownForRepeatedAscending" classname="NUnit.Framework.Constraints.CollectionOrderedConstraintTests" runstate="Runnable" seed="1951202646" result="Passed" start-time="2017-02-21 11:04:45Z" end-time="2017-02-21 11:04:45Z" duration="0.000387" asserts="1" />
            <test-case id="0-2954" name="ExceptionThrownForRepeatedDescending" fullname="NUnit.Framework.Constraints.CollectionOrderedConstraintTests.ExceptionThrownForRepeatedDescending" methodname="ExceptionThrownForRepeatedDescending" classname="NUnit.Framework.Constraints.CollectionOrderedConstraintTests" runstate="Runnable" seed="1642709267" result="Passed" start-time="2017-02-21 11:04:45Z" end-time="2017-02-21 11:04:45Z" duration="0.000246" asserts="1" />
            <test-case id="0-2959" name="IsOrdered_AtLeastOneArgMustImplementIComparable" fullname="NUnit.Framework.Constraints.CollectionOrderedConstraintTests.IsOrdered_AtLeastOneArgMustImplementIComparable" methodname="IsOrdered_AtLeastOneArgMustImplementIComparable" classname="NUnit.Framework.Constraints.CollectionOrderedConstraintTests" runstate="Runnable" seed="1945208218" result="Passed" start-time="2017-02-21 11:04:45Z" end-time="2017-02-21 11:04:45Z" duration="0.005378" asserts="1" />
            <test-case id="0-2945" name="IsOrdered_Fails" fullname="NUnit.Framework.Constraints.CollectionOrderedConstraintTests.IsOrdered_Fails" methodname="IsOrdered_Fails" classname="NUnit.Framework.Constraints.CollectionOrderedConstraintTests" runstate="Runnable" seed="2069270693" result="Passed" start-time="2017-02-21 11:04:45Z" end-time="2017-02-21 11:04:45Z" duration="0.003230" asserts="2" />
            <test-case id="0-2946" name="IsOrdered_HandlesCustomComparison" fullname="NUnit.Framework.Constraints.CollectionOrderedConstraintTests.IsOrdered_HandlesCustomComparison" methodname="IsOrdered_HandlesCustomComparison" classname="NUnit.Framework.Constraints.CollectionOrderedConstraintTests" runstate="Runnable" seed="781182079" result="Passed" start-time="2017-02-21 11:04:45Z" end-time="2017-02-21 11:04:45Z" duration="0.000207" asserts="2" />
            <test-case id="0-2949" name="IsOrdered_HandlesCustomComparison2" fullname="NUnit.Framework.Constraints.CollectionOrderedConstraintTests.IsOrdered_HandlesCustomComparison2" methodname="IsOrdered_HandlesCustomComparison2" classname="NUnit.Framework.Constraints.CollectionOrderedConstraintTests" runstate="Runnable" seed="1912829467" result="Passed" start-time="2017-02-21 11:04:45Z" end-time="2017-02-21 11:04:45Z" duration="0.000219" asserts="2" />
            <test-case id="0-2957" name="IsOrdered_ThrowsOnNull" fullname="NUnit.Framework.Constraints.CollectionOrderedConstraintTests.IsOrdered_ThrowsOnNull" methodname="IsOrdered_ThrowsOnNull" classname="NUnit.Framework.Constraints.CollectionOrderedConstraintTests" runstate="Runnable" seed="789496874" result="Passed" start-time="2017-02-21 11:04:45Z" end-time="2017-02-21 11:04:45Z" duration="0.000312" asserts="2" />
            <test-case id="0-2958" name="IsOrdered_TypesMustBeComparable" fullname="NUnit.Framework.Constraints.CollectionOrderedConstraintTests.IsOrdered_TypesMustBeComparable" methodname="IsOrdered_TypesMustBeComparable" classname="NUnit.Framework.Constraints.CollectionOrderedConstraintTests" runstate="Runnable" seed="870282924" result="Passed" start-time="2017-02-21 11:04:45Z" end-time="2017-02-21 11:04:45Z" duration="0.000248" asserts="1" />
            <test-suite type="ParameterizedMethod" id="0-2944" name="IsOrderedBy" fullname="NUnit.Framework.Constraints.CollectionOrderedConstraintTests.IsOrderedBy" classname="NUnit.Framework.Constraints.CollectionOrderedConstraintTests" runstate="Runnable" testcasecount="26" result="Passed" start-time="2017-02-21 11:04:45Z" end-time="2017-02-21 11:04:45Z" duration="0.076761" total="26" passed="26" failed="0" warnings="0" inconclusive="0" skipped="0" asserts="26">
              <test-case id="0-2918" name="IsOrderedBy(System.String[],&lt;ordered&gt;)" fullname="NUnit.Framework.Constraints.CollectionOrderedConstraintTests.IsOrderedBy(System.String[],&lt;ordered&gt;)" methodname="IsOrderedBy" classname="NUnit.Framework.Constraints.CollectionOrderedConstraintTests" runstate="Runnable" seed="2044811296" result="Passed" start-time="2017-02-21 11:04:45Z" end-time="2017-02-21 11:04:45Z" duration="0.000185" asserts="1" />
              <test-case id="0-2919" name="IsOrderedBy(System.Int32[],&lt;ordered&gt;)" fullname="NUnit.Framework.Constraints.CollectionOrderedConstraintTests.IsOrderedBy(System.Int32[],&lt;ordered&gt;)" methodname="IsOrderedBy" classname="NUnit.Framework.Constraints.CollectionOrderedConstraintTests" runstate="Runnable" seed="1233358911" result="Passed" start-time="2017-02-21 11:04:45Z" end-time="2017-02-21 11:04:45Z" duration="0.000063" asserts="1" />
              <test-case id="0-2920" name="IsOrderedBy(System.String[],&lt;ordered&gt;)" fullname="NUnit.Framework.Constraints.CollectionOrderedConstraintTests.IsOrderedBy(System.String[],&lt;ordered&gt;)" methodname="IsOrderedBy" classname="NUnit.Framework.Constraints.CollectionOrderedConstraintTests" runstate="Runnable" seed="555025368" result="Passed" start-time="2017-02-21 11:04:45Z" end-time="2017-02-21 11:04:45Z" duration="0.000071" asserts="1" />
              <test-case id="0-2921" name="IsOrderedBy(System.Int32[],&lt;ordered&gt;)" fullname="NUnit.Framework.Constraints.CollectionOrderedConstraintTests.IsOrderedBy(System.Int32[],&lt;ordered&gt;)" methodname="IsOrderedBy" classname="NUnit.Framework.Constraints.CollectionOrderedConstraintTests" runstate="Runnable" seed="252174986" result="Passed" start-time="2017-02-21 11:04:45Z" end-time="2017-02-21 11:04:45Z" duration="0.000099" asserts="1" />
              <test-case id="0-2922" name="IsOrderedBy(System.String[],&lt;ordered descending&gt;)" fullname="NUnit.Framework.Constraints.CollectionOrderedConstraintTests.IsOrderedBy(System.String[],&lt;ordered descending&gt;)" methodname="IsOrderedBy" classname="NUnit.Framework.Constraints.CollectionOrderedConstraintTests" runstate="Runnable" seed="724284815" result="Passed" start-time="2017-02-21 11:04:45Z" end-time="2017-02-21 11:04:45Z" duration="0.000240" asserts="1" />
              <test-case id="0-2923" name="IsOrderedBy(System.Int32[],&lt;ordered descending&gt;)" fullname="NUnit.Framework.Constraints.CollectionOrderedConstraintTests.IsOrderedBy(System.Int32[],&lt;ordered descending&gt;)" methodname="IsOrderedBy" classname="NUnit.Framework.Constraints.CollectionOrderedConstraintTests" runstate="Runnable" seed="70448628" result="Passed" start-time="2017-02-21 11:04:45Z" end-time="2017-02-21 11:04:45Z" duration="0.000047" asserts="1" />
              <test-case id="0-2924" name="IsOrderedBy(System.String[],&lt;ordered&gt;)" fullname="NUnit.Framework.Constraints.CollectionOrderedConstraintTests.IsOrderedBy(System.String[],&lt;ordered&gt;)" methodname="IsOrderedBy" classname="NUnit.Framework.Constraints.CollectionOrderedConstraintTests" runstate="Runnable" seed="1267986022" result="Passed" start-time="2017-02-21 11:04:45Z" end-time="2017-02-21 11:04:45Z" duration="0.000054" asserts="1" />
              <test-case id="0-2925" name="IsOrderedBy(NUnit.Framework.Constraints.CollectionOrderedConstraintTests+TestClass1[],&lt;orderedby Value&gt;)" fullname="NUnit.Framework.Constraints.CollectionOrderedConstraintTests.IsOrderedBy(NUnit.Framework.Constraints.CollectionOrderedConstraintTests+TestClass1[],&lt;orderedby Value&gt;)" methodname="IsOrderedBy" classname="NUnit.Framework.Constraints.CollectionOrderedConstraintTests" runstate="Runnable" seed="2100157345" result="Passed" start-time="2017-02-21 11:04:45Z" end-time="2017-02-21 11:04:45Z" duration="0.000395" asserts="1" />
              <test-case id="0-2926" name="IsOrderedBy(NUnit.Framework.Constraints.CollectionOrderedConstraintTests+TestClass1[],&lt;orderedby Value&gt;)" fullname="NUnit.Framework.Constraints.CollectionOrderedConstraintTests.IsOrderedBy(NUnit.Framework.Constraints.CollectionOrderedConstraintTests+TestClass1[],&lt;orderedby Value&gt;)" methodname="IsOrderedBy" classname="NUnit.Framework.Constraints.CollectionOrderedConstraintTests" runstate="Runnable" seed="1200694914" result="Passed" start-time="2017-02-21 11:04:45Z" end-time="2017-02-21 11:04:45Z" duration="0.000164" asserts="1" />
              <test-case id="0-2927" name="IsOrderedBy(NUnit.Framework.Constraints.CollectionOrderedConstraintTests+TestClass1[],&lt;orderedby Value&gt;)" fullname="NUnit.Framework.Constraints.CollectionOrderedConstraintTests.IsOrderedBy(NUnit.Framework.Constraints.CollectionOrderedConstraintTests+TestClass1[],&lt;orderedby Value&gt;)" methodname="IsOrderedBy" classname="NUnit.Framework.Constraints.CollectionOrderedConstraintTests" runstate="Runnable" seed="931085860" result="Passed" start-time="2017-02-21 11:04:45Z" end-time="2017-02-21 11:04:45Z" duration="0.001031" asserts="1" />
              <test-case id="0-2928" name="IsOrderedBy(NUnit.Framework.Constraints.CollectionOrderedConstraintTests+TestClass1[],&lt;orderedby Value descending&gt;)" fullname="NUnit.Framework.Constraints.CollectionOrderedConstraintTests.IsOrderedBy(NUnit.Framework.Constraints.CollectionOrderedConstraintTests+TestClass1[],&lt;orderedby Value descending&gt;)" methodname="IsOrderedBy" classname="NUnit.Framework.Constraints.CollectionOrderedConstraintTests" runstate="Runnable" seed="1525534600" result="Passed" start-time="2017-02-21 11:04:45Z" end-time="2017-02-21 11:04:45Z" duration="0.000062" asserts="1" />
              <test-case id="0-2929" name="IsOrderedBy(NUnit.Framework.Constraints.CollectionOrderedConstraintTests+TestClass1[],&lt;orderedby Value descending&gt;)" fullname="NUnit.Framework.Constraints.CollectionOrderedConstraintTests.IsOrderedBy(NUnit.Framework.Constraints.CollectionOrderedConstraintTests+TestClass1[],&lt;orderedby Value descending&gt;)" methodname="IsOrderedBy" classname="NUnit.Framework.Constraints.CollectionOrderedConstraintTests" runstate="Runnable" seed="340930554" result="Passed" start-time="2017-02-21 11:04:45Z" end-time="2017-02-21 11:04:45Z" duration="0.000068" asserts="1" />
              <test-case id="0-2930" name="IsOrderedBy(NUnit.Framework.Constraints.CollectionOrderedConstraintTests+TestClass1[],&lt;orderedby Value NUnit.TestUtilities.Comparers.ObjectComparer&gt;)" fullname="NUnit.Framework.Constraints.CollectionOrderedConstraintTests.IsOrderedBy(NUnit.Framework.Constraints.CollectionOrderedConstraintTests+TestClass1[],&lt;orderedby Value NUnit.TestUtilities.Comparers.ObjectComparer&gt;)" methodname="IsOrderedBy" classname="NUnit.Framework.Constraints.CollectionOrderedConstraintTests" runstate="Runnable" seed="1270830462" result="Passed" start-time="2017-02-21 11:04:45Z" end-time="2017-02-21 11:04:45Z" duration="0.000047" asserts="1" />
              <test-case id="0-2931" name="IsOrderedBy(System.Object[],&lt;orderedby Value&gt;)" fullname="NUnit.Framework.Constraints.CollectionOrderedConstraintTests.IsOrderedBy(System.Object[],&lt;orderedby Value&gt;)" methodname="IsOrderedBy" classname="NUnit.Framework.Constraints.CollectionOrderedConstraintTests" runstate="Runnable" seed="2081031182" result="Passed" start-time="2017-02-21 11:04:45Z" end-time="2017-02-21 11:04:45Z" duration="0.000642" asserts="1" />
              <test-case id="0-2932" name="IsOrderedBy(NUnit.Framework.Constraints.CollectionOrderedConstraintTests+TestClass3[],&lt;orderedby A&gt;)" fullname="NUnit.Framework.Constraints.CollectionOrderedConstraintTests.IsOrderedBy(NUnit.Framework.Constraints.CollectionOrderedConstraintTests+TestClass3[],&lt;orderedby A&gt;)" methodname="IsOrderedBy" classname="NUnit.Framework.Constraints.CollectionOrderedConstraintTests" runstate="Runnable" seed="1208480925" result="Passed" start-time="2017-02-21 11:04:45Z" end-time="2017-02-21 11:04:45Z" duration="0.000845" asserts="1" />
              <test-case id="0-2933" name="IsOrderedBy(NUnit.Framework.Constraints.CollectionOrderedConstraintTests+TestClass3[],&lt;orderedby A&gt;)" fullname="NUnit.Framework.Constraints.CollectionOrderedConstraintTests.IsOrderedBy(NUnit.Framework.Constraints.CollectionOrderedConstraintTests+TestClass3[],&lt;orderedby A&gt;)" methodname="IsOrderedBy" classname="NUnit.Framework.Constraints.CollectionOrderedConstraintTests" runstate="Runnable" seed="1371706422" result="Passed" start-time="2017-02-21 11:04:45Z" end-time="2017-02-21 11:04:45Z" duration="0.000046" asserts="1" />
              <test-case id="0-2934" name="IsOrderedBy(NUnit.Framework.Constraints.CollectionOrderedConstraintTests+TestClass3[],&lt;orderedby A&gt;)" fullname="NUnit.Framework.Constraints.CollectionOrderedConstraintTests.IsOrderedBy(NUnit.Framework.Constraints.CollectionOrderedConstraintTests+TestClass3[],&lt;orderedby A&gt;)" methodname="IsOrderedBy" classname="NUnit.Framework.Constraints.CollectionOrderedConstraintTests" runstate="Runnable" seed="551392006" result="Passed" start-time="2017-02-21 11:04:45Z" end-time="2017-02-21 11:04:45Z" duration="0.000046" asserts="1" />
              <test-case id="0-2935" name="IsOrderedBy(NUnit.Framework.Constraints.CollectionOrderedConstraintTests+TestClass3[],&lt;orderedby A&gt;)" fullname="NUnit.Framework.Constraints.CollectionOrderedConstraintTests.IsOrderedBy(NUnit.Framework.Constraints.CollectionOrderedConstraintTests+TestClass3[],&lt;orderedby A&gt;)" methodname="IsOrderedBy" classname="NUnit.Framework.Constraints.CollectionOrderedConstraintTests" runstate="Runnable" seed="329621992" result="Passed" start-time="2017-02-21 11:04:45Z" end-time="2017-02-21 11:04:45Z" duration="0.000043" asserts="1" />
              <test-case id="0-2936" name="IsOrderedBy(NUnit.Framework.Constraints.CollectionOrderedConstraintTests+TestClass3[],&lt;unresolved &lt;orderedby A&gt;&gt;)" fullname="NUnit.Framework.Constraints.CollectionOrderedConstraintTests.IsOrderedBy(NUnit.Framework.Constraints.CollectionOrderedConstraintTests+TestClass3[],&lt;unresolved &lt;orderedby A&gt;&gt;)" methodname="IsOrderedBy" classname="NUnit.Framework.Constraints.CollectionOrderedConstraintTests" runstate="Runnable" seed="1319772459" result="Passed" start-time="2017-02-21 11:04:45Z" end-time="2017-02-21 11:04:45Z" duration="0.000060" asserts="1" />
              <test-case id="0-2937" name="IsOrderedBy(NUnit.Framework.Constraints.CollectionOrderedConstraintTests+TestClass3[],&lt;orderedby A descending&gt;)" fullname="NUnit.Framework.Constraints.CollectionOrderedConstraintTests.IsOrderedBy(NUnit.Framework.Constraints.CollectionOrderedConstraintTests+TestClass3[],&lt;orderedby A descending&gt;)" methodname="IsOrderedBy" classname="NUnit.Framework.Constraints.CollectionOrderedConstraintTests" runstate="Runnable" seed="455209835" result="Passed" start-time="2017-02-21 11:04:45Z" end-time="2017-02-21 11:04:45Z" duration="0.000084" asserts="1" />
              <test-case id="0-2938" name="IsOrderedBy(NUnit.Framework.Constraints.CollectionOrderedConstraintTests+TestClass3[],&lt;orderedby A descending&gt;)" fullname="NUnit.Framework.Constraints.CollectionOrderedConstraintTests.IsOrderedBy(NUnit.Framework.Constraints.CollectionOrderedConstraintTests+TestClass3[],&lt;orderedby A descending&gt;)" methodname="IsOrderedBy" classname="NUnit.Framework.Constraints.CollectionOrderedConstraintTests" runstate="Runnable" seed="2019715816" result="Passed" start-time="2017-02-21 11:04:45Z" end-time="2017-02-21 11:04:45Z" duration="0.000061" asserts="1" />
              <test-case id="0-2939" name="IsOrderedBy(NUnit.Framework.Constraints.CollectionOrderedConstraintTests+TestClass3[],&lt;orderedby A&gt;)" fullname="NUnit.Framework.Constraints.CollectionOrderedConstraintTests.IsOrderedBy(NUnit.Framework.Constraints.CollectionOrderedConstraintTests+TestClass3[],&lt;orderedby A&gt;)" methodname="IsOrderedBy" classname="NUnit.Framework.Constraints.CollectionOrderedConstraintTests" runstate="Runnable" seed="1231892112" result="Passed" start-time="2017-02-21 11:04:45Z" end-time="2017-02-21 11:04:45Z" duration="0.000076" asserts="1" />
              <test-case id="0-2940" name="IsOrderedBy(NUnit.Framework.Constraints.CollectionOrderedConstraintTests+TestClass3[],&lt;orderedby A&gt;)" fullname="NUnit.Framework.Constraints.CollectionOrderedConstraintTests.IsOrderedBy(NUnit.Framework.Constraints.CollectionOrderedConstraintTests+TestClass3[],&lt;orderedby A&gt;)" methodname="IsOrderedBy" classname="NUnit.Framework.Constraints.CollectionOrderedConstraintTests" runstate="Runnable" seed="817657679" result="Passed" start-time="2017-02-21 11:04:45Z" end-time="2017-02-21 11:04:45Z" duration="0.000058" asserts="1" />
              <test-case id="0-2941" name="IsOrderedBy(NUnit.Framework.Constraints.CollectionOrderedConstraintTests+TestClass3[],&lt;unresolved &lt;orderedby A&gt;&gt;)" fullname="NUnit.Framework.Constraints.CollectionOrderedConstraintTests.IsOrderedBy(NUnit.Framework.Constraints.CollectionOrderedConstraintTests+TestClass3[],&lt;unresolved &lt;orderedby A&gt;&gt;)" methodname="IsOrderedBy" classname="NUnit.Framework.Constraints.CollectionOrderedConstraintTests" runstate="Runnable" seed="1632397642" result="Passed" start-time="2017-02-21 11:04:45Z" end-time="2017-02-21 11:04:45Z" duration="0.000054" asserts="1" />
              <test-case id="0-2942" name="IsOrderedBy(NUnit.Framework.Constraints.CollectionOrderedConstraintTests+TestClass3[],&lt;orderedby A descending&gt;)" fullname="NUnit.Framework.Constraints.CollectionOrderedConstraintTests.IsOrderedBy(NUnit.Framework.Constraints.CollectionOrderedConstraintTests+TestClass3[],&lt;orderedby A descending&gt;)" methodname="IsOrderedBy" classname="NUnit.Framework.Constraints.CollectionOrderedConstraintTests" runstate="Runnable" seed="1768516612" result="Passed" start-time="2017-02-21 11:04:45Z" end-time="2017-02-21 11:04:45Z" duration="0.000344" asserts="1" />
              <test-case id="0-2943" name="IsOrderedBy(NUnit.Framework.Constraints.CollectionOrderedConstraintTests+TestClass3[],&lt;orderedby A descending&gt;)" fullname="NUnit.Framework.Constraints.CollectionOrderedConstraintTests.IsOrderedBy(NUnit.Framework.Constraints.CollectionOrderedConstraintTests+TestClass3[],&lt;orderedby A descending&gt;)" methodname="IsOrderedBy" classname="NUnit.Framework.Constraints.CollectionOrderedConstraintTests" runstate="Runnable" seed="176166793" result="Passed" start-time="2017-02-21 11:04:45Z" end-time="2017-02-21 11:04:45Z" duration="0.000068" asserts="1" />
            </test-suite>
            <test-case id="0-2948" name="MultipleComparersUsedInDifferentSteps" fullname="NUnit.Framework.Constraints.CollectionOrderedConstraintTests.MultipleComparersUsedInDifferentSteps" methodname="MultipleComparersUsedInDifferentSteps" classname="NUnit.Framework.Constraints.CollectionOrderedConstraintTests" runstate="Runnable" seed="698438874" result="Passed" start-time="2017-02-21 11:04:45Z" end-time="2017-02-21 11:04:45Z" duration="0.000321" asserts="3" />
            <test-case id="0-2950" name="UsesProvidedGenericComparer" fullname="NUnit.Framework.Constraints.CollectionOrderedConstraintTests.UsesProvidedGenericComparer" methodname="UsesProvidedGenericComparer" classname="NUnit.Framework.Constraints.CollectionOrderedConstraintTests" runstate="Runnable" seed="812383735" result="Passed" start-time="2017-02-21 11:04:45Z" end-time="2017-02-21 11:04:45Z" duration="0.000376" asserts="2" />
            <test-case id="0-2951" name="UsesProvidedGenericComparison" fullname="NUnit.Framework.Constraints.CollectionOrderedConstraintTests.UsesProvidedGenericComparison" methodname="UsesProvidedGenericComparison" classname="NUnit.Framework.Constraints.CollectionOrderedConstraintTests" runstate="Runnable" seed="208739487" result="Passed" start-time="2017-02-21 11:04:45Z" end-time="2017-02-21 11:04:45Z" duration="0.000568" asserts="2" />
            <test-case id="0-2952" name="UsesProvidedLambda" fullname="NUnit.Framework.Constraints.CollectionOrderedConstraintTests.UsesProvidedLambda" methodname="UsesProvidedLambda" classname="NUnit.Framework.Constraints.CollectionOrderedConstraintTests" runstate="Runnable" seed="545215902" result="Passed" start-time="2017-02-21 11:04:45Z" end-time="2017-02-21 11:04:45Z" duration="0.000235" asserts="1" />
          </test-suite>
          <test-suite type="TestFixture" id="0-3068" name="EmptyStringConstraintTest" fullname="NUnit.Framework.Constraints.EmptyStringConstraintTest" classname="NUnit.Framework.Constraints.EmptyStringConstraintTest" runstate="Runnable" testcasecount="6" result="Passed" start-time="2017-02-21 11:04:45Z" end-time="2017-02-21 11:04:45Z" duration="0.022909" total="6" passed="6" failed="0" warnings="0" inconclusive="0" skipped="0" asserts="7">
            <test-suite type="ParameterizedMethod" id="0-3074" name="FailsWithBadValues" fullname="NUnit.Framework.Constraints.EmptyStringConstraintTest.FailsWithBadValues" classname="NUnit.Framework.Constraints.ConstraintTestBase" runstate="Runnable" testcasecount="2" result="Passed" start-time="2017-02-21 11:04:45Z" end-time="2017-02-21 11:04:45Z" duration="0.005239" total="2" passed="2" failed="0" warnings="0" inconclusive="0" skipped="0" asserts="4">
              <test-case id="0-3072" name="FailsWithBadValues(&quot;Hello&quot;,&quot;\&quot;Hello\&quot;&quot;)" fullname="NUnit.Framework.Constraints.EmptyStringConstraintTest.FailsWithBadValues(&quot;Hello&quot;,&quot;\&quot;Hello\&quot;&quot;)" methodname="FailsWithBadValues" classname="NUnit.Framework.Constraints.ConstraintTestBase" runstate="Runnable" seed="1533430435" result="Passed" start-time="2017-02-21 11:04:45Z" end-time="2017-02-21 11:04:45Z" duration="0.000182" asserts="2" />
              <test-case id="0-3073" name="FailsWithBadValues(null,&quot;null&quot;)" fullname="NUnit.Framework.Constraints.EmptyStringConstraintTest.FailsWithBadValues(null,&quot;null&quot;)" methodname="FailsWithBadValues" classname="NUnit.Framework.Constraints.ConstraintTestBase" runstate="Runnable" seed="1729041206" result="Passed" start-time="2017-02-21 11:04:45Z" end-time="2017-02-21 11:04:45Z" duration="0.000068" asserts="2" />
            </test-suite>
            <test-case id="0-3069" name="NonStringDataThrowsArgumentException" fullname="NUnit.Framework.Constraints.EmptyStringConstraintTest.NonStringDataThrowsArgumentException" methodname="NonStringDataThrowsArgumentException" classname="NUnit.Framework.Constraints.StringConstraintTests" runstate="Runnable" seed="1547324660" result="Passed" start-time="2017-02-21 11:04:45Z" end-time="2017-02-21 11:04:45Z" duration="0.001814" asserts="1" />
            <test-case id="0-3075" name="ProvidesProperDescription" fullname="NUnit.Framework.Constraints.EmptyStringConstraintTest.ProvidesProperDescription" methodname="ProvidesProperDescription" classname="NUnit.Framework.Constraints.ConstraintTestBaseNoData" runstate="Runnable" seed="496260391" result="Passed" start-time="2017-02-21 11:04:45Z" end-time="2017-02-21 11:04:45Z" duration="0.000050" asserts="1" />
            <test-case id="0-3076" name="ProvidesProperStringRepresentation" fullname="NUnit.Framework.Constraints.EmptyStringConstraintTest.ProvidesProperStringRepresentation" methodname="ProvidesProperStringRepresentation" classname="NUnit.Framework.Constraints.ConstraintTestBaseNoData" runstate="Runnable" seed="926353961" result="Passed" start-time="2017-02-21 11:04:45Z" end-time="2017-02-21 11:04:45Z" duration="0.000076" asserts="1" />
            <test-suite type="ParameterizedMethod" id="0-3071" name="SucceedsWithGoodValues" fullname="NUnit.Framework.Constraints.EmptyStringConstraintTest.SucceedsWithGoodValues" classname="NUnit.Framework.Constraints.ConstraintTestBase" runstate="Runnable" testcasecount="1" result="Passed" start-time="2017-02-21 11:04:45Z" end-time="2017-02-21 11:04:45Z" duration="0.002576" total="1" passed="1" failed="0" warnings="0" inconclusive="0" skipped="0" asserts="0">
              <test-case id="0-3070" name="SucceedsWithGoodValues(&quot;&quot;)" fullname="NUnit.Framework.Constraints.EmptyStringConstraintTest.SucceedsWithGoodValues(&quot;&quot;)" methodname="SucceedsWithGoodValues" classname="NUnit.Framework.Constraints.ConstraintTestBase" runstate="Runnable" seed="612474128" result="Passed" start-time="2017-02-21 11:04:45Z" end-time="2017-02-21 11:04:45Z" duration="0.000044" asserts="0" />
            </test-suite>
          </test-suite>
          <test-suite type="TestFixture" id="0-3080" name="EndsWithConstraintTests" fullname="NUnit.Framework.Constraints.EndsWithConstraintTests" classname="NUnit.Framework.Constraints.EndsWithConstraintTests" runstate="Runnable" testcasecount="10" result="Passed" start-time="2017-02-21 11:04:45Z" end-time="2017-02-21 11:04:45Z" duration="0.032623" total="10" passed="10" failed="0" warnings="0" inconclusive="0" skipped="0" asserts="13">
            <test-suite type="ParameterizedMethod" id="0-3090" name="FailsWithBadValues" fullname="NUnit.Framework.Constraints.EndsWithConstraintTests.FailsWithBadValues" classname="NUnit.Framework.Constraints.ConstraintTestBase" runstate="Runnable" testcasecount="5" result="Passed" start-time="2017-02-21 11:04:45Z" end-time="2017-02-21 11:04:45Z" duration="0.013800" total="5" passed="5" failed="0" warnings="0" inconclusive="0" skipped="0" asserts="10">
              <test-case id="0-3085" name="FailsWithBadValues(&quot;goodbye&quot;,&quot;\&quot;goodbye\&quot;&quot;)" fullname="NUnit.Framework.Constraints.EndsWithConstraintTests.FailsWithBadValues(&quot;goodbye&quot;,&quot;\&quot;goodbye\&quot;&quot;)" methodname="FailsWithBadValues" classname="NUnit.Framework.Constraints.ConstraintTestBase" runstate="Runnable" seed="1331158594" result="Passed" start-time="2017-02-21 11:04:45Z" end-time="2017-02-21 11:04:45Z" duration="0.000144" asserts="2" />
              <test-case id="0-3086" name="FailsWithBadValues(&quot;hello there&quot;,&quot;\&quot;hello there\&quot;&quot;)" fullname="NUnit.Framework.Constraints.EndsWithConstraintTests.FailsWithBadValues(&quot;hello there&quot;,&quot;\&quot;hello there\&quot;&quot;)" methodname="FailsWithBadValues" classname="NUnit.Framework.Constraints.ConstraintTestBase" runstate="Runnable" seed="1432233705" result="Passed" start-time="2017-02-21 11:04:45Z" end-time="2017-02-21 11:04:45Z" duration="0.000077" asserts="2" />
              <test-case id="0-3087" name="FailsWithBadValues(&quot;say hello to Fred&quot;,&quot;\&quot;say hello to Fred\&quot;&quot;)" fullname="NUnit.Framework.Constraints.EndsWithConstraintTests.FailsWithBadValues(&quot;say hello to Fred&quot;,&quot;\&quot;say hello to Fred\&quot;&quot;)" methodname="FailsWithBadValues" classname="NUnit.Framework.Constraints.ConstraintTestBase" runstate="Runnable" seed="560171631" result="Passed" start-time="2017-02-21 11:04:45Z" end-time="2017-02-21 11:04:45Z" duration="0.000099" asserts="2" />
              <test-case id="0-3088" name="FailsWithBadValues(&quot;&quot;,&quot;&lt;string.Empty&gt;&quot;)" fullname="NUnit.Framework.Constraints.EndsWithConstraintTests.FailsWithBadValues(&quot;&quot;,&quot;&lt;string.Empty&gt;&quot;)" methodname="FailsWithBadValues" classname="NUnit.Framework.Constraints.ConstraintTestBase" runstate="Runnable" seed="266115788" result="Passed" start-time="2017-02-21 11:04:45Z" end-time="2017-02-21 11:04:45Z" duration="0.000350" asserts="2" />
              <test-case id="0-3089" name="FailsWithBadValues(null,&quot;null&quot;)" fullname="NUnit.Framework.Constraints.EndsWithConstraintTests.FailsWithBadValues(null,&quot;null&quot;)" methodname="FailsWithBadValues" classname="NUnit.Framework.Constraints.ConstraintTestBase" runstate="Runnable" seed="1606370044" result="Passed" start-time="2017-02-21 11:04:45Z" end-time="2017-02-21 11:04:45Z" duration="0.000076" asserts="2" />
            </test-suite>
            <test-case id="0-3081" name="NonStringDataThrowsArgumentException" fullname="NUnit.Framework.Constraints.EndsWithConstraintTests.NonStringDataThrowsArgumentException" methodname="NonStringDataThrowsArgumentException" classname="NUnit.Framework.Constraints.StringConstraintTests" runstate="Runnable" seed="1039272335" result="Passed" start-time="2017-02-21 11:04:45Z" end-time="2017-02-21 11:04:45Z" duration="0.000424" asserts="1" />
            <test-case id="0-3091" name="ProvidesProperDescription" fullname="NUnit.Framework.Constraints.EndsWithConstraintTests.ProvidesProperDescription" methodname="ProvidesProperDescription" classname="NUnit.Framework.Constraints.ConstraintTestBaseNoData" runstate="Runnable" seed="1674252956" result="Passed" start-time="2017-02-21 11:04:45Z" end-time="2017-02-21 11:04:45Z" duration="0.000431" asserts="1" />
            <test-case id="0-3092" name="ProvidesProperStringRepresentation" fullname="NUnit.Framework.Constraints.EndsWithConstraintTests.ProvidesProperStringRepresentation" methodname="ProvidesProperStringRepresentation" classname="NUnit.Framework.Constraints.ConstraintTestBaseNoData" runstate="Runnable" seed="1814345425" result="Passed" start-time="2017-02-21 11:04:45Z" end-time="2017-02-21 11:04:45Z" duration="0.000101" asserts="1" />
            <test-suite type="ParameterizedMethod" id="0-3084" name="SucceedsWithGoodValues" fullname="NUnit.Framework.Constraints.EndsWithConstraintTests.SucceedsWithGoodValues" classname="NUnit.Framework.Constraints.ConstraintTestBase" runstate="Runnable" testcasecount="2" result="Passed" start-time="2017-02-21 11:04:45Z" end-time="2017-02-21 11:04:45Z" duration="0.006056" total="2" passed="2" failed="0" warnings="0" inconclusive="0" skipped="0" asserts="0">
              <test-case id="0-3082" name="SucceedsWithGoodValues(&quot;hello&quot;)" fullname="NUnit.Framework.Constraints.EndsWithConstraintTests.SucceedsWithGoodValues(&quot;hello&quot;)" methodname="SucceedsWithGoodValues" classname="NUnit.Framework.Constraints.ConstraintTestBase" runstate="Runnable" seed="224475325" result="Passed" start-time="2017-02-21 11:04:45Z" end-time="2017-02-21 11:04:45Z" duration="0.000051" asserts="0" />
              <test-case id="0-3083" name="SucceedsWithGoodValues(&quot;I said hello&quot;)" fullname="NUnit.Framework.Constraints.EndsWithConstraintTests.SucceedsWithGoodValues(&quot;I said hello&quot;)" methodname="SucceedsWithGoodValues" classname="NUnit.Framework.Constraints.ConstraintTestBase" runstate="Runnable" seed="1533140590" result="Passed" start-time="2017-02-21 11:04:45Z" end-time="2017-02-21 11:04:45Z" duration="0.000051" asserts="0" />
            </test-suite>
          </test-suite>
          <test-suite type="TestFixture" id="0-3093" name="EndsWithConstraintTestsIgnoringCase" fullname="NUnit.Framework.Constraints.EndsWithConstraintTestsIgnoringCase" classname="NUnit.Framework.Constraints.EndsWithConstraintTestsIgnoringCase" runstate="Runnable" testcasecount="11" result="Passed" start-time="2017-02-21 11:04:45Z" end-time="2017-02-21 11:04:45Z" duration="0.036285" total="11" passed="11" failed="0" warnings="0" inconclusive="0" skipped="0" asserts="15">
            <test-suite type="ParameterizedMethod" id="0-3104" name="FailsWithBadValues" fullname="NUnit.Framework.Constraints.EndsWithConstraintTestsIgnoringCase.FailsWithBadValues" classname="NUnit.Framework.Constraints.ConstraintTestBase" runstate="Runnable" testcasecount="6" result="Passed" start-time="2017-02-21 11:04:45Z" end-time="2017-02-21 11:04:45Z" duration="0.016565" total="6" passed="6" failed="0" warnings="0" inconclusive="0" skipped="0" asserts="12">
              <test-case id="0-3098" name="FailsWithBadValues(&quot;goodbye&quot;,&quot;\&quot;goodbye\&quot;&quot;)" fullname="NUnit.Framework.Constraints.EndsWithConstraintTestsIgnoringCase.FailsWithBadValues(&quot;goodbye&quot;,&quot;\&quot;goodbye\&quot;&quot;)" methodname="FailsWithBadValues" classname="NUnit.Framework.Constraints.ConstraintTestBase" runstate="Runnable" seed="975643619" result="Passed" start-time="2017-02-21 11:04:45Z" end-time="2017-02-21 11:04:45Z" duration="0.000294" asserts="2" />
              <test-case id="0-3099" name="FailsWithBadValues(&quot;What the hell?&quot;,&quot;\&quot;What the hell?\&quot;&quot;)" fullname="NUnit.Framework.Constraints.EndsWithConstraintTestsIgnoringCase.FailsWithBadValues(&quot;What the hell?&quot;,&quot;\&quot;What the hell?\&quot;&quot;)" methodname="FailsWithBadValues" classname="NUnit.Framework.Constraints.ConstraintTestBase" runstate="Runnable" seed="1991079610" result="Passed" start-time="2017-02-21 11:04:45Z" end-time="2017-02-21 11:04:45Z" duration="0.000068" asserts="2" />
              <test-case id="0-3100" name="FailsWithBadValues(&quot;hello there&quot;,&quot;\&quot;hello there\&quot;&quot;)" fullname="NUnit.Framework.Constraints.EndsWithConstraintTestsIgnoringCase.FailsWithBadValues(&quot;hello there&quot;,&quot;\&quot;hello there\&quot;&quot;)" methodname="FailsWithBadValues" classname="NUnit.Framework.Constraints.ConstraintTestBase" runstate="Runnable" seed="1006972524" result="Passed" start-time="2017-02-21 11:04:45Z" end-time="2017-02-21 11:04:45Z" duration="0.000072" asserts="2" />
              <test-case id="0-3101" name="FailsWithBadValues(&quot;say hello to Fred&quot;,&quot;\&quot;say hello to Fred\&quot;&quot;)" fullname="NUnit.Framework.Constraints.EndsWithConstraintTestsIgnoringCase.FailsWithBadValues(&quot;say hello to Fred&quot;,&quot;\&quot;say hello to Fred\&quot;&quot;)" methodname="FailsWithBadValues" classname="NUnit.Framework.Constraints.ConstraintTestBase" runstate="Runnable" seed="20461409" result="Passed" start-time="2017-02-21 11:04:45Z" end-time="2017-02-21 11:04:45Z" duration="0.000061" asserts="2" />
              <test-case id="0-3102" name="FailsWithBadValues(&quot;&quot;,&quot;&lt;string.Empty&gt;&quot;)" fullname="NUnit.Framework.Constraints.EndsWithConstraintTestsIgnoringCase.FailsWithBadValues(&quot;&quot;,&quot;&lt;string.Empty&gt;&quot;)" methodname="FailsWithBadValues" classname="NUnit.Framework.Constraints.ConstraintTestBase" runstate="Runnable" seed="2030204976" result="Passed" start-time="2017-02-21 11:04:45Z" end-time="2017-02-21 11:04:45Z" duration="0.000068" asserts="2" />
              <test-case id="0-3103" name="FailsWithBadValues(null,&quot;null&quot;)" fullname="NUnit.Framework.Constraints.EndsWithConstraintTestsIgnoringCase.FailsWithBadValues(null,&quot;null&quot;)" methodname="FailsWithBadValues" classname="NUnit.Framework.Constraints.ConstraintTestBase" runstate="Runnable" seed="1022842468" result="Passed" start-time="2017-02-21 11:04:45Z" end-time="2017-02-21 11:04:45Z" duration="0.000342" asserts="2" />
            </test-suite>
            <test-case id="0-3094" name="NonStringDataThrowsArgumentException" fullname="NUnit.Framework.Constraints.EndsWithConstraintTestsIgnoringCase.NonStringDataThrowsArgumentException" methodname="NonStringDataThrowsArgumentException" classname="NUnit.Framework.Constraints.StringConstraintTests" runstate="Runnable" seed="571817800" result="Passed" start-time="2017-02-21 11:04:45Z" end-time="2017-02-21 11:04:45Z" duration="0.001861" asserts="1" />
            <test-case id="0-3105" name="ProvidesProperDescription" fullname="NUnit.Framework.Constraints.EndsWithConstraintTestsIgnoringCase.ProvidesProperDescription" methodname="ProvidesProperDescription" classname="NUnit.Framework.Constraints.ConstraintTestBaseNoData" runstate="Runnable" seed="1425911664" result="Passed" start-time="2017-02-21 11:04:45Z" end-time="2017-02-21 11:04:45Z" duration="0.000120" asserts="1" />
            <test-case id="0-3106" name="ProvidesProperStringRepresentation" fullname="NUnit.Framework.Constraints.EndsWithConstraintTestsIgnoringCase.ProvidesProperStringRepresentation" methodname="ProvidesProperStringRepresentation" classname="NUnit.Framework.Constraints.ConstraintTestBaseNoData" runstate="Runnable" seed="135066401" result="Passed" start-time="2017-02-21 11:04:45Z" end-time="2017-02-21 11:04:45Z" duration="0.000060" asserts="1" />
            <test-suite type="ParameterizedMethod" id="0-3097" name="SucceedsWithGoodValues" fullname="NUnit.Framework.Constraints.EndsWithConstraintTestsIgnoringCase.SucceedsWithGoodValues" classname="NUnit.Framework.Constraints.ConstraintTestBase" runstate="Runnable" testcasecount="2" result="Passed" start-time="2017-02-21 11:04:45Z" end-time="2017-02-21 11:04:45Z" duration="0.005451" total="2" passed="2" failed="0" warnings="0" inconclusive="0" skipped="0" asserts="0">
              <test-case id="0-3095" name="SucceedsWithGoodValues(&quot;HELLO&quot;)" fullname="NUnit.Framework.Constraints.EndsWithConstraintTestsIgnoringCase.SucceedsWithGoodValues(&quot;HELLO&quot;)" methodname="SucceedsWithGoodValues" classname="NUnit.Framework.Constraints.ConstraintTestBase" runstate="Runnable" seed="200049062" result="Passed" start-time="2017-02-21 11:04:45Z" end-time="2017-02-21 11:04:45Z" duration="0.000053" asserts="0" />
              <test-case id="0-3096" name="SucceedsWithGoodValues(&quot;I said Hello&quot;)" fullname="NUnit.Framework.Constraints.EndsWithConstraintTestsIgnoringCase.SucceedsWithGoodValues(&quot;I said Hello&quot;)" methodname="SucceedsWithGoodValues" classname="NUnit.Framework.Constraints.ConstraintTestBase" runstate="Runnable" seed="1450848752" result="Passed" start-time="2017-02-21 11:04:45Z" end-time="2017-02-21 11:04:45Z" duration="0.000221" asserts="0" />
            </test-suite>
          </test-suite>
          <test-suite type="TestFixture" id="0-3327" name="EqualConstraintTests+DateTimeOffSetEquality" fullname="NUnit.Framework.Constraints.EqualConstraintTests+DateTimeOffSetEquality" classname="NUnit.Framework.Constraints.EqualConstraintTests+DateTimeOffSetEquality" runstate="Runnable" testcasecount="9" result="Passed" start-time="2017-02-21 11:04:45Z" end-time="2017-02-21 11:04:45Z" duration="0.036830" total="9" passed="9" failed="0" warnings="0" inconclusive="0" skipped="0" asserts="9">
            <test-case id="0-3328" name="CanMatchDates" fullname="NUnit.Framework.Constraints.EqualConstraintTests+DateTimeOffSetEquality.CanMatchDates" methodname="CanMatchDates" classname="NUnit.Framework.Constraints.EqualConstraintTests+DateTimeOffSetEquality" runstate="Runnable" seed="2133470489" result="Passed" start-time="2017-02-21 11:04:45Z" end-time="2017-02-21 11:04:45Z" duration="0.001070" asserts="1" />
            <test-case id="0-3330" name="CanMatchDatesWithinDays" fullname="NUnit.Framework.Constraints.EqualConstraintTests+DateTimeOffSetEquality.CanMatchDatesWithinDays" methodname="CanMatchDatesWithinDays" classname="NUnit.Framework.Constraints.EqualConstraintTests+DateTimeOffSetEquality" runstate="Runnable" seed="424999297" result="Passed" start-time="2017-02-21 11:04:45Z" end-time="2017-02-21 11:04:45Z" duration="0.000381" asserts="1" />
            <test-case id="0-3334" name="CanMatchDatesWithinMilliseconds" fullname="NUnit.Framework.Constraints.EqualConstraintTests+DateTimeOffSetEquality.CanMatchDatesWithinMilliseconds" methodname="CanMatchDatesWithinMilliseconds" classname="NUnit.Framework.Constraints.EqualConstraintTests+DateTimeOffSetEquality" runstate="Runnable" seed="1307366518" result="Passed" start-time="2017-02-21 11:04:45Z" end-time="2017-02-21 11:04:45Z" duration="0.000350" asserts="1" />
            <test-case id="0-3332" name="CanMatchDatesWithinMinutes" fullname="NUnit.Framework.Constraints.EqualConstraintTests+DateTimeOffSetEquality.CanMatchDatesWithinMinutes" methodname="CanMatchDatesWithinMinutes" classname="NUnit.Framework.Constraints.EqualConstraintTests+DateTimeOffSetEquality" runstate="Runnable" seed="1047525189" result="Passed" start-time="2017-02-21 11:04:45Z" end-time="2017-02-21 11:04:45Z" duration="0.000509" asserts="1" />
            <test-case id="0-3333" name="CanMatchDatesWithinSeconds" fullname="NUnit.Framework.Constraints.EqualConstraintTests+DateTimeOffSetEquality.CanMatchDatesWithinSeconds" methodname="CanMatchDatesWithinSeconds" classname="NUnit.Framework.Constraints.EqualConstraintTests+DateTimeOffSetEquality" runstate="Runnable" seed="520925764" result="Passed" start-time="2017-02-21 11:04:45Z" end-time="2017-02-21 11:04:45Z" duration="0.000900" asserts="1" />
            <test-case id="0-3335" name="CanMatchDatesWithinTicks" fullname="NUnit.Framework.Constraints.EqualConstraintTests+DateTimeOffSetEquality.CanMatchDatesWithinTicks" methodname="CanMatchDatesWithinTicks" classname="NUnit.Framework.Constraints.EqualConstraintTests+DateTimeOffSetEquality" runstate="Runnable" seed="557732186" result="Passed" start-time="2017-02-21 11:04:45Z" end-time="2017-02-21 11:04:45Z" duration="0.000318" asserts="1" />
            <test-case id="0-3329" name="CanMatchDatesWithinTimeSpan" fullname="NUnit.Framework.Constraints.EqualConstraintTests+DateTimeOffSetEquality.CanMatchDatesWithinTimeSpan" methodname="CanMatchDatesWithinTimeSpan" classname="NUnit.Framework.Constraints.EqualConstraintTests+DateTimeOffSetEquality" runstate="Runnable" seed="376468448" result="Passed" start-time="2017-02-21 11:04:45Z" end-time="2017-02-21 11:04:45Z" duration="0.000219" asserts="1" />
            <test-case id="0-3331" name="CanMatchUsingIsEqualToWithinTimeSpan" fullname="NUnit.Framework.Constraints.EqualConstraintTests+DateTimeOffSetEquality.CanMatchUsingIsEqualToWithinTimeSpan" methodname="CanMatchUsingIsEqualToWithinTimeSpan" classname="NUnit.Framework.Constraints.EqualConstraintTests+DateTimeOffSetEquality" runstate="Runnable" seed="229491328" result="Passed" start-time="2017-02-21 11:04:45Z" end-time="2017-02-21 11:04:45Z" duration="0.000429" asserts="1" />
            <test-case id="0-3336" name="DTimeOffsetCanMatchDatesWithinHours" fullname="NUnit.Framework.Constraints.EqualConstraintTests+DateTimeOffSetEquality.DTimeOffsetCanMatchDatesWithinHours" methodname="DTimeOffsetCanMatchDatesWithinHours" classname="NUnit.Framework.Constraints.EqualConstraintTests+DateTimeOffSetEquality" runstate="Runnable" seed="1735020960" result="Passed" start-time="2017-02-21 11:04:45Z" end-time="2017-02-21 11:04:45Z" duration="0.002104" asserts="1" />
          </test-suite>
          <test-suite type="TestFixture" id="0-3107" name="EqualConstraintTests" fullname="NUnit.Framework.Constraints.EqualConstraintTests" classname="NUnit.Framework.Constraints.EqualConstraintTests" runstate="Runnable" testcasecount="16" result="Passed" start-time="2017-02-21 11:04:45Z" end-time="2017-02-21 11:04:45Z" duration="0.075628" total="16" passed="16" failed="0" warnings="0" inconclusive="0" skipped="0" asserts="22">
            <test-suite type="ParameterizedMethod" id="0-3124" name="FailsWithBadValues" fullname="NUnit.Framework.Constraints.EqualConstraintTests.FailsWithBadValues" classname="NUnit.Framework.Constraints.ConstraintTestBase" runstate="Runnable" testcasecount="5" result="Passed" start-time="2017-02-21 11:04:45Z" end-time="2017-02-21 11:04:45Z" duration="0.015631" total="5" passed="5" failed="0" warnings="0" inconclusive="0" skipped="0" asserts="10">
              <test-case id="0-3119" name="FailsWithBadValues(5,&quot;5&quot;)" fullname="NUnit.Framework.Constraints.EqualConstraintTests.FailsWithBadValues(5,&quot;5&quot;)" methodname="FailsWithBadValues" classname="NUnit.Framework.Constraints.ConstraintTestBase" runstate="Runnable" seed="306582512" result="Passed" start-time="2017-02-21 11:04:45Z" end-time="2017-02-21 11:04:45Z" duration="0.000254" asserts="2" />
              <test-case id="0-3120" name="FailsWithBadValues(null,&quot;null&quot;)" fullname="NUnit.Framework.Constraints.EqualConstraintTests.FailsWithBadValues(null,&quot;null&quot;)" methodname="FailsWithBadValues" classname="NUnit.Framework.Constraints.ConstraintTestBase" runstate="Runnable" seed="727720383" result="Passed" start-time="2017-02-21 11:04:45Z" end-time="2017-02-21 11:04:45Z" duration="0.000103" asserts="2" />
              <test-case id="0-3121" name="FailsWithBadValues(&quot;Hello&quot;,&quot;\&quot;Hello\&quot;&quot;)" fullname="NUnit.Framework.Constraints.EqualConstraintTests.FailsWithBadValues(&quot;Hello&quot;,&quot;\&quot;Hello\&quot;&quot;)" methodname="FailsWithBadValues" classname="NUnit.Framework.Constraints.ConstraintTestBase" runstate="Runnable" seed="491627562" result="Passed" start-time="2017-02-21 11:04:45Z" end-time="2017-02-21 11:04:45Z" duration="0.000102" asserts="2" />
              <test-case id="0-3122" name="FailsWithBadValues(double.NaN,&quot;NaN&quot;)" fullname="NUnit.Framework.Constraints.EqualConstraintTests.FailsWithBadValues(double.NaN,&quot;NaN&quot;)" methodname="FailsWithBadValues" classname="NUnit.Framework.Constraints.ConstraintTestBase" runstate="Runnable" seed="1676562379" result="Passed" start-time="2017-02-21 11:04:45Z" end-time="2017-02-21 11:04:45Z" duration="0.000124" asserts="2" />
              <test-case id="0-3123" name="FailsWithBadValues(double.PositiveInfinity,&quot;Infinity&quot;)" fullname="NUnit.Framework.Constraints.EqualConstraintTests.FailsWithBadValues(double.PositiveInfinity,&quot;Infinity&quot;)" methodname="FailsWithBadValues" classname="NUnit.Framework.Constraints.ConstraintTestBase" runstate="Runnable" seed="1650918034" result="Passed" start-time="2017-02-21 11:04:45Z" end-time="2017-02-21 11:04:45Z" duration="0.000074" asserts="2" />
            </test-suite>
            <test-case id="0-3125" name="ProvidesProperDescription" fullname="NUnit.Framework.Constraints.EqualConstraintTests.ProvidesProperDescription" methodname="ProvidesProperDescription" classname="NUnit.Framework.Constraints.ConstraintTestBaseNoData" runstate="Runnable" seed="1748546594" result="Passed" start-time="2017-02-21 11:04:45Z" end-time="2017-02-21 11:04:45Z" duration="0.000086" asserts="1" />
            <test-case id="0-3126" name="ProvidesProperStringRepresentation" fullname="NUnit.Framework.Constraints.EqualConstraintTests.ProvidesProperStringRepresentation" methodname="ProvidesProperStringRepresentation" classname="NUnit.Framework.Constraints.ConstraintTestBaseNoData" runstate="Runnable" seed="1519129859" result="Passed" start-time="2017-02-21 11:04:45Z" end-time="2017-02-21 11:04:45Z" duration="0.000074" asserts="1" />
            <test-case id="0-3109" name="SameValueAndTypeButDifferentReferenceShowNotShowTypeDifference" fullname="NUnit.Framework.Constraints.EqualConstraintTests.SameValueAndTypeButDifferentReferenceShowNotShowTypeDifference" methodname="SameValueAndTypeButDifferentReferenceShowNotShowTypeDifference" classname="NUnit.Framework.Constraints.EqualConstraintTests" runstate="Runnable" seed="1391082028" result="Passed" start-time="2017-02-21 11:04:45Z" end-time="2017-02-21 11:04:45Z" duration="0.003401" asserts="2" />
            <test-case id="0-3108" name="SameValueDifferentTypeExactMessageMatch" fullname="NUnit.Framework.Constraints.EqualConstraintTests.SameValueDifferentTypeExactMessageMatch" methodname="SameValueDifferentTypeExactMessageMatch" classname="NUnit.Framework.Constraints.EqualConstraintTests" runstate="Runnable" seed="403161139" result="Passed" start-time="2017-02-21 11:04:45Z" end-time="2017-02-21 11:04:45Z" duration="0.003813" asserts="2" />
            <test-suite type="ParameterizedMethod" id="0-3113" name="SameValueDifferentTypeRegexMatch" fullname="NUnit.Framework.Constraints.EqualConstraintTests.SameValueDifferentTypeRegexMatch" classname="NUnit.Framework.Constraints.EqualConstraintTests" runstate="Runnable" testcasecount="3" result="Passed" start-time="2017-02-21 11:04:45Z" end-time="2017-02-21 11:04:45Z" duration="0.021854" total="3" passed="3" failed="0" warnings="0" inconclusive="0" skipped="0" asserts="6">
              <test-case id="0-3110" name="SameValueDifferentTypeRegexMatch(0,0)" fullname="NUnit.Framework.Constraints.EqualConstraintTests.SameValueDifferentTypeRegexMatch(0,0)" methodname="SameValueDifferentTypeRegexMatch" classname="NUnit.Framework.Constraints.EqualConstraintTests" runstate="Runnable" seed="1857795825" result="Passed" start-time="2017-02-21 11:04:45Z" end-time="2017-02-21 11:04:45Z" duration="0.004244" asserts="2" />
              <test-case id="0-3111" name="SameValueDifferentTypeRegexMatch(0,0)" fullname="NUnit.Framework.Constraints.EqualConstraintTests.SameValueDifferentTypeRegexMatch(0,0)" methodname="SameValueDifferentTypeRegexMatch" classname="NUnit.Framework.Constraints.EqualConstraintTests" runstate="Runnable" seed="130927803" result="Passed" start-time="2017-02-21 11:04:45Z" end-time="2017-02-21 11:04:45Z" duration="0.002650" asserts="2" />
              <test-case id="0-3112" name="SameValueDifferentTypeRegexMatch(a,a)" fullname="NUnit.Framework.Constraints.EqualConstraintTests.SameValueDifferentTypeRegexMatch(a,a)" methodname="SameValueDifferentTypeRegexMatch" classname="NUnit.Framework.Constraints.EqualConstraintTests" runstate="Runnable" seed="1288574343" result="Passed" start-time="2017-02-21 11:04:45Z" end-time="2017-02-21 11:04:45Z" duration="0.006128" asserts="2" />
            </test-suite>
            <test-suite type="ParameterizedMethod" id="0-3118" name="SucceedsWithGoodValues" fullname="NUnit.Framework.Constraints.EqualConstraintTests.SucceedsWithGoodValues" classname="NUnit.Framework.Constraints.ConstraintTestBase" runstate="Runnable" testcasecount="4" result="Passed" start-time="2017-02-21 11:04:45Z" end-time="2017-02-21 11:04:45Z" duration="0.011697" total="4" passed="4" failed="0" warnings="0" inconclusive="0" skipped="0" asserts="0">
              <test-case id="0-3114" name="SucceedsWithGoodValues(4)" fullname="NUnit.Framework.Constraints.EqualConstraintTests.SucceedsWithGoodValues(4)" methodname="SucceedsWithGoodValues" classname="NUnit.Framework.Constraints.ConstraintTestBase" runstate="Runnable" seed="637907623" result="Passed" start-time="2017-02-21 11:04:45Z" end-time="2017-02-21 11:04:45Z" duration="0.000266" asserts="0" />
              <test-case id="0-3115" name="SucceedsWithGoodValues(4.0f)" fullname="NUnit.Framework.Constraints.EqualConstraintTests.SucceedsWithGoodValues(4.0f)" methodname="SucceedsWithGoodValues" classname="NUnit.Framework.Constraints.ConstraintTestBase" runstate="Runnable" seed="496371653" result="Passed" start-time="2017-02-21 11:04:45Z" end-time="2017-02-21 11:04:45Z" duration="0.000074" asserts="0" />
              <test-case id="0-3116" name="SucceedsWithGoodValues(4.0d)" fullname="NUnit.Framework.Constraints.EqualConstraintTests.SucceedsWithGoodValues(4.0d)" methodname="SucceedsWithGoodValues" classname="NUnit.Framework.Constraints.ConstraintTestBase" runstate="Runnable" seed="1881524701" result="Passed" start-time="2017-02-21 11:04:45Z" end-time="2017-02-21 11:04:45Z" duration="0.000152" asserts="0" />
              <test-case id="0-3117" name="SucceedsWithGoodValues(4.0000m)" fullname="NUnit.Framework.Constraints.EqualConstraintTests.SucceedsWithGoodValues(4.0000m)" methodname="SucceedsWithGoodValues" classname="NUnit.Framework.Constraints.ConstraintTestBase" runstate="Runnable" seed="107471550" result="Passed" start-time="2017-02-21 11:04:45Z" end-time="2017-02-21 11:04:45Z" duration="0.000093" asserts="0" />
            </test-suite>
          </test-suite>
          <test-suite type="TestFixture" id="0-3127" name="EqualConstraintTests+DateTimeEquality" fullname="NUnit.Framework.Constraints.EqualConstraintTests+DateTimeEquality" classname="NUnit.Framework.Constraints.EqualConstraintTests+DateTimeEquality" runstate="Runnable" testcasecount="16" result="Passed" start-time="2017-02-21 11:04:45Z" end-time="2017-02-21 11:04:45Z" duration="0.059490" total="16" passed="16" failed="0" warnings="0" inconclusive="0" skipped="0" asserts="16">
            <test-case id="0-3128" name="CanMatchDates" fullname="NUnit.Framework.Constraints.EqualConstraintTests+DateTimeEquality.CanMatchDates" methodname="CanMatchDates" classname="NUnit.Framework.Constraints.EqualConstraintTests+DateTimeEquality" runstate="Runnable" seed="1326138174" result="Passed" start-time="2017-02-21 11:04:45Z" end-time="2017-02-21 11:04:45Z" duration="0.001285" asserts="1" />
            <test-case id="0-3130" name="CanMatchDatesWithinDays" fullname="NUnit.Framework.Constraints.EqualConstraintTests+DateTimeEquality.CanMatchDatesWithinDays" methodname="CanMatchDatesWithinDays" classname="NUnit.Framework.Constraints.EqualConstraintTests+DateTimeEquality" runstate="Runnable" seed="1638761143" result="Passed" start-time="2017-02-21 11:04:45Z" end-time="2017-02-21 11:04:45Z" duration="0.000675" asserts="1" />
            <test-case id="0-3131" name="CanMatchDatesWithinHours" fullname="NUnit.Framework.Constraints.EqualConstraintTests+DateTimeEquality.CanMatchDatesWithinHours" methodname="CanMatchDatesWithinHours" classname="NUnit.Framework.Constraints.EqualConstraintTests+DateTimeEquality" runstate="Runnable" seed="1380846019" result="Passed" start-time="2017-02-21 11:04:45Z" end-time="2017-02-21 11:04:45Z" duration="0.000335" asserts="1" />
            <test-case id="0-3136" name="CanMatchDatesWithinMilliseconds" fullname="NUnit.Framework.Constraints.EqualConstraintTests+DateTimeEquality.CanMatchDatesWithinMilliseconds" methodname="CanMatchDatesWithinMilliseconds" classname="NUnit.Framework.Constraints.EqualConstraintTests+DateTimeEquality" runstate="Runnable" seed="884188839" result="Passed" start-time="2017-02-21 11:04:45Z" end-time="2017-02-21 11:04:45Z" duration="0.000265" asserts="1" />
            <test-case id="0-3133" name="CanMatchDatesWithinMinutes" fullname="NUnit.Framework.Constraints.EqualConstraintTests+DateTimeEquality.CanMatchDatesWithinMinutes" methodname="CanMatchDatesWithinMinutes" classname="NUnit.Framework.Constraints.EqualConstraintTests+DateTimeEquality" runstate="Runnable" seed="955796752" result="Passed" start-time="2017-02-21 11:04:45Z" end-time="2017-02-21 11:04:45Z" duration="0.000515" asserts="1" />
            <test-case id="0-3135" name="CanMatchDatesWithinSeconds" fullname="NUnit.Framework.Constraints.EqualConstraintTests+DateTimeEquality.CanMatchDatesWithinSeconds" methodname="CanMatchDatesWithinSeconds" classname="NUnit.Framework.Constraints.EqualConstraintTests+DateTimeEquality" runstate="Runnable" seed="137430592" result="Passed" start-time="2017-02-21 11:04:45Z" end-time="2017-02-21 11:04:45Z" duration="0.000998" asserts="1" />
            <test-case id="0-3137" name="CanMatchDatesWithinTicks" fullname="NUnit.Framework.Constraints.EqualConstraintTests+DateTimeEquality.CanMatchDatesWithinTicks" methodname="CanMatchDatesWithinTicks" classname="NUnit.Framework.Constraints.EqualConstraintTests+DateTimeEquality" runstate="Runnable" seed="1552289618" result="Passed" start-time="2017-02-21 11:04:45Z" end-time="2017-02-21 11:04:45Z" duration="0.002702" asserts="1" />
            <test-case id="0-3129" name="CanMatchDatesWithinTimeSpan" fullname="NUnit.Framework.Constraints.EqualConstraintTests+DateTimeEquality.CanMatchDatesWithinTimeSpan" methodname="CanMatchDatesWithinTimeSpan" classname="NUnit.Framework.Constraints.EqualConstraintTests+DateTimeEquality" runstate="Runnable" seed="694299583" result="Passed" start-time="2017-02-21 11:04:45Z" end-time="2017-02-21 11:04:45Z" duration="0.000370" asserts="1" />
            <test-case id="0-3134" name="CanMatchTimeSpanWithinMinutes" fullname="NUnit.Framework.Constraints.EqualConstraintTests+DateTimeEquality.CanMatchTimeSpanWithinMinutes" methodname="CanMatchTimeSpanWithinMinutes" classname="NUnit.Framework.Constraints.EqualConstraintTests+DateTimeEquality" runstate="Runnable" seed="161764993" result="Passed" start-time="2017-02-21 11:04:45Z" end-time="2017-02-21 11:04:45Z" duration="0.001305" asserts="1" />
            <test-case id="0-3132" name="CanMatchUsingIsEqualToWithinTimeSpan" fullname="NUnit.Framework.Constraints.EqualConstraintTests+DateTimeEquality.CanMatchUsingIsEqualToWithinTimeSpan" methodname="CanMatchUsingIsEqualToWithinTimeSpan" classname="NUnit.Framework.Constraints.EqualConstraintTests+DateTimeEquality" runstate="Runnable" seed="1158204981" result="Passed" start-time="2017-02-21 11:04:45Z" end-time="2017-02-21 11:04:45Z" duration="0.000246" asserts="1" />
            <test-case id="0-3138" name="ErrorIfDaysPrecedesWithin" fullname="NUnit.Framework.Constraints.EqualConstraintTests+DateTimeEquality.ErrorIfDaysPrecedesWithin" methodname="ErrorIfDaysPrecedesWithin" classname="NUnit.Framework.Constraints.EqualConstraintTests+DateTimeEquality" runstate="Runnable" seed="1861768112" result="Passed" start-time="2017-02-21 11:04:45Z" end-time="2017-02-21 11:04:45Z" duration="0.000432" asserts="1" />
            <test-case id="0-3139" name="ErrorIfHoursPrecedesWithin" fullname="NUnit.Framework.Constraints.EqualConstraintTests+DateTimeEquality.ErrorIfHoursPrecedesWithin" methodname="ErrorIfHoursPrecedesWithin" classname="NUnit.Framework.Constraints.EqualConstraintTests+DateTimeEquality" runstate="Runnable" seed="183166315" result="Passed" start-time="2017-02-21 11:04:45Z" end-time="2017-02-21 11:04:45Z" duration="0.000365" asserts="1" />
            <test-case id="0-3142" name="ErrorIfMillisecondsPrecedesWithin" fullname="NUnit.Framework.Constraints.EqualConstraintTests+DateTimeEquality.ErrorIfMillisecondsPrecedesWithin" methodname="ErrorIfMillisecondsPrecedesWithin" classname="NUnit.Framework.Constraints.EqualConstraintTests+DateTimeEquality" runstate="Runnable" seed="249037476" result="Passed" start-time="2017-02-21 11:04:45Z" end-time="2017-02-21 11:04:45Z" duration="0.000985" asserts="1" />
            <test-case id="0-3140" name="ErrorIfMinutesPrecedesWithin" fullname="NUnit.Framework.Constraints.EqualConstraintTests+DateTimeEquality.ErrorIfMinutesPrecedesWithin" methodname="ErrorIfMinutesPrecedesWithin" classname="NUnit.Framework.Constraints.EqualConstraintTests+DateTimeEquality" runstate="Runnable" seed="1545641106" result="Passed" start-time="2017-02-21 11:04:45Z" end-time="2017-02-21 11:04:45Z" duration="0.000711" asserts="1" />
            <test-case id="0-3141" name="ErrorIfSecondsPrecedesWithin" fullname="NUnit.Framework.Constraints.EqualConstraintTests+DateTimeEquality.ErrorIfSecondsPrecedesWithin" methodname="ErrorIfSecondsPrecedesWithin" classname="NUnit.Framework.Constraints.EqualConstraintTests+DateTimeEquality" runstate="Runnable" seed="64484555" result="Passed" start-time="2017-02-21 11:04:45Z" end-time="2017-02-21 11:04:45Z" duration="0.000281" asserts="1" />
            <test-case id="0-3143" name="ErrorIfTicksPrecedesWithin" fullname="NUnit.Framework.Constraints.EqualConstraintTests+DateTimeEquality.ErrorIfTicksPrecedesWithin" methodname="ErrorIfTicksPrecedesWithin" classname="NUnit.Framework.Constraints.EqualConstraintTests+DateTimeEquality" runstate="Runnable" seed="2021952763" result="Passed" start-time="2017-02-21 11:04:45Z" end-time="2017-02-21 11:04:45Z" duration="0.001366" asserts="1" />
          </test-suite>
          <test-suite type="TestFixture" id="0-3337" name="EqualConstraintTests+DictionaryEquality" fullname="NUnit.Framework.Constraints.EqualConstraintTests+DictionaryEquality" classname="NUnit.Framework.Constraints.EqualConstraintTests+DictionaryEquality" runstate="Runnable" testcasecount="7" result="Passed" start-time="2017-02-21 11:04:45Z" end-time="2017-02-21 11:04:45Z" duration="0.030609" total="7" passed="7" failed="0" warnings="0" inconclusive="0" skipped="0" asserts="7">
            <test-case id="0-3340" name="CanMatchDictionaries_DifferentOrder" fullname="NUnit.Framework.Constraints.EqualConstraintTests+DictionaryEquality.CanMatchDictionaries_DifferentOrder" methodname="CanMatchDictionaries_DifferentOrder" classname="NUnit.Framework.Constraints.EqualConstraintTests+DictionaryEquality" runstate="Runnable" seed="418437399" result="Passed" start-time="2017-02-21 11:04:45Z" end-time="2017-02-21 11:04:45Z" duration="0.002297" asserts="1" />
            <test-case id="0-3339" name="CanMatchDictionaries_Failure" fullname="NUnit.Framework.Constraints.EqualConstraintTests+DictionaryEquality.CanMatchDictionaries_Failure" methodname="CanMatchDictionaries_Failure" classname="NUnit.Framework.Constraints.EqualConstraintTests+DictionaryEquality" runstate="Runnable" seed="1740829439" result="Passed" start-time="2017-02-21 11:04:45Z" end-time="2017-02-21 11:04:45Z" duration="0.004823" asserts="1" />
            <test-case id="0-3338" name="CanMatchDictionaries_SameOrder" fullname="NUnit.Framework.Constraints.EqualConstraintTests+DictionaryEquality.CanMatchDictionaries_SameOrder" methodname="CanMatchDictionaries_SameOrder" classname="NUnit.Framework.Constraints.EqualConstraintTests+DictionaryEquality" runstate="Runnable" seed="1004675944" result="Passed" start-time="2017-02-21 11:04:45Z" end-time="2017-02-21 11:04:45Z" duration="0.000241" asserts="1" />
            <test-case id="0-3343" name="CanMatchHashtables_DifferentOrder" fullname="NUnit.Framework.Constraints.EqualConstraintTests+DictionaryEquality.CanMatchHashtables_DifferentOrder" methodname="CanMatchHashtables_DifferentOrder" classname="NUnit.Framework.Constraints.EqualConstraintTests+DictionaryEquality" runstate="Runnable" seed="1433946221" result="Passed" start-time="2017-02-21 11:04:45Z" end-time="2017-02-21 11:04:45Z" duration="0.000940" asserts="1" />
            <test-case id="0-3342" name="CanMatchHashtables_Failure" fullname="NUnit.Framework.Constraints.EqualConstraintTests+DictionaryEquality.CanMatchHashtables_Failure" methodname="CanMatchHashtables_Failure" classname="NUnit.Framework.Constraints.EqualConstraintTests+DictionaryEquality" runstate="Runnable" seed="868697232" result="Passed" start-time="2017-02-21 11:04:45Z" end-time="2017-02-21 11:04:45Z" duration="0.002861" asserts="1" />
            <test-case id="0-3341" name="CanMatchHashtables_SameOrder" fullname="NUnit.Framework.Constraints.EqualConstraintTests+DictionaryEquality.CanMatchHashtables_SameOrder" methodname="CanMatchHashtables_SameOrder" classname="NUnit.Framework.Constraints.EqualConstraintTests+DictionaryEquality" runstate="Runnable" seed="241337972" result="Passed" start-time="2017-02-21 11:04:45Z" end-time="2017-02-21 11:04:45Z" duration="0.000277" asserts="1" />
            <test-case id="0-3344" name="CanMatchHashtableWithDictionary" fullname="NUnit.Framework.Constraints.EqualConstraintTests+DictionaryEquality.CanMatchHashtableWithDictionary" methodname="CanMatchHashtableWithDictionary" classname="NUnit.Framework.Constraints.EqualConstraintTests+DictionaryEquality" runstate="Runnable" seed="714847881" result="Passed" start-time="2017-02-21 11:04:45Z" end-time="2017-02-21 11:04:45Z" duration="0.000238" asserts="1" />
          </test-suite>
          <test-suite type="TestFixture" id="0-3389" name="EqualConstraintTests+UsingModifier" fullname="NUnit.Framework.Constraints.EqualConstraintTests+UsingModifier" classname="NUnit.Framework.Constraints.EqualConstraintTests+UsingModifier" runstate="Runnable" testcasecount="10" result="Passed" start-time="2017-02-21 11:04:45Z" end-time="2017-02-21 11:04:45Z" duration="0.037464" total="10" passed="10" failed="0" warnings="0" inconclusive="0" skipped="0" asserts="16">
            <test-case id="0-3391" name="CanCompareUncomparableTypes" fullname="NUnit.Framework.Constraints.EqualConstraintTests+UsingModifier.CanCompareUncomparableTypes" methodname="CanCompareUncomparableTypes" classname="NUnit.Framework.Constraints.EqualConstraintTests+UsingModifier" runstate="Runnable" seed="1753788900" result="Passed" start-time="2017-02-21 11:04:45Z" end-time="2017-02-21 11:04:45Z" duration="0.000916" asserts="2" />
            <test-case id="0-3399" name="UsesProvidedArrayComparer" fullname="NUnit.Framework.Constraints.EqualConstraintTests+UsingModifier.UsesProvidedArrayComparer" methodname="UsesProvidedArrayComparer" classname="NUnit.Framework.Constraints.EqualConstraintTests+UsingModifier" runstate="Runnable" seed="1071247340" result="Passed" start-time="2017-02-21 11:04:45Z" end-time="2017-02-21 11:04:45Z" duration="0.001049" asserts="1" />
            <test-case id="0-3392" name="UsesProvidedEqualityComparer" fullname="NUnit.Framework.Constraints.EqualConstraintTests+UsingModifier.UsesProvidedEqualityComparer" methodname="UsesProvidedEqualityComparer" classname="NUnit.Framework.Constraints.EqualConstraintTests+UsingModifier" runstate="Runnable" seed="1989284661" result="Passed" start-time="2017-02-21 11:04:45Z" end-time="2017-02-21 11:04:45Z" duration="0.000700" asserts="2" />
            <test-case id="0-3394" name="UsesProvidedGenericComparer" fullname="NUnit.Framework.Constraints.EqualConstraintTests+UsingModifier.UsesProvidedGenericComparer" methodname="UsesProvidedGenericComparer" classname="NUnit.Framework.Constraints.EqualConstraintTests+UsingModifier" runstate="Runnable" seed="2040108128" result="Passed" start-time="2017-02-21 11:04:45Z" end-time="2017-02-21 11:04:45Z" duration="0.001144" asserts="2" />
            <test-case id="0-3395" name="UsesProvidedGenericComparison" fullname="NUnit.Framework.Constraints.EqualConstraintTests+UsingModifier.UsesProvidedGenericComparison" methodname="UsesProvidedGenericComparison" classname="NUnit.Framework.Constraints.EqualConstraintTests+UsingModifier" runstate="Runnable" seed="146435884" result="Passed" start-time="2017-02-21 11:04:45Z" end-time="2017-02-21 11:04:45Z" duration="0.000604" asserts="2" />
            <test-case id="0-3393" name="UsesProvidedGenericEqualityComparer" fullname="NUnit.Framework.Constraints.EqualConstraintTests+UsingModifier.UsesProvidedGenericEqualityComparer" methodname="UsesProvidedGenericEqualityComparer" classname="NUnit.Framework.Constraints.EqualConstraintTests+UsingModifier" runstate="Runnable" seed="1496836914" result="Passed" start-time="2017-02-21 11:04:45Z" end-time="2017-02-21 11:04:45Z" duration="0.000648" asserts="2" />
            <test-case id="0-3390" name="UsesProvidedIComparer" fullname="NUnit.Framework.Constraints.EqualConstraintTests+UsingModifier.UsesProvidedIComparer" methodname="UsesProvidedIComparer" classname="NUnit.Framework.Constraints.EqualConstraintTests+UsingModifier" runstate="Runnable" seed="1361484099" result="Passed" start-time="2017-02-21 11:04:45Z" end-time="2017-02-21 11:04:45Z" duration="0.001581" asserts="2" />
            <test-case id="0-3396" name="UsesProvidedLambda_IntArgs" fullname="NUnit.Framework.Constraints.EqualConstraintTests+UsingModifier.UsesProvidedLambda_IntArgs" methodname="UsesProvidedLambda_IntArgs" classname="NUnit.Framework.Constraints.EqualConstraintTests+UsingModifier" runstate="Runnable" seed="1395183495" result="Passed" start-time="2017-02-21 11:04:45Z" end-time="2017-02-21 11:04:45Z" duration="0.000320" asserts="1" />
            <test-case id="0-3397" name="UsesProvidedLambda_StringArgs" fullname="NUnit.Framework.Constraints.EqualConstraintTests+UsingModifier.UsesProvidedLambda_StringArgs" methodname="UsesProvidedLambda_StringArgs" classname="NUnit.Framework.Constraints.EqualConstraintTests+UsingModifier" runstate="Runnable" seed="288549209" result="Passed" start-time="2017-02-21 11:04:45Z" end-time="2017-02-21 11:04:45Z" duration="0.000434" asserts="1" />
            <test-case id="0-3398" name="UsesProvidedListComparer" fullname="NUnit.Framework.Constraints.EqualConstraintTests+UsingModifier.UsesProvidedListComparer" methodname="UsesProvidedListComparer" classname="NUnit.Framework.Constraints.EqualConstraintTests+UsingModifier" runstate="Runnable" seed="1481745310" result="Passed" start-time="2017-02-21 11:04:45Z" end-time="2017-02-21 11:04:45Z" duration="0.001445" asserts="1" />
          </test-suite>
          <test-suite type="TestFixture" id="0-3345" name="EqualConstraintTests+FloatingPointEquality" fullname="NUnit.Framework.Constraints.EqualConstraintTests+FloatingPointEquality" classname="NUnit.Framework.Constraints.EqualConstraintTests+FloatingPointEquality" runstate="Runnable" testcasecount="33" result="Passed" start-time="2017-02-21 11:04:45Z" end-time="2017-02-21 11:04:45Z" duration="0.157334" total="33" passed="33" failed="0" warnings="0" inconclusive="0" skipped="0" asserts="41">
            <test-suite type="ParameterizedMethod" id="0-3368" name="CanMatchDoublesWithRelativeTolerance" fullname="NUnit.Framework.Constraints.EqualConstraintTests+FloatingPointEquality.CanMatchDoublesWithRelativeTolerance" classname="NUnit.Framework.Constraints.EqualConstraintTests+FloatingPointEquality" runstate="Runnable" testcasecount="3" result="Passed" start-time="2017-02-21 11:04:45Z" end-time="2017-02-21 11:04:45Z" duration="0.011255" total="3" passed="3" failed="0" warnings="0" inconclusive="0" skipped="0" asserts="3">
              <test-case id="0-3365" name="CanMatchDoublesWithRelativeTolerance(9500.0d)" fullname="NUnit.Framework.Constraints.EqualConstraintTests+FloatingPointEquality.CanMatchDoublesWithRelativeTolerance(9500.0d)" methodname="CanMatchDoublesWithRelativeTolerance" classname="NUnit.Framework.Constraints.EqualConstraintTests+FloatingPointEquality" runstate="Runnable" seed="1362534688" result="Passed" start-time="2017-02-21 11:04:45Z" end-time="2017-02-21 11:04:45Z" duration="0.000268" asserts="1" />
              <test-case id="0-3366" name="CanMatchDoublesWithRelativeTolerance(10000.0d)" fullname="NUnit.Framework.Constraints.EqualConstraintTests+FloatingPointEquality.CanMatchDoublesWithRelativeTolerance(10000.0d)" methodname="CanMatchDoublesWithRelativeTolerance" classname="NUnit.Framework.Constraints.EqualConstraintTests+FloatingPointEquality" runstate="Runnable" seed="945976513" result="Passed" start-time="2017-02-21 11:04:45Z" end-time="2017-02-21 11:04:45Z" duration="0.000040" asserts="1" />
              <test-case id="0-3367" name="CanMatchDoublesWithRelativeTolerance(10500.0d)" fullname="NUnit.Framework.Constraints.EqualConstraintTests+FloatingPointEquality.CanMatchDoublesWithRelativeTolerance(10500.0d)" methodname="CanMatchDoublesWithRelativeTolerance" classname="NUnit.Framework.Constraints.EqualConstraintTests+FloatingPointEquality" runstate="Runnable" seed="125621415" result="Passed" start-time="2017-02-21 11:04:45Z" end-time="2017-02-21 11:04:45Z" duration="0.000051" asserts="1" />
            </test-suite>
            <test-suite type="ParameterizedMethod" id="0-3355" name="CanMatchDoublesWithUlpTolerance" fullname="NUnit.Framework.Constraints.EqualConstraintTests+FloatingPointEquality.CanMatchDoublesWithUlpTolerance" classname="NUnit.Framework.Constraints.EqualConstraintTests+FloatingPointEquality" runstate="Runnable" testcasecount="2" result="Passed" start-time="2017-02-21 11:04:45Z" end-time="2017-02-21 11:04:45Z" duration="0.005890" total="2" passed="2" failed="0" warnings="0" inconclusive="0" skipped="0" asserts="2">
              <test-case id="0-3353" name="CanMatchDoublesWithUlpTolerance(2E+16.0d)" fullname="NUnit.Framework.Constraints.EqualConstraintTests+FloatingPointEquality.CanMatchDoublesWithUlpTolerance(2E+16.0d)" methodname="CanMatchDoublesWithUlpTolerance" classname="NUnit.Framework.Constraints.EqualConstraintTests+FloatingPointEquality" runstate="Runnable" seed="731985602" result="Passed" start-time="2017-02-21 11:04:45Z" end-time="2017-02-21 11:04:45Z" duration="0.000385" asserts="1" />
              <test-case id="0-3354" name="CanMatchDoublesWithUlpTolerance(2E+16.0d)" fullname="NUnit.Framework.Constraints.EqualConstraintTests+FloatingPointEquality.CanMatchDoublesWithUlpTolerance(2E+16.0d)" methodname="CanMatchDoublesWithUlpTolerance" classname="NUnit.Framework.Constraints.EqualConstraintTests+FloatingPointEquality" runstate="Runnable" seed="497799575" result="Passed" start-time="2017-02-21 11:04:45Z" end-time="2017-02-21 11:04:45Z" duration="0.000048" asserts="1" />
            </test-suite>
            <test-suite type="ParameterizedMethod" id="0-3375" name="CanMatchSinglesWithRelativeTolerance" fullname="NUnit.Framework.Constraints.EqualConstraintTests+FloatingPointEquality.CanMatchSinglesWithRelativeTolerance" classname="NUnit.Framework.Constraints.EqualConstraintTests+FloatingPointEquality" runstate="Runnable" testcasecount="3" result="Passed" start-time="2017-02-21 11:04:45Z" end-time="2017-02-21 11:04:45Z" duration="0.007809" total="3" passed="3" failed="0" warnings="0" inconclusive="0" skipped="0" asserts="3">
              <test-case id="0-3372" name="CanMatchSinglesWithRelativeTolerance(9500.0f)" fullname="NUnit.Framework.Constraints.EqualConstraintTests+FloatingPointEquality.CanMatchSinglesWithRelativeTolerance(9500.0f)" methodname="CanMatchSinglesWithRelativeTolerance" classname="NUnit.Framework.Constraints.EqualConstraintTests+FloatingPointEquality" runstate="Runnable" seed="1680494863" result="Passed" start-time="2017-02-21 11:04:45Z" end-time="2017-02-21 11:04:45Z" duration="0.000205" asserts="1" />
              <test-case id="0-3373" name="CanMatchSinglesWithRelativeTolerance(10000.0f)" fullname="NUnit.Framework.Constraints.EqualConstraintTests+FloatingPointEquality.CanMatchSinglesWithRelativeTolerance(10000.0f)" methodname="CanMatchSinglesWithRelativeTolerance" classname="NUnit.Framework.Constraints.EqualConstraintTests+FloatingPointEquality" runstate="Runnable" seed="1832973292" result="Passed" start-time="2017-02-21 11:04:45Z" end-time="2017-02-21 11:04:45Z" duration="0.000034" asserts="1" />
              <test-case id="0-3374" name="CanMatchSinglesWithRelativeTolerance(10500.0f)" fullname="NUnit.Framework.Constraints.EqualConstraintTests+FloatingPointEquality.CanMatchSinglesWithRelativeTolerance(10500.0f)" methodname="CanMatchSinglesWithRelativeTolerance" classname="NUnit.Framework.Constraints.EqualConstraintTests+FloatingPointEquality" runstate="Runnable" seed="537792248" result="Passed" start-time="2017-02-21 11:04:45Z" end-time="2017-02-21 11:04:45Z" duration="0.000039" asserts="1" />
            </test-suite>
            <test-suite type="ParameterizedMethod" id="0-3361" name="CanMatchSinglesWithUlpTolerance" fullname="NUnit.Framework.Constraints.EqualConstraintTests+FloatingPointEquality.CanMatchSinglesWithUlpTolerance" classname="NUnit.Framework.Constraints.EqualConstraintTests+FloatingPointEquality" runstate="Runnable" testcasecount="2" result="Passed" start-time="2017-02-21 11:04:45Z" end-time="2017-02-21 11:04:45Z" duration="0.007240" total="2" passed="2" failed="0" warnings="0" inconclusive="0" skipped="0" asserts="2">
              <test-case id="0-3359" name="CanMatchSinglesWithUlpTolerance(2E+07.0f)" fullname="NUnit.Framework.Constraints.EqualConstraintTests+FloatingPointEquality.CanMatchSinglesWithUlpTolerance(2E+07.0f)" methodname="CanMatchSinglesWithUlpTolerance" classname="NUnit.Framework.Constraints.EqualConstraintTests+FloatingPointEquality" runstate="Runnable" seed="1844091781" result="Passed" start-time="2017-02-21 11:04:45Z" end-time="2017-02-21 11:04:45Z" duration="0.000403" asserts="1" />
              <test-case id="0-3360" name="CanMatchSinglesWithUlpTolerance(2E+07.0f)" fullname="NUnit.Framework.Constraints.EqualConstraintTests+FloatingPointEquality.CanMatchSinglesWithUlpTolerance(2E+07.0f)" methodname="CanMatchSinglesWithUlpTolerance" classname="NUnit.Framework.Constraints.EqualConstraintTests+FloatingPointEquality" runstate="Runnable" seed="293508401" result="Passed" start-time="2017-02-21 11:04:45Z" end-time="2017-02-21 11:04:45Z" duration="0.000104" asserts="1" />
            </test-suite>
            <test-suite type="ParameterizedMethod" id="0-3352" name="CanMatchSpecialFloatingPointValues" fullname="NUnit.Framework.Constraints.EqualConstraintTests+FloatingPointEquality.CanMatchSpecialFloatingPointValues" classname="NUnit.Framework.Constraints.EqualConstraintTests+FloatingPointEquality" runstate="Runnable" testcasecount="6" result="Passed" start-time="2017-02-21 11:04:45Z" end-time="2017-02-21 11:04:45Z" duration="0.016533" total="6" passed="6" failed="0" warnings="0" inconclusive="0" skipped="0" asserts="6">
              <test-case id="0-3346" name="CanMatchSpecialFloatingPointValues(double.NaN)" fullname="NUnit.Framework.Constraints.EqualConstraintTests+FloatingPointEquality.CanMatchSpecialFloatingPointValues(double.NaN)" methodname="CanMatchSpecialFloatingPointValues" classname="NUnit.Framework.Constraints.EqualConstraintTests+FloatingPointEquality" runstate="Runnable" seed="1142881386" result="Passed" start-time="2017-02-21 11:04:45Z" end-time="2017-02-21 11:04:45Z" duration="0.000118" asserts="1" />
              <test-case id="0-3347" name="CanMatchSpecialFloatingPointValues(double.PositiveInfinity)" fullname="NUnit.Framework.Constraints.EqualConstraintTests+FloatingPointEquality.CanMatchSpecialFloatingPointValues(double.PositiveInfinity)" methodname="CanMatchSpecialFloatingPointValues" classname="NUnit.Framework.Constraints.EqualConstraintTests+FloatingPointEquality" runstate="Runnable" seed="1173890163" result="Passed" start-time="2017-02-21 11:04:45Z" end-time="2017-02-21 11:04:45Z" duration="0.000033" asserts="1" />
              <test-case id="0-3348" name="CanMatchSpecialFloatingPointValues(double.NegativeInfinity)" fullname="NUnit.Framework.Constraints.EqualConstraintTests+FloatingPointEquality.CanMatchSpecialFloatingPointValues(double.NegativeInfinity)" methodname="CanMatchSpecialFloatingPointValues" classname="NUnit.Framework.Constraints.EqualConstraintTests+FloatingPointEquality" runstate="Runnable" seed="449949867" result="Passed" start-time="2017-02-21 11:04:45Z" end-time="2017-02-21 11:04:45Z" duration="0.000032" asserts="1" />
              <test-case id="0-3349" name="CanMatchSpecialFloatingPointValues(float.NaN)" fullname="NUnit.Framework.Constraints.EqualConstraintTests+FloatingPointEquality.CanMatchSpecialFloatingPointValues(float.NaN)" methodname="CanMatchSpecialFloatingPointValues" classname="NUnit.Framework.Constraints.EqualConstraintTests+FloatingPointEquality" runstate="Runnable" seed="1663138014" result="Passed" start-time="2017-02-21 11:04:45Z" end-time="2017-02-21 11:04:45Z" duration="0.000115" asserts="1" />
              <test-case id="0-3350" name="CanMatchSpecialFloatingPointValues(float.PositiveInfinity)" fullname="NUnit.Framework.Constraints.EqualConstraintTests+FloatingPointEquality.CanMatchSpecialFloatingPointValues(float.PositiveInfinity)" methodname="CanMatchSpecialFloatingPointValues" classname="NUnit.Framework.Constraints.EqualConstraintTests+FloatingPointEquality" runstate="Runnable" seed="228171503" result="Passed" start-time="2017-02-21 11:04:45Z" end-time="2017-02-21 11:04:45Z" duration="0.000126" asserts="1" />
              <test-case id="0-3351" name="CanMatchSpecialFloatingPointValues(float.NegativeInfinity)" fullname="NUnit.Framework.Constraints.EqualConstraintTests+FloatingPointEquality.CanMatchSpecialFloatingPointValues(float.NegativeInfinity)" methodname="CanMatchSpecialFloatingPointValues" classname="NUnit.Framework.Constraints.EqualConstraintTests+FloatingPointEquality" runstate="Runnable" seed="131348697" result="Passed" start-time="2017-02-21 11:04:45Z" end-time="2017-02-21 11:04:45Z" duration="0.000059" asserts="1" />
            </test-suite>
            <test-case id="0-3381" name="ErrorIfPercentPrecedesWithin" fullname="NUnit.Framework.Constraints.EqualConstraintTests+FloatingPointEquality.ErrorIfPercentPrecedesWithin" methodname="ErrorIfPercentPrecedesWithin" classname="NUnit.Framework.Constraints.EqualConstraintTests+FloatingPointEquality" runstate="Runnable" seed="819306314" result="Passed" start-time="2017-02-21 11:04:45Z" end-time="2017-02-21 11:04:45Z" duration="0.000229" asserts="1" />
            <test-case id="0-3388" name="ErrorIfUlpsIsUsedOnDecimal" fullname="NUnit.Framework.Constraints.EqualConstraintTests+FloatingPointEquality.ErrorIfUlpsIsUsedOnDecimal" methodname="ErrorIfUlpsIsUsedOnDecimal" classname="NUnit.Framework.Constraints.EqualConstraintTests+FloatingPointEquality" runstate="Runnable" seed="1072652892" result="Passed" start-time="2017-02-21 11:04:45Z" end-time="2017-02-21 11:04:45Z" duration="0.000303" asserts="1" />
            <test-suite type="ParameterizedMethod" id="0-3387" name="ErrorIfUlpsIsUsedOnIntegralType" fullname="NUnit.Framework.Constraints.EqualConstraintTests+FloatingPointEquality.ErrorIfUlpsIsUsedOnIntegralType" classname="NUnit.Framework.Constraints.EqualConstraintTests+FloatingPointEquality" runstate="Runnable" testcasecount="4" result="Passed" start-time="2017-02-21 11:04:45Z" end-time="2017-02-21 11:04:45Z" duration="0.013177" total="4" passed="4" failed="0" warnings="0" inconclusive="0" skipped="0" asserts="4">
              <test-case id="0-3383" name="ErrorIfUlpsIsUsedOnIntegralType(1000,1010)" fullname="NUnit.Framework.Constraints.EqualConstraintTests+FloatingPointEquality.ErrorIfUlpsIsUsedOnIntegralType(1000,1010)" methodname="ErrorIfUlpsIsUsedOnIntegralType" classname="NUnit.Framework.Constraints.EqualConstraintTests+FloatingPointEquality" runstate="Runnable" seed="1425867598" result="Passed" start-time="2017-02-21 11:04:45Z" end-time="2017-02-21 11:04:45Z" duration="0.000624" asserts="1" />
              <test-case id="0-3384" name="ErrorIfUlpsIsUsedOnIntegralType(1000,1010)" fullname="NUnit.Framework.Constraints.EqualConstraintTests+FloatingPointEquality.ErrorIfUlpsIsUsedOnIntegralType(1000,1010)" methodname="ErrorIfUlpsIsUsedOnIntegralType" classname="NUnit.Framework.Constraints.EqualConstraintTests+FloatingPointEquality" runstate="Runnable" seed="1367337208" result="Passed" start-time="2017-02-21 11:04:45Z" end-time="2017-02-21 11:04:45Z" duration="0.000370" asserts="1" />
              <test-case id="0-3385" name="ErrorIfUlpsIsUsedOnIntegralType(1000L,1010L)" fullname="NUnit.Framework.Constraints.EqualConstraintTests+FloatingPointEquality.ErrorIfUlpsIsUsedOnIntegralType(1000L,1010L)" methodname="ErrorIfUlpsIsUsedOnIntegralType" classname="NUnit.Framework.Constraints.EqualConstraintTests+FloatingPointEquality" runstate="Runnable" seed="1586261628" result="Passed" start-time="2017-02-21 11:04:45Z" end-time="2017-02-21 11:04:45Z" duration="0.000112" asserts="1" />
              <test-case id="0-3386" name="ErrorIfUlpsIsUsedOnIntegralType(1000UL,1010UL)" fullname="NUnit.Framework.Constraints.EqualConstraintTests+FloatingPointEquality.ErrorIfUlpsIsUsedOnIntegralType(1000UL,1010UL)" methodname="ErrorIfUlpsIsUsedOnIntegralType" classname="NUnit.Framework.Constraints.EqualConstraintTests+FloatingPointEquality" runstate="Runnable" seed="444859841" result="Passed" start-time="2017-02-21 11:04:45Z" end-time="2017-02-21 11:04:45Z" duration="0.000127" asserts="1" />
            </test-suite>
            <test-case id="0-3382" name="ErrorIfUlpsPrecedesWithin" fullname="NUnit.Framework.Constraints.EqualConstraintTests+FloatingPointEquality.ErrorIfUlpsPrecedesWithin" methodname="ErrorIfUlpsPrecedesWithin" classname="NUnit.Framework.Constraints.EqualConstraintTests+FloatingPointEquality" runstate="Runnable" seed="647122408" result="Passed" start-time="2017-02-21 11:04:45Z" end-time="2017-02-21 11:04:45Z" duration="0.000264" asserts="1" />
            <test-case id="0-3379" name="ErrorWithPercentAndUlpsToleranceModes" fullname="NUnit.Framework.Constraints.EqualConstraintTests+FloatingPointEquality.ErrorWithPercentAndUlpsToleranceModes" methodname="ErrorWithPercentAndUlpsToleranceModes" classname="NUnit.Framework.Constraints.EqualConstraintTests+FloatingPointEquality" runstate="Runnable" seed="975677327" result="Passed" start-time="2017-02-21 11:04:45Z" end-time="2017-02-21 11:04:45Z" duration="0.000263" asserts="1" />
            <test-case id="0-3380" name="ErrorWithUlpsAndPercentToleranceModes" fullname="NUnit.Framework.Constraints.EqualConstraintTests+FloatingPointEquality.ErrorWithUlpsAndPercentToleranceModes" methodname="ErrorWithUlpsAndPercentToleranceModes" classname="NUnit.Framework.Constraints.EqualConstraintTests+FloatingPointEquality" runstate="Runnable" seed="1273642440" result="Passed" start-time="2017-02-21 11:04:45Z" end-time="2017-02-21 11:04:45Z" duration="0.000672" asserts="1" />
            <test-suite type="ParameterizedMethod" id="0-3371" name="FailsOnDoublesOutsideOfRelativeTolerance" fullname="NUnit.Framework.Constraints.EqualConstraintTests+FloatingPointEquality.FailsOnDoublesOutsideOfRelativeTolerance" classname="NUnit.Framework.Constraints.EqualConstraintTests+FloatingPointEquality" runstate="Runnable" testcasecount="2" result="Passed" start-time="2017-02-21 11:04:45Z" end-time="2017-02-21 11:04:45Z" duration="0.010357" total="2" passed="2" failed="0" warnings="0" inconclusive="0" skipped="0" asserts="4">
              <test-case id="0-3369" name="FailsOnDoublesOutsideOfRelativeTolerance(8500.0d)" fullname="NUnit.Framework.Constraints.EqualConstraintTests+FloatingPointEquality.FailsOnDoublesOutsideOfRelativeTolerance(8500.0d)" methodname="FailsOnDoublesOutsideOfRelativeTolerance" classname="NUnit.Framework.Constraints.EqualConstraintTests+FloatingPointEquality" runstate="Runnable" seed="1661036351" result="Passed" start-time="2017-02-21 11:04:45Z" end-time="2017-02-21 11:04:45Z" duration="0.002956" asserts="2" />
              <test-case id="0-3370" name="FailsOnDoublesOutsideOfRelativeTolerance(11500.0d)" fullname="NUnit.Framework.Constraints.EqualConstraintTests+FloatingPointEquality.FailsOnDoublesOutsideOfRelativeTolerance(11500.0d)" methodname="FailsOnDoublesOutsideOfRelativeTolerance" classname="NUnit.Framework.Constraints.EqualConstraintTests+FloatingPointEquality" runstate="Runnable" seed="1861249461" result="Passed" start-time="2017-02-21 11:04:45Z" end-time="2017-02-21 11:04:45Z" duration="0.002386" asserts="2" />
            </test-suite>
            <test-suite type="ParameterizedMethod" id="0-3358" name="FailsOnDoublesOutsideOfUlpTolerance" fullname="NUnit.Framework.Constraints.EqualConstraintTests+FloatingPointEquality.FailsOnDoublesOutsideOfUlpTolerance" classname="NUnit.Framework.Constraints.EqualConstraintTests+FloatingPointEquality" runstate="Runnable" testcasecount="2" result="Passed" start-time="2017-02-21 11:04:45Z" end-time="2017-02-21 11:04:45Z" duration="0.013693" total="2" passed="2" failed="0" warnings="0" inconclusive="0" skipped="0" asserts="4">
              <test-case id="0-3356" name="FailsOnDoublesOutsideOfUlpTolerance(2E+16.0d)" fullname="NUnit.Framework.Constraints.EqualConstraintTests+FloatingPointEquality.FailsOnDoublesOutsideOfUlpTolerance(2E+16.0d)" methodname="FailsOnDoublesOutsideOfUlpTolerance" classname="NUnit.Framework.Constraints.EqualConstraintTests+FloatingPointEquality" runstate="Runnable" seed="118979688" result="Passed" start-time="2017-02-21 11:04:45Z" end-time="2017-02-21 11:04:45Z" duration="0.006097" asserts="2" />
              <test-case id="0-3357" name="FailsOnDoublesOutsideOfUlpTolerance(2E+16.0d)" fullname="NUnit.Framework.Constraints.EqualConstraintTests+FloatingPointEquality.FailsOnDoublesOutsideOfUlpTolerance(2E+16.0d)" methodname="FailsOnDoublesOutsideOfUlpTolerance" classname="NUnit.Framework.Constraints.EqualConstraintTests+FloatingPointEquality" runstate="Runnable" seed="736768083" result="Passed" start-time="2017-02-21 11:04:45Z" end-time="2017-02-21 11:04:45Z" duration="0.002549" asserts="2" />
            </test-suite>
            <test-suite type="ParameterizedMethod" id="0-3378" name="FailsOnSinglesOutsideOfRelativeTolerance" fullname="NUnit.Framework.Constraints.EqualConstraintTests+FloatingPointEquality.FailsOnSinglesOutsideOfRelativeTolerance" classname="NUnit.Framework.Constraints.EqualConstraintTests+FloatingPointEquality" runstate="Runnable" testcasecount="2" result="Passed" start-time="2017-02-21 11:04:45Z" end-time="2017-02-21 11:04:45Z" duration="0.016376" total="2" passed="2" failed="0" warnings="0" inconclusive="0" skipped="0" asserts="4">
              <test-case id="0-3376" name="FailsOnSinglesOutsideOfRelativeTolerance(8500.0f)" fullname="NUnit.Framework.Constraints.EqualConstraintTests+FloatingPointEquality.FailsOnSinglesOutsideOfRelativeTolerance(8500.0f)" methodname="FailsOnSinglesOutsideOfRelativeTolerance" classname="NUnit.Framework.Constraints.EqualConstraintTests+FloatingPointEquality" runstate="Runnable" seed="554193315" result="Passed" start-time="2017-02-21 11:04:45Z" end-time="2017-02-21 11:04:45Z" duration="0.005012" asserts="2" />
              <test-case id="0-3377" name="FailsOnSinglesOutsideOfRelativeTolerance(11500.0f)" fullname="NUnit.Framework.Constraints.EqualConstraintTests+FloatingPointEquality.FailsOnSinglesOutsideOfRelativeTolerance(11500.0f)" methodname="FailsOnSinglesOutsideOfRelativeTolerance" classname="NUnit.Framework.Constraints.EqualConstraintTests+FloatingPointEquality" runstate="Runnable" seed="1321297151" result="Passed" start-time="2017-02-21 11:04:45Z" end-time="2017-02-21 11:04:45Z" duration="0.006452" asserts="2" />
            </test-suite>
            <test-suite type="ParameterizedMethod" id="0-3364" name="FailsOnSinglesOutsideOfUlpTolerance" fullname="NUnit.Framework.Constraints.EqualConstraintTests+FloatingPointEquality.FailsOnSinglesOutsideOfUlpTolerance" classname="NUnit.Framework.Constraints.EqualConstraintTests+FloatingPointEquality" runstate="Runnable" testcasecount="2" result="Passed" start-time="2017-02-21 11:04:45Z" end-time="2017-02-21 11:04:45Z" duration="0.015462" total="2" passed="2" failed="0" warnings="0" inconclusive="0" skipped="0" asserts="4">
              <test-case id="0-3362" name="FailsOnSinglesOutsideOfUlpTolerance(2E+07.0f)" fullname="NUnit.Framework.Constraints.EqualConstraintTests+FloatingPointEquality.FailsOnSinglesOutsideOfUlpTolerance(2E+07.0f)" methodname="FailsOnSinglesOutsideOfUlpTolerance" classname="NUnit.Framework.Constraints.EqualConstraintTests+FloatingPointEquality" runstate="Runnable" seed="1155366485" result="Passed" start-time="2017-02-21 11:04:45Z" end-time="2017-02-21 11:04:45Z" duration="0.002898" asserts="2" />
              <test-case id="0-3363" name="FailsOnSinglesOutsideOfUlpTolerance(2E+07.0f)" fullname="NUnit.Framework.Constraints.EqualConstraintTests+FloatingPointEquality.FailsOnSinglesOutsideOfUlpTolerance(2E+07.0f)" methodname="FailsOnSinglesOutsideOfUlpTolerance" classname="NUnit.Framework.Constraints.EqualConstraintTests+FloatingPointEquality" runstate="Runnable" seed="688181799" result="Passed" start-time="2017-02-21 11:04:45Z" end-time="2017-02-21 11:04:45Z" duration="0.002419" asserts="2" />
            </test-suite>
          </test-suite>
          <test-suite type="TestFixture" id="0-3400" name="EqualTests" fullname="NUnit.Framework.Constraints.EqualTests" classname="NUnit.Framework.Constraints.EqualTests" runstate="Runnable" testcasecount="5" result="Passed" start-time="2017-02-21 11:04:45Z" end-time="2017-02-21 11:04:46Z" duration="0.030291" total="5" passed="5" failed="0" warnings="0" inconclusive="0" skipped="0" asserts="9">
            <test-case id="0-3401" name="FailedStringMatchShowsFailurePosition" fullname="NUnit.Framework.Constraints.EqualTests.FailedStringMatchShowsFailurePosition" methodname="FailedStringMatchShowsFailurePosition" classname="NUnit.Framework.Constraints.EqualTests" runstate="Runnable" seed="2129029829" result="Passed" start-time="2017-02-21 11:04:45Z" end-time="2017-02-21 11:04:45Z" duration="0.003091" asserts="2" />
            <test-case id="0-3402" name="LongStringsAreTruncated" fullname="NUnit.Framework.Constraints.EqualTests.LongStringsAreTruncated" methodname="LongStringsAreTruncated" classname="NUnit.Framework.Constraints.EqualTests" runstate="Runnable" seed="360536077" result="Passed" start-time="2017-02-21 11:04:45Z" end-time="2017-02-21 11:04:45Z" duration="0.006980" asserts="2" />
            <test-case id="0-3403" name="LongStringsAreTruncatedAtBothEndsIfNecessary" fullname="NUnit.Framework.Constraints.EqualTests.LongStringsAreTruncatedAtBothEndsIfNecessary" methodname="LongStringsAreTruncatedAtBothEndsIfNecessary" classname="NUnit.Framework.Constraints.EqualTests" runstate="Runnable" seed="1168064770" result="Passed" start-time="2017-02-21 11:04:45Z" end-time="2017-02-21 11:04:46Z" duration="0.002557" asserts="2" />
            <test-case id="0-3404" name="LongStringsAreTruncatedAtFrontEndIfNecessary" fullname="NUnit.Framework.Constraints.EqualTests.LongStringsAreTruncatedAtFrontEndIfNecessary" methodname="LongStringsAreTruncatedAtFrontEndIfNecessary" classname="NUnit.Framework.Constraints.EqualTests" runstate="Runnable" seed="1267241170" result="Passed" start-time="2017-02-21 11:04:46Z" end-time="2017-02-21 11:04:46Z" duration="0.002485" asserts="2" />
            <test-case id="0-3405" name="TestPropertyWithPrivateSetter" fullname="NUnit.Framework.Constraints.EqualTests.TestPropertyWithPrivateSetter" methodname="TestPropertyWithPrivateSetter" classname="NUnit.Framework.Constraints.EqualTests" runstate="Runnable" seed="1626888150" result="Passed" start-time="2017-02-21 11:04:46Z" end-time="2017-02-21 11:04:46Z" duration="0.000197" asserts="1" />
          </test-suite>
          <test-suite type="TestFixture" id="0-3654" name="EqualityComparerTests" fullname="NUnit.Framework.Constraints.EqualityComparerTests" classname="NUnit.Framework.Constraints.EqualityComparerTests" runstate="Runnable" testcasecount="45" result="Passed" start-time="2017-02-21 11:04:45Z" end-time="2017-02-21 11:04:46Z" duration="0.154804" total="45" passed="45" failed="0" warnings="0" inconclusive="0" skipped="0" asserts="80">
            <test-case id="0-3688" name="CanCompareArrayContainingSelfToSelf" fullname="NUnit.Framework.Constraints.EqualityComparerTests.CanCompareArrayContainingSelfToSelf" methodname="CanCompareArrayContainingSelfToSelf" classname="NUnit.Framework.Constraints.EqualityComparerTests" runstate="Runnable" seed="43720770" result="Passed" start-time="2017-02-21 11:04:45Z" end-time="2017-02-21 11:04:45Z" duration="0.000369" asserts="1" />
            <test-case id="0-3701" name="CanHandleMultipleImplementationsOfIEquatable" fullname="NUnit.Framework.Constraints.EqualityComparerTests.CanHandleMultipleImplementationsOfIEquatable" methodname="CanHandleMultipleImplementationsOfIEquatable" classname="NUnit.Framework.Constraints.EqualityComparerTests" runstate="Runnable" seed="817853939" result="Passed" start-time="2017-02-21 11:04:45Z" end-time="2017-02-21 11:04:45Z" duration="0.001509" asserts="6" />
            <test-case id="0-3687" name="DifferentDirectoriesAreNotEqual" fullname="NUnit.Framework.Constraints.EqualityComparerTests.DifferentDirectoriesAreNotEqual" methodname="DifferentDirectoriesAreNotEqual" classname="NUnit.Framework.Constraints.EqualityComparerTests" runstate="Runnable" seed="990678310" result="Passed" start-time="2017-02-21 11:04:45Z" end-time="2017-02-21 11:04:45Z" duration="0.000777" asserts="1" />
            <test-suite type="ParameterizedMethod" id="0-3666" name="EqualItems" fullname="NUnit.Framework.Constraints.EqualityComparerTests.EqualItems" classname="NUnit.Framework.Constraints.EqualityComparerTests" runstate="Runnable" testcasecount="11" result="Passed" start-time="2017-02-21 11:04:45Z" end-time="2017-02-21 11:04:45Z" duration="0.029742" total="11" passed="11" failed="0" warnings="0" inconclusive="0" skipped="0" asserts="11">
              <test-case id="0-3655" name="EqualItems(4,4)" fullname="NUnit.Framework.Constraints.EqualityComparerTests.EqualItems(4,4)" methodname="EqualItems" classname="NUnit.Framework.Constraints.EqualityComparerTests" runstate="Runnable" seed="2129251213" result="Passed" start-time="2017-02-21 11:04:45Z" end-time="2017-02-21 11:04:45Z" duration="0.000182" asserts="1" />
              <test-case id="0-3656" name="EqualItems(4.0d,4.0d)" fullname="NUnit.Framework.Constraints.EqualityComparerTests.EqualItems(4.0d,4.0d)" methodname="EqualItems" classname="NUnit.Framework.Constraints.EqualityComparerTests" runstate="Runnable" seed="96448952" result="Passed" start-time="2017-02-21 11:04:45Z" end-time="2017-02-21 11:04:45Z" duration="0.000074" asserts="1" />
              <test-case id="0-3657" name="EqualItems(4.0f,4.0f)" fullname="NUnit.Framework.Constraints.EqualityComparerTests.EqualItems(4.0f,4.0f)" methodname="EqualItems" classname="NUnit.Framework.Constraints.EqualityComparerTests" runstate="Runnable" seed="1541721048" result="Passed" start-time="2017-02-21 11:04:45Z" end-time="2017-02-21 11:04:45Z" duration="0.000053" asserts="1" />
              <test-case id="0-3658" name="EqualItems(4,4.0d)" fullname="NUnit.Framework.Constraints.EqualityComparerTests.EqualItems(4,4.0d)" methodname="EqualItems" classname="NUnit.Framework.Constraints.EqualityComparerTests" runstate="Runnable" seed="1266483810" result="Passed" start-time="2017-02-21 11:04:45Z" end-time="2017-02-21 11:04:45Z" duration="0.000061" asserts="1" />
              <test-case id="0-3659" name="EqualItems(4,4.0f)" fullname="NUnit.Framework.Constraints.EqualityComparerTests.EqualItems(4,4.0f)" methodname="EqualItems" classname="NUnit.Framework.Constraints.EqualityComparerTests" runstate="Runnable" seed="1748824839" result="Passed" start-time="2017-02-21 11:04:45Z" end-time="2017-02-21 11:04:45Z" duration="0.000052" asserts="1" />
              <test-case id="0-3660" name="EqualItems(4.0d,4)" fullname="NUnit.Framework.Constraints.EqualityComparerTests.EqualItems(4.0d,4)" methodname="EqualItems" classname="NUnit.Framework.Constraints.EqualityComparerTests" runstate="Runnable" seed="757948241" result="Passed" start-time="2017-02-21 11:04:45Z" end-time="2017-02-21 11:04:45Z" duration="0.000210" asserts="1" />
              <test-case id="0-3661" name="EqualItems(4.0d,4.0f)" fullname="NUnit.Framework.Constraints.EqualityComparerTests.EqualItems(4.0d,4.0f)" methodname="EqualItems" classname="NUnit.Framework.Constraints.EqualityComparerTests" runstate="Runnable" seed="173045602" result="Passed" start-time="2017-02-21 11:04:45Z" end-time="2017-02-21 11:04:45Z" duration="0.000134" asserts="1" />
              <test-case id="0-3662" name="EqualItems(4.0f,4)" fullname="NUnit.Framework.Constraints.EqualityComparerTests.EqualItems(4.0f,4)" methodname="EqualItems" classname="NUnit.Framework.Constraints.EqualityComparerTests" runstate="Runnable" seed="1082606914" result="Passed" start-time="2017-02-21 11:04:45Z" end-time="2017-02-21 11:04:45Z" duration="0.000149" asserts="1" />
              <test-case id="0-3663" name="EqualItems(4.0f,4.0d)" fullname="NUnit.Framework.Constraints.EqualityComparerTests.EqualItems(4.0f,4.0d)" methodname="EqualItems" classname="NUnit.Framework.Constraints.EqualityComparerTests" runstate="Runnable" seed="1349848309" result="Passed" start-time="2017-02-21 11:04:45Z" end-time="2017-02-21 11:04:45Z" duration="0.000083" asserts="1" />
              <test-case id="0-3664" name="EqualItems(Null,Null)" fullname="NUnit.Framework.Constraints.EqualityComparerTests.EqualItems(Null,Null)" methodname="EqualItems" classname="NUnit.Framework.Constraints.EqualityComparerTests" runstate="Runnable" seed="1887162369" result="Passed" start-time="2017-02-21 11:04:45Z" end-time="2017-02-21 11:04:45Z" duration="0.000068" asserts="1" />
              <test-case id="0-3665" name="EqualItems(null,null)" fullname="NUnit.Framework.Constraints.EqualityComparerTests.EqualItems(null,null)" methodname="EqualItems" classname="NUnit.Framework.Constraints.EqualityComparerTests" runstate="Runnable" seed="11719875" result="Passed" start-time="2017-02-21 11:04:45Z" end-time="2017-02-21 11:04:45Z" duration="0.000051" asserts="1" />
            </test-suite>
            <test-case id="0-3702" name="IEnumeratorIsDisposed" fullname="NUnit.Framework.Constraints.EqualityComparerTests.IEnumeratorIsDisposed" methodname="IEnumeratorIsDisposed" classname="NUnit.Framework.Constraints.EqualityComparerTests" runstate="Runnable" seed="1151316317" result="Passed" start-time="2017-02-21 11:04:45Z" end-time="2017-02-21 11:04:45Z" duration="0.000797" asserts="2" />
            <test-case id="0-3690" name="IEquatableDifferentTypesSuccess_WhenActualImplementsIEquatable" fullname="NUnit.Framework.Constraints.EqualityComparerTests.IEquatableDifferentTypesSuccess_WhenActualImplementsIEquatable" methodname="IEquatableDifferentTypesSuccess_WhenActualImplementsIEquatable" classname="NUnit.Framework.Constraints.EqualityComparerTests" runstate="Runnable" seed="569735123" result="Passed" start-time="2017-02-21 11:04:45Z" end-time="2017-02-21 11:04:45Z" duration="0.000608" asserts="1" />
            <test-case id="0-3691" name="IEquatableDifferentTypesSuccess_WhenExpectedImplementsIEquatable" fullname="NUnit.Framework.Constraints.EqualityComparerTests.IEquatableDifferentTypesSuccess_WhenExpectedImplementsIEquatable" methodname="IEquatableDifferentTypesSuccess_WhenExpectedImplementsIEquatable" classname="NUnit.Framework.Constraints.EqualityComparerTests" runstate="Runnable" seed="1664493546" result="Passed" start-time="2017-02-21 11:04:45Z" end-time="2017-02-21 11:04:45Z" duration="0.000435" asserts="1" />
            <test-case id="0-3693" name="IEquatableFailure_WhenExplicitInterfaceImplementationWithDifferentValues" fullname="NUnit.Framework.Constraints.EqualityComparerTests.IEquatableFailure_WhenExplicitInterfaceImplementationWithDifferentValues" methodname="IEquatableFailure_WhenExplicitInterfaceImplementationWithDifferentValues" classname="NUnit.Framework.Constraints.EqualityComparerTests" runstate="Runnable" seed="1391028475" result="Passed" start-time="2017-02-21 11:04:45Z" end-time="2017-02-21 11:04:45Z" duration="0.000459" asserts="1" />
            <test-case id="0-3695" name="IEquatableHasPrecedenceOverDefaultEquals" fullname="NUnit.Framework.Constraints.EqualityComparerTests.IEquatableHasPrecedenceOverDefaultEquals" methodname="IEquatableHasPrecedenceOverDefaultEquals" classname="NUnit.Framework.Constraints.EqualityComparerTests" runstate="Runnable" seed="410394574" result="Passed" start-time="2017-02-21 11:04:45Z" end-time="2017-02-21 11:04:45Z" duration="0.000483" asserts="1" />
            <test-case id="0-3696" name="IEquatableHasPrecedenceOverEnumerableEquals" fullname="NUnit.Framework.Constraints.EqualityComparerTests.IEquatableHasPrecedenceOverEnumerableEquals" methodname="IEquatableHasPrecedenceOverEnumerableEquals" classname="NUnit.Framework.Constraints.EqualityComparerTests" runstate="Runnable" seed="1149563993" result="Passed" start-time="2017-02-21 11:04:45Z" end-time="2017-02-21 11:04:45Z" duration="0.001226" asserts="8" />
            <test-case id="0-3689" name="IEquatableSuccess" fullname="NUnit.Framework.Constraints.EqualityComparerTests.IEquatableSuccess" methodname="IEquatableSuccess" classname="NUnit.Framework.Constraints.EqualityComparerTests" runstate="Runnable" seed="2089332089" result="Passed" start-time="2017-02-21 11:04:45Z" end-time="2017-02-21 11:04:45Z" duration="0.000237" asserts="1" />
            <test-case id="0-3692" name="IEquatableSuccess_WhenExplicitInterfaceImplementation" fullname="NUnit.Framework.Constraints.EqualityComparerTests.IEquatableSuccess_WhenExplicitInterfaceImplementation" methodname="IEquatableSuccess_WhenExplicitInterfaceImplementation" classname="NUnit.Framework.Constraints.EqualityComparerTests" runstate="Runnable" seed="1548564334" result="Passed" start-time="2017-02-21 11:04:45Z" end-time="2017-02-21 11:04:45Z" duration="0.000195" asserts="1" />
            <test-case id="0-3698" name="ImplementingIEquatableDirectlyOnTheClass" fullname="NUnit.Framework.Constraints.EqualityComparerTests.ImplementingIEquatableDirectlyOnTheClass" methodname="ImplementingIEquatableDirectlyOnTheClass" classname="NUnit.Framework.Constraints.EqualityComparerTests" runstate="Runnable" seed="1401351079" result="Passed" start-time="2017-02-21 11:04:45Z" end-time="2017-02-21 11:04:45Z" duration="0.000388" asserts="2" />
            <test-case id="0-3699" name="ImplementingIEquatableOnABaseClassOrInterface" fullname="NUnit.Framework.Constraints.EqualityComparerTests.ImplementingIEquatableOnABaseClassOrInterface" methodname="ImplementingIEquatableOnABaseClassOrInterface" classname="NUnit.Framework.Constraints.EqualityComparerTests" runstate="Runnable" seed="180004760" result="Passed" start-time="2017-02-21 11:04:45Z" end-time="2017-02-21 11:04:45Z" duration="0.000382" asserts="2" />
            <test-case id="0-3700" name="ImplementingIEquatableOnABaseClassOrInterfaceThroughInterface" fullname="NUnit.Framework.Constraints.EqualityComparerTests.ImplementingIEquatableOnABaseClassOrInterfaceThroughInterface" methodname="ImplementingIEquatableOnABaseClassOrInterfaceThroughInterface" classname="NUnit.Framework.Constraints.EqualityComparerTests" runstate="Runnable" seed="1606999053" result="Passed" start-time="2017-02-21 11:04:45Z" end-time="2017-02-21 11:04:45Z" duration="0.000317" asserts="2" />
            <test-case id="0-3697" name="InheritingAndOverridingIEquatable" fullname="NUnit.Framework.Constraints.EqualityComparerTests.InheritingAndOverridingIEquatable" methodname="InheritingAndOverridingIEquatable" classname="NUnit.Framework.Constraints.EqualityComparerTests" runstate="Runnable" seed="1505722563" result="Passed" start-time="2017-02-21 11:04:45Z" end-time="2017-02-21 11:04:45Z" duration="0.004930" asserts="9" />
            <test-case id="0-3694" name="ReferenceEqualityHasPrecedenceOverIEquatable" fullname="NUnit.Framework.Constraints.EqualityComparerTests.ReferenceEqualityHasPrecedenceOverIEquatable" methodname="ReferenceEqualityHasPrecedenceOverIEquatable" classname="NUnit.Framework.Constraints.EqualityComparerTests" runstate="Runnable" seed="1982282714" result="Passed" start-time="2017-02-21 11:04:45Z" end-time="2017-02-21 11:04:45Z" duration="0.000152" asserts="1" />
            <test-case id="0-3686" name="SameDirectoriesAreEqual" fullname="NUnit.Framework.Constraints.EqualityComparerTests.SameDirectoriesAreEqual" methodname="SameDirectoriesAreEqual" classname="NUnit.Framework.Constraints.EqualityComparerTests" runstate="Runnable" seed="1152158891" result="Passed" start-time="2017-02-21 11:04:45Z" end-time="2017-02-21 11:04:45Z" duration="0.000431" asserts="1" />
            <test-suite type="ParameterizedMethod" id="0-3685" name="SpecialFloatingPointValuesCompareAsEqual" fullname="NUnit.Framework.Constraints.EqualityComparerTests.SpecialFloatingPointValuesCompareAsEqual" classname="NUnit.Framework.Constraints.EqualityComparerTests" runstate="Runnable" testcasecount="6" result="Passed" start-time="2017-02-21 11:04:45Z" end-time="2017-02-21 11:04:46Z" duration="0.019623" total="6" passed="6" failed="0" warnings="0" inconclusive="0" skipped="0" asserts="6">
              <test-case id="0-3679" name="SpecialFloatingPointValuesCompareAsEqual(double.PositiveInfinity,double.PositiveInfinity)" fullname="NUnit.Framework.Constraints.EqualityComparerTests.SpecialFloatingPointValuesCompareAsEqual(double.PositiveInfinity,double.PositiveInfinity)" methodname="SpecialFloatingPointValuesCompareAsEqual" classname="NUnit.Framework.Constraints.EqualityComparerTests" runstate="Runnable" seed="1473746231" result="Passed" start-time="2017-02-21 11:04:45Z" end-time="2017-02-21 11:04:45Z" duration="0.000150" asserts="1" />
              <test-case id="0-3680" name="SpecialFloatingPointValuesCompareAsEqual(double.NegativeInfinity,double.NegativeInfinity)" fullname="NUnit.Framework.Constraints.EqualityComparerTests.SpecialFloatingPointValuesCompareAsEqual(double.NegativeInfinity,double.NegativeInfinity)" methodname="SpecialFloatingPointValuesCompareAsEqual" classname="NUnit.Framework.Constraints.EqualityComparerTests" runstate="Runnable" seed="1917391910" result="Passed" start-time="2017-02-21 11:04:46Z" end-time="2017-02-21 11:04:46Z" duration="0.000055" asserts="1" />
              <test-case id="0-3681" name="SpecialFloatingPointValuesCompareAsEqual(double.NaN,double.NaN)" fullname="NUnit.Framework.Constraints.EqualityComparerTests.SpecialFloatingPointValuesCompareAsEqual(double.NaN,double.NaN)" methodname="SpecialFloatingPointValuesCompareAsEqual" classname="NUnit.Framework.Constraints.EqualityComparerTests" runstate="Runnable" seed="764853638" result="Passed" start-time="2017-02-21 11:04:46Z" end-time="2017-02-21 11:04:46Z" duration="0.000048" asserts="1" />
              <test-case id="0-3682" name="SpecialFloatingPointValuesCompareAsEqual(float.PositiveInfinity,float.PositiveInfinity)" fullname="NUnit.Framework.Constraints.EqualityComparerTests.SpecialFloatingPointValuesCompareAsEqual(float.PositiveInfinity,float.PositiveInfinity)" methodname="SpecialFloatingPointValuesCompareAsEqual" classname="NUnit.Framework.Constraints.EqualityComparerTests" runstate="Runnable" seed="440947339" result="Passed" start-time="2017-02-21 11:04:46Z" end-time="2017-02-21 11:04:46Z" duration="0.000058" asserts="1" />
              <test-case id="0-3683" name="SpecialFloatingPointValuesCompareAsEqual(float.NegativeInfinity,float.NegativeInfinity)" fullname="NUnit.Framework.Constraints.EqualityComparerTests.SpecialFloatingPointValuesCompareAsEqual(float.NegativeInfinity,float.NegativeInfinity)" methodname="SpecialFloatingPointValuesCompareAsEqual" classname="NUnit.Framework.Constraints.EqualityComparerTests" runstate="Runnable" seed="1367772050" result="Passed" start-time="2017-02-21 11:04:46Z" end-time="2017-02-21 11:04:46Z" duration="0.000042" asserts="1" />
              <test-case id="0-3684" name="SpecialFloatingPointValuesCompareAsEqual(float.NaN,float.NaN)" fullname="NUnit.Framework.Constraints.EqualityComparerTests.SpecialFloatingPointValuesCompareAsEqual(float.NaN,float.NaN)" methodname="SpecialFloatingPointValuesCompareAsEqual" classname="NUnit.Framework.Constraints.EqualityComparerTests" runstate="Runnable" seed="927161141" result="Passed" start-time="2017-02-21 11:04:46Z" end-time="2017-02-21 11:04:46Z" duration="0.000042" asserts="1" />
            </test-suite>
            <test-suite type="ParameterizedMethod" id="0-3678" name="UnequalItems" fullname="NUnit.Framework.Constraints.EqualityComparerTests.UnequalItems" classname="NUnit.Framework.Constraints.EqualityComparerTests" runstate="Runnable" testcasecount="11" result="Passed" start-time="2017-02-21 11:04:46Z" end-time="2017-02-21 11:04:46Z" duration="0.031108" total="11" passed="11" failed="0" warnings="0" inconclusive="0" skipped="0" asserts="22">
              <test-case id="0-3667" name="UnequalItems(4,2)" fullname="NUnit.Framework.Constraints.EqualityComparerTests.UnequalItems(4,2)" methodname="UnequalItems" classname="NUnit.Framework.Constraints.EqualityComparerTests" runstate="Runnable" seed="1625088917" result="Passed" start-time="2017-02-21 11:04:46Z" end-time="2017-02-21 11:04:46Z" duration="0.000257" asserts="2" />
              <test-case id="0-3668" name="UnequalItems(4.0d,2.0d)" fullname="NUnit.Framework.Constraints.EqualityComparerTests.UnequalItems(4.0d,2.0d)" methodname="UnequalItems" classname="NUnit.Framework.Constraints.EqualityComparerTests" runstate="Runnable" seed="576883164" result="Passed" start-time="2017-02-21 11:04:46Z" end-time="2017-02-21 11:04:46Z" duration="0.000109" asserts="2" />
              <test-case id="0-3669" name="UnequalItems(4.0f,2.0f)" fullname="NUnit.Framework.Constraints.EqualityComparerTests.UnequalItems(4.0f,2.0f)" methodname="UnequalItems" classname="NUnit.Framework.Constraints.EqualityComparerTests" runstate="Runnable" seed="892042352" result="Passed" start-time="2017-02-21 11:04:46Z" end-time="2017-02-21 11:04:46Z" duration="0.000104" asserts="2" />
              <test-case id="0-3670" name="UnequalItems(4,2.0d)" fullname="NUnit.Framework.Constraints.EqualityComparerTests.UnequalItems(4,2.0d)" methodname="UnequalItems" classname="NUnit.Framework.Constraints.EqualityComparerTests" runstate="Runnable" seed="778993851" result="Passed" start-time="2017-02-21 11:04:46Z" end-time="2017-02-21 11:04:46Z" duration="0.000054" asserts="2" />
              <test-case id="0-3671" name="UnequalItems(4,2.0f)" fullname="NUnit.Framework.Constraints.EqualityComparerTests.UnequalItems(4,2.0f)" methodname="UnequalItems" classname="NUnit.Framework.Constraints.EqualityComparerTests" runstate="Runnable" seed="737661719" result="Passed" start-time="2017-02-21 11:04:46Z" end-time="2017-02-21 11:04:46Z" duration="0.000047" asserts="2" />
              <test-case id="0-3672" name="UnequalItems(4.0d,2)" fullname="NUnit.Framework.Constraints.EqualityComparerTests.UnequalItems(4.0d,2)" methodname="UnequalItems" classname="NUnit.Framework.Constraints.EqualityComparerTests" runstate="Runnable" seed="1040827439" result="Passed" start-time="2017-02-21 11:04:46Z" end-time="2017-02-21 11:04:46Z" duration="0.000055" asserts="2" />
              <test-case id="0-3673" name="UnequalItems(4.0d,2.0f)" fullname="NUnit.Framework.Constraints.EqualityComparerTests.UnequalItems(4.0d,2.0f)" methodname="UnequalItems" classname="NUnit.Framework.Constraints.EqualityComparerTests" runstate="Runnable" seed="788795228" result="Passed" start-time="2017-02-21 11:04:46Z" end-time="2017-02-21 11:04:46Z" duration="0.000051" asserts="2" />
              <test-case id="0-3674" name="UnequalItems(4.0f,2)" fullname="NUnit.Framework.Constraints.EqualityComparerTests.UnequalItems(4.0f,2)" methodname="UnequalItems" classname="NUnit.Framework.Constraints.EqualityComparerTests" runstate="Runnable" seed="484122198" result="Passed" start-time="2017-02-21 11:04:46Z" end-time="2017-02-21 11:04:46Z" duration="0.000155" asserts="2" />
              <test-case id="0-3675" name="UnequalItems(4.0f,2.0d)" fullname="NUnit.Framework.Constraints.EqualityComparerTests.UnequalItems(4.0f,2.0d)" methodname="UnequalItems" classname="NUnit.Framework.Constraints.EqualityComparerTests" runstate="Runnable" seed="269230003" result="Passed" start-time="2017-02-21 11:04:46Z" end-time="2017-02-21 11:04:46Z" duration="0.000149" asserts="2" />
              <test-case id="0-3676" name="UnequalItems(4,Null)" fullname="NUnit.Framework.Constraints.EqualityComparerTests.UnequalItems(4,Null)" methodname="UnequalItems" classname="NUnit.Framework.Constraints.EqualityComparerTests" runstate="Runnable" seed="2140282425" result="Passed" start-time="2017-02-21 11:04:46Z" end-time="2017-02-21 11:04:46Z" duration="0.000080" asserts="2" />
              <test-case id="0-3677" name="UnequalItems(4,null)" fullname="NUnit.Framework.Constraints.EqualityComparerTests.UnequalItems(4,null)" methodname="UnequalItems" classname="NUnit.Framework.Constraints.EqualityComparerTests" runstate="Runnable" seed="2026766910" result="Passed" start-time="2017-02-21 11:04:46Z" end-time="2017-02-21 11:04:46Z" duration="0.000075" asserts="2" />
            </test-suite>
          </test-suite>
          <test-suite type="TestFixture" id="0-3420" name="ExactTypeConstraintTests" fullname="NUnit.Framework.Constraints.ExactTypeConstraintTests" classname="NUnit.Framework.Constraints.ExactTypeConstraintTests" runstate="Runnable" testcasecount="5" result="Passed" start-time="2017-02-21 11:04:46Z" end-time="2017-02-21 11:04:46Z" duration="0.020746" total="5" passed="5" failed="0" warnings="0" inconclusive="0" skipped="0" asserts="6">
            <test-suite type="ParameterizedMethod" id="0-3425" name="FailsWithBadValues" fullname="NUnit.Framework.Constraints.ExactTypeConstraintTests.FailsWithBadValues" classname="NUnit.Framework.Constraints.ConstraintTestBase" runstate="Runnable" testcasecount="2" result="Passed" start-time="2017-02-21 11:04:46Z" end-time="2017-02-21 11:04:46Z" duration="0.006565" total="2" passed="2" failed="0" warnings="0" inconclusive="0" skipped="0" asserts="4">
              <test-case id="0-3423" name="FailsWithBadValues(NUnit.Framework.Constraints.ExactTypeConstraintTests+B,&quot;&lt;NUnit.Framework.Constraints.ExactTypeConstraintTests+B&gt;&quot;)" fullname="NUnit.Framework.Constraints.ExactTypeConstraintTests.FailsWithBadValues(NUnit.Framework.Constraints.ExactTypeConstraintTests+B,&quot;&lt;NUnit.Framework.Constraints.ExactTypeConstraintTests+B&gt;&quot;)" methodname="FailsWithBadValues" classname="NUnit.Framework.Constraints.ConstraintTestBase" runstate="Runnable" seed="1272559645" result="Passed" start-time="2017-02-21 11:04:46Z" end-time="2017-02-21 11:04:46Z" duration="0.000240" asserts="2" />
              <test-case id="0-3424" name="FailsWithBadValues(NUnit.Framework.Constraints.ExactTypeConstraintTests+D2,&quot;&lt;NUnit.Framework.Constraints.ExactTypeConstraintTests+D2&gt;&quot;)" fullname="NUnit.Framework.Constraints.ExactTypeConstraintTests.FailsWithBadValues(NUnit.Framework.Constraints.ExactTypeConstraintTests+D2,&quot;&lt;NUnit.Framework.Constraints.ExactTypeConstraintTests+D2&gt;&quot;)" methodname="FailsWithBadValues" classname="NUnit.Framework.Constraints.ConstraintTestBase" runstate="Runnable" seed="717809217" result="Passed" start-time="2017-02-21 11:04:46Z" end-time="2017-02-21 11:04:46Z" duration="0.000103" asserts="2" />
            </test-suite>
            <test-case id="0-3426" name="ProvidesProperDescription" fullname="NUnit.Framework.Constraints.ExactTypeConstraintTests.ProvidesProperDescription" methodname="ProvidesProperDescription" classname="NUnit.Framework.Constraints.ConstraintTestBaseNoData" runstate="Runnable" seed="210362988" result="Passed" start-time="2017-02-21 11:04:46Z" end-time="2017-02-21 11:04:46Z" duration="0.000080" asserts="1" />
            <test-case id="0-3427" name="ProvidesProperStringRepresentation" fullname="NUnit.Framework.Constraints.ExactTypeConstraintTests.ProvidesProperStringRepresentation" methodname="ProvidesProperStringRepresentation" classname="NUnit.Framework.Constraints.ConstraintTestBaseNoData" runstate="Runnable" seed="1223779839" result="Passed" start-time="2017-02-21 11:04:46Z" end-time="2017-02-21 11:04:46Z" duration="0.000150" asserts="1" />
            <test-suite type="ParameterizedMethod" id="0-3422" name="SucceedsWithGoodValues" fullname="NUnit.Framework.Constraints.ExactTypeConstraintTests.SucceedsWithGoodValues" classname="NUnit.Framework.Constraints.ConstraintTestBase" runstate="Runnable" testcasecount="1" result="Passed" start-time="2017-02-21 11:04:46Z" end-time="2017-02-21 11:04:46Z" duration="0.004458" total="1" passed="1" failed="0" warnings="0" inconclusive="0" skipped="0" asserts="0">
              <test-case id="0-3421" name="SucceedsWithGoodValues(NUnit.Framework.Constraints.ExactTypeConstraintTests+D1)" fullname="NUnit.Framework.Constraints.ExactTypeConstraintTests.SucceedsWithGoodValues(NUnit.Framework.Constraints.ExactTypeConstraintTests+D1)" methodname="SucceedsWithGoodValues" classname="NUnit.Framework.Constraints.ConstraintTestBase" runstate="Runnable" seed="288753371" result="Passed" start-time="2017-02-21 11:04:46Z" end-time="2017-02-21 11:04:46Z" duration="0.000087" asserts="0" />
            </test-suite>
          </test-suite>
          <test-suite type="TestFixture" id="0-3406" name="ExactCountConstraintTests" fullname="NUnit.Framework.Constraints.ExactCountConstraintTests" classname="NUnit.Framework.Constraints.ExactCountConstraintTests" runstate="Runnable" testcasecount="13" result="Passed" start-time="2017-02-21 11:04:46Z" end-time="2017-02-21 11:04:46Z" duration="0.059871" total="13" passed="13" failed="0" warnings="0" inconclusive="0" skipped="0" asserts="22">
            <test-case id="0-3412" name="ExactlyAndExactly" fullname="NUnit.Framework.Constraints.ExactCountConstraintTests.ExactlyAndExactly" methodname="ExactlyAndExactly" classname="NUnit.Framework.Constraints.ExactCountConstraintTests" runstate="Runnable" seed="1639111769" result="Passed" start-time="2017-02-21 11:04:46Z" end-time="2017-02-21 11:04:46Z" duration="0.001385" asserts="3" />
            <test-case id="0-3414" name="ExactlyFollowedByOr" fullname="NUnit.Framework.Constraints.ExactCountConstraintTests.ExactlyFollowedByOr" methodname="ExactlyFollowedByOr" classname="NUnit.Framework.Constraints.ExactCountConstraintTests" runstate="Runnable" seed="736508740" result="Passed" start-time="2017-02-21 11:04:46Z" end-time="2017-02-21 11:04:46Z" duration="0.000470" asserts="1" />
            <test-case id="0-3417" name="ExactlyFourItemsNoopNoPredicate" fullname="NUnit.Framework.Constraints.ExactCountConstraintTests.ExactlyFourItemsNoopNoPredicate" methodname="ExactlyFourItemsNoopNoPredicate" classname="NUnit.Framework.Constraints.ExactCountConstraintTests" runstate="Runnable" seed="1333517" result="Passed" start-time="2017-02-21 11:04:46Z" end-time="2017-02-21 11:04:46Z" duration="0.000219" asserts="1" />
            <test-case id="0-3416" name="ExactlyFourItemsNoPredicate" fullname="NUnit.Framework.Constraints.ExactCountConstraintTests.ExactlyFourItemsNoPredicate" methodname="ExactlyFourItemsNoPredicate" classname="NUnit.Framework.Constraints.ExactCountConstraintTests" runstate="Runnable" seed="1596459777" result="Passed" start-time="2017-02-21 11:04:46Z" end-time="2017-02-21 11:04:46Z" duration="0.000157" asserts="1" />
            <test-case id="0-3409" name="ExactlyOneItemMatches" fullname="NUnit.Framework.Constraints.ExactCountConstraintTests.ExactlyOneItemMatches" methodname="ExactlyOneItemMatches" classname="NUnit.Framework.Constraints.ExactCountConstraintTests" runstate="Runnable" seed="489604384" result="Passed" start-time="2017-02-21 11:04:46Z" end-time="2017-02-21 11:04:46Z" duration="0.000216" asserts="2" />
            <test-case id="0-3410" name="ExactlyOneItemMatchFails" fullname="NUnit.Framework.Constraints.ExactCountConstraintTests.ExactlyOneItemMatchFails" methodname="ExactlyOneItemMatchFails" classname="NUnit.Framework.Constraints.ExactCountConstraintTests" runstate="Runnable" seed="2083978348" result="Passed" start-time="2017-02-21 11:04:46Z" end-time="2017-02-21 11:04:46Z" duration="0.006048" asserts="2" />
            <test-case id="0-3418" name="ExactlyOneItemNoPredicateFails" fullname="NUnit.Framework.Constraints.ExactCountConstraintTests.ExactlyOneItemNoPredicateFails" methodname="ExactlyOneItemNoPredicateFails" classname="NUnit.Framework.Constraints.ExactCountConstraintTests" runstate="Runnable" seed="1555338867" result="Passed" start-time="2017-02-21 11:04:46Z" end-time="2017-02-21 11:04:46Z" duration="0.003198" asserts="2" />
            <test-case id="0-3413" name="ExactlyOrExactly" fullname="NUnit.Framework.Constraints.ExactCountConstraintTests.ExactlyOrExactly" methodname="ExactlyOrExactly" classname="NUnit.Framework.Constraints.ExactCountConstraintTests" runstate="Runnable" seed="2076232834" result="Passed" start-time="2017-02-21 11:04:46Z" end-time="2017-02-21 11:04:46Z" duration="0.000566" asserts="1" />
            <test-case id="0-3411" name="ExactlyTwoItemsMatch" fullname="NUnit.Framework.Constraints.ExactCountConstraintTests.ExactlyTwoItemsMatch" methodname="ExactlyTwoItemsMatch" classname="NUnit.Framework.Constraints.ExactCountConstraintTests" runstate="Runnable" seed="34162386" result="Passed" start-time="2017-02-21 11:04:46Z" end-time="2017-02-21 11:04:46Z" duration="0.000170" asserts="2" />
            <test-case id="0-3415" name="ExactlyTwoItemsMatchFails" fullname="NUnit.Framework.Constraints.ExactCountConstraintTests.ExactlyTwoItemsMatchFails" methodname="ExactlyTwoItemsMatchFails" classname="NUnit.Framework.Constraints.ExactCountConstraintTests" runstate="Runnable" seed="1690327903" result="Passed" start-time="2017-02-21 11:04:46Z" end-time="2017-02-21 11:04:46Z" duration="0.002719" asserts="2" />
            <test-case id="0-3419" name="ExactlyTwoItemsNoopMatch" fullname="NUnit.Framework.Constraints.ExactCountConstraintTests.ExactlyTwoItemsNoopMatch" methodname="ExactlyTwoItemsNoopMatch" classname="NUnit.Framework.Constraints.ExactCountConstraintTests" runstate="Runnable" seed="1596779022" result="Passed" start-time="2017-02-21 11:04:46Z" end-time="2017-02-21 11:04:46Z" duration="0.000375" asserts="1" />
            <test-case id="0-3407" name="ZeroItemsMatch" fullname="NUnit.Framework.Constraints.ExactCountConstraintTests.ZeroItemsMatch" methodname="ZeroItemsMatch" classname="NUnit.Framework.Constraints.ExactCountConstraintTests" runstate="Runnable" seed="81538832" result="Passed" start-time="2017-02-21 11:04:46Z" end-time="2017-02-21 11:04:46Z" duration="0.000354" asserts="2" />
            <test-case id="0-3408" name="ZeroItemsMatchFails" fullname="NUnit.Framework.Constraints.ExactCountConstraintTests.ZeroItemsMatchFails" methodname="ZeroItemsMatchFails" classname="NUnit.Framework.Constraints.ExactCountConstraintTests" runstate="Runnable" seed="1978302269" result="Passed" start-time="2017-02-21 11:04:46Z" end-time="2017-02-21 11:04:46Z" duration="0.003660" asserts="2" />
          </test-suite>
          <test-suite type="TestFixture" id="0-3446" name="FloatingPointNumericsTests" fullname="NUnit.Framework.Constraints.FloatingPointNumericsTests" classname="NUnit.Framework.Constraints.FloatingPointNumericsTests" runstate="Runnable" testcasecount="6" result="Passed" start-time="2017-02-21 11:04:46Z" end-time="2017-02-21 11:04:46Z" duration="0.018636" total="6" passed="6" failed="0" warnings="0" inconclusive="0" skipped="0" asserts="14">
            <test-case id="0-3448" name="DoubleEqualityWithUlps" fullname="NUnit.Framework.Constraints.FloatingPointNumericsTests.DoubleEqualityWithUlps" methodname="DoubleEqualityWithUlps" classname="NUnit.Framework.Constraints.FloatingPointNumericsTests" runstate="Runnable" seed="1931079945" result="Passed" start-time="2017-02-21 11:04:46Z" end-time="2017-02-21 11:04:46Z" duration="0.000226" asserts="5" />
            <test-case id="0-3447" name="FloatEqualityWithUlps" fullname="NUnit.Framework.Constraints.FloatingPointNumericsTests.FloatEqualityWithUlps" methodname="FloatEqualityWithUlps" classname="NUnit.Framework.Constraints.FloatingPointNumericsTests" runstate="Runnable" seed="1794381864" result="Passed" start-time="2017-02-21 11:04:46Z" end-time="2017-02-21 11:04:46Z" duration="0.000167" asserts="5" />
            <test-case id="0-3452" name="MirroredDoubleReinterpretation" fullname="NUnit.Framework.Constraints.FloatingPointNumericsTests.MirroredDoubleReinterpretation" methodname="MirroredDoubleReinterpretation" classname="NUnit.Framework.Constraints.FloatingPointNumericsTests" runstate="Runnable" seed="1473946323" result="Passed" start-time="2017-02-21 11:04:46Z" end-time="2017-02-21 11:04:46Z" duration="0.002566" asserts="1" />
            <test-case id="0-3451" name="MirroredFloatReinterpretation" fullname="NUnit.Framework.Constraints.FloatingPointNumericsTests.MirroredFloatReinterpretation" methodname="MirroredFloatReinterpretation" classname="NUnit.Framework.Constraints.FloatingPointNumericsTests" runstate="Runnable" seed="1466052310" result="Passed" start-time="2017-02-21 11:04:46Z" end-time="2017-02-21 11:04:46Z" duration="0.000180" asserts="1" />
            <test-case id="0-3449" name="MirroredIntegerReinterpretation" fullname="NUnit.Framework.Constraints.FloatingPointNumericsTests.MirroredIntegerReinterpretation" methodname="MirroredIntegerReinterpretation" classname="NUnit.Framework.Constraints.FloatingPointNumericsTests" runstate="Runnable" seed="928699792" result="Passed" start-time="2017-02-21 11:04:46Z" end-time="2017-02-21 11:04:46Z" duration="0.000112" asserts="1" />
            <test-case id="0-3450" name="MirroredLongReinterpretation" fullname="NUnit.Framework.Constraints.FloatingPointNumericsTests.MirroredLongReinterpretation" methodname="MirroredLongReinterpretation" classname="NUnit.Framework.Constraints.FloatingPointNumericsTests" runstate="Runnable" seed="550313965" result="Passed" start-time="2017-02-21 11:04:46Z" end-time="2017-02-21 11:04:46Z" duration="0.000123" asserts="1" />
          </test-suite>
          <test-suite type="TestFixture" id="0-2825" name="FalseConstraintTest" fullname="NUnit.Framework.Constraints.FalseConstraintTest" classname="NUnit.Framework.Constraints.FalseConstraintTest" runstate="Runnable" testcasecount="8" result="Passed" start-time="2017-02-21 11:04:46Z" end-time="2017-02-21 11:04:46Z" duration="0.027448" total="8" passed="8" failed="0" warnings="0" inconclusive="0" skipped="0" asserts="10">
            <test-suite type="ParameterizedMethod" id="0-2833" name="FailsWithBadValues" fullname="NUnit.Framework.Constraints.FalseConstraintTest.FailsWithBadValues" classname="NUnit.Framework.Constraints.ConstraintTestBase" runstate="Runnable" testcasecount="4" result="Passed" start-time="2017-02-21 11:04:46Z" end-time="2017-02-21 11:04:46Z" duration="0.010139" total="4" passed="4" failed="0" warnings="0" inconclusive="0" skipped="0" asserts="8">
              <test-case id="0-2829" name="FailsWithBadValues(null,&quot;null&quot;)" fullname="NUnit.Framework.Constraints.FalseConstraintTest.FailsWithBadValues(null,&quot;null&quot;)" methodname="FailsWithBadValues" classname="NUnit.Framework.Constraints.ConstraintTestBase" runstate="Runnable" seed="190693502" result="Passed" start-time="2017-02-21 11:04:46Z" end-time="2017-02-21 11:04:46Z" duration="0.000225" asserts="2" />
              <test-case id="0-2830" name="FailsWithBadValues(&quot;hello&quot;,&quot;\&quot;hello\&quot;&quot;)" fullname="NUnit.Framework.Constraints.FalseConstraintTest.FailsWithBadValues(&quot;hello&quot;,&quot;\&quot;hello\&quot;&quot;)" methodname="FailsWithBadValues" classname="NUnit.Framework.Constraints.ConstraintTestBase" runstate="Runnable" seed="793747792" result="Passed" start-time="2017-02-21 11:04:46Z" end-time="2017-02-21 11:04:46Z" duration="0.000088" asserts="2" />
              <test-case id="0-2831" name="FailsWithBadValues(True,&quot;True&quot;)" fullname="NUnit.Framework.Constraints.FalseConstraintTest.FailsWithBadValues(True,&quot;True&quot;)" methodname="FailsWithBadValues" classname="NUnit.Framework.Constraints.ConstraintTestBase" runstate="Runnable" seed="1704550603" result="Passed" start-time="2017-02-21 11:04:46Z" end-time="2017-02-21 11:04:46Z" duration="0.000104" asserts="2" />
              <test-case id="0-2832" name="FailsWithBadValues(True,&quot;True&quot;)" fullname="NUnit.Framework.Constraints.FalseConstraintTest.FailsWithBadValues(True,&quot;True&quot;)" methodname="FailsWithBadValues" classname="NUnit.Framework.Constraints.ConstraintTestBase" runstate="Runnable" seed="1537719668" result="Passed" start-time="2017-02-21 11:04:46Z" end-time="2017-02-21 11:04:46Z" duration="0.000082" asserts="2" />
            </test-suite>
            <test-case id="0-2834" name="ProvidesProperDescription" fullname="NUnit.Framework.Constraints.FalseConstraintTest.ProvidesProperDescription" methodname="ProvidesProperDescription" classname="NUnit.Framework.Constraints.ConstraintTestBaseNoData" runstate="Runnable" seed="970943279" result="Passed" start-time="2017-02-21 11:04:46Z" end-time="2017-02-21 11:04:46Z" duration="0.000062" asserts="1" />
            <test-case id="0-2835" name="ProvidesProperStringRepresentation" fullname="NUnit.Framework.Constraints.FalseConstraintTest.ProvidesProperStringRepresentation" methodname="ProvidesProperStringRepresentation" classname="NUnit.Framework.Constraints.ConstraintTestBaseNoData" runstate="Runnable" seed="1073235254" result="Passed" start-time="2017-02-21 11:04:46Z" end-time="2017-02-21 11:04:46Z" duration="0.000070" asserts="1" />
            <test-suite type="ParameterizedMethod" id="0-2828" name="SucceedsWithGoodValues" fullname="NUnit.Framework.Constraints.FalseConstraintTest.SucceedsWithGoodValues" classname="NUnit.Framework.Constraints.ConstraintTestBase" runstate="Runnable" testcasecount="2" result="Passed" start-time="2017-02-21 11:04:46Z" end-time="2017-02-21 11:04:46Z" duration="0.005385" total="2" passed="2" failed="0" warnings="0" inconclusive="0" skipped="0" asserts="0">
              <test-case id="0-2826" name="SucceedsWithGoodValues(False)" fullname="NUnit.Framework.Constraints.FalseConstraintTest.SucceedsWithGoodValues(False)" methodname="SucceedsWithGoodValues" classname="NUnit.Framework.Constraints.ConstraintTestBase" runstate="Runnable" seed="1217503967" result="Passed" start-time="2017-02-21 11:04:46Z" end-time="2017-02-21 11:04:46Z" duration="0.000065" asserts="0" />
              <test-case id="0-2827" name="SucceedsWithGoodValues(False)" fullname="NUnit.Framework.Constraints.FalseConstraintTest.SucceedsWithGoodValues(False)" methodname="SucceedsWithGoodValues" classname="NUnit.Framework.Constraints.ConstraintTestBase" runstate="Runnable" seed="1488099565" result="Passed" start-time="2017-02-21 11:04:46Z" end-time="2017-02-21 11:04:46Z" duration="0.000098" asserts="0" />
            </test-suite>
          </test-suite>
          <test-suite type="TestFixture" id="0-3471" name="GreaterThanOrEqualConstraintTests" fullname="NUnit.Framework.Constraints.GreaterThanOrEqualConstraintTests" classname="NUnit.Framework.Constraints.GreaterThanOrEqualConstraintTests" runstate="Runnable" testcasecount="13" result="Passed" start-time="2017-02-21 11:04:46Z" end-time="2017-02-21 11:04:46Z" duration="0.053883" total="13" passed="13" failed="0" warnings="0" inconclusive="0" skipped="0" asserts="11">
            <test-case id="0-3472" name="CanCompareIComparables" fullname="NUnit.Framework.Constraints.GreaterThanOrEqualConstraintTests.CanCompareIComparables" methodname="CanCompareIComparables" classname="NUnit.Framework.Constraints.GreaterThanOrEqualConstraintTests" runstate="Runnable" seed="1141092092" result="Passed" start-time="2017-02-21 11:04:46Z" end-time="2017-02-21 11:04:46Z" duration="0.000445" asserts="1" />
            <test-case id="0-3473" name="CanCompareIComparablesOfT" fullname="NUnit.Framework.Constraints.GreaterThanOrEqualConstraintTests.CanCompareIComparablesOfT" methodname="CanCompareIComparablesOfT" classname="NUnit.Framework.Constraints.GreaterThanOrEqualConstraintTests" runstate="Runnable" seed="412573617" result="Passed" start-time="2017-02-21 11:04:46Z" end-time="2017-02-21 11:04:46Z" duration="0.000249" asserts="1" />
            <test-suite type="ParameterizedMethod" id="0-3485" name="FailsWithBadValues" fullname="NUnit.Framework.Constraints.GreaterThanOrEqualConstraintTests.FailsWithBadValues" classname="NUnit.Framework.Constraints.ConstraintTestBase" runstate="Runnable" testcasecount="1" result="Passed" start-time="2017-02-21 11:04:46Z" end-time="2017-02-21 11:04:46Z" duration="0.002598" total="1" passed="1" failed="0" warnings="0" inconclusive="0" skipped="0" asserts="2">
              <test-case id="0-3484" name="FailsWithBadValues(4,&quot;4&quot;)" fullname="NUnit.Framework.Constraints.GreaterThanOrEqualConstraintTests.FailsWithBadValues(4,&quot;4&quot;)" methodname="FailsWithBadValues" classname="NUnit.Framework.Constraints.ConstraintTestBase" runstate="Runnable" seed="974695831" result="Passed" start-time="2017-02-21 11:04:46Z" end-time="2017-02-21 11:04:46Z" duration="0.000101" asserts="2" />
            </test-suite>
            <test-suite type="ParameterizedMethod" id="0-3476" name="InvalidDataThrowsArgumentException" fullname="NUnit.Framework.Constraints.GreaterThanOrEqualConstraintTests.InvalidDataThrowsArgumentException" classname="NUnit.Framework.Constraints.ComparisonConstraintTestBase" runstate="Runnable" testcasecount="2" result="Passed" start-time="2017-02-21 11:04:46Z" end-time="2017-02-21 11:04:46Z" duration="0.016504" total="2" passed="2" failed="0" warnings="0" inconclusive="0" skipped="0" asserts="2">
              <test-case id="0-3474" name="InvalidDataThrowsArgumentException(null)" fullname="NUnit.Framework.Constraints.GreaterThanOrEqualConstraintTests.InvalidDataThrowsArgumentException(null)" methodname="InvalidDataThrowsArgumentException" classname="NUnit.Framework.Constraints.ComparisonConstraintTestBase" runstate="Runnable" seed="436792774" result="Passed" start-time="2017-02-21 11:04:46Z" end-time="2017-02-21 11:04:46Z" duration="0.010542" asserts="1" />
              <test-case id="0-3475" name="InvalidDataThrowsArgumentException(&quot;xxx&quot;)" fullname="NUnit.Framework.Constraints.GreaterThanOrEqualConstraintTests.InvalidDataThrowsArgumentException(&quot;xxx&quot;)" methodname="InvalidDataThrowsArgumentException" classname="NUnit.Framework.Constraints.ComparisonConstraintTestBase" runstate="Runnable" seed="1321312528" result="Passed" start-time="2017-02-21 11:04:46Z" end-time="2017-02-21 11:04:46Z" duration="0.000345" asserts="1" />
            </test-suite>
            <test-case id="0-3486" name="ProvidesProperDescription" fullname="NUnit.Framework.Constraints.GreaterThanOrEqualConstraintTests.ProvidesProperDescription" methodname="ProvidesProperDescription" classname="NUnit.Framework.Constraints.ConstraintTestBaseNoData" runstate="Runnable" seed="1228752412" result="Passed" start-time="2017-02-21 11:04:46Z" end-time="2017-02-21 11:04:46Z" duration="0.000064" asserts="1" />
            <test-case id="0-3487" name="ProvidesProperStringRepresentation" fullname="NUnit.Framework.Constraints.GreaterThanOrEqualConstraintTests.ProvidesProperStringRepresentation" methodname="ProvidesProperStringRepresentation" classname="NUnit.Framework.Constraints.ConstraintTestBaseNoData" runstate="Runnable" seed="268263299" result="Passed" start-time="2017-02-21 11:04:46Z" end-time="2017-02-21 11:04:46Z" duration="0.000096" asserts="1" />
            <test-suite type="ParameterizedMethod" id="0-3483" name="SucceedsWithGoodValues" fullname="NUnit.Framework.Constraints.GreaterThanOrEqualConstraintTests.SucceedsWithGoodValues" classname="NUnit.Framework.Constraints.ConstraintTestBase" runstate="Runnable" testcasecount="2" result="Passed" start-time="2017-02-21 11:04:46Z" end-time="2017-02-21 11:04:46Z" duration="0.005252" total="2" passed="2" failed="0" warnings="0" inconclusive="0" skipped="0" asserts="0">
              <test-case id="0-3481" name="SucceedsWithGoodValues(6)" fullname="NUnit.Framework.Constraints.GreaterThanOrEqualConstraintTests.SucceedsWithGoodValues(6)" methodname="SucceedsWithGoodValues" classname="NUnit.Framework.Constraints.ConstraintTestBase" runstate="Runnable" seed="1115769751" result="Passed" start-time="2017-02-21 11:04:46Z" end-time="2017-02-21 11:04:46Z" duration="0.000074" asserts="0" />
              <test-case id="0-3482" name="SucceedsWithGoodValues(5)" fullname="NUnit.Framework.Constraints.GreaterThanOrEqualConstraintTests.SucceedsWithGoodValues(5)" methodname="SucceedsWithGoodValues" classname="NUnit.Framework.Constraints.ConstraintTestBase" runstate="Runnable" seed="536988921" result="Passed" start-time="2017-02-21 11:04:46Z" end-time="2017-02-21 11:04:46Z" duration="0.000057" asserts="0" />
            </test-suite>
            <test-case id="0-3478" name="UsesProvidedGenericComparer" fullname="NUnit.Framework.Constraints.GreaterThanOrEqualConstraintTests.UsesProvidedGenericComparer" methodname="UsesProvidedGenericComparer" classname="NUnit.Framework.Constraints.ComparisonConstraintTestBase" runstate="Runnable" seed="820128915" result="Passed" start-time="2017-02-21 11:04:46Z" end-time="2017-02-21 11:04:46Z" duration="0.000405" asserts="1" />
            <test-case id="0-3479" name="UsesProvidedGenericComparison" fullname="NUnit.Framework.Constraints.GreaterThanOrEqualConstraintTests.UsesProvidedGenericComparison" methodname="UsesProvidedGenericComparison" classname="NUnit.Framework.Constraints.ComparisonConstraintTestBase" runstate="Runnable" seed="1315047531" result="Passed" start-time="2017-02-21 11:04:46Z" end-time="2017-02-21 11:04:46Z" duration="0.000414" asserts="1" />
            <test-case id="0-3477" name="UsesProvidedIComparer" fullname="NUnit.Framework.Constraints.GreaterThanOrEqualConstraintTests.UsesProvidedIComparer" methodname="UsesProvidedIComparer" classname="NUnit.Framework.Constraints.ComparisonConstraintTestBase" runstate="Runnable" seed="1458775883" result="Passed" start-time="2017-02-21 11:04:46Z" end-time="2017-02-21 11:04:46Z" duration="0.000249" asserts="1" />
            <test-case id="0-3480" name="UsesProvidedLambda" fullname="NUnit.Framework.Constraints.GreaterThanOrEqualConstraintTests.UsesProvidedLambda" methodname="UsesProvidedLambda" classname="NUnit.Framework.Constraints.ComparisonConstraintTestBase" runstate="Runnable" seed="1561302818" result="Passed" start-time="2017-02-21 11:04:46Z" end-time="2017-02-21 11:04:46Z" duration="0.000243" asserts="0" />
          </test-suite>
          <test-suite type="TestFixture" id="0-3453" name="GreaterThanConstraintTests" fullname="NUnit.Framework.Constraints.GreaterThanConstraintTests" classname="NUnit.Framework.Constraints.GreaterThanConstraintTests" runstate="Runnable" testcasecount="14" result="Passed" start-time="2017-02-21 11:04:46Z" end-time="2017-02-21 11:04:46Z" duration="0.059792" total="14" passed="14" failed="0" warnings="0" inconclusive="0" skipped="0" asserts="13">
            <test-case id="0-3454" name="CanCompareIComparables" fullname="NUnit.Framework.Constraints.GreaterThanConstraintTests.CanCompareIComparables" methodname="CanCompareIComparables" classname="NUnit.Framework.Constraints.GreaterThanConstraintTests" runstate="Runnable" seed="518727305" result="Passed" start-time="2017-02-21 11:04:46Z" end-time="2017-02-21 11:04:46Z" duration="0.003177" asserts="1" />
            <test-case id="0-3455" name="CanCompareIComparablesOfT" fullname="NUnit.Framework.Constraints.GreaterThanConstraintTests.CanCompareIComparablesOfT" methodname="CanCompareIComparablesOfT" classname="NUnit.Framework.Constraints.GreaterThanConstraintTests" runstate="Runnable" seed="310831410" result="Passed" start-time="2017-02-21 11:04:46Z" end-time="2017-02-21 11:04:46Z" duration="0.000559" asserts="1" />
            <test-suite type="ParameterizedMethod" id="0-3468" name="FailsWithBadValues" fullname="NUnit.Framework.Constraints.GreaterThanConstraintTests.FailsWithBadValues" classname="NUnit.Framework.Constraints.ConstraintTestBase" runstate="Runnable" testcasecount="2" result="Passed" start-time="2017-02-21 11:04:46Z" end-time="2017-02-21 11:04:46Z" duration="0.005100" total="2" passed="2" failed="0" warnings="0" inconclusive="0" skipped="0" asserts="4">
              <test-case id="0-3466" name="FailsWithBadValues(4,&quot;4&quot;)" fullname="NUnit.Framework.Constraints.GreaterThanConstraintTests.FailsWithBadValues(4,&quot;4&quot;)" methodname="FailsWithBadValues" classname="NUnit.Framework.Constraints.ConstraintTestBase" runstate="Runnable" seed="2144357183" result="Passed" start-time="2017-02-21 11:04:46Z" end-time="2017-02-21 11:04:46Z" duration="0.000100" asserts="2" />
              <test-case id="0-3467" name="FailsWithBadValues(5,&quot;5&quot;)" fullname="NUnit.Framework.Constraints.GreaterThanConstraintTests.FailsWithBadValues(5,&quot;5&quot;)" methodname="FailsWithBadValues" classname="NUnit.Framework.Constraints.ConstraintTestBase" runstate="Runnable" seed="2004573972" result="Passed" start-time="2017-02-21 11:04:46Z" end-time="2017-02-21 11:04:46Z" duration="0.000078" asserts="2" />
            </test-suite>
            <test-suite type="ParameterizedMethod" id="0-3458" name="InvalidDataThrowsArgumentException" fullname="NUnit.Framework.Constraints.GreaterThanConstraintTests.InvalidDataThrowsArgumentException" classname="NUnit.Framework.Constraints.ComparisonConstraintTestBase" runstate="Runnable" testcasecount="2" result="Passed" start-time="2017-02-21 11:04:46Z" end-time="2017-02-21 11:04:46Z" duration="0.017568" total="2" passed="2" failed="0" warnings="0" inconclusive="0" skipped="0" asserts="2">
              <test-case id="0-3456" name="InvalidDataThrowsArgumentException(null)" fullname="NUnit.Framework.Constraints.GreaterThanConstraintTests.InvalidDataThrowsArgumentException(null)" methodname="InvalidDataThrowsArgumentException" classname="NUnit.Framework.Constraints.ComparisonConstraintTestBase" runstate="Runnable" seed="743068538" result="Passed" start-time="2017-02-21 11:04:46Z" end-time="2017-02-21 11:04:46Z" duration="0.000293" asserts="1" />
              <test-case id="0-3457" name="InvalidDataThrowsArgumentException(&quot;xxx&quot;)" fullname="NUnit.Framework.Constraints.GreaterThanConstraintTests.InvalidDataThrowsArgumentException(&quot;xxx&quot;)" methodname="InvalidDataThrowsArgumentException" classname="NUnit.Framework.Constraints.ComparisonConstraintTestBase" runstate="Runnable" seed="211145328" result="Passed" start-time="2017-02-21 11:04:46Z" end-time="2017-02-21 11:04:46Z" duration="0.000102" asserts="1" />
            </test-suite>
            <test-case id="0-3469" name="ProvidesProperDescription" fullname="NUnit.Framework.Constraints.GreaterThanConstraintTests.ProvidesProperDescription" methodname="ProvidesProperDescription" classname="NUnit.Framework.Constraints.ConstraintTestBaseNoData" runstate="Runnable" seed="1627594123" result="Passed" start-time="2017-02-21 11:04:46Z" end-time="2017-02-21 11:04:46Z" duration="0.000067" asserts="1" />
            <test-case id="0-3470" name="ProvidesProperStringRepresentation" fullname="NUnit.Framework.Constraints.GreaterThanConstraintTests.ProvidesProperStringRepresentation" methodname="ProvidesProperStringRepresentation" classname="NUnit.Framework.Constraints.ConstraintTestBaseNoData" runstate="Runnable" seed="1738006769" result="Passed" start-time="2017-02-21 11:04:46Z" end-time="2017-02-21 11:04:46Z" duration="0.000081" asserts="1" />
            <test-suite type="ParameterizedMethod" id="0-3465" name="SucceedsWithGoodValues" fullname="NUnit.Framework.Constraints.GreaterThanConstraintTests.SucceedsWithGoodValues" classname="NUnit.Framework.Constraints.ConstraintTestBase" runstate="Runnable" testcasecount="2" result="Passed" start-time="2017-02-21 11:04:46Z" end-time="2017-02-21 11:04:46Z" duration="0.005494" total="2" passed="2" failed="0" warnings="0" inconclusive="0" skipped="0" asserts="0">
              <test-case id="0-3463" name="SucceedsWithGoodValues(6)" fullname="NUnit.Framework.Constraints.GreaterThanConstraintTests.SucceedsWithGoodValues(6)" methodname="SucceedsWithGoodValues" classname="NUnit.Framework.Constraints.ConstraintTestBase" runstate="Runnable" seed="1553493362" result="Passed" start-time="2017-02-21 11:04:46Z" end-time="2017-02-21 11:04:46Z" duration="0.000043" asserts="0" />
              <test-case id="0-3464" name="SucceedsWithGoodValues(5.001d)" fullname="NUnit.Framework.Constraints.GreaterThanConstraintTests.SucceedsWithGoodValues(5.001d)" methodname="SucceedsWithGoodValues" classname="NUnit.Framework.Constraints.ConstraintTestBase" runstate="Runnable" seed="455856895" result="Passed" start-time="2017-02-21 11:04:46Z" end-time="2017-02-21 11:04:46Z" duration="0.000098" asserts="0" />
            </test-suite>
            <test-case id="0-3460" name="UsesProvidedGenericComparer" fullname="NUnit.Framework.Constraints.GreaterThanConstraintTests.UsesProvidedGenericComparer" methodname="UsesProvidedGenericComparer" classname="NUnit.Framework.Constraints.ComparisonConstraintTestBase" runstate="Runnable" seed="1721896747" result="Passed" start-time="2017-02-21 11:04:46Z" end-time="2017-02-21 11:04:46Z" duration="0.000087" asserts="1" />
            <test-case id="0-3461" name="UsesProvidedGenericComparison" fullname="NUnit.Framework.Constraints.GreaterThanConstraintTests.UsesProvidedGenericComparison" methodname="UsesProvidedGenericComparison" classname="NUnit.Framework.Constraints.ComparisonConstraintTestBase" runstate="Runnable" seed="877484065" result="Passed" start-time="2017-02-21 11:04:46Z" end-time="2017-02-21 11:04:46Z" duration="0.000070" asserts="1" />
            <test-case id="0-3459" name="UsesProvidedIComparer" fullname="NUnit.Framework.Constraints.GreaterThanConstraintTests.UsesProvidedIComparer" methodname="UsesProvidedIComparer" classname="NUnit.Framework.Constraints.ComparisonConstraintTestBase" runstate="Runnable" seed="1642460187" result="Passed" start-time="2017-02-21 11:04:46Z" end-time="2017-02-21 11:04:46Z" duration="0.000045" asserts="1" />
            <test-case id="0-3462" name="UsesProvidedLambda" fullname="NUnit.Framework.Constraints.GreaterThanConstraintTests.UsesProvidedLambda" methodname="UsesProvidedLambda" classname="NUnit.Framework.Constraints.ComparisonConstraintTestBase" runstate="Runnable" seed="1463704477" result="Passed" start-time="2017-02-21 11:04:46Z" end-time="2017-02-21 11:04:46Z" duration="0.000042" asserts="0" />
          </test-suite>
          <test-suite type="TestFixture" id="0-3488" name="InstanceOfTypeConstraintTests" fullname="NUnit.Framework.Constraints.InstanceOfTypeConstraintTests" classname="NUnit.Framework.Constraints.InstanceOfTypeConstraintTests" runstate="Runnable" testcasecount="5" result="Passed" start-time="2017-02-21 11:04:46Z" end-time="2017-02-21 11:04:46Z" duration="0.019087" total="5" passed="5" failed="0" warnings="0" inconclusive="0" skipped="0" asserts="4">
            <test-suite type="ParameterizedMethod" id="0-3493" name="FailsWithBadValues" fullname="NUnit.Framework.Constraints.InstanceOfTypeConstraintTests.FailsWithBadValues" classname="NUnit.Framework.Constraints.ConstraintTestBase" runstate="Runnable" testcasecount="1" result="Passed" start-time="2017-02-21 11:04:46Z" end-time="2017-02-21 11:04:46Z" duration="0.002921" total="1" passed="1" failed="0" warnings="0" inconclusive="0" skipped="0" asserts="2">
              <test-case id="0-3492" name="FailsWithBadValues(NUnit.Framework.Constraints.InstanceOfTypeConstraintTests+B,&quot;&lt;NUnit.Framework.Constraints.InstanceOfTypeConstraintTests+B&gt;&quot;)" fullname="NUnit.Framework.Constraints.InstanceOfTypeConstraintTests.FailsWithBadValues(NUnit.Framework.Constraints.InstanceOfTypeConstraintTests+B,&quot;&lt;NUnit.Framework.Constraints.InstanceOfTypeConstraintTests+B&gt;&quot;)" methodname="FailsWithBadValues" classname="NUnit.Framework.Constraints.ConstraintTestBase" runstate="Runnable" seed="326238600" result="Passed" start-time="2017-02-21 11:04:46Z" end-time="2017-02-21 11:04:46Z" duration="0.000179" asserts="2" />
            </test-suite>
            <test-case id="0-3494" name="ProvidesProperDescription" fullname="NUnit.Framework.Constraints.InstanceOfTypeConstraintTests.ProvidesProperDescription" methodname="ProvidesProperDescription" classname="NUnit.Framework.Constraints.ConstraintTestBaseNoData" runstate="Runnable" seed="1599133468" result="Passed" start-time="2017-02-21 11:04:46Z" end-time="2017-02-21 11:04:46Z" duration="0.000078" asserts="1" />
            <test-case id="0-3495" name="ProvidesProperStringRepresentation" fullname="NUnit.Framework.Constraints.InstanceOfTypeConstraintTests.ProvidesProperStringRepresentation" methodname="ProvidesProperStringRepresentation" classname="NUnit.Framework.Constraints.ConstraintTestBaseNoData" runstate="Runnable" seed="1713411243" result="Passed" start-time="2017-02-21 11:04:46Z" end-time="2017-02-21 11:04:46Z" duration="0.000150" asserts="1" />
            <test-suite type="ParameterizedMethod" id="0-3491" name="SucceedsWithGoodValues" fullname="NUnit.Framework.Constraints.InstanceOfTypeConstraintTests.SucceedsWithGoodValues" classname="NUnit.Framework.Constraints.ConstraintTestBase" runstate="Runnable" testcasecount="2" result="Passed" start-time="2017-02-21 11:04:46Z" end-time="2017-02-21 11:04:46Z" duration="0.004869" total="2" passed="2" failed="0" warnings="0" inconclusive="0" skipped="0" asserts="0">
              <test-case id="0-3489" name="SucceedsWithGoodValues(NUnit.Framework.Constraints.InstanceOfTypeConstraintTests+D1)" fullname="NUnit.Framework.Constraints.InstanceOfTypeConstraintTests.SucceedsWithGoodValues(NUnit.Framework.Constraints.InstanceOfTypeConstraintTests+D1)" methodname="SucceedsWithGoodValues" classname="NUnit.Framework.Constraints.ConstraintTestBase" runstate="Runnable" seed="1489639727" result="Passed" start-time="2017-02-21 11:04:46Z" end-time="2017-02-21 11:04:46Z" duration="0.000075" asserts="0" />
              <test-case id="0-3490" name="SucceedsWithGoodValues(NUnit.Framework.Constraints.InstanceOfTypeConstraintTests+D2)" fullname="NUnit.Framework.Constraints.InstanceOfTypeConstraintTests.SucceedsWithGoodValues(NUnit.Framework.Constraints.InstanceOfTypeConstraintTests+D2)" methodname="SucceedsWithGoodValues" classname="NUnit.Framework.Constraints.ConstraintTestBase" runstate="Runnable" seed="515090165" result="Passed" start-time="2017-02-21 11:04:46Z" end-time="2017-02-21 11:04:46Z" duration="0.000051" asserts="0" />
            </test-suite>
          </test-suite>
          <test-suite type="TestFixture" id="0-3496" name="LessThanConstraintTests" fullname="NUnit.Framework.Constraints.LessThanConstraintTests" classname="NUnit.Framework.Constraints.LessThanConstraintTests" runstate="Runnable" testcasecount="14" result="Passed" start-time="2017-02-21 11:04:46Z" end-time="2017-02-21 11:04:46Z" duration="0.048486" total="14" passed="14" failed="0" warnings="0" inconclusive="0" skipped="0" asserts="13">
            <test-case id="0-3497" name="CanCompareIComparables" fullname="NUnit.Framework.Constraints.LessThanConstraintTests.CanCompareIComparables" methodname="CanCompareIComparables" classname="NUnit.Framework.Constraints.LessThanConstraintTests" runstate="Runnable" seed="613994360" result="Passed" start-time="2017-02-21 11:04:46Z" end-time="2017-02-21 11:04:46Z" duration="0.000272" asserts="1" />
            <test-case id="0-3498" name="CanCompareIComparablesOfT" fullname="NUnit.Framework.Constraints.LessThanConstraintTests.CanCompareIComparablesOfT" methodname="CanCompareIComparablesOfT" classname="NUnit.Framework.Constraints.LessThanConstraintTests" runstate="Runnable" seed="1559503680" result="Passed" start-time="2017-02-21 11:04:46Z" end-time="2017-02-21 11:04:46Z" duration="0.000191" asserts="1" />
            <test-suite type="ParameterizedMethod" id="0-3511" name="FailsWithBadValues" fullname="NUnit.Framework.Constraints.LessThanConstraintTests.FailsWithBadValues" classname="NUnit.Framework.Constraints.ConstraintTestBase" runstate="Runnable" testcasecount="2" result="Passed" start-time="2017-02-21 11:04:46Z" end-time="2017-02-21 11:04:46Z" duration="0.005012" total="2" passed="2" failed="0" warnings="0" inconclusive="0" skipped="0" asserts="4">
              <test-case id="0-3509" name="FailsWithBadValues(6,&quot;6&quot;)" fullname="NUnit.Framework.Constraints.LessThanConstraintTests.FailsWithBadValues(6,&quot;6&quot;)" methodname="FailsWithBadValues" classname="NUnit.Framework.Constraints.ConstraintTestBase" runstate="Runnable" seed="1337213681" result="Passed" start-time="2017-02-21 11:04:46Z" end-time="2017-02-21 11:04:46Z" duration="0.000067" asserts="2" />
              <test-case id="0-3510" name="FailsWithBadValues(5,&quot;5&quot;)" fullname="NUnit.Framework.Constraints.LessThanConstraintTests.FailsWithBadValues(5,&quot;5&quot;)" methodname="FailsWithBadValues" classname="NUnit.Framework.Constraints.ConstraintTestBase" runstate="Runnable" seed="192312248" result="Passed" start-time="2017-02-21 11:04:46Z" end-time="2017-02-21 11:04:46Z" duration="0.000069" asserts="2" />
            </test-suite>
            <test-suite type="ParameterizedMethod" id="0-3501" name="InvalidDataThrowsArgumentException" fullname="NUnit.Framework.Constraints.LessThanConstraintTests.InvalidDataThrowsArgumentException" classname="NUnit.Framework.Constraints.ComparisonConstraintTestBase" runstate="Runnable" testcasecount="2" result="Passed" start-time="2017-02-21 11:04:46Z" end-time="2017-02-21 11:04:46Z" duration="0.008004" total="2" passed="2" failed="0" warnings="0" inconclusive="0" skipped="0" asserts="2">
              <test-case id="0-3499" name="InvalidDataThrowsArgumentException(null)" fullname="NUnit.Framework.Constraints.LessThanConstraintTests.InvalidDataThrowsArgumentException(null)" methodname="InvalidDataThrowsArgumentException" classname="NUnit.Framework.Constraints.ComparisonConstraintTestBase" runstate="Runnable" seed="1675736425" result="Passed" start-time="2017-02-21 11:04:46Z" end-time="2017-02-21 11:04:46Z" duration="0.000147" asserts="1" />
              <test-case id="0-3500" name="InvalidDataThrowsArgumentException(&quot;xxx&quot;)" fullname="NUnit.Framework.Constraints.LessThanConstraintTests.InvalidDataThrowsArgumentException(&quot;xxx&quot;)" methodname="InvalidDataThrowsArgumentException" classname="NUnit.Framework.Constraints.ComparisonConstraintTestBase" runstate="Runnable" seed="1602310785" result="Passed" start-time="2017-02-21 11:04:46Z" end-time="2017-02-21 11:04:46Z" duration="0.000247" asserts="1" />
            </test-suite>
            <test-case id="0-3512" name="ProvidesProperDescription" fullname="NUnit.Framework.Constraints.LessThanConstraintTests.ProvidesProperDescription" methodname="ProvidesProperDescription" classname="NUnit.Framework.Constraints.ConstraintTestBaseNoData" runstate="Runnable" seed="2085483179" result="Passed" start-time="2017-02-21 11:04:46Z" end-time="2017-02-21 11:04:46Z" duration="0.000065" asserts="1" />
            <test-case id="0-3513" name="ProvidesProperStringRepresentation" fullname="NUnit.Framework.Constraints.LessThanConstraintTests.ProvidesProperStringRepresentation" methodname="ProvidesProperStringRepresentation" classname="NUnit.Framework.Constraints.ConstraintTestBaseNoData" runstate="Runnable" seed="1587906967" result="Passed" start-time="2017-02-21 11:04:46Z" end-time="2017-02-21 11:04:46Z" duration="0.000072" asserts="1" />
            <test-suite type="ParameterizedMethod" id="0-3508" name="SucceedsWithGoodValues" fullname="NUnit.Framework.Constraints.LessThanConstraintTests.SucceedsWithGoodValues" classname="NUnit.Framework.Constraints.ConstraintTestBase" runstate="Runnable" testcasecount="2" result="Passed" start-time="2017-02-21 11:04:46Z" end-time="2017-02-21 11:04:46Z" duration="0.005563" total="2" passed="2" failed="0" warnings="0" inconclusive="0" skipped="0" asserts="0">
              <test-case id="0-3506" name="SucceedsWithGoodValues(4)" fullname="NUnit.Framework.Constraints.LessThanConstraintTests.SucceedsWithGoodValues(4)" methodname="SucceedsWithGoodValues" classname="NUnit.Framework.Constraints.ConstraintTestBase" runstate="Runnable" seed="1290954952" result="Passed" start-time="2017-02-21 11:04:46Z" end-time="2017-02-21 11:04:46Z" duration="0.000072" asserts="0" />
              <test-case id="0-3507" name="SucceedsWithGoodValues(4.999d)" fullname="NUnit.Framework.Constraints.LessThanConstraintTests.SucceedsWithGoodValues(4.999d)" methodname="SucceedsWithGoodValues" classname="NUnit.Framework.Constraints.ConstraintTestBase" runstate="Runnable" seed="1803160122" result="Passed" start-time="2017-02-21 11:04:46Z" end-time="2017-02-21 11:04:46Z" duration="0.000058" asserts="0" />
            </test-suite>
            <test-case id="0-3503" name="UsesProvidedGenericComparer" fullname="NUnit.Framework.Constraints.LessThanConstraintTests.UsesProvidedGenericComparer" methodname="UsesProvidedGenericComparer" classname="NUnit.Framework.Constraints.ComparisonConstraintTestBase" runstate="Runnable" seed="749665328" result="Passed" start-time="2017-02-21 11:04:46Z" end-time="2017-02-21 11:04:46Z" duration="0.000043" asserts="1" />
            <test-case id="0-3504" name="UsesProvidedGenericComparison" fullname="NUnit.Framework.Constraints.LessThanConstraintTests.UsesProvidedGenericComparison" methodname="UsesProvidedGenericComparison" classname="NUnit.Framework.Constraints.ComparisonConstraintTestBase" runstate="Runnable" seed="60569130" result="Passed" start-time="2017-02-21 11:04:46Z" end-time="2017-02-21 11:04:46Z" duration="0.000059" asserts="1" />
            <test-case id="0-3502" name="UsesProvidedIComparer" fullname="NUnit.Framework.Constraints.LessThanConstraintTests.UsesProvidedIComparer" methodname="UsesProvidedIComparer" classname="NUnit.Framework.Constraints.ComparisonConstraintTestBase" runstate="Runnable" seed="366798352" result="Passed" start-time="2017-02-21 11:04:46Z" end-time="2017-02-21 11:04:46Z" duration="0.000080" asserts="1" />
            <test-case id="0-3505" name="UsesProvidedLambda" fullname="NUnit.Framework.Constraints.LessThanConstraintTests.UsesProvidedLambda" methodname="UsesProvidedLambda" classname="NUnit.Framework.Constraints.ComparisonConstraintTestBase" runstate="Runnable" seed="845132167" result="Passed" start-time="2017-02-21 11:04:46Z" end-time="2017-02-21 11:04:46Z" duration="0.000207" asserts="0" />
          </test-suite>
          <test-suite type="TestFixture" id="0-3514" name="LessThanOrEqualConstraintTests" fullname="NUnit.Framework.Constraints.LessThanOrEqualConstraintTests" classname="NUnit.Framework.Constraints.LessThanOrEqualConstraintTests" runstate="Runnable" testcasecount="13" result="Passed" start-time="2017-02-21 11:04:46Z" end-time="2017-02-21 11:04:46Z" duration="0.049575" total="13" passed="13" failed="0" warnings="0" inconclusive="0" skipped="0" asserts="11">
            <test-case id="0-3515" name="CanCompareIComparables" fullname="NUnit.Framework.Constraints.LessThanOrEqualConstraintTests.CanCompareIComparables" methodname="CanCompareIComparables" classname="NUnit.Framework.Constraints.LessThanOrEqualConstraintTests" runstate="Runnable" seed="1547050025" result="Passed" start-time="2017-02-21 11:04:46Z" end-time="2017-02-21 11:04:46Z" duration="0.000371" asserts="1" />
            <test-case id="0-3516" name="CanCompareIComparablesOfT" fullname="NUnit.Framework.Constraints.LessThanOrEqualConstraintTests.CanCompareIComparablesOfT" methodname="CanCompareIComparablesOfT" classname="NUnit.Framework.Constraints.LessThanOrEqualConstraintTests" runstate="Runnable" seed="1398320966" result="Passed" start-time="2017-02-21 11:04:46Z" end-time="2017-02-21 11:04:46Z" duration="0.000263" asserts="1" />
            <test-suite type="ParameterizedMethod" id="0-3528" name="FailsWithBadValues" fullname="NUnit.Framework.Constraints.LessThanOrEqualConstraintTests.FailsWithBadValues" classname="NUnit.Framework.Constraints.ConstraintTestBase" runstate="Runnable" testcasecount="1" result="Passed" start-time="2017-02-21 11:04:46Z" end-time="2017-02-21 11:04:46Z" duration="0.003897" total="1" passed="1" failed="0" warnings="0" inconclusive="0" skipped="0" asserts="2">
              <test-case id="0-3527" name="FailsWithBadValues(6,&quot;6&quot;)" fullname="NUnit.Framework.Constraints.LessThanOrEqualConstraintTests.FailsWithBadValues(6,&quot;6&quot;)" methodname="FailsWithBadValues" classname="NUnit.Framework.Constraints.ConstraintTestBase" runstate="Runnable" seed="1224001012" result="Passed" start-time="2017-02-21 11:04:46Z" end-time="2017-02-21 11:04:46Z" duration="0.000081" asserts="2" />
            </test-suite>
            <test-suite type="ParameterizedMethod" id="0-3519" name="InvalidDataThrowsArgumentException" fullname="NUnit.Framework.Constraints.LessThanOrEqualConstraintTests.InvalidDataThrowsArgumentException" classname="NUnit.Framework.Constraints.ComparisonConstraintTestBase" runstate="Runnable" testcasecount="2" result="Passed" start-time="2017-02-21 11:04:46Z" end-time="2017-02-21 11:04:46Z" duration="0.005540" total="2" passed="2" failed="0" warnings="0" inconclusive="0" skipped="0" asserts="2">
              <test-case id="0-3517" name="InvalidDataThrowsArgumentException(null)" fullname="NUnit.Framework.Constraints.LessThanOrEqualConstraintTests.InvalidDataThrowsArgumentException(null)" methodname="InvalidDataThrowsArgumentException" classname="NUnit.Framework.Constraints.ComparisonConstraintTestBase" runstate="Runnable" seed="1166587465" result="Passed" start-time="2017-02-21 11:04:46Z" end-time="2017-02-21 11:04:46Z" duration="0.000129" asserts="1" />
              <test-case id="0-3518" name="InvalidDataThrowsArgumentException(&quot;xxx&quot;)" fullname="NUnit.Framework.Constraints.LessThanOrEqualConstraintTests.InvalidDataThrowsArgumentException(&quot;xxx&quot;)" methodname="InvalidDataThrowsArgumentException" classname="NUnit.Framework.Constraints.ComparisonConstraintTestBase" runstate="Runnable" seed="1929884736" result="Passed" start-time="2017-02-21 11:04:46Z" end-time="2017-02-21 11:04:46Z" duration="0.000074" asserts="1" />
            </test-suite>
            <test-case id="0-3529" name="ProvidesProperDescription" fullname="NUnit.Framework.Constraints.LessThanOrEqualConstraintTests.ProvidesProperDescription" methodname="ProvidesProperDescription" classname="NUnit.Framework.Constraints.ConstraintTestBaseNoData" runstate="Runnable" seed="1050715558" result="Passed" start-time="2017-02-21 11:04:46Z" end-time="2017-02-21 11:04:46Z" duration="0.000069" asserts="1" />
            <test-case id="0-3530" name="ProvidesProperStringRepresentation" fullname="NUnit.Framework.Constraints.LessThanOrEqualConstraintTests.ProvidesProperStringRepresentation" methodname="ProvidesProperStringRepresentation" classname="NUnit.Framework.Constraints.ConstraintTestBaseNoData" runstate="Runnable" seed="799269131" result="Passed" start-time="2017-02-21 11:04:46Z" end-time="2017-02-21 11:04:46Z" duration="0.000080" asserts="1" />
            <test-suite type="ParameterizedMethod" id="0-3526" name="SucceedsWithGoodValues" fullname="NUnit.Framework.Constraints.LessThanOrEqualConstraintTests.SucceedsWithGoodValues" classname="NUnit.Framework.Constraints.ConstraintTestBase" runstate="Runnable" testcasecount="2" result="Passed" start-time="2017-02-21 11:04:46Z" end-time="2017-02-21 11:04:46Z" duration="0.008286" total="2" passed="2" failed="0" warnings="0" inconclusive="0" skipped="0" asserts="0">
              <test-case id="0-3524" name="SucceedsWithGoodValues(4)" fullname="NUnit.Framework.Constraints.LessThanOrEqualConstraintTests.SucceedsWithGoodValues(4)" methodname="SucceedsWithGoodValues" classname="NUnit.Framework.Constraints.ConstraintTestBase" runstate="Runnable" seed="1763006767" result="Passed" start-time="2017-02-21 11:04:46Z" end-time="2017-02-21 11:04:46Z" duration="0.000211" asserts="0" />
              <test-case id="0-3525" name="SucceedsWithGoodValues(5)" fullname="NUnit.Framework.Constraints.LessThanOrEqualConstraintTests.SucceedsWithGoodValues(5)" methodname="SucceedsWithGoodValues" classname="NUnit.Framework.Constraints.ConstraintTestBase" runstate="Runnable" seed="985873512" result="Passed" start-time="2017-02-21 11:04:46Z" end-time="2017-02-21 11:04:46Z" duration="0.000218" asserts="0" />
            </test-suite>
            <test-case id="0-3521" name="UsesProvidedGenericComparer" fullname="NUnit.Framework.Constraints.LessThanOrEqualConstraintTests.UsesProvidedGenericComparer" methodname="UsesProvidedGenericComparer" classname="NUnit.Framework.Constraints.ComparisonConstraintTestBase" runstate="Runnable" seed="27006000" result="Passed" start-time="2017-02-21 11:04:46Z" end-time="2017-02-21 11:04:46Z" duration="0.000070" asserts="1" />
            <test-case id="0-3522" name="UsesProvidedGenericComparison" fullname="NUnit.Framework.Constraints.LessThanOrEqualConstraintTests.UsesProvidedGenericComparison" methodname="UsesProvidedGenericComparison" classname="NUnit.Framework.Constraints.ComparisonConstraintTestBase" runstate="Runnable" seed="964417738" result="Passed" start-time="2017-02-21 11:04:46Z" end-time="2017-02-21 11:04:46Z" duration="0.000065" asserts="1" />
            <test-case id="0-3520" name="UsesProvidedIComparer" fullname="NUnit.Framework.Constraints.LessThanOrEqualConstraintTests.UsesProvidedIComparer" methodname="UsesProvidedIComparer" classname="NUnit.Framework.Constraints.ComparisonConstraintTestBase" runstate="Runnable" seed="1023528345" result="Passed" start-time="2017-02-21 11:04:46Z" end-time="2017-02-21 11:04:46Z" duration="0.000061" asserts="1" />
            <test-case id="0-3523" name="UsesProvidedLambda" fullname="NUnit.Framework.Constraints.LessThanOrEqualConstraintTests.UsesProvidedLambda" methodname="UsesProvidedLambda" classname="NUnit.Framework.Constraints.ComparisonConstraintTestBase" runstate="Runnable" seed="596225536" result="Passed" start-time="2017-02-21 11:04:46Z" end-time="2017-02-21 11:04:46Z" duration="0.000073" asserts="0" />
          </test-suite>
          <test-suite type="TestFixture" id="0-2836" name="NaNConstraintTest" fullname="NUnit.Framework.Constraints.NaNConstraintTest" classname="NUnit.Framework.Constraints.NaNConstraintTest" runstate="Runnable" testcasecount="11" result="Passed" start-time="2017-02-21 11:04:46Z" end-time="2017-02-21 11:04:46Z" duration="0.036221" total="11" passed="11" failed="0" warnings="0" inconclusive="0" skipped="0" asserts="16">
            <test-suite type="ParameterizedMethod" id="0-2847" name="FailsWithBadValues" fullname="NUnit.Framework.Constraints.NaNConstraintTest.FailsWithBadValues" classname="NUnit.Framework.Constraints.ConstraintTestBase" runstate="Runnable" testcasecount="7" result="Passed" start-time="2017-02-21 11:04:46Z" end-time="2017-02-21 11:04:46Z" duration="0.020356" total="7" passed="7" failed="0" warnings="0" inconclusive="0" skipped="0" asserts="14">
              <test-case id="0-2840" name="FailsWithBadValues(null,&quot;null&quot;)" fullname="NUnit.Framework.Constraints.NaNConstraintTest.FailsWithBadValues(null,&quot;null&quot;)" methodname="FailsWithBadValues" classname="NUnit.Framework.Constraints.ConstraintTestBase" runstate="Runnable" seed="957748581" result="Passed" start-time="2017-02-21 11:04:46Z" end-time="2017-02-21 11:04:46Z" duration="0.000378" asserts="2" />
              <test-case id="0-2841" name="FailsWithBadValues(&quot;hello&quot;,&quot;\&quot;hello\&quot;&quot;)" fullname="NUnit.Framework.Constraints.NaNConstraintTest.FailsWithBadValues(&quot;hello&quot;,&quot;\&quot;hello\&quot;&quot;)" methodname="FailsWithBadValues" classname="NUnit.Framework.Constraints.ConstraintTestBase" runstate="Runnable" seed="343517752" result="Passed" start-time="2017-02-21 11:04:46Z" end-time="2017-02-21 11:04:46Z" duration="0.000055" asserts="2" />
              <test-case id="0-2842" name="FailsWithBadValues(42,&quot;42&quot;)" fullname="NUnit.Framework.Constraints.NaNConstraintTest.FailsWithBadValues(42,&quot;42&quot;)" methodname="FailsWithBadValues" classname="NUnit.Framework.Constraints.ConstraintTestBase" runstate="Runnable" seed="1357262838" result="Passed" start-time="2017-02-21 11:04:46Z" end-time="2017-02-21 11:04:46Z" duration="0.000083" asserts="2" />
              <test-case id="0-2843" name="FailsWithBadValues(double.PositiveInfinity,&quot;Infinity&quot;)" fullname="NUnit.Framework.Constraints.NaNConstraintTest.FailsWithBadValues(double.PositiveInfinity,&quot;Infinity&quot;)" methodname="FailsWithBadValues" classname="NUnit.Framework.Constraints.ConstraintTestBase" runstate="Runnable" seed="307445689" result="Passed" start-time="2017-02-21 11:04:46Z" end-time="2017-02-21 11:04:46Z" duration="0.000119" asserts="2" />
              <test-case id="0-2844" name="FailsWithBadValues(double.NegativeInfinity,&quot;-Infinity&quot;)" fullname="NUnit.Framework.Constraints.NaNConstraintTest.FailsWithBadValues(double.NegativeInfinity,&quot;-Infinity&quot;)" methodname="FailsWithBadValues" classname="NUnit.Framework.Constraints.ConstraintTestBase" runstate="Runnable" seed="55536947" result="Passed" start-time="2017-02-21 11:04:46Z" end-time="2017-02-21 11:04:46Z" duration="0.000218" asserts="2" />
              <test-case id="0-2845" name="FailsWithBadValues(float.PositiveInfinity,&quot;Infinity&quot;)" fullname="NUnit.Framework.Constraints.NaNConstraintTest.FailsWithBadValues(float.PositiveInfinity,&quot;Infinity&quot;)" methodname="FailsWithBadValues" classname="NUnit.Framework.Constraints.ConstraintTestBase" runstate="Runnable" seed="1117865085" result="Passed" start-time="2017-02-21 11:04:46Z" end-time="2017-02-21 11:04:46Z" duration="0.000354" asserts="2" />
              <test-case id="0-2846" name="FailsWithBadValues(float.NegativeInfinity,&quot;-Infinity&quot;)" fullname="NUnit.Framework.Constraints.NaNConstraintTest.FailsWithBadValues(float.NegativeInfinity,&quot;-Infinity&quot;)" methodname="FailsWithBadValues" classname="NUnit.Framework.Constraints.ConstraintTestBase" runstate="Runnable" seed="2003644426" result="Passed" start-time="2017-02-21 11:04:46Z" end-time="2017-02-21 11:04:46Z" duration="0.000081" asserts="2" />
            </test-suite>
            <test-case id="0-2848" name="ProvidesProperDescription" fullname="NUnit.Framework.Constraints.NaNConstraintTest.ProvidesProperDescription" methodname="ProvidesProperDescription" classname="NUnit.Framework.Constraints.ConstraintTestBaseNoData" runstate="Runnable" seed="1597680694" result="Passed" start-time="2017-02-21 11:04:46Z" end-time="2017-02-21 11:04:46Z" duration="0.000048" asserts="1" />
            <test-case id="0-2849" name="ProvidesProperStringRepresentation" fullname="NUnit.Framework.Constraints.NaNConstraintTest.ProvidesProperStringRepresentation" methodname="ProvidesProperStringRepresentation" classname="NUnit.Framework.Constraints.ConstraintTestBaseNoData" runstate="Runnable" seed="750960822" result="Passed" start-time="2017-02-21 11:04:46Z" end-time="2017-02-21 11:04:46Z" duration="0.000073" asserts="1" />
            <test-suite type="ParameterizedMethod" id="0-2839" name="SucceedsWithGoodValues" fullname="NUnit.Framework.Constraints.NaNConstraintTest.SucceedsWithGoodValues" classname="NUnit.Framework.Constraints.ConstraintTestBase" runstate="Runnable" testcasecount="2" result="Passed" start-time="2017-02-21 11:04:46Z" end-time="2017-02-21 11:04:46Z" duration="0.005228" total="2" passed="2" failed="0" warnings="0" inconclusive="0" skipped="0" asserts="0">
              <test-case id="0-2837" name="SucceedsWithGoodValues(double.NaN)" fullname="NUnit.Framework.Constraints.NaNConstraintTest.SucceedsWithGoodValues(double.NaN)" methodname="SucceedsWithGoodValues" classname="NUnit.Framework.Constraints.ConstraintTestBase" runstate="Runnable" seed="1704937078" result="Passed" start-time="2017-02-21 11:04:46Z" end-time="2017-02-21 11:04:46Z" duration="0.000108" asserts="0" />
              <test-case id="0-2838" name="SucceedsWithGoodValues(float.NaN)" fullname="NUnit.Framework.Constraints.NaNConstraintTest.SucceedsWithGoodValues(float.NaN)" methodname="SucceedsWithGoodValues" classname="NUnit.Framework.Constraints.ConstraintTestBase" runstate="Runnable" seed="995482168" result="Passed" start-time="2017-02-21 11:04:46Z" end-time="2017-02-21 11:04:46Z" duration="0.000089" asserts="0" />
            </test-suite>
          </test-suite>
          <test-suite type="TestFixture" id="0-3583" name="NotConstraintTests" fullname="NUnit.Framework.Constraints.NotConstraintTests" classname="NUnit.Framework.Constraints.NotConstraintTests" runstate="Runnable" testcasecount="9" result="Passed" start-time="2017-02-21 11:04:46Z" end-time="2017-02-21 11:04:46Z" duration="0.045883" total="9" passed="9" failed="0" warnings="0" inconclusive="0" skipped="0" asserts="11">
            <test-case id="0-3587" name="CanUseNotOperator" fullname="NUnit.Framework.Constraints.NotConstraintTests.CanUseNotOperator" methodname="CanUseNotOperator" classname="NUnit.Framework.Constraints.NotConstraintTests" runstate="Runnable" seed="147420027" result="Passed" start-time="2017-02-21 11:04:46Z" end-time="2017-02-21 11:04:46Z" duration="0.000264" asserts="1" />
            <test-suite type="ParameterizedMethod" id="0-3592" name="FailsWithBadValues" fullname="NUnit.Framework.Constraints.NotConstraintTests.FailsWithBadValues" classname="NUnit.Framework.Constraints.ConstraintTestBase" runstate="Runnable" testcasecount="1" result="Passed" start-time="2017-02-21 11:04:46Z" end-time="2017-02-21 11:04:46Z" duration="0.002600" total="1" passed="1" failed="0" warnings="0" inconclusive="0" skipped="0" asserts="2">
              <test-case id="0-3591" name="FailsWithBadValues(null,&quot;null&quot;)" fullname="NUnit.Framework.Constraints.NotConstraintTests.FailsWithBadValues(null,&quot;null&quot;)" methodname="FailsWithBadValues" classname="NUnit.Framework.Constraints.ConstraintTestBase" runstate="Runnable" seed="698810164" result="Passed" start-time="2017-02-21 11:04:46Z" end-time="2017-02-21 11:04:46Z" duration="0.000064" asserts="2" />
            </test-suite>
            <test-case id="0-3584" name="NotHonorsIgnoreCaseUsingConstructors" fullname="NUnit.Framework.Constraints.NotConstraintTests.NotHonorsIgnoreCaseUsingConstructors" methodname="NotHonorsIgnoreCaseUsingConstructors" classname="NUnit.Framework.Constraints.NotConstraintTests" runstate="Runnable" seed="181390163" result="Passed" start-time="2017-02-21 11:04:46Z" end-time="2017-02-21 11:04:46Z" duration="0.008922" asserts="2" />
            <test-case id="0-3585" name="NotHonorsIgnoreCaseUsingPrefixNotation" fullname="NUnit.Framework.Constraints.NotConstraintTests.NotHonorsIgnoreCaseUsingPrefixNotation" methodname="NotHonorsIgnoreCaseUsingPrefixNotation" classname="NUnit.Framework.Constraints.NotConstraintTests" runstate="Runnable" seed="276379240" result="Passed" start-time="2017-02-21 11:04:46Z" end-time="2017-02-21 11:04:46Z" duration="0.003182" asserts="2" />
            <test-case id="0-3586" name="NotHonorsTolerance" fullname="NUnit.Framework.Constraints.NotConstraintTests.NotHonorsTolerance" methodname="NotHonorsTolerance" classname="NUnit.Framework.Constraints.NotConstraintTests" runstate="Runnable" seed="1245235937" result="Passed" start-time="2017-02-21 11:04:46Z" end-time="2017-02-21 11:04:46Z" duration="0.004139" asserts="2" />
            <test-case id="0-3593" name="ProvidesProperDescription" fullname="NUnit.Framework.Constraints.NotConstraintTests.ProvidesProperDescription" methodname="ProvidesProperDescription" classname="NUnit.Framework.Constraints.ConstraintTestBaseNoData" runstate="Runnable" seed="1255614157" result="Passed" start-time="2017-02-21 11:04:46Z" end-time="2017-02-21 11:04:46Z" duration="0.000084" asserts="1" />
            <test-case id="0-3594" name="ProvidesProperStringRepresentation" fullname="NUnit.Framework.Constraints.NotConstraintTests.ProvidesProperStringRepresentation" methodname="ProvidesProperStringRepresentation" classname="NUnit.Framework.Constraints.ConstraintTestBaseNoData" runstate="Runnable" seed="984210122" result="Passed" start-time="2017-02-21 11:04:46Z" end-time="2017-02-21 11:04:46Z" duration="0.000063" asserts="1" />
            <test-suite type="ParameterizedMethod" id="0-3590" name="SucceedsWithGoodValues" fullname="NUnit.Framework.Constraints.NotConstraintTests.SucceedsWithGoodValues" classname="NUnit.Framework.Constraints.ConstraintTestBase" runstate="Runnable" testcasecount="2" result="Passed" start-time="2017-02-21 11:04:46Z" end-time="2017-02-21 11:04:46Z" duration="0.005524" total="2" passed="2" failed="0" warnings="0" inconclusive="0" skipped="0" asserts="0">
              <test-case id="0-3588" name="SucceedsWithGoodValues(42)" fullname="NUnit.Framework.Constraints.NotConstraintTests.SucceedsWithGoodValues(42)" methodname="SucceedsWithGoodValues" classname="NUnit.Framework.Constraints.ConstraintTestBase" runstate="Runnable" seed="517925783" result="Passed" start-time="2017-02-21 11:04:46Z" end-time="2017-02-21 11:04:46Z" duration="0.000053" asserts="0" />
              <test-case id="0-3589" name="SucceedsWithGoodValues(&quot;Hello&quot;)" fullname="NUnit.Framework.Constraints.NotConstraintTests.SucceedsWithGoodValues(&quot;Hello&quot;)" methodname="SucceedsWithGoodValues" classname="NUnit.Framework.Constraints.ConstraintTestBase" runstate="Runnable" seed="1677345625" result="Passed" start-time="2017-02-21 11:04:46Z" end-time="2017-02-21 11:04:46Z" duration="0.000066" asserts="0" />
            </test-suite>
          </test-suite>
          <test-suite type="TestFixture" id="0-2807" name="NullConstraintTest" fullname="NUnit.Framework.Constraints.NullConstraintTest" classname="NUnit.Framework.Constraints.NullConstraintTest" runstate="Runnable" testcasecount="4" result="Passed" start-time="2017-02-21 11:04:46Z" end-time="2017-02-21 11:04:46Z" duration="0.014819" total="4" passed="4" failed="0" warnings="0" inconclusive="0" skipped="0" asserts="4">
            <test-suite type="ParameterizedMethod" id="0-2811" name="FailsWithBadValues" fullname="NUnit.Framework.Constraints.NullConstraintTest.FailsWithBadValues" classname="NUnit.Framework.Constraints.ConstraintTestBase" runstate="Runnable" testcasecount="1" result="Passed" start-time="2017-02-21 11:04:46Z" end-time="2017-02-21 11:04:46Z" duration="0.002562" total="1" passed="1" failed="0" warnings="0" inconclusive="0" skipped="0" asserts="2">
              <test-case id="0-2810" name="FailsWithBadValues(&quot;hello&quot;,&quot;\&quot;hello\&quot;&quot;)" fullname="NUnit.Framework.Constraints.NullConstraintTest.FailsWithBadValues(&quot;hello&quot;,&quot;\&quot;hello\&quot;&quot;)" methodname="FailsWithBadValues" classname="NUnit.Framework.Constraints.ConstraintTestBase" runstate="Runnable" seed="1273347824" result="Passed" start-time="2017-02-21 11:04:46Z" end-time="2017-02-21 11:04:46Z" duration="0.000143" asserts="2" />
            </test-suite>
            <test-case id="0-2812" name="ProvidesProperDescription" fullname="NUnit.Framework.Constraints.NullConstraintTest.ProvidesProperDescription" methodname="ProvidesProperDescription" classname="NUnit.Framework.Constraints.ConstraintTestBaseNoData" runstate="Runnable" seed="689661112" result="Passed" start-time="2017-02-21 11:04:46Z" end-time="2017-02-21 11:04:46Z" duration="0.000052" asserts="1" />
            <test-case id="0-2813" name="ProvidesProperStringRepresentation" fullname="NUnit.Framework.Constraints.NullConstraintTest.ProvidesProperStringRepresentation" methodname="ProvidesProperStringRepresentation" classname="NUnit.Framework.Constraints.ConstraintTestBaseNoData" runstate="Runnable" seed="1573293878" result="Passed" start-time="2017-02-21 11:04:46Z" end-time="2017-02-21 11:04:46Z" duration="0.000042" asserts="1" />
            <test-suite type="ParameterizedMethod" id="0-2809" name="SucceedsWithGoodValues" fullname="NUnit.Framework.Constraints.NullConstraintTest.SucceedsWithGoodValues" classname="NUnit.Framework.Constraints.ConstraintTestBase" runstate="Runnable" testcasecount="1" result="Passed" start-time="2017-02-21 11:04:46Z" end-time="2017-02-21 11:04:46Z" duration="0.002588" total="1" passed="1" failed="0" warnings="0" inconclusive="0" skipped="0" asserts="0">
              <test-case id="0-2808" name="SucceedsWithGoodValues(null)" fullname="NUnit.Framework.Constraints.NullConstraintTest.SucceedsWithGoodValues(null)" methodname="SucceedsWithGoodValues" classname="NUnit.Framework.Constraints.ConstraintTestBase" runstate="Runnable" seed="1807046123" result="Passed" start-time="2017-02-21 11:04:46Z" end-time="2017-02-21 11:04:46Z" duration="0.000063" asserts="0" />
            </test-suite>
          </test-suite>
          <test-suite type="TestFixture" id="0-3144" name="EqualConstraintTests+DateTimeOffsetShouldBeSame" fullname="NUnit.Framework.Constraints.EqualConstraintTests+DateTimeOffsetShouldBeSame" classname="NUnit.Framework.Constraints.EqualConstraintTests+DateTimeOffsetShouldBeSame" runstate="Runnable" testcasecount="175" result="Passed" start-time="2017-02-21 11:04:45Z" end-time="2017-02-21 11:04:46Z" duration="0.559055" total="175" passed="75" failed="0" warnings="0" inconclusive="100" skipped="0" asserts="75">
            <test-suite type="Theory" id="0-3196" name="NegativeEqualityTest" fullname="NUnit.Framework.Constraints.EqualConstraintTests+DateTimeOffsetShouldBeSame.NegativeEqualityTest" classname="NUnit.Framework.Constraints.EqualConstraintTests+DateTimeOffsetShouldBeSame" runstate="Runnable" testcasecount="25" result="Passed" start-time="2017-02-21 11:04:45Z" end-time="2017-02-21 11:04:45Z" duration="0.071087" total="25" passed="18" failed="0" warnings="0" inconclusive="7" skipped="0" asserts="18">
              <properties>
                <property name="_JOINTYPE" value="Combinatorial" />
              </properties>
              <test-case id="0-3171" name="NegativeEqualityTest(01/30/2014 12:34:56 +06:15,01/30/2014 12:34:56 +06:15)" fullname="NUnit.Framework.Constraints.EqualConstraintTests+DateTimeOffsetShouldBeSame.NegativeEqualityTest(01/30/2014 12:34:56 +06:15,01/30/2014 12:34:56 +06:15)" methodname="NegativeEqualityTest" classname="NUnit.Framework.Constraints.EqualConstraintTests+DateTimeOffsetShouldBeSame" runstate="Runnable" seed="627039065" result="Inconclusive" start-time="2017-02-21 11:04:45Z" end-time="2017-02-21 11:04:45Z" duration="0.000712" asserts="0">
                <reason>
                  <message><![CDATA[  Expected: True
  But was:  False
]]></message>
                </reason>
              </test-case>
              <test-case id="0-3172" name="NegativeEqualityTest(01/30/2014 12:34:56 +06:15,01/30/2014 09:19:56 +03:00)" fullname="NUnit.Framework.Constraints.EqualConstraintTests+DateTimeOffsetShouldBeSame.NegativeEqualityTest(01/30/2014 12:34:56 +06:15,01/30/2014 09:19:56 +03:00)" methodname="NegativeEqualityTest" classname="NUnit.Framework.Constraints.EqualConstraintTests+DateTimeOffsetShouldBeSame" runstate="Runnable" seed="228802302" result="Inconclusive" start-time="2017-02-21 11:04:45Z" end-time="2017-02-21 11:04:45Z" duration="0.000698" asserts="0">
                <reason>
                  <message><![CDATA[  Expected: True
  But was:  False
]]></message>
                </reason>
              </test-case>
              <test-case id="0-3173" name="NegativeEqualityTest(01/30/2014 12:34:56 +06:15,01/30/2014 09:19:56 +03:01)" fullname="NUnit.Framework.Constraints.EqualConstraintTests+DateTimeOffsetShouldBeSame.NegativeEqualityTest(01/30/2014 12:34:56 +06:15,01/30/2014 09:19:56 +03:01)" methodname="NegativeEqualityTest" classname="NUnit.Framework.Constraints.EqualConstraintTests+DateTimeOffsetShouldBeSame" runstate="Runnable" seed="1365861474" result="Passed" start-time="2017-02-21 11:04:45Z" end-time="2017-02-21 11:04:45Z" duration="0.000309" asserts="1" />
              <test-case id="0-3174" name="NegativeEqualityTest(01/30/2014 12:34:56 +06:15,01/30/2014 09:19:55 +03:00)" fullname="NUnit.Framework.Constraints.EqualConstraintTests+DateTimeOffsetShouldBeSame.NegativeEqualityTest(01/30/2014 12:34:56 +06:15,01/30/2014 09:19:55 +03:00)" methodname="NegativeEqualityTest" classname="NUnit.Framework.Constraints.EqualConstraintTests+DateTimeOffsetShouldBeSame" runstate="Runnable" seed="137574969" result="Passed" start-time="2017-02-21 11:04:45Z" end-time="2017-02-21 11:04:45Z" duration="0.000088" asserts="1" />
              <test-case id="0-3175" name="NegativeEqualityTest(01/30/2014 12:34:56 +06:15,01/30/2014 09:19:55 +03:50)" fullname="NUnit.Framework.Constraints.EqualConstraintTests+DateTimeOffsetShouldBeSame.NegativeEqualityTest(01/30/2014 12:34:56 +06:15,01/30/2014 09:19:55 +03:50)" methodname="NegativeEqualityTest" classname="NUnit.Framework.Constraints.EqualConstraintTests+DateTimeOffsetShouldBeSame" runstate="Runnable" seed="387542196" result="Passed" start-time="2017-02-21 11:04:45Z" end-time="2017-02-21 11:04:45Z" duration="0.000157" asserts="1" />
              <test-case id="0-3176" name="NegativeEqualityTest(01/30/2014 09:19:56 +03:00,01/30/2014 12:34:56 +06:15)" fullname="NUnit.Framework.Constraints.EqualConstraintTests+DateTimeOffsetShouldBeSame.NegativeEqualityTest(01/30/2014 09:19:56 +03:00,01/30/2014 12:34:56 +06:15)" methodname="NegativeEqualityTest" classname="NUnit.Framework.Constraints.EqualConstraintTests+DateTimeOffsetShouldBeSame" runstate="Runnable" seed="2096849352" result="Inconclusive" start-time="2017-02-21 11:04:45Z" end-time="2017-02-21 11:04:45Z" duration="0.000264" asserts="0">
                <reason>
                  <message><![CDATA[  Expected: True
  But was:  False
]]></message>
                </reason>
              </test-case>
              <test-case id="0-3177" name="NegativeEqualityTest(01/30/2014 09:19:56 +03:00,01/30/2014 09:19:56 +03:00)" fullname="NUnit.Framework.Constraints.EqualConstraintTests+DateTimeOffsetShouldBeSame.NegativeEqualityTest(01/30/2014 09:19:56 +03:00,01/30/2014 09:19:56 +03:00)" methodname="NegativeEqualityTest" classname="NUnit.Framework.Constraints.EqualConstraintTests+DateTimeOffsetShouldBeSame" runstate="Runnable" seed="786706310" result="Inconclusive" start-time="2017-02-21 11:04:45Z" end-time="2017-02-21 11:04:45Z" duration="0.000694" asserts="0">
                <reason>
                  <message><![CDATA[  Expected: True
  But was:  False
]]></message>
                </reason>
              </test-case>
              <test-case id="0-3178" name="NegativeEqualityTest(01/30/2014 09:19:56 +03:00,01/30/2014 09:19:56 +03:01)" fullname="NUnit.Framework.Constraints.EqualConstraintTests+DateTimeOffsetShouldBeSame.NegativeEqualityTest(01/30/2014 09:19:56 +03:00,01/30/2014 09:19:56 +03:01)" methodname="NegativeEqualityTest" classname="NUnit.Framework.Constraints.EqualConstraintTests+DateTimeOffsetShouldBeSame" runstate="Runnable" seed="700130292" result="Passed" start-time="2017-02-21 11:04:45Z" end-time="2017-02-21 11:04:45Z" duration="0.000060" asserts="1" />
              <test-case id="0-3179" name="NegativeEqualityTest(01/30/2014 09:19:56 +03:00,01/30/2014 09:19:55 +03:00)" fullname="NUnit.Framework.Constraints.EqualConstraintTests+DateTimeOffsetShouldBeSame.NegativeEqualityTest(01/30/2014 09:19:56 +03:00,01/30/2014 09:19:55 +03:00)" methodname="NegativeEqualityTest" classname="NUnit.Framework.Constraints.EqualConstraintTests+DateTimeOffsetShouldBeSame" runstate="Runnable" seed="205123384" result="Passed" start-time="2017-02-21 11:04:45Z" end-time="2017-02-21 11:04:45Z" duration="0.000069" asserts="1" />
              <test-case id="0-3180" name="NegativeEqualityTest(01/30/2014 09:19:56 +03:00,01/30/2014 09:19:55 +03:50)" fullname="NUnit.Framework.Constraints.EqualConstraintTests+DateTimeOffsetShouldBeSame.NegativeEqualityTest(01/30/2014 09:19:56 +03:00,01/30/2014 09:19:55 +03:50)" methodname="NegativeEqualityTest" classname="NUnit.Framework.Constraints.EqualConstraintTests+DateTimeOffsetShouldBeSame" runstate="Runnable" seed="869258581" result="Passed" start-time="2017-02-21 11:04:45Z" end-time="2017-02-21 11:04:45Z" duration="0.000070" asserts="1" />
              <test-case id="0-3181" name="NegativeEqualityTest(01/30/2014 09:19:56 +03:01,01/30/2014 12:34:56 +06:15)" fullname="NUnit.Framework.Constraints.EqualConstraintTests+DateTimeOffsetShouldBeSame.NegativeEqualityTest(01/30/2014 09:19:56 +03:01,01/30/2014 12:34:56 +06:15)" methodname="NegativeEqualityTest" classname="NUnit.Framework.Constraints.EqualConstraintTests+DateTimeOffsetShouldBeSame" runstate="Runnable" seed="737650979" result="Passed" start-time="2017-02-21 11:04:45Z" end-time="2017-02-21 11:04:45Z" duration="0.000052" asserts="1" />
              <test-case id="0-3182" name="NegativeEqualityTest(01/30/2014 09:19:56 +03:01,01/30/2014 09:19:56 +03:00)" fullname="NUnit.Framework.Constraints.EqualConstraintTests+DateTimeOffsetShouldBeSame.NegativeEqualityTest(01/30/2014 09:19:56 +03:01,01/30/2014 09:19:56 +03:00)" methodname="NegativeEqualityTest" classname="NUnit.Framework.Constraints.EqualConstraintTests+DateTimeOffsetShouldBeSame" runstate="Runnable" seed="2034125350" result="Passed" start-time="2017-02-21 11:04:45Z" end-time="2017-02-21 11:04:45Z" duration="0.000042" asserts="1" />
              <test-case id="0-3183" name="NegativeEqualityTest(01/30/2014 09:19:56 +03:01,01/30/2014 09:19:56 +03:01)" fullname="NUnit.Framework.Constraints.EqualConstraintTests+DateTimeOffsetShouldBeSame.NegativeEqualityTest(01/30/2014 09:19:56 +03:01,01/30/2014 09:19:56 +03:01)" methodname="NegativeEqualityTest" classname="NUnit.Framework.Constraints.EqualConstraintTests+DateTimeOffsetShouldBeSame" runstate="Runnable" seed="1777692871" result="Inconclusive" start-time="2017-02-21 11:04:45Z" end-time="2017-02-21 11:04:45Z" duration="0.000455" asserts="0">
                <reason>
                  <message><![CDATA[  Expected: True
  But was:  False
]]></message>
                </reason>
              </test-case>
              <test-case id="0-3184" name="NegativeEqualityTest(01/30/2014 09:19:56 +03:01,01/30/2014 09:19:55 +03:00)" fullname="NUnit.Framework.Constraints.EqualConstraintTests+DateTimeOffsetShouldBeSame.NegativeEqualityTest(01/30/2014 09:19:56 +03:01,01/30/2014 09:19:55 +03:00)" methodname="NegativeEqualityTest" classname="NUnit.Framework.Constraints.EqualConstraintTests+DateTimeOffsetShouldBeSame" runstate="Runnable" seed="1061701415" result="Passed" start-time="2017-02-21 11:04:45Z" end-time="2017-02-21 11:04:45Z" duration="0.000074" asserts="1" />
              <test-case id="0-3185" name="NegativeEqualityTest(01/30/2014 09:19:56 +03:01,01/30/2014 09:19:55 +03:50)" fullname="NUnit.Framework.Constraints.EqualConstraintTests+DateTimeOffsetShouldBeSame.NegativeEqualityTest(01/30/2014 09:19:56 +03:01,01/30/2014 09:19:55 +03:50)" methodname="NegativeEqualityTest" classname="NUnit.Framework.Constraints.EqualConstraintTests+DateTimeOffsetShouldBeSame" runstate="Runnable" seed="426586096" result="Passed" start-time="2017-02-21 11:04:45Z" end-time="2017-02-21 11:04:45Z" duration="0.000077" asserts="1" />
              <test-case id="0-3186" name="NegativeEqualityTest(01/30/2014 09:19:55 +03:00,01/30/2014 12:34:56 +06:15)" fullname="NUnit.Framework.Constraints.EqualConstraintTests+DateTimeOffsetShouldBeSame.NegativeEqualityTest(01/30/2014 09:19:55 +03:00,01/30/2014 12:34:56 +06:15)" methodname="NegativeEqualityTest" classname="NUnit.Framework.Constraints.EqualConstraintTests+DateTimeOffsetShouldBeSame" runstate="Runnable" seed="1370292286" result="Passed" start-time="2017-02-21 11:04:45Z" end-time="2017-02-21 11:04:45Z" duration="0.000084" asserts="1" />
              <test-case id="0-3187" name="NegativeEqualityTest(01/30/2014 09:19:55 +03:00,01/30/2014 09:19:56 +03:00)" fullname="NUnit.Framework.Constraints.EqualConstraintTests+DateTimeOffsetShouldBeSame.NegativeEqualityTest(01/30/2014 09:19:55 +03:00,01/30/2014 09:19:56 +03:00)" methodname="NegativeEqualityTest" classname="NUnit.Framework.Constraints.EqualConstraintTests+DateTimeOffsetShouldBeSame" runstate="Runnable" seed="961580879" result="Passed" start-time="2017-02-21 11:04:45Z" end-time="2017-02-21 11:04:45Z" duration="0.000038" asserts="1" />
              <test-case id="0-3188" name="NegativeEqualityTest(01/30/2014 09:19:55 +03:00,01/30/2014 09:19:56 +03:01)" fullname="NUnit.Framework.Constraints.EqualConstraintTests+DateTimeOffsetShouldBeSame.NegativeEqualityTest(01/30/2014 09:19:55 +03:00,01/30/2014 09:19:56 +03:01)" methodname="NegativeEqualityTest" classname="NUnit.Framework.Constraints.EqualConstraintTests+DateTimeOffsetShouldBeSame" runstate="Runnable" seed="239756779" result="Passed" start-time="2017-02-21 11:04:45Z" end-time="2017-02-21 11:04:45Z" duration="0.000158" asserts="1" />
              <test-case id="0-3189" name="NegativeEqualityTest(01/30/2014 09:19:55 +03:00,01/30/2014 09:19:55 +03:00)" fullname="NUnit.Framework.Constraints.EqualConstraintTests+DateTimeOffsetShouldBeSame.NegativeEqualityTest(01/30/2014 09:19:55 +03:00,01/30/2014 09:19:55 +03:00)" methodname="NegativeEqualityTest" classname="NUnit.Framework.Constraints.EqualConstraintTests+DateTimeOffsetShouldBeSame" runstate="Runnable" seed="602025367" result="Inconclusive" start-time="2017-02-21 11:04:45Z" end-time="2017-02-21 11:04:45Z" duration="0.000278" asserts="0">
                <reason>
                  <message><![CDATA[  Expected: True
  But was:  False
]]></message>
                </reason>
              </test-case>
              <test-case id="0-3190" name="NegativeEqualityTest(01/30/2014 09:19:55 +03:00,01/30/2014 09:19:55 +03:50)" fullname="NUnit.Framework.Constraints.EqualConstraintTests+DateTimeOffsetShouldBeSame.NegativeEqualityTest(01/30/2014 09:19:55 +03:00,01/30/2014 09:19:55 +03:50)" methodname="NegativeEqualityTest" classname="NUnit.Framework.Constraints.EqualConstraintTests+DateTimeOffsetShouldBeSame" runstate="Runnable" seed="540821204" result="Passed" start-time="2017-02-21 11:04:45Z" end-time="2017-02-21 11:04:45Z" duration="0.000158" asserts="1" />
              <test-case id="0-3191" name="NegativeEqualityTest(01/30/2014 09:19:55 +03:50,01/30/2014 12:34:56 +06:15)" fullname="NUnit.Framework.Constraints.EqualConstraintTests+DateTimeOffsetShouldBeSame.NegativeEqualityTest(01/30/2014 09:19:55 +03:50,01/30/2014 12:34:56 +06:15)" methodname="NegativeEqualityTest" classname="NUnit.Framework.Constraints.EqualConstraintTests+DateTimeOffsetShouldBeSame" runstate="Runnable" seed="2144597727" result="Passed" start-time="2017-02-21 11:04:45Z" end-time="2017-02-21 11:04:45Z" duration="0.000061" asserts="1" />
              <test-case id="0-3192" name="NegativeEqualityTest(01/30/2014 09:19:55 +03:50,01/30/2014 09:19:56 +03:00)" fullname="NUnit.Framework.Constraints.EqualConstraintTests+DateTimeOffsetShouldBeSame.NegativeEqualityTest(01/30/2014 09:19:55 +03:50,01/30/2014 09:19:56 +03:00)" methodname="NegativeEqualityTest" classname="NUnit.Framework.Constraints.EqualConstraintTests+DateTimeOffsetShouldBeSame" runstate="Runnable" seed="1396217612" result="Passed" start-time="2017-02-21 11:04:45Z" end-time="2017-02-21 11:04:45Z" duration="0.000417" asserts="1" />
              <test-case id="0-3193" name="NegativeEqualityTest(01/30/2014 09:19:55 +03:50,01/30/2014 09:19:56 +03:01)" fullname="NUnit.Framework.Constraints.EqualConstraintTests+DateTimeOffsetShouldBeSame.NegativeEqualityTest(01/30/2014 09:19:55 +03:50,01/30/2014 09:19:56 +03:01)" methodname="NegativeEqualityTest" classname="NUnit.Framework.Constraints.EqualConstraintTests+DateTimeOffsetShouldBeSame" runstate="Runnable" seed="90724917" result="Passed" start-time="2017-02-21 11:04:45Z" end-time="2017-02-21 11:04:45Z" duration="0.000200" asserts="1" />
              <test-case id="0-3194" name="NegativeEqualityTest(01/30/2014 09:19:55 +03:50,01/30/2014 09:19:55 +03:00)" fullname="NUnit.Framework.Constraints.EqualConstraintTests+DateTimeOffsetShouldBeSame.NegativeEqualityTest(01/30/2014 09:19:55 +03:50,01/30/2014 09:19:55 +03:00)" methodname="NegativeEqualityTest" classname="NUnit.Framework.Constraints.EqualConstraintTests+DateTimeOffsetShouldBeSame" runstate="Runnable" seed="1184391727" result="Passed" start-time="2017-02-21 11:04:45Z" end-time="2017-02-21 11:04:45Z" duration="0.000052" asserts="1" />
              <test-case id="0-3195" name="NegativeEqualityTest(01/30/2014 09:19:55 +03:50,01/30/2014 09:19:55 +03:50)" fullname="NUnit.Framework.Constraints.EqualConstraintTests+DateTimeOffsetShouldBeSame.NegativeEqualityTest(01/30/2014 09:19:55 +03:50,01/30/2014 09:19:55 +03:50)" methodname="NegativeEqualityTest" classname="NUnit.Framework.Constraints.EqualConstraintTests+DateTimeOffsetShouldBeSame" runstate="Runnable" seed="1586357267" result="Inconclusive" start-time="2017-02-21 11:04:45Z" end-time="2017-02-21 11:04:45Z" duration="0.000375" asserts="0">
                <reason>
                  <message><![CDATA[  Expected: True
  But was:  False
]]></message>
                </reason>
              </test-case>
            </test-suite>
            <test-suite type="Theory" id="0-3326" name="NegativeEqualityTestWithinToleranceAndWithSameOffset" fullname="NUnit.Framework.Constraints.EqualConstraintTests+DateTimeOffsetShouldBeSame.NegativeEqualityTestWithinToleranceAndWithSameOffset" classname="NUnit.Framework.Constraints.EqualConstraintTests+DateTimeOffsetShouldBeSame" runstate="Runnable" testcasecount="25" result="Passed" start-time="2017-02-21 11:04:45Z" end-time="2017-02-21 11:04:45Z" duration="0.072335" total="25" passed="10" failed="0" warnings="0" inconclusive="15" skipped="0" asserts="10">
              <properties>
                <property name="_JOINTYPE" value="Combinatorial" />
              </properties>
              <test-case id="0-3301" name="NegativeEqualityTestWithinToleranceAndWithSameOffset(01/30/2014 12:34:56 +06:15,01/30/2014 12:34:56 +06:15)" fullname="NUnit.Framework.Constraints.EqualConstraintTests+DateTimeOffsetShouldBeSame.NegativeEqualityTestWithinToleranceAndWithSameOffset(01/30/2014 12:34:56 +06:15,01/30/2014 12:34:56 +06:15)" methodname="NegativeEqualityTestWithinToleranceAndWithSameOffset" classname="NUnit.Framework.Constraints.EqualConstraintTests+DateTimeOffsetShouldBeSame" runstate="Runnable" seed="1171835181" result="Inconclusive" start-time="2017-02-21 11:04:45Z" end-time="2017-02-21 11:04:45Z" duration="0.000881" asserts="0">
                <reason>
                  <message><![CDATA[  Expected: True
  But was:  False
]]></message>
                </reason>
              </test-case>
              <test-case id="0-3302" name="NegativeEqualityTestWithinToleranceAndWithSameOffset(01/30/2014 12:34:56 +06:15,01/30/2014 09:19:56 +03:00)" fullname="NUnit.Framework.Constraints.EqualConstraintTests+DateTimeOffsetShouldBeSame.NegativeEqualityTestWithinToleranceAndWithSameOffset(01/30/2014 12:34:56 +06:15,01/30/2014 09:19:56 +03:00)" methodname="NegativeEqualityTestWithinToleranceAndWithSameOffset" classname="NUnit.Framework.Constraints.EqualConstraintTests+DateTimeOffsetShouldBeSame" runstate="Runnable" seed="1037668928" result="Passed" start-time="2017-02-21 11:04:45Z" end-time="2017-02-21 11:04:45Z" duration="0.000062" asserts="1" />
              <test-case id="0-3303" name="NegativeEqualityTestWithinToleranceAndWithSameOffset(01/30/2014 12:34:56 +06:15,01/30/2014 09:19:56 +03:01)" fullname="NUnit.Framework.Constraints.EqualConstraintTests+DateTimeOffsetShouldBeSame.NegativeEqualityTestWithinToleranceAndWithSameOffset(01/30/2014 12:34:56 +06:15,01/30/2014 09:19:56 +03:01)" methodname="NegativeEqualityTestWithinToleranceAndWithSameOffset" classname="NUnit.Framework.Constraints.EqualConstraintTests+DateTimeOffsetShouldBeSame" runstate="Runnable" seed="1692797533" result="Passed" start-time="2017-02-21 11:04:45Z" end-time="2017-02-21 11:04:45Z" duration="0.000183" asserts="1" />
              <test-case id="0-3304" name="NegativeEqualityTestWithinToleranceAndWithSameOffset(01/30/2014 12:34:56 +06:15,01/30/2014 09:19:55 +03:00)" fullname="NUnit.Framework.Constraints.EqualConstraintTests+DateTimeOffsetShouldBeSame.NegativeEqualityTestWithinToleranceAndWithSameOffset(01/30/2014 12:34:56 +06:15,01/30/2014 09:19:55 +03:00)" methodname="NegativeEqualityTestWithinToleranceAndWithSameOffset" classname="NUnit.Framework.Constraints.EqualConstraintTests+DateTimeOffsetShouldBeSame" runstate="Runnable" seed="828868319" result="Passed" start-time="2017-02-21 11:04:45Z" end-time="2017-02-21 11:04:45Z" duration="0.000043" asserts="1" />
              <test-case id="0-3305" name="NegativeEqualityTestWithinToleranceAndWithSameOffset(01/30/2014 12:34:56 +06:15,01/30/2014 09:19:55 +03:50)" fullname="NUnit.Framework.Constraints.EqualConstraintTests+DateTimeOffsetShouldBeSame.NegativeEqualityTestWithinToleranceAndWithSameOffset(01/30/2014 12:34:56 +06:15,01/30/2014 09:19:55 +03:50)" methodname="NegativeEqualityTestWithinToleranceAndWithSameOffset" classname="NUnit.Framework.Constraints.EqualConstraintTests+DateTimeOffsetShouldBeSame" runstate="Runnable" seed="1305001692" result="Inconclusive" start-time="2017-02-21 11:04:45Z" end-time="2017-02-21 11:04:45Z" duration="0.000647" asserts="0">
                <reason>
                  <message><![CDATA[  Expected: True
  But was:  False
]]></message>
                </reason>
              </test-case>
              <test-case id="0-3306" name="NegativeEqualityTestWithinToleranceAndWithSameOffset(01/30/2014 09:19:56 +03:00,01/30/2014 12:34:56 +06:15)" fullname="NUnit.Framework.Constraints.EqualConstraintTests+DateTimeOffsetShouldBeSame.NegativeEqualityTestWithinToleranceAndWithSameOffset(01/30/2014 09:19:56 +03:00,01/30/2014 12:34:56 +06:15)" methodname="NegativeEqualityTestWithinToleranceAndWithSameOffset" classname="NUnit.Framework.Constraints.EqualConstraintTests+DateTimeOffsetShouldBeSame" runstate="Runnable" seed="939090695" result="Passed" start-time="2017-02-21 11:04:45Z" end-time="2017-02-21 11:04:45Z" duration="0.000328" asserts="1" />
              <test-case id="0-3307" name="NegativeEqualityTestWithinToleranceAndWithSameOffset(01/30/2014 09:19:56 +03:00,01/30/2014 09:19:56 +03:00)" fullname="NUnit.Framework.Constraints.EqualConstraintTests+DateTimeOffsetShouldBeSame.NegativeEqualityTestWithinToleranceAndWithSameOffset(01/30/2014 09:19:56 +03:00,01/30/2014 09:19:56 +03:00)" methodname="NegativeEqualityTestWithinToleranceAndWithSameOffset" classname="NUnit.Framework.Constraints.EqualConstraintTests+DateTimeOffsetShouldBeSame" runstate="Runnable" seed="1966187091" result="Inconclusive" start-time="2017-02-21 11:04:45Z" end-time="2017-02-21 11:04:45Z" duration="0.000530" asserts="0">
                <reason>
                  <message><![CDATA[  Expected: True
  But was:  False
]]></message>
                </reason>
              </test-case>
              <test-case id="0-3308" name="NegativeEqualityTestWithinToleranceAndWithSameOffset(01/30/2014 09:19:56 +03:00,01/30/2014 09:19:56 +03:01)" fullname="NUnit.Framework.Constraints.EqualConstraintTests+DateTimeOffsetShouldBeSame.NegativeEqualityTestWithinToleranceAndWithSameOffset(01/30/2014 09:19:56 +03:00,01/30/2014 09:19:56 +03:01)" methodname="NegativeEqualityTestWithinToleranceAndWithSameOffset" classname="NUnit.Framework.Constraints.EqualConstraintTests+DateTimeOffsetShouldBeSame" runstate="Runnable" seed="2122393670" result="Passed" start-time="2017-02-21 11:04:45Z" end-time="2017-02-21 11:04:45Z" duration="0.000059" asserts="1" />
              <test-case id="0-3309" name="NegativeEqualityTestWithinToleranceAndWithSameOffset(01/30/2014 09:19:56 +03:00,01/30/2014 09:19:55 +03:00)" fullname="NUnit.Framework.Constraints.EqualConstraintTests+DateTimeOffsetShouldBeSame.NegativeEqualityTestWithinToleranceAndWithSameOffset(01/30/2014 09:19:56 +03:00,01/30/2014 09:19:55 +03:00)" methodname="NegativeEqualityTestWithinToleranceAndWithSameOffset" classname="NUnit.Framework.Constraints.EqualConstraintTests+DateTimeOffsetShouldBeSame" runstate="Runnable" seed="1290040976" result="Inconclusive" start-time="2017-02-21 11:04:45Z" end-time="2017-02-21 11:04:45Z" duration="0.000430" asserts="0">
                <reason>
                  <message><![CDATA[  Expected: True
  But was:  False
]]></message>
                </reason>
              </test-case>
              <test-case id="0-3310" name="NegativeEqualityTestWithinToleranceAndWithSameOffset(01/30/2014 09:19:56 +03:00,01/30/2014 09:19:55 +03:50)" fullname="NUnit.Framework.Constraints.EqualConstraintTests+DateTimeOffsetShouldBeSame.NegativeEqualityTestWithinToleranceAndWithSameOffset(01/30/2014 09:19:56 +03:00,01/30/2014 09:19:55 +03:50)" methodname="NegativeEqualityTestWithinToleranceAndWithSameOffset" classname="NUnit.Framework.Constraints.EqualConstraintTests+DateTimeOffsetShouldBeSame" runstate="Runnable" seed="346768522" result="Inconclusive" start-time="2017-02-21 11:04:45Z" end-time="2017-02-21 11:04:45Z" duration="0.000369" asserts="0">
                <reason>
                  <message><![CDATA[  Expected: True
  But was:  False
]]></message>
                </reason>
              </test-case>
              <test-case id="0-3311" name="NegativeEqualityTestWithinToleranceAndWithSameOffset(01/30/2014 09:19:56 +03:01,01/30/2014 12:34:56 +06:15)" fullname="NUnit.Framework.Constraints.EqualConstraintTests+DateTimeOffsetShouldBeSame.NegativeEqualityTestWithinToleranceAndWithSameOffset(01/30/2014 09:19:56 +03:01,01/30/2014 12:34:56 +06:15)" methodname="NegativeEqualityTestWithinToleranceAndWithSameOffset" classname="NUnit.Framework.Constraints.EqualConstraintTests+DateTimeOffsetShouldBeSame" runstate="Runnable" seed="992391319" result="Passed" start-time="2017-02-21 11:04:45Z" end-time="2017-02-21 11:04:45Z" duration="0.000051" asserts="1" />
              <test-case id="0-3312" name="NegativeEqualityTestWithinToleranceAndWithSameOffset(01/30/2014 09:19:56 +03:01,01/30/2014 09:19:56 +03:00)" fullname="NUnit.Framework.Constraints.EqualConstraintTests+DateTimeOffsetShouldBeSame.NegativeEqualityTestWithinToleranceAndWithSameOffset(01/30/2014 09:19:56 +03:01,01/30/2014 09:19:56 +03:00)" methodname="NegativeEqualityTestWithinToleranceAndWithSameOffset" classname="NUnit.Framework.Constraints.EqualConstraintTests+DateTimeOffsetShouldBeSame" runstate="Runnable" seed="960205009" result="Passed" start-time="2017-02-21 11:04:45Z" end-time="2017-02-21 11:04:45Z" duration="0.000124" asserts="1" />
              <test-case id="0-3313" name="NegativeEqualityTestWithinToleranceAndWithSameOffset(01/30/2014 09:19:56 +03:01,01/30/2014 09:19:56 +03:01)" fullname="NUnit.Framework.Constraints.EqualConstraintTests+DateTimeOffsetShouldBeSame.NegativeEqualityTestWithinToleranceAndWithSameOffset(01/30/2014 09:19:56 +03:01,01/30/2014 09:19:56 +03:01)" methodname="NegativeEqualityTestWithinToleranceAndWithSameOffset" classname="NUnit.Framework.Constraints.EqualConstraintTests+DateTimeOffsetShouldBeSame" runstate="Runnable" seed="97779788" result="Inconclusive" start-time="2017-02-21 11:04:45Z" end-time="2017-02-21 11:04:45Z" duration="0.000273" asserts="0">
                <reason>
                  <message><![CDATA[  Expected: True
  But was:  False
]]></message>
                </reason>
              </test-case>
              <test-case id="0-3314" name="NegativeEqualityTestWithinToleranceAndWithSameOffset(01/30/2014 09:19:56 +03:01,01/30/2014 09:19:55 +03:00)" fullname="NUnit.Framework.Constraints.EqualConstraintTests+DateTimeOffsetShouldBeSame.NegativeEqualityTestWithinToleranceAndWithSameOffset(01/30/2014 09:19:56 +03:01,01/30/2014 09:19:55 +03:00)" methodname="NegativeEqualityTestWithinToleranceAndWithSameOffset" classname="NUnit.Framework.Constraints.EqualConstraintTests+DateTimeOffsetShouldBeSame" runstate="Runnable" seed="1166529178" result="Passed" start-time="2017-02-21 11:04:45Z" end-time="2017-02-21 11:04:45Z" duration="0.000072" asserts="1" />
              <test-case id="0-3315" name="NegativeEqualityTestWithinToleranceAndWithSameOffset(01/30/2014 09:19:56 +03:01,01/30/2014 09:19:55 +03:50)" fullname="NUnit.Framework.Constraints.EqualConstraintTests+DateTimeOffsetShouldBeSame.NegativeEqualityTestWithinToleranceAndWithSameOffset(01/30/2014 09:19:56 +03:01,01/30/2014 09:19:55 +03:50)" methodname="NegativeEqualityTestWithinToleranceAndWithSameOffset" classname="NUnit.Framework.Constraints.EqualConstraintTests+DateTimeOffsetShouldBeSame" runstate="Runnable" seed="1072469455" result="Inconclusive" start-time="2017-02-21 11:04:45Z" end-time="2017-02-21 11:04:45Z" duration="0.000330" asserts="0">
                <reason>
                  <message><![CDATA[  Expected: True
  But was:  False
]]></message>
                </reason>
              </test-case>
              <test-case id="0-3316" name="NegativeEqualityTestWithinToleranceAndWithSameOffset(01/30/2014 09:19:55 +03:00,01/30/2014 12:34:56 +06:15)" fullname="NUnit.Framework.Constraints.EqualConstraintTests+DateTimeOffsetShouldBeSame.NegativeEqualityTestWithinToleranceAndWithSameOffset(01/30/2014 09:19:55 +03:00,01/30/2014 12:34:56 +06:15)" methodname="NegativeEqualityTestWithinToleranceAndWithSameOffset" classname="NUnit.Framework.Constraints.EqualConstraintTests+DateTimeOffsetShouldBeSame" runstate="Runnable" seed="719077270" result="Passed" start-time="2017-02-21 11:04:45Z" end-time="2017-02-21 11:04:45Z" duration="0.000074" asserts="1" />
              <test-case id="0-3317" name="NegativeEqualityTestWithinToleranceAndWithSameOffset(01/30/2014 09:19:55 +03:00,01/30/2014 09:19:56 +03:00)" fullname="NUnit.Framework.Constraints.EqualConstraintTests+DateTimeOffsetShouldBeSame.NegativeEqualityTestWithinToleranceAndWithSameOffset(01/30/2014 09:19:55 +03:00,01/30/2014 09:19:56 +03:00)" methodname="NegativeEqualityTestWithinToleranceAndWithSameOffset" classname="NUnit.Framework.Constraints.EqualConstraintTests+DateTimeOffsetShouldBeSame" runstate="Runnable" seed="1131629321" result="Inconclusive" start-time="2017-02-21 11:04:45Z" end-time="2017-02-21 11:04:45Z" duration="0.000344" asserts="0">
                <reason>
                  <message><![CDATA[  Expected: True
  But was:  False
]]></message>
                </reason>
              </test-case>
              <test-case id="0-3318" name="NegativeEqualityTestWithinToleranceAndWithSameOffset(01/30/2014 09:19:55 +03:00,01/30/2014 09:19:56 +03:01)" fullname="NUnit.Framework.Constraints.EqualConstraintTests+DateTimeOffsetShouldBeSame.NegativeEqualityTestWithinToleranceAndWithSameOffset(01/30/2014 09:19:55 +03:00,01/30/2014 09:19:56 +03:01)" methodname="NegativeEqualityTestWithinToleranceAndWithSameOffset" classname="NUnit.Framework.Constraints.EqualConstraintTests+DateTimeOffsetShouldBeSame" runstate="Runnable" seed="1135975451" result="Passed" start-time="2017-02-21 11:04:45Z" end-time="2017-02-21 11:04:45Z" duration="0.000063" asserts="1" />
              <test-case id="0-3319" name="NegativeEqualityTestWithinToleranceAndWithSameOffset(01/30/2014 09:19:55 +03:00,01/30/2014 09:19:55 +03:00)" fullname="NUnit.Framework.Constraints.EqualConstraintTests+DateTimeOffsetShouldBeSame.NegativeEqualityTestWithinToleranceAndWithSameOffset(01/30/2014 09:19:55 +03:00,01/30/2014 09:19:55 +03:00)" methodname="NegativeEqualityTestWithinToleranceAndWithSameOffset" classname="NUnit.Framework.Constraints.EqualConstraintTests+DateTimeOffsetShouldBeSame" runstate="Runnable" seed="1149821074" result="Inconclusive" start-time="2017-02-21 11:04:45Z" end-time="2017-02-21 11:04:45Z" duration="0.002522" asserts="0">
                <reason>
                  <message><![CDATA[  Expected: True
  But was:  False
]]></message>
                </reason>
              </test-case>
              <test-case id="0-3320" name="NegativeEqualityTestWithinToleranceAndWithSameOffset(01/30/2014 09:19:55 +03:00,01/30/2014 09:19:55 +03:50)" fullname="NUnit.Framework.Constraints.EqualConstraintTests+DateTimeOffsetShouldBeSame.NegativeEqualityTestWithinToleranceAndWithSameOffset(01/30/2014 09:19:55 +03:00,01/30/2014 09:19:55 +03:50)" methodname="NegativeEqualityTestWithinToleranceAndWithSameOffset" classname="NUnit.Framework.Constraints.EqualConstraintTests+DateTimeOffsetShouldBeSame" runstate="Runnable" seed="1694109484" result="Inconclusive" start-time="2017-02-21 11:04:45Z" end-time="2017-02-21 11:04:45Z" duration="0.000497" asserts="0">
                <reason>
                  <message><![CDATA[  Expected: True
  But was:  False
]]></message>
                </reason>
              </test-case>
              <test-case id="0-3321" name="NegativeEqualityTestWithinToleranceAndWithSameOffset(01/30/2014 09:19:55 +03:50,01/30/2014 12:34:56 +06:15)" fullname="NUnit.Framework.Constraints.EqualConstraintTests+DateTimeOffsetShouldBeSame.NegativeEqualityTestWithinToleranceAndWithSameOffset(01/30/2014 09:19:55 +03:50,01/30/2014 12:34:56 +06:15)" methodname="NegativeEqualityTestWithinToleranceAndWithSameOffset" classname="NUnit.Framework.Constraints.EqualConstraintTests+DateTimeOffsetShouldBeSame" runstate="Runnable" seed="1372836685" result="Inconclusive" start-time="2017-02-21 11:04:45Z" end-time="2017-02-21 11:04:45Z" duration="0.000450" asserts="0">
                <reason>
                  <message><![CDATA[  Expected: True
  But was:  False
]]></message>
                </reason>
              </test-case>
              <test-case id="0-3322" name="NegativeEqualityTestWithinToleranceAndWithSameOffset(01/30/2014 09:19:55 +03:50,01/30/2014 09:19:56 +03:00)" fullname="NUnit.Framework.Constraints.EqualConstraintTests+DateTimeOffsetShouldBeSame.NegativeEqualityTestWithinToleranceAndWithSameOffset(01/30/2014 09:19:55 +03:50,01/30/2014 09:19:56 +03:00)" methodname="NegativeEqualityTestWithinToleranceAndWithSameOffset" classname="NUnit.Framework.Constraints.EqualConstraintTests+DateTimeOffsetShouldBeSame" runstate="Runnable" seed="417041919" result="Inconclusive" start-time="2017-02-21 11:04:45Z" end-time="2017-02-21 11:04:45Z" duration="0.000359" asserts="0">
                <reason>
                  <message><![CDATA[  Expected: True
  But was:  False
]]></message>
                </reason>
              </test-case>
              <test-case id="0-3323" name="NegativeEqualityTestWithinToleranceAndWithSameOffset(01/30/2014 09:19:55 +03:50,01/30/2014 09:19:56 +03:01)" fullname="NUnit.Framework.Constraints.EqualConstraintTests+DateTimeOffsetShouldBeSame.NegativeEqualityTestWithinToleranceAndWithSameOffset(01/30/2014 09:19:55 +03:50,01/30/2014 09:19:56 +03:01)" methodname="NegativeEqualityTestWithinToleranceAndWithSameOffset" classname="NUnit.Framework.Constraints.EqualConstraintTests+DateTimeOffsetShouldBeSame" runstate="Runnable" seed="1418376716" result="Inconclusive" start-time="2017-02-21 11:04:45Z" end-time="2017-02-21 11:04:45Z" duration="0.000387" asserts="0">
                <reason>
                  <message><![CDATA[  Expected: True
  But was:  False
]]></message>
                </reason>
              </test-case>
              <test-case id="0-3324" name="NegativeEqualityTestWithinToleranceAndWithSameOffset(01/30/2014 09:19:55 +03:50,01/30/2014 09:19:55 +03:00)" fullname="NUnit.Framework.Constraints.EqualConstraintTests+DateTimeOffsetShouldBeSame.NegativeEqualityTestWithinToleranceAndWithSameOffset(01/30/2014 09:19:55 +03:50,01/30/2014 09:19:55 +03:00)" methodname="NegativeEqualityTestWithinToleranceAndWithSameOffset" classname="NUnit.Framework.Constraints.EqualConstraintTests+DateTimeOffsetShouldBeSame" runstate="Runnable" seed="1456451603" result="Inconclusive" start-time="2017-02-21 11:04:45Z" end-time="2017-02-21 11:04:45Z" duration="0.000482" asserts="0">
                <reason>
                  <message><![CDATA[  Expected: True
  But was:  False
]]></message>
                </reason>
              </test-case>
              <test-case id="0-3325" name="NegativeEqualityTestWithinToleranceAndWithSameOffset(01/30/2014 09:19:55 +03:50,01/30/2014 09:19:55 +03:50)" fullname="NUnit.Framework.Constraints.EqualConstraintTests+DateTimeOffsetShouldBeSame.NegativeEqualityTestWithinToleranceAndWithSameOffset(01/30/2014 09:19:55 +03:50,01/30/2014 09:19:55 +03:50)" methodname="NegativeEqualityTestWithinToleranceAndWithSameOffset" classname="NUnit.Framework.Constraints.EqualConstraintTests+DateTimeOffsetShouldBeSame" runstate="Runnable" seed="212221360" result="Inconclusive" start-time="2017-02-21 11:04:45Z" end-time="2017-02-21 11:04:45Z" duration="0.000781" asserts="0">
                <reason>
                  <message><![CDATA[  Expected: True
  But was:  False
]]></message>
                </reason>
              </test-case>
            </test-suite>
            <test-suite type="Theory" id="0-3248" name="NegativeEqualityTestWithTolerance" fullname="NUnit.Framework.Constraints.EqualConstraintTests+DateTimeOffsetShouldBeSame.NegativeEqualityTestWithTolerance" classname="NUnit.Framework.Constraints.EqualConstraintTests+DateTimeOffsetShouldBeSame" runstate="Runnable" testcasecount="25" result="Passed" start-time="2017-02-21 11:04:45Z" end-time="2017-02-21 11:04:46Z" duration="0.082355" total="25" passed="8" failed="0" warnings="0" inconclusive="17" skipped="0" asserts="8">
              <properties>
                <property name="_JOINTYPE" value="Combinatorial" />
              </properties>
              <test-case id="0-3223" name="NegativeEqualityTestWithTolerance(01/30/2014 12:34:56 +06:15,01/30/2014 12:34:56 +06:15)" fullname="NUnit.Framework.Constraints.EqualConstraintTests+DateTimeOffsetShouldBeSame.NegativeEqualityTestWithTolerance(01/30/2014 12:34:56 +06:15,01/30/2014 12:34:56 +06:15)" methodname="NegativeEqualityTestWithTolerance" classname="NUnit.Framework.Constraints.EqualConstraintTests+DateTimeOffsetShouldBeSame" runstate="Runnable" seed="505822325" result="Inconclusive" start-time="2017-02-21 11:04:45Z" end-time="2017-02-21 11:04:45Z" duration="0.000546" asserts="0">
                <reason>
                  <message><![CDATA[  Expected: True
  But was:  False
]]></message>
                </reason>
              </test-case>
              <test-case id="0-3224" name="NegativeEqualityTestWithTolerance(01/30/2014 12:34:56 +06:15,01/30/2014 09:19:56 +03:00)" fullname="NUnit.Framework.Constraints.EqualConstraintTests+DateTimeOffsetShouldBeSame.NegativeEqualityTestWithTolerance(01/30/2014 12:34:56 +06:15,01/30/2014 09:19:56 +03:00)" methodname="NegativeEqualityTestWithTolerance" classname="NUnit.Framework.Constraints.EqualConstraintTests+DateTimeOffsetShouldBeSame" runstate="Runnable" seed="1862710345" result="Inconclusive" start-time="2017-02-21 11:04:45Z" end-time="2017-02-21 11:04:45Z" duration="0.000621" asserts="0">
                <reason>
                  <message><![CDATA[  Expected: True
  But was:  False
]]></message>
                </reason>
              </test-case>
              <test-case id="0-3225" name="NegativeEqualityTestWithTolerance(01/30/2014 12:34:56 +06:15,01/30/2014 09:19:56 +03:01)" fullname="NUnit.Framework.Constraints.EqualConstraintTests+DateTimeOffsetShouldBeSame.NegativeEqualityTestWithTolerance(01/30/2014 12:34:56 +06:15,01/30/2014 09:19:56 +03:01)" methodname="NegativeEqualityTestWithTolerance" classname="NUnit.Framework.Constraints.EqualConstraintTests+DateTimeOffsetShouldBeSame" runstate="Runnable" seed="1451615813" result="Inconclusive" start-time="2017-02-21 11:04:45Z" end-time="2017-02-21 11:04:45Z" duration="0.000444" asserts="0">
                <reason>
                  <message><![CDATA[  Expected: True
  But was:  False
]]></message>
                </reason>
              </test-case>
              <test-case id="0-3226" name="NegativeEqualityTestWithTolerance(01/30/2014 12:34:56 +06:15,01/30/2014 09:19:55 +03:00)" fullname="NUnit.Framework.Constraints.EqualConstraintTests+DateTimeOffsetShouldBeSame.NegativeEqualityTestWithTolerance(01/30/2014 12:34:56 +06:15,01/30/2014 09:19:55 +03:00)" methodname="NegativeEqualityTestWithTolerance" classname="NUnit.Framework.Constraints.EqualConstraintTests+DateTimeOffsetShouldBeSame" runstate="Runnable" seed="1527048825" result="Inconclusive" start-time="2017-02-21 11:04:45Z" end-time="2017-02-21 11:04:45Z" duration="0.000380" asserts="0">
                <reason>
                  <message><![CDATA[  Expected: True
  But was:  False
]]></message>
                </reason>
              </test-case>
              <test-case id="0-3227" name="NegativeEqualityTestWithTolerance(01/30/2014 12:34:56 +06:15,01/30/2014 09:19:55 +03:50)" fullname="NUnit.Framework.Constraints.EqualConstraintTests+DateTimeOffsetShouldBeSame.NegativeEqualityTestWithTolerance(01/30/2014 12:34:56 +06:15,01/30/2014 09:19:55 +03:50)" methodname="NegativeEqualityTestWithTolerance" classname="NUnit.Framework.Constraints.EqualConstraintTests+DateTimeOffsetShouldBeSame" runstate="Runnable" seed="629199723" result="Passed" start-time="2017-02-21 11:04:45Z" end-time="2017-02-21 11:04:45Z" duration="0.000065" asserts="1" />
              <test-case id="0-3228" name="NegativeEqualityTestWithTolerance(01/30/2014 09:19:56 +03:00,01/30/2014 12:34:56 +06:15)" fullname="NUnit.Framework.Constraints.EqualConstraintTests+DateTimeOffsetShouldBeSame.NegativeEqualityTestWithTolerance(01/30/2014 09:19:56 +03:00,01/30/2014 12:34:56 +06:15)" methodname="NegativeEqualityTestWithTolerance" classname="NUnit.Framework.Constraints.EqualConstraintTests+DateTimeOffsetShouldBeSame" runstate="Runnable" seed="1260571583" result="Inconclusive" start-time="2017-02-21 11:04:45Z" end-time="2017-02-21 11:04:45Z" duration="0.000359" asserts="0">
                <reason>
                  <message><![CDATA[  Expected: True
  But was:  False
]]></message>
                </reason>
              </test-case>
              <test-case id="0-3229" name="NegativeEqualityTestWithTolerance(01/30/2014 09:19:56 +03:00,01/30/2014 09:19:56 +03:00)" fullname="NUnit.Framework.Constraints.EqualConstraintTests+DateTimeOffsetShouldBeSame.NegativeEqualityTestWithTolerance(01/30/2014 09:19:56 +03:00,01/30/2014 09:19:56 +03:00)" methodname="NegativeEqualityTestWithTolerance" classname="NUnit.Framework.Constraints.EqualConstraintTests+DateTimeOffsetShouldBeSame" runstate="Runnable" seed="1953295396" result="Inconclusive" start-time="2017-02-21 11:04:45Z" end-time="2017-02-21 11:04:45Z" duration="0.000932" asserts="0">
                <reason>
                  <message><![CDATA[  Expected: True
  But was:  False
]]></message>
                </reason>
              </test-case>
              <test-case id="0-3230" name="NegativeEqualityTestWithTolerance(01/30/2014 09:19:56 +03:00,01/30/2014 09:19:56 +03:01)" fullname="NUnit.Framework.Constraints.EqualConstraintTests+DateTimeOffsetShouldBeSame.NegativeEqualityTestWithTolerance(01/30/2014 09:19:56 +03:00,01/30/2014 09:19:56 +03:01)" methodname="NegativeEqualityTestWithTolerance" classname="NUnit.Framework.Constraints.EqualConstraintTests+DateTimeOffsetShouldBeSame" runstate="Runnable" seed="204037875" result="Inconclusive" start-time="2017-02-21 11:04:45Z" end-time="2017-02-21 11:04:45Z" duration="0.000286" asserts="0">
                <reason>
                  <message><![CDATA[  Expected: True
  But was:  False
]]></message>
                </reason>
              </test-case>
              <test-case id="0-3231" name="NegativeEqualityTestWithTolerance(01/30/2014 09:19:56 +03:00,01/30/2014 09:19:55 +03:00)" fullname="NUnit.Framework.Constraints.EqualConstraintTests+DateTimeOffsetShouldBeSame.NegativeEqualityTestWithTolerance(01/30/2014 09:19:56 +03:00,01/30/2014 09:19:55 +03:00)" methodname="NegativeEqualityTestWithTolerance" classname="NUnit.Framework.Constraints.EqualConstraintTests+DateTimeOffsetShouldBeSame" runstate="Runnable" seed="1246837725" result="Inconclusive" start-time="2017-02-21 11:04:45Z" end-time="2017-02-21 11:04:45Z" duration="0.000419" asserts="0">
                <reason>
                  <message><![CDATA[  Expected: True
  But was:  False
]]></message>
                </reason>
              </test-case>
              <test-case id="0-3232" name="NegativeEqualityTestWithTolerance(01/30/2014 09:19:56 +03:00,01/30/2014 09:19:55 +03:50)" fullname="NUnit.Framework.Constraints.EqualConstraintTests+DateTimeOffsetShouldBeSame.NegativeEqualityTestWithTolerance(01/30/2014 09:19:56 +03:00,01/30/2014 09:19:55 +03:50)" methodname="NegativeEqualityTestWithTolerance" classname="NUnit.Framework.Constraints.EqualConstraintTests+DateTimeOffsetShouldBeSame" runstate="Runnable" seed="4201964" result="Passed" start-time="2017-02-21 11:04:45Z" end-time="2017-02-21 11:04:45Z" duration="0.000039" asserts="1" />
              <test-case id="0-3233" name="NegativeEqualityTestWithTolerance(01/30/2014 09:19:56 +03:01,01/30/2014 12:34:56 +06:15)" fullname="NUnit.Framework.Constraints.EqualConstraintTests+DateTimeOffsetShouldBeSame.NegativeEqualityTestWithTolerance(01/30/2014 09:19:56 +03:01,01/30/2014 12:34:56 +06:15)" methodname="NegativeEqualityTestWithTolerance" classname="NUnit.Framework.Constraints.EqualConstraintTests+DateTimeOffsetShouldBeSame" runstate="Runnable" seed="700311464" result="Inconclusive" start-time="2017-02-21 11:04:45Z" end-time="2017-02-21 11:04:45Z" duration="0.003023" asserts="0">
                <reason>
                  <message><![CDATA[  Expected: True
  But was:  False
]]></message>
                </reason>
              </test-case>
              <test-case id="0-3234" name="NegativeEqualityTestWithTolerance(01/30/2014 09:19:56 +03:01,01/30/2014 09:19:56 +03:00)" fullname="NUnit.Framework.Constraints.EqualConstraintTests+DateTimeOffsetShouldBeSame.NegativeEqualityTestWithTolerance(01/30/2014 09:19:56 +03:01,01/30/2014 09:19:56 +03:00)" methodname="NegativeEqualityTestWithTolerance" classname="NUnit.Framework.Constraints.EqualConstraintTests+DateTimeOffsetShouldBeSame" runstate="Runnable" seed="1480595584" result="Inconclusive" start-time="2017-02-21 11:04:45Z" end-time="2017-02-21 11:04:45Z" duration="0.000272" asserts="0">
                <reason>
                  <message><![CDATA[  Expected: True
  But was:  False
]]></message>
                </reason>
              </test-case>
              <test-case id="0-3235" name="NegativeEqualityTestWithTolerance(01/30/2014 09:19:56 +03:01,01/30/2014 09:19:56 +03:01)" fullname="NUnit.Framework.Constraints.EqualConstraintTests+DateTimeOffsetShouldBeSame.NegativeEqualityTestWithTolerance(01/30/2014 09:19:56 +03:01,01/30/2014 09:19:56 +03:01)" methodname="NegativeEqualityTestWithTolerance" classname="NUnit.Framework.Constraints.EqualConstraintTests+DateTimeOffsetShouldBeSame" runstate="Runnable" seed="2112723862" result="Inconclusive" start-time="2017-02-21 11:04:45Z" end-time="2017-02-21 11:04:46Z" duration="0.000410" asserts="0">
                <reason>
                  <message><![CDATA[  Expected: True
  But was:  False
]]></message>
                </reason>
              </test-case>
              <test-case id="0-3236" name="NegativeEqualityTestWithTolerance(01/30/2014 09:19:56 +03:01,01/30/2014 09:19:55 +03:00)" fullname="NUnit.Framework.Constraints.EqualConstraintTests+DateTimeOffsetShouldBeSame.NegativeEqualityTestWithTolerance(01/30/2014 09:19:56 +03:01,01/30/2014 09:19:55 +03:00)" methodname="NegativeEqualityTestWithTolerance" classname="NUnit.Framework.Constraints.EqualConstraintTests+DateTimeOffsetShouldBeSame" runstate="Runnable" seed="1475979704" result="Inconclusive" start-time="2017-02-21 11:04:46Z" end-time="2017-02-21 11:04:46Z" duration="0.000281" asserts="0">
                <reason>
                  <message><![CDATA[  Expected: True
  But was:  False
]]></message>
                </reason>
              </test-case>
              <test-case id="0-3237" name="NegativeEqualityTestWithTolerance(01/30/2014 09:19:56 +03:01,01/30/2014 09:19:55 +03:50)" fullname="NUnit.Framework.Constraints.EqualConstraintTests+DateTimeOffsetShouldBeSame.NegativeEqualityTestWithTolerance(01/30/2014 09:19:56 +03:01,01/30/2014 09:19:55 +03:50)" methodname="NegativeEqualityTestWithTolerance" classname="NUnit.Framework.Constraints.EqualConstraintTests+DateTimeOffsetShouldBeSame" runstate="Runnable" seed="1585905164" result="Passed" start-time="2017-02-21 11:04:46Z" end-time="2017-02-21 11:04:46Z" duration="0.000044" asserts="1" />
              <test-case id="0-3238" name="NegativeEqualityTestWithTolerance(01/30/2014 09:19:55 +03:00,01/30/2014 12:34:56 +06:15)" fullname="NUnit.Framework.Constraints.EqualConstraintTests+DateTimeOffsetShouldBeSame.NegativeEqualityTestWithTolerance(01/30/2014 09:19:55 +03:00,01/30/2014 12:34:56 +06:15)" methodname="NegativeEqualityTestWithTolerance" classname="NUnit.Framework.Constraints.EqualConstraintTests+DateTimeOffsetShouldBeSame" runstate="Runnable" seed="1079681035" result="Inconclusive" start-time="2017-02-21 11:04:46Z" end-time="2017-02-21 11:04:46Z" duration="0.000334" asserts="0">
                <reason>
                  <message><![CDATA[  Expected: True
  But was:  False
]]></message>
                </reason>
              </test-case>
              <test-case id="0-3239" name="NegativeEqualityTestWithTolerance(01/30/2014 09:19:55 +03:00,01/30/2014 09:19:56 +03:00)" fullname="NUnit.Framework.Constraints.EqualConstraintTests+DateTimeOffsetShouldBeSame.NegativeEqualityTestWithTolerance(01/30/2014 09:19:55 +03:00,01/30/2014 09:19:56 +03:00)" methodname="NegativeEqualityTestWithTolerance" classname="NUnit.Framework.Constraints.EqualConstraintTests+DateTimeOffsetShouldBeSame" runstate="Runnable" seed="865711225" result="Inconclusive" start-time="2017-02-21 11:04:46Z" end-time="2017-02-21 11:04:46Z" duration="0.000355" asserts="0">
                <reason>
                  <message><![CDATA[  Expected: True
  But was:  False
]]></message>
                </reason>
              </test-case>
              <test-case id="0-3240" name="NegativeEqualityTestWithTolerance(01/30/2014 09:19:55 +03:00,01/30/2014 09:19:56 +03:01)" fullname="NUnit.Framework.Constraints.EqualConstraintTests+DateTimeOffsetShouldBeSame.NegativeEqualityTestWithTolerance(01/30/2014 09:19:55 +03:00,01/30/2014 09:19:56 +03:01)" methodname="NegativeEqualityTestWithTolerance" classname="NUnit.Framework.Constraints.EqualConstraintTests+DateTimeOffsetShouldBeSame" runstate="Runnable" seed="2121525365" result="Inconclusive" start-time="2017-02-21 11:04:46Z" end-time="2017-02-21 11:04:46Z" duration="0.000733" asserts="0">
                <reason>
                  <message><![CDATA[  Expected: True
  But was:  False
]]></message>
                </reason>
              </test-case>
              <test-case id="0-3241" name="NegativeEqualityTestWithTolerance(01/30/2014 09:19:55 +03:00,01/30/2014 09:19:55 +03:00)" fullname="NUnit.Framework.Constraints.EqualConstraintTests+DateTimeOffsetShouldBeSame.NegativeEqualityTestWithTolerance(01/30/2014 09:19:55 +03:00,01/30/2014 09:19:55 +03:00)" methodname="NegativeEqualityTestWithTolerance" classname="NUnit.Framework.Constraints.EqualConstraintTests+DateTimeOffsetShouldBeSame" runstate="Runnable" seed="579616005" result="Inconclusive" start-time="2017-02-21 11:04:46Z" end-time="2017-02-21 11:04:46Z" duration="0.000739" asserts="0">
                <reason>
                  <message><![CDATA[  Expected: True
  But was:  False
]]></message>
                </reason>
              </test-case>
              <test-case id="0-3242" name="NegativeEqualityTestWithTolerance(01/30/2014 09:19:55 +03:00,01/30/2014 09:19:55 +03:50)" fullname="NUnit.Framework.Constraints.EqualConstraintTests+DateTimeOffsetShouldBeSame.NegativeEqualityTestWithTolerance(01/30/2014 09:19:55 +03:00,01/30/2014 09:19:55 +03:50)" methodname="NegativeEqualityTestWithTolerance" classname="NUnit.Framework.Constraints.EqualConstraintTests+DateTimeOffsetShouldBeSame" runstate="Runnable" seed="554889700" result="Passed" start-time="2017-02-21 11:04:46Z" end-time="2017-02-21 11:04:46Z" duration="0.000133" asserts="1" />
              <test-case id="0-3243" name="NegativeEqualityTestWithTolerance(01/30/2014 09:19:55 +03:50,01/30/2014 12:34:56 +06:15)" fullname="NUnit.Framework.Constraints.EqualConstraintTests+DateTimeOffsetShouldBeSame.NegativeEqualityTestWithTolerance(01/30/2014 09:19:55 +03:50,01/30/2014 12:34:56 +06:15)" methodname="NegativeEqualityTestWithTolerance" classname="NUnit.Framework.Constraints.EqualConstraintTests+DateTimeOffsetShouldBeSame" runstate="Runnable" seed="1818165445" result="Passed" start-time="2017-02-21 11:04:46Z" end-time="2017-02-21 11:04:46Z" duration="0.000039" asserts="1" />
              <test-case id="0-3244" name="NegativeEqualityTestWithTolerance(01/30/2014 09:19:55 +03:50,01/30/2014 09:19:56 +03:00)" fullname="NUnit.Framework.Constraints.EqualConstraintTests+DateTimeOffsetShouldBeSame.NegativeEqualityTestWithTolerance(01/30/2014 09:19:55 +03:50,01/30/2014 09:19:56 +03:00)" methodname="NegativeEqualityTestWithTolerance" classname="NUnit.Framework.Constraints.EqualConstraintTests+DateTimeOffsetShouldBeSame" runstate="Runnable" seed="1729759107" result="Passed" start-time="2017-02-21 11:04:46Z" end-time="2017-02-21 11:04:46Z" duration="0.000040" asserts="1" />
              <test-case id="0-3245" name="NegativeEqualityTestWithTolerance(01/30/2014 09:19:55 +03:50,01/30/2014 09:19:56 +03:01)" fullname="NUnit.Framework.Constraints.EqualConstraintTests+DateTimeOffsetShouldBeSame.NegativeEqualityTestWithTolerance(01/30/2014 09:19:55 +03:50,01/30/2014 09:19:56 +03:01)" methodname="NegativeEqualityTestWithTolerance" classname="NUnit.Framework.Constraints.EqualConstraintTests+DateTimeOffsetShouldBeSame" runstate="Runnable" seed="290378423" result="Passed" start-time="2017-02-21 11:04:46Z" end-time="2017-02-21 11:04:46Z" duration="0.000039" asserts="1" />
              <test-case id="0-3246" name="NegativeEqualityTestWithTolerance(01/30/2014 09:19:55 +03:50,01/30/2014 09:19:55 +03:00)" fullname="NUnit.Framework.Constraints.EqualConstraintTests+DateTimeOffsetShouldBeSame.NegativeEqualityTestWithTolerance(01/30/2014 09:19:55 +03:50,01/30/2014 09:19:55 +03:00)" methodname="NegativeEqualityTestWithTolerance" classname="NUnit.Framework.Constraints.EqualConstraintTests+DateTimeOffsetShouldBeSame" runstate="Runnable" seed="1174904006" result="Passed" start-time="2017-02-21 11:04:46Z" end-time="2017-02-21 11:04:46Z" duration="0.000040" asserts="1" />
              <test-case id="0-3247" name="NegativeEqualityTestWithTolerance(01/30/2014 09:19:55 +03:50,01/30/2014 09:19:55 +03:50)" fullname="NUnit.Framework.Constraints.EqualConstraintTests+DateTimeOffsetShouldBeSame.NegativeEqualityTestWithTolerance(01/30/2014 09:19:55 +03:50,01/30/2014 09:19:55 +03:50)" methodname="NegativeEqualityTestWithTolerance" classname="NUnit.Framework.Constraints.EqualConstraintTests+DateTimeOffsetShouldBeSame" runstate="Runnable" seed="724109968" result="Inconclusive" start-time="2017-02-21 11:04:46Z" end-time="2017-02-21 11:04:46Z" duration="0.000454" asserts="0">
                <reason>
                  <message><![CDATA[  Expected: True
  But was:  False
]]></message>
                </reason>
              </test-case>
            </test-suite>
            <test-suite type="Theory" id="0-3274" name="NegativeEqualityTestWithToleranceAndWithSameOffset" fullname="NUnit.Framework.Constraints.EqualConstraintTests+DateTimeOffsetShouldBeSame.NegativeEqualityTestWithToleranceAndWithSameOffset" classname="NUnit.Framework.Constraints.EqualConstraintTests+DateTimeOffsetShouldBeSame" runstate="Runnable" testcasecount="25" result="Passed" start-time="2017-02-21 11:04:46Z" end-time="2017-02-21 11:04:46Z" duration="0.080742" total="25" passed="8" failed="0" warnings="0" inconclusive="17" skipped="0" asserts="8">
              <properties>
                <property name="_JOINTYPE" value="Combinatorial" />
              </properties>
              <test-case id="0-3249" name="NegativeEqualityTestWithToleranceAndWithSameOffset(01/30/2014 12:34:56 +06:15,01/30/2014 12:34:56 +06:15)" fullname="NUnit.Framework.Constraints.EqualConstraintTests+DateTimeOffsetShouldBeSame.NegativeEqualityTestWithToleranceAndWithSameOffset(01/30/2014 12:34:56 +06:15,01/30/2014 12:34:56 +06:15)" methodname="NegativeEqualityTestWithToleranceAndWithSameOffset" classname="NUnit.Framework.Constraints.EqualConstraintTests+DateTimeOffsetShouldBeSame" runstate="Runnable" seed="1701153536" result="Inconclusive" start-time="2017-02-21 11:04:46Z" end-time="2017-02-21 11:04:46Z" duration="0.000802" asserts="0">
                <reason>
                  <message><![CDATA[  Expected: True
  But was:  False
]]></message>
                </reason>
              </test-case>
              <test-case id="0-3250" name="NegativeEqualityTestWithToleranceAndWithSameOffset(01/30/2014 12:34:56 +06:15,01/30/2014 09:19:56 +03:00)" fullname="NUnit.Framework.Constraints.EqualConstraintTests+DateTimeOffsetShouldBeSame.NegativeEqualityTestWithToleranceAndWithSameOffset(01/30/2014 12:34:56 +06:15,01/30/2014 09:19:56 +03:00)" methodname="NegativeEqualityTestWithToleranceAndWithSameOffset" classname="NUnit.Framework.Constraints.EqualConstraintTests+DateTimeOffsetShouldBeSame" runstate="Runnable" seed="1030080249" result="Inconclusive" start-time="2017-02-21 11:04:46Z" end-time="2017-02-21 11:04:46Z" duration="0.000518" asserts="0">
                <reason>
                  <message><![CDATA[  Expected: True
  But was:  False
]]></message>
                </reason>
              </test-case>
              <test-case id="0-3251" name="NegativeEqualityTestWithToleranceAndWithSameOffset(01/30/2014 12:34:56 +06:15,01/30/2014 09:19:56 +03:01)" fullname="NUnit.Framework.Constraints.EqualConstraintTests+DateTimeOffsetShouldBeSame.NegativeEqualityTestWithToleranceAndWithSameOffset(01/30/2014 12:34:56 +06:15,01/30/2014 09:19:56 +03:01)" methodname="NegativeEqualityTestWithToleranceAndWithSameOffset" classname="NUnit.Framework.Constraints.EqualConstraintTests+DateTimeOffsetShouldBeSame" runstate="Runnable" seed="1499888403" result="Inconclusive" start-time="2017-02-21 11:04:46Z" end-time="2017-02-21 11:04:46Z" duration="0.000259" asserts="0">
                <reason>
                  <message><![CDATA[  Expected: True
  But was:  False
]]></message>
                </reason>
              </test-case>
              <test-case id="0-3252" name="NegativeEqualityTestWithToleranceAndWithSameOffset(01/30/2014 12:34:56 +06:15,01/30/2014 09:19:55 +03:00)" fullname="NUnit.Framework.Constraints.EqualConstraintTests+DateTimeOffsetShouldBeSame.NegativeEqualityTestWithToleranceAndWithSameOffset(01/30/2014 12:34:56 +06:15,01/30/2014 09:19:55 +03:00)" methodname="NegativeEqualityTestWithToleranceAndWithSameOffset" classname="NUnit.Framework.Constraints.EqualConstraintTests+DateTimeOffsetShouldBeSame" runstate="Runnable" seed="2020754202" result="Inconclusive" start-time="2017-02-21 11:04:46Z" end-time="2017-02-21 11:04:46Z" duration="0.000326" asserts="0">
                <reason>
                  <message><![CDATA[  Expected: True
  But was:  False
]]></message>
                </reason>
              </test-case>
              <test-case id="0-3253" name="NegativeEqualityTestWithToleranceAndWithSameOffset(01/30/2014 12:34:56 +06:15,01/30/2014 09:19:55 +03:50)" fullname="NUnit.Framework.Constraints.EqualConstraintTests+DateTimeOffsetShouldBeSame.NegativeEqualityTestWithToleranceAndWithSameOffset(01/30/2014 12:34:56 +06:15,01/30/2014 09:19:55 +03:50)" methodname="NegativeEqualityTestWithToleranceAndWithSameOffset" classname="NUnit.Framework.Constraints.EqualConstraintTests+DateTimeOffsetShouldBeSame" runstate="Runnable" seed="186871854" result="Passed" start-time="2017-02-21 11:04:46Z" end-time="2017-02-21 11:04:46Z" duration="0.000077" asserts="1" />
              <test-case id="0-3254" name="NegativeEqualityTestWithToleranceAndWithSameOffset(01/30/2014 09:19:56 +03:00,01/30/2014 12:34:56 +06:15)" fullname="NUnit.Framework.Constraints.EqualConstraintTests+DateTimeOffsetShouldBeSame.NegativeEqualityTestWithToleranceAndWithSameOffset(01/30/2014 09:19:56 +03:00,01/30/2014 12:34:56 +06:15)" methodname="NegativeEqualityTestWithToleranceAndWithSameOffset" classname="NUnit.Framework.Constraints.EqualConstraintTests+DateTimeOffsetShouldBeSame" runstate="Runnable" seed="474747391" result="Inconclusive" start-time="2017-02-21 11:04:46Z" end-time="2017-02-21 11:04:46Z" duration="0.000433" asserts="0">
                <reason>
                  <message><![CDATA[  Expected: True
  But was:  False
]]></message>
                </reason>
              </test-case>
              <test-case id="0-3255" name="NegativeEqualityTestWithToleranceAndWithSameOffset(01/30/2014 09:19:56 +03:00,01/30/2014 09:19:56 +03:00)" fullname="NUnit.Framework.Constraints.EqualConstraintTests+DateTimeOffsetShouldBeSame.NegativeEqualityTestWithToleranceAndWithSameOffset(01/30/2014 09:19:56 +03:00,01/30/2014 09:19:56 +03:00)" methodname="NegativeEqualityTestWithToleranceAndWithSameOffset" classname="NUnit.Framework.Constraints.EqualConstraintTests+DateTimeOffsetShouldBeSame" runstate="Runnable" seed="892778055" result="Inconclusive" start-time="2017-02-21 11:04:46Z" end-time="2017-02-21 11:04:46Z" duration="0.000306" asserts="0">
                <reason>
                  <message><![CDATA[  Expected: True
  But was:  False
]]></message>
                </reason>
              </test-case>
              <test-case id="0-3256" name="NegativeEqualityTestWithToleranceAndWithSameOffset(01/30/2014 09:19:56 +03:00,01/30/2014 09:19:56 +03:01)" fullname="NUnit.Framework.Constraints.EqualConstraintTests+DateTimeOffsetShouldBeSame.NegativeEqualityTestWithToleranceAndWithSameOffset(01/30/2014 09:19:56 +03:00,01/30/2014 09:19:56 +03:01)" methodname="NegativeEqualityTestWithToleranceAndWithSameOffset" classname="NUnit.Framework.Constraints.EqualConstraintTests+DateTimeOffsetShouldBeSame" runstate="Runnable" seed="1684216836" result="Inconclusive" start-time="2017-02-21 11:04:46Z" end-time="2017-02-21 11:04:46Z" duration="0.002396" asserts="0">
                <reason>
                  <message><![CDATA[  Expected: True
  But was:  False
]]></message>
                </reason>
              </test-case>
              <test-case id="0-3257" name="NegativeEqualityTestWithToleranceAndWithSameOffset(01/30/2014 09:19:56 +03:00,01/30/2014 09:19:55 +03:00)" fullname="NUnit.Framework.Constraints.EqualConstraintTests+DateTimeOffsetShouldBeSame.NegativeEqualityTestWithToleranceAndWithSameOffset(01/30/2014 09:19:56 +03:00,01/30/2014 09:19:55 +03:00)" methodname="NegativeEqualityTestWithToleranceAndWithSameOffset" classname="NUnit.Framework.Constraints.EqualConstraintTests+DateTimeOffsetShouldBeSame" runstate="Runnable" seed="2027236906" result="Inconclusive" start-time="2017-02-21 11:04:46Z" end-time="2017-02-21 11:04:46Z" duration="0.000501" asserts="0">
                <reason>
                  <message><![CDATA[  Expected: True
  But was:  False
]]></message>
                </reason>
              </test-case>
              <test-case id="0-3258" name="NegativeEqualityTestWithToleranceAndWithSameOffset(01/30/2014 09:19:56 +03:00,01/30/2014 09:19:55 +03:50)" fullname="NUnit.Framework.Constraints.EqualConstraintTests+DateTimeOffsetShouldBeSame.NegativeEqualityTestWithToleranceAndWithSameOffset(01/30/2014 09:19:56 +03:00,01/30/2014 09:19:55 +03:50)" methodname="NegativeEqualityTestWithToleranceAndWithSameOffset" classname="NUnit.Framework.Constraints.EqualConstraintTests+DateTimeOffsetShouldBeSame" runstate="Runnable" seed="1833294191" result="Passed" start-time="2017-02-21 11:04:46Z" end-time="2017-02-21 11:04:46Z" duration="0.000200" asserts="1" />
              <test-case id="0-3259" name="NegativeEqualityTestWithToleranceAndWithSameOffset(01/30/2014 09:19:56 +03:01,01/30/2014 12:34:56 +06:15)" fullname="NUnit.Framework.Constraints.EqualConstraintTests+DateTimeOffsetShouldBeSame.NegativeEqualityTestWithToleranceAndWithSameOffset(01/30/2014 09:19:56 +03:01,01/30/2014 12:34:56 +06:15)" methodname="NegativeEqualityTestWithToleranceAndWithSameOffset" classname="NUnit.Framework.Constraints.EqualConstraintTests+DateTimeOffsetShouldBeSame" runstate="Runnable" seed="1245284660" result="Inconclusive" start-time="2017-02-21 11:04:46Z" end-time="2017-02-21 11:04:46Z" duration="0.000544" asserts="0">
                <reason>
                  <message><![CDATA[  Expected: True
  But was:  False
]]></message>
                </reason>
              </test-case>
              <test-case id="0-3260" name="NegativeEqualityTestWithToleranceAndWithSameOffset(01/30/2014 09:19:56 +03:01,01/30/2014 09:19:56 +03:00)" fullname="NUnit.Framework.Constraints.EqualConstraintTests+DateTimeOffsetShouldBeSame.NegativeEqualityTestWithToleranceAndWithSameOffset(01/30/2014 09:19:56 +03:01,01/30/2014 09:19:56 +03:00)" methodname="NegativeEqualityTestWithToleranceAndWithSameOffset" classname="NUnit.Framework.Constraints.EqualConstraintTests+DateTimeOffsetShouldBeSame" runstate="Runnable" seed="1022070646" result="Inconclusive" start-time="2017-02-21 11:04:46Z" end-time="2017-02-21 11:04:46Z" duration="0.000882" asserts="0">
                <reason>
                  <message><![CDATA[  Expected: True
  But was:  False
]]></message>
                </reason>
              </test-case>
              <test-case id="0-3261" name="NegativeEqualityTestWithToleranceAndWithSameOffset(01/30/2014 09:19:56 +03:01,01/30/2014 09:19:56 +03:01)" fullname="NUnit.Framework.Constraints.EqualConstraintTests+DateTimeOffsetShouldBeSame.NegativeEqualityTestWithToleranceAndWithSameOffset(01/30/2014 09:19:56 +03:01,01/30/2014 09:19:56 +03:01)" methodname="NegativeEqualityTestWithToleranceAndWithSameOffset" classname="NUnit.Framework.Constraints.EqualConstraintTests+DateTimeOffsetShouldBeSame" runstate="Runnable" seed="1309956001" result="Inconclusive" start-time="2017-02-21 11:04:46Z" end-time="2017-02-21 11:04:46Z" duration="0.000975" asserts="0">
                <reason>
                  <message><![CDATA[  Expected: True
  But was:  False
]]></message>
                </reason>
              </test-case>
              <test-case id="0-3262" name="NegativeEqualityTestWithToleranceAndWithSameOffset(01/30/2014 09:19:56 +03:01,01/30/2014 09:19:55 +03:00)" fullname="NUnit.Framework.Constraints.EqualConstraintTests+DateTimeOffsetShouldBeSame.NegativeEqualityTestWithToleranceAndWithSameOffset(01/30/2014 09:19:56 +03:01,01/30/2014 09:19:55 +03:00)" methodname="NegativeEqualityTestWithToleranceAndWithSameOffset" classname="NUnit.Framework.Constraints.EqualConstraintTests+DateTimeOffsetShouldBeSame" runstate="Runnable" seed="1342064235" result="Inconclusive" start-time="2017-02-21 11:04:46Z" end-time="2017-02-21 11:04:46Z" duration="0.000461" asserts="0">
                <reason>
                  <message><![CDATA[  Expected: True
  But was:  False
]]></message>
                </reason>
              </test-case>
              <test-case id="0-3263" name="NegativeEqualityTestWithToleranceAndWithSameOffset(01/30/2014 09:19:56 +03:01,01/30/2014 09:19:55 +03:50)" fullname="NUnit.Framework.Constraints.EqualConstraintTests+DateTimeOffsetShouldBeSame.NegativeEqualityTestWithToleranceAndWithSameOffset(01/30/2014 09:19:56 +03:01,01/30/2014 09:19:55 +03:50)" methodname="NegativeEqualityTestWithToleranceAndWithSameOffset" classname="NUnit.Framework.Constraints.EqualConstraintTests+DateTimeOffsetShouldBeSame" runstate="Runnable" seed="1914712460" result="Passed" start-time="2017-02-21 11:04:46Z" end-time="2017-02-21 11:04:46Z" duration="0.000054" asserts="1" />
              <test-case id="0-3264" name="NegativeEqualityTestWithToleranceAndWithSameOffset(01/30/2014 09:19:55 +03:00,01/30/2014 12:34:56 +06:15)" fullname="NUnit.Framework.Constraints.EqualConstraintTests+DateTimeOffsetShouldBeSame.NegativeEqualityTestWithToleranceAndWithSameOffset(01/30/2014 09:19:55 +03:00,01/30/2014 12:34:56 +06:15)" methodname="NegativeEqualityTestWithToleranceAndWithSameOffset" classname="NUnit.Framework.Constraints.EqualConstraintTests+DateTimeOffsetShouldBeSame" runstate="Runnable" seed="804969667" result="Inconclusive" start-time="2017-02-21 11:04:46Z" end-time="2017-02-21 11:04:46Z" duration="0.000447" asserts="0">
                <reason>
                  <message><![CDATA[  Expected: True
  But was:  False
]]></message>
                </reason>
              </test-case>
              <test-case id="0-3265" name="NegativeEqualityTestWithToleranceAndWithSameOffset(01/30/2014 09:19:55 +03:00,01/30/2014 09:19:56 +03:00)" fullname="NUnit.Framework.Constraints.EqualConstraintTests+DateTimeOffsetShouldBeSame.NegativeEqualityTestWithToleranceAndWithSameOffset(01/30/2014 09:19:55 +03:00,01/30/2014 09:19:56 +03:00)" methodname="NegativeEqualityTestWithToleranceAndWithSameOffset" classname="NUnit.Framework.Constraints.EqualConstraintTests+DateTimeOffsetShouldBeSame" runstate="Runnable" seed="955793433" result="Inconclusive" start-time="2017-02-21 11:04:46Z" end-time="2017-02-21 11:04:46Z" duration="0.000445" asserts="0">
                <reason>
                  <message><![CDATA[  Expected: True
  But was:  False
]]></message>
                </reason>
              </test-case>
              <test-case id="0-3266" name="NegativeEqualityTestWithToleranceAndWithSameOffset(01/30/2014 09:19:55 +03:00,01/30/2014 09:19:56 +03:01)" fullname="NUnit.Framework.Constraints.EqualConstraintTests+DateTimeOffsetShouldBeSame.NegativeEqualityTestWithToleranceAndWithSameOffset(01/30/2014 09:19:55 +03:00,01/30/2014 09:19:56 +03:01)" methodname="NegativeEqualityTestWithToleranceAndWithSameOffset" classname="NUnit.Framework.Constraints.EqualConstraintTests+DateTimeOffsetShouldBeSame" runstate="Runnable" seed="838270409" result="Inconclusive" start-time="2017-02-21 11:04:46Z" end-time="2017-02-21 11:04:46Z" duration="0.000850" asserts="0">
                <reason>
                  <message><![CDATA[  Expected: True
  But was:  False
]]></message>
                </reason>
              </test-case>
              <test-case id="0-3267" name="NegativeEqualityTestWithToleranceAndWithSameOffset(01/30/2014 09:19:55 +03:00,01/30/2014 09:19:55 +03:00)" fullname="NUnit.Framework.Constraints.EqualConstraintTests+DateTimeOffsetShouldBeSame.NegativeEqualityTestWithToleranceAndWithSameOffset(01/30/2014 09:19:55 +03:00,01/30/2014 09:19:55 +03:00)" methodname="NegativeEqualityTestWithToleranceAndWithSameOffset" classname="NUnit.Framework.Constraints.EqualConstraintTests+DateTimeOffsetShouldBeSame" runstate="Runnable" seed="1580887983" result="Inconclusive" start-time="2017-02-21 11:04:46Z" end-time="2017-02-21 11:04:46Z" duration="0.000411" asserts="0">
                <reason>
                  <message><![CDATA[  Expected: True
  But was:  False
]]></message>
                </reason>
              </test-case>
              <test-case id="0-3268" name="NegativeEqualityTestWithToleranceAndWithSameOffset(01/30/2014 09:19:55 +03:00,01/30/2014 09:19:55 +03:50)" fullname="NUnit.Framework.Constraints.EqualConstraintTests+DateTimeOffsetShouldBeSame.NegativeEqualityTestWithToleranceAndWithSameOffset(01/30/2014 09:19:55 +03:00,01/30/2014 09:19:55 +03:50)" methodname="NegativeEqualityTestWithToleranceAndWithSameOffset" classname="NUnit.Framework.Constraints.EqualConstraintTests+DateTimeOffsetShouldBeSame" runstate="Runnable" seed="1840151789" result="Passed" start-time="2017-02-21 11:04:46Z" end-time="2017-02-21 11:04:46Z" duration="0.000114" asserts="1" />
              <test-case id="0-3269" name="NegativeEqualityTestWithToleranceAndWithSameOffset(01/30/2014 09:19:55 +03:50,01/30/2014 12:34:56 +06:15)" fullname="NUnit.Framework.Constraints.EqualConstraintTests+DateTimeOffsetShouldBeSame.NegativeEqualityTestWithToleranceAndWithSameOffset(01/30/2014 09:19:55 +03:50,01/30/2014 12:34:56 +06:15)" methodname="NegativeEqualityTestWithToleranceAndWithSameOffset" classname="NUnit.Framework.Constraints.EqualConstraintTests+DateTimeOffsetShouldBeSame" runstate="Runnable" seed="2107133564" result="Passed" start-time="2017-02-21 11:04:46Z" end-time="2017-02-21 11:04:46Z" duration="0.000057" asserts="1" />
              <test-case id="0-3270" name="NegativeEqualityTestWithToleranceAndWithSameOffset(01/30/2014 09:19:55 +03:50,01/30/2014 09:19:56 +03:00)" fullname="NUnit.Framework.Constraints.EqualConstraintTests+DateTimeOffsetShouldBeSame.NegativeEqualityTestWithToleranceAndWithSameOffset(01/30/2014 09:19:55 +03:50,01/30/2014 09:19:56 +03:00)" methodname="NegativeEqualityTestWithToleranceAndWithSameOffset" classname="NUnit.Framework.Constraints.EqualConstraintTests+DateTimeOffsetShouldBeSame" runstate="Runnable" seed="1142165145" result="Passed" start-time="2017-02-21 11:04:46Z" end-time="2017-02-21 11:04:46Z" duration="0.000050" asserts="1" />
              <test-case id="0-3271" name="NegativeEqualityTestWithToleranceAndWithSameOffset(01/30/2014 09:19:55 +03:50,01/30/2014 09:19:56 +03:01)" fullname="NUnit.Framework.Constraints.EqualConstraintTests+DateTimeOffsetShouldBeSame.NegativeEqualityTestWithToleranceAndWithSameOffset(01/30/2014 09:19:55 +03:50,01/30/2014 09:19:56 +03:01)" methodname="NegativeEqualityTestWithToleranceAndWithSameOffset" classname="NUnit.Framework.Constraints.EqualConstraintTests+DateTimeOffsetShouldBeSame" runstate="Runnable" seed="686796445" result="Passed" start-time="2017-02-21 11:04:46Z" end-time="2017-02-21 11:04:46Z" duration="0.000040" asserts="1" />
              <test-case id="0-3272" name="NegativeEqualityTestWithToleranceAndWithSameOffset(01/30/2014 09:19:55 +03:50,01/30/2014 09:19:55 +03:00)" fullname="NUnit.Framework.Constraints.EqualConstraintTests+DateTimeOffsetShouldBeSame.NegativeEqualityTestWithToleranceAndWithSameOffset(01/30/2014 09:19:55 +03:50,01/30/2014 09:19:55 +03:00)" methodname="NegativeEqualityTestWithToleranceAndWithSameOffset" classname="NUnit.Framework.Constraints.EqualConstraintTests+DateTimeOffsetShouldBeSame" runstate="Runnable" seed="99399216" result="Passed" start-time="2017-02-21 11:04:46Z" end-time="2017-02-21 11:04:46Z" duration="0.000050" asserts="1" />
              <test-case id="0-3273" name="NegativeEqualityTestWithToleranceAndWithSameOffset(01/30/2014 09:19:55 +03:50,01/30/2014 09:19:55 +03:50)" fullname="NUnit.Framework.Constraints.EqualConstraintTests+DateTimeOffsetShouldBeSame.NegativeEqualityTestWithToleranceAndWithSameOffset(01/30/2014 09:19:55 +03:50,01/30/2014 09:19:55 +03:50)" methodname="NegativeEqualityTestWithToleranceAndWithSameOffset" classname="NUnit.Framework.Constraints.EqualConstraintTests+DateTimeOffsetShouldBeSame" runstate="Runnable" seed="618177257" result="Inconclusive" start-time="2017-02-21 11:04:46Z" end-time="2017-02-21 11:04:46Z" duration="0.000409" asserts="0">
                <reason>
                  <message><![CDATA[  Expected: True
  But was:  False
]]></message>
                </reason>
              </test-case>
            </test-suite>
            <test-suite type="Theory" id="0-3170" name="PositiveEqualityTest" fullname="NUnit.Framework.Constraints.EqualConstraintTests+DateTimeOffsetShouldBeSame.PositiveEqualityTest" classname="NUnit.Framework.Constraints.EqualConstraintTests+DateTimeOffsetShouldBeSame" runstate="Runnable" testcasecount="25" result="Passed" start-time="2017-02-21 11:04:46Z" end-time="2017-02-21 11:04:46Z" duration="0.077707" total="25" passed="7" failed="0" warnings="0" inconclusive="18" skipped="0" asserts="7">
              <properties>
                <property name="_JOINTYPE" value="Combinatorial" />
              </properties>
              <test-case id="0-3145" name="PositiveEqualityTest(01/30/2014 12:34:56 +06:15,01/30/2014 12:34:56 +06:15)" fullname="NUnit.Framework.Constraints.EqualConstraintTests+DateTimeOffsetShouldBeSame.PositiveEqualityTest(01/30/2014 12:34:56 +06:15,01/30/2014 12:34:56 +06:15)" methodname="PositiveEqualityTest" classname="NUnit.Framework.Constraints.EqualConstraintTests+DateTimeOffsetShouldBeSame" runstate="Runnable" seed="1368214244" result="Passed" start-time="2017-02-21 11:04:46Z" end-time="2017-02-21 11:04:46Z" duration="0.000178" asserts="1" />
              <test-case id="0-3146" name="PositiveEqualityTest(01/30/2014 12:34:56 +06:15,01/30/2014 09:19:56 +03:00)" fullname="NUnit.Framework.Constraints.EqualConstraintTests+DateTimeOffsetShouldBeSame.PositiveEqualityTest(01/30/2014 12:34:56 +06:15,01/30/2014 09:19:56 +03:00)" methodname="PositiveEqualityTest" classname="NUnit.Framework.Constraints.EqualConstraintTests+DateTimeOffsetShouldBeSame" runstate="Runnable" seed="1049480655" result="Passed" start-time="2017-02-21 11:04:46Z" end-time="2017-02-21 11:04:46Z" duration="0.000032" asserts="1" />
              <test-case id="0-3147" name="PositiveEqualityTest(01/30/2014 12:34:56 +06:15,01/30/2014 09:19:56 +03:01)" fullname="NUnit.Framework.Constraints.EqualConstraintTests+DateTimeOffsetShouldBeSame.PositiveEqualityTest(01/30/2014 12:34:56 +06:15,01/30/2014 09:19:56 +03:01)" methodname="PositiveEqualityTest" classname="NUnit.Framework.Constraints.EqualConstraintTests+DateTimeOffsetShouldBeSame" runstate="Runnable" seed="1001317343" result="Inconclusive" start-time="2017-02-21 11:04:46Z" end-time="2017-02-21 11:04:46Z" duration="0.000467" asserts="0">
                <reason>
                  <message><![CDATA[  Expected: True
  But was:  False
]]></message>
                </reason>
              </test-case>
              <test-case id="0-3148" name="PositiveEqualityTest(01/30/2014 12:34:56 +06:15,01/30/2014 09:19:55 +03:00)" fullname="NUnit.Framework.Constraints.EqualConstraintTests+DateTimeOffsetShouldBeSame.PositiveEqualityTest(01/30/2014 12:34:56 +06:15,01/30/2014 09:19:55 +03:00)" methodname="PositiveEqualityTest" classname="NUnit.Framework.Constraints.EqualConstraintTests+DateTimeOffsetShouldBeSame" runstate="Runnable" seed="2096496722" result="Inconclusive" start-time="2017-02-21 11:04:46Z" end-time="2017-02-21 11:04:46Z" duration="0.000635" asserts="0">
                <reason>
                  <message><![CDATA[  Expected: True
  But was:  False
]]></message>
                </reason>
              </test-case>
              <test-case id="0-3149" name="PositiveEqualityTest(01/30/2014 12:34:56 +06:15,01/30/2014 09:19:55 +03:50)" fullname="NUnit.Framework.Constraints.EqualConstraintTests+DateTimeOffsetShouldBeSame.PositiveEqualityTest(01/30/2014 12:34:56 +06:15,01/30/2014 09:19:55 +03:50)" methodname="PositiveEqualityTest" classname="NUnit.Framework.Constraints.EqualConstraintTests+DateTimeOffsetShouldBeSame" runstate="Runnable" seed="970356527" result="Inconclusive" start-time="2017-02-21 11:04:46Z" end-time="2017-02-21 11:04:46Z" duration="0.000831" asserts="0">
                <reason>
                  <message><![CDATA[  Expected: True
  But was:  False
]]></message>
                </reason>
              </test-case>
              <test-case id="0-3150" name="PositiveEqualityTest(01/30/2014 09:19:56 +03:00,01/30/2014 12:34:56 +06:15)" fullname="NUnit.Framework.Constraints.EqualConstraintTests+DateTimeOffsetShouldBeSame.PositiveEqualityTest(01/30/2014 09:19:56 +03:00,01/30/2014 12:34:56 +06:15)" methodname="PositiveEqualityTest" classname="NUnit.Framework.Constraints.EqualConstraintTests+DateTimeOffsetShouldBeSame" runstate="Runnable" seed="1191424550" result="Passed" start-time="2017-02-21 11:04:46Z" end-time="2017-02-21 11:04:46Z" duration="0.000066" asserts="1" />
              <test-case id="0-3151" name="PositiveEqualityTest(01/30/2014 09:19:56 +03:00,01/30/2014 09:19:56 +03:00)" fullname="NUnit.Framework.Constraints.EqualConstraintTests+DateTimeOffsetShouldBeSame.PositiveEqualityTest(01/30/2014 09:19:56 +03:00,01/30/2014 09:19:56 +03:00)" methodname="PositiveEqualityTest" classname="NUnit.Framework.Constraints.EqualConstraintTests+DateTimeOffsetShouldBeSame" runstate="Runnable" seed="1778826592" result="Passed" start-time="2017-02-21 11:04:46Z" end-time="2017-02-21 11:04:46Z" duration="0.000060" asserts="1" />
              <test-case id="0-3152" name="PositiveEqualityTest(01/30/2014 09:19:56 +03:00,01/30/2014 09:19:56 +03:01)" fullname="NUnit.Framework.Constraints.EqualConstraintTests+DateTimeOffsetShouldBeSame.PositiveEqualityTest(01/30/2014 09:19:56 +03:00,01/30/2014 09:19:56 +03:01)" methodname="PositiveEqualityTest" classname="NUnit.Framework.Constraints.EqualConstraintTests+DateTimeOffsetShouldBeSame" runstate="Runnable" seed="425126210" result="Inconclusive" start-time="2017-02-21 11:04:46Z" end-time="2017-02-21 11:04:46Z" duration="0.000599" asserts="0">
                <reason>
                  <message><![CDATA[  Expected: True
  But was:  False
]]></message>
                </reason>
              </test-case>
              <test-case id="0-3153" name="PositiveEqualityTest(01/30/2014 09:19:56 +03:00,01/30/2014 09:19:55 +03:00)" fullname="NUnit.Framework.Constraints.EqualConstraintTests+DateTimeOffsetShouldBeSame.PositiveEqualityTest(01/30/2014 09:19:56 +03:00,01/30/2014 09:19:55 +03:00)" methodname="PositiveEqualityTest" classname="NUnit.Framework.Constraints.EqualConstraintTests+DateTimeOffsetShouldBeSame" runstate="Runnable" seed="31765727" result="Inconclusive" start-time="2017-02-21 11:04:46Z" end-time="2017-02-21 11:04:46Z" duration="0.000509" asserts="0">
                <reason>
                  <message><![CDATA[  Expected: True
  But was:  False
]]></message>
                </reason>
              </test-case>
              <test-case id="0-3154" name="PositiveEqualityTest(01/30/2014 09:19:56 +03:00,01/30/2014 09:19:55 +03:50)" fullname="NUnit.Framework.Constraints.EqualConstraintTests+DateTimeOffsetShouldBeSame.PositiveEqualityTest(01/30/2014 09:19:56 +03:00,01/30/2014 09:19:55 +03:50)" methodname="PositiveEqualityTest" classname="NUnit.Framework.Constraints.EqualConstraintTests+DateTimeOffsetShouldBeSame" runstate="Runnable" seed="672077378" result="Inconclusive" start-time="2017-02-21 11:04:46Z" end-time="2017-02-21 11:04:46Z" duration="0.002399" asserts="0">
                <reason>
                  <message><![CDATA[  Expected: True
  But was:  False
]]></message>
                </reason>
              </test-case>
              <test-case id="0-3155" name="PositiveEqualityTest(01/30/2014 09:19:56 +03:01,01/30/2014 12:34:56 +06:15)" fullname="NUnit.Framework.Constraints.EqualConstraintTests+DateTimeOffsetShouldBeSame.PositiveEqualityTest(01/30/2014 09:19:56 +03:01,01/30/2014 12:34:56 +06:15)" methodname="PositiveEqualityTest" classname="NUnit.Framework.Constraints.EqualConstraintTests+DateTimeOffsetShouldBeSame" runstate="Runnable" seed="1457607020" result="Inconclusive" start-time="2017-02-21 11:04:46Z" end-time="2017-02-21 11:04:46Z" duration="0.001008" asserts="0">
                <reason>
                  <message><![CDATA[  Expected: True
  But was:  False
]]></message>
                </reason>
              </test-case>
              <test-case id="0-3156" name="PositiveEqualityTest(01/30/2014 09:19:56 +03:01,01/30/2014 09:19:56 +03:00)" fullname="NUnit.Framework.Constraints.EqualConstraintTests+DateTimeOffsetShouldBeSame.PositiveEqualityTest(01/30/2014 09:19:56 +03:01,01/30/2014 09:19:56 +03:00)" methodname="PositiveEqualityTest" classname="NUnit.Framework.Constraints.EqualConstraintTests+DateTimeOffsetShouldBeSame" runstate="Runnable" seed="718083082" result="Inconclusive" start-time="2017-02-21 11:04:46Z" end-time="2017-02-21 11:04:46Z" duration="0.000444" asserts="0">
                <reason>
                  <message><![CDATA[  Expected: True
  But was:  False
]]></message>
                </reason>
              </test-case>
              <test-case id="0-3157" name="PositiveEqualityTest(01/30/2014 09:19:56 +03:01,01/30/2014 09:19:56 +03:01)" fullname="NUnit.Framework.Constraints.EqualConstraintTests+DateTimeOffsetShouldBeSame.PositiveEqualityTest(01/30/2014 09:19:56 +03:01,01/30/2014 09:19:56 +03:01)" methodname="PositiveEqualityTest" classname="NUnit.Framework.Constraints.EqualConstraintTests+DateTimeOffsetShouldBeSame" runstate="Runnable" seed="1879712508" result="Passed" start-time="2017-02-21 11:04:46Z" end-time="2017-02-21 11:04:46Z" duration="0.000036" asserts="1" />
              <test-case id="0-3158" name="PositiveEqualityTest(01/30/2014 09:19:56 +03:01,01/30/2014 09:19:55 +03:00)" fullname="NUnit.Framework.Constraints.EqualConstraintTests+DateTimeOffsetShouldBeSame.PositiveEqualityTest(01/30/2014 09:19:56 +03:01,01/30/2014 09:19:55 +03:00)" methodname="PositiveEqualityTest" classname="NUnit.Framework.Constraints.EqualConstraintTests+DateTimeOffsetShouldBeSame" runstate="Runnable" seed="1190771059" result="Inconclusive" start-time="2017-02-21 11:04:46Z" end-time="2017-02-21 11:04:46Z" duration="0.000329" asserts="0">
                <reason>
                  <message><![CDATA[  Expected: True
  But was:  False
]]></message>
                </reason>
              </test-case>
              <test-case id="0-3159" name="PositiveEqualityTest(01/30/2014 09:19:56 +03:01,01/30/2014 09:19:55 +03:50)" fullname="NUnit.Framework.Constraints.EqualConstraintTests+DateTimeOffsetShouldBeSame.PositiveEqualityTest(01/30/2014 09:19:56 +03:01,01/30/2014 09:19:55 +03:50)" methodname="PositiveEqualityTest" classname="NUnit.Framework.Constraints.EqualConstraintTests+DateTimeOffsetShouldBeSame" runstate="Runnable" seed="1244470707" result="Inconclusive" start-time="2017-02-21 11:04:46Z" end-time="2017-02-21 11:04:46Z" duration="0.000319" asserts="0">
                <reason>
                  <message><![CDATA[  Expected: True
  But was:  False
]]></message>
                </reason>
              </test-case>
              <test-case id="0-3160" name="PositiveEqualityTest(01/30/2014 09:19:55 +03:00,01/30/2014 12:34:56 +06:15)" fullname="NUnit.Framework.Constraints.EqualConstraintTests+DateTimeOffsetShouldBeSame.PositiveEqualityTest(01/30/2014 09:19:55 +03:00,01/30/2014 12:34:56 +06:15)" methodname="PositiveEqualityTest" classname="NUnit.Framework.Constraints.EqualConstraintTests+DateTimeOffsetShouldBeSame" runstate="Runnable" seed="927656909" result="Inconclusive" start-time="2017-02-21 11:04:46Z" end-time="2017-02-21 11:04:46Z" duration="0.000373" asserts="0">
                <reason>
                  <message><![CDATA[  Expected: True
  But was:  False
]]></message>
                </reason>
              </test-case>
              <test-case id="0-3161" name="PositiveEqualityTest(01/30/2014 09:19:55 +03:00,01/30/2014 09:19:56 +03:00)" fullname="NUnit.Framework.Constraints.EqualConstraintTests+DateTimeOffsetShouldBeSame.PositiveEqualityTest(01/30/2014 09:19:55 +03:00,01/30/2014 09:19:56 +03:00)" methodname="PositiveEqualityTest" classname="NUnit.Framework.Constraints.EqualConstraintTests+DateTimeOffsetShouldBeSame" runstate="Runnable" seed="679915082" result="Inconclusive" start-time="2017-02-21 11:04:46Z" end-time="2017-02-21 11:04:46Z" duration="0.001000" asserts="0">
                <reason>
                  <message><![CDATA[  Expected: True
  But was:  False
]]></message>
                </reason>
              </test-case>
              <test-case id="0-3162" name="PositiveEqualityTest(01/30/2014 09:19:55 +03:00,01/30/2014 09:19:56 +03:01)" fullname="NUnit.Framework.Constraints.EqualConstraintTests+DateTimeOffsetShouldBeSame.PositiveEqualityTest(01/30/2014 09:19:55 +03:00,01/30/2014 09:19:56 +03:01)" methodname="PositiveEqualityTest" classname="NUnit.Framework.Constraints.EqualConstraintTests+DateTimeOffsetShouldBeSame" runstate="Runnable" seed="453121848" result="Inconclusive" start-time="2017-02-21 11:04:46Z" end-time="2017-02-21 11:04:46Z" duration="0.000529" asserts="0">
                <reason>
                  <message><![CDATA[  Expected: True
  But was:  False
]]></message>
                </reason>
              </test-case>
              <test-case id="0-3163" name="PositiveEqualityTest(01/30/2014 09:19:55 +03:00,01/30/2014 09:19:55 +03:00)" fullname="NUnit.Framework.Constraints.EqualConstraintTests+DateTimeOffsetShouldBeSame.PositiveEqualityTest(01/30/2014 09:19:55 +03:00,01/30/2014 09:19:55 +03:00)" methodname="PositiveEqualityTest" classname="NUnit.Framework.Constraints.EqualConstraintTests+DateTimeOffsetShouldBeSame" runstate="Runnable" seed="1807693177" result="Passed" start-time="2017-02-21 11:04:46Z" end-time="2017-02-21 11:04:46Z" duration="0.000028" asserts="1" />
              <test-case id="0-3164" name="PositiveEqualityTest(01/30/2014 09:19:55 +03:00,01/30/2014 09:19:55 +03:50)" fullname="NUnit.Framework.Constraints.EqualConstraintTests+DateTimeOffsetShouldBeSame.PositiveEqualityTest(01/30/2014 09:19:55 +03:00,01/30/2014 09:19:55 +03:50)" methodname="PositiveEqualityTest" classname="NUnit.Framework.Constraints.EqualConstraintTests+DateTimeOffsetShouldBeSame" runstate="Runnable" seed="596084006" result="Inconclusive" start-time="2017-02-21 11:04:46Z" end-time="2017-02-21 11:04:46Z" duration="0.000543" asserts="0">
                <reason>
                  <message><![CDATA[  Expected: True
  But was:  False
]]></message>
                </reason>
              </test-case>
              <test-case id="0-3165" name="PositiveEqualityTest(01/30/2014 09:19:55 +03:50,01/30/2014 12:34:56 +06:15)" fullname="NUnit.Framework.Constraints.EqualConstraintTests+DateTimeOffsetShouldBeSame.PositiveEqualityTest(01/30/2014 09:19:55 +03:50,01/30/2014 12:34:56 +06:15)" methodname="PositiveEqualityTest" classname="NUnit.Framework.Constraints.EqualConstraintTests+DateTimeOffsetShouldBeSame" runstate="Runnable" seed="682524720" result="Inconclusive" start-time="2017-02-21 11:04:46Z" end-time="2017-02-21 11:04:46Z" duration="0.000843" asserts="0">
                <reason>
                  <message><![CDATA[  Expected: True
  But was:  False
]]></message>
                </reason>
              </test-case>
              <test-case id="0-3166" name="PositiveEqualityTest(01/30/2014 09:19:55 +03:50,01/30/2014 09:19:56 +03:00)" fullname="NUnit.Framework.Constraints.EqualConstraintTests+DateTimeOffsetShouldBeSame.PositiveEqualityTest(01/30/2014 09:19:55 +03:50,01/30/2014 09:19:56 +03:00)" methodname="PositiveEqualityTest" classname="NUnit.Framework.Constraints.EqualConstraintTests+DateTimeOffsetShouldBeSame" runstate="Runnable" seed="194692494" result="Inconclusive" start-time="2017-02-21 11:04:46Z" end-time="2017-02-21 11:04:46Z" duration="0.000493" asserts="0">
                <reason>
                  <message><![CDATA[  Expected: True
  But was:  False
]]></message>
                </reason>
              </test-case>
              <test-case id="0-3167" name="PositiveEqualityTest(01/30/2014 09:19:55 +03:50,01/30/2014 09:19:56 +03:01)" fullname="NUnit.Framework.Constraints.EqualConstraintTests+DateTimeOffsetShouldBeSame.PositiveEqualityTest(01/30/2014 09:19:55 +03:50,01/30/2014 09:19:56 +03:01)" methodname="PositiveEqualityTest" classname="NUnit.Framework.Constraints.EqualConstraintTests+DateTimeOffsetShouldBeSame" runstate="Runnable" seed="1379958261" result="Inconclusive" start-time="2017-02-21 11:04:46Z" end-time="2017-02-21 11:04:46Z" duration="0.000333" asserts="0">
                <reason>
                  <message><![CDATA[  Expected: True
  But was:  False
]]></message>
                </reason>
              </test-case>
              <test-case id="0-3168" name="PositiveEqualityTest(01/30/2014 09:19:55 +03:50,01/30/2014 09:19:55 +03:00)" fullname="NUnit.Framework.Constraints.EqualConstraintTests+DateTimeOffsetShouldBeSame.PositiveEqualityTest(01/30/2014 09:19:55 +03:50,01/30/2014 09:19:55 +03:00)" methodname="PositiveEqualityTest" classname="NUnit.Framework.Constraints.EqualConstraintTests+DateTimeOffsetShouldBeSame" runstate="Runnable" seed="2120622749" result="Inconclusive" start-time="2017-02-21 11:04:46Z" end-time="2017-02-21 11:04:46Z" duration="0.000278" asserts="0">
                <reason>
                  <message><![CDATA[  Expected: True
  But was:  False
]]></message>
                </reason>
              </test-case>
              <test-case id="0-3169" name="PositiveEqualityTest(01/30/2014 09:19:55 +03:50,01/30/2014 09:19:55 +03:50)" fullname="NUnit.Framework.Constraints.EqualConstraintTests+DateTimeOffsetShouldBeSame.PositiveEqualityTest(01/30/2014 09:19:55 +03:50,01/30/2014 09:19:55 +03:50)" methodname="PositiveEqualityTest" classname="NUnit.Framework.Constraints.EqualConstraintTests+DateTimeOffsetShouldBeSame" runstate="Runnable" seed="637427919" result="Passed" start-time="2017-02-21 11:04:46Z" end-time="2017-02-21 11:04:46Z" duration="0.000037" asserts="1" />
            </test-suite>
            <test-suite type="Theory" id="0-3222" name="PositiveEqualityTestWithTolerance" fullname="NUnit.Framework.Constraints.EqualConstraintTests+DateTimeOffsetShouldBeSame.PositiveEqualityTestWithTolerance" classname="NUnit.Framework.Constraints.EqualConstraintTests+DateTimeOffsetShouldBeSame" runstate="Runnable" testcasecount="25" result="Passed" start-time="2017-02-21 11:04:46Z" end-time="2017-02-21 11:04:46Z" duration="0.071868" total="25" passed="17" failed="0" warnings="0" inconclusive="8" skipped="0" asserts="17">
              <properties>
                <property name="_JOINTYPE" value="Combinatorial" />
              </properties>
              <test-case id="0-3197" name="PositiveEqualityTestWithTolerance(01/30/2014 12:34:56 +06:15,01/30/2014 12:34:56 +06:15)" fullname="NUnit.Framework.Constraints.EqualConstraintTests+DateTimeOffsetShouldBeSame.PositiveEqualityTestWithTolerance(01/30/2014 12:34:56 +06:15,01/30/2014 12:34:56 +06:15)" methodname="PositiveEqualityTestWithTolerance" classname="NUnit.Framework.Constraints.EqualConstraintTests+DateTimeOffsetShouldBeSame" runstate="Runnable" seed="1822387087" result="Passed" start-time="2017-02-21 11:04:46Z" end-time="2017-02-21 11:04:46Z" duration="0.000722" asserts="1" />
              <test-case id="0-3198" name="PositiveEqualityTestWithTolerance(01/30/2014 12:34:56 +06:15,01/30/2014 09:19:56 +03:00)" fullname="NUnit.Framework.Constraints.EqualConstraintTests+DateTimeOffsetShouldBeSame.PositiveEqualityTestWithTolerance(01/30/2014 12:34:56 +06:15,01/30/2014 09:19:56 +03:00)" methodname="PositiveEqualityTestWithTolerance" classname="NUnit.Framework.Constraints.EqualConstraintTests+DateTimeOffsetShouldBeSame" runstate="Runnable" seed="99729736" result="Passed" start-time="2017-02-21 11:04:46Z" end-time="2017-02-21 11:04:46Z" duration="0.000081" asserts="1" />
              <test-case id="0-3199" name="PositiveEqualityTestWithTolerance(01/30/2014 12:34:56 +06:15,01/30/2014 09:19:56 +03:01)" fullname="NUnit.Framework.Constraints.EqualConstraintTests+DateTimeOffsetShouldBeSame.PositiveEqualityTestWithTolerance(01/30/2014 12:34:56 +06:15,01/30/2014 09:19:56 +03:01)" methodname="PositiveEqualityTestWithTolerance" classname="NUnit.Framework.Constraints.EqualConstraintTests+DateTimeOffsetShouldBeSame" runstate="Runnable" seed="734251653" result="Passed" start-time="2017-02-21 11:04:46Z" end-time="2017-02-21 11:04:46Z" duration="0.000040" asserts="1" />
              <test-case id="0-3200" name="PositiveEqualityTestWithTolerance(01/30/2014 12:34:56 +06:15,01/30/2014 09:19:55 +03:00)" fullname="NUnit.Framework.Constraints.EqualConstraintTests+DateTimeOffsetShouldBeSame.PositiveEqualityTestWithTolerance(01/30/2014 12:34:56 +06:15,01/30/2014 09:19:55 +03:00)" methodname="PositiveEqualityTestWithTolerance" classname="NUnit.Framework.Constraints.EqualConstraintTests+DateTimeOffsetShouldBeSame" runstate="Runnable" seed="2108224589" result="Passed" start-time="2017-02-21 11:04:46Z" end-time="2017-02-21 11:04:46Z" duration="0.000041" asserts="1" />
              <test-case id="0-3201" name="PositiveEqualityTestWithTolerance(01/30/2014 12:34:56 +06:15,01/30/2014 09:19:55 +03:50)" fullname="NUnit.Framework.Constraints.EqualConstraintTests+DateTimeOffsetShouldBeSame.PositiveEqualityTestWithTolerance(01/30/2014 12:34:56 +06:15,01/30/2014 09:19:55 +03:50)" methodname="PositiveEqualityTestWithTolerance" classname="NUnit.Framework.Constraints.EqualConstraintTests+DateTimeOffsetShouldBeSame" runstate="Runnable" seed="837364522" result="Inconclusive" start-time="2017-02-21 11:04:46Z" end-time="2017-02-21 11:04:46Z" duration="0.000368" asserts="0">
                <reason>
                  <message><![CDATA[  Expected: True
  But was:  False
]]></message>
                </reason>
              </test-case>
              <test-case id="0-3202" name="PositiveEqualityTestWithTolerance(01/30/2014 09:19:56 +03:00,01/30/2014 12:34:56 +06:15)" fullname="NUnit.Framework.Constraints.EqualConstraintTests+DateTimeOffsetShouldBeSame.PositiveEqualityTestWithTolerance(01/30/2014 09:19:56 +03:00,01/30/2014 12:34:56 +06:15)" methodname="PositiveEqualityTestWithTolerance" classname="NUnit.Framework.Constraints.EqualConstraintTests+DateTimeOffsetShouldBeSame" runstate="Runnable" seed="1414183494" result="Passed" start-time="2017-02-21 11:04:46Z" end-time="2017-02-21 11:04:46Z" duration="0.000055" asserts="1" />
              <test-case id="0-3203" name="PositiveEqualityTestWithTolerance(01/30/2014 09:19:56 +03:00,01/30/2014 09:19:56 +03:00)" fullname="NUnit.Framework.Constraints.EqualConstraintTests+DateTimeOffsetShouldBeSame.PositiveEqualityTestWithTolerance(01/30/2014 09:19:56 +03:00,01/30/2014 09:19:56 +03:00)" methodname="PositiveEqualityTestWithTolerance" classname="NUnit.Framework.Constraints.EqualConstraintTests+DateTimeOffsetShouldBeSame" runstate="Runnable" seed="1858835512" result="Passed" start-time="2017-02-21 11:04:46Z" end-time="2017-02-21 11:04:46Z" duration="0.000037" asserts="1" />
              <test-case id="0-3204" name="PositiveEqualityTestWithTolerance(01/30/2014 09:19:56 +03:00,01/30/2014 09:19:56 +03:01)" fullname="NUnit.Framework.Constraints.EqualConstraintTests+DateTimeOffsetShouldBeSame.PositiveEqualityTestWithTolerance(01/30/2014 09:19:56 +03:00,01/30/2014 09:19:56 +03:01)" methodname="PositiveEqualityTestWithTolerance" classname="NUnit.Framework.Constraints.EqualConstraintTests+DateTimeOffsetShouldBeSame" runstate="Runnable" seed="1144143071" result="Passed" start-time="2017-02-21 11:04:46Z" end-time="2017-02-21 11:04:46Z" duration="0.000031" asserts="1" />
              <test-case id="0-3205" name="PositiveEqualityTestWithTolerance(01/30/2014 09:19:56 +03:00,01/30/2014 09:19:55 +03:00)" fullname="NUnit.Framework.Constraints.EqualConstraintTests+DateTimeOffsetShouldBeSame.PositiveEqualityTestWithTolerance(01/30/2014 09:19:56 +03:00,01/30/2014 09:19:55 +03:00)" methodname="PositiveEqualityTestWithTolerance" classname="NUnit.Framework.Constraints.EqualConstraintTests+DateTimeOffsetShouldBeSame" runstate="Runnable" seed="64921742" result="Passed" start-time="2017-02-21 11:04:46Z" end-time="2017-02-21 11:04:46Z" duration="0.000026" asserts="1" />
              <test-case id="0-3206" name="PositiveEqualityTestWithTolerance(01/30/2014 09:19:56 +03:00,01/30/2014 09:19:55 +03:50)" fullname="NUnit.Framework.Constraints.EqualConstraintTests+DateTimeOffsetShouldBeSame.PositiveEqualityTestWithTolerance(01/30/2014 09:19:56 +03:00,01/30/2014 09:19:55 +03:50)" methodname="PositiveEqualityTestWithTolerance" classname="NUnit.Framework.Constraints.EqualConstraintTests+DateTimeOffsetShouldBeSame" runstate="Runnable" seed="366128113" result="Inconclusive" start-time="2017-02-21 11:04:46Z" end-time="2017-02-21 11:04:46Z" duration="0.000475" asserts="0">
                <reason>
                  <message><![CDATA[  Expected: True
  But was:  False
]]></message>
                </reason>
              </test-case>
              <test-case id="0-3207" name="PositiveEqualityTestWithTolerance(01/30/2014 09:19:56 +03:01,01/30/2014 12:34:56 +06:15)" fullname="NUnit.Framework.Constraints.EqualConstraintTests+DateTimeOffsetShouldBeSame.PositiveEqualityTestWithTolerance(01/30/2014 09:19:56 +03:01,01/30/2014 12:34:56 +06:15)" methodname="PositiveEqualityTestWithTolerance" classname="NUnit.Framework.Constraints.EqualConstraintTests+DateTimeOffsetShouldBeSame" runstate="Runnable" seed="223719331" result="Passed" start-time="2017-02-21 11:04:46Z" end-time="2017-02-21 11:04:46Z" duration="0.000057" asserts="1" />
              <test-case id="0-3208" name="PositiveEqualityTestWithTolerance(01/30/2014 09:19:56 +03:01,01/30/2014 09:19:56 +03:00)" fullname="NUnit.Framework.Constraints.EqualConstraintTests+DateTimeOffsetShouldBeSame.PositiveEqualityTestWithTolerance(01/30/2014 09:19:56 +03:01,01/30/2014 09:19:56 +03:00)" methodname="PositiveEqualityTestWithTolerance" classname="NUnit.Framework.Constraints.EqualConstraintTests+DateTimeOffsetShouldBeSame" runstate="Runnable" seed="723239337" result="Passed" start-time="2017-02-21 11:04:46Z" end-time="2017-02-21 11:04:46Z" duration="0.000047" asserts="1" />
              <test-case id="0-3209" name="PositiveEqualityTestWithTolerance(01/30/2014 09:19:56 +03:01,01/30/2014 09:19:56 +03:01)" fullname="NUnit.Framework.Constraints.EqualConstraintTests+DateTimeOffsetShouldBeSame.PositiveEqualityTestWithTolerance(01/30/2014 09:19:56 +03:01,01/30/2014 09:19:56 +03:01)" methodname="PositiveEqualityTestWithTolerance" classname="NUnit.Framework.Constraints.EqualConstraintTests+DateTimeOffsetShouldBeSame" runstate="Runnable" seed="589527597" result="Passed" start-time="2017-02-21 11:04:46Z" end-time="2017-02-21 11:04:46Z" duration="0.000125" asserts="1" />
              <test-case id="0-3210" name="PositiveEqualityTestWithTolerance(01/30/2014 09:19:56 +03:01,01/30/2014 09:19:55 +03:00)" fullname="NUnit.Framework.Constraints.EqualConstraintTests+DateTimeOffsetShouldBeSame.PositiveEqualityTestWithTolerance(01/30/2014 09:19:56 +03:01,01/30/2014 09:19:55 +03:00)" methodname="PositiveEqualityTestWithTolerance" classname="NUnit.Framework.Constraints.EqualConstraintTests+DateTimeOffsetShouldBeSame" runstate="Runnable" seed="2053456106" result="Passed" start-time="2017-02-21 11:04:46Z" end-time="2017-02-21 11:04:46Z" duration="0.000419" asserts="1" />
              <test-case id="0-3211" name="PositiveEqualityTestWithTolerance(01/30/2014 09:19:56 +03:01,01/30/2014 09:19:55 +03:50)" fullname="NUnit.Framework.Constraints.EqualConstraintTests+DateTimeOffsetShouldBeSame.PositiveEqualityTestWithTolerance(01/30/2014 09:19:56 +03:01,01/30/2014 09:19:55 +03:50)" methodname="PositiveEqualityTestWithTolerance" classname="NUnit.Framework.Constraints.EqualConstraintTests+DateTimeOffsetShouldBeSame" runstate="Runnable" seed="186952693" result="Inconclusive" start-time="2017-02-21 11:04:46Z" end-time="2017-02-21 11:04:46Z" duration="0.000426" asserts="0">
                <reason>
                  <message><![CDATA[  Expected: True
  But was:  False
]]></message>
                </reason>
              </test-case>
              <test-case id="0-3212" name="PositiveEqualityTestWithTolerance(01/30/2014 09:19:55 +03:00,01/30/2014 12:34:56 +06:15)" fullname="NUnit.Framework.Constraints.EqualConstraintTests+DateTimeOffsetShouldBeSame.PositiveEqualityTestWithTolerance(01/30/2014 09:19:55 +03:00,01/30/2014 12:34:56 +06:15)" methodname="PositiveEqualityTestWithTolerance" classname="NUnit.Framework.Constraints.EqualConstraintTests+DateTimeOffsetShouldBeSame" runstate="Runnable" seed="1382936059" result="Passed" start-time="2017-02-21 11:04:46Z" end-time="2017-02-21 11:04:46Z" duration="0.000036" asserts="1" />
              <test-case id="0-3213" name="PositiveEqualityTestWithTolerance(01/30/2014 09:19:55 +03:00,01/30/2014 09:19:56 +03:00)" fullname="NUnit.Framework.Constraints.EqualConstraintTests+DateTimeOffsetShouldBeSame.PositiveEqualityTestWithTolerance(01/30/2014 09:19:55 +03:00,01/30/2014 09:19:56 +03:00)" methodname="PositiveEqualityTestWithTolerance" classname="NUnit.Framework.Constraints.EqualConstraintTests+DateTimeOffsetShouldBeSame" runstate="Runnable" seed="1057426962" result="Passed" start-time="2017-02-21 11:04:46Z" end-time="2017-02-21 11:04:46Z" duration="0.000049" asserts="1" />
              <test-case id="0-3214" name="PositiveEqualityTestWithTolerance(01/30/2014 09:19:55 +03:00,01/30/2014 09:19:56 +03:01)" fullname="NUnit.Framework.Constraints.EqualConstraintTests+DateTimeOffsetShouldBeSame.PositiveEqualityTestWithTolerance(01/30/2014 09:19:55 +03:00,01/30/2014 09:19:56 +03:01)" methodname="PositiveEqualityTestWithTolerance" classname="NUnit.Framework.Constraints.EqualConstraintTests+DateTimeOffsetShouldBeSame" runstate="Runnable" seed="1781516660" result="Passed" start-time="2017-02-21 11:04:46Z" end-time="2017-02-21 11:04:46Z" duration="0.000036" asserts="1" />
              <test-case id="0-3215" name="PositiveEqualityTestWithTolerance(01/30/2014 09:19:55 +03:00,01/30/2014 09:19:55 +03:00)" fullname="NUnit.Framework.Constraints.EqualConstraintTests+DateTimeOffsetShouldBeSame.PositiveEqualityTestWithTolerance(01/30/2014 09:19:55 +03:00,01/30/2014 09:19:55 +03:00)" methodname="PositiveEqualityTestWithTolerance" classname="NUnit.Framework.Constraints.EqualConstraintTests+DateTimeOffsetShouldBeSame" runstate="Runnable" seed="81635279" result="Passed" start-time="2017-02-21 11:04:46Z" end-time="2017-02-21 11:04:46Z" duration="0.000034" asserts="1" />
              <test-case id="0-3216" name="PositiveEqualityTestWithTolerance(01/30/2014 09:19:55 +03:00,01/30/2014 09:19:55 +03:50)" fullname="NUnit.Framework.Constraints.EqualConstraintTests+DateTimeOffsetShouldBeSame.PositiveEqualityTestWithTolerance(01/30/2014 09:19:55 +03:00,01/30/2014 09:19:55 +03:50)" methodname="PositiveEqualityTestWithTolerance" classname="NUnit.Framework.Constraints.EqualConstraintTests+DateTimeOffsetShouldBeSame" runstate="Runnable" seed="1281509457" result="Inconclusive" start-time="2017-02-21 11:04:46Z" end-time="2017-02-21 11:04:46Z" duration="0.000470" asserts="0">
                <reason>
                  <message><![CDATA[  Expected: True
  But was:  False
]]></message>
                </reason>
              </test-case>
              <test-case id="0-3217" name="PositiveEqualityTestWithTolerance(01/30/2014 09:19:55 +03:50,01/30/2014 12:34:56 +06:15)" fullname="NUnit.Framework.Constraints.EqualConstraintTests+DateTimeOffsetShouldBeSame.PositiveEqualityTestWithTolerance(01/30/2014 09:19:55 +03:50,01/30/2014 12:34:56 +06:15)" methodname="PositiveEqualityTestWithTolerance" classname="NUnit.Framework.Constraints.EqualConstraintTests+DateTimeOffsetShouldBeSame" runstate="Runnable" seed="984448231" result="Inconclusive" start-time="2017-02-21 11:04:46Z" end-time="2017-02-21 11:04:46Z" duration="0.000699" asserts="0">
                <reason>
                  <message><![CDATA[  Expected: True
  But was:  False
]]></message>
                </reason>
              </test-case>
              <test-case id="0-3218" name="PositiveEqualityTestWithTolerance(01/30/2014 09:19:55 +03:50,01/30/2014 09:19:56 +03:00)" fullname="NUnit.Framework.Constraints.EqualConstraintTests+DateTimeOffsetShouldBeSame.PositiveEqualityTestWithTolerance(01/30/2014 09:19:55 +03:50,01/30/2014 09:19:56 +03:00)" methodname="PositiveEqualityTestWithTolerance" classname="NUnit.Framework.Constraints.EqualConstraintTests+DateTimeOffsetShouldBeSame" runstate="Runnable" seed="573385557" result="Inconclusive" start-time="2017-02-21 11:04:46Z" end-time="2017-02-21 11:04:46Z" duration="0.000592" asserts="0">
                <reason>
                  <message><![CDATA[  Expected: True
  But was:  False
]]></message>
                </reason>
              </test-case>
              <test-case id="0-3219" name="PositiveEqualityTestWithTolerance(01/30/2014 09:19:55 +03:50,01/30/2014 09:19:56 +03:01)" fullname="NUnit.Framework.Constraints.EqualConstraintTests+DateTimeOffsetShouldBeSame.PositiveEqualityTestWithTolerance(01/30/2014 09:19:55 +03:50,01/30/2014 09:19:56 +03:01)" methodname="PositiveEqualityTestWithTolerance" classname="NUnit.Framework.Constraints.EqualConstraintTests+DateTimeOffsetShouldBeSame" runstate="Runnable" seed="1079698456" result="Inconclusive" start-time="2017-02-21 11:04:46Z" end-time="2017-02-21 11:04:46Z" duration="0.000290" asserts="0">
                <reason>
                  <message><![CDATA[  Expected: True
  But was:  False
]]></message>
                </reason>
              </test-case>
              <test-case id="0-3220" name="PositiveEqualityTestWithTolerance(01/30/2014 09:19:55 +03:50,01/30/2014 09:19:55 +03:00)" fullname="NUnit.Framework.Constraints.EqualConstraintTests+DateTimeOffsetShouldBeSame.PositiveEqualityTestWithTolerance(01/30/2014 09:19:55 +03:50,01/30/2014 09:19:55 +03:00)" methodname="PositiveEqualityTestWithTolerance" classname="NUnit.Framework.Constraints.EqualConstraintTests+DateTimeOffsetShouldBeSame" runstate="Runnable" seed="713926004" result="Inconclusive" start-time="2017-02-21 11:04:46Z" end-time="2017-02-21 11:04:46Z" duration="0.000385" asserts="0">
                <reason>
                  <message><![CDATA[  Expected: True
  But was:  False
]]></message>
                </reason>
              </test-case>
              <test-case id="0-3221" name="PositiveEqualityTestWithTolerance(01/30/2014 09:19:55 +03:50,01/30/2014 09:19:55 +03:50)" fullname="NUnit.Framework.Constraints.EqualConstraintTests+DateTimeOffsetShouldBeSame.PositiveEqualityTestWithTolerance(01/30/2014 09:19:55 +03:50,01/30/2014 09:19:55 +03:50)" methodname="PositiveEqualityTestWithTolerance" classname="NUnit.Framework.Constraints.EqualConstraintTests+DateTimeOffsetShouldBeSame" runstate="Runnable" seed="1491335577" result="Passed" start-time="2017-02-21 11:04:46Z" end-time="2017-02-21 11:04:46Z" duration="0.000045" asserts="1" />
            </test-suite>
            <test-suite type="Theory" id="0-3300" name="PositiveEqualityTestWithToleranceAndWithSameOffset" fullname="NUnit.Framework.Constraints.EqualConstraintTests+DateTimeOffsetShouldBeSame.PositiveEqualityTestWithToleranceAndWithSameOffset" classname="NUnit.Framework.Constraints.EqualConstraintTests+DateTimeOffsetShouldBeSame" runstate="Runnable" testcasecount="25" result="Passed" start-time="2017-02-21 11:04:46Z" end-time="2017-02-21 11:04:46Z" duration="0.078754" total="25" passed="7" failed="0" warnings="0" inconclusive="18" skipped="0" asserts="7">
              <properties>
                <property name="_JOINTYPE" value="Combinatorial" />
              </properties>
              <test-case id="0-3275" name="PositiveEqualityTestWithToleranceAndWithSameOffset(01/30/2014 12:34:56 +06:15,01/30/2014 12:34:56 +06:15)" fullname="NUnit.Framework.Constraints.EqualConstraintTests+DateTimeOffsetShouldBeSame.PositiveEqualityTestWithToleranceAndWithSameOffset(01/30/2014 12:34:56 +06:15,01/30/2014 12:34:56 +06:15)" methodname="PositiveEqualityTestWithToleranceAndWithSameOffset" classname="NUnit.Framework.Constraints.EqualConstraintTests+DateTimeOffsetShouldBeSame" runstate="Runnable" seed="1265297962" result="Passed" start-time="2017-02-21 11:04:46Z" end-time="2017-02-21 11:04:46Z" duration="0.000487" asserts="1" />
              <test-case id="0-3276" name="PositiveEqualityTestWithToleranceAndWithSameOffset(01/30/2014 12:34:56 +06:15,01/30/2014 09:19:56 +03:00)" fullname="NUnit.Framework.Constraints.EqualConstraintTests+DateTimeOffsetShouldBeSame.PositiveEqualityTestWithToleranceAndWithSameOffset(01/30/2014 12:34:56 +06:15,01/30/2014 09:19:56 +03:00)" methodname="PositiveEqualityTestWithToleranceAndWithSameOffset" classname="NUnit.Framework.Constraints.EqualConstraintTests+DateTimeOffsetShouldBeSame" runstate="Runnable" seed="1637685917" result="Inconclusive" start-time="2017-02-21 11:04:46Z" end-time="2017-02-21 11:04:46Z" duration="0.000377" asserts="0">
                <reason>
                  <message><![CDATA[  Expected: True
  But was:  False
]]></message>
                </reason>
              </test-case>
              <test-case id="0-3277" name="PositiveEqualityTestWithToleranceAndWithSameOffset(01/30/2014 12:34:56 +06:15,01/30/2014 09:19:56 +03:01)" fullname="NUnit.Framework.Constraints.EqualConstraintTests+DateTimeOffsetShouldBeSame.PositiveEqualityTestWithToleranceAndWithSameOffset(01/30/2014 12:34:56 +06:15,01/30/2014 09:19:56 +03:01)" methodname="PositiveEqualityTestWithToleranceAndWithSameOffset" classname="NUnit.Framework.Constraints.EqualConstraintTests+DateTimeOffsetShouldBeSame" runstate="Runnable" seed="232208542" result="Inconclusive" start-time="2017-02-21 11:04:46Z" end-time="2017-02-21 11:04:46Z" duration="0.000439" asserts="0">
                <reason>
                  <message><![CDATA[  Expected: True
  But was:  False
]]></message>
                </reason>
              </test-case>
              <test-case id="0-3278" name="PositiveEqualityTestWithToleranceAndWithSameOffset(01/30/2014 12:34:56 +06:15,01/30/2014 09:19:55 +03:00)" fullname="NUnit.Framework.Constraints.EqualConstraintTests+DateTimeOffsetShouldBeSame.PositiveEqualityTestWithToleranceAndWithSameOffset(01/30/2014 12:34:56 +06:15,01/30/2014 09:19:55 +03:00)" methodname="PositiveEqualityTestWithToleranceAndWithSameOffset" classname="NUnit.Framework.Constraints.EqualConstraintTests+DateTimeOffsetShouldBeSame" runstate="Runnable" seed="507438458" result="Inconclusive" start-time="2017-02-21 11:04:46Z" end-time="2017-02-21 11:04:46Z" duration="0.000569" asserts="0">
                <reason>
                  <message><![CDATA[  Expected: True
  But was:  False
]]></message>
                </reason>
              </test-case>
              <test-case id="0-3279" name="PositiveEqualityTestWithToleranceAndWithSameOffset(01/30/2014 12:34:56 +06:15,01/30/2014 09:19:55 +03:50)" fullname="NUnit.Framework.Constraints.EqualConstraintTests+DateTimeOffsetShouldBeSame.PositiveEqualityTestWithToleranceAndWithSameOffset(01/30/2014 12:34:56 +06:15,01/30/2014 09:19:55 +03:50)" methodname="PositiveEqualityTestWithToleranceAndWithSameOffset" classname="NUnit.Framework.Constraints.EqualConstraintTests+DateTimeOffsetShouldBeSame" runstate="Runnable" seed="1512946173" result="Inconclusive" start-time="2017-02-21 11:04:46Z" end-time="2017-02-21 11:04:46Z" duration="0.000434" asserts="0">
                <reason>
                  <message><![CDATA[  Expected: True
  But was:  False
]]></message>
                </reason>
              </test-case>
              <test-case id="0-3280" name="PositiveEqualityTestWithToleranceAndWithSameOffset(01/30/2014 09:19:56 +03:00,01/30/2014 12:34:56 +06:15)" fullname="NUnit.Framework.Constraints.EqualConstraintTests+DateTimeOffsetShouldBeSame.PositiveEqualityTestWithToleranceAndWithSameOffset(01/30/2014 09:19:56 +03:00,01/30/2014 12:34:56 +06:15)" methodname="PositiveEqualityTestWithToleranceAndWithSameOffset" classname="NUnit.Framework.Constraints.EqualConstraintTests+DateTimeOffsetShouldBeSame" runstate="Runnable" seed="1810806010" result="Inconclusive" start-time="2017-02-21 11:04:46Z" end-time="2017-02-21 11:04:46Z" duration="0.000824" asserts="0">
                <reason>
                  <message><![CDATA[  Expected: True
  But was:  False
]]></message>
                </reason>
              </test-case>
              <test-case id="0-3281" name="PositiveEqualityTestWithToleranceAndWithSameOffset(01/30/2014 09:19:56 +03:00,01/30/2014 09:19:56 +03:00)" fullname="NUnit.Framework.Constraints.EqualConstraintTests+DateTimeOffsetShouldBeSame.PositiveEqualityTestWithToleranceAndWithSameOffset(01/30/2014 09:19:56 +03:00,01/30/2014 09:19:56 +03:00)" methodname="PositiveEqualityTestWithToleranceAndWithSameOffset" classname="NUnit.Framework.Constraints.EqualConstraintTests+DateTimeOffsetShouldBeSame" runstate="Runnable" seed="1253328227" result="Passed" start-time="2017-02-21 11:04:46Z" end-time="2017-02-21 11:04:46Z" duration="0.000045" asserts="1" />
              <test-case id="0-3282" name="PositiveEqualityTestWithToleranceAndWithSameOffset(01/30/2014 09:19:56 +03:00,01/30/2014 09:19:56 +03:01)" fullname="NUnit.Framework.Constraints.EqualConstraintTests+DateTimeOffsetShouldBeSame.PositiveEqualityTestWithToleranceAndWithSameOffset(01/30/2014 09:19:56 +03:00,01/30/2014 09:19:56 +03:01)" methodname="PositiveEqualityTestWithToleranceAndWithSameOffset" classname="NUnit.Framework.Constraints.EqualConstraintTests+DateTimeOffsetShouldBeSame" runstate="Runnable" seed="1606763747" result="Inconclusive" start-time="2017-02-21 11:04:46Z" end-time="2017-02-21 11:04:46Z" duration="0.000313" asserts="0">
                <reason>
                  <message><![CDATA[  Expected: True
  But was:  False
]]></message>
                </reason>
              </test-case>
              <test-case id="0-3283" name="PositiveEqualityTestWithToleranceAndWithSameOffset(01/30/2014 09:19:56 +03:00,01/30/2014 09:19:55 +03:00)" fullname="NUnit.Framework.Constraints.EqualConstraintTests+DateTimeOffsetShouldBeSame.PositiveEqualityTestWithToleranceAndWithSameOffset(01/30/2014 09:19:56 +03:00,01/30/2014 09:19:55 +03:00)" methodname="PositiveEqualityTestWithToleranceAndWithSameOffset" classname="NUnit.Framework.Constraints.EqualConstraintTests+DateTimeOffsetShouldBeSame" runstate="Runnable" seed="1368597774" result="Passed" start-time="2017-02-21 11:04:46Z" end-time="2017-02-21 11:04:46Z" duration="0.000039" asserts="1" />
              <test-case id="0-3284" name="PositiveEqualityTestWithToleranceAndWithSameOffset(01/30/2014 09:19:56 +03:00,01/30/2014 09:19:55 +03:50)" fullname="NUnit.Framework.Constraints.EqualConstraintTests+DateTimeOffsetShouldBeSame.PositiveEqualityTestWithToleranceAndWithSameOffset(01/30/2014 09:19:56 +03:00,01/30/2014 09:19:55 +03:50)" methodname="PositiveEqualityTestWithToleranceAndWithSameOffset" classname="NUnit.Framework.Constraints.EqualConstraintTests+DateTimeOffsetShouldBeSame" runstate="Runnable" seed="22668741" result="Inconclusive" start-time="2017-02-21 11:04:46Z" end-time="2017-02-21 11:04:46Z" duration="0.000479" asserts="0">
                <reason>
                  <message><![CDATA[  Expected: True
  But was:  False
]]></message>
                </reason>
              </test-case>
              <test-case id="0-3285" name="PositiveEqualityTestWithToleranceAndWithSameOffset(01/30/2014 09:19:56 +03:01,01/30/2014 12:34:56 +06:15)" fullname="NUnit.Framework.Constraints.EqualConstraintTests+DateTimeOffsetShouldBeSame.PositiveEqualityTestWithToleranceAndWithSameOffset(01/30/2014 09:19:56 +03:01,01/30/2014 12:34:56 +06:15)" methodname="PositiveEqualityTestWithToleranceAndWithSameOffset" classname="NUnit.Framework.Constraints.EqualConstraintTests+DateTimeOffsetShouldBeSame" runstate="Runnable" seed="782191365" result="Inconclusive" start-time="2017-02-21 11:04:46Z" end-time="2017-02-21 11:04:46Z" duration="0.000787" asserts="0">
                <reason>
                  <message><![CDATA[  Expected: True
  But was:  False
]]></message>
                </reason>
              </test-case>
              <test-case id="0-3286" name="PositiveEqualityTestWithToleranceAndWithSameOffset(01/30/2014 09:19:56 +03:01,01/30/2014 09:19:56 +03:00)" fullname="NUnit.Framework.Constraints.EqualConstraintTests+DateTimeOffsetShouldBeSame.PositiveEqualityTestWithToleranceAndWithSameOffset(01/30/2014 09:19:56 +03:01,01/30/2014 09:19:56 +03:00)" methodname="PositiveEqualityTestWithToleranceAndWithSameOffset" classname="NUnit.Framework.Constraints.EqualConstraintTests+DateTimeOffsetShouldBeSame" runstate="Runnable" seed="160177699" result="Inconclusive" start-time="2017-02-21 11:04:46Z" end-time="2017-02-21 11:04:46Z" duration="0.000312" asserts="0">
                <reason>
                  <message><![CDATA[  Expected: True
  But was:  False
]]></message>
                </reason>
              </test-case>
              <test-case id="0-3287" name="PositiveEqualityTestWithToleranceAndWithSameOffset(01/30/2014 09:19:56 +03:01,01/30/2014 09:19:56 +03:01)" fullname="NUnit.Framework.Constraints.EqualConstraintTests+DateTimeOffsetShouldBeSame.PositiveEqualityTestWithToleranceAndWithSameOffset(01/30/2014 09:19:56 +03:01,01/30/2014 09:19:56 +03:01)" methodname="PositiveEqualityTestWithToleranceAndWithSameOffset" classname="NUnit.Framework.Constraints.EqualConstraintTests+DateTimeOffsetShouldBeSame" runstate="Runnable" seed="894614990" result="Passed" start-time="2017-02-21 11:04:46Z" end-time="2017-02-21 11:04:46Z" duration="0.000041" asserts="1" />
              <test-case id="0-3288" name="PositiveEqualityTestWithToleranceAndWithSameOffset(01/30/2014 09:19:56 +03:01,01/30/2014 09:19:55 +03:00)" fullname="NUnit.Framework.Constraints.EqualConstraintTests+DateTimeOffsetShouldBeSame.PositiveEqualityTestWithToleranceAndWithSameOffset(01/30/2014 09:19:56 +03:01,01/30/2014 09:19:55 +03:00)" methodname="PositiveEqualityTestWithToleranceAndWithSameOffset" classname="NUnit.Framework.Constraints.EqualConstraintTests+DateTimeOffsetShouldBeSame" runstate="Runnable" seed="1150625958" result="Inconclusive" start-time="2017-02-21 11:04:46Z" end-time="2017-02-21 11:04:46Z" duration="0.000389" asserts="0">
                <reason>
                  <message><![CDATA[  Expected: True
  But was:  False
]]></message>
                </reason>
              </test-case>
              <test-case id="0-3289" name="PositiveEqualityTestWithToleranceAndWithSameOffset(01/30/2014 09:19:56 +03:01,01/30/2014 09:19:55 +03:50)" fullname="NUnit.Framework.Constraints.EqualConstraintTests+DateTimeOffsetShouldBeSame.PositiveEqualityTestWithToleranceAndWithSameOffset(01/30/2014 09:19:56 +03:01,01/30/2014 09:19:55 +03:50)" methodname="PositiveEqualityTestWithToleranceAndWithSameOffset" classname="NUnit.Framework.Constraints.EqualConstraintTests+DateTimeOffsetShouldBeSame" runstate="Runnable" seed="2077869268" result="Inconclusive" start-time="2017-02-21 11:04:46Z" end-time="2017-02-21 11:04:46Z" duration="0.000439" asserts="0">
                <reason>
                  <message><![CDATA[  Expected: True
  But was:  False
]]></message>
                </reason>
              </test-case>
              <test-case id="0-3290" name="PositiveEqualityTestWithToleranceAndWithSameOffset(01/30/2014 09:19:55 +03:00,01/30/2014 12:34:56 +06:15)" fullname="NUnit.Framework.Constraints.EqualConstraintTests+DateTimeOffsetShouldBeSame.PositiveEqualityTestWithToleranceAndWithSameOffset(01/30/2014 09:19:55 +03:00,01/30/2014 12:34:56 +06:15)" methodname="PositiveEqualityTestWithToleranceAndWithSameOffset" classname="NUnit.Framework.Constraints.EqualConstraintTests+DateTimeOffsetShouldBeSame" runstate="Runnable" seed="2058989144" result="Inconclusive" start-time="2017-02-21 11:04:46Z" end-time="2017-02-21 11:04:46Z" duration="0.000392" asserts="0">
                <reason>
                  <message><![CDATA[  Expected: True
  But was:  False
]]></message>
                </reason>
              </test-case>
              <test-case id="0-3291" name="PositiveEqualityTestWithToleranceAndWithSameOffset(01/30/2014 09:19:55 +03:00,01/30/2014 09:19:56 +03:00)" fullname="NUnit.Framework.Constraints.EqualConstraintTests+DateTimeOffsetShouldBeSame.PositiveEqualityTestWithToleranceAndWithSameOffset(01/30/2014 09:19:55 +03:00,01/30/2014 09:19:56 +03:00)" methodname="PositiveEqualityTestWithToleranceAndWithSameOffset" classname="NUnit.Framework.Constraints.EqualConstraintTests+DateTimeOffsetShouldBeSame" runstate="Runnable" seed="1483207058" result="Passed" start-time="2017-02-21 11:04:46Z" end-time="2017-02-21 11:04:46Z" duration="0.000047" asserts="1" />
              <test-case id="0-3292" name="PositiveEqualityTestWithToleranceAndWithSameOffset(01/30/2014 09:19:55 +03:00,01/30/2014 09:19:56 +03:01)" fullname="NUnit.Framework.Constraints.EqualConstraintTests+DateTimeOffsetShouldBeSame.PositiveEqualityTestWithToleranceAndWithSameOffset(01/30/2014 09:19:55 +03:00,01/30/2014 09:19:56 +03:01)" methodname="PositiveEqualityTestWithToleranceAndWithSameOffset" classname="NUnit.Framework.Constraints.EqualConstraintTests+DateTimeOffsetShouldBeSame" runstate="Runnable" seed="88833548" result="Inconclusive" start-time="2017-02-21 11:04:46Z" end-time="2017-02-21 11:04:46Z" duration="0.001215" asserts="0">
                <reason>
                  <message><![CDATA[  Expected: True
  But was:  False
]]></message>
                </reason>
              </test-case>
              <test-case id="0-3293" name="PositiveEqualityTestWithToleranceAndWithSameOffset(01/30/2014 09:19:55 +03:00,01/30/2014 09:19:55 +03:00)" fullname="NUnit.Framework.Constraints.EqualConstraintTests+DateTimeOffsetShouldBeSame.PositiveEqualityTestWithToleranceAndWithSameOffset(01/30/2014 09:19:55 +03:00,01/30/2014 09:19:55 +03:00)" methodname="PositiveEqualityTestWithToleranceAndWithSameOffset" classname="NUnit.Framework.Constraints.EqualConstraintTests+DateTimeOffsetShouldBeSame" runstate="Runnable" seed="88301993" result="Passed" start-time="2017-02-21 11:04:46Z" end-time="2017-02-21 11:04:46Z" duration="0.000036" asserts="1" />
              <test-case id="0-3294" name="PositiveEqualityTestWithToleranceAndWithSameOffset(01/30/2014 09:19:55 +03:00,01/30/2014 09:19:55 +03:50)" fullname="NUnit.Framework.Constraints.EqualConstraintTests+DateTimeOffsetShouldBeSame.PositiveEqualityTestWithToleranceAndWithSameOffset(01/30/2014 09:19:55 +03:00,01/30/2014 09:19:55 +03:50)" methodname="PositiveEqualityTestWithToleranceAndWithSameOffset" classname="NUnit.Framework.Constraints.EqualConstraintTests+DateTimeOffsetShouldBeSame" runstate="Runnable" seed="982121717" result="Inconclusive" start-time="2017-02-21 11:04:46Z" end-time="2017-02-21 11:04:46Z" duration="0.000443" asserts="0">
                <reason>
                  <message><![CDATA[  Expected: True
  But was:  False
]]></message>
                </reason>
              </test-case>
              <test-case id="0-3295" name="PositiveEqualityTestWithToleranceAndWithSameOffset(01/30/2014 09:19:55 +03:50,01/30/2014 12:34:56 +06:15)" fullname="NUnit.Framework.Constraints.EqualConstraintTests+DateTimeOffsetShouldBeSame.PositiveEqualityTestWithToleranceAndWithSameOffset(01/30/2014 09:19:55 +03:50,01/30/2014 12:34:56 +06:15)" methodname="PositiveEqualityTestWithToleranceAndWithSameOffset" classname="NUnit.Framework.Constraints.EqualConstraintTests+DateTimeOffsetShouldBeSame" runstate="Runnable" seed="1577825720" result="Inconclusive" start-time="2017-02-21 11:04:46Z" end-time="2017-02-21 11:04:46Z" duration="0.001384" asserts="0">
                <reason>
                  <message><![CDATA[  Expected: True
  But was:  False
]]></message>
                </reason>
              </test-case>
              <test-case id="0-3296" name="PositiveEqualityTestWithToleranceAndWithSameOffset(01/30/2014 09:19:55 +03:50,01/30/2014 09:19:56 +03:00)" fullname="NUnit.Framework.Constraints.EqualConstraintTests+DateTimeOffsetShouldBeSame.PositiveEqualityTestWithToleranceAndWithSameOffset(01/30/2014 09:19:55 +03:50,01/30/2014 09:19:56 +03:00)" methodname="PositiveEqualityTestWithToleranceAndWithSameOffset" classname="NUnit.Framework.Constraints.EqualConstraintTests+DateTimeOffsetShouldBeSame" runstate="Runnable" seed="1025604208" result="Inconclusive" start-time="2017-02-21 11:04:46Z" end-time="2017-02-21 11:04:46Z" duration="0.000295" asserts="0">
                <reason>
                  <message><![CDATA[  Expected: True
  But was:  False
]]></message>
                </reason>
              </test-case>
              <test-case id="0-3297" name="PositiveEqualityTestWithToleranceAndWithSameOffset(01/30/2014 09:19:55 +03:50,01/30/2014 09:19:56 +03:01)" fullname="NUnit.Framework.Constraints.EqualConstraintTests+DateTimeOffsetShouldBeSame.PositiveEqualityTestWithToleranceAndWithSameOffset(01/30/2014 09:19:55 +03:50,01/30/2014 09:19:56 +03:01)" methodname="PositiveEqualityTestWithToleranceAndWithSameOffset" classname="NUnit.Framework.Constraints.EqualConstraintTests+DateTimeOffsetShouldBeSame" runstate="Runnable" seed="856638177" result="Inconclusive" start-time="2017-02-21 11:04:46Z" end-time="2017-02-21 11:04:46Z" duration="0.000451" asserts="0">
                <reason>
                  <message><![CDATA[  Expected: True
  But was:  False
]]></message>
                </reason>
              </test-case>
              <test-case id="0-3298" name="PositiveEqualityTestWithToleranceAndWithSameOffset(01/30/2014 09:19:55 +03:50,01/30/2014 09:19:55 +03:00)" fullname="NUnit.Framework.Constraints.EqualConstraintTests+DateTimeOffsetShouldBeSame.PositiveEqualityTestWithToleranceAndWithSameOffset(01/30/2014 09:19:55 +03:50,01/30/2014 09:19:55 +03:00)" methodname="PositiveEqualityTestWithToleranceAndWithSameOffset" classname="NUnit.Framework.Constraints.EqualConstraintTests+DateTimeOffsetShouldBeSame" runstate="Runnable" seed="121281454" result="Inconclusive" start-time="2017-02-21 11:04:46Z" end-time="2017-02-21 11:04:46Z" duration="0.000484" asserts="0">
                <reason>
                  <message><![CDATA[  Expected: True
  But was:  False
]]></message>
                </reason>
              </test-case>
              <test-case id="0-3299" name="PositiveEqualityTestWithToleranceAndWithSameOffset(01/30/2014 09:19:55 +03:50,01/30/2014 09:19:55 +03:50)" fullname="NUnit.Framework.Constraints.EqualConstraintTests+DateTimeOffsetShouldBeSame.PositiveEqualityTestWithToleranceAndWithSameOffset(01/30/2014 09:19:55 +03:50,01/30/2014 09:19:55 +03:50)" methodname="PositiveEqualityTestWithToleranceAndWithSameOffset" classname="NUnit.Framework.Constraints.EqualConstraintTests+DateTimeOffsetShouldBeSame" runstate="Runnable" seed="1648106818" result="Passed" start-time="2017-02-21 11:04:46Z" end-time="2017-02-21 11:04:46Z" duration="0.000027" asserts="1" />
            </test-suite>
          </test-suite>
          <test-suite type="TestFixture" id="0-3531" name="MsgUtilTests" fullname="NUnit.Framework.Constraints.MsgUtilTests" classname="NUnit.Framework.Constraints.MsgUtilTests" runstate="Runnable" testcasecount="48" result="Passed" start-time="2017-02-21 11:04:46Z" end-time="2017-02-21 11:04:46Z" duration="0.149959" total="48" passed="48" failed="0" warnings="0" inconclusive="0" skipped="0" asserts="54">
            <test-case id="0-3582" name="ClipExpectedAndActual_StringsDoNotFitInLine" fullname="NUnit.Framework.Constraints.MsgUtilTests.ClipExpectedAndActual_StringsDoNotFitInLine" methodname="ClipExpectedAndActual_StringsDoNotFitInLine" classname="NUnit.Framework.Constraints.MsgUtilTests" runstate="Runnable" seed="799218286" result="Passed" start-time="2017-02-21 11:04:46Z" end-time="2017-02-21 11:04:46Z" duration="0.000257" asserts="4" />
            <test-case id="0-3580" name="ClipExpectedAndActual_StringsFitInLine" fullname="NUnit.Framework.Constraints.MsgUtilTests.ClipExpectedAndActual_StringsFitInLine" methodname="ClipExpectedAndActual_StringsFitInLine" classname="NUnit.Framework.Constraints.MsgUtilTests" runstate="Runnable" seed="1181216847" result="Passed" start-time="2017-02-21 11:04:46Z" end-time="2017-02-21 11:04:46Z" duration="0.000240" asserts="4" />
            <test-case id="0-3581" name="ClipExpectedAndActual_StringTailsFitInLine" fullname="NUnit.Framework.Constraints.MsgUtilTests.ClipExpectedAndActual_StringTailsFitInLine" methodname="ClipExpectedAndActual_StringTailsFitInLine" classname="NUnit.Framework.Constraints.MsgUtilTests" runstate="Runnable" seed="1100977979" result="Passed" start-time="2017-02-21 11:04:46Z" end-time="2017-02-21 11:04:46Z" duration="0.000155" asserts="1" />
            <test-suite type="ParameterizedMethod" id="0-3573" name="DoNotEscapeNonNullControlChars" fullname="NUnit.Framework.Constraints.MsgUtilTests.DoNotEscapeNonNullControlChars" classname="NUnit.Framework.Constraints.MsgUtilTests" runstate="Runnable" testcasecount="5" result="Passed" start-time="2017-02-21 11:04:46Z" end-time="2017-02-21 11:04:46Z" duration="0.013041" total="5" passed="5" failed="0" warnings="0" inconclusive="0" skipped="0" asserts="5">
              <test-case id="0-3568" name="DoNotEscapeNonNullControlChars(&quot;\n&quot;,&quot;\n&quot;)" fullname="NUnit.Framework.Constraints.MsgUtilTests.DoNotEscapeNonNullControlChars(&quot;\n&quot;,&quot;\n&quot;)" methodname="DoNotEscapeNonNullControlChars" classname="NUnit.Framework.Constraints.MsgUtilTests" runstate="Runnable" seed="1945096151" result="Passed" start-time="2017-02-21 11:04:46Z" end-time="2017-02-21 11:04:46Z" duration="0.000422" asserts="1" />
              <test-case id="0-3569" name="DoNotEscapeNonNullControlChars(&quot;\r&quot;,&quot;\r&quot;)" fullname="NUnit.Framework.Constraints.MsgUtilTests.DoNotEscapeNonNullControlChars(&quot;\r&quot;,&quot;\r&quot;)" methodname="DoNotEscapeNonNullControlChars" classname="NUnit.Framework.Constraints.MsgUtilTests" runstate="Runnable" seed="1581234432" result="Passed" start-time="2017-02-21 11:04:46Z" end-time="2017-02-21 11:04:46Z" duration="0.000191" asserts="1" />
              <test-case id="0-3570" name="DoNotEscapeNonNullControlChars(&quot;\r\n\r&quot;,&quot;\r\n\r&quot;)" fullname="NUnit.Framework.Constraints.MsgUtilTests.DoNotEscapeNonNullControlChars(&quot;\r\n\r&quot;,&quot;\r\n\r&quot;)" methodname="DoNotEscapeNonNullControlChars" classname="NUnit.Framework.Constraints.MsgUtilTests" runstate="Runnable" seed="1611145185" result="Passed" start-time="2017-02-21 11:04:46Z" end-time="2017-02-21 11:04:46Z" duration="0.000023" asserts="1" />
              <test-case id="0-3571" name="DoNotEscapeNonNullControlChars(&quot;\f&quot;,&quot;\f&quot;)" fullname="NUnit.Framework.Constraints.MsgUtilTests.DoNotEscapeNonNullControlChars(&quot;\f&quot;,&quot;\f&quot;)" methodname="DoNotEscapeNonNullControlChars" classname="NUnit.Framework.Constraints.MsgUtilTests" runstate="Runnable" seed="1944060234" result="Passed" start-time="2017-02-21 11:04:46Z" end-time="2017-02-21 11:04:46Z" duration="0.000028" asserts="1" />
              <test-case id="0-3572" name="DoNotEscapeNonNullControlChars(&quot;\b&quot;,&quot;\b&quot;)" fullname="NUnit.Framework.Constraints.MsgUtilTests.DoNotEscapeNonNullControlChars(&quot;\b&quot;,&quot;\b&quot;)" methodname="DoNotEscapeNonNullControlChars" classname="NUnit.Framework.Constraints.MsgUtilTests" runstate="Runnable" seed="565302593" result="Passed" start-time="2017-02-21 11:04:46Z" end-time="2017-02-21 11:04:46Z" duration="0.000042" asserts="1" />
            </test-suite>
            <test-suite type="ParameterizedMethod" id="0-3566" name="EscapeControlCharsTest" fullname="NUnit.Framework.Constraints.MsgUtilTests.EscapeControlCharsTest" classname="NUnit.Framework.Constraints.MsgUtilTests" runstate="Runnable" testcasecount="21" result="Passed" start-time="2017-02-21 11:04:46Z" end-time="2017-02-21 11:04:46Z" duration="0.058242" total="21" passed="21" failed="0" warnings="0" inconclusive="0" skipped="0" asserts="21">
              <test-case id="0-3545" name="EscapeControlCharsTest(&quot;\n&quot;,&quot;\\n&quot;)" fullname="NUnit.Framework.Constraints.MsgUtilTests.EscapeControlCharsTest(&quot;\n&quot;,&quot;\\n&quot;)" methodname="EscapeControlCharsTest" classname="NUnit.Framework.Constraints.MsgUtilTests" runstate="Runnable" seed="343931949" result="Passed" start-time="2017-02-21 11:04:46Z" end-time="2017-02-21 11:04:46Z" duration="0.000152" asserts="1" />
              <test-case id="0-3546" name="EscapeControlCharsTest(&quot;\n\n&quot;,&quot;\\n\\n&quot;)" fullname="NUnit.Framework.Constraints.MsgUtilTests.EscapeControlCharsTest(&quot;\n\n&quot;,&quot;\\n\\n&quot;)" methodname="EscapeControlCharsTest" classname="NUnit.Framework.Constraints.MsgUtilTests" runstate="Runnable" seed="1444118184" result="Passed" start-time="2017-02-21 11:04:46Z" end-time="2017-02-21 11:04:46Z" duration="0.000048" asserts="1" />
              <test-case id="0-3547" name="EscapeControlCharsTest(&quot;\n\n\n&quot;,&quot;\\n\\n\\n&quot;)" fullname="NUnit.Framework.Constraints.MsgUtilTests.EscapeControlCharsTest(&quot;\n\n\n&quot;,&quot;\\n\\n\\n&quot;)" methodname="EscapeControlCharsTest" classname="NUnit.Framework.Constraints.MsgUtilTests" runstate="Runnable" seed="873305493" result="Passed" start-time="2017-02-21 11:04:46Z" end-time="2017-02-21 11:04:46Z" duration="0.000055" asserts="1" />
              <test-case id="0-3548" name="EscapeControlCharsTest(&quot;\r&quot;,&quot;\\r&quot;)" fullname="NUnit.Framework.Constraints.MsgUtilTests.EscapeControlCharsTest(&quot;\r&quot;,&quot;\\r&quot;)" methodname="EscapeControlCharsTest" classname="NUnit.Framework.Constraints.MsgUtilTests" runstate="Runnable" seed="509673092" result="Passed" start-time="2017-02-21 11:04:46Z" end-time="2017-02-21 11:04:46Z" duration="0.000101" asserts="1" />
              <test-case id="0-3549" name="EscapeControlCharsTest(&quot;\r\r&quot;,&quot;\\r\\r&quot;)" fullname="NUnit.Framework.Constraints.MsgUtilTests.EscapeControlCharsTest(&quot;\r\r&quot;,&quot;\\r\\r&quot;)" methodname="EscapeControlCharsTest" classname="NUnit.Framework.Constraints.MsgUtilTests" runstate="Runnable" seed="1785721321" result="Passed" start-time="2017-02-21 11:04:46Z" end-time="2017-02-21 11:04:46Z" duration="0.000422" asserts="1" />
              <test-case id="0-3550" name="EscapeControlCharsTest(&quot;\r\r\r&quot;,&quot;\\r\\r\\r&quot;)" fullname="NUnit.Framework.Constraints.MsgUtilTests.EscapeControlCharsTest(&quot;\r\r\r&quot;,&quot;\\r\\r\\r&quot;)" methodname="EscapeControlCharsTest" classname="NUnit.Framework.Constraints.MsgUtilTests" runstate="Runnable" seed="1892258096" result="Passed" start-time="2017-02-21 11:04:46Z" end-time="2017-02-21 11:04:46Z" duration="0.000086" asserts="1" />
              <test-case id="0-3551" name="EscapeControlCharsTest(&quot;\r\n&quot;,&quot;\\r\\n&quot;)" fullname="NUnit.Framework.Constraints.MsgUtilTests.EscapeControlCharsTest(&quot;\r\n&quot;,&quot;\\r\\n&quot;)" methodname="EscapeControlCharsTest" classname="NUnit.Framework.Constraints.MsgUtilTests" runstate="Runnable" seed="67388734" result="Passed" start-time="2017-02-21 11:04:46Z" end-time="2017-02-21 11:04:46Z" duration="0.000100" asserts="1" />
              <test-case id="0-3552" name="EscapeControlCharsTest(&quot;\n\r&quot;,&quot;\\n\\r&quot;)" fullname="NUnit.Framework.Constraints.MsgUtilTests.EscapeControlCharsTest(&quot;\n\r&quot;,&quot;\\n\\r&quot;)" methodname="EscapeControlCharsTest" classname="NUnit.Framework.Constraints.MsgUtilTests" runstate="Runnable" seed="1296785576" result="Passed" start-time="2017-02-21 11:04:46Z" end-time="2017-02-21 11:04:46Z" duration="0.000468" asserts="1" />
              <test-case id="0-3553" name="EscapeControlCharsTest(&quot;This is a\rtest message&quot;,&quot;This is a\\rtest message&quot;)" fullname="NUnit.Framework.Constraints.MsgUtilTests.EscapeControlCharsTest(&quot;This is a\rtest message&quot;,&quot;This is a\\rtest message&quot;)" methodname="EscapeControlCharsTest" classname="NUnit.Framework.Constraints.MsgUtilTests" runstate="Runnable" seed="1656008892" result="Passed" start-time="2017-02-21 11:04:46Z" end-time="2017-02-21 11:04:46Z" duration="0.000212" asserts="1" />
              <test-case id="0-3554" name="EscapeControlCharsTest(&quot;&quot;,&quot;&quot;)" fullname="NUnit.Framework.Constraints.MsgUtilTests.EscapeControlCharsTest(&quot;&quot;,&quot;&quot;)" methodname="EscapeControlCharsTest" classname="NUnit.Framework.Constraints.MsgUtilTests" runstate="Runnable" seed="1468542780" result="Passed" start-time="2017-02-21 11:04:46Z" end-time="2017-02-21 11:04:46Z" duration="0.000071" asserts="1" />
              <test-case id="0-3555" name="EscapeControlCharsTest(null,null)" fullname="NUnit.Framework.Constraints.MsgUtilTests.EscapeControlCharsTest(null,null)" methodname="EscapeControlCharsTest" classname="NUnit.Framework.Constraints.MsgUtilTests" runstate="Runnable" seed="1012106685" result="Passed" start-time="2017-02-21 11:04:46Z" end-time="2017-02-21 11:04:46Z" duration="0.000226" asserts="1" />
              <test-case id="0-3556" name="EscapeControlCharsTest(&quot;\t&quot;,&quot;\\t&quot;)" fullname="NUnit.Framework.Constraints.MsgUtilTests.EscapeControlCharsTest(&quot;\t&quot;,&quot;\\t&quot;)" methodname="EscapeControlCharsTest" classname="NUnit.Framework.Constraints.MsgUtilTests" runstate="Runnable" seed="22311930" result="Passed" start-time="2017-02-21 11:04:46Z" end-time="2017-02-21 11:04:46Z" duration="0.000116" asserts="1" />
              <test-case id="0-3557" name="EscapeControlCharsTest(&quot;\t\n&quot;,&quot;\\t\\n&quot;)" fullname="NUnit.Framework.Constraints.MsgUtilTests.EscapeControlCharsTest(&quot;\t\n&quot;,&quot;\\t\\n&quot;)" methodname="EscapeControlCharsTest" classname="NUnit.Framework.Constraints.MsgUtilTests" runstate="Runnable" seed="572888470" result="Passed" start-time="2017-02-21 11:04:46Z" end-time="2017-02-21 11:04:46Z" duration="0.000075" asserts="1" />
              <test-case id="0-3558" name="EscapeControlCharsTest(&quot;\\r\\n&quot;,&quot;\\\\r\\\\n&quot;)" fullname="NUnit.Framework.Constraints.MsgUtilTests.EscapeControlCharsTest(&quot;\\r\\n&quot;,&quot;\\\\r\\\\n&quot;)" methodname="EscapeControlCharsTest" classname="NUnit.Framework.Constraints.MsgUtilTests" runstate="Runnable" seed="821932542" result="Passed" start-time="2017-02-21 11:04:46Z" end-time="2017-02-21 11:04:46Z" duration="0.000284" asserts="1" />
              <test-case id="0-3559" name="EscapeControlCharsTest(&quot;\a&quot;,&quot;\\a&quot;)" fullname="NUnit.Framework.Constraints.MsgUtilTests.EscapeControlCharsTest(&quot;\a&quot;,&quot;\\a&quot;)" methodname="EscapeControlCharsTest" classname="NUnit.Framework.Constraints.MsgUtilTests" runstate="Runnable" seed="1121955559" result="Passed" start-time="2017-02-21 11:04:46Z" end-time="2017-02-21 11:04:46Z" duration="0.000196" asserts="1" />
              <test-case id="0-3560" name="EscapeControlCharsTest(&quot;\b&quot;,&quot;\\b&quot;)" fullname="NUnit.Framework.Constraints.MsgUtilTests.EscapeControlCharsTest(&quot;\b&quot;,&quot;\\b&quot;)" methodname="EscapeControlCharsTest" classname="NUnit.Framework.Constraints.MsgUtilTests" runstate="Runnable" seed="589955521" result="Passed" start-time="2017-02-21 11:04:46Z" end-time="2017-02-21 11:04:46Z" duration="0.000080" asserts="1" />
              <test-case id="0-3561" name="EscapeControlCharsTest(&quot;\f&quot;,&quot;\\f&quot;)" fullname="NUnit.Framework.Constraints.MsgUtilTests.EscapeControlCharsTest(&quot;\f&quot;,&quot;\\f&quot;)" methodname="EscapeControlCharsTest" classname="NUnit.Framework.Constraints.MsgUtilTests" runstate="Runnable" seed="187482920" result="Passed" start-time="2017-02-21 11:04:46Z" end-time="2017-02-21 11:04:46Z" duration="0.000088" asserts="1" />
              <test-case id="0-3562" name="EscapeControlCharsTest(&quot;\v&quot;,&quot;\\v&quot;)" fullname="NUnit.Framework.Constraints.MsgUtilTests.EscapeControlCharsTest(&quot;\v&quot;,&quot;\\v&quot;)" methodname="EscapeControlCharsTest" classname="NUnit.Framework.Constraints.MsgUtilTests" runstate="Runnable" seed="1213518601" result="Passed" start-time="2017-02-21 11:04:46Z" end-time="2017-02-21 11:04:46Z" duration="0.000078" asserts="1" />
              <test-case id="0-3563" name="EscapeControlCharsTest(&quot;\x0085&quot;,&quot;\\x0085&quot;)" fullname="NUnit.Framework.Constraints.MsgUtilTests.EscapeControlCharsTest(&quot;\x0085&quot;,&quot;\\x0085&quot;)" methodname="EscapeControlCharsTest" classname="NUnit.Framework.Constraints.MsgUtilTests" runstate="Runnable" seed="566887675" result="Passed" start-time="2017-02-21 11:04:46Z" end-time="2017-02-21 11:04:46Z" duration="0.000133" asserts="1">
                <properties>
                  <property name="Description" value="Next line character" />
                </properties>
              </test-case>
              <test-case id="0-3564" name="EscapeControlCharsTest(&quot;\x2028&quot;,&quot;\\x2028&quot;)" fullname="NUnit.Framework.Constraints.MsgUtilTests.EscapeControlCharsTest(&quot;\x2028&quot;,&quot;\\x2028&quot;)" methodname="EscapeControlCharsTest" classname="NUnit.Framework.Constraints.MsgUtilTests" runstate="Runnable" seed="1914875006" result="Passed" start-time="2017-02-21 11:04:46Z" end-time="2017-02-21 11:04:46Z" duration="0.000080" asserts="1">
                <properties>
                  <property name="Description" value="Line separator character" />
                </properties>
              </test-case>
              <test-case id="0-3565" name="EscapeControlCharsTest(&quot;\x2029&quot;,&quot;\\x2029&quot;)" fullname="NUnit.Framework.Constraints.MsgUtilTests.EscapeControlCharsTest(&quot;\x2029&quot;,&quot;\\x2029&quot;)" methodname="EscapeControlCharsTest" classname="NUnit.Framework.Constraints.MsgUtilTests" runstate="Runnable" seed="1886353439" result="Passed" start-time="2017-02-21 11:04:46Z" end-time="2017-02-21 11:04:46Z" duration="0.000119" asserts="1">
                <properties>
                  <property name="Description" value="Paragraph separator character" />
                </properties>
              </test-case>
            </test-suite>
            <test-case id="0-3567" name="EscapeNullCharInString" fullname="NUnit.Framework.Constraints.MsgUtilTests.EscapeNullCharInString" methodname="EscapeNullCharInString" classname="NUnit.Framework.Constraints.MsgUtilTests" runstate="Runnable" seed="455216498" result="Passed" start-time="2017-02-21 11:04:46Z" end-time="2017-02-21 11:04:46Z" duration="0.000198" asserts="1" />
            <test-case id="0-3574" name="EscapesNullControlChars" fullname="NUnit.Framework.Constraints.MsgUtilTests.EscapesNullControlChars" methodname="EscapesNullControlChars" classname="NUnit.Framework.Constraints.MsgUtilTests" runstate="Runnable" seed="1434487449" result="Passed" start-time="2017-02-21 11:04:46Z" end-time="2017-02-21 11:04:46Z" duration="0.000177" asserts="1" />
            <test-case id="0-3532" name="FormatValue_ContextualCustomFormatterInvoked_FactoryArg" fullname="NUnit.Framework.Constraints.MsgUtilTests.FormatValue_ContextualCustomFormatterInvoked_FactoryArg" methodname="FormatValue_ContextualCustomFormatterInvoked_FactoryArg" classname="NUnit.Framework.Constraints.MsgUtilTests" runstate="Runnable" seed="894549408" result="Passed" start-time="2017-02-21 11:04:46Z" end-time="2017-02-21 11:04:46Z" duration="0.001380" asserts="1" />
            <test-case id="0-3534" name="FormatValue_ContextualCustomFormatterInvoked_FormatterArg" fullname="NUnit.Framework.Constraints.MsgUtilTests.FormatValue_ContextualCustomFormatterInvoked_FormatterArg" methodname="FormatValue_ContextualCustomFormatterInvoked_FormatterArg" classname="NUnit.Framework.Constraints.MsgUtilTests" runstate="Runnable" seed="130282921" result="Passed" start-time="2017-02-21 11:04:46Z" end-time="2017-02-21 11:04:46Z" duration="0.000900" asserts="1" />
            <test-case id="0-3533" name="FormatValue_ContextualCustomFormatterNotInvokedForNull" fullname="NUnit.Framework.Constraints.MsgUtilTests.FormatValue_ContextualCustomFormatterNotInvokedForNull" methodname="FormatValue_ContextualCustomFormatterNotInvokedForNull" classname="NUnit.Framework.Constraints.MsgUtilTests" runstate="Runnable" seed="1765801577" result="Passed" start-time="2017-02-21 11:04:46Z" end-time="2017-02-21 11:04:46Z" duration="0.000425" asserts="1" />
            <test-case id="0-3544" name="FormatValue_DateTimeOffsetTest" fullname="NUnit.Framework.Constraints.MsgUtilTests.FormatValue_DateTimeOffsetTest" methodname="FormatValue_DateTimeOffsetTest" classname="NUnit.Framework.Constraints.MsgUtilTests" runstate="Runnable" seed="1790229742" result="Passed" start-time="2017-02-21 11:04:46Z" end-time="2017-02-21 11:04:46Z" duration="0.000415" asserts="1" />
            <test-case id="0-3543" name="FormatValue_DateTimeTest" fullname="NUnit.Framework.Constraints.MsgUtilTests.FormatValue_DateTimeTest" methodname="FormatValue_DateTimeTest" classname="NUnit.Framework.Constraints.MsgUtilTests" runstate="Runnable" seed="1682681143" result="Passed" start-time="2017-02-21 11:04:46Z" end-time="2017-02-21 11:04:46Z" duration="0.000229" asserts="1" />
            <test-case id="0-3542" name="FormatValue_DecimalIsWrittenToTwentyNineDigits" fullname="NUnit.Framework.Constraints.MsgUtilTests.FormatValue_DecimalIsWrittenToTwentyNineDigits" methodname="FormatValue_DecimalIsWrittenToTwentyNineDigits" classname="NUnit.Framework.Constraints.MsgUtilTests" runstate="Runnable" seed="2078712535" result="Passed" start-time="2017-02-21 11:04:46Z" end-time="2017-02-21 11:04:46Z" duration="0.000143" asserts="1" />
            <test-case id="0-3541" name="FormatValue_DecimalIsWrittenWithTrailingM" fullname="NUnit.Framework.Constraints.MsgUtilTests.FormatValue_DecimalIsWrittenWithTrailingM" methodname="FormatValue_DecimalIsWrittenWithTrailingM" classname="NUnit.Framework.Constraints.MsgUtilTests" runstate="Runnable" seed="1438821065" result="Passed" start-time="2017-02-21 11:04:46Z" end-time="2017-02-21 11:04:46Z" duration="0.000159" asserts="1" />
            <test-case id="0-3540" name="FormatValue_DoubleIsWrittenToSeventeenDigits" fullname="NUnit.Framework.Constraints.MsgUtilTests.FormatValue_DoubleIsWrittenToSeventeenDigits" methodname="FormatValue_DoubleIsWrittenToSeventeenDigits" classname="NUnit.Framework.Constraints.MsgUtilTests" runstate="Runnable" seed="2048147960" result="Passed" start-time="2017-02-21 11:04:46Z" end-time="2017-02-21 11:04:46Z" duration="0.000195" asserts="1" />
            <test-case id="0-3539" name="FormatValue_DoubleIsWrittenWithTrailingD" fullname="NUnit.Framework.Constraints.MsgUtilTests.FormatValue_DoubleIsWrittenWithTrailingD" methodname="FormatValue_DoubleIsWrittenWithTrailingD" classname="NUnit.Framework.Constraints.MsgUtilTests" runstate="Runnable" seed="1013940124" result="Passed" start-time="2017-02-21 11:04:46Z" end-time="2017-02-21 11:04:46Z" duration="0.000332" asserts="1" />
            <test-case id="0-3538" name="FormatValue_FloatIsWrittenToNineDigits" fullname="NUnit.Framework.Constraints.MsgUtilTests.FormatValue_FloatIsWrittenToNineDigits" methodname="FormatValue_FloatIsWrittenToNineDigits" classname="NUnit.Framework.Constraints.MsgUtilTests" runstate="Runnable" seed="1469214720" result="Passed" start-time="2017-02-21 11:04:46Z" end-time="2017-02-21 11:04:46Z" duration="0.000162" asserts="1" />
            <test-case id="0-3537" name="FormatValue_FloatIsWrittenWithTrailingF" fullname="NUnit.Framework.Constraints.MsgUtilTests.FormatValue_FloatIsWrittenWithTrailingF" methodname="FormatValue_FloatIsWrittenWithTrailingF" classname="NUnit.Framework.Constraints.MsgUtilTests" runstate="Runnable" seed="258519498" result="Passed" start-time="2017-02-21 11:04:46Z" end-time="2017-02-21 11:04:46Z" duration="0.000616" asserts="1" />
            <test-case id="0-3535" name="FormatValue_IntegerIsWrittenAsIs" fullname="NUnit.Framework.Constraints.MsgUtilTests.FormatValue_IntegerIsWrittenAsIs" methodname="FormatValue_IntegerIsWrittenAsIs" classname="NUnit.Framework.Constraints.MsgUtilTests" runstate="Runnable" seed="633249196" result="Passed" start-time="2017-02-21 11:04:46Z" end-time="2017-02-21 11:04:46Z" duration="0.000120" asserts="1" />
            <test-case id="0-3536" name="FormatValue_StringIsWrittenWithQuotes" fullname="NUnit.Framework.Constraints.MsgUtilTests.FormatValue_StringIsWrittenWithQuotes" methodname="FormatValue_StringIsWrittenWithQuotes" classname="NUnit.Framework.Constraints.MsgUtilTests" runstate="Runnable" seed="566190043" result="Passed" start-time="2017-02-21 11:04:46Z" end-time="2017-02-21 11:04:46Z" duration="0.000132" asserts="1" />
            <test-suite type="ParameterizedMethod" id="0-3579" name="TestClipString" fullname="NUnit.Framework.Constraints.MsgUtilTests.TestClipString" classname="NUnit.Framework.Constraints.MsgUtilTests" runstate="Runnable" testcasecount="4" result="Passed" start-time="2017-02-21 11:04:46Z" end-time="2017-02-21 11:04:46Z" duration="0.016827" total="4" passed="4" failed="0" warnings="0" inconclusive="0" skipped="0" asserts="4">
              <test-case id="0-3575" name="NoClippingNeeded" fullname="NUnit.Framework.Constraints.MsgUtilTests.NoClippingNeeded" methodname="TestClipString" classname="NUnit.Framework.Constraints.MsgUtilTests" runstate="Runnable" seed="141695627" result="Passed" start-time="2017-02-21 11:04:46Z" end-time="2017-02-21 11:04:46Z" duration="0.000516" asserts="1">
                <output><![CDATA[input=  "abcdefghijklmnopqrstuvwxyzABCDEFGHIJKLMNOPQRSTUVWXYZ"
result= "abcdefghijklmnopqrstuvwxyzABCDEFGHIJKLMNOPQRSTUVWXYZ"
]]></output>
              </test-case>
              <test-case id="0-3576" name="ClipAtEnd" fullname="NUnit.Framework.Constraints.MsgUtilTests.ClipAtEnd" methodname="TestClipString" classname="NUnit.Framework.Constraints.MsgUtilTests" runstate="Runnable" seed="1739855721" result="Passed" start-time="2017-02-21 11:04:46Z" end-time="2017-02-21 11:04:46Z" duration="0.000051" asserts="1">
                <output><![CDATA[input=  "abcdefghijklmnopqrstuvwxyzABCDEFGHIJKLMNOPQRSTUVWXYZ"
result= "abcdefghijklmnopqrstuvwxyz..."
]]></output>
              </test-case>
              <test-case id="0-3577" name="ClipAtStart" fullname="NUnit.Framework.Constraints.MsgUtilTests.ClipAtStart" methodname="TestClipString" classname="NUnit.Framework.Constraints.MsgUtilTests" runstate="Runnable" seed="1061437221" result="Passed" start-time="2017-02-21 11:04:46Z" end-time="2017-02-21 11:04:46Z" duration="0.000311" asserts="1">
                <output><![CDATA[input=  "abcdefghijklmnopqrstuvwxyzABCDEFGHIJKLMNOPQRSTUVWXYZ"
result= "...ABCDEFGHIJKLMNOPQRSTUVWXYZ"
]]></output>
              </test-case>
              <test-case id="0-3578" name="ClipAtStartAndEnd" fullname="NUnit.Framework.Constraints.MsgUtilTests.ClipAtStartAndEnd" methodname="TestClipString" classname="NUnit.Framework.Constraints.MsgUtilTests" runstate="Runnable" seed="1106158515" result="Passed" start-time="2017-02-21 11:04:46Z" end-time="2017-02-21 11:04:46Z" duration="0.000051" asserts="1">
                <output><![CDATA[input=  "abcdefghijklmnopqrstuvwxyzABCDEFGHIJKLMNOPQRSTUVWXYZ"
result= "...ABCDEFGHIJKLMNOPQRSTUV..."
]]></output>
              </test-case>
            </test-suite>
          </test-suite>
          <test-suite type="TestFixture" id="0-3703" name="OrConstraintTests" fullname="NUnit.Framework.Constraints.OrConstraintTests" classname="NUnit.Framework.Constraints.OrConstraintTests" runstate="Runnable" testcasecount="6" result="Passed" start-time="2017-02-21 11:04:46Z" end-time="2017-02-21 11:04:46Z" duration="0.026152" total="6" passed="6" failed="0" warnings="0" inconclusive="0" skipped="0" asserts="5">
            <test-case id="0-3704" name="CanCombineTestsWithOrOperator" fullname="NUnit.Framework.Constraints.OrConstraintTests.CanCombineTestsWithOrOperator" methodname="CanCombineTestsWithOrOperator" classname="NUnit.Framework.Constraints.OrConstraintTests" runstate="Runnable" seed="516386957" result="Passed" start-time="2017-02-21 11:04:46Z" end-time="2017-02-21 11:04:46Z" duration="0.000894" asserts="1" />
            <test-suite type="ParameterizedMethod" id="0-3709" name="FailsWithBadValues" fullname="NUnit.Framework.Constraints.OrConstraintTests.FailsWithBadValues" classname="NUnit.Framework.Constraints.ConstraintTestBase" runstate="Runnable" testcasecount="1" result="Passed" start-time="2017-02-21 11:04:46Z" end-time="2017-02-21 11:04:46Z" duration="0.002543" total="1" passed="1" failed="0" warnings="0" inconclusive="0" skipped="0" asserts="2">
              <test-case id="0-3708" name="FailsWithBadValues(37,&quot;37&quot;)" fullname="NUnit.Framework.Constraints.OrConstraintTests.FailsWithBadValues(37,&quot;37&quot;)" methodname="FailsWithBadValues" classname="NUnit.Framework.Constraints.ConstraintTestBase" runstate="Runnable" seed="1464833380" result="Passed" start-time="2017-02-21 11:04:46Z" end-time="2017-02-21 11:04:46Z" duration="0.000146" asserts="2" />
            </test-suite>
            <test-case id="0-3710" name="ProvidesProperDescription" fullname="NUnit.Framework.Constraints.OrConstraintTests.ProvidesProperDescription" methodname="ProvidesProperDescription" classname="NUnit.Framework.Constraints.ConstraintTestBaseNoData" runstate="Runnable" seed="500866167" result="Passed" start-time="2017-02-21 11:04:46Z" end-time="2017-02-21 11:04:46Z" duration="0.000064" asserts="1" />
            <test-case id="0-3711" name="ProvidesProperStringRepresentation" fullname="NUnit.Framework.Constraints.OrConstraintTests.ProvidesProperStringRepresentation" methodname="ProvidesProperStringRepresentation" classname="NUnit.Framework.Constraints.ConstraintTestBaseNoData" runstate="Runnable" seed="1881434402" result="Passed" start-time="2017-02-21 11:04:46Z" end-time="2017-02-21 11:04:46Z" duration="0.000289" asserts="1" />
            <test-suite type="ParameterizedMethod" id="0-3707" name="SucceedsWithGoodValues" fullname="NUnit.Framework.Constraints.OrConstraintTests.SucceedsWithGoodValues" classname="NUnit.Framework.Constraints.ConstraintTestBase" runstate="Runnable" testcasecount="2" result="Passed" start-time="2017-02-21 11:04:46Z" end-time="2017-02-21 11:04:46Z" duration="0.009983" total="2" passed="2" failed="0" warnings="0" inconclusive="0" skipped="0" asserts="0">
              <test-case id="0-3705" name="SucceedsWithGoodValues(99)" fullname="NUnit.Framework.Constraints.OrConstraintTests.SucceedsWithGoodValues(99)" methodname="SucceedsWithGoodValues" classname="NUnit.Framework.Constraints.ConstraintTestBase" runstate="Runnable" seed="1896239302" result="Passed" start-time="2017-02-21 11:04:46Z" end-time="2017-02-21 11:04:46Z" duration="0.000081" asserts="0" />
              <test-case id="0-3706" name="SucceedsWithGoodValues(42)" fullname="NUnit.Framework.Constraints.OrConstraintTests.SucceedsWithGoodValues(42)" methodname="SucceedsWithGoodValues" classname="NUnit.Framework.Constraints.ConstraintTestBase" runstate="Runnable" seed="1838965539" result="Passed" start-time="2017-02-21 11:04:46Z" end-time="2017-02-21 11:04:46Z" duration="0.000059" asserts="0" />
            </test-suite>
          </test-suite>
          <test-suite type="TestFixture" id="0-3828" name="PredicateConstraintTests" fullname="NUnit.Framework.Constraints.PredicateConstraintTests" classname="NUnit.Framework.Constraints.PredicateConstraintTests" runstate="Runnable" testcasecount="6" result="Passed" start-time="2017-02-21 11:04:46Z" end-time="2017-02-21 11:04:46Z" duration="0.024769" total="6" passed="6" failed="0" warnings="0" inconclusive="0" skipped="0" asserts="5">
            <test-case id="0-3829" name="CanUseConstraintExpressionSyntax" fullname="NUnit.Framework.Constraints.PredicateConstraintTests.CanUseConstraintExpressionSyntax" methodname="CanUseConstraintExpressionSyntax" classname="NUnit.Framework.Constraints.PredicateConstraintTests" runstate="Runnable" seed="326671936" result="Passed" start-time="2017-02-21 11:04:46Z" end-time="2017-02-21 11:04:46Z" duration="0.000758" asserts="1" />
            <test-suite type="ParameterizedMethod" id="0-3834" name="FailsWithBadValues" fullname="NUnit.Framework.Constraints.PredicateConstraintTests.FailsWithBadValues" classname="NUnit.Framework.Constraints.ConstraintTestBase" runstate="Runnable" testcasecount="1" result="Passed" start-time="2017-02-21 11:04:46Z" end-time="2017-02-21 11:04:46Z" duration="0.002952" total="1" passed="1" failed="0" warnings="0" inconclusive="0" skipped="0" asserts="2">
              <test-case id="0-3833" name="FailsWithBadValues(123,&quot;123&quot;)" fullname="NUnit.Framework.Constraints.PredicateConstraintTests.FailsWithBadValues(123,&quot;123&quot;)" methodname="FailsWithBadValues" classname="NUnit.Framework.Constraints.ConstraintTestBase" runstate="Runnable" seed="808455443" result="Passed" start-time="2017-02-21 11:04:46Z" end-time="2017-02-21 11:04:46Z" duration="0.000319" asserts="2" />
            </test-suite>
            <test-case id="0-3835" name="ProvidesProperDescription" fullname="NUnit.Framework.Constraints.PredicateConstraintTests.ProvidesProperDescription" methodname="ProvidesProperDescription" classname="NUnit.Framework.Constraints.ConstraintTestBaseNoData" runstate="Runnable" seed="1464394708" result="Passed" start-time="2017-02-21 11:04:46Z" end-time="2017-02-21 11:04:46Z" duration="0.000057" asserts="1" />
            <test-case id="0-3836" name="ProvidesProperStringRepresentation" fullname="NUnit.Framework.Constraints.PredicateConstraintTests.ProvidesProperStringRepresentation" methodname="ProvidesProperStringRepresentation" classname="NUnit.Framework.Constraints.ConstraintTestBaseNoData" runstate="Runnable" seed="1740985569" result="Passed" start-time="2017-02-21 11:04:46Z" end-time="2017-02-21 11:04:46Z" duration="0.000072" asserts="1" />
            <test-suite type="ParameterizedMethod" id="0-3832" name="SucceedsWithGoodValues" fullname="NUnit.Framework.Constraints.PredicateConstraintTests.SucceedsWithGoodValues" classname="NUnit.Framework.Constraints.ConstraintTestBase" runstate="Runnable" testcasecount="2" result="Passed" start-time="2017-02-21 11:04:46Z" end-time="2017-02-21 11:04:46Z" duration="0.005317" total="2" passed="2" failed="0" warnings="0" inconclusive="0" skipped="0" asserts="0">
              <test-case id="0-3830" name="SucceedsWithGoodValues(0)" fullname="NUnit.Framework.Constraints.PredicateConstraintTests.SucceedsWithGoodValues(0)" methodname="SucceedsWithGoodValues" classname="NUnit.Framework.Constraints.ConstraintTestBase" runstate="Runnable" seed="272530632" result="Passed" start-time="2017-02-21 11:04:46Z" end-time="2017-02-21 11:04:46Z" duration="0.000051" asserts="0" />
              <test-case id="0-3831" name="SucceedsWithGoodValues(-5)" fullname="NUnit.Framework.Constraints.PredicateConstraintTests.SucceedsWithGoodValues(-5)" methodname="SucceedsWithGoodValues" classname="NUnit.Framework.Constraints.ConstraintTestBase" runstate="Runnable" seed="323532175" result="Passed" start-time="2017-02-21 11:04:46Z" end-time="2017-02-21 11:04:46Z" duration="0.000052" asserts="0" />
            </test-suite>
          </test-suite>
          <test-suite type="TestFixture" id="0-3629" name="NUnitComparerTests" fullname="NUnit.Framework.Constraints.NUnitComparerTests" classname="NUnit.Framework.Constraints.NUnitComparerTests" runstate="Runnable" testcasecount="22" result="Passed" start-time="2017-02-21 11:04:46Z" end-time="2017-02-21 11:04:46Z" duration="0.068687" total="22" passed="22" failed="0" warnings="0" inconclusive="0" skipped="0" asserts="33">
            <test-suite type="ParameterizedMethod" id="0-3641" name="EqualItems" fullname="NUnit.Framework.Constraints.NUnitComparerTests.EqualItems" classname="NUnit.Framework.Constraints.NUnitComparerTests" runstate="Runnable" testcasecount="11" result="Passed" start-time="2017-02-21 11:04:46Z" end-time="2017-02-21 11:04:46Z" duration="0.031238" total="11" passed="11" failed="0" warnings="0" inconclusive="0" skipped="0" asserts="11">
              <test-case id="0-3630" name="EqualItems(4,4)" fullname="NUnit.Framework.Constraints.NUnitComparerTests.EqualItems(4,4)" methodname="EqualItems" classname="NUnit.Framework.Constraints.NUnitComparerTests" runstate="Runnable" seed="797135298" result="Passed" start-time="2017-02-21 11:04:46Z" end-time="2017-02-21 11:04:46Z" duration="0.000214" asserts="1" />
              <test-case id="0-3631" name="EqualItems(4.0d,4.0d)" fullname="NUnit.Framework.Constraints.NUnitComparerTests.EqualItems(4.0d,4.0d)" methodname="EqualItems" classname="NUnit.Framework.Constraints.NUnitComparerTests" runstate="Runnable" seed="1436199790" result="Passed" start-time="2017-02-21 11:04:46Z" end-time="2017-02-21 11:04:46Z" duration="0.000055" asserts="1" />
              <test-case id="0-3632" name="EqualItems(4.0f,4.0f)" fullname="NUnit.Framework.Constraints.NUnitComparerTests.EqualItems(4.0f,4.0f)" methodname="EqualItems" classname="NUnit.Framework.Constraints.NUnitComparerTests" runstate="Runnable" seed="356954371" result="Passed" start-time="2017-02-21 11:04:46Z" end-time="2017-02-21 11:04:46Z" duration="0.000062" asserts="1" />
              <test-case id="0-3633" name="EqualItems(4,4.0d)" fullname="NUnit.Framework.Constraints.NUnitComparerTests.EqualItems(4,4.0d)" methodname="EqualItems" classname="NUnit.Framework.Constraints.NUnitComparerTests" runstate="Runnable" seed="614803695" result="Passed" start-time="2017-02-21 11:04:46Z" end-time="2017-02-21 11:04:46Z" duration="0.000230" asserts="1" />
              <test-case id="0-3634" name="EqualItems(4,4.0f)" fullname="NUnit.Framework.Constraints.NUnitComparerTests.EqualItems(4,4.0f)" methodname="EqualItems" classname="NUnit.Framework.Constraints.NUnitComparerTests" runstate="Runnable" seed="546674073" result="Passed" start-time="2017-02-21 11:04:46Z" end-time="2017-02-21 11:04:46Z" duration="0.000145" asserts="1" />
              <test-case id="0-3635" name="EqualItems(4.0d,4)" fullname="NUnit.Framework.Constraints.NUnitComparerTests.EqualItems(4.0d,4)" methodname="EqualItems" classname="NUnit.Framework.Constraints.NUnitComparerTests" runstate="Runnable" seed="1675015363" result="Passed" start-time="2017-02-21 11:04:46Z" end-time="2017-02-21 11:04:46Z" duration="0.000104" asserts="1" />
              <test-case id="0-3636" name="EqualItems(4.0d,4.0f)" fullname="NUnit.Framework.Constraints.NUnitComparerTests.EqualItems(4.0d,4.0f)" methodname="EqualItems" classname="NUnit.Framework.Constraints.NUnitComparerTests" runstate="Runnable" seed="523763852" result="Passed" start-time="2017-02-21 11:04:46Z" end-time="2017-02-21 11:04:46Z" duration="0.000137" asserts="1" />
              <test-case id="0-3637" name="EqualItems(4.0f,4)" fullname="NUnit.Framework.Constraints.NUnitComparerTests.EqualItems(4.0f,4)" methodname="EqualItems" classname="NUnit.Framework.Constraints.NUnitComparerTests" runstate="Runnable" seed="854581536" result="Passed" start-time="2017-02-21 11:04:46Z" end-time="2017-02-21 11:04:46Z" duration="0.000080" asserts="1" />
              <test-case id="0-3638" name="EqualItems(4.0f,4.0d)" fullname="NUnit.Framework.Constraints.NUnitComparerTests.EqualItems(4.0f,4.0d)" methodname="EqualItems" classname="NUnit.Framework.Constraints.NUnitComparerTests" runstate="Runnable" seed="1066855790" result="Passed" start-time="2017-02-21 11:04:46Z" end-time="2017-02-21 11:04:46Z" duration="0.000067" asserts="1" />
              <test-case id="0-3639" name="EqualItems(Null,Null)" fullname="NUnit.Framework.Constraints.NUnitComparerTests.EqualItems(Null,Null)" methodname="EqualItems" classname="NUnit.Framework.Constraints.NUnitComparerTests" runstate="Runnable" seed="1389557112" result="Passed" start-time="2017-02-21 11:04:46Z" end-time="2017-02-21 11:04:46Z" duration="0.000084" asserts="1" />
              <test-case id="0-3640" name="EqualItems(null,null)" fullname="NUnit.Framework.Constraints.NUnitComparerTests.EqualItems(null,null)" methodname="EqualItems" classname="NUnit.Framework.Constraints.NUnitComparerTests" runstate="Runnable" seed="1644348283" result="Passed" start-time="2017-02-21 11:04:46Z" end-time="2017-02-21 11:04:46Z" duration="0.000101" asserts="1" />
            </test-suite>
            <test-suite type="ParameterizedMethod" id="0-3653" name="UnequalItems" fullname="NUnit.Framework.Constraints.NUnitComparerTests.UnequalItems" classname="NUnit.Framework.Constraints.NUnitComparerTests" runstate="Runnable" testcasecount="11" result="Passed" start-time="2017-02-21 11:04:46Z" end-time="2017-02-21 11:04:46Z" duration="0.032066" total="11" passed="11" failed="0" warnings="0" inconclusive="0" skipped="0" asserts="22">
              <test-case id="0-3642" name="UnequalItems(4,2)" fullname="NUnit.Framework.Constraints.NUnitComparerTests.UnequalItems(4,2)" methodname="UnequalItems" classname="NUnit.Framework.Constraints.NUnitComparerTests" runstate="Runnable" seed="1846804234" result="Passed" start-time="2017-02-21 11:04:46Z" end-time="2017-02-21 11:04:46Z" duration="0.000149" asserts="2" />
              <test-case id="0-3643" name="UnequalItems(4.0d,2.0d)" fullname="NUnit.Framework.Constraints.NUnitComparerTests.UnequalItems(4.0d,2.0d)" methodname="UnequalItems" classname="NUnit.Framework.Constraints.NUnitComparerTests" runstate="Runnable" seed="269415265" result="Passed" start-time="2017-02-21 11:04:46Z" end-time="2017-02-21 11:04:46Z" duration="0.000075" asserts="2" />
              <test-case id="0-3644" name="UnequalItems(4.0f,2.0f)" fullname="NUnit.Framework.Constraints.NUnitComparerTests.UnequalItems(4.0f,2.0f)" methodname="UnequalItems" classname="NUnit.Framework.Constraints.NUnitComparerTests" runstate="Runnable" seed="2021002664" result="Passed" start-time="2017-02-21 11:04:46Z" end-time="2017-02-21 11:04:46Z" duration="0.000208" asserts="2" />
              <test-case id="0-3645" name="UnequalItems(4,2.0d)" fullname="NUnit.Framework.Constraints.NUnitComparerTests.UnequalItems(4,2.0d)" methodname="UnequalItems" classname="NUnit.Framework.Constraints.NUnitComparerTests" runstate="Runnable" seed="560228632" result="Passed" start-time="2017-02-21 11:04:46Z" end-time="2017-02-21 11:04:46Z" duration="0.000051" asserts="2" />
              <test-case id="0-3646" name="UnequalItems(4,2.0f)" fullname="NUnit.Framework.Constraints.NUnitComparerTests.UnequalItems(4,2.0f)" methodname="UnequalItems" classname="NUnit.Framework.Constraints.NUnitComparerTests" runstate="Runnable" seed="548331356" result="Passed" start-time="2017-02-21 11:04:46Z" end-time="2017-02-21 11:04:46Z" duration="0.000193" asserts="2" />
              <test-case id="0-3647" name="UnequalItems(4.0d,2)" fullname="NUnit.Framework.Constraints.NUnitComparerTests.UnequalItems(4.0d,2)" methodname="UnequalItems" classname="NUnit.Framework.Constraints.NUnitComparerTests" runstate="Runnable" seed="1734506388" result="Passed" start-time="2017-02-21 11:04:46Z" end-time="2017-02-21 11:04:46Z" duration="0.001985" asserts="2" />
              <test-case id="0-3648" name="UnequalItems(4.0d,2.0f)" fullname="NUnit.Framework.Constraints.NUnitComparerTests.UnequalItems(4.0d,2.0f)" methodname="UnequalItems" classname="NUnit.Framework.Constraints.NUnitComparerTests" runstate="Runnable" seed="1130050150" result="Passed" start-time="2017-02-21 11:04:46Z" end-time="2017-02-21 11:04:46Z" duration="0.000302" asserts="2" />
              <test-case id="0-3649" name="UnequalItems(4.0f,2)" fullname="NUnit.Framework.Constraints.NUnitComparerTests.UnequalItems(4.0f,2)" methodname="UnequalItems" classname="NUnit.Framework.Constraints.NUnitComparerTests" runstate="Runnable" seed="1966761141" result="Passed" start-time="2017-02-21 11:04:46Z" end-time="2017-02-21 11:04:46Z" duration="0.000082" asserts="2" />
              <test-case id="0-3650" name="UnequalItems(4.0f,2.0d)" fullname="NUnit.Framework.Constraints.NUnitComparerTests.UnequalItems(4.0f,2.0d)" methodname="UnequalItems" classname="NUnit.Framework.Constraints.NUnitComparerTests" runstate="Runnable" seed="2108686726" result="Passed" start-time="2017-02-21 11:04:46Z" end-time="2017-02-21 11:04:46Z" duration="0.000075" asserts="2" />
              <test-case id="0-3651" name="UnequalItems(4,Null)" fullname="NUnit.Framework.Constraints.NUnitComparerTests.UnequalItems(4,Null)" methodname="UnequalItems" classname="NUnit.Framework.Constraints.NUnitComparerTests" runstate="Runnable" seed="1145725439" result="Passed" start-time="2017-02-21 11:04:46Z" end-time="2017-02-21 11:04:46Z" duration="0.000065" asserts="2" />
              <test-case id="0-3652" name="UnequalItems(4,null)" fullname="NUnit.Framework.Constraints.NUnitComparerTests.UnequalItems(4,null)" methodname="UnequalItems" classname="NUnit.Framework.Constraints.NUnitComparerTests" runstate="Runnable" seed="1843636445" result="Passed" start-time="2017-02-21 11:04:46Z" end-time="2017-02-21 11:04:46Z" duration="0.000069" asserts="2" />
            </test-suite>
          </test-suite>
          <test-suite type="TestFixture" id="0-3837" name="PropertyExistsTests" fullname="NUnit.Framework.Constraints.PropertyExistsTests" classname="NUnit.Framework.Constraints.PropertyExistsTests" runstate="Runnable" testcasecount="8" result="Passed" start-time="2017-02-21 11:04:46Z" end-time="2017-02-21 11:04:46Z" duration="0.028343" total="8" passed="8" failed="0" warnings="0" inconclusive="0" skipped="0" asserts="8">
            <test-suite type="ParameterizedMethod" id="0-3845" name="FailsWithBadValues" fullname="NUnit.Framework.Constraints.PropertyExistsTests.FailsWithBadValues" classname="NUnit.Framework.Constraints.ConstraintTestBase" runstate="Runnable" testcasecount="3" result="Passed" start-time="2017-02-21 11:04:46Z" end-time="2017-02-21 11:04:46Z" duration="0.008583" total="3" passed="3" failed="0" warnings="0" inconclusive="0" skipped="0" asserts="6">
              <test-case id="0-3842" name="FailsWithBadValues(42,&quot;&lt;System.Int32&gt;&quot;)" fullname="NUnit.Framework.Constraints.PropertyExistsTests.FailsWithBadValues(42,&quot;&lt;System.Int32&gt;&quot;)" methodname="FailsWithBadValues" classname="NUnit.Framework.Constraints.ConstraintTestBase" runstate="Runnable" seed="382780097" result="Passed" start-time="2017-02-21 11:04:46Z" end-time="2017-02-21 11:04:46Z" duration="0.000448" asserts="2" />
              <test-case id="0-3843" name="FailsWithBadValues(System.Collections.Generic.List`1[System.Int32],&quot;&lt;System.Collections.Generic.List`1[System.Int32]&gt;&quot;)" fullname="NUnit.Framework.Constraints.PropertyExistsTests.FailsWithBadValues(System.Collections.Generic.List`1[System.Int32],&quot;&lt;System.Collections.Generic.List`1[System.Int32]&gt;&quot;)" methodname="FailsWithBadValues" classname="NUnit.Framework.Constraints.ConstraintTestBase" runstate="Runnable" seed="1798728546" result="Passed" start-time="2017-02-21 11:04:46Z" end-time="2017-02-21 11:04:46Z" duration="0.000118" asserts="2" />
              <test-case id="0-3844" name="FailsWithBadValues(System.Int32,&quot;&lt;System.Int32&gt;&quot;)" fullname="NUnit.Framework.Constraints.PropertyExistsTests.FailsWithBadValues(System.Int32,&quot;&lt;System.Int32&gt;&quot;)" methodname="FailsWithBadValues" classname="NUnit.Framework.Constraints.ConstraintTestBase" runstate="Runnable" seed="412241292" result="Passed" start-time="2017-02-21 11:04:46Z" end-time="2017-02-21 11:04:46Z" duration="0.000070" asserts="2" />
            </test-suite>
            <test-case id="0-3846" name="ProvidesProperDescription" fullname="NUnit.Framework.Constraints.PropertyExistsTests.ProvidesProperDescription" methodname="ProvidesProperDescription" classname="NUnit.Framework.Constraints.ConstraintTestBaseNoData" runstate="Runnable" seed="1687927962" result="Passed" start-time="2017-02-21 11:04:46Z" end-time="2017-02-21 11:04:46Z" duration="0.000059" asserts="1" />
            <test-case id="0-3847" name="ProvidesProperStringRepresentation" fullname="NUnit.Framework.Constraints.PropertyExistsTests.ProvidesProperStringRepresentation" methodname="ProvidesProperStringRepresentation" classname="NUnit.Framework.Constraints.ConstraintTestBaseNoData" runstate="Runnable" seed="2039177987" result="Passed" start-time="2017-02-21 11:04:46Z" end-time="2017-02-21 11:04:46Z" duration="0.000157" asserts="1" />
            <test-suite type="ParameterizedMethod" id="0-3841" name="SucceedsWithGoodValues" fullname="NUnit.Framework.Constraints.PropertyExistsTests.SucceedsWithGoodValues" classname="NUnit.Framework.Constraints.ConstraintTestBase" runstate="Runnable" testcasecount="3" result="Passed" start-time="2017-02-21 11:04:46Z" end-time="2017-02-21 11:04:46Z" duration="0.009161" total="3" passed="3" failed="0" warnings="0" inconclusive="0" skipped="0" asserts="0">
              <test-case id="0-3838" name="SucceedsWithGoodValues(System.Int32[])" fullname="NUnit.Framework.Constraints.PropertyExistsTests.SucceedsWithGoodValues(System.Int32[])" methodname="SucceedsWithGoodValues" classname="NUnit.Framework.Constraints.ConstraintTestBase" runstate="Runnable" seed="239490371" result="Passed" start-time="2017-02-21 11:04:46Z" end-time="2017-02-21 11:04:46Z" duration="0.000070" asserts="0" />
              <test-case id="0-3839" name="SucceedsWithGoodValues(&quot;hello&quot;)" fullname="NUnit.Framework.Constraints.PropertyExistsTests.SucceedsWithGoodValues(&quot;hello&quot;)" methodname="SucceedsWithGoodValues" classname="NUnit.Framework.Constraints.ConstraintTestBase" runstate="Runnable" seed="234627971" result="Passed" start-time="2017-02-21 11:04:46Z" end-time="2017-02-21 11:04:46Z" duration="0.000061" asserts="0" />
              <test-case id="0-3840" name="SucceedsWithGoodValues(System.Array)" fullname="NUnit.Framework.Constraints.PropertyExistsTests.SucceedsWithGoodValues(System.Array)" methodname="SucceedsWithGoodValues" classname="NUnit.Framework.Constraints.ConstraintTestBase" runstate="Runnable" seed="624240428" result="Passed" start-time="2017-02-21 11:04:46Z" end-time="2017-02-21 11:04:46Z" duration="0.000084" asserts="0" />
            </test-suite>
          </test-suite>
          <test-suite type="TestFixture" id="0-3848" name="PropertyTest" fullname="NUnit.Framework.Constraints.PropertyTest" classname="NUnit.Framework.Constraints.PropertyTest" runstate="Runnable" testcasecount="9" result="Passed" start-time="2017-02-21 11:04:46Z" end-time="2017-02-21 11:04:46Z" duration="0.032693" total="9" passed="9" failed="0" warnings="0" inconclusive="0" skipped="0" asserts="10">
            <test-suite type="ParameterizedMethod" id="0-3857" name="FailsWithBadValues" fullname="NUnit.Framework.Constraints.PropertyTest.FailsWithBadValues" classname="NUnit.Framework.Constraints.ConstraintTestBase" runstate="Runnable" testcasecount="2" result="Passed" start-time="2017-02-21 11:04:46Z" end-time="2017-02-21 11:04:46Z" duration="0.005918" total="2" passed="2" failed="0" warnings="0" inconclusive="0" skipped="0" asserts="4">
              <test-case id="0-3855" name="FailsWithBadValues(System.Int32[],&quot;3&quot;)" fullname="NUnit.Framework.Constraints.PropertyTest.FailsWithBadValues(System.Int32[],&quot;3&quot;)" methodname="FailsWithBadValues" classname="NUnit.Framework.Constraints.ConstraintTestBase" runstate="Runnable" seed="586298065" result="Passed" start-time="2017-02-21 11:04:46Z" end-time="2017-02-21 11:04:46Z" duration="0.000332" asserts="2" />
              <test-case id="0-3856" name="FailsWithBadValues(&quot;goodbye&quot;,&quot;7&quot;)" fullname="NUnit.Framework.Constraints.PropertyTest.FailsWithBadValues(&quot;goodbye&quot;,&quot;7&quot;)" methodname="FailsWithBadValues" classname="NUnit.Framework.Constraints.ConstraintTestBase" runstate="Runnable" seed="1631895112" result="Passed" start-time="2017-02-21 11:04:46Z" end-time="2017-02-21 11:04:46Z" duration="0.000309" asserts="2" />
            </test-suite>
            <test-case id="0-3850" name="InvalidDataThrowsArgumentException" fullname="NUnit.Framework.Constraints.PropertyTest.InvalidDataThrowsArgumentException" methodname="InvalidDataThrowsArgumentException" classname="NUnit.Framework.Constraints.PropertyTest" runstate="Runnable" seed="1369247367" result="Passed" start-time="2017-02-21 11:04:46Z" end-time="2017-02-21 11:04:46Z" duration="0.000447" asserts="1" />
            <test-case id="0-3849" name="NullDataThrowsArgumentNullException" fullname="NUnit.Framework.Constraints.PropertyTest.NullDataThrowsArgumentNullException" methodname="NullDataThrowsArgumentNullException" classname="NUnit.Framework.Constraints.PropertyTest" runstate="Runnable" seed="479630095" result="Passed" start-time="2017-02-21 11:04:46Z" end-time="2017-02-21 11:04:46Z" duration="0.000947" asserts="1" />
            <test-case id="0-3851" name="PropertyEqualToValueWithTolerance" fullname="NUnit.Framework.Constraints.PropertyTest.PropertyEqualToValueWithTolerance" methodname="PropertyEqualToValueWithTolerance" classname="NUnit.Framework.Constraints.PropertyTest" runstate="Runnable" seed="339825001" result="Passed" start-time="2017-02-21 11:04:46Z" end-time="2017-02-21 11:04:46Z" duration="0.000358" asserts="2" />
            <test-case id="0-3858" name="ProvidesProperDescription" fullname="NUnit.Framework.Constraints.PropertyTest.ProvidesProperDescription" methodname="ProvidesProperDescription" classname="NUnit.Framework.Constraints.ConstraintTestBaseNoData" runstate="Runnable" seed="413761562" result="Passed" start-time="2017-02-21 11:04:46Z" end-time="2017-02-21 11:04:46Z" duration="0.000040" asserts="1" />
            <test-case id="0-3859" name="ProvidesProperStringRepresentation" fullname="NUnit.Framework.Constraints.PropertyTest.ProvidesProperStringRepresentation" methodname="ProvidesProperStringRepresentation" classname="NUnit.Framework.Constraints.ConstraintTestBaseNoData" runstate="Runnable" seed="1442505082" result="Passed" start-time="2017-02-21 11:04:46Z" end-time="2017-02-21 11:04:46Z" duration="0.000042" asserts="1" />
            <test-suite type="ParameterizedMethod" id="0-3854" name="SucceedsWithGoodValues" fullname="NUnit.Framework.Constraints.PropertyTest.SucceedsWithGoodValues" classname="NUnit.Framework.Constraints.ConstraintTestBase" runstate="Runnable" testcasecount="2" result="Passed" start-time="2017-02-21 11:04:46Z" end-time="2017-02-21 11:04:46Z" duration="0.005766" total="2" passed="2" failed="0" warnings="0" inconclusive="0" skipped="0" asserts="0">
              <test-case id="0-3852" name="SucceedsWithGoodValues(System.Int32[])" fullname="NUnit.Framework.Constraints.PropertyTest.SucceedsWithGoodValues(System.Int32[])" methodname="SucceedsWithGoodValues" classname="NUnit.Framework.Constraints.ConstraintTestBase" runstate="Runnable" seed="330618820" result="Passed" start-time="2017-02-21 11:04:46Z" end-time="2017-02-21 11:04:46Z" duration="0.000061" asserts="0" />
              <test-case id="0-3853" name="SucceedsWithGoodValues(&quot;hello&quot;)" fullname="NUnit.Framework.Constraints.PropertyTest.SucceedsWithGoodValues(&quot;hello&quot;)" methodname="SucceedsWithGoodValues" classname="NUnit.Framework.Constraints.ConstraintTestBase" runstate="Runnable" seed="1516447070" result="Passed" start-time="2017-02-21 11:04:46Z" end-time="2017-02-21 11:04:46Z" duration="0.000138" asserts="0" />
            </test-suite>
          </test-suite>
          <test-suite type="TestFixture" id="0-3595" name="NumericsTests" fullname="NUnit.Framework.Constraints.NumericsTests" classname="NUnit.Framework.Constraints.NumericsTests" runstate="Runnable" testcasecount="30" result="Passed" start-time="2017-02-21 11:04:46Z" end-time="2017-02-21 11:04:46Z" duration="0.140156" total="30" passed="30" failed="0" warnings="0" inconclusive="0" skipped="0" asserts="32">
            <test-case id="0-3603" name="CanMatchDecimalWithoutToleranceMode" fullname="NUnit.Framework.Constraints.NumericsTests.CanMatchDecimalWithoutToleranceMode" methodname="CanMatchDecimalWithoutToleranceMode" classname="NUnit.Framework.Constraints.NumericsTests" runstate="Runnable" seed="1893921707" result="Passed" start-time="2017-02-21 11:04:46Z" end-time="2017-02-21 11:04:46Z" duration="0.000320" asserts="1" />
            <test-case id="0-3617" name="CanMatchDecimalWithPercentage" fullname="NUnit.Framework.Constraints.NumericsTests.CanMatchDecimalWithPercentage" methodname="CanMatchDecimalWithPercentage" classname="NUnit.Framework.Constraints.NumericsTests" runstate="Runnable" seed="1266505084" result="Passed" start-time="2017-02-21 11:04:46Z" end-time="2017-02-21 11:04:46Z" duration="0.000327" asserts="3" />
            <test-suite type="ParameterizedMethod" id="0-3616" name="CanMatchIntegralsWithPercentage" fullname="NUnit.Framework.Constraints.NumericsTests.CanMatchIntegralsWithPercentage" classname="NUnit.Framework.Constraints.NumericsTests" runstate="Runnable" testcasecount="12" result="Passed" start-time="2017-02-21 11:04:46Z" end-time="2017-02-21 11:04:46Z" duration="0.039207" total="12" passed="12" failed="0" warnings="0" inconclusive="0" skipped="0" asserts="12">
              <test-case id="0-3604" name="CanMatchIntegralsWithPercentage(9500)" fullname="NUnit.Framework.Constraints.NumericsTests.CanMatchIntegralsWithPercentage(9500)" methodname="CanMatchIntegralsWithPercentage" classname="NUnit.Framework.Constraints.NumericsTests" runstate="Runnable" seed="1623737218" result="Passed" start-time="2017-02-21 11:04:46Z" end-time="2017-02-21 11:04:46Z" duration="0.000160" asserts="1" />
              <test-case id="0-3605" name="CanMatchIntegralsWithPercentage(10000)" fullname="NUnit.Framework.Constraints.NumericsTests.CanMatchIntegralsWithPercentage(10000)" methodname="CanMatchIntegralsWithPercentage" classname="NUnit.Framework.Constraints.NumericsTests" runstate="Runnable" seed="2115562388" result="Passed" start-time="2017-02-21 11:04:46Z" end-time="2017-02-21 11:04:46Z" duration="0.000051" asserts="1" />
              <test-case id="0-3606" name="CanMatchIntegralsWithPercentage(10500)" fullname="NUnit.Framework.Constraints.NumericsTests.CanMatchIntegralsWithPercentage(10500)" methodname="CanMatchIntegralsWithPercentage" classname="NUnit.Framework.Constraints.NumericsTests" runstate="Runnable" seed="1731951468" result="Passed" start-time="2017-02-21 11:04:46Z" end-time="2017-02-21 11:04:46Z" duration="0.000047" asserts="1" />
              <test-case id="0-3607" name="CanMatchIntegralsWithPercentage(9500)" fullname="NUnit.Framework.Constraints.NumericsTests.CanMatchIntegralsWithPercentage(9500)" methodname="CanMatchIntegralsWithPercentage" classname="NUnit.Framework.Constraints.NumericsTests" runstate="Runnable" seed="1982005487" result="Passed" start-time="2017-02-21 11:04:46Z" end-time="2017-02-21 11:04:46Z" duration="0.000044" asserts="1" />
              <test-case id="0-3608" name="CanMatchIntegralsWithPercentage(10000)" fullname="NUnit.Framework.Constraints.NumericsTests.CanMatchIntegralsWithPercentage(10000)" methodname="CanMatchIntegralsWithPercentage" classname="NUnit.Framework.Constraints.NumericsTests" runstate="Runnable" seed="433309038" result="Passed" start-time="2017-02-21 11:04:46Z" end-time="2017-02-21 11:04:46Z" duration="0.000072" asserts="1" />
              <test-case id="0-3609" name="CanMatchIntegralsWithPercentage(10500)" fullname="NUnit.Framework.Constraints.NumericsTests.CanMatchIntegralsWithPercentage(10500)" methodname="CanMatchIntegralsWithPercentage" classname="NUnit.Framework.Constraints.NumericsTests" runstate="Runnable" seed="1886356180" result="Passed" start-time="2017-02-21 11:04:46Z" end-time="2017-02-21 11:04:46Z" duration="0.000345" asserts="1" />
              <test-case id="0-3610" name="CanMatchIntegralsWithPercentage(9500L)" fullname="NUnit.Framework.Constraints.NumericsTests.CanMatchIntegralsWithPercentage(9500L)" methodname="CanMatchIntegralsWithPercentage" classname="NUnit.Framework.Constraints.NumericsTests" runstate="Runnable" seed="150327752" result="Passed" start-time="2017-02-21 11:04:46Z" end-time="2017-02-21 11:04:46Z" duration="0.000282" asserts="1" />
              <test-case id="0-3611" name="CanMatchIntegralsWithPercentage(10000L)" fullname="NUnit.Framework.Constraints.NumericsTests.CanMatchIntegralsWithPercentage(10000L)" methodname="CanMatchIntegralsWithPercentage" classname="NUnit.Framework.Constraints.NumericsTests" runstate="Runnable" seed="134217576" result="Passed" start-time="2017-02-21 11:04:46Z" end-time="2017-02-21 11:04:46Z" duration="0.000076" asserts="1" />
              <test-case id="0-3612" name="CanMatchIntegralsWithPercentage(10500L)" fullname="NUnit.Framework.Constraints.NumericsTests.CanMatchIntegralsWithPercentage(10500L)" methodname="CanMatchIntegralsWithPercentage" classname="NUnit.Framework.Constraints.NumericsTests" runstate="Runnable" seed="1553599567" result="Passed" start-time="2017-02-21 11:04:46Z" end-time="2017-02-21 11:04:46Z" duration="0.000066" asserts="1" />
              <test-case id="0-3613" name="CanMatchIntegralsWithPercentage(9500UL)" fullname="NUnit.Framework.Constraints.NumericsTests.CanMatchIntegralsWithPercentage(9500UL)" methodname="CanMatchIntegralsWithPercentage" classname="NUnit.Framework.Constraints.NumericsTests" runstate="Runnable" seed="849663133" result="Passed" start-time="2017-02-21 11:04:46Z" end-time="2017-02-21 11:04:46Z" duration="0.000072" asserts="1" />
              <test-case id="0-3614" name="CanMatchIntegralsWithPercentage(10000UL)" fullname="NUnit.Framework.Constraints.NumericsTests.CanMatchIntegralsWithPercentage(10000UL)" methodname="CanMatchIntegralsWithPercentage" classname="NUnit.Framework.Constraints.NumericsTests" runstate="Runnable" seed="113985610" result="Passed" start-time="2017-02-21 11:04:46Z" end-time="2017-02-21 11:04:46Z" duration="0.000065" asserts="1" />
              <test-case id="0-3615" name="CanMatchIntegralsWithPercentage(10500UL)" fullname="NUnit.Framework.Constraints.NumericsTests.CanMatchIntegralsWithPercentage(10500UL)" methodname="CanMatchIntegralsWithPercentage" classname="NUnit.Framework.Constraints.NumericsTests" runstate="Runnable" seed="1095357013" result="Passed" start-time="2017-02-21 11:04:46Z" end-time="2017-02-21 11:04:46Z" duration="0.000068" asserts="1" />
            </test-suite>
            <test-suite type="ParameterizedMethod" id="0-3602" name="CanMatchWithoutToleranceMode" fullname="NUnit.Framework.Constraints.NumericsTests.CanMatchWithoutToleranceMode" classname="NUnit.Framework.Constraints.NumericsTests" runstate="Runnable" testcasecount="6" result="Passed" start-time="2017-02-21 11:04:46Z" end-time="2017-02-21 11:04:46Z" duration="0.017296" total="6" passed="6" failed="0" warnings="0" inconclusive="0" skipped="0" asserts="6">
              <test-case id="0-3596" name="CanMatchWithoutToleranceMode(123456789)" fullname="NUnit.Framework.Constraints.NumericsTests.CanMatchWithoutToleranceMode(123456789)" methodname="CanMatchWithoutToleranceMode" classname="NUnit.Framework.Constraints.NumericsTests" runstate="Runnable" seed="2013851419" result="Passed" start-time="2017-02-21 11:04:46Z" end-time="2017-02-21 11:04:46Z" duration="0.000182" asserts="1" />
              <test-case id="0-3597" name="CanMatchWithoutToleranceMode(123456789)" fullname="NUnit.Framework.Constraints.NumericsTests.CanMatchWithoutToleranceMode(123456789)" methodname="CanMatchWithoutToleranceMode" classname="NUnit.Framework.Constraints.NumericsTests" runstate="Runnable" seed="274125692" result="Passed" start-time="2017-02-21 11:04:46Z" end-time="2017-02-21 11:04:46Z" duration="0.000063" asserts="1" />
              <test-case id="0-3598" name="CanMatchWithoutToleranceMode(123456789L)" fullname="NUnit.Framework.Constraints.NumericsTests.CanMatchWithoutToleranceMode(123456789L)" methodname="CanMatchWithoutToleranceMode" classname="NUnit.Framework.Constraints.NumericsTests" runstate="Runnable" seed="1069479446" result="Passed" start-time="2017-02-21 11:04:46Z" end-time="2017-02-21 11:04:46Z" duration="0.000283" asserts="1" />
              <test-case id="0-3599" name="CanMatchWithoutToleranceMode(123456789UL)" fullname="NUnit.Framework.Constraints.NumericsTests.CanMatchWithoutToleranceMode(123456789UL)" methodname="CanMatchWithoutToleranceMode" classname="NUnit.Framework.Constraints.NumericsTests" runstate="Runnable" seed="1163048697" result="Passed" start-time="2017-02-21 11:04:46Z" end-time="2017-02-21 11:04:46Z" duration="0.000076" asserts="1" />
              <test-case id="0-3600" name="CanMatchWithoutToleranceMode(1234.568f)" fullname="NUnit.Framework.Constraints.NumericsTests.CanMatchWithoutToleranceMode(1234.568f)" methodname="CanMatchWithoutToleranceMode" classname="NUnit.Framework.Constraints.NumericsTests" runstate="Runnable" seed="1177206817" result="Passed" start-time="2017-02-21 11:04:46Z" end-time="2017-02-21 11:04:46Z" duration="0.000065" asserts="1" />
              <test-case id="0-3601" name="CanMatchWithoutToleranceMode(1234.5678d)" fullname="NUnit.Framework.Constraints.NumericsTests.CanMatchWithoutToleranceMode(1234.5678d)" methodname="CanMatchWithoutToleranceMode" classname="NUnit.Framework.Constraints.NumericsTests" runstate="Runnable" seed="498395664" result="Passed" start-time="2017-02-21 11:04:46Z" end-time="2017-02-21 11:04:46Z" duration="0.000561" asserts="1" />
            </test-suite>
            <test-case id="0-3628" name="FailsOnDecimalAbovePercentage" fullname="NUnit.Framework.Constraints.NumericsTests.FailsOnDecimalAbovePercentage" methodname="FailsOnDecimalAbovePercentage" classname="NUnit.Framework.Constraints.NumericsTests" runstate="Runnable" seed="906127720" result="Passed" start-time="2017-02-21 11:04:46Z" end-time="2017-02-21 11:04:46Z" duration="0.004063" asserts="1" />
            <test-case id="0-3627" name="FailsOnDecimalBelowPercentage" fullname="NUnit.Framework.Constraints.NumericsTests.FailsOnDecimalBelowPercentage" methodname="FailsOnDecimalBelowPercentage" classname="NUnit.Framework.Constraints.NumericsTests" runstate="Runnable" seed="280007466" result="Passed" start-time="2017-02-21 11:04:46Z" end-time="2017-02-21 11:04:46Z" duration="0.008133" asserts="1" />
            <test-suite type="ParameterizedMethod" id="0-3626" name="FailsOnIntegralsOutsideOfPercentage" fullname="NUnit.Framework.Constraints.NumericsTests.FailsOnIntegralsOutsideOfPercentage" classname="NUnit.Framework.Constraints.NumericsTests" runstate="Runnable" testcasecount="8" result="Passed" start-time="2017-02-21 11:04:46Z" end-time="2017-02-21 11:04:46Z" duration="0.053644" total="8" passed="8" failed="0" warnings="0" inconclusive="0" skipped="0" asserts="8">
              <test-case id="0-3618" name="FailsOnIntegralsOutsideOfPercentage(8500)" fullname="NUnit.Framework.Constraints.NumericsTests.FailsOnIntegralsOutsideOfPercentage(8500)" methodname="FailsOnIntegralsOutsideOfPercentage" classname="NUnit.Framework.Constraints.NumericsTests" runstate="Runnable" seed="680297066" result="Passed" start-time="2017-02-21 11:04:46Z" end-time="2017-02-21 11:04:46Z" duration="0.002573" asserts="1" />
              <test-case id="0-3619" name="FailsOnIntegralsOutsideOfPercentage(11500)" fullname="NUnit.Framework.Constraints.NumericsTests.FailsOnIntegralsOutsideOfPercentage(11500)" methodname="FailsOnIntegralsOutsideOfPercentage" classname="NUnit.Framework.Constraints.NumericsTests" runstate="Runnable" seed="1711445338" result="Passed" start-time="2017-02-21 11:04:46Z" end-time="2017-02-21 11:04:46Z" duration="0.002231" asserts="1" />
              <test-case id="0-3620" name="FailsOnIntegralsOutsideOfPercentage(8500)" fullname="NUnit.Framework.Constraints.NumericsTests.FailsOnIntegralsOutsideOfPercentage(8500)" methodname="FailsOnIntegralsOutsideOfPercentage" classname="NUnit.Framework.Constraints.NumericsTests" runstate="Runnable" seed="1007462169" result="Passed" start-time="2017-02-21 11:04:46Z" end-time="2017-02-21 11:04:46Z" duration="0.005069" asserts="1" />
              <test-case id="0-3621" name="FailsOnIntegralsOutsideOfPercentage(11500)" fullname="NUnit.Framework.Constraints.NumericsTests.FailsOnIntegralsOutsideOfPercentage(11500)" methodname="FailsOnIntegralsOutsideOfPercentage" classname="NUnit.Framework.Constraints.NumericsTests" runstate="Runnable" seed="1890645804" result="Passed" start-time="2017-02-21 11:04:46Z" end-time="2017-02-21 11:04:46Z" duration="0.005411" asserts="1" />
              <test-case id="0-3622" name="FailsOnIntegralsOutsideOfPercentage(8500L)" fullname="NUnit.Framework.Constraints.NumericsTests.FailsOnIntegralsOutsideOfPercentage(8500L)" methodname="FailsOnIntegralsOutsideOfPercentage" classname="NUnit.Framework.Constraints.NumericsTests" runstate="Runnable" seed="32647709" result="Passed" start-time="2017-02-21 11:04:46Z" end-time="2017-02-21 11:04:46Z" duration="0.004963" asserts="1" />
              <test-case id="0-3623" name="FailsOnIntegralsOutsideOfPercentage(11500L)" fullname="NUnit.Framework.Constraints.NumericsTests.FailsOnIntegralsOutsideOfPercentage(11500L)" methodname="FailsOnIntegralsOutsideOfPercentage" classname="NUnit.Framework.Constraints.NumericsTests" runstate="Runnable" seed="548087683" result="Passed" start-time="2017-02-21 11:04:46Z" end-time="2017-02-21 11:04:46Z" duration="0.003415" asserts="1" />
              <test-case id="0-3624" name="FailsOnIntegralsOutsideOfPercentage(8500UL)" fullname="NUnit.Framework.Constraints.NumericsTests.FailsOnIntegralsOutsideOfPercentage(8500UL)" methodname="FailsOnIntegralsOutsideOfPercentage" classname="NUnit.Framework.Constraints.NumericsTests" runstate="Runnable" seed="618756794" result="Passed" start-time="2017-02-21 11:04:46Z" end-time="2017-02-21 11:04:46Z" duration="0.003949" asserts="1" />
              <test-case id="0-3625" name="FailsOnIntegralsOutsideOfPercentage(11500UL)" fullname="NUnit.Framework.Constraints.NumericsTests.FailsOnIntegralsOutsideOfPercentage(11500UL)" methodname="FailsOnIntegralsOutsideOfPercentage" classname="NUnit.Framework.Constraints.NumericsTests" runstate="Runnable" seed="568874935" result="Passed" start-time="2017-02-21 11:04:46Z" end-time="2017-02-21 11:04:46Z" duration="0.006259" asserts="1" />
            </test-suite>
          </test-suite>
          <test-suite type="TestFixture" id="0-3893" name="ReusableConstraintTests" fullname="NUnit.Framework.Constraints.ReusableConstraintTests" classname="NUnit.Framework.Constraints.ReusableConstraintTests" runstate="Runnable" testcasecount="5" result="Passed" start-time="2017-02-21 11:04:46Z" end-time="2017-02-21 11:04:46Z" duration="0.016725" total="5" passed="5" failed="0" warnings="0" inconclusive="0" skipped="0" asserts="15">
            <test-case id="0-3899" name="CanCreateReusableConstraintByImplicitConversion" fullname="NUnit.Framework.Constraints.ReusableConstraintTests.CanCreateReusableConstraintByImplicitConversion" methodname="CanCreateReusableConstraintByImplicitConversion" classname="NUnit.Framework.Constraints.ReusableConstraintTests" runstate="Runnable" seed="1016048471" result="Passed" start-time="2017-02-21 11:04:46Z" end-time="2017-02-21 11:04:46Z" duration="0.000545" asserts="3" />
            <test-suite type="Theory" id="0-3898" name="CanReuseReusableConstraintMultipleTimes" fullname="NUnit.Framework.Constraints.ReusableConstraintTests.CanReuseReusableConstraintMultipleTimes" classname="NUnit.Framework.Constraints.ReusableConstraintTests" runstate="Runnable" testcasecount="4" result="Passed" start-time="2017-02-21 11:04:46Z" end-time="2017-02-21 11:04:46Z" duration="0.010925" total="4" passed="4" failed="0" warnings="0" inconclusive="0" skipped="0" asserts="12">
              <properties>
                <property name="_JOINTYPE" value="Combinatorial" />
              </properties>
              <test-case id="0-3894" name="CanReuseReusableConstraintMultipleTimes(&lt;not &lt;empty&gt;&gt;)" fullname="NUnit.Framework.Constraints.ReusableConstraintTests.CanReuseReusableConstraintMultipleTimes(&lt;not &lt;empty&gt;&gt;)" methodname="CanReuseReusableConstraintMultipleTimes" classname="NUnit.Framework.Constraints.ReusableConstraintTests" runstate="Runnable" seed="1507432963" result="Passed" start-time="2017-02-21 11:04:46Z" end-time="2017-02-21 11:04:46Z" duration="0.000266" asserts="3" />
              <test-case id="0-3895" name="CanReuseReusableConstraintMultipleTimes(&lt;not &lt;null&gt;&gt;)" fullname="NUnit.Framework.Constraints.ReusableConstraintTests.CanReuseReusableConstraintMultipleTimes(&lt;not &lt;null&gt;&gt;)" methodname="CanReuseReusableConstraintMultipleTimes" classname="NUnit.Framework.Constraints.ReusableConstraintTests" runstate="Runnable" seed="209040906" result="Passed" start-time="2017-02-21 11:04:46Z" end-time="2017-02-21 11:04:46Z" duration="0.000036" asserts="3" />
              <test-case id="0-3896" name="CanReuseReusableConstraintMultipleTimes(&lt;property Length &lt;greaterthan 3&gt;&gt;)" fullname="NUnit.Framework.Constraints.ReusableConstraintTests.CanReuseReusableConstraintMultipleTimes(&lt;property Length &lt;greaterthan 3&gt;&gt;)" methodname="CanReuseReusableConstraintMultipleTimes" classname="NUnit.Framework.Constraints.ReusableConstraintTests" runstate="Runnable" seed="65290380" result="Passed" start-time="2017-02-21 11:04:46Z" end-time="2017-02-21 11:04:46Z" duration="0.000101" asserts="3" />
              <test-case id="0-3897" name="CanReuseReusableConstraintMultipleTimes(&lt;and &lt;property Length &lt;equal 4&gt;&gt; &lt;startswith &quot;te&quot;&gt;&gt;)" fullname="NUnit.Framework.Constraints.ReusableConstraintTests.CanReuseReusableConstraintMultipleTimes(&lt;and &lt;property Length &lt;equal 4&gt;&gt; &lt;startswith &quot;te&quot;&gt;&gt;)" methodname="CanReuseReusableConstraintMultipleTimes" classname="NUnit.Framework.Constraints.ReusableConstraintTests" runstate="Runnable" seed="1024554210" result="Passed" start-time="2017-02-21 11:04:46Z" end-time="2017-02-21 11:04:46Z" duration="0.000061" asserts="3" />
            </test-suite>
          </test-suite>
          <test-suite type="TestFixture" id="0-3860" name="RangeConstraintTest" fullname="NUnit.Framework.Constraints.RangeConstraintTest" classname="NUnit.Framework.Constraints.RangeConstraintTest" runstate="Runnable" testcasecount="14" result="Passed" start-time="2017-02-21 11:04:46Z" end-time="2017-02-21 11:04:46Z" duration="0.054349" total="14" passed="14" failed="0" warnings="0" inconclusive="0" skipped="0" asserts="16">
            <test-suite type="ParameterizedMethod" id="0-3875" name="FailsWithBadValues" fullname="NUnit.Framework.Constraints.RangeConstraintTest.FailsWithBadValues" classname="NUnit.Framework.Constraints.ConstraintTestBase" runstate="Runnable" testcasecount="2" result="Passed" start-time="2017-02-21 11:04:46Z" end-time="2017-02-21 11:04:46Z" duration="0.005213" total="2" passed="2" failed="0" warnings="0" inconclusive="0" skipped="0" asserts="4">
              <test-case id="0-3873" name="FailsWithBadValues(4,&quot;4&quot;)" fullname="NUnit.Framework.Constraints.RangeConstraintTest.FailsWithBadValues(4,&quot;4&quot;)" methodname="FailsWithBadValues" classname="NUnit.Framework.Constraints.ConstraintTestBase" runstate="Runnable" seed="360643073" result="Passed" start-time="2017-02-21 11:04:46Z" end-time="2017-02-21 11:04:46Z" duration="0.000198" asserts="2" />
              <test-case id="0-3874" name="FailsWithBadValues(43,&quot;43&quot;)" fullname="NUnit.Framework.Constraints.RangeConstraintTest.FailsWithBadValues(43,&quot;43&quot;)" methodname="FailsWithBadValues" classname="NUnit.Framework.Constraints.ConstraintTestBase" runstate="Runnable" seed="385401615" result="Passed" start-time="2017-02-21 11:04:46Z" end-time="2017-02-21 11:04:46Z" duration="0.000068" asserts="2" />
            </test-suite>
            <test-suite type="ParameterizedMethod" id="0-3863" name="InvalidDataThrowsArgumentException" fullname="NUnit.Framework.Constraints.RangeConstraintTest.InvalidDataThrowsArgumentException" classname="NUnit.Framework.Constraints.RangeConstraintTest" runstate="Runnable" testcasecount="2" result="Passed" start-time="2017-02-21 11:04:46Z" end-time="2017-02-21 11:04:46Z" duration="0.009916" total="2" passed="2" failed="0" warnings="0" inconclusive="0" skipped="0" asserts="2">
              <test-case id="0-3861" name="InvalidDataThrowsArgumentException(null)" fullname="NUnit.Framework.Constraints.RangeConstraintTest.InvalidDataThrowsArgumentException(null)" methodname="InvalidDataThrowsArgumentException" classname="NUnit.Framework.Constraints.RangeConstraintTest" runstate="Runnable" seed="292291754" result="Passed" start-time="2017-02-21 11:04:46Z" end-time="2017-02-21 11:04:46Z" duration="0.000581" asserts="1" />
              <test-case id="0-3862" name="InvalidDataThrowsArgumentException(&quot;xxx&quot;)" fullname="NUnit.Framework.Constraints.RangeConstraintTest.InvalidDataThrowsArgumentException(&quot;xxx&quot;)" methodname="InvalidDataThrowsArgumentException" classname="NUnit.Framework.Constraints.RangeConstraintTest" runstate="Runnable" seed="1883593978" result="Passed" start-time="2017-02-21 11:04:46Z" end-time="2017-02-21 11:04:46Z" duration="0.000452" asserts="1" />
            </test-suite>
            <test-case id="0-3876" name="ProvidesProperDescription" fullname="NUnit.Framework.Constraints.RangeConstraintTest.ProvidesProperDescription" methodname="ProvidesProperDescription" classname="NUnit.Framework.Constraints.ConstraintTestBaseNoData" runstate="Runnable" seed="1553548939" result="Passed" start-time="2017-02-21 11:04:46Z" end-time="2017-02-21 11:04:46Z" duration="0.000114" asserts="1" />
            <test-case id="0-3877" name="ProvidesProperStringRepresentation" fullname="NUnit.Framework.Constraints.RangeConstraintTest.ProvidesProperStringRepresentation" methodname="ProvidesProperStringRepresentation" classname="NUnit.Framework.Constraints.ConstraintTestBaseNoData" runstate="Runnable" seed="686038435" result="Passed" start-time="2017-02-21 11:04:46Z" end-time="2017-02-21 11:04:46Z" duration="0.000076" asserts="1" />
            <test-case id="0-3868" name="ShouldThrowExceptionIfFromIsLessThanTo" fullname="NUnit.Framework.Constraints.RangeConstraintTest.ShouldThrowExceptionIfFromIsLessThanTo" methodname="ShouldThrowExceptionIfFromIsLessThanTo" classname="NUnit.Framework.Constraints.RangeConstraintTest" runstate="Runnable" seed="1948385087" result="Passed" start-time="2017-02-21 11:04:46Z" end-time="2017-02-21 11:04:46Z" duration="0.000383" asserts="1" />
            <test-suite type="ParameterizedMethod" id="0-3872" name="SucceedsWithGoodValues" fullname="NUnit.Framework.Constraints.RangeConstraintTest.SucceedsWithGoodValues" classname="NUnit.Framework.Constraints.ConstraintTestBase" runstate="Runnable" testcasecount="3" result="Passed" start-time="2017-02-21 11:04:46Z" end-time="2017-02-21 11:04:46Z" duration="0.008393" total="3" passed="3" failed="0" warnings="0" inconclusive="0" skipped="0" asserts="0">
              <test-case id="0-3869" name="SucceedsWithGoodValues(5)" fullname="NUnit.Framework.Constraints.RangeConstraintTest.SucceedsWithGoodValues(5)" methodname="SucceedsWithGoodValues" classname="NUnit.Framework.Constraints.ConstraintTestBase" runstate="Runnable" seed="633875852" result="Passed" start-time="2017-02-21 11:04:46Z" end-time="2017-02-21 11:04:46Z" duration="0.000118" asserts="0" />
              <test-case id="0-3870" name="SucceedsWithGoodValues(23)" fullname="NUnit.Framework.Constraints.RangeConstraintTest.SucceedsWithGoodValues(23)" methodname="SucceedsWithGoodValues" classname="NUnit.Framework.Constraints.ConstraintTestBase" runstate="Runnable" seed="209356603" result="Passed" start-time="2017-02-21 11:04:46Z" end-time="2017-02-21 11:04:46Z" duration="0.000151" asserts="0" />
              <test-case id="0-3871" name="SucceedsWithGoodValues(42)" fullname="NUnit.Framework.Constraints.RangeConstraintTest.SucceedsWithGoodValues(42)" methodname="SucceedsWithGoodValues" classname="NUnit.Framework.Constraints.ConstraintTestBase" runstate="Runnable" seed="1521063224" result="Passed" start-time="2017-02-21 11:04:46Z" end-time="2017-02-21 11:04:46Z" duration="0.000066" asserts="0" />
            </test-suite>
            <test-case id="0-3865" name="UsesProvidedGenericComparer" fullname="NUnit.Framework.Constraints.RangeConstraintTest.UsesProvidedGenericComparer" methodname="UsesProvidedGenericComparer" classname="NUnit.Framework.Constraints.RangeConstraintTest" runstate="Runnable" seed="1224548174" result="Passed" start-time="2017-02-21 11:04:46Z" end-time="2017-02-21 11:04:46Z" duration="0.000255" asserts="2" />
            <test-case id="0-3866" name="UsesProvidedGenericComparison" fullname="NUnit.Framework.Constraints.RangeConstraintTest.UsesProvidedGenericComparison" methodname="UsesProvidedGenericComparison" classname="NUnit.Framework.Constraints.RangeConstraintTest" runstate="Runnable" seed="291712609" result="Passed" start-time="2017-02-21 11:04:46Z" end-time="2017-02-21 11:04:46Z" duration="0.000239" asserts="2" />
            <test-case id="0-3864" name="UsesProvidedIComparer" fullname="NUnit.Framework.Constraints.RangeConstraintTest.UsesProvidedIComparer" methodname="UsesProvidedIComparer" classname="NUnit.Framework.Constraints.RangeConstraintTest" runstate="Runnable" seed="385454476" result="Passed" start-time="2017-02-21 11:04:46Z" end-time="2017-02-21 11:04:46Z" duration="0.000319" asserts="2" />
            <test-case id="0-3867" name="UsesProvidedLambda" fullname="NUnit.Framework.Constraints.RangeConstraintTest.UsesProvidedLambda" methodname="UsesProvidedLambda" classname="NUnit.Framework.Constraints.RangeConstraintTest" runstate="Runnable" seed="67789791" result="Passed" start-time="2017-02-21 11:04:46Z" end-time="2017-02-21 11:04:46Z" duration="0.001347" asserts="1" />
          </test-suite>
          <test-suite type="TestFixture" id="0-3900" name="SameAsTest" fullname="NUnit.Framework.Constraints.SameAsTest" classname="NUnit.Framework.Constraints.SameAsTest" runstate="Runnable" testcasecount="6" result="Passed" start-time="2017-02-21 11:04:46Z" end-time="2017-02-21 11:04:46Z" duration="0.024833" total="6" passed="6" failed="0" warnings="0" inconclusive="0" skipped="0" asserts="8">
            <test-suite type="ParameterizedMethod" id="0-3906" name="FailsWithBadValues" fullname="NUnit.Framework.Constraints.SameAsTest.FailsWithBadValues" classname="NUnit.Framework.Constraints.ConstraintTestBase" runstate="Runnable" testcasecount="3" result="Passed" start-time="2017-02-21 11:04:46Z" end-time="2017-02-21 11:04:46Z" duration="0.008248" total="3" passed="3" failed="0" warnings="0" inconclusive="0" skipped="0" asserts="6">
              <test-case id="0-3903" name="FailsWithBadValues(System.Object,&quot;&lt;System.Object&gt;&quot;)" fullname="NUnit.Framework.Constraints.SameAsTest.FailsWithBadValues(System.Object,&quot;&lt;System.Object&gt;&quot;)" methodname="FailsWithBadValues" classname="NUnit.Framework.Constraints.ConstraintTestBase" runstate="Runnable" seed="1088533885" result="Passed" start-time="2017-02-21 11:04:46Z" end-time="2017-02-21 11:04:46Z" duration="0.000240" asserts="2" />
              <test-case id="0-3904" name="FailsWithBadValues(3,&quot;3&quot;)" fullname="NUnit.Framework.Constraints.SameAsTest.FailsWithBadValues(3,&quot;3&quot;)" methodname="FailsWithBadValues" classname="NUnit.Framework.Constraints.ConstraintTestBase" runstate="Runnable" seed="1350461954" result="Passed" start-time="2017-02-21 11:04:46Z" end-time="2017-02-21 11:04:46Z" duration="0.000093" asserts="2" />
              <test-case id="0-3905" name="FailsWithBadValues(&quot;Hello&quot;,&quot;\&quot;Hello\&quot;&quot;)" fullname="NUnit.Framework.Constraints.SameAsTest.FailsWithBadValues(&quot;Hello&quot;,&quot;\&quot;Hello\&quot;&quot;)" methodname="FailsWithBadValues" classname="NUnit.Framework.Constraints.ConstraintTestBase" runstate="Runnable" seed="217915544" result="Passed" start-time="2017-02-21 11:04:46Z" end-time="2017-02-21 11:04:46Z" duration="0.000090" asserts="2" />
            </test-suite>
            <test-case id="0-3907" name="ProvidesProperDescription" fullname="NUnit.Framework.Constraints.SameAsTest.ProvidesProperDescription" methodname="ProvidesProperDescription" classname="NUnit.Framework.Constraints.ConstraintTestBaseNoData" runstate="Runnable" seed="1471765054" result="Passed" start-time="2017-02-21 11:04:46Z" end-time="2017-02-21 11:04:46Z" duration="0.000084" asserts="1" />
            <test-case id="0-3908" name="ProvidesProperStringRepresentation" fullname="NUnit.Framework.Constraints.SameAsTest.ProvidesProperStringRepresentation" methodname="ProvidesProperStringRepresentation" classname="NUnit.Framework.Constraints.ConstraintTestBaseNoData" runstate="Runnable" seed="1226152477" result="Passed" start-time="2017-02-21 11:04:46Z" end-time="2017-02-21 11:04:46Z" duration="0.000083" asserts="1" />
            <test-suite type="ParameterizedMethod" id="0-3902" name="SucceedsWithGoodValues" fullname="NUnit.Framework.Constraints.SameAsTest.SucceedsWithGoodValues" classname="NUnit.Framework.Constraints.ConstraintTestBase" runstate="Runnable" testcasecount="1" result="Passed" start-time="2017-02-21 11:04:46Z" end-time="2017-02-21 11:04:46Z" duration="0.002729" total="1" passed="1" failed="0" warnings="0" inconclusive="0" skipped="0" asserts="0">
              <test-case id="0-3901" name="SucceedsWithGoodValues(System.Object)" fullname="NUnit.Framework.Constraints.SameAsTest.SucceedsWithGoodValues(System.Object)" methodname="SucceedsWithGoodValues" classname="NUnit.Framework.Constraints.ConstraintTestBase" runstate="Runnable" seed="308280347" result="Passed" start-time="2017-02-21 11:04:46Z" end-time="2017-02-21 11:04:46Z" duration="0.000066" asserts="0" />
            </test-suite>
          </test-suite>
          <test-suite type="TestFixture" id="0-3878" name="RangeTests" fullname="NUnit.Framework.Constraints.RangeTests" classname="NUnit.Framework.Constraints.RangeTests" runstate="Runnable" testcasecount="12" result="Passed" start-time="2017-02-21 11:04:46Z" end-time="2017-02-21 11:04:46Z" duration="0.055733" total="12" passed="12" failed="0" warnings="0" inconclusive="0" skipped="0" asserts="15">
            <test-case id="0-3880" name="InRangeFails" fullname="NUnit.Framework.Constraints.RangeTests.InRangeFails" methodname="InRangeFails" classname="NUnit.Framework.Constraints.RangeTests" runstate="Runnable" seed="307143365" result="Passed" start-time="2017-02-21 11:04:46Z" end-time="2017-02-21 11:04:46Z" duration="0.004962" asserts="1" />
            <test-case id="0-3879" name="InRangeSucceeds" fullname="NUnit.Framework.Constraints.RangeTests.InRangeSucceeds" methodname="InRangeSucceeds" classname="NUnit.Framework.Constraints.RangeTests" runstate="Runnable" seed="1406465937" result="Passed" start-time="2017-02-21 11:04:46Z" end-time="2017-02-21 11:04:46Z" duration="0.001235" asserts="3" />
            <test-suite type="GenericMethod" id="0-3892" name="MixedRangeTests" fullname="NUnit.Framework.Constraints.RangeTests.MixedRangeTests" classname="NUnit.Framework.Constraints.RangeTests" runstate="Runnable" testcasecount="4" result="Passed" start-time="2017-02-21 11:04:46Z" end-time="2017-02-21 11:04:46Z" duration="0.012862" total="4" passed="4" failed="0" warnings="0" inconclusive="0" skipped="0" asserts="4">
              <test-case id="0-3888" name="MixedRangeTests&lt;Int32,Int16,Int16&gt;(5,10,7)" fullname="NUnit.Framework.Constraints.RangeTests.MixedRangeTests&lt;Int32,Int16,Int16&gt;(5,10,7)" methodname="MixedRangeTests" classname="NUnit.Framework.Constraints.RangeTests" runstate="Runnable" seed="1969020803" result="Passed" start-time="2017-02-21 11:04:46Z" end-time="2017-02-21 11:04:46Z" duration="0.000406" asserts="1" />
              <test-case id="0-3889" name="MixedRangeTests&lt;Int16,Int32,Int16&gt;(5,10,7)" fullname="NUnit.Framework.Constraints.RangeTests.MixedRangeTests&lt;Int16,Int32,Int16&gt;(5,10,7)" methodname="MixedRangeTests" classname="NUnit.Framework.Constraints.RangeTests" runstate="Runnable" seed="640586434" result="Passed" start-time="2017-02-21 11:04:46Z" end-time="2017-02-21 11:04:46Z" duration="0.000250" asserts="1" />
              <test-case id="0-3890" name="MixedRangeTests&lt;Int32,Double,Int32&gt;(5,10.0d,7)" fullname="NUnit.Framework.Constraints.RangeTests.MixedRangeTests&lt;Int32,Double,Int32&gt;(5,10.0d,7)" methodname="MixedRangeTests" classname="NUnit.Framework.Constraints.RangeTests" runstate="Runnable" seed="1579769951" result="Passed" start-time="2017-02-21 11:04:46Z" end-time="2017-02-21 11:04:46Z" duration="0.000126" asserts="1" />
              <test-case id="0-3891" name="MixedRangeTests&lt;Double,Int32,Double&gt;(5.0d,10,7.0d)" fullname="NUnit.Framework.Constraints.RangeTests.MixedRangeTests&lt;Double,Int32,Double&gt;(5.0d,10,7.0d)" methodname="MixedRangeTests" classname="NUnit.Framework.Constraints.RangeTests" runstate="Runnable" seed="1520315859" result="Passed" start-time="2017-02-21 11:04:46Z" end-time="2017-02-21 11:04:46Z" duration="0.000399" asserts="1" />
            </test-suite>
            <test-case id="0-3882" name="NotInRangeFails" fullname="NUnit.Framework.Constraints.RangeTests.NotInRangeFails" methodname="NotInRangeFails" classname="NUnit.Framework.Constraints.RangeTests" runstate="Runnable" seed="157262130" result="Passed" start-time="2017-02-21 11:04:46Z" end-time="2017-02-21 11:04:46Z" duration="0.006372" asserts="1" />
            <test-case id="0-3881" name="NotInRangeSucceeds" fullname="NUnit.Framework.Constraints.RangeTests.NotInRangeSucceeds" methodname="NotInRangeSucceeds" classname="NUnit.Framework.Constraints.RangeTests" runstate="Runnable" seed="661830025" result="Passed" start-time="2017-02-21 11:04:46Z" end-time="2017-02-21 11:04:46Z" duration="0.000223" asserts="2" />
            <test-suite type="ParameterizedMethod" id="0-3887" name="RangeBoundaryConditions" fullname="NUnit.Framework.Constraints.RangeTests.RangeBoundaryConditions" classname="NUnit.Framework.Constraints.RangeTests" runstate="Runnable" testcasecount="3" result="Passed" start-time="2017-02-21 11:04:46Z" end-time="2017-02-21 11:04:46Z" duration="0.007645" total="3" passed="3" failed="0" warnings="0" inconclusive="0" skipped="0" asserts="3">
              <test-case id="0-3884" name="RangeBoundaryConditions(9,9,10)" fullname="NUnit.Framework.Constraints.RangeTests.RangeBoundaryConditions(9,9,10)" methodname="RangeBoundaryConditions" classname="NUnit.Framework.Constraints.RangeTests" runstate="Runnable" seed="1760177077" result="Passed" start-time="2017-02-21 11:04:46Z" end-time="2017-02-21 11:04:46Z" duration="0.000163" asserts="1" />
              <test-case id="0-3885" name="RangeBoundaryConditions(10,9,10)" fullname="NUnit.Framework.Constraints.RangeTests.RangeBoundaryConditions(10,9,10)" methodname="RangeBoundaryConditions" classname="NUnit.Framework.Constraints.RangeTests" runstate="Runnable" seed="1494296429" result="Passed" start-time="2017-02-21 11:04:46Z" end-time="2017-02-21 11:04:46Z" duration="0.000036" asserts="1" />
              <test-case id="0-3886" name="RangeBoundaryConditions(9,9,9)" fullname="NUnit.Framework.Constraints.RangeTests.RangeBoundaryConditions(9,9,9)" methodname="RangeBoundaryConditions" classname="NUnit.Framework.Constraints.RangeTests" runstate="Runnable" seed="1055165941" result="Passed" start-time="2017-02-21 11:04:46Z" end-time="2017-02-21 11:04:46Z" duration="0.000028" asserts="1" />
            </test-suite>
            <test-case id="0-3883" name="ShouldThrowExceptionIfFromIsLessThanTo" fullname="NUnit.Framework.Constraints.RangeTests.ShouldThrowExceptionIfFromIsLessThanTo" methodname="ShouldThrowExceptionIfFromIsLessThanTo" classname="NUnit.Framework.Constraints.RangeTests" runstate="Runnable" seed="1166054924" result="Passed" start-time="2017-02-21 11:04:46Z" end-time="2017-02-21 11:04:46Z" duration="0.000414" asserts="1" />
          </test-suite>
          <test-suite type="TestFixture" id="0-3808" name="SamePathOrUnderTest_Linux" fullname="NUnit.Framework.Constraints.SamePathOrUnderTest_Linux" classname="NUnit.Framework.Constraints.SamePathOrUnderTest_Linux" runstate="Runnable" testcasecount="17" result="Passed" start-time="2017-02-21 11:04:46Z" end-time="2017-02-21 11:04:46Z" duration="0.053118" total="17" passed="17" failed="0" warnings="0" inconclusive="0" skipped="0" asserts="15">
            <test-suite type="ParameterizedMethod" id="0-3825" name="FailsWithBadValues" fullname="NUnit.Framework.Constraints.SamePathOrUnderTest_Linux.FailsWithBadValues" classname="NUnit.Framework.Constraints.ConstraintTestBase" runstate="Runnable" testcasecount="6" result="Passed" start-time="2017-02-21 11:04:46Z" end-time="2017-02-21 11:04:46Z" duration="0.016879" total="6" passed="6" failed="0" warnings="0" inconclusive="0" skipped="0" asserts="12">
              <test-case id="0-3819" name="FailsWithBadValues(&quot;/Folder1/Folder2&quot;,&quot;\&quot;/Folder1/Folder2\&quot;&quot;)" fullname="NUnit.Framework.Constraints.SamePathOrUnderTest_Linux.FailsWithBadValues(&quot;/Folder1/Folder2&quot;,&quot;\&quot;/Folder1/Folder2\&quot;&quot;)" methodname="FailsWithBadValues" classname="NUnit.Framework.Constraints.ConstraintTestBase" runstate="Runnable" seed="1885060888" result="Passed" start-time="2017-02-21 11:04:46Z" end-time="2017-02-21 11:04:46Z" duration="0.000419" asserts="2" />
              <test-case id="0-3820" name="FailsWithBadValues(&quot;/FOLDER1/./junk/../Folder2&quot;,&quot;\&quot;/FOLDER1/./junk/../Folder2\&quot;&quot;)" fullname="NUnit.Framework.Constraints.SamePathOrUnderTest_Linux.FailsWithBadValues(&quot;/FOLDER1/./junk/../Folder2&quot;,&quot;\&quot;/FOLDER1/./junk/../Folder2\&quot;&quot;)" methodname="FailsWithBadValues" classname="NUnit.Framework.Constraints.ConstraintTestBase" runstate="Runnable" seed="1293061380" result="Passed" start-time="2017-02-21 11:04:46Z" end-time="2017-02-21 11:04:46Z" duration="0.000090" asserts="2" />
              <test-case id="0-3821" name="FailsWithBadValues(&quot;/FOLDER1/./junk/../Folder2/temp/../Folder3&quot;,&quot;\&quot;/FOLDER1/./junk/../Folder2/temp/../Folder3\&quot;&quot;)" fullname="NUnit.Framework.Constraints.SamePathOrUnderTest_Linux.FailsWithBadValues(&quot;/FOLDER1/./junk/../Folder2/temp/../Folder3&quot;,&quot;\&quot;/FOLDER1/./junk/../Folder2/temp/../Folder3\&quot;&quot;)" methodname="FailsWithBadValues" classname="NUnit.Framework.Constraints.ConstraintTestBase" runstate="Runnable" seed="695147283" result="Passed" start-time="2017-02-21 11:04:46Z" end-time="2017-02-21 11:04:46Z" duration="0.000102" asserts="2" />
              <test-case id="0-3822" name="FailsWithBadValues(&quot;/folder1/folder3&quot;,&quot;\&quot;/folder1/folder3\&quot;&quot;)" fullname="NUnit.Framework.Constraints.SamePathOrUnderTest_Linux.FailsWithBadValues(&quot;/folder1/folder3&quot;,&quot;\&quot;/folder1/folder3\&quot;&quot;)" methodname="FailsWithBadValues" classname="NUnit.Framework.Constraints.ConstraintTestBase" runstate="Runnable" seed="1865066335" result="Passed" start-time="2017-02-21 11:04:46Z" end-time="2017-02-21 11:04:46Z" duration="0.000381" asserts="2" />
              <test-case id="0-3823" name="FailsWithBadValues(&quot;/folder1/./folder2/../folder3&quot;,&quot;\&quot;/folder1/./folder2/../folder3\&quot;&quot;)" fullname="NUnit.Framework.Constraints.SamePathOrUnderTest_Linux.FailsWithBadValues(&quot;/folder1/./folder2/../folder3&quot;,&quot;\&quot;/folder1/./folder2/../folder3\&quot;&quot;)" methodname="FailsWithBadValues" classname="NUnit.Framework.Constraints.ConstraintTestBase" runstate="Runnable" seed="1464438876" result="Passed" start-time="2017-02-21 11:04:46Z" end-time="2017-02-21 11:04:46Z" duration="0.000060" asserts="2" />
              <test-case id="0-3824" name="FailsWithBadValues(&quot;/folder1&quot;,&quot;\&quot;/folder1\&quot;&quot;)" fullname="NUnit.Framework.Constraints.SamePathOrUnderTest_Linux.FailsWithBadValues(&quot;/folder1&quot;,&quot;\&quot;/folder1\&quot;&quot;)" methodname="FailsWithBadValues" classname="NUnit.Framework.Constraints.ConstraintTestBase" runstate="Runnable" seed="421951009" result="Passed" start-time="2017-02-21 11:04:46Z" end-time="2017-02-21 11:04:46Z" duration="0.000067" asserts="2" />
            </test-suite>
            <test-case id="0-3809" name="NonStringDataThrowsArgumentException" fullname="NUnit.Framework.Constraints.SamePathOrUnderTest_Linux.NonStringDataThrowsArgumentException" methodname="NonStringDataThrowsArgumentException" classname="NUnit.Framework.Constraints.StringConstraintTests" runstate="Runnable" seed="353149671" result="Passed" start-time="2017-02-21 11:04:46Z" end-time="2017-02-21 11:04:46Z" duration="0.000183" asserts="1" />
            <test-case id="0-3826" name="ProvidesProperDescription" fullname="NUnit.Framework.Constraints.SamePathOrUnderTest_Linux.ProvidesProperDescription" methodname="ProvidesProperDescription" classname="NUnit.Framework.Constraints.ConstraintTestBaseNoData" runstate="Runnable" seed="1269067823" result="Passed" start-time="2017-02-21 11:04:46Z" end-time="2017-02-21 11:04:46Z" duration="0.000068" asserts="1" />
            <test-case id="0-3827" name="ProvidesProperStringRepresentation" fullname="NUnit.Framework.Constraints.SamePathOrUnderTest_Linux.ProvidesProperStringRepresentation" methodname="ProvidesProperStringRepresentation" classname="NUnit.Framework.Constraints.ConstraintTestBaseNoData" runstate="Runnable" seed="384429257" result="Passed" start-time="2017-02-21 11:04:46Z" end-time="2017-02-21 11:04:46Z" duration="0.000204" asserts="1" />
            <test-suite type="ParameterizedMethod" id="0-3818" name="SucceedsWithGoodValues" fullname="NUnit.Framework.Constraints.SamePathOrUnderTest_Linux.SucceedsWithGoodValues" classname="NUnit.Framework.Constraints.ConstraintTestBase" runstate="Runnable" testcasecount="8" result="Passed" start-time="2017-02-21 11:04:46Z" end-time="2017-02-21 11:04:46Z" duration="0.022988" total="8" passed="8" failed="0" warnings="0" inconclusive="0" skipped="0" asserts="0">
              <test-case id="0-3810" name="SucceedsWithGoodValues(&quot;/folder1/folder2&quot;)" fullname="NUnit.Framework.Constraints.SamePathOrUnderTest_Linux.SucceedsWithGoodValues(&quot;/folder1/folder2&quot;)" methodname="SucceedsWithGoodValues" classname="NUnit.Framework.Constraints.ConstraintTestBase" runstate="Runnable" seed="1814224822" result="Passed" start-time="2017-02-21 11:04:46Z" end-time="2017-02-21 11:04:46Z" duration="0.000068" asserts="0" />
              <test-case id="0-3811" name="SucceedsWithGoodValues(&quot;/folder1/./folder2&quot;)" fullname="NUnit.Framework.Constraints.SamePathOrUnderTest_Linux.SucceedsWithGoodValues(&quot;/folder1/./folder2&quot;)" methodname="SucceedsWithGoodValues" classname="NUnit.Framework.Constraints.ConstraintTestBase" runstate="Runnable" seed="755660590" result="Passed" start-time="2017-02-21 11:04:46Z" end-time="2017-02-21 11:04:46Z" duration="0.000074" asserts="0" />
              <test-case id="0-3812" name="SucceedsWithGoodValues(&quot;/folder1/junk/../folder2&quot;)" fullname="NUnit.Framework.Constraints.SamePathOrUnderTest_Linux.SucceedsWithGoodValues(&quot;/folder1/junk/../folder2&quot;)" methodname="SucceedsWithGoodValues" classname="NUnit.Framework.Constraints.ConstraintTestBase" runstate="Runnable" seed="1852466896" result="Passed" start-time="2017-02-21 11:04:46Z" end-time="2017-02-21 11:04:46Z" duration="0.000055" asserts="0" />
              <test-case id="0-3813" name="SucceedsWithGoodValues(&quot;\\folder1\\folder2&quot;)" fullname="NUnit.Framework.Constraints.SamePathOrUnderTest_Linux.SucceedsWithGoodValues(&quot;\\folder1\\folder2&quot;)" methodname="SucceedsWithGoodValues" classname="NUnit.Framework.Constraints.ConstraintTestBase" runstate="Runnable" seed="1592047952" result="Passed" start-time="2017-02-21 11:04:46Z" end-time="2017-02-21 11:04:46Z" duration="0.000345" asserts="0" />
              <test-case id="0-3814" name="SucceedsWithGoodValues(&quot;/folder1/folder2/folder3&quot;)" fullname="NUnit.Framework.Constraints.SamePathOrUnderTest_Linux.SucceedsWithGoodValues(&quot;/folder1/folder2/folder3&quot;)" methodname="SucceedsWithGoodValues" classname="NUnit.Framework.Constraints.ConstraintTestBase" runstate="Runnable" seed="1590432622" result="Passed" start-time="2017-02-21 11:04:46Z" end-time="2017-02-21 11:04:46Z" duration="0.000081" asserts="0" />
              <test-case id="0-3815" name="SucceedsWithGoodValues(&quot;/folder1/./folder2/folder3&quot;)" fullname="NUnit.Framework.Constraints.SamePathOrUnderTest_Linux.SucceedsWithGoodValues(&quot;/folder1/./folder2/folder3&quot;)" methodname="SucceedsWithGoodValues" classname="NUnit.Framework.Constraints.ConstraintTestBase" runstate="Runnable" seed="1607784441" result="Passed" start-time="2017-02-21 11:04:46Z" end-time="2017-02-21 11:04:46Z" duration="0.000047" asserts="0" />
              <test-case id="0-3816" name="SucceedsWithGoodValues(&quot;/folder1/junk/../folder2/folder3&quot;)" fullname="NUnit.Framework.Constraints.SamePathOrUnderTest_Linux.SucceedsWithGoodValues(&quot;/folder1/junk/../folder2/folder3&quot;)" methodname="SucceedsWithGoodValues" classname="NUnit.Framework.Constraints.ConstraintTestBase" runstate="Runnable" seed="1799130975" result="Passed" start-time="2017-02-21 11:04:46Z" end-time="2017-02-21 11:04:46Z" duration="0.000071" asserts="0" />
              <test-case id="0-3817" name="SucceedsWithGoodValues(&quot;\\folder1\\folder2\\folder3&quot;)" fullname="NUnit.Framework.Constraints.SamePathOrUnderTest_Linux.SucceedsWithGoodValues(&quot;\\folder1\\folder2\\folder3&quot;)" methodname="SucceedsWithGoodValues" classname="NUnit.Framework.Constraints.ConstraintTestBase" runstate="Runnable" seed="2105035894" result="Passed" start-time="2017-02-21 11:04:46Z" end-time="2017-02-21 11:04:46Z" duration="0.000052" asserts="0" />
            </test-suite>
          </test-suite>
          <test-suite type="TestFixture" id="0-3789" name="SamePathOrUnderTest_Windows" fullname="NUnit.Framework.Constraints.SamePathOrUnderTest_Windows" classname="NUnit.Framework.Constraints.SamePathOrUnderTest_Windows" runstate="Runnable" testcasecount="16" result="Passed" start-time="2017-02-21 11:04:46Z" end-time="2017-02-21 11:04:46Z" duration="0.049572" total="16" passed="16" failed="0" warnings="0" inconclusive="0" skipped="0" asserts="7">
            <test-suite type="ParameterizedMethod" id="0-3805" name="FailsWithBadValues" fullname="NUnit.Framework.Constraints.SamePathOrUnderTest_Windows.FailsWithBadValues" classname="NUnit.Framework.Constraints.ConstraintTestBase" runstate="Runnable" testcasecount="2" result="Passed" start-time="2017-02-21 11:04:46Z" end-time="2017-02-21 11:04:46Z" duration="0.006647" total="2" passed="2" failed="0" warnings="0" inconclusive="0" skipped="0" asserts="4">
              <test-case id="0-3803" name="FailsWithBadValues(&quot;C:\\folder1\\folder3&quot;,&quot;\&quot;C:\\folder1\\folder3\&quot;&quot;)" fullname="NUnit.Framework.Constraints.SamePathOrUnderTest_Windows.FailsWithBadValues(&quot;C:\\folder1\\folder3&quot;,&quot;\&quot;C:\\folder1\\folder3\&quot;&quot;)" methodname="FailsWithBadValues" classname="NUnit.Framework.Constraints.ConstraintTestBase" runstate="Runnable" seed="1272993901" result="Passed" start-time="2017-02-21 11:04:46Z" end-time="2017-02-21 11:04:46Z" duration="0.000600" asserts="2" />
              <test-case id="0-3804" name="FailsWithBadValues(&quot;C:\\folder1\\.\\folder2\\..\\file.temp&quot;,&quot;\&quot;C:\\folder1\\.\\folder2\\..\\file.temp\&quot;&quot;)" fullname="NUnit.Framework.Constraints.SamePathOrUnderTest_Windows.FailsWithBadValues(&quot;C:\\folder1\\.\\folder2\\..\\file.temp&quot;,&quot;\&quot;C:\\folder1\\.\\folder2\\..\\file.temp\&quot;&quot;)" methodname="FailsWithBadValues" classname="NUnit.Framework.Constraints.ConstraintTestBase" runstate="Runnable" seed="762357703" result="Passed" start-time="2017-02-21 11:04:46Z" end-time="2017-02-21 11:04:46Z" duration="0.000197" asserts="2" />
            </test-suite>
            <test-case id="0-3790" name="NonStringDataThrowsArgumentException" fullname="NUnit.Framework.Constraints.SamePathOrUnderTest_Windows.NonStringDataThrowsArgumentException" methodname="NonStringDataThrowsArgumentException" classname="NUnit.Framework.Constraints.StringConstraintTests" runstate="Runnable" seed="1394476763" result="Passed" start-time="2017-02-21 11:04:46Z" end-time="2017-02-21 11:04:46Z" duration="0.000349" asserts="1" />
            <test-case id="0-3806" name="ProvidesProperDescription" fullname="NUnit.Framework.Constraints.SamePathOrUnderTest_Windows.ProvidesProperDescription" methodname="ProvidesProperDescription" classname="NUnit.Framework.Constraints.ConstraintTestBaseNoData" runstate="Runnable" seed="1591834085" result="Passed" start-time="2017-02-21 11:04:46Z" end-time="2017-02-21 11:04:46Z" duration="0.000037" asserts="1" />
            <test-case id="0-3807" name="ProvidesProperStringRepresentation" fullname="NUnit.Framework.Constraints.SamePathOrUnderTest_Windows.ProvidesProperStringRepresentation" methodname="ProvidesProperStringRepresentation" classname="NUnit.Framework.Constraints.ConstraintTestBaseNoData" runstate="Runnable" seed="346175338" result="Passed" start-time="2017-02-21 11:04:46Z" end-time="2017-02-21 11:04:46Z" duration="0.000040" asserts="1" />
            <test-suite type="ParameterizedMethod" id="0-3802" name="SucceedsWithGoodValues" fullname="NUnit.Framework.Constraints.SamePathOrUnderTest_Windows.SucceedsWithGoodValues" classname="NUnit.Framework.Constraints.ConstraintTestBase" runstate="Runnable" testcasecount="11" result="Passed" start-time="2017-02-21 11:04:46Z" end-time="2017-02-21 11:04:46Z" duration="0.028857" total="11" passed="11" failed="0" warnings="0" inconclusive="0" skipped="0" asserts="0">
              <test-case id="0-3791" name="SucceedsWithGoodValues(&quot;C:\\folder1\\folder2&quot;)" fullname="NUnit.Framework.Constraints.SamePathOrUnderTest_Windows.SucceedsWithGoodValues(&quot;C:\\folder1\\folder2&quot;)" methodname="SucceedsWithGoodValues" classname="NUnit.Framework.Constraints.ConstraintTestBase" runstate="Runnable" seed="195750849" result="Passed" start-time="2017-02-21 11:04:46Z" end-time="2017-02-21 11:04:46Z" duration="0.000097" asserts="0" />
              <test-case id="0-3792" name="SucceedsWithGoodValues(&quot;C:\\Folder1\\Folder2&quot;)" fullname="NUnit.Framework.Constraints.SamePathOrUnderTest_Windows.SucceedsWithGoodValues(&quot;C:\\Folder1\\Folder2&quot;)" methodname="SucceedsWithGoodValues" classname="NUnit.Framework.Constraints.ConstraintTestBase" runstate="Runnable" seed="1034609602" result="Passed" start-time="2017-02-21 11:04:46Z" end-time="2017-02-21 11:04:46Z" duration="0.000086" asserts="0" />
              <test-case id="0-3793" name="SucceedsWithGoodValues(&quot;C:\\folder1\\.\\folder2&quot;)" fullname="NUnit.Framework.Constraints.SamePathOrUnderTest_Windows.SucceedsWithGoodValues(&quot;C:\\folder1\\.\\folder2&quot;)" methodname="SucceedsWithGoodValues" classname="NUnit.Framework.Constraints.ConstraintTestBase" runstate="Runnable" seed="1742569750" result="Passed" start-time="2017-02-21 11:04:46Z" end-time="2017-02-21 11:04:46Z" duration="0.000466" asserts="0" />
              <test-case id="0-3794" name="SucceedsWithGoodValues(&quot;C:\\folder1\\junk\\..\\folder2&quot;)" fullname="NUnit.Framework.Constraints.SamePathOrUnderTest_Windows.SucceedsWithGoodValues(&quot;C:\\folder1\\junk\\..\\folder2&quot;)" methodname="SucceedsWithGoodValues" classname="NUnit.Framework.Constraints.ConstraintTestBase" runstate="Runnable" seed="1019022519" result="Passed" start-time="2017-02-21 11:04:46Z" end-time="2017-02-21 11:04:46Z" duration="0.000031" asserts="0" />
              <test-case id="0-3795" name="SucceedsWithGoodValues(&quot;C:\\FOLDER1\\.\\junk\\..\\Folder2&quot;)" fullname="NUnit.Framework.Constraints.SamePathOrUnderTest_Windows.SucceedsWithGoodValues(&quot;C:\\FOLDER1\\.\\junk\\..\\Folder2&quot;)" methodname="SucceedsWithGoodValues" classname="NUnit.Framework.Constraints.ConstraintTestBase" runstate="Runnable" seed="1841529528" result="Passed" start-time="2017-02-21 11:04:46Z" end-time="2017-02-21 11:04:46Z" duration="0.000046" asserts="0" />
              <test-case id="0-3796" name="SucceedsWithGoodValues(&quot;C:/folder1/folder2&quot;)" fullname="NUnit.Framework.Constraints.SamePathOrUnderTest_Windows.SucceedsWithGoodValues(&quot;C:/folder1/folder2&quot;)" methodname="SucceedsWithGoodValues" classname="NUnit.Framework.Constraints.ConstraintTestBase" runstate="Runnable" seed="696844641" result="Passed" start-time="2017-02-21 11:04:46Z" end-time="2017-02-21 11:04:46Z" duration="0.000181" asserts="0" />
              <test-case id="0-3797" name="SucceedsWithGoodValues(&quot;C:\\folder1\\folder2\\folder3&quot;)" fullname="NUnit.Framework.Constraints.SamePathOrUnderTest_Windows.SucceedsWithGoodValues(&quot;C:\\folder1\\folder2\\folder3&quot;)" methodname="SucceedsWithGoodValues" classname="NUnit.Framework.Constraints.ConstraintTestBase" runstate="Runnable" seed="947189200" result="Passed" start-time="2017-02-21 11:04:46Z" end-time="2017-02-21 11:04:46Z" duration="0.000143" asserts="0" />
              <test-case id="0-3798" name="SucceedsWithGoodValues(&quot;C:\\folder1\\.\\folder2\\folder3&quot;)" fullname="NUnit.Framework.Constraints.SamePathOrUnderTest_Windows.SucceedsWithGoodValues(&quot;C:\\folder1\\.\\folder2\\folder3&quot;)" methodname="SucceedsWithGoodValues" classname="NUnit.Framework.Constraints.ConstraintTestBase" runstate="Runnable" seed="935065146" result="Passed" start-time="2017-02-21 11:04:46Z" end-time="2017-02-21 11:04:46Z" duration="0.000045" asserts="0" />
              <test-case id="0-3799" name="SucceedsWithGoodValues(&quot;C:\\folder1\\junk\\..\\folder2\\folder3&quot;)" fullname="NUnit.Framework.Constraints.SamePathOrUnderTest_Windows.SucceedsWithGoodValues(&quot;C:\\folder1\\junk\\..\\folder2\\folder3&quot;)" methodname="SucceedsWithGoodValues" classname="NUnit.Framework.Constraints.ConstraintTestBase" runstate="Runnable" seed="1455687044" result="Passed" start-time="2017-02-21 11:04:46Z" end-time="2017-02-21 11:04:46Z" duration="0.000053" asserts="0" />
              <test-case id="0-3800" name="SucceedsWithGoodValues(&quot;C:\\FOLDER1\\.\\junk\\..\\Folder2\\temp\\..\\Folder3&quot;)" fullname="NUnit.Framework.Constraints.SamePathOrUnderTest_Windows.SucceedsWithGoodValues(&quot;C:\\FOLDER1\\.\\junk\\..\\Folder2\\temp\\..\\Folder3&quot;)" methodname="SucceedsWithGoodValues" classname="NUnit.Framework.Constraints.ConstraintTestBase" runstate="Runnable" seed="1309626101" result="Passed" start-time="2017-02-21 11:04:46Z" end-time="2017-02-21 11:04:46Z" duration="0.000062" asserts="0" />
              <test-case id="0-3801" name="SucceedsWithGoodValues(&quot;C:/folder1/folder2/folder3&quot;)" fullname="NUnit.Framework.Constraints.SamePathOrUnderTest_Windows.SucceedsWithGoodValues(&quot;C:/folder1/folder2/folder3&quot;)" methodname="SucceedsWithGoodValues" classname="NUnit.Framework.Constraints.ConstraintTestBase" runstate="Runnable" seed="1681121570" result="Passed" start-time="2017-02-21 11:04:46Z" end-time="2017-02-21 11:04:46Z" duration="0.000053" asserts="0" />
            </test-suite>
          </test-suite>
          <test-suite type="TestFixture" id="0-3727" name="SamePathTest_Linux" fullname="NUnit.Framework.Constraints.SamePathTest_Linux" classname="NUnit.Framework.Constraints.SamePathTest_Linux" runstate="Runnable" testcasecount="20" result="Passed" start-time="2017-02-21 11:04:46Z" end-time="2017-02-21 11:04:46Z" duration="0.063997" total="20" passed="20" failed="0" warnings="0" inconclusive="0" skipped="0" asserts="16">
            <test-suite type="ParameterizedMethod" id="0-3747" name="FailsWithBadValues" fullname="NUnit.Framework.Constraints.SamePathTest_Linux.FailsWithBadValues" classname="NUnit.Framework.Constraints.ConstraintTestBase" runstate="Runnable" testcasecount="6" result="Passed" start-time="2017-02-21 11:04:46Z" end-time="2017-02-21 11:04:46Z" duration="0.018283" total="6" passed="6" failed="0" warnings="0" inconclusive="0" skipped="0" asserts="12">
              <test-case id="0-3741" name="FailsWithBadValues(&quot;folder1/folder2&quot;,&quot;\&quot;folder1/folder2\&quot;&quot;)" fullname="NUnit.Framework.Constraints.SamePathTest_Linux.FailsWithBadValues(&quot;folder1/folder2&quot;,&quot;\&quot;folder1/folder2\&quot;&quot;)" methodname="FailsWithBadValues" classname="NUnit.Framework.Constraints.ConstraintTestBase" runstate="Runnable" seed="83598608" result="Passed" start-time="2017-02-21 11:04:46Z" end-time="2017-02-21 11:04:46Z" duration="0.000364" asserts="2" />
              <test-case id="0-3742" name="FailsWithBadValues(&quot;//folder1/folder2&quot;,&quot;\&quot;//folder1/folder2\&quot;&quot;)" fullname="NUnit.Framework.Constraints.SamePathTest_Linux.FailsWithBadValues(&quot;//folder1/folder2&quot;,&quot;\&quot;//folder1/folder2\&quot;&quot;)" methodname="FailsWithBadValues" classname="NUnit.Framework.Constraints.ConstraintTestBase" runstate="Runnable" seed="632640027" result="Passed" start-time="2017-02-21 11:04:46Z" end-time="2017-02-21 11:04:46Z" duration="0.000088" asserts="2" />
              <test-case id="0-3743" name="FailsWithBadValues(&quot;/junk/folder2&quot;,&quot;\&quot;/junk/folder2\&quot;&quot;)" fullname="NUnit.Framework.Constraints.SamePathTest_Linux.FailsWithBadValues(&quot;/junk/folder2&quot;,&quot;\&quot;/junk/folder2\&quot;&quot;)" methodname="FailsWithBadValues" classname="NUnit.Framework.Constraints.ConstraintTestBase" runstate="Runnable" seed="1904541703" result="Passed" start-time="2017-02-21 11:04:46Z" end-time="2017-02-21 11:04:46Z" duration="0.000061" asserts="2" />
              <test-case id="0-3744" name="FailsWithBadValues(&quot;/folder1/./junk/../file.temp&quot;,&quot;\&quot;/folder1/./junk/../file.temp\&quot;&quot;)" fullname="NUnit.Framework.Constraints.SamePathTest_Linux.FailsWithBadValues(&quot;/folder1/./junk/../file.temp&quot;,&quot;\&quot;/folder1/./junk/../file.temp\&quot;&quot;)" methodname="FailsWithBadValues" classname="NUnit.Framework.Constraints.ConstraintTestBase" runstate="Runnable" seed="1802916308" result="Passed" start-time="2017-02-21 11:04:46Z" end-time="2017-02-21 11:04:46Z" duration="0.000060" asserts="2" />
              <test-case id="0-3745" name="FailsWithBadValues(&quot;/Folder1/FOLDER2&quot;,&quot;\&quot;/Folder1/FOLDER2\&quot;&quot;)" fullname="NUnit.Framework.Constraints.SamePathTest_Linux.FailsWithBadValues(&quot;/Folder1/FOLDER2&quot;,&quot;\&quot;/Folder1/FOLDER2\&quot;&quot;)" methodname="FailsWithBadValues" classname="NUnit.Framework.Constraints.ConstraintTestBase" runstate="Runnable" seed="1942890806" result="Passed" start-time="2017-02-21 11:04:46Z" end-time="2017-02-21 11:04:46Z" duration="0.000068" asserts="2" />
              <test-case id="0-3746" name="FailsWithBadValues(&quot;/FOLDER1/./junk/../FOLDER2&quot;,&quot;\&quot;/FOLDER1/./junk/../FOLDER2\&quot;&quot;)" fullname="NUnit.Framework.Constraints.SamePathTest_Linux.FailsWithBadValues(&quot;/FOLDER1/./junk/../FOLDER2&quot;,&quot;\&quot;/FOLDER1/./junk/../FOLDER2\&quot;&quot;)" methodname="FailsWithBadValues" classname="NUnit.Framework.Constraints.ConstraintTestBase" runstate="Runnable" seed="1798031247" result="Passed" start-time="2017-02-21 11:04:46Z" end-time="2017-02-21 11:04:46Z" duration="0.000502" asserts="2" />
            </test-suite>
            <test-case id="0-3729" name="NonStringDataThrowsArgumentException" fullname="NUnit.Framework.Constraints.SamePathTest_Linux.NonStringDataThrowsArgumentException" methodname="NonStringDataThrowsArgumentException" classname="NUnit.Framework.Constraints.StringConstraintTests" runstate="Runnable" seed="625613470" result="Passed" start-time="2017-02-21 11:04:46Z" end-time="2017-02-21 11:04:46Z" duration="0.000106" asserts="1" />
            <test-case id="0-3748" name="ProvidesProperDescription" fullname="NUnit.Framework.Constraints.SamePathTest_Linux.ProvidesProperDescription" methodname="ProvidesProperDescription" classname="NUnit.Framework.Constraints.ConstraintTestBaseNoData" runstate="Runnable" seed="262866928" result="Passed" start-time="2017-02-21 11:04:46Z" end-time="2017-02-21 11:04:46Z" duration="0.000055" asserts="1" />
            <test-case id="0-3749" name="ProvidesProperStringRepresentation" fullname="NUnit.Framework.Constraints.SamePathTest_Linux.ProvidesProperStringRepresentation" methodname="ProvidesProperStringRepresentation" classname="NUnit.Framework.Constraints.ConstraintTestBaseNoData" runstate="Runnable" seed="482829050" result="Passed" start-time="2017-02-21 11:04:46Z" end-time="2017-02-21 11:04:46Z" duration="0.000087" asserts="1" />
            <test-case id="0-3728" name="RootPathEquality" fullname="NUnit.Framework.Constraints.SamePathTest_Linux.RootPathEquality" methodname="RootPathEquality" classname="NUnit.Framework.Constraints.SamePathTest_Linux" runstate="Runnable" seed="1994377084" result="Passed" start-time="2017-02-21 11:04:46Z" end-time="2017-02-21 11:04:46Z" duration="0.000224" asserts="1" />
            <test-suite type="ParameterizedMethod" id="0-3740" name="SucceedsWithGoodValues" fullname="NUnit.Framework.Constraints.SamePathTest_Linux.SucceedsWithGoodValues" classname="NUnit.Framework.Constraints.ConstraintTestBase" runstate="Runnable" testcasecount="10" result="Passed" start-time="2017-02-21 11:04:46Z" end-time="2017-02-21 11:04:46Z" duration="0.030359" total="10" passed="10" failed="0" warnings="0" inconclusive="0" skipped="0" asserts="0">
              <test-case id="0-3730" name="SucceedsWithGoodValues(&quot;/folder1/folder2&quot;)" fullname="NUnit.Framework.Constraints.SamePathTest_Linux.SucceedsWithGoodValues(&quot;/folder1/folder2&quot;)" methodname="SucceedsWithGoodValues" classname="NUnit.Framework.Constraints.ConstraintTestBase" runstate="Runnable" seed="46682281" result="Passed" start-time="2017-02-21 11:04:46Z" end-time="2017-02-21 11:04:46Z" duration="0.000077" asserts="0" />
              <test-case id="0-3731" name="SucceedsWithGoodValues(&quot;/folder1/folder2/&quot;)" fullname="NUnit.Framework.Constraints.SamePathTest_Linux.SucceedsWithGoodValues(&quot;/folder1/folder2/&quot;)" methodname="SucceedsWithGoodValues" classname="NUnit.Framework.Constraints.ConstraintTestBase" runstate="Runnable" seed="296064915" result="Passed" start-time="2017-02-21 11:04:46Z" end-time="2017-02-21 11:04:46Z" duration="0.000073" asserts="0" />
              <test-case id="0-3732" name="SucceedsWithGoodValues(&quot;/folder1/./folder2&quot;)" fullname="NUnit.Framework.Constraints.SamePathTest_Linux.SucceedsWithGoodValues(&quot;/folder1/./folder2&quot;)" methodname="SucceedsWithGoodValues" classname="NUnit.Framework.Constraints.ConstraintTestBase" runstate="Runnable" seed="1831811965" result="Passed" start-time="2017-02-21 11:04:46Z" end-time="2017-02-21 11:04:46Z" duration="0.000061" asserts="0" />
              <test-case id="0-3733" name="SucceedsWithGoodValues(&quot;/folder1/./folder2/&quot;)" fullname="NUnit.Framework.Constraints.SamePathTest_Linux.SucceedsWithGoodValues(&quot;/folder1/./folder2/&quot;)" methodname="SucceedsWithGoodValues" classname="NUnit.Framework.Constraints.ConstraintTestBase" runstate="Runnable" seed="247973745" result="Passed" start-time="2017-02-21 11:04:46Z" end-time="2017-02-21 11:04:46Z" duration="0.000057" asserts="0" />
              <test-case id="0-3734" name="SucceedsWithGoodValues(&quot;/folder1/junk/../folder2&quot;)" fullname="NUnit.Framework.Constraints.SamePathTest_Linux.SucceedsWithGoodValues(&quot;/folder1/junk/../folder2&quot;)" methodname="SucceedsWithGoodValues" classname="NUnit.Framework.Constraints.ConstraintTestBase" runstate="Runnable" seed="1470904500" result="Passed" start-time="2017-02-21 11:04:46Z" end-time="2017-02-21 11:04:46Z" duration="0.000059" asserts="0" />
              <test-case id="0-3735" name="SucceedsWithGoodValues(&quot;/folder1/junk/../folder2/&quot;)" fullname="NUnit.Framework.Constraints.SamePathTest_Linux.SucceedsWithGoodValues(&quot;/folder1/junk/../folder2/&quot;)" methodname="SucceedsWithGoodValues" classname="NUnit.Framework.Constraints.ConstraintTestBase" runstate="Runnable" seed="1205965888" result="Passed" start-time="2017-02-21 11:04:46Z" end-time="2017-02-21 11:04:46Z" duration="0.000056" asserts="0" />
              <test-case id="0-3736" name="SucceedsWithGoodValues(&quot;/folder1/./junk/../folder2&quot;)" fullname="NUnit.Framework.Constraints.SamePathTest_Linux.SucceedsWithGoodValues(&quot;/folder1/./junk/../folder2&quot;)" methodname="SucceedsWithGoodValues" classname="NUnit.Framework.Constraints.ConstraintTestBase" runstate="Runnable" seed="133648991" result="Passed" start-time="2017-02-21 11:04:46Z" end-time="2017-02-21 11:04:46Z" duration="0.000207" asserts="0" />
              <test-case id="0-3737" name="SucceedsWithGoodValues(&quot;/folder1/./junk/../folder2/&quot;)" fullname="NUnit.Framework.Constraints.SamePathTest_Linux.SucceedsWithGoodValues(&quot;/folder1/./junk/../folder2/&quot;)" methodname="SucceedsWithGoodValues" classname="NUnit.Framework.Constraints.ConstraintTestBase" runstate="Runnable" seed="1763159095" result="Passed" start-time="2017-02-21 11:04:46Z" end-time="2017-02-21 11:04:46Z" duration="0.000213" asserts="0" />
              <test-case id="0-3738" name="SucceedsWithGoodValues(&quot;\\folder1\\folder2&quot;)" fullname="NUnit.Framework.Constraints.SamePathTest_Linux.SucceedsWithGoodValues(&quot;\\folder1\\folder2&quot;)" methodname="SucceedsWithGoodValues" classname="NUnit.Framework.Constraints.ConstraintTestBase" runstate="Runnable" seed="1726349144" result="Passed" start-time="2017-02-21 11:04:46Z" end-time="2017-02-21 11:04:46Z" duration="0.000046" asserts="0" />
              <test-case id="0-3739" name="SucceedsWithGoodValues(&quot;\\folder1\\folder2\\&quot;)" fullname="NUnit.Framework.Constraints.SamePathTest_Linux.SucceedsWithGoodValues(&quot;\\folder1\\folder2\\&quot;)" methodname="SucceedsWithGoodValues" classname="NUnit.Framework.Constraints.ConstraintTestBase" runstate="Runnable" seed="1959760767" result="Passed" start-time="2017-02-21 11:04:46Z" end-time="2017-02-21 11:04:46Z" duration="0.000041" asserts="0" />
            </test-suite>
          </test-suite>
          <test-suite type="TestFixture" id="0-3712" name="SamePathTest_Windows" fullname="NUnit.Framework.Constraints.SamePathTest_Windows" classname="NUnit.Framework.Constraints.SamePathTest_Windows" runstate="Runnable" testcasecount="12" result="Passed" start-time="2017-02-21 11:04:46Z" end-time="2017-02-21 11:04:46Z" duration="0.040052" total="12" passed="12" failed="0" warnings="0" inconclusive="0" skipped="0" asserts="8">
            <test-suite type="ParameterizedMethod" id="0-3724" name="FailsWithBadValues" fullname="NUnit.Framework.Constraints.SamePathTest_Windows.FailsWithBadValues" classname="NUnit.Framework.Constraints.ConstraintTestBase" runstate="Runnable" testcasecount="2" result="Passed" start-time="2017-02-21 11:04:46Z" end-time="2017-02-21 11:04:46Z" duration="0.005024" total="2" passed="2" failed="0" warnings="0" inconclusive="0" skipped="0" asserts="4">
              <test-case id="0-3722" name="FailsWithBadValues(&quot;C:\\folder2\\file.tmp&quot;,&quot;\&quot;C:\\folder2\\file.tmp\&quot;&quot;)" fullname="NUnit.Framework.Constraints.SamePathTest_Windows.FailsWithBadValues(&quot;C:\\folder2\\file.tmp&quot;,&quot;\&quot;C:\\folder2\\file.tmp\&quot;&quot;)" methodname="FailsWithBadValues" classname="NUnit.Framework.Constraints.ConstraintTestBase" runstate="Runnable" seed="1403973647" result="Passed" start-time="2017-02-21 11:04:46Z" end-time="2017-02-21 11:04:46Z" duration="0.000228" asserts="2" />
              <test-case id="0-3723" name="FailsWithBadValues(&quot;C:\\folder1\\.\\folder2\\..\\file.temp&quot;,&quot;\&quot;C:\\folder1\\.\\folder2\\..\\file.temp\&quot;&quot;)" fullname="NUnit.Framework.Constraints.SamePathTest_Windows.FailsWithBadValues(&quot;C:\\folder1\\.\\folder2\\..\\file.temp&quot;,&quot;\&quot;C:\\folder1\\.\\folder2\\..\\file.temp\&quot;&quot;)" methodname="FailsWithBadValues" classname="NUnit.Framework.Constraints.ConstraintTestBase" runstate="Runnable" seed="411139770" result="Passed" start-time="2017-02-21 11:04:46Z" end-time="2017-02-21 11:04:46Z" duration="0.000086" asserts="2" />
            </test-suite>
            <test-case id="0-3714" name="NonStringDataThrowsArgumentException" fullname="NUnit.Framework.Constraints.SamePathTest_Windows.NonStringDataThrowsArgumentException" methodname="NonStringDataThrowsArgumentException" classname="NUnit.Framework.Constraints.StringConstraintTests" runstate="Runnable" seed="1568582393" result="Passed" start-time="2017-02-21 11:04:46Z" end-time="2017-02-21 11:04:46Z" duration="0.000084" asserts="1" />
            <test-case id="0-3725" name="ProvidesProperDescription" fullname="NUnit.Framework.Constraints.SamePathTest_Windows.ProvidesProperDescription" methodname="ProvidesProperDescription" classname="NUnit.Framework.Constraints.ConstraintTestBaseNoData" runstate="Runnable" seed="1595670370" result="Passed" start-time="2017-02-21 11:04:46Z" end-time="2017-02-21 11:04:46Z" duration="0.000048" asserts="1" />
            <test-case id="0-3726" name="ProvidesProperStringRepresentation" fullname="NUnit.Framework.Constraints.SamePathTest_Windows.ProvidesProperStringRepresentation" methodname="ProvidesProperStringRepresentation" classname="NUnit.Framework.Constraints.ConstraintTestBaseNoData" runstate="Runnable" seed="1530910227" result="Passed" start-time="2017-02-21 11:04:46Z" end-time="2017-02-21 11:04:46Z" duration="0.000050" asserts="1" />
            <test-case id="0-3713" name="RootPathEquality" fullname="NUnit.Framework.Constraints.SamePathTest_Windows.RootPathEquality" methodname="RootPathEquality" classname="NUnit.Framework.Constraints.SamePathTest_Windows" runstate="Runnable" seed="391209007" result="Passed" start-time="2017-02-21 11:04:46Z" end-time="2017-02-21 11:04:46Z" duration="0.000458" asserts="1" />
            <test-suite type="ParameterizedMethod" id="0-3721" name="SucceedsWithGoodValues" fullname="NUnit.Framework.Constraints.SamePathTest_Windows.SucceedsWithGoodValues" classname="NUnit.Framework.Constraints.ConstraintTestBase" runstate="Runnable" testcasecount="6" result="Passed" start-time="2017-02-21 11:04:46Z" end-time="2017-02-21 11:04:46Z" duration="0.015784" total="6" passed="6" failed="0" warnings="0" inconclusive="0" skipped="0" asserts="0">
              <test-case id="0-3715" name="SucceedsWithGoodValues(&quot;C:\\folder1\\file.tmp&quot;)" fullname="NUnit.Framework.Constraints.SamePathTest_Windows.SucceedsWithGoodValues(&quot;C:\\folder1\\file.tmp&quot;)" methodname="SucceedsWithGoodValues" classname="NUnit.Framework.Constraints.ConstraintTestBase" runstate="Runnable" seed="1643450788" result="Passed" start-time="2017-02-21 11:04:46Z" end-time="2017-02-21 11:04:46Z" duration="0.000052" asserts="0" />
              <test-case id="0-3716" name="SucceedsWithGoodValues(&quot;C:\\Folder1\\File.TMP&quot;)" fullname="NUnit.Framework.Constraints.SamePathTest_Windows.SucceedsWithGoodValues(&quot;C:\\Folder1\\File.TMP&quot;)" methodname="SucceedsWithGoodValues" classname="NUnit.Framework.Constraints.ConstraintTestBase" runstate="Runnable" seed="1858268242" result="Passed" start-time="2017-02-21 11:04:46Z" end-time="2017-02-21 11:04:46Z" duration="0.000046" asserts="0" />
              <test-case id="0-3717" name="SucceedsWithGoodValues(&quot;C:\\folder1\\.\\file.tmp&quot;)" fullname="NUnit.Framework.Constraints.SamePathTest_Windows.SucceedsWithGoodValues(&quot;C:\\folder1\\.\\file.tmp&quot;)" methodname="SucceedsWithGoodValues" classname="NUnit.Framework.Constraints.ConstraintTestBase" runstate="Runnable" seed="946632303" result="Passed" start-time="2017-02-21 11:04:46Z" end-time="2017-02-21 11:04:46Z" duration="0.000042" asserts="0" />
              <test-case id="0-3718" name="SucceedsWithGoodValues(&quot;C:\\folder1\\folder2\\..\\file.tmp&quot;)" fullname="NUnit.Framework.Constraints.SamePathTest_Windows.SucceedsWithGoodValues(&quot;C:\\folder1\\folder2\\..\\file.tmp&quot;)" methodname="SucceedsWithGoodValues" classname="NUnit.Framework.Constraints.ConstraintTestBase" runstate="Runnable" seed="2084730624" result="Passed" start-time="2017-02-21 11:04:46Z" end-time="2017-02-21 11:04:46Z" duration="0.000051" asserts="0" />
              <test-case id="0-3719" name="SucceedsWithGoodValues(&quot;C:\\FOLDER1\\.\\folder2\\..\\File.TMP&quot;)" fullname="NUnit.Framework.Constraints.SamePathTest_Windows.SucceedsWithGoodValues(&quot;C:\\FOLDER1\\.\\folder2\\..\\File.TMP&quot;)" methodname="SucceedsWithGoodValues" classname="NUnit.Framework.Constraints.ConstraintTestBase" runstate="Runnable" seed="593658825" result="Passed" start-time="2017-02-21 11:04:46Z" end-time="2017-02-21 11:04:46Z" duration="0.000445" asserts="0" />
              <test-case id="0-3720" name="SucceedsWithGoodValues(&quot;C:/folder1/file.tmp&quot;)" fullname="NUnit.Framework.Constraints.SamePathTest_Windows.SucceedsWithGoodValues(&quot;C:/folder1/file.tmp&quot;)" methodname="SucceedsWithGoodValues" classname="NUnit.Framework.Constraints.ConstraintTestBase" runstate="Runnable" seed="1914296122" result="Passed" start-time="2017-02-21 11:04:46Z" end-time="2017-02-21 11:04:46Z" duration="0.000058" asserts="0" />
            </test-suite>
          </test-suite>
          <test-suite type="TestFixture" id="0-3909" name="StartsWithConstraintTests" fullname="NUnit.Framework.Constraints.StartsWithConstraintTests" classname="NUnit.Framework.Constraints.StartsWithConstraintTests" runstate="Runnable" testcasecount="11" result="Passed" start-time="2017-02-21 11:04:46Z" end-time="2017-02-21 11:04:46Z" duration="0.038431" total="11" passed="11" failed="0" warnings="0" inconclusive="0" skipped="0" asserts="15">
            <test-suite type="ParameterizedMethod" id="0-3920" name="FailsWithBadValues" fullname="NUnit.Framework.Constraints.StartsWithConstraintTests.FailsWithBadValues" classname="NUnit.Framework.Constraints.ConstraintTestBase" runstate="Runnable" testcasecount="6" result="Passed" start-time="2017-02-21 11:04:46Z" end-time="2017-02-21 11:04:46Z" duration="0.016616" total="6" passed="6" failed="0" warnings="0" inconclusive="0" skipped="0" asserts="12">
              <test-case id="0-3914" name="FailsWithBadValues(&quot;goodbye&quot;,&quot;\&quot;goodbye\&quot;&quot;)" fullname="NUnit.Framework.Constraints.StartsWithConstraintTests.FailsWithBadValues(&quot;goodbye&quot;,&quot;\&quot;goodbye\&quot;&quot;)" methodname="FailsWithBadValues" classname="NUnit.Framework.Constraints.ConstraintTestBase" runstate="Runnable" seed="269291422" result="Passed" start-time="2017-02-21 11:04:46Z" end-time="2017-02-21 11:04:46Z" duration="0.000332" asserts="2" />
              <test-case id="0-3915" name="FailsWithBadValues(&quot;HELLO THERE&quot;,&quot;\&quot;HELLO THERE\&quot;&quot;)" fullname="NUnit.Framework.Constraints.StartsWithConstraintTests.FailsWithBadValues(&quot;HELLO THERE&quot;,&quot;\&quot;HELLO THERE\&quot;&quot;)" methodname="FailsWithBadValues" classname="NUnit.Framework.Constraints.ConstraintTestBase" runstate="Runnable" seed="1293307015" result="Passed" start-time="2017-02-21 11:04:46Z" end-time="2017-02-21 11:04:46Z" duration="0.000062" asserts="2" />
              <test-case id="0-3916" name="FailsWithBadValues(&quot;I said hello&quot;,&quot;\&quot;I said hello\&quot;&quot;)" fullname="NUnit.Framework.Constraints.StartsWithConstraintTests.FailsWithBadValues(&quot;I said hello&quot;,&quot;\&quot;I said hello\&quot;&quot;)" methodname="FailsWithBadValues" classname="NUnit.Framework.Constraints.ConstraintTestBase" runstate="Runnable" seed="59693165" result="Passed" start-time="2017-02-21 11:04:46Z" end-time="2017-02-21 11:04:46Z" duration="0.000050" asserts="2" />
              <test-case id="0-3917" name="FailsWithBadValues(&quot;say hello to Fred&quot;,&quot;\&quot;say hello to Fred\&quot;&quot;)" fullname="NUnit.Framework.Constraints.StartsWithConstraintTests.FailsWithBadValues(&quot;say hello to Fred&quot;,&quot;\&quot;say hello to Fred\&quot;&quot;)" methodname="FailsWithBadValues" classname="NUnit.Framework.Constraints.ConstraintTestBase" runstate="Runnable" seed="454209470" result="Passed" start-time="2017-02-21 11:04:46Z" end-time="2017-02-21 11:04:46Z" duration="0.000059" asserts="2" />
              <test-case id="0-3918" name="FailsWithBadValues(&quot;&quot;,&quot;&lt;string.Empty&gt;&quot;)" fullname="NUnit.Framework.Constraints.StartsWithConstraintTests.FailsWithBadValues(&quot;&quot;,&quot;&lt;string.Empty&gt;&quot;)" methodname="FailsWithBadValues" classname="NUnit.Framework.Constraints.ConstraintTestBase" runstate="Runnable" seed="1707343649" result="Passed" start-time="2017-02-21 11:04:46Z" end-time="2017-02-21 11:04:46Z" duration="0.000241" asserts="2" />
              <test-case id="0-3919" name="FailsWithBadValues(null,&quot;null&quot;)" fullname="NUnit.Framework.Constraints.StartsWithConstraintTests.FailsWithBadValues(null,&quot;null&quot;)" methodname="FailsWithBadValues" classname="NUnit.Framework.Constraints.ConstraintTestBase" runstate="Runnable" seed="8055718" result="Passed" start-time="2017-02-21 11:04:46Z" end-time="2017-02-21 11:04:46Z" duration="0.000470" asserts="2" />
            </test-suite>
            <test-case id="0-3910" name="NonStringDataThrowsArgumentException" fullname="NUnit.Framework.Constraints.StartsWithConstraintTests.NonStringDataThrowsArgumentException" methodname="NonStringDataThrowsArgumentException" classname="NUnit.Framework.Constraints.StringConstraintTests" runstate="Runnable" seed="47767935" result="Passed" start-time="2017-02-21 11:04:46Z" end-time="2017-02-21 11:04:46Z" duration="0.000088" asserts="1" />
            <test-case id="0-3921" name="ProvidesProperDescription" fullname="NUnit.Framework.Constraints.StartsWithConstraintTests.ProvidesProperDescription" methodname="ProvidesProperDescription" classname="NUnit.Framework.Constraints.ConstraintTestBaseNoData" runstate="Runnable" seed="13815617" result="Passed" start-time="2017-02-21 11:04:46Z" end-time="2017-02-21 11:04:46Z" duration="0.000051" asserts="1" />
            <test-case id="0-3922" name="ProvidesProperStringRepresentation" fullname="NUnit.Framework.Constraints.StartsWithConstraintTests.ProvidesProperStringRepresentation" methodname="ProvidesProperStringRepresentation" classname="NUnit.Framework.Constraints.ConstraintTestBaseNoData" runstate="Runnable" seed="1890730004" result="Passed" start-time="2017-02-21 11:04:46Z" end-time="2017-02-21 11:04:46Z" duration="0.000054" asserts="1" />
            <test-suite type="ParameterizedMethod" id="0-3913" name="SucceedsWithGoodValues" fullname="NUnit.Framework.Constraints.StartsWithConstraintTests.SucceedsWithGoodValues" classname="NUnit.Framework.Constraints.ConstraintTestBase" runstate="Runnable" testcasecount="2" result="Passed" start-time="2017-02-21 11:04:46Z" end-time="2017-02-21 11:04:46Z" duration="0.009342" total="2" passed="2" failed="0" warnings="0" inconclusive="0" skipped="0" asserts="0">
              <test-case id="0-3911" name="SucceedsWithGoodValues(&quot;hello&quot;)" fullname="NUnit.Framework.Constraints.StartsWithConstraintTests.SucceedsWithGoodValues(&quot;hello&quot;)" methodname="SucceedsWithGoodValues" classname="NUnit.Framework.Constraints.ConstraintTestBase" runstate="Runnable" seed="125484400" result="Passed" start-time="2017-02-21 11:04:46Z" end-time="2017-02-21 11:04:46Z" duration="0.000042" asserts="0" />
              <test-case id="0-3912" name="SucceedsWithGoodValues(&quot;hello there&quot;)" fullname="NUnit.Framework.Constraints.StartsWithConstraintTests.SucceedsWithGoodValues(&quot;hello there&quot;)" methodname="SucceedsWithGoodValues" classname="NUnit.Framework.Constraints.ConstraintTestBase" runstate="Runnable" seed="1763093606" result="Passed" start-time="2017-02-21 11:04:46Z" end-time="2017-02-21 11:04:46Z" duration="0.000110" asserts="0" />
            </test-suite>
          </test-suite>
          <test-suite type="TestFixture" id="0-3923" name="StartsWithConstraintTestsIgnoringCase" fullname="NUnit.Framework.Constraints.StartsWithConstraintTestsIgnoringCase" classname="NUnit.Framework.Constraints.StartsWithConstraintTestsIgnoringCase" runstate="Runnable" testcasecount="11" result="Passed" start-time="2017-02-21 11:04:46Z" end-time="2017-02-21 11:04:46Z" duration="0.037081" total="11" passed="11" failed="0" warnings="0" inconclusive="0" skipped="0" asserts="15">
            <test-suite type="ParameterizedMethod" id="0-3934" name="FailsWithBadValues" fullname="NUnit.Framework.Constraints.StartsWithConstraintTestsIgnoringCase.FailsWithBadValues" classname="NUnit.Framework.Constraints.ConstraintTestBase" runstate="Runnable" testcasecount="6" result="Passed" start-time="2017-02-21 11:04:46Z" end-time="2017-02-21 11:04:46Z" duration="0.019362" total="6" passed="6" failed="0" warnings="0" inconclusive="0" skipped="0" asserts="12">
              <test-case id="0-3928" name="FailsWithBadValues(&quot;goodbye&quot;,&quot;\&quot;goodbye\&quot;&quot;)" fullname="NUnit.Framework.Constraints.StartsWithConstraintTestsIgnoringCase.FailsWithBadValues(&quot;goodbye&quot;,&quot;\&quot;goodbye\&quot;&quot;)" methodname="FailsWithBadValues" classname="NUnit.Framework.Constraints.ConstraintTestBase" runstate="Runnable" seed="363978895" result="Passed" start-time="2017-02-21 11:04:46Z" end-time="2017-02-21 11:04:46Z" duration="0.000176" asserts="2" />
              <test-case id="0-3929" name="FailsWithBadValues(&quot;What the hell?&quot;,&quot;\&quot;What the hell?\&quot;&quot;)" fullname="NUnit.Framework.Constraints.StartsWithConstraintTestsIgnoringCase.FailsWithBadValues(&quot;What the hell?&quot;,&quot;\&quot;What the hell?\&quot;&quot;)" methodname="FailsWithBadValues" classname="NUnit.Framework.Constraints.ConstraintTestBase" runstate="Runnable" seed="2036011032" result="Passed" start-time="2017-02-21 11:04:46Z" end-time="2017-02-21 11:04:46Z" duration="0.000058" asserts="2" />
              <test-case id="0-3930" name="FailsWithBadValues(&quot;I said hello&quot;,&quot;\&quot;I said hello\&quot;&quot;)" fullname="NUnit.Framework.Constraints.StartsWithConstraintTestsIgnoringCase.FailsWithBadValues(&quot;I said hello&quot;,&quot;\&quot;I said hello\&quot;&quot;)" methodname="FailsWithBadValues" classname="NUnit.Framework.Constraints.ConstraintTestBase" runstate="Runnable" seed="1261229223" result="Passed" start-time="2017-02-21 11:04:46Z" end-time="2017-02-21 11:04:46Z" duration="0.000160" asserts="2" />
              <test-case id="0-3931" name="FailsWithBadValues(&quot;say hello to Fred&quot;,&quot;\&quot;say hello to Fred\&quot;&quot;)" fullname="NUnit.Framework.Constraints.StartsWithConstraintTestsIgnoringCase.FailsWithBadValues(&quot;say hello to Fred&quot;,&quot;\&quot;say hello to Fred\&quot;&quot;)" methodname="FailsWithBadValues" classname="NUnit.Framework.Constraints.ConstraintTestBase" runstate="Runnable" seed="208911044" result="Passed" start-time="2017-02-21 11:04:46Z" end-time="2017-02-21 11:04:46Z" duration="0.000298" asserts="2" />
              <test-case id="0-3932" name="FailsWithBadValues(&quot;&quot;,&quot;&lt;string.Empty&gt;&quot;)" fullname="NUnit.Framework.Constraints.StartsWithConstraintTestsIgnoringCase.FailsWithBadValues(&quot;&quot;,&quot;&lt;string.Empty&gt;&quot;)" methodname="FailsWithBadValues" classname="NUnit.Framework.Constraints.ConstraintTestBase" runstate="Runnable" seed="1286130723" result="Passed" start-time="2017-02-21 11:04:46Z" end-time="2017-02-21 11:04:46Z" duration="0.000160" asserts="2" />
              <test-case id="0-3933" name="FailsWithBadValues(null,&quot;null&quot;)" fullname="NUnit.Framework.Constraints.StartsWithConstraintTestsIgnoringCase.FailsWithBadValues(null,&quot;null&quot;)" methodname="FailsWithBadValues" classname="NUnit.Framework.Constraints.ConstraintTestBase" runstate="Runnable" seed="467843790" result="Passed" start-time="2017-02-21 11:04:46Z" end-time="2017-02-21 11:04:46Z" duration="0.003656" asserts="2" />
            </test-suite>
            <test-case id="0-3924" name="NonStringDataThrowsArgumentException" fullname="NUnit.Framework.Constraints.StartsWithConstraintTestsIgnoringCase.NonStringDataThrowsArgumentException" methodname="NonStringDataThrowsArgumentException" classname="NUnit.Framework.Constraints.StringConstraintTests" runstate="Runnable" seed="1262075807" result="Passed" start-time="2017-02-21 11:04:46Z" end-time="2017-02-21 11:04:46Z" duration="0.000076" asserts="1" />
            <test-case id="0-3935" name="ProvidesProperDescription" fullname="NUnit.Framework.Constraints.StartsWithConstraintTestsIgnoringCase.ProvidesProperDescription" methodname="ProvidesProperDescription" classname="NUnit.Framework.Constraints.ConstraintTestBaseNoData" runstate="Runnable" seed="1383650218" result="Passed" start-time="2017-02-21 11:04:46Z" end-time="2017-02-21 11:04:46Z" duration="0.000130" asserts="1" />
            <test-case id="0-3936" name="ProvidesProperStringRepresentation" fullname="NUnit.Framework.Constraints.StartsWithConstraintTestsIgnoringCase.ProvidesProperStringRepresentation" methodname="ProvidesProperStringRepresentation" classname="NUnit.Framework.Constraints.ConstraintTestBaseNoData" runstate="Runnable" seed="551468452" result="Passed" start-time="2017-02-21 11:04:46Z" end-time="2017-02-21 11:04:46Z" duration="0.000051" asserts="1" />
            <test-suite type="ParameterizedMethod" id="0-3927" name="SucceedsWithGoodValues" fullname="NUnit.Framework.Constraints.StartsWithConstraintTestsIgnoringCase.SucceedsWithGoodValues" classname="NUnit.Framework.Constraints.ConstraintTestBase" runstate="Runnable" testcasecount="2" result="Passed" start-time="2017-02-21 11:04:46Z" end-time="2017-02-21 11:04:46Z" duration="0.004964" total="2" passed="2" failed="0" warnings="0" inconclusive="0" skipped="0" asserts="0">
              <test-case id="0-3925" name="SucceedsWithGoodValues(&quot;Hello&quot;)" fullname="NUnit.Framework.Constraints.StartsWithConstraintTestsIgnoringCase.SucceedsWithGoodValues(&quot;Hello&quot;)" methodname="SucceedsWithGoodValues" classname="NUnit.Framework.Constraints.ConstraintTestBase" runstate="Runnable" seed="1099148986" result="Passed" start-time="2017-02-21 11:04:46Z" end-time="2017-02-21 11:04:46Z" duration="0.000055" asserts="0" />
              <test-case id="0-3926" name="SucceedsWithGoodValues(&quot;HELLO there&quot;)" fullname="NUnit.Framework.Constraints.StartsWithConstraintTestsIgnoringCase.SucceedsWithGoodValues(&quot;HELLO there&quot;)" methodname="SucceedsWithGoodValues" classname="NUnit.Framework.Constraints.ConstraintTestBase" runstate="Runnable" seed="1252245393" result="Passed" start-time="2017-02-21 11:04:46Z" end-time="2017-02-21 11:04:46Z" duration="0.000056" asserts="0" />
            </test-suite>
          </test-suite>
          <test-suite type="TestFixture" id="0-3769" name="SubPathTest_Linux" fullname="NUnit.Framework.Constraints.SubPathTest_Linux" classname="NUnit.Framework.Constraints.SubPathTest_Linux" runstate="Runnable" testcasecount="17" result="Passed" start-time="2017-02-21 11:04:46Z" end-time="2017-02-21 11:04:46Z" duration="0.054008" total="17" passed="17" failed="0" warnings="0" inconclusive="0" skipped="0" asserts="23">
            <test-suite type="ParameterizedMethod" id="0-3786" name="FailsWithBadValues" fullname="NUnit.Framework.Constraints.SubPathTest_Linux.FailsWithBadValues" classname="NUnit.Framework.Constraints.ConstraintTestBase" runstate="Runnable" testcasecount="10" result="Passed" start-time="2017-02-21 11:04:46Z" end-time="2017-02-21 11:04:46Z" duration="0.028934" total="10" passed="10" failed="0" warnings="0" inconclusive="0" skipped="0" asserts="20">
              <test-case id="0-3776" name="FailsWithBadValues(&quot;/Folder1/Folder2&quot;,&quot;\&quot;/Folder1/Folder2\&quot;&quot;)" fullname="NUnit.Framework.Constraints.SubPathTest_Linux.FailsWithBadValues(&quot;/Folder1/Folder2&quot;,&quot;\&quot;/Folder1/Folder2\&quot;&quot;)" methodname="FailsWithBadValues" classname="NUnit.Framework.Constraints.ConstraintTestBase" runstate="Runnable" seed="1926073550" result="Passed" start-time="2017-02-21 11:04:46Z" end-time="2017-02-21 11:04:46Z" duration="0.000332" asserts="2" />
              <test-case id="0-3777" name="FailsWithBadValues(&quot;/FOLDER1/./junk/../Folder2&quot;,&quot;\&quot;/FOLDER1/./junk/../Folder2\&quot;&quot;)" fullname="NUnit.Framework.Constraints.SubPathTest_Linux.FailsWithBadValues(&quot;/FOLDER1/./junk/../Folder2&quot;,&quot;\&quot;/FOLDER1/./junk/../Folder2\&quot;&quot;)" methodname="FailsWithBadValues" classname="NUnit.Framework.Constraints.ConstraintTestBase" runstate="Runnable" seed="1496048997" result="Passed" start-time="2017-02-21 11:04:46Z" end-time="2017-02-21 11:04:46Z" duration="0.000127" asserts="2" />
              <test-case id="0-3778" name="FailsWithBadValues(&quot;/FOLDER1/./junk/../Folder2/temp/../Folder3&quot;,&quot;\&quot;/FOLDER1/./junk/../Folder2/temp/../Folder3\&quot;&quot;)" fullname="NUnit.Framework.Constraints.SubPathTest_Linux.FailsWithBadValues(&quot;/FOLDER1/./junk/../Folder2/temp/../Folder3&quot;,&quot;\&quot;/FOLDER1/./junk/../Folder2/temp/../Folder3\&quot;&quot;)" methodname="FailsWithBadValues" classname="NUnit.Framework.Constraints.ConstraintTestBase" runstate="Runnable" seed="1077032599" result="Passed" start-time="2017-02-21 11:04:46Z" end-time="2017-02-21 11:04:46Z" duration="0.000105" asserts="2" />
              <test-case id="0-3779" name="FailsWithBadValues(&quot;/folder1/folder3&quot;,&quot;\&quot;/folder1/folder3\&quot;&quot;)" fullname="NUnit.Framework.Constraints.SubPathTest_Linux.FailsWithBadValues(&quot;/folder1/folder3&quot;,&quot;\&quot;/folder1/folder3\&quot;&quot;)" methodname="FailsWithBadValues" classname="NUnit.Framework.Constraints.ConstraintTestBase" runstate="Runnable" seed="298101144" result="Passed" start-time="2017-02-21 11:04:46Z" end-time="2017-02-21 11:04:46Z" duration="0.000078" asserts="2" />
              <test-case id="0-3780" name="FailsWithBadValues(&quot;/folder1/./folder2/../folder3&quot;,&quot;\&quot;/folder1/./folder2/../folder3\&quot;&quot;)" fullname="NUnit.Framework.Constraints.SubPathTest_Linux.FailsWithBadValues(&quot;/folder1/./folder2/../folder3&quot;,&quot;\&quot;/folder1/./folder2/../folder3\&quot;&quot;)" methodname="FailsWithBadValues" classname="NUnit.Framework.Constraints.ConstraintTestBase" runstate="Runnable" seed="1532327269" result="Passed" start-time="2017-02-21 11:04:46Z" end-time="2017-02-21 11:04:46Z" duration="0.000071" asserts="2" />
              <test-case id="0-3781" name="FailsWithBadValues(&quot;/folder1&quot;,&quot;\&quot;/folder1\&quot;&quot;)" fullname="NUnit.Framework.Constraints.SubPathTest_Linux.FailsWithBadValues(&quot;/folder1&quot;,&quot;\&quot;/folder1\&quot;&quot;)" methodname="FailsWithBadValues" classname="NUnit.Framework.Constraints.ConstraintTestBase" runstate="Runnable" seed="281412056" result="Passed" start-time="2017-02-21 11:04:46Z" end-time="2017-02-21 11:04:46Z" duration="0.000242" asserts="2" />
              <test-case id="0-3782" name="FailsWithBadValues(&quot;/folder1/folder2&quot;,&quot;\&quot;/folder1/folder2\&quot;&quot;)" fullname="NUnit.Framework.Constraints.SubPathTest_Linux.FailsWithBadValues(&quot;/folder1/folder2&quot;,&quot;\&quot;/folder1/folder2\&quot;&quot;)" methodname="FailsWithBadValues" classname="NUnit.Framework.Constraints.ConstraintTestBase" runstate="Runnable" seed="1535070514" result="Passed" start-time="2017-02-21 11:04:46Z" end-time="2017-02-21 11:04:46Z" duration="0.000063" asserts="2" />
              <test-case id="0-3783" name="FailsWithBadValues(&quot;/folder1/./folder2&quot;,&quot;\&quot;/folder1/./folder2\&quot;&quot;)" fullname="NUnit.Framework.Constraints.SubPathTest_Linux.FailsWithBadValues(&quot;/folder1/./folder2&quot;,&quot;\&quot;/folder1/./folder2\&quot;&quot;)" methodname="FailsWithBadValues" classname="NUnit.Framework.Constraints.ConstraintTestBase" runstate="Runnable" seed="1857027677" result="Passed" start-time="2017-02-21 11:04:46Z" end-time="2017-02-21 11:04:46Z" duration="0.000065" asserts="2" />
              <test-case id="0-3784" name="FailsWithBadValues(&quot;/folder1/junk/../folder2&quot;,&quot;\&quot;/folder1/junk/../folder2\&quot;&quot;)" fullname="NUnit.Framework.Constraints.SubPathTest_Linux.FailsWithBadValues(&quot;/folder1/junk/../folder2&quot;,&quot;\&quot;/folder1/junk/../folder2\&quot;&quot;)" methodname="FailsWithBadValues" classname="NUnit.Framework.Constraints.ConstraintTestBase" runstate="Runnable" seed="339120245" result="Passed" start-time="2017-02-21 11:04:46Z" end-time="2017-02-21 11:04:46Z" duration="0.000053" asserts="2" />
              <test-case id="0-3785" name="FailsWithBadValues(&quot;\\folder1\\folder2&quot;,&quot;\&quot;\\folder1\\folder2\&quot;&quot;)" fullname="NUnit.Framework.Constraints.SubPathTest_Linux.FailsWithBadValues(&quot;\\folder1\\folder2&quot;,&quot;\&quot;\\folder1\\folder2\&quot;&quot;)" methodname="FailsWithBadValues" classname="NUnit.Framework.Constraints.ConstraintTestBase" runstate="Runnable" seed="168544707" result="Passed" start-time="2017-02-21 11:04:46Z" end-time="2017-02-21 11:04:46Z" duration="0.000172" asserts="2" />
            </test-suite>
            <test-case id="0-3787" name="ProvidesProperDescription" fullname="NUnit.Framework.Constraints.SubPathTest_Linux.ProvidesProperDescription" methodname="ProvidesProperDescription" classname="NUnit.Framework.Constraints.ConstraintTestBaseNoData" runstate="Runnable" seed="997726176" result="Passed" start-time="2017-02-21 11:04:46Z" end-time="2017-02-21 11:04:46Z" duration="0.000054" asserts="1" />
            <test-case id="0-3788" name="ProvidesProperStringRepresentation" fullname="NUnit.Framework.Constraints.SubPathTest_Linux.ProvidesProperStringRepresentation" methodname="ProvidesProperStringRepresentation" classname="NUnit.Framework.Constraints.ConstraintTestBaseNoData" runstate="Runnable" seed="591042391" result="Passed" start-time="2017-02-21 11:04:46Z" end-time="2017-02-21 11:04:46Z" duration="0.000046" asserts="1" />
            <test-case id="0-3770" name="SubPathOfRoot" fullname="NUnit.Framework.Constraints.SubPathTest_Linux.SubPathOfRoot" methodname="SubPathOfRoot" classname="NUnit.Framework.Constraints.SubPathTest_Linux" runstate="Runnable" seed="371943968" result="Passed" start-time="2017-02-21 11:04:46Z" end-time="2017-02-21 11:04:46Z" duration="0.000205" asserts="1" />
            <test-suite type="ParameterizedMethod" id="0-3775" name="SucceedsWithGoodValues" fullname="NUnit.Framework.Constraints.SubPathTest_Linux.SucceedsWithGoodValues" classname="NUnit.Framework.Constraints.ConstraintTestBase" runstate="Runnable" testcasecount="4" result="Passed" start-time="2017-02-21 11:04:46Z" end-time="2017-02-21 11:04:46Z" duration="0.012992" total="4" passed="4" failed="0" warnings="0" inconclusive="0" skipped="0" asserts="0">
              <test-case id="0-3771" name="SucceedsWithGoodValues(&quot;/folder1/folder2/folder3&quot;)" fullname="NUnit.Framework.Constraints.SubPathTest_Linux.SucceedsWithGoodValues(&quot;/folder1/folder2/folder3&quot;)" methodname="SucceedsWithGoodValues" classname="NUnit.Framework.Constraints.ConstraintTestBase" runstate="Runnable" seed="2014413266" result="Passed" start-time="2017-02-21 11:04:46Z" end-time="2017-02-21 11:04:46Z" duration="0.000103" asserts="0" />
              <test-case id="0-3772" name="SucceedsWithGoodValues(&quot;/folder1/./folder2/folder3&quot;)" fullname="NUnit.Framework.Constraints.SubPathTest_Linux.SucceedsWithGoodValues(&quot;/folder1/./folder2/folder3&quot;)" methodname="SucceedsWithGoodValues" classname="NUnit.Framework.Constraints.ConstraintTestBase" runstate="Runnable" seed="1708236296" result="Passed" start-time="2017-02-21 11:04:46Z" end-time="2017-02-21 11:04:46Z" duration="0.000760" asserts="0" />
              <test-case id="0-3773" name="SucceedsWithGoodValues(&quot;/folder1/junk/../folder2/folder3&quot;)" fullname="NUnit.Framework.Constraints.SubPathTest_Linux.SucceedsWithGoodValues(&quot;/folder1/junk/../folder2/folder3&quot;)" methodname="SucceedsWithGoodValues" classname="NUnit.Framework.Constraints.ConstraintTestBase" runstate="Runnable" seed="629617778" result="Passed" start-time="2017-02-21 11:04:46Z" end-time="2017-02-21 11:04:46Z" duration="0.000048" asserts="0" />
              <test-case id="0-3774" name="SucceedsWithGoodValues(&quot;\\folder1\\folder2\\folder3&quot;)" fullname="NUnit.Framework.Constraints.SubPathTest_Linux.SucceedsWithGoodValues(&quot;\\folder1\\folder2\\folder3&quot;)" methodname="SucceedsWithGoodValues" classname="NUnit.Framework.Constraints.ConstraintTestBase" runstate="Runnable" seed="598593160" result="Passed" start-time="2017-02-21 11:04:46Z" end-time="2017-02-21 11:04:46Z" duration="0.000495" asserts="0" />
            </test-suite>
          </test-suite>
          <test-suite type="TestFixture" id="0-3750" name="SubPathTest_Windows" fullname="NUnit.Framework.Constraints.SubPathTest_Windows" classname="NUnit.Framework.Constraints.SubPathTest_Windows" runstate="Runnable" testcasecount="16" result="Passed" start-time="2017-02-21 11:04:46Z" end-time="2017-02-21 11:04:46Z" duration="0.049110" total="16" passed="16" failed="0" warnings="0" inconclusive="0" skipped="0" asserts="19">
            <test-suite type="ParameterizedMethod" id="0-3766" name="FailsWithBadValues" fullname="NUnit.Framework.Constraints.SubPathTest_Windows.FailsWithBadValues" classname="NUnit.Framework.Constraints.ConstraintTestBase" runstate="Runnable" testcasecount="8" result="Passed" start-time="2017-02-21 11:04:46Z" end-time="2017-02-21 11:04:46Z" duration="0.019980" total="8" passed="8" failed="0" warnings="0" inconclusive="0" skipped="0" asserts="16">
              <test-case id="0-3758" name="FailsWithBadValues(&quot;C:\\folder1\\folder3&quot;,&quot;\&quot;C:\\folder1\\folder3\&quot;&quot;)" fullname="NUnit.Framework.Constraints.SubPathTest_Windows.FailsWithBadValues(&quot;C:\\folder1\\folder3&quot;,&quot;\&quot;C:\\folder1\\folder3\&quot;&quot;)" methodname="FailsWithBadValues" classname="NUnit.Framework.Constraints.ConstraintTestBase" runstate="Runnable" seed="462115816" result="Passed" start-time="2017-02-21 11:04:46Z" end-time="2017-02-21 11:04:46Z" duration="0.000174" asserts="2" />
              <test-case id="0-3759" name="FailsWithBadValues(&quot;C:\\folder1\\.\\folder2\\..\\file.temp&quot;,&quot;\&quot;C:\\folder1\\.\\folder2\\..\\file.temp\&quot;&quot;)" fullname="NUnit.Framework.Constraints.SubPathTest_Windows.FailsWithBadValues(&quot;C:\\folder1\\.\\folder2\\..\\file.temp&quot;,&quot;\&quot;C:\\folder1\\.\\folder2\\..\\file.temp\&quot;&quot;)" methodname="FailsWithBadValues" classname="NUnit.Framework.Constraints.ConstraintTestBase" runstate="Runnable" seed="2000563243" result="Passed" start-time="2017-02-21 11:04:46Z" end-time="2017-02-21 11:04:46Z" duration="0.000059" asserts="2" />
              <test-case id="0-3760" name="FailsWithBadValues(&quot;C:\\folder1\\folder2&quot;,&quot;\&quot;C:\\folder1\\folder2\&quot;&quot;)" fullname="NUnit.Framework.Constraints.SubPathTest_Windows.FailsWithBadValues(&quot;C:\\folder1\\folder2&quot;,&quot;\&quot;C:\\folder1\\folder2\&quot;&quot;)" methodname="FailsWithBadValues" classname="NUnit.Framework.Constraints.ConstraintTestBase" runstate="Runnable" seed="1767624985" result="Passed" start-time="2017-02-21 11:04:46Z" end-time="2017-02-21 11:04:46Z" duration="0.000050" asserts="2" />
              <test-case id="0-3761" name="FailsWithBadValues(&quot;C:\\Folder1\\Folder2&quot;,&quot;\&quot;C:\\Folder1\\Folder2\&quot;&quot;)" fullname="NUnit.Framework.Constraints.SubPathTest_Windows.FailsWithBadValues(&quot;C:\\Folder1\\Folder2&quot;,&quot;\&quot;C:\\Folder1\\Folder2\&quot;&quot;)" methodname="FailsWithBadValues" classname="NUnit.Framework.Constraints.ConstraintTestBase" runstate="Runnable" seed="1362616040" result="Passed" start-time="2017-02-21 11:04:46Z" end-time="2017-02-21 11:04:46Z" duration="0.000061" asserts="2" />
              <test-case id="0-3762" name="FailsWithBadValues(&quot;C:\\folder1\\.\\folder2&quot;,&quot;\&quot;C:\\folder1\\.\\folder2\&quot;&quot;)" fullname="NUnit.Framework.Constraints.SubPathTest_Windows.FailsWithBadValues(&quot;C:\\folder1\\.\\folder2&quot;,&quot;\&quot;C:\\folder1\\.\\folder2\&quot;&quot;)" methodname="FailsWithBadValues" classname="NUnit.Framework.Constraints.ConstraintTestBase" runstate="Runnable" seed="2037981722" result="Passed" start-time="2017-02-21 11:04:46Z" end-time="2017-02-21 11:04:46Z" duration="0.000058" asserts="2" />
              <test-case id="0-3763" name="FailsWithBadValues(&quot;C:\\folder1\\junk\\..\\folder2&quot;,&quot;\&quot;C:\\folder1\\junk\\..\\folder2\&quot;&quot;)" fullname="NUnit.Framework.Constraints.SubPathTest_Windows.FailsWithBadValues(&quot;C:\\folder1\\junk\\..\\folder2&quot;,&quot;\&quot;C:\\folder1\\junk\\..\\folder2\&quot;&quot;)" methodname="FailsWithBadValues" classname="NUnit.Framework.Constraints.ConstraintTestBase" runstate="Runnable" seed="916977342" result="Passed" start-time="2017-02-21 11:04:46Z" end-time="2017-02-21 11:04:46Z" duration="0.000048" asserts="2" />
              <test-case id="0-3764" name="FailsWithBadValues(&quot;C:\\FOLDER1\\.\\junk\\..\\Folder2&quot;,&quot;\&quot;C:\\FOLDER1\\.\\junk\\..\\Folder2\&quot;&quot;)" fullname="NUnit.Framework.Constraints.SubPathTest_Windows.FailsWithBadValues(&quot;C:\\FOLDER1\\.\\junk\\..\\Folder2&quot;,&quot;\&quot;C:\\FOLDER1\\.\\junk\\..\\Folder2\&quot;&quot;)" methodname="FailsWithBadValues" classname="NUnit.Framework.Constraints.ConstraintTestBase" runstate="Runnable" seed="1789415414" result="Passed" start-time="2017-02-21 11:04:46Z" end-time="2017-02-21 11:04:46Z" duration="0.000064" asserts="2" />
              <test-case id="0-3765" name="FailsWithBadValues(&quot;C:/folder1/folder2&quot;,&quot;\&quot;C:/folder1/folder2\&quot;&quot;)" fullname="NUnit.Framework.Constraints.SubPathTest_Windows.FailsWithBadValues(&quot;C:/folder1/folder2&quot;,&quot;\&quot;C:/folder1/folder2\&quot;&quot;)" methodname="FailsWithBadValues" classname="NUnit.Framework.Constraints.ConstraintTestBase" runstate="Runnable" seed="374435828" result="Passed" start-time="2017-02-21 11:04:46Z" end-time="2017-02-21 11:04:46Z" duration="0.000049" asserts="2" />
            </test-suite>
            <test-case id="0-3767" name="ProvidesProperDescription" fullname="NUnit.Framework.Constraints.SubPathTest_Windows.ProvidesProperDescription" methodname="ProvidesProperDescription" classname="NUnit.Framework.Constraints.ConstraintTestBaseNoData" runstate="Runnable" seed="1461951269" result="Passed" start-time="2017-02-21 11:04:46Z" end-time="2017-02-21 11:04:46Z" duration="0.000098" asserts="1" />
            <test-case id="0-3768" name="ProvidesProperStringRepresentation" fullname="NUnit.Framework.Constraints.SubPathTest_Windows.ProvidesProperStringRepresentation" methodname="ProvidesProperStringRepresentation" classname="NUnit.Framework.Constraints.ConstraintTestBaseNoData" runstate="Runnable" seed="1182430270" result="Passed" start-time="2017-02-21 11:04:46Z" end-time="2017-02-21 11:04:46Z" duration="0.000063" asserts="1" />
            <test-case id="0-3751" name="SubPathOfRoot" fullname="NUnit.Framework.Constraints.SubPathTest_Windows.SubPathOfRoot" methodname="SubPathOfRoot" classname="NUnit.Framework.Constraints.SubPathTest_Windows" runstate="Runnable" seed="1198653216" result="Passed" start-time="2017-02-21 11:04:46Z" end-time="2017-02-21 11:04:46Z" duration="0.000167" asserts="1" />
            <test-suite type="ParameterizedMethod" id="0-3757" name="SucceedsWithGoodValues" fullname="NUnit.Framework.Constraints.SubPathTest_Windows.SucceedsWithGoodValues" classname="NUnit.Framework.Constraints.ConstraintTestBase" runstate="Runnable" testcasecount="5" result="Passed" start-time="2017-02-21 11:04:46Z" end-time="2017-02-21 11:04:46Z" duration="0.013706" total="5" passed="5" failed="0" warnings="0" inconclusive="0" skipped="0" asserts="0">
              <test-case id="0-3752" name="SucceedsWithGoodValues(&quot;C:\\folder1\\folder2\\folder3&quot;)" fullname="NUnit.Framework.Constraints.SubPathTest_Windows.SucceedsWithGoodValues(&quot;C:\\folder1\\folder2\\folder3&quot;)" methodname="SucceedsWithGoodValues" classname="NUnit.Framework.Constraints.ConstraintTestBase" runstate="Runnable" seed="631146081" result="Passed" start-time="2017-02-21 11:04:46Z" end-time="2017-02-21 11:04:46Z" duration="0.000048" asserts="0" />
              <test-case id="0-3753" name="SucceedsWithGoodValues(&quot;C:\\folder1\\.\\folder2\\folder3&quot;)" fullname="NUnit.Framework.Constraints.SubPathTest_Windows.SucceedsWithGoodValues(&quot;C:\\folder1\\.\\folder2\\folder3&quot;)" methodname="SucceedsWithGoodValues" classname="NUnit.Framework.Constraints.ConstraintTestBase" runstate="Runnable" seed="154654019" result="Passed" start-time="2017-02-21 11:04:46Z" end-time="2017-02-21 11:04:46Z" duration="0.000045" asserts="0" />
              <test-case id="0-3754" name="SucceedsWithGoodValues(&quot;C:\\folder1\\junk\\..\\folder2\\folder3&quot;)" fullname="NUnit.Framework.Constraints.SubPathTest_Windows.SucceedsWithGoodValues(&quot;C:\\folder1\\junk\\..\\folder2\\folder3&quot;)" methodname="SucceedsWithGoodValues" classname="NUnit.Framework.Constraints.ConstraintTestBase" runstate="Runnable" seed="199006824" result="Passed" start-time="2017-02-21 11:04:46Z" end-time="2017-02-21 11:04:46Z" duration="0.000067" asserts="0" />
              <test-case id="0-3755" name="SucceedsWithGoodValues(&quot;C:\\FOLDER1\\.\\junk\\..\\Folder2\\temp\\..\\Folder3&quot;)" fullname="NUnit.Framework.Constraints.SubPathTest_Windows.SucceedsWithGoodValues(&quot;C:\\FOLDER1\\.\\junk\\..\\Folder2\\temp\\..\\Folder3&quot;)" methodname="SucceedsWithGoodValues" classname="NUnit.Framework.Constraints.ConstraintTestBase" runstate="Runnable" seed="360856725" result="Passed" start-time="2017-02-21 11:04:46Z" end-time="2017-02-21 11:04:46Z" duration="0.000070" asserts="0" />
              <test-case id="0-3756" name="SucceedsWithGoodValues(&quot;C:/folder1/folder2/folder3&quot;)" fullname="NUnit.Framework.Constraints.SubPathTest_Windows.SucceedsWithGoodValues(&quot;C:/folder1/folder2/folder3&quot;)" methodname="SucceedsWithGoodValues" classname="NUnit.Framework.Constraints.ConstraintTestBase" runstate="Runnable" seed="1540029824" result="Passed" start-time="2017-02-21 11:04:46Z" end-time="2017-02-21 11:04:46Z" duration="0.000099" asserts="0" />
            </test-suite>
          </test-suite>
          <test-suite type="TestFixture" id="0-3937" name="SubstringConstraintTests" fullname="NUnit.Framework.Constraints.SubstringConstraintTests" classname="NUnit.Framework.Constraints.SubstringConstraintTests" runstate="Runnable" testcasecount="12" result="Passed" start-time="2017-02-21 11:04:46Z" end-time="2017-02-21 11:04:46Z" duration="0.039636" total="12" passed="12" failed="0" warnings="0" inconclusive="0" skipped="0" asserts="13">
            <test-suite type="ParameterizedMethod" id="0-3949" name="FailsWithBadValues" fullname="NUnit.Framework.Constraints.SubstringConstraintTests.FailsWithBadValues" classname="NUnit.Framework.Constraints.ConstraintTestBase" runstate="Runnable" testcasecount="5" result="Passed" start-time="2017-02-21 11:04:46Z" end-time="2017-02-21 11:04:46Z" duration="0.015473" total="5" passed="5" failed="0" warnings="0" inconclusive="0" skipped="0" asserts="10">
              <test-case id="0-3944" name="FailsWithBadValues(&quot;goodbye&quot;,&quot;\&quot;goodbye\&quot;&quot;)" fullname="NUnit.Framework.Constraints.SubstringConstraintTests.FailsWithBadValues(&quot;goodbye&quot;,&quot;\&quot;goodbye\&quot;&quot;)" methodname="FailsWithBadValues" classname="NUnit.Framework.Constraints.ConstraintTestBase" runstate="Runnable" seed="2112169118" result="Passed" start-time="2017-02-21 11:04:46Z" end-time="2017-02-21 11:04:46Z" duration="0.000207" asserts="2" />
              <test-case id="0-3945" name="FailsWithBadValues(&quot;HELLO&quot;,&quot;\&quot;HELLO\&quot;&quot;)" fullname="NUnit.Framework.Constraints.SubstringConstraintTests.FailsWithBadValues(&quot;HELLO&quot;,&quot;\&quot;HELLO\&quot;&quot;)" methodname="FailsWithBadValues" classname="NUnit.Framework.Constraints.ConstraintTestBase" runstate="Runnable" seed="1237615240" result="Passed" start-time="2017-02-21 11:04:46Z" end-time="2017-02-21 11:04:46Z" duration="0.000075" asserts="2" />
              <test-case id="0-3946" name="FailsWithBadValues(&quot;What the hell?&quot;,&quot;\&quot;What the hell?\&quot;&quot;)" fullname="NUnit.Framework.Constraints.SubstringConstraintTests.FailsWithBadValues(&quot;What the hell?&quot;,&quot;\&quot;What the hell?\&quot;&quot;)" methodname="FailsWithBadValues" classname="NUnit.Framework.Constraints.ConstraintTestBase" runstate="Runnable" seed="296936482" result="Passed" start-time="2017-02-21 11:04:46Z" end-time="2017-02-21 11:04:46Z" duration="0.000084" asserts="2" />
              <test-case id="0-3947" name="FailsWithBadValues(&quot;&quot;,&quot;&lt;string.Empty&gt;&quot;)" fullname="NUnit.Framework.Constraints.SubstringConstraintTests.FailsWithBadValues(&quot;&quot;,&quot;&lt;string.Empty&gt;&quot;)" methodname="FailsWithBadValues" classname="NUnit.Framework.Constraints.ConstraintTestBase" runstate="Runnable" seed="1118004368" result="Passed" start-time="2017-02-21 11:04:46Z" end-time="2017-02-21 11:04:46Z" duration="0.000138" asserts="2" />
              <test-case id="0-3948" name="FailsWithBadValues(null,&quot;null&quot;)" fullname="NUnit.Framework.Constraints.SubstringConstraintTests.FailsWithBadValues(null,&quot;null&quot;)" methodname="FailsWithBadValues" classname="NUnit.Framework.Constraints.ConstraintTestBase" runstate="Runnable" seed="1629300233" result="Passed" start-time="2017-02-21 11:04:46Z" end-time="2017-02-21 11:04:46Z" duration="0.000074" asserts="2" />
            </test-suite>
            <test-case id="0-3938" name="NonStringDataThrowsArgumentException" fullname="NUnit.Framework.Constraints.SubstringConstraintTests.NonStringDataThrowsArgumentException" methodname="NonStringDataThrowsArgumentException" classname="NUnit.Framework.Constraints.StringConstraintTests" runstate="Runnable" seed="624959402" result="Passed" start-time="2017-02-21 11:04:46Z" end-time="2017-02-21 11:04:46Z" duration="0.000099" asserts="1" />
            <test-case id="0-3950" name="ProvidesProperDescription" fullname="NUnit.Framework.Constraints.SubstringConstraintTests.ProvidesProperDescription" methodname="ProvidesProperDescription" classname="NUnit.Framework.Constraints.ConstraintTestBaseNoData" runstate="Runnable" seed="136947456" result="Passed" start-time="2017-02-21 11:04:46Z" end-time="2017-02-21 11:04:46Z" duration="0.000164" asserts="1" />
            <test-case id="0-3951" name="ProvidesProperStringRepresentation" fullname="NUnit.Framework.Constraints.SubstringConstraintTests.ProvidesProperStringRepresentation" methodname="ProvidesProperStringRepresentation" classname="NUnit.Framework.Constraints.ConstraintTestBaseNoData" runstate="Runnable" seed="573835201" result="Passed" start-time="2017-02-21 11:04:46Z" end-time="2017-02-21 11:04:46Z" duration="0.000070" asserts="1" />
            <test-suite type="ParameterizedMethod" id="0-3943" name="SucceedsWithGoodValues" fullname="NUnit.Framework.Constraints.SubstringConstraintTests.SucceedsWithGoodValues" classname="NUnit.Framework.Constraints.ConstraintTestBase" runstate="Runnable" testcasecount="4" result="Passed" start-time="2017-02-21 11:04:46Z" end-time="2017-02-21 11:04:46Z" duration="0.011675" total="4" passed="4" failed="0" warnings="0" inconclusive="0" skipped="0" asserts="0">
              <test-case id="0-3939" name="SucceedsWithGoodValues(&quot;hello&quot;)" fullname="NUnit.Framework.Constraints.SubstringConstraintTests.SucceedsWithGoodValues(&quot;hello&quot;)" methodname="SucceedsWithGoodValues" classname="NUnit.Framework.Constraints.ConstraintTestBase" runstate="Runnable" seed="174163538" result="Passed" start-time="2017-02-21 11:04:46Z" end-time="2017-02-21 11:04:46Z" duration="0.000483" asserts="0" />
              <test-case id="0-3940" name="SucceedsWithGoodValues(&quot;hello there&quot;)" fullname="NUnit.Framework.Constraints.SubstringConstraintTests.SucceedsWithGoodValues(&quot;hello there&quot;)" methodname="SucceedsWithGoodValues" classname="NUnit.Framework.Constraints.ConstraintTestBase" runstate="Runnable" seed="580975893" result="Passed" start-time="2017-02-21 11:04:46Z" end-time="2017-02-21 11:04:46Z" duration="0.000041" asserts="0" />
              <test-case id="0-3941" name="SucceedsWithGoodValues(&quot;I said hello&quot;)" fullname="NUnit.Framework.Constraints.SubstringConstraintTests.SucceedsWithGoodValues(&quot;I said hello&quot;)" methodname="SucceedsWithGoodValues" classname="NUnit.Framework.Constraints.ConstraintTestBase" runstate="Runnable" seed="498104198" result="Passed" start-time="2017-02-21 11:04:46Z" end-time="2017-02-21 11:04:46Z" duration="0.000065" asserts="0" />
              <test-case id="0-3942" name="SucceedsWithGoodValues(&quot;say hello to fred&quot;)" fullname="NUnit.Framework.Constraints.SubstringConstraintTests.SucceedsWithGoodValues(&quot;say hello to fred&quot;)" methodname="SucceedsWithGoodValues" classname="NUnit.Framework.Constraints.ConstraintTestBase" runstate="Runnable" seed="91043417" result="Passed" start-time="2017-02-21 11:04:46Z" end-time="2017-02-21 11:04:46Z" duration="0.000077" asserts="0" />
            </test-suite>
          </test-suite>
          <test-suite type="TestFixture" id="0-3952" name="SubstringConstraintTestsIgnoringCase" fullname="NUnit.Framework.Constraints.SubstringConstraintTestsIgnoringCase" classname="NUnit.Framework.Constraints.SubstringConstraintTestsIgnoringCase" runstate="Runnable" testcasecount="11" result="Passed" start-time="2017-02-21 11:04:46Z" end-time="2017-02-21 11:04:46Z" duration="0.036421" total="11" passed="11" failed="0" warnings="0" inconclusive="0" skipped="0" asserts="11">
            <test-suite type="ParameterizedMethod" id="0-3963" name="FailsWithBadValues" fullname="NUnit.Framework.Constraints.SubstringConstraintTestsIgnoringCase.FailsWithBadValues" classname="NUnit.Framework.Constraints.ConstraintTestBase" runstate="Runnable" testcasecount="4" result="Passed" start-time="2017-02-21 11:04:46Z" end-time="2017-02-21 11:04:46Z" duration="0.010909" total="4" passed="4" failed="0" warnings="0" inconclusive="0" skipped="0" asserts="8">
              <test-case id="0-3959" name="FailsWithBadValues(&quot;goodbye&quot;,&quot;\&quot;goodbye\&quot;&quot;)" fullname="NUnit.Framework.Constraints.SubstringConstraintTestsIgnoringCase.FailsWithBadValues(&quot;goodbye&quot;,&quot;\&quot;goodbye\&quot;&quot;)" methodname="FailsWithBadValues" classname="NUnit.Framework.Constraints.ConstraintTestBase" runstate="Runnable" seed="31250599" result="Passed" start-time="2017-02-21 11:04:46Z" end-time="2017-02-21 11:04:46Z" duration="0.000242" asserts="2" />
              <test-case id="0-3960" name="FailsWithBadValues(&quot;What the hell?&quot;,&quot;\&quot;What the hell?\&quot;&quot;)" fullname="NUnit.Framework.Constraints.SubstringConstraintTestsIgnoringCase.FailsWithBadValues(&quot;What the hell?&quot;,&quot;\&quot;What the hell?\&quot;&quot;)" methodname="FailsWithBadValues" classname="NUnit.Framework.Constraints.ConstraintTestBase" runstate="Runnable" seed="717996426" result="Passed" start-time="2017-02-21 11:04:46Z" end-time="2017-02-21 11:04:46Z" duration="0.000106" asserts="2" />
              <test-case id="0-3961" name="FailsWithBadValues(&quot;&quot;,&quot;&lt;string.Empty&gt;&quot;)" fullname="NUnit.Framework.Constraints.SubstringConstraintTestsIgnoringCase.FailsWithBadValues(&quot;&quot;,&quot;&lt;string.Empty&gt;&quot;)" methodname="FailsWithBadValues" classname="NUnit.Framework.Constraints.ConstraintTestBase" runstate="Runnable" seed="1727338049" result="Passed" start-time="2017-02-21 11:04:46Z" end-time="2017-02-21 11:04:46Z" duration="0.000095" asserts="2" />
              <test-case id="0-3962" name="FailsWithBadValues(null,&quot;null&quot;)" fullname="NUnit.Framework.Constraints.SubstringConstraintTestsIgnoringCase.FailsWithBadValues(null,&quot;null&quot;)" methodname="FailsWithBadValues" classname="NUnit.Framework.Constraints.ConstraintTestBase" runstate="Runnable" seed="125577269" result="Passed" start-time="2017-02-21 11:04:46Z" end-time="2017-02-21 11:04:46Z" duration="0.000083" asserts="2" />
            </test-suite>
            <test-case id="0-3953" name="NonStringDataThrowsArgumentException" fullname="NUnit.Framework.Constraints.SubstringConstraintTestsIgnoringCase.NonStringDataThrowsArgumentException" methodname="NonStringDataThrowsArgumentException" classname="NUnit.Framework.Constraints.StringConstraintTests" runstate="Runnable" seed="1831637280" result="Passed" start-time="2017-02-21 11:04:46Z" end-time="2017-02-21 11:04:46Z" duration="0.000094" asserts="1" />
            <test-case id="0-3964" name="ProvidesProperDescription" fullname="NUnit.Framework.Constraints.SubstringConstraintTestsIgnoringCase.ProvidesProperDescription" methodname="ProvidesProperDescription" classname="NUnit.Framework.Constraints.ConstraintTestBaseNoData" runstate="Runnable" seed="276660718" result="Passed" start-time="2017-02-21 11:04:46Z" end-time="2017-02-21 11:04:46Z" duration="0.000045" asserts="1" />
            <test-case id="0-3965" name="ProvidesProperStringRepresentation" fullname="NUnit.Framework.Constraints.SubstringConstraintTestsIgnoringCase.ProvidesProperStringRepresentation" methodname="ProvidesProperStringRepresentation" classname="NUnit.Framework.Constraints.ConstraintTestBaseNoData" runstate="Runnable" seed="875024834" result="Passed" start-time="2017-02-21 11:04:46Z" end-time="2017-02-21 11:04:46Z" duration="0.000053" asserts="1" />
            <test-suite type="ParameterizedMethod" id="0-3958" name="SucceedsWithGoodValues" fullname="NUnit.Framework.Constraints.SubstringConstraintTestsIgnoringCase.SucceedsWithGoodValues" classname="NUnit.Framework.Constraints.ConstraintTestBase" runstate="Runnable" testcasecount="4" result="Passed" start-time="2017-02-21 11:04:46Z" end-time="2017-02-21 11:04:46Z" duration="0.010045" total="4" passed="4" failed="0" warnings="0" inconclusive="0" skipped="0" asserts="0">
              <test-case id="0-3954" name="SucceedsWithGoodValues(&quot;Hello&quot;)" fullname="NUnit.Framework.Constraints.SubstringConstraintTestsIgnoringCase.SucceedsWithGoodValues(&quot;Hello&quot;)" methodname="SucceedsWithGoodValues" classname="NUnit.Framework.Constraints.ConstraintTestBase" runstate="Runnable" seed="1282993221" result="Passed" start-time="2017-02-21 11:04:46Z" end-time="2017-02-21 11:04:46Z" duration="0.000047" asserts="0" />
              <test-case id="0-3955" name="SucceedsWithGoodValues(&quot;HellO there&quot;)" fullname="NUnit.Framework.Constraints.SubstringConstraintTestsIgnoringCase.SucceedsWithGoodValues(&quot;HellO there&quot;)" methodname="SucceedsWithGoodValues" classname="NUnit.Framework.Constraints.ConstraintTestBase" runstate="Runnable" seed="1034101238" result="Passed" start-time="2017-02-21 11:04:46Z" end-time="2017-02-21 11:04:46Z" duration="0.000041" asserts="0" />
              <test-case id="0-3956" name="SucceedsWithGoodValues(&quot;I said HELLO&quot;)" fullname="NUnit.Framework.Constraints.SubstringConstraintTestsIgnoringCase.SucceedsWithGoodValues(&quot;I said HELLO&quot;)" methodname="SucceedsWithGoodValues" classname="NUnit.Framework.Constraints.ConstraintTestBase" runstate="Runnable" seed="773053920" result="Passed" start-time="2017-02-21 11:04:46Z" end-time="2017-02-21 11:04:46Z" duration="0.000051" asserts="0" />
              <test-case id="0-3957" name="SucceedsWithGoodValues(&quot;say hello to fred&quot;)" fullname="NUnit.Framework.Constraints.SubstringConstraintTestsIgnoringCase.SucceedsWithGoodValues(&quot;say hello to fred&quot;)" methodname="SucceedsWithGoodValues" classname="NUnit.Framework.Constraints.ConstraintTestBase" runstate="Runnable" seed="2109621827" result="Passed" start-time="2017-02-21 11:04:46Z" end-time="2017-02-21 11:04:46Z" duration="0.000046" asserts="0" />
            </test-suite>
          </test-suite>
          <test-suite type="TestFixture" id="0-3966" name="ThrowsConstraintTest_ExactType" fullname="NUnit.Framework.Constraints.ThrowsConstraintTest_ExactType" classname="NUnit.Framework.Constraints.ThrowsConstraintTest_ExactType" runstate="Runnable" testcasecount="6" result="Passed" start-time="2017-02-21 11:04:46Z" end-time="2017-02-21 11:04:46Z" duration="0.023420" total="6" passed="6" failed="0" warnings="0" inconclusive="0" skipped="0" asserts="8">
            <test-suite type="ParameterizedMethod" id="0-3972" name="FailsWithBadValues" fullname="NUnit.Framework.Constraints.ThrowsConstraintTest_ExactType.FailsWithBadValues" classname="NUnit.Framework.Constraints.ThrowsConstraintTestBase" runstate="Runnable" testcasecount="3" result="Passed" start-time="2017-02-21 11:04:46Z" end-time="2017-02-21 11:04:46Z" duration="0.010657" total="3" passed="3" failed="0" warnings="0" inconclusive="0" skipped="0" asserts="6">
              <test-case id="0-3969" name="FailsWithBadValues(NUnit.Framework.TestDelegate,&quot;&lt;System.NullReferenceException: my message\n&quot;)" fullname="NUnit.Framework.Constraints.ThrowsConstraintTest_ExactType.FailsWithBadValues(NUnit.Framework.TestDelegate,&quot;&lt;System.NullReferenceException: my message\n&quot;)" methodname="FailsWithBadValues" classname="NUnit.Framework.Constraints.ThrowsConstraintTestBase" runstate="Runnable" seed="1610201117" result="Passed" start-time="2017-02-21 11:04:46Z" end-time="2017-02-21 11:04:46Z" duration="0.001079" asserts="2" />
              <test-case id="0-3970" name="FailsWithBadValues(NUnit.Framework.TestDelegate,&quot;no exception thrown&quot;)" fullname="NUnit.Framework.Constraints.ThrowsConstraintTest_ExactType.FailsWithBadValues(NUnit.Framework.TestDelegate,&quot;no exception thrown&quot;)" methodname="FailsWithBadValues" classname="NUnit.Framework.Constraints.ThrowsConstraintTestBase" runstate="Runnable" seed="1471365636" result="Passed" start-time="2017-02-21 11:04:46Z" end-time="2017-02-21 11:04:46Z" duration="0.000124" asserts="2" />
              <test-case id="0-3971" name="FailsWithBadValues(NUnit.Framework.TestDelegate,&quot;&lt;System.Exception: my message\n&quot;)" fullname="NUnit.Framework.Constraints.ThrowsConstraintTest_ExactType.FailsWithBadValues(NUnit.Framework.TestDelegate,&quot;&lt;System.Exception: my message\n&quot;)" methodname="FailsWithBadValues" classname="NUnit.Framework.Constraints.ThrowsConstraintTestBase" runstate="Runnable" seed="718481895" result="Passed" start-time="2017-02-21 11:04:46Z" end-time="2017-02-21 11:04:46Z" duration="0.000192" asserts="2" />
            </test-suite>
            <test-case id="0-3973" name="ProvidesProperDescription" fullname="NUnit.Framework.Constraints.ThrowsConstraintTest_ExactType.ProvidesProperDescription" methodname="ProvidesProperDescription" classname="NUnit.Framework.Constraints.ConstraintTestBaseNoData" runstate="Runnable" seed="1701318720" result="Passed" start-time="2017-02-21 11:04:46Z" end-time="2017-02-21 11:04:46Z" duration="0.000044" asserts="1" />
            <test-case id="0-3974" name="ProvidesProperStringRepresentation" fullname="NUnit.Framework.Constraints.ThrowsConstraintTest_ExactType.ProvidesProperStringRepresentation" methodname="ProvidesProperStringRepresentation" classname="NUnit.Framework.Constraints.ConstraintTestBaseNoData" runstate="Runnable" seed="417849648" result="Passed" start-time="2017-02-21 11:04:46Z" end-time="2017-02-21 11:04:46Z" duration="0.000110" asserts="1" />
            <test-suite type="ParameterizedMethod" id="0-3968" name="SucceedsWithGoodValues" fullname="NUnit.Framework.Constraints.ThrowsConstraintTest_ExactType.SucceedsWithGoodValues" classname="NUnit.Framework.Constraints.ThrowsConstraintTestBase" runstate="Runnable" testcasecount="1" result="Passed" start-time="2017-02-21 11:04:46Z" end-time="2017-02-21 11:04:46Z" duration="0.002866" total="1" passed="1" failed="0" warnings="0" inconclusive="0" skipped="0" asserts="0">
              <test-case id="0-3967" name="SucceedsWithGoodValues(NUnit.Framework.TestDelegate)" fullname="NUnit.Framework.Constraints.ThrowsConstraintTest_ExactType.SucceedsWithGoodValues(NUnit.Framework.TestDelegate)" methodname="SucceedsWithGoodValues" classname="NUnit.Framework.Constraints.ThrowsConstraintTestBase" runstate="Runnable" seed="2118767056" result="Passed" start-time="2017-02-21 11:04:46Z" end-time="2017-02-21 11:04:46Z" duration="0.000264" asserts="0" />
            </test-suite>
          </test-suite>
          <test-suite type="TestFixture" id="0-3975" name="ThrowsConstraintTest_InstanceOfType" fullname="NUnit.Framework.Constraints.ThrowsConstraintTest_InstanceOfType" classname="NUnit.Framework.Constraints.ThrowsConstraintTest_InstanceOfType" runstate="Runnable" testcasecount="7" result="Passed" start-time="2017-02-21 11:04:46Z" end-time="2017-02-21 11:04:46Z" duration="0.026033" total="7" passed="7" failed="0" warnings="0" inconclusive="0" skipped="0" asserts="8">
            <test-suite type="ParameterizedMethod" id="0-3982" name="FailsWithBadValues" fullname="NUnit.Framework.Constraints.ThrowsConstraintTest_InstanceOfType.FailsWithBadValues" classname="NUnit.Framework.Constraints.ConstraintTestBase" runstate="Runnable" testcasecount="3" result="Passed" start-time="2017-02-21 11:04:46Z" end-time="2017-02-21 11:04:46Z" duration="0.008803" total="3" passed="3" failed="0" warnings="0" inconclusive="0" skipped="0" asserts="6">
              <test-case id="0-3979" name="FailsWithBadValues(NUnit.Framework.TestDelegate,&quot;&lt;System.ArgumentException&gt;&quot;)" fullname="NUnit.Framework.Constraints.ThrowsConstraintTest_InstanceOfType.FailsWithBadValues(NUnit.Framework.TestDelegate,&quot;&lt;System.ArgumentException&gt;&quot;)" methodname="FailsWithBadValues" classname="NUnit.Framework.Constraints.ConstraintTestBase" runstate="Runnable" seed="1775660580" result="Passed" start-time="2017-02-21 11:04:46Z" end-time="2017-02-21 11:04:46Z" duration="0.000233" asserts="2" />
              <test-case id="0-3980" name="FailsWithBadValues(NUnit.Framework.TestDelegate,&quot;no exception thrown&quot;)" fullname="NUnit.Framework.Constraints.ThrowsConstraintTest_InstanceOfType.FailsWithBadValues(NUnit.Framework.TestDelegate,&quot;no exception thrown&quot;)" methodname="FailsWithBadValues" classname="NUnit.Framework.Constraints.ConstraintTestBase" runstate="Runnable" seed="1677722562" result="Passed" start-time="2017-02-21 11:04:46Z" end-time="2017-02-21 11:04:46Z" duration="0.000083" asserts="2" />
              <test-case id="0-3981" name="FailsWithBadValues(NUnit.Framework.TestDelegate,&quot;&lt;System.NullReferenceException&gt;&quot;)" fullname="NUnit.Framework.Constraints.ThrowsConstraintTest_InstanceOfType.FailsWithBadValues(NUnit.Framework.TestDelegate,&quot;&lt;System.NullReferenceException&gt;&quot;)" methodname="FailsWithBadValues" classname="NUnit.Framework.Constraints.ConstraintTestBase" runstate="Runnable" seed="2084597874" result="Passed" start-time="2017-02-21 11:04:46Z" end-time="2017-02-21 11:04:46Z" duration="0.000111" asserts="2" />
            </test-suite>
            <test-case id="0-3983" name="ProvidesProperDescription" fullname="NUnit.Framework.Constraints.ThrowsConstraintTest_InstanceOfType.ProvidesProperDescription" methodname="ProvidesProperDescription" classname="NUnit.Framework.Constraints.ConstraintTestBaseNoData" runstate="Runnable" seed="138563261" result="Passed" start-time="2017-02-21 11:04:46Z" end-time="2017-02-21 11:04:46Z" duration="0.000059" asserts="1" />
            <test-case id="0-3984" name="ProvidesProperStringRepresentation" fullname="NUnit.Framework.Constraints.ThrowsConstraintTest_InstanceOfType.ProvidesProperStringRepresentation" methodname="ProvidesProperStringRepresentation" classname="NUnit.Framework.Constraints.ConstraintTestBaseNoData" runstate="Runnable" seed="944819015" result="Passed" start-time="2017-02-21 11:04:46Z" end-time="2017-02-21 11:04:46Z" duration="0.000056" asserts="1" />
            <test-suite type="ParameterizedMethod" id="0-3978" name="SucceedsWithGoodValues" fullname="NUnit.Framework.Constraints.ThrowsConstraintTest_InstanceOfType.SucceedsWithGoodValues" classname="NUnit.Framework.Constraints.ConstraintTestBase" runstate="Runnable" testcasecount="2" result="Passed" start-time="2017-02-21 11:04:46Z" end-time="2017-02-21 11:04:46Z" duration="0.005195" total="2" passed="2" failed="0" warnings="0" inconclusive="0" skipped="0" asserts="0">
              <test-case id="0-3976" name="SucceedsWithGoodValues(NUnit.Framework.TestDelegate)" fullname="NUnit.Framework.Constraints.ThrowsConstraintTest_InstanceOfType.SucceedsWithGoodValues(NUnit.Framework.TestDelegate)" methodname="SucceedsWithGoodValues" classname="NUnit.Framework.Constraints.ConstraintTestBase" runstate="Runnable" seed="528134133" result="Passed" start-time="2017-02-21 11:04:46Z" end-time="2017-02-21 11:04:46Z" duration="0.000183" asserts="0" />
              <test-case id="0-3977" name="SucceedsWithGoodValues(NUnit.Framework.TestDelegate)" fullname="NUnit.Framework.Constraints.ThrowsConstraintTest_InstanceOfType.SucceedsWithGoodValues(NUnit.Framework.TestDelegate)" methodname="SucceedsWithGoodValues" classname="NUnit.Framework.Constraints.ConstraintTestBase" runstate="Runnable" seed="1580079293" result="Passed" start-time="2017-02-21 11:04:46Z" end-time="2017-02-21 11:04:46Z" duration="0.000179" asserts="0" />
            </test-suite>
          </test-suite>
          <test-suite type="TestFixture" id="0-3985" name="ThrowsConstraintTest_WithConstraint" fullname="NUnit.Framework.Constraints.ThrowsConstraintTest_WithConstraint" classname="NUnit.Framework.Constraints.ThrowsConstraintTest_WithConstraint" runstate="Runnable" testcasecount="6" result="Passed" start-time="2017-02-21 11:04:46Z" end-time="2017-02-21 11:04:46Z" duration="0.022270" total="6" passed="6" failed="0" warnings="0" inconclusive="0" skipped="0" asserts="8">
            <test-suite type="ParameterizedMethod" id="0-3991" name="FailsWithBadValues" fullname="NUnit.Framework.Constraints.ThrowsConstraintTest_WithConstraint.FailsWithBadValues" classname="NUnit.Framework.Constraints.ThrowsConstraintTestBase" runstate="Runnable" testcasecount="3" result="Passed" start-time="2017-02-21 11:04:46Z" end-time="2017-02-21 11:04:46Z" duration="0.008052" total="3" passed="3" failed="0" warnings="0" inconclusive="0" skipped="0" asserts="6">
              <test-case id="0-3988" name="FailsWithBadValues(NUnit.Framework.TestDelegate,&quot;&lt;System.NullReferenceException: my message\n&quot;)" fullname="NUnit.Framework.Constraints.ThrowsConstraintTest_WithConstraint.FailsWithBadValues(NUnit.Framework.TestDelegate,&quot;&lt;System.NullReferenceException: my message\n&quot;)" methodname="FailsWithBadValues" classname="NUnit.Framework.Constraints.ThrowsConstraintTestBase" runstate="Runnable" seed="1147090295" result="Passed" start-time="2017-02-21 11:04:46Z" end-time="2017-02-21 11:04:46Z" duration="0.000333" asserts="2" />
              <test-case id="0-3989" name="FailsWithBadValues(NUnit.Framework.TestDelegate,&quot;no exception thrown&quot;)" fullname="NUnit.Framework.Constraints.ThrowsConstraintTest_WithConstraint.FailsWithBadValues(NUnit.Framework.TestDelegate,&quot;no exception thrown&quot;)" methodname="FailsWithBadValues" classname="NUnit.Framework.Constraints.ThrowsConstraintTestBase" runstate="Runnable" seed="371706386" result="Passed" start-time="2017-02-21 11:04:46Z" end-time="2017-02-21 11:04:46Z" duration="0.000072" asserts="2" />
              <test-case id="0-3990" name="FailsWithBadValues(NUnit.Framework.TestDelegate,&quot;&lt;System.Exception: my message\n&quot;)" fullname="NUnit.Framework.Constraints.ThrowsConstraintTest_WithConstraint.FailsWithBadValues(NUnit.Framework.TestDelegate,&quot;&lt;System.Exception: my message\n&quot;)" methodname="FailsWithBadValues" classname="NUnit.Framework.Constraints.ThrowsConstraintTestBase" runstate="Runnable" seed="1198081063" result="Passed" start-time="2017-02-21 11:04:46Z" end-time="2017-02-21 11:04:46Z" duration="0.000259" asserts="2" />
            </test-suite>
            <test-case id="0-3992" name="ProvidesProperDescription" fullname="NUnit.Framework.Constraints.ThrowsConstraintTest_WithConstraint.ProvidesProperDescription" methodname="ProvidesProperDescription" classname="NUnit.Framework.Constraints.ConstraintTestBaseNoData" runstate="Runnable" seed="866754022" result="Passed" start-time="2017-02-21 11:04:46Z" end-time="2017-02-21 11:04:46Z" duration="0.000043" asserts="1" />
            <test-case id="0-3993" name="ProvidesProperStringRepresentation" fullname="NUnit.Framework.Constraints.ThrowsConstraintTest_WithConstraint.ProvidesProperStringRepresentation" methodname="ProvidesProperStringRepresentation" classname="NUnit.Framework.Constraints.ConstraintTestBaseNoData" runstate="Runnable" seed="1669658755" result="Passed" start-time="2017-02-21 11:04:46Z" end-time="2017-02-21 11:04:46Z" duration="0.000069" asserts="1" />
            <test-suite type="ParameterizedMethod" id="0-3987" name="SucceedsWithGoodValues" fullname="NUnit.Framework.Constraints.ThrowsConstraintTest_WithConstraint.SucceedsWithGoodValues" classname="NUnit.Framework.Constraints.ThrowsConstraintTestBase" runstate="Runnable" testcasecount="1" result="Passed" start-time="2017-02-21 11:04:46Z" end-time="2017-02-21 11:04:46Z" duration="0.002945" total="1" passed="1" failed="0" warnings="0" inconclusive="0" skipped="0" asserts="0">
              <test-case id="0-3986" name="SucceedsWithGoodValues(NUnit.Framework.TestDelegate)" fullname="NUnit.Framework.Constraints.ThrowsConstraintTest_WithConstraint.SucceedsWithGoodValues(NUnit.Framework.TestDelegate)" methodname="SucceedsWithGoodValues" classname="NUnit.Framework.Constraints.ThrowsConstraintTestBase" runstate="Runnable" seed="679169680" result="Passed" start-time="2017-02-21 11:04:46Z" end-time="2017-02-21 11:04:46Z" duration="0.000307" asserts="0" />
            </test-suite>
          </test-suite>
          <test-suite type="TestFixture" id="0-4011" name="ToStringTests" fullname="NUnit.Framework.Constraints.ToStringTests" classname="NUnit.Framework.Constraints.ToStringTests" runstate="Runnable" testcasecount="6" result="Passed" start-time="2017-02-21 11:04:46Z" end-time="2017-02-21 11:04:46Z" duration="0.017096" total="6" passed="6" failed="0" warnings="0" inconclusive="0" skipped="0" asserts="15">
            <test-case id="0-4015" name="CanDisplayPrefixConstraints_Resolved" fullname="NUnit.Framework.Constraints.ToStringTests.CanDisplayPrefixConstraints_Resolved" methodname="CanDisplayPrefixConstraints_Resolved" classname="NUnit.Framework.Constraints.ToStringTests" runstate="Runnable" seed="136364095" result="Passed" start-time="2017-02-21 11:04:46Z" end-time="2017-02-21 11:04:46Z" duration="0.000531" asserts="3" />
            <test-case id="0-4013" name="CanDisplaySimpleConstraints_Resolved" fullname="NUnit.Framework.Constraints.ToStringTests.CanDisplaySimpleConstraints_Resolved" methodname="CanDisplaySimpleConstraints_Resolved" classname="NUnit.Framework.Constraints.ToStringTests" runstate="Runnable" seed="1610297514" result="Passed" start-time="2017-02-21 11:04:46Z" end-time="2017-02-21 11:04:46Z" duration="0.000612" asserts="3" />
            <test-case id="0-4012" name="CanDisplaySimpleConstraints_Unresolved" fullname="NUnit.Framework.Constraints.ToStringTests.CanDisplaySimpleConstraints_Unresolved" methodname="CanDisplaySimpleConstraints_Unresolved" classname="NUnit.Framework.Constraints.ToStringTests" runstate="Runnable" seed="264360102" result="Passed" start-time="2017-02-21 11:04:46Z" end-time="2017-02-21 11:04:46Z" duration="0.000265" asserts="3" />
            <test-case id="0-4016" name="DisplayBinaryConstraints_Resolved" fullname="NUnit.Framework.Constraints.ToStringTests.DisplayBinaryConstraints_Resolved" methodname="DisplayBinaryConstraints_Resolved" classname="NUnit.Framework.Constraints.ToStringTests" runstate="Runnable" seed="172689108" result="Passed" start-time="2017-02-21 11:04:46Z" end-time="2017-02-21 11:04:46Z" duration="0.000299" asserts="1" />
            <test-case id="0-4017" name="DisplayBinaryConstraints_UnResolved" fullname="NUnit.Framework.Constraints.ToStringTests.DisplayBinaryConstraints_UnResolved" methodname="DisplayBinaryConstraints_UnResolved" classname="NUnit.Framework.Constraints.ToStringTests" runstate="Runnable" seed="817908212" result="Passed" start-time="2017-02-21 11:04:46Z" end-time="2017-02-21 11:04:46Z" duration="0.000224" asserts="1" />
            <test-case id="0-4014" name="DisplayPrefixConstraints_Unresolved" fullname="NUnit.Framework.Constraints.ToStringTests.DisplayPrefixConstraints_Unresolved" methodname="DisplayPrefixConstraints_Unresolved" classname="NUnit.Framework.Constraints.ToStringTests" runstate="Runnable" seed="1955763107" result="Passed" start-time="2017-02-21 11:04:46Z" end-time="2017-02-21 11:04:46Z" duration="0.000361" asserts="4" />
          </test-suite>
          <test-suite type="TestFixture" id="0-3994" name="ThrowsExceptionConstraintTests" fullname="NUnit.Framework.Constraints.ThrowsExceptionConstraintTests" classname="NUnit.Framework.Constraints.ThrowsExceptionConstraintTests" runstate="Runnable" testcasecount="5" result="Passed" start-time="2017-02-21 11:04:46Z" end-time="2017-02-21 11:04:46Z" duration="0.018608" total="5" passed="5" failed="0" warnings="0" inconclusive="0" skipped="0" asserts="4">
            <test-suite type="ParameterizedMethod" id="0-3999" name="FailsWithBadValues" fullname="NUnit.Framework.Constraints.ThrowsExceptionConstraintTests.FailsWithBadValues" classname="NUnit.Framework.Constraints.ConstraintTestBase" runstate="Runnable" testcasecount="1" result="Passed" start-time="2017-02-21 11:04:46Z" end-time="2017-02-21 11:04:46Z" duration="0.003696" total="1" passed="1" failed="0" warnings="0" inconclusive="0" skipped="0" asserts="2">
              <test-case id="0-3998" name="FailsWithBadValues(NUnit.Framework.TestDelegate,&quot;no exception thrown&quot;)" fullname="NUnit.Framework.Constraints.ThrowsExceptionConstraintTests.FailsWithBadValues(NUnit.Framework.TestDelegate,&quot;no exception thrown&quot;)" methodname="FailsWithBadValues" classname="NUnit.Framework.Constraints.ConstraintTestBase" runstate="Runnable" seed="1504025089" result="Passed" start-time="2017-02-21 11:04:46Z" end-time="2017-02-21 11:04:46Z" duration="0.000732" asserts="2" />
            </test-suite>
            <test-case id="0-4000" name="ProvidesProperDescription" fullname="NUnit.Framework.Constraints.ThrowsExceptionConstraintTests.ProvidesProperDescription" methodname="ProvidesProperDescription" classname="NUnit.Framework.Constraints.ConstraintTestBaseNoData" runstate="Runnable" seed="984478685" result="Passed" start-time="2017-02-21 11:04:46Z" end-time="2017-02-21 11:04:46Z" duration="0.000048" asserts="1" />
            <test-case id="0-4001" name="ProvidesProperStringRepresentation" fullname="NUnit.Framework.Constraints.ThrowsExceptionConstraintTests.ProvidesProperStringRepresentation" methodname="ProvidesProperStringRepresentation" classname="NUnit.Framework.Constraints.ConstraintTestBaseNoData" runstate="Runnable" seed="1956506019" result="Passed" start-time="2017-02-21 11:04:46Z" end-time="2017-02-21 11:04:46Z" duration="0.000050" asserts="1" />
            <test-suite type="ParameterizedMethod" id="0-3997" name="SucceedsWithGoodValues" fullname="NUnit.Framework.Constraints.ThrowsExceptionConstraintTests.SucceedsWithGoodValues" classname="NUnit.Framework.Constraints.ConstraintTestBase" runstate="Runnable" testcasecount="1" result="Passed" start-time="2017-02-21 11:04:46Z" end-time="2017-02-21 11:04:46Z" duration="0.002660" total="1" passed="1" failed="0" warnings="0" inconclusive="0" skipped="0" asserts="0">
              <test-case id="0-3996" name="SucceedsWithGoodValues(NUnit.Framework.TestDelegate)" fullname="NUnit.Framework.Constraints.ThrowsExceptionConstraintTests.SucceedsWithGoodValues(NUnit.Framework.TestDelegate)" methodname="SucceedsWithGoodValues" classname="NUnit.Framework.Constraints.ConstraintTestBase" runstate="Runnable" seed="1838881933" result="Passed" start-time="2017-02-21 11:04:46Z" end-time="2017-02-21 11:04:46Z" duration="0.000065" asserts="0" />
            </test-suite>
            <test-case id="0-3995" name="SucceedsWithNonVoidReturningFunction" fullname="NUnit.Framework.Constraints.ThrowsExceptionConstraintTests.SucceedsWithNonVoidReturningFunction" methodname="SucceedsWithNonVoidReturningFunction" classname="NUnit.Framework.Constraints.ThrowsExceptionConstraintTests" runstate="Runnable" seed="1039067579" result="Passed" start-time="2017-02-21 11:04:46Z" end-time="2017-02-21 11:04:46Z" duration="0.000358" asserts="0" />
          </test-suite>
          <test-suite type="TestFixture" id="0-2814" name="TrueConstraintTest" fullname="NUnit.Framework.Constraints.TrueConstraintTest" classname="NUnit.Framework.Constraints.TrueConstraintTest" runstate="Runnable" testcasecount="8" result="Passed" start-time="2017-02-21 11:04:46Z" end-time="2017-02-21 11:04:46Z" duration="0.027513" total="8" passed="8" failed="0" warnings="0" inconclusive="0" skipped="0" asserts="10">
            <test-suite type="ParameterizedMethod" id="0-2822" name="FailsWithBadValues" fullname="NUnit.Framework.Constraints.TrueConstraintTest.FailsWithBadValues" classname="NUnit.Framework.Constraints.ConstraintTestBase" runstate="Runnable" testcasecount="4" result="Passed" start-time="2017-02-21 11:04:46Z" end-time="2017-02-21 11:04:46Z" duration="0.010723" total="4" passed="4" failed="0" warnings="0" inconclusive="0" skipped="0" asserts="8">
              <test-case id="0-2818" name="FailsWithBadValues(null,&quot;null&quot;)" fullname="NUnit.Framework.Constraints.TrueConstraintTest.FailsWithBadValues(null,&quot;null&quot;)" methodname="FailsWithBadValues" classname="NUnit.Framework.Constraints.ConstraintTestBase" runstate="Runnable" seed="481098298" result="Passed" start-time="2017-02-21 11:04:46Z" end-time="2017-02-21 11:04:46Z" duration="0.000282" asserts="2" />
              <test-case id="0-2819" name="FailsWithBadValues(&quot;hello&quot;,&quot;\&quot;hello\&quot;&quot;)" fullname="NUnit.Framework.Constraints.TrueConstraintTest.FailsWithBadValues(&quot;hello&quot;,&quot;\&quot;hello\&quot;&quot;)" methodname="FailsWithBadValues" classname="NUnit.Framework.Constraints.ConstraintTestBase" runstate="Runnable" seed="664420096" result="Passed" start-time="2017-02-21 11:04:46Z" end-time="2017-02-21 11:04:46Z" duration="0.000080" asserts="2" />
              <test-case id="0-2820" name="FailsWithBadValues(False,&quot;False&quot;)" fullname="NUnit.Framework.Constraints.TrueConstraintTest.FailsWithBadValues(False,&quot;False&quot;)" methodname="FailsWithBadValues" classname="NUnit.Framework.Constraints.ConstraintTestBase" runstate="Runnable" seed="1593077044" result="Passed" start-time="2017-02-21 11:04:46Z" end-time="2017-02-21 11:04:46Z" duration="0.000086" asserts="2" />
              <test-case id="0-2821" name="FailsWithBadValues(False,&quot;False&quot;)" fullname="NUnit.Framework.Constraints.TrueConstraintTest.FailsWithBadValues(False,&quot;False&quot;)" methodname="FailsWithBadValues" classname="NUnit.Framework.Constraints.ConstraintTestBase" runstate="Runnable" seed="1979778746" result="Passed" start-time="2017-02-21 11:04:46Z" end-time="2017-02-21 11:04:46Z" duration="0.000103" asserts="2" />
            </test-suite>
            <test-case id="0-2823" name="ProvidesProperDescription" fullname="NUnit.Framework.Constraints.TrueConstraintTest.ProvidesProperDescription" methodname="ProvidesProperDescription" classname="NUnit.Framework.Constraints.ConstraintTestBaseNoData" runstate="Runnable" seed="70494185" result="Passed" start-time="2017-02-21 11:04:46Z" end-time="2017-02-21 11:04:46Z" duration="0.000068" asserts="1" />
            <test-case id="0-2824" name="ProvidesProperStringRepresentation" fullname="NUnit.Framework.Constraints.TrueConstraintTest.ProvidesProperStringRepresentation" methodname="ProvidesProperStringRepresentation" classname="NUnit.Framework.Constraints.ConstraintTestBaseNoData" runstate="Runnable" seed="688707918" result="Passed" start-time="2017-02-21 11:04:46Z" end-time="2017-02-21 11:04:46Z" duration="0.000072" asserts="1" />
            <test-suite type="ParameterizedMethod" id="0-2817" name="SucceedsWithGoodValues" fullname="NUnit.Framework.Constraints.TrueConstraintTest.SucceedsWithGoodValues" classname="NUnit.Framework.Constraints.ConstraintTestBase" runstate="Runnable" testcasecount="2" result="Passed" start-time="2017-02-21 11:04:46Z" end-time="2017-02-21 11:04:46Z" duration="0.005238" total="2" passed="2" failed="0" warnings="0" inconclusive="0" skipped="0" asserts="0">
              <test-case id="0-2815" name="SucceedsWithGoodValues(True)" fullname="NUnit.Framework.Constraints.TrueConstraintTest.SucceedsWithGoodValues(True)" methodname="SucceedsWithGoodValues" classname="NUnit.Framework.Constraints.ConstraintTestBase" runstate="Runnable" seed="1727915462" result="Passed" start-time="2017-02-21 11:04:46Z" end-time="2017-02-21 11:04:46Z" duration="0.000066" asserts="0" />
              <test-case id="0-2816" name="SucceedsWithGoodValues(True)" fullname="NUnit.Framework.Constraints.TrueConstraintTest.SucceedsWithGoodValues(True)" methodname="SucceedsWithGoodValues" classname="NUnit.Framework.Constraints.ConstraintTestBase" runstate="Runnable" seed="975400740" result="Passed" start-time="2017-02-21 11:04:46Z" end-time="2017-02-21 11:04:46Z" duration="0.000071" asserts="0" />
            </test-suite>
          </test-suite>
          <test-suite type="TestFixture" id="0-4018" name="UniqueItemsTests" fullname="NUnit.Framework.Constraints.UniqueItemsTests" classname="NUnit.Framework.Constraints.UniqueItemsTests" runstate="Runnable" testcasecount="8" result="Passed" start-time="2017-02-21 11:04:46Z" end-time="2017-02-21 11:04:46Z" duration="0.033534" total="8" passed="8" failed="0" warnings="0" inconclusive="0" skipped="0" asserts="7">
            <test-suite type="ParameterizedMethod" id="0-4027" name="FailsWithBadValues" fullname="NUnit.Framework.Constraints.UniqueItemsTests.FailsWithBadValues" classname="NUnit.Framework.Constraints.ConstraintTestBase" runstate="Runnable" testcasecount="1" result="Passed" start-time="2017-02-21 11:04:46Z" end-time="2017-02-21 11:04:46Z" duration="0.003146" total="1" passed="1" failed="0" warnings="0" inconclusive="0" skipped="0" asserts="2">
              <test-case id="0-4026" name="FailsWithBadValues(System.Int32[],&quot;&lt; 1, 3, 17, 3, 34 &gt;&quot;)" fullname="NUnit.Framework.Constraints.UniqueItemsTests.FailsWithBadValues(System.Int32[],&quot;&lt; 1, 3, 17, 3, 34 &gt;&quot;)" methodname="FailsWithBadValues" classname="NUnit.Framework.Constraints.ConstraintTestBase" runstate="Runnable" seed="423390032" result="Passed" start-time="2017-02-21 11:04:46Z" end-time="2017-02-21 11:04:46Z" duration="0.000232" asserts="2" />
            </test-suite>
            <test-suite type="ParameterizedMethod" id="0-4022" name="HonorsIgnoreCase" fullname="NUnit.Framework.Constraints.UniqueItemsTests.HonorsIgnoreCase" classname="NUnit.Framework.Constraints.UniqueItemsTests" runstate="Runnable" testcasecount="3" result="Passed" start-time="2017-02-21 11:04:46Z" end-time="2017-02-21 11:04:46Z" duration="0.008670" total="3" passed="3" failed="0" warnings="0" inconclusive="0" skipped="0" asserts="3">
              <test-case id="0-4019" name="HonorsIgnoreCase(NUnit.TestUtilities.Collections.SimpleObjectCollection)" fullname="NUnit.Framework.Constraints.UniqueItemsTests.HonorsIgnoreCase(NUnit.TestUtilities.Collections.SimpleObjectCollection)" methodname="HonorsIgnoreCase" classname="NUnit.Framework.Constraints.UniqueItemsTests" runstate="Runnable" seed="2143344517" result="Passed" start-time="2017-02-21 11:04:46Z" end-time="2017-02-21 11:04:46Z" duration="0.000278" asserts="1" />
              <test-case id="0-4020" name="HonorsIgnoreCase(System.Char[])" fullname="NUnit.Framework.Constraints.UniqueItemsTests.HonorsIgnoreCase(System.Char[])" methodname="HonorsIgnoreCase" classname="NUnit.Framework.Constraints.UniqueItemsTests" runstate="Runnable" seed="1823800850" result="Passed" start-time="2017-02-21 11:04:46Z" end-time="2017-02-21 11:04:46Z" duration="0.000068" asserts="1" />
              <test-case id="0-4021" name="HonorsIgnoreCase(System.String[])" fullname="NUnit.Framework.Constraints.UniqueItemsTests.HonorsIgnoreCase(System.String[])" methodname="HonorsIgnoreCase" classname="NUnit.Framework.Constraints.UniqueItemsTests" runstate="Runnable" seed="1912243215" result="Passed" start-time="2017-02-21 11:04:46Z" end-time="2017-02-21 11:04:46Z" duration="0.000066" asserts="1" />
            </test-suite>
            <test-case id="0-4028" name="ProvidesProperDescription" fullname="NUnit.Framework.Constraints.UniqueItemsTests.ProvidesProperDescription" methodname="ProvidesProperDescription" classname="NUnit.Framework.Constraints.ConstraintTestBaseNoData" runstate="Runnable" seed="1336623832" result="Passed" start-time="2017-02-21 11:04:46Z" end-time="2017-02-21 11:04:46Z" duration="0.000051" asserts="1" />
            <test-case id="0-4029" name="ProvidesProperStringRepresentation" fullname="NUnit.Framework.Constraints.UniqueItemsTests.ProvidesProperStringRepresentation" methodname="ProvidesProperStringRepresentation" classname="NUnit.Framework.Constraints.ConstraintTestBaseNoData" runstate="Runnable" seed="1566050688" result="Passed" start-time="2017-02-21 11:04:46Z" end-time="2017-02-21 11:04:46Z" duration="0.000059" asserts="1" />
            <test-suite type="ParameterizedMethod" id="0-4025" name="SucceedsWithGoodValues" fullname="NUnit.Framework.Constraints.UniqueItemsTests.SucceedsWithGoodValues" classname="NUnit.Framework.Constraints.ConstraintTestBase" runstate="Runnable" testcasecount="2" result="Passed" start-time="2017-02-21 11:04:46Z" end-time="2017-02-21 11:04:46Z" duration="0.007922" total="2" passed="2" failed="0" warnings="0" inconclusive="0" skipped="0" asserts="0">
              <test-case id="0-4023" name="SucceedsWithGoodValues(System.Int32[])" fullname="NUnit.Framework.Constraints.UniqueItemsTests.SucceedsWithGoodValues(System.Int32[])" methodname="SucceedsWithGoodValues" classname="NUnit.Framework.Constraints.ConstraintTestBase" runstate="Runnable" seed="138041789" result="Passed" start-time="2017-02-21 11:04:46Z" end-time="2017-02-21 11:04:46Z" duration="0.000096" asserts="0" />
              <test-case id="0-4024" name="SucceedsWithGoodValues(System.Object[])" fullname="NUnit.Framework.Constraints.UniqueItemsTests.SucceedsWithGoodValues(System.Object[])" methodname="SucceedsWithGoodValues" classname="NUnit.Framework.Constraints.ConstraintTestBase" runstate="Runnable" seed="526233420" result="Passed" start-time="2017-02-21 11:04:46Z" end-time="2017-02-21 11:04:46Z" duration="0.000093" asserts="0" />
            </test-suite>
          </test-suite>
          <test-suite type="TestFixture" id="0-4030" name="XmlSerializableTest" fullname="NUnit.Framework.Constraints.XmlSerializableTest" classname="NUnit.Framework.Constraints.XmlSerializableTest" runstate="Runnable" testcasecount="9" result="Passed" start-time="2017-02-21 11:04:46Z" end-time="2017-02-21 11:04:47Z" duration="0.309150" total="9" passed="9" failed="0" warnings="0" inconclusive="0" skipped="0" asserts="9">
            <test-suite type="ParameterizedMethod" id="0-4039" name="FailsWithBadValues" fullname="NUnit.Framework.Constraints.XmlSerializableTest.FailsWithBadValues" classname="NUnit.Framework.Constraints.ConstraintTestBase" runstate="Runnable" testcasecount="3" result="Passed" start-time="2017-02-21 11:04:46Z" end-time="2017-02-21 11:04:46Z" duration="0.135295" total="3" passed="3" failed="0" warnings="0" inconclusive="0" skipped="0" asserts="6">
              <test-case id="0-4036" name="FailsWithBadValues(System.Collections.Generic.Dictionary`2[System.String,System.String],&quot;&lt;System.Collections.Generic.Dictionary`2[System.String,System.String]&gt;&quot;)" fullname="NUnit.Framework.Constraints.XmlSerializableTest.FailsWithBadValues(System.Collections.Generic.Dictionary`2[System.String,System.String],&quot;&lt;System.Collections.Generic.Dictionary`2[System.String,System.String]&gt;&quot;)" methodname="FailsWithBadValues" classname="NUnit.Framework.Constraints.ConstraintTestBase" runstate="Runnable" seed="1557917852" result="Passed" start-time="2017-02-21 11:04:46Z" end-time="2017-02-21 11:04:46Z" duration="0.124921" asserts="2" />
              <test-case id="0-4037" name="FailsWithBadValues(NUnit.Framework.Constraints.InternalClass,&quot;&lt;NUnit.Framework.Constraints.InternalClass&gt;&quot;)" fullname="NUnit.Framework.Constraints.XmlSerializableTest.FailsWithBadValues(NUnit.Framework.Constraints.InternalClass,&quot;&lt;NUnit.Framework.Constraints.InternalClass&gt;&quot;)" methodname="FailsWithBadValues" classname="NUnit.Framework.Constraints.ConstraintTestBase" runstate="Runnable" seed="1112994410" result="Passed" start-time="2017-02-21 11:04:46Z" end-time="2017-02-21 11:04:46Z" duration="0.001476" asserts="2" />
              <test-case id="0-4038" name="FailsWithBadValues(NUnit.Framework.Constraints.InternalWithSerializableAttributeClass,&quot;&lt;NUnit.Framework.Constraints.InternalWithSerializableAttributeClass&gt;&quot;)" fullname="NUnit.Framework.Constraints.XmlSerializableTest.FailsWithBadValues(NUnit.Framework.Constraints.InternalWithSerializableAttributeClass,&quot;&lt;NUnit.Framework.Constraints.InternalWithSerializableAttributeClass&gt;&quot;)" methodname="FailsWithBadValues" classname="NUnit.Framework.Constraints.ConstraintTestBase" runstate="Runnable" seed="166529301" result="Passed" start-time="2017-02-21 11:04:46Z" end-time="2017-02-21 11:04:46Z" duration="0.000216" asserts="2" />
            </test-suite>
            <test-case id="0-4031" name="NullArgumentThrowsException" fullname="NUnit.Framework.Constraints.XmlSerializableTest.NullArgumentThrowsException" methodname="NullArgumentThrowsException" classname="NUnit.Framework.Constraints.XmlSerializableTest" runstate="Runnable" seed="1153572707" result="Passed" start-time="2017-02-21 11:04:46Z" end-time="2017-02-21 11:04:46Z" duration="0.000255" asserts="1" />
            <test-case id="0-4040" name="ProvidesProperDescription" fullname="NUnit.Framework.Constraints.XmlSerializableTest.ProvidesProperDescription" methodname="ProvidesProperDescription" classname="NUnit.Framework.Constraints.ConstraintTestBaseNoData" runstate="Runnable" seed="928608538" result="Passed" start-time="2017-02-21 11:04:46Z" end-time="2017-02-21 11:04:46Z" duration="0.000490" asserts="1" />
            <test-case id="0-4041" name="ProvidesProperStringRepresentation" fullname="NUnit.Framework.Constraints.XmlSerializableTest.ProvidesProperStringRepresentation" methodname="ProvidesProperStringRepresentation" classname="NUnit.Framework.Constraints.ConstraintTestBaseNoData" runstate="Runnable" seed="813020509" result="Passed" start-time="2017-02-21 11:04:46Z" end-time="2017-02-21 11:04:46Z" duration="0.000106" asserts="1" />
            <test-suite type="ParameterizedMethod" id="0-4035" name="SucceedsWithGoodValues" fullname="NUnit.Framework.Constraints.XmlSerializableTest.SucceedsWithGoodValues" classname="NUnit.Framework.Constraints.ConstraintTestBase" runstate="Runnable" testcasecount="3" result="Passed" start-time="2017-02-21 11:04:46Z" end-time="2017-02-21 11:04:47Z" duration="0.160502" total="3" passed="3" failed="0" warnings="0" inconclusive="0" skipped="0" asserts="0">
              <test-case id="0-4032" name="SucceedsWithGoodValues(1)" fullname="NUnit.Framework.Constraints.XmlSerializableTest.SucceedsWithGoodValues(1)" methodname="SucceedsWithGoodValues" classname="NUnit.Framework.Constraints.ConstraintTestBase" runstate="Runnable" seed="1885016554" result="Passed" start-time="2017-02-21 11:04:46Z" end-time="2017-02-21 11:04:46Z" duration="0.010434" asserts="0" />
              <test-case id="0-4033" name="SucceedsWithGoodValues(&quot;a&quot;)" fullname="NUnit.Framework.Constraints.XmlSerializableTest.SucceedsWithGoodValues(&quot;a&quot;)" methodname="SucceedsWithGoodValues" classname="NUnit.Framework.Constraints.ConstraintTestBase" runstate="Runnable" seed="546317643" result="Passed" start-time="2017-02-21 11:04:46Z" end-time="2017-02-21 11:04:46Z" duration="0.004441" asserts="0" />
              <test-case id="0-4034" name="SucceedsWithGoodValues(System.Collections.Generic.List`1[System.String])" fullname="NUnit.Framework.Constraints.XmlSerializableTest.SucceedsWithGoodValues(System.Collections.Generic.List`1[System.String])" methodname="SucceedsWithGoodValues" classname="NUnit.Framework.Constraints.ConstraintTestBase" runstate="Runnable" seed="1976013688" result="Passed" start-time="2017-02-21 11:04:46Z" end-time="2017-02-21 11:04:47Z" duration="0.135370" asserts="0" />
            </test-suite>
          </test-suite>
          <test-suite type="TestSuite" id="0-5530" name="Tests" fullname="NUnit.Framework.Constraints.Tests" runstate="Runnable" testcasecount="9" result="Passed" start-time="2017-02-21 11:04:43Z" end-time="2017-02-21 11:04:47Z" duration="4.274862" total="9" passed="8" failed="0" warnings="0" inconclusive="0" skipped="1" asserts="8">
            <test-suite type="TestFixture" id="0-2787" name="AsyncDelayedConstraintTests" fullname="NUnit.Framework.Constraints.Tests.AsyncDelayedConstraintTests" classname="NUnit.Framework.Constraints.Tests.AsyncDelayedConstraintTests" runstate="Runnable" testcasecount="9" result="Passed" start-time="2017-02-21 11:04:46Z" end-time="2017-02-21 11:04:47Z" duration="0.851182" total="9" passed="8" failed="0" warnings="0" inconclusive="0" skipped="1" asserts="8">
              <test-case id="0-2790" name="ConstraintError" fullname="NUnit.Framework.Constraints.Tests.AsyncDelayedConstraintTests.ConstraintError" methodname="ConstraintError" classname="NUnit.Framework.Constraints.Tests.AsyncDelayedConstraintTests" runstate="Runnable" seed="1299844825" result="Passed" start-time="2017-02-21 11:04:46Z" end-time="2017-02-21 11:04:46Z" duration="0.103753" asserts="1" />
              <test-case id="0-2789" name="ConstraintFailure" fullname="NUnit.Framework.Constraints.Tests.AsyncDelayedConstraintTests.ConstraintFailure" methodname="ConstraintFailure" classname="NUnit.Framework.Constraints.Tests.AsyncDelayedConstraintTests" runstate="Runnable" seed="2101408867" result="Passed" start-time="2017-02-21 11:04:46Z" end-time="2017-02-21 11:04:46Z" duration="0.104022" asserts="1" />
              <test-case id="0-2788" name="ConstraintSuccess" fullname="NUnit.Framework.Constraints.Tests.AsyncDelayedConstraintTests.ConstraintSuccess" methodname="ConstraintSuccess" classname="NUnit.Framework.Constraints.Tests.AsyncDelayedConstraintTests" runstate="Runnable" seed="1733160489" result="Passed" start-time="2017-02-21 11:04:46Z" end-time="2017-02-21 11:04:46Z" duration="0.102572" asserts="1" />
              <test-case id="0-2792" name="ConstraintVoidDelegateExceptionIsFailureAsDelegateIsNotCalled" fullname="NUnit.Framework.Constraints.Tests.AsyncDelayedConstraintTests.ConstraintVoidDelegateExceptionIsFailureAsDelegateIsNotCalled" methodname="ConstraintVoidDelegateExceptionIsFailureAsDelegateIsNotCalled" classname="NUnit.Framework.Constraints.Tests.AsyncDelayedConstraintTests" runstate="Runnable" seed="124617243" result="Passed" start-time="2017-02-21 11:04:46Z" end-time="2017-02-21 11:04:47Z" duration="0.101564" asserts="1" />
              <test-case id="0-2791" name="ConstraintVoidDelegateFailureAsDelegateIsNotCalled" fullname="NUnit.Framework.Constraints.Tests.AsyncDelayedConstraintTests.ConstraintVoidDelegateFailureAsDelegateIsNotCalled" methodname="ConstraintVoidDelegateFailureAsDelegateIsNotCalled" classname="NUnit.Framework.Constraints.Tests.AsyncDelayedConstraintTests" runstate="Runnable" seed="1051243600" result="Passed" start-time="2017-02-21 11:04:47Z" end-time="2017-02-21 11:04:47Z" duration="0.100349" asserts="1" />
              <test-case id="0-2795" name="SyntaxError" fullname="NUnit.Framework.Constraints.Tests.AsyncDelayedConstraintTests.SyntaxError" methodname="SyntaxError" classname="NUnit.Framework.Constraints.Tests.AsyncDelayedConstraintTests" runstate="Skipped" seed="1382228198" result="Skipped" start-time="2017-02-21 11:04:47Z" end-time="2017-02-21 11:04:47Z" duration="0.000010" asserts="0">
                <properties>
                  <property name="_SKIPREASON" value="Not supported on Linux" />
                </properties>
                <reason>
                  <message><![CDATA[Not supported on Linux]]></message>
                </reason>
              </test-case>
              <test-case id="0-2794" name="SyntaxFailure" fullname="NUnit.Framework.Constraints.Tests.AsyncDelayedConstraintTests.SyntaxFailure" methodname="SyntaxFailure" classname="NUnit.Framework.Constraints.Tests.AsyncDelayedConstraintTests" runstate="Runnable" seed="363858231" result="Passed" start-time="2017-02-21 11:04:47Z" end-time="2017-02-21 11:04:47Z" duration="0.106393" asserts="1" />
              <test-case id="0-2793" name="SyntaxSuccess" fullname="NUnit.Framework.Constraints.Tests.AsyncDelayedConstraintTests.SyntaxSuccess" methodname="SyntaxSuccess" classname="NUnit.Framework.Constraints.Tests.AsyncDelayedConstraintTests" runstate="Runnable" seed="807910324" result="Passed" start-time="2017-02-21 11:04:47Z" end-time="2017-02-21 11:04:47Z" duration="0.102244" asserts="1" />
              <test-case id="0-2796" name="SyntaxVoidDelegateExceptionIsFailureAsCodeIsNotCalled" fullname="NUnit.Framework.Constraints.Tests.AsyncDelayedConstraintTests.SyntaxVoidDelegateExceptionIsFailureAsCodeIsNotCalled" methodname="SyntaxVoidDelegateExceptionIsFailureAsCodeIsNotCalled" classname="NUnit.Framework.Constraints.Tests.AsyncDelayedConstraintTests" runstate="Runnable" seed="1803147536" result="Passed" start-time="2017-02-21 11:04:47Z" end-time="2017-02-21 11:04:47Z" duration="0.104627" asserts="1" />
            </test-suite>
          </test-suite>
          <test-suite type="TestFixture" id="0-3008" name="DelayedConstraintTests" fullname="NUnit.Framework.Constraints.DelayedConstraintTests" classname="NUnit.Framework.Constraints.DelayedConstraintTests" runstate="Runnable" testcasecount="22" result="Passed" start-time="2017-02-21 11:05:02Z" end-time="2017-02-21 11:05:08Z" duration="5.993904" total="22" passed="22" failed="0" warnings="0" inconclusive="0" skipped="0" asserts="30">
            <properties>
              <property name="ParallelScope" value="None" />
            </properties>
            <test-case id="0-3019" name="CanTestContentsOfDelegateReturningList" fullname="NUnit.Framework.Constraints.DelayedConstraintTests.CanTestContentsOfDelegateReturningList" methodname="CanTestContentsOfDelegateReturningList" classname="NUnit.Framework.Constraints.DelayedConstraintTests" runstate="Runnable" seed="343158006" result="Passed" start-time="2017-02-21 11:05:02Z" end-time="2017-02-21 11:05:02Z" duration="0.050938" asserts="1" />
            <test-case id="0-3018" name="CanTestContentsOfList" fullname="NUnit.Framework.Constraints.DelayedConstraintTests.CanTestContentsOfList" methodname="CanTestContentsOfList" classname="NUnit.Framework.Constraints.DelayedConstraintTests" runstate="Runnable" seed="1543638679" result="Passed" start-time="2017-02-21 11:05:02Z" end-time="2017-02-21 11:05:02Z" duration="0.050578" asserts="1" />
            <test-case id="0-3020" name="CanTestInitiallyNullDelegate" fullname="NUnit.Framework.Constraints.DelayedConstraintTests.CanTestInitiallyNullDelegate" methodname="CanTestInitiallyNullDelegate" classname="NUnit.Framework.Constraints.DelayedConstraintTests" runstate="Runnable" seed="667131435" result="Passed" start-time="2017-02-21 11:05:02Z" end-time="2017-02-21 11:05:02Z" duration="0.100757" asserts="1" />
            <test-suite type="ParameterizedMethod" id="0-3013" name="FailsWithBadDelegates" fullname="NUnit.Framework.Constraints.DelayedConstraintTests.FailsWithBadDelegates" classname="NUnit.Framework.Constraints.DelayedConstraintTests" runstate="Runnable" testcasecount="2" result="Passed" start-time="2017-02-21 11:05:02Z" end-time="2017-02-21 11:05:03Z" duration="1.006315" total="2" passed="2" failed="0" warnings="0" inconclusive="0" skipped="0" asserts="2">
              <test-case id="0-3011" name="FailsWithBadDelegates(NUnit.Framework.Constraints.ActualValueDelegate`1[System.Object])" fullname="NUnit.Framework.Constraints.DelayedConstraintTests.FailsWithBadDelegates(NUnit.Framework.Constraints.ActualValueDelegate`1[System.Object])" methodname="FailsWithBadDelegates" classname="NUnit.Framework.Constraints.DelayedConstraintTests" runstate="Runnable" seed="504412596" result="Passed" start-time="2017-02-21 11:05:02Z" end-time="2017-02-21 11:05:03Z" duration="0.500451" asserts="1" />
              <test-case id="0-3012" name="FailsWithBadDelegates(NUnit.Framework.Constraints.ActualValueDelegate`1[System.Object])" fullname="NUnit.Framework.Constraints.DelayedConstraintTests.FailsWithBadDelegates(NUnit.Framework.Constraints.ActualValueDelegate`1[System.Object])" methodname="FailsWithBadDelegates" classname="NUnit.Framework.Constraints.DelayedConstraintTests" runstate="Runnable" seed="1869900022" result="Passed" start-time="2017-02-21 11:05:03Z" end-time="2017-02-21 11:05:03Z" duration="0.500380" asserts="1" />
            </test-suite>
            <test-suite type="ParameterizedMethod" id="0-3032" name="FailsWithBadValues" fullname="NUnit.Framework.Constraints.DelayedConstraintTests.FailsWithBadValues" classname="NUnit.Framework.Constraints.ConstraintTestBase" runstate="Runnable" testcasecount="3" result="Passed" start-time="2017-02-21 11:05:03Z" end-time="2017-02-21 11:05:05Z" duration="1.508779" total="3" passed="3" failed="0" warnings="0" inconclusive="0" skipped="0" asserts="6">
              <test-case id="0-3029" name="FailsWithBadValues(False,&quot;False&quot;)" fullname="NUnit.Framework.Constraints.DelayedConstraintTests.FailsWithBadValues(False,&quot;False&quot;)" methodname="FailsWithBadValues" classname="NUnit.Framework.Constraints.ConstraintTestBase" runstate="Runnable" seed="1921709013" result="Passed" start-time="2017-02-21 11:05:03Z" end-time="2017-02-21 11:05:04Z" duration="0.500268" asserts="2" />
              <test-case id="0-3030" name="FailsWithBadValues(0,&quot;0&quot;)" fullname="NUnit.Framework.Constraints.DelayedConstraintTests.FailsWithBadValues(0,&quot;0&quot;)" methodname="FailsWithBadValues" classname="NUnit.Framework.Constraints.ConstraintTestBase" runstate="Runnable" seed="1010696403" result="Passed" start-time="2017-02-21 11:05:04Z" end-time="2017-02-21 11:05:04Z" duration="0.500268" asserts="2" />
              <test-case id="0-3031" name="FailsWithBadValues(null,&quot;null&quot;)" fullname="NUnit.Framework.Constraints.DelayedConstraintTests.FailsWithBadValues(null,&quot;null&quot;)" methodname="FailsWithBadValues" classname="NUnit.Framework.Constraints.ConstraintTestBase" runstate="Runnable" seed="591514225" result="Passed" start-time="2017-02-21 11:05:04Z" end-time="2017-02-21 11:05:05Z" duration="0.500250" asserts="2" />
            </test-suite>
            <test-case id="0-3033" name="ProvidesProperDescription" fullname="NUnit.Framework.Constraints.DelayedConstraintTests.ProvidesProperDescription" methodname="ProvidesProperDescription" classname="NUnit.Framework.Constraints.ConstraintTestBaseNoData" runstate="Runnable" seed="46225205" result="Passed" start-time="2017-02-21 11:05:05Z" end-time="2017-02-21 11:05:05Z" duration="0.000071" asserts="1" />
            <test-case id="0-3034" name="ProvidesProperStringRepresentation" fullname="NUnit.Framework.Constraints.DelayedConstraintTests.ProvidesProperStringRepresentation" methodname="ProvidesProperStringRepresentation" classname="NUnit.Framework.Constraints.ConstraintTestBaseNoData" runstate="Runnable" seed="706311708" result="Passed" start-time="2017-02-21 11:05:05Z" end-time="2017-02-21 11:05:05Z" duration="0.000116" asserts="1" />
            <test-case id="0-3014" name="SimpleTest" fullname="NUnit.Framework.Constraints.DelayedConstraintTests.SimpleTest" methodname="SimpleTest" classname="NUnit.Framework.Constraints.DelayedConstraintTests" runstate="Runnable" seed="467589242" result="Passed" start-time="2017-02-21 11:05:05Z" end-time="2017-02-21 11:05:05Z" duration="0.100746" asserts="1" />
            <test-case id="0-3015" name="SimpleTestUsingBoolean" fullname="NUnit.Framework.Constraints.DelayedConstraintTests.SimpleTestUsingBoolean" methodname="SimpleTestUsingBoolean" classname="NUnit.Framework.Constraints.DelayedConstraintTests" runstate="Runnable" seed="462962700" result="Passed" start-time="2017-02-21 11:05:05Z" end-time="2017-02-21 11:05:05Z" duration="0.100880" asserts="1" />
            <test-suite type="ParameterizedMethod" id="0-3010" name="SucceedsWithGoodDelegates" fullname="NUnit.Framework.Constraints.DelayedConstraintTests.SucceedsWithGoodDelegates" classname="NUnit.Framework.Constraints.DelayedConstraintTests" runstate="Runnable" testcasecount="1" result="Passed" start-time="2017-02-21 11:05:05Z" end-time="2017-02-21 11:05:06Z" duration="0.503383" total="1" passed="1" failed="0" warnings="0" inconclusive="0" skipped="0" asserts="1">
              <test-case id="0-3009" name="SucceedsWithGoodDelegates(NUnit.Framework.Constraints.ActualValueDelegate`1[System.Object])" fullname="NUnit.Framework.Constraints.DelayedConstraintTests.SucceedsWithGoodDelegates(NUnit.Framework.Constraints.ActualValueDelegate`1[System.Object])" methodname="SucceedsWithGoodDelegates" classname="NUnit.Framework.Constraints.DelayedConstraintTests" runstate="Runnable" seed="382063438" result="Passed" start-time="2017-02-21 11:05:05Z" end-time="2017-02-21 11:05:06Z" duration="0.500552" asserts="1" />
            </test-suite>
            <test-suite type="ParameterizedMethod" id="0-3028" name="SucceedsWithGoodValues" fullname="NUnit.Framework.Constraints.DelayedConstraintTests.SucceedsWithGoodValues" classname="NUnit.Framework.Constraints.ConstraintTestBase" runstate="Runnable" testcasecount="1" result="Passed" start-time="2017-02-21 11:05:06Z" end-time="2017-02-21 11:05:06Z" duration="0.503440" total="1" passed="1" failed="0" warnings="0" inconclusive="0" skipped="0" asserts="0">
              <test-case id="0-3027" name="SucceedsWithGoodValues(True)" fullname="NUnit.Framework.Constraints.DelayedConstraintTests.SucceedsWithGoodValues(True)" methodname="SucceedsWithGoodValues" classname="NUnit.Framework.Constraints.ConstraintTestBase" runstate="Runnable" seed="2099750414" result="Passed" start-time="2017-02-21 11:05:06Z" end-time="2017-02-21 11:05:06Z" duration="0.500255" asserts="0" />
            </test-suite>
            <test-case id="0-3023" name="ThatBlockingDelegateWhichFailsWithoutPolling_FailsAfterDelay" fullname="NUnit.Framework.Constraints.DelayedConstraintTests.ThatBlockingDelegateWhichFailsWithoutPolling_FailsAfterDelay" methodname="ThatBlockingDelegateWhichFailsWithoutPolling_FailsAfterDelay" classname="NUnit.Framework.Constraints.DelayedConstraintTests" runstate="Runnable" seed="798017072" result="Passed" start-time="2017-02-21 11:05:06Z" end-time="2017-02-21 11:05:07Z" duration="0.403678" asserts="2" />
            <test-case id="0-3024" name="ThatBlockingDelegateWhichFailsWithPolling_FailsAfterDelay" fullname="NUnit.Framework.Constraints.DelayedConstraintTests.ThatBlockingDelegateWhichFailsWithPolling_FailsAfterDelay" methodname="ThatBlockingDelegateWhichFailsWithPolling_FailsAfterDelay" classname="NUnit.Framework.Constraints.DelayedConstraintTests" runstate="Runnable" seed="285804859" result="Passed" start-time="2017-02-21 11:05:07Z" end-time="2017-02-21 11:05:07Z" duration="0.452957" asserts="2" />
            <test-case id="0-3021" name="ThatBlockingDelegateWhichSucceedsWithoutPolling_ReturnsAfterDelay" fullname="NUnit.Framework.Constraints.DelayedConstraintTests.ThatBlockingDelegateWhichSucceedsWithoutPolling_ReturnsAfterDelay" methodname="ThatBlockingDelegateWhichSucceedsWithoutPolling_ReturnsAfterDelay" classname="NUnit.Framework.Constraints.DelayedConstraintTests" runstate="Runnable" seed="1042124317" result="Passed" start-time="2017-02-21 11:05:07Z" end-time="2017-02-21 11:05:07Z" duration="0.399979" asserts="2" />
            <test-case id="0-3022" name="ThatBlockingDelegateWhichSucceedsWithPolling_ReturnsEarly" fullname="NUnit.Framework.Constraints.DelayedConstraintTests.ThatBlockingDelegateWhichSucceedsWithPolling_ReturnsEarly" methodname="ThatBlockingDelegateWhichSucceedsWithPolling_ReturnsEarly" classname="NUnit.Framework.Constraints.DelayedConstraintTests" runstate="Runnable" seed="200596136" result="Passed" start-time="2017-02-21 11:05:07Z" end-time="2017-02-21 11:05:08Z" duration="0.149770" asserts="2" />
            <test-case id="0-3025" name="ThatBlockingDelegateWhichThrowsWithoutPolling_FailsAfterDelay" fullname="NUnit.Framework.Constraints.DelayedConstraintTests.ThatBlockingDelegateWhichThrowsWithoutPolling_FailsAfterDelay" methodname="ThatBlockingDelegateWhichThrowsWithoutPolling_FailsAfterDelay" classname="NUnit.Framework.Constraints.DelayedConstraintTests" runstate="Runnable" seed="1254918719" result="Passed" start-time="2017-02-21 11:05:08Z" end-time="2017-02-21 11:05:08Z" duration="0.307993" asserts="2" />
            <test-case id="0-3026" name="ThatBlockingDelegateWhichThrowsWithPolling_FailsAfterDelay" fullname="NUnit.Framework.Constraints.DelayedConstraintTests.ThatBlockingDelegateWhichThrowsWithPolling_FailsAfterDelay" methodname="ThatBlockingDelegateWhichThrowsWithPolling_FailsAfterDelay" classname="NUnit.Framework.Constraints.DelayedConstraintTests" runstate="Runnable" seed="1024841341" result="Passed" start-time="2017-02-21 11:05:08Z" end-time="2017-02-21 11:05:08Z" duration="0.304270" asserts="2" />
            <test-case id="0-3017" name="ThatOverload_DoesNotAcceptNegativeDelayValues" fullname="NUnit.Framework.Constraints.DelayedConstraintTests.ThatOverload_DoesNotAcceptNegativeDelayValues" methodname="ThatOverload_DoesNotAcceptNegativeDelayValues" classname="NUnit.Framework.Constraints.DelayedConstraintTests" runstate="Runnable" seed="1316523840" result="Passed" start-time="2017-02-21 11:05:08Z" end-time="2017-02-21 11:05:08Z" duration="0.000487" asserts="1" />
            <test-case id="0-3016" name="ThatOverload_ZeroDelayIsAllowed" fullname="NUnit.Framework.Constraints.DelayedConstraintTests.ThatOverload_ZeroDelayIsAllowed" methodname="ThatOverload_ZeroDelayIsAllowed" classname="NUnit.Framework.Constraints.DelayedConstraintTests" runstate="Runnable" seed="616093169" result="Passed" start-time="2017-02-21 11:05:08Z" end-time="2017-02-21 11:05:08Z" duration="0.000223" asserts="1" />
          </test-suite>
        </test-suite>
        <test-suite type="TestSuite" id="0-5522" name="Syntax" fullname="NUnit.Framework.Syntax" runstate="Runnable" testcasecount="330" result="Passed" start-time="2017-02-21 11:04:43Z" end-time="2017-02-21 11:05:08Z" duration="25.437022" total="330" passed="330" failed="0" warnings="0" inconclusive="0" skipped="0" asserts="473">
          <test-suite type="TestFixture" id="0-5081" name="AfterMillisecondsTest_SimpleConstraint" fullname="NUnit.Framework.Syntax.AfterMillisecondsTest_SimpleConstraint" classname="NUnit.Framework.Syntax.AfterMillisecondsTest_SimpleConstraint" runstate="Runnable" testcasecount="2" result="Passed" start-time="2017-02-21 11:04:48Z" end-time="2017-02-21 11:04:48Z" duration="0.007371" total="2" passed="2" failed="0" warnings="0" inconclusive="0" skipped="0" asserts="2">
            <test-case id="0-5083" name="SupportedByConstraintBuilder" fullname="NUnit.Framework.Syntax.AfterMillisecondsTest_SimpleConstraint.SupportedByConstraintBuilder" methodname="SupportedByConstraintBuilder" classname="NUnit.Framework.Syntax.SyntaxTest" runstate="Runnable" seed="788608304" result="Passed" start-time="2017-02-21 11:04:48Z" end-time="2017-02-21 11:04:48Z" duration="0.000853" asserts="1" />
            <test-case id="0-5082" name="SupportedByStaticSyntax" fullname="NUnit.Framework.Syntax.AfterMillisecondsTest_SimpleConstraint.SupportedByStaticSyntax" methodname="SupportedByStaticSyntax" classname="NUnit.Framework.Syntax.SyntaxTest" runstate="Runnable" seed="288401228" result="Passed" start-time="2017-02-21 11:04:48Z" end-time="2017-02-21 11:04:48Z" duration="0.000203" asserts="1" />
          </test-suite>
          <test-suite type="TestFixture" id="0-5075" name="AfterMinutesTest_SimpleConstraint" fullname="NUnit.Framework.Syntax.AfterMinutesTest_SimpleConstraint" classname="NUnit.Framework.Syntax.AfterMinutesTest_SimpleConstraint" runstate="Runnable" testcasecount="2" result="Passed" start-time="2017-02-21 11:04:48Z" end-time="2017-02-21 11:04:48Z" duration="0.005985" total="2" passed="2" failed="0" warnings="0" inconclusive="0" skipped="0" asserts="2">
            <test-case id="0-5077" name="SupportedByConstraintBuilder" fullname="NUnit.Framework.Syntax.AfterMinutesTest_SimpleConstraint.SupportedByConstraintBuilder" methodname="SupportedByConstraintBuilder" classname="NUnit.Framework.Syntax.SyntaxTest" runstate="Runnable" seed="1828759281" result="Passed" start-time="2017-02-21 11:04:48Z" end-time="2017-02-21 11:04:48Z" duration="0.000386" asserts="1" />
            <test-case id="0-5076" name="SupportedByStaticSyntax" fullname="NUnit.Framework.Syntax.AfterMinutesTest_SimpleConstraint.SupportedByStaticSyntax" methodname="SupportedByStaticSyntax" classname="NUnit.Framework.Syntax.SyntaxTest" runstate="Runnable" seed="1646095193" result="Passed" start-time="2017-02-21 11:04:48Z" end-time="2017-02-21 11:04:48Z" duration="0.000359" asserts="1" />
          </test-suite>
          <test-suite type="TestFixture" id="0-5078" name="AfterSecondsTest_SimpleConstraint" fullname="NUnit.Framework.Syntax.AfterSecondsTest_SimpleConstraint" classname="NUnit.Framework.Syntax.AfterSecondsTest_SimpleConstraint" runstate="Runnable" testcasecount="2" result="Passed" start-time="2017-02-21 11:04:48Z" end-time="2017-02-21 11:04:48Z" duration="0.018816" total="2" passed="2" failed="0" warnings="0" inconclusive="0" skipped="0" asserts="2">
            <test-case id="0-5080" name="SupportedByConstraintBuilder" fullname="NUnit.Framework.Syntax.AfterSecondsTest_SimpleConstraint.SupportedByConstraintBuilder" methodname="SupportedByConstraintBuilder" classname="NUnit.Framework.Syntax.SyntaxTest" runstate="Runnable" seed="1261705559" result="Passed" start-time="2017-02-21 11:04:48Z" end-time="2017-02-21 11:04:48Z" duration="0.000640" asserts="1" />
            <test-case id="0-5079" name="SupportedByStaticSyntax" fullname="NUnit.Framework.Syntax.AfterSecondsTest_SimpleConstraint.SupportedByStaticSyntax" methodname="SupportedByStaticSyntax" classname="NUnit.Framework.Syntax.SyntaxTest" runstate="Runnable" seed="1595696563" result="Passed" start-time="2017-02-21 11:04:48Z" end-time="2017-02-21 11:04:48Z" duration="0.000957" asserts="1" />
          </test-suite>
          <test-suite type="TestFixture" id="0-5087" name="AfterTest_AndOperator" fullname="NUnit.Framework.Syntax.AfterTest_AndOperator" classname="NUnit.Framework.Syntax.AfterTest_AndOperator" runstate="Runnable" testcasecount="2" result="Passed" start-time="2017-02-21 11:04:49Z" end-time="2017-02-21 11:04:49Z" duration="0.005402" total="2" passed="2" failed="0" warnings="0" inconclusive="0" skipped="0" asserts="2">
            <test-case id="0-5089" name="SupportedByConstraintBuilder" fullname="NUnit.Framework.Syntax.AfterTest_AndOperator.SupportedByConstraintBuilder" methodname="SupportedByConstraintBuilder" classname="NUnit.Framework.Syntax.SyntaxTest" runstate="Runnable" seed="620090750" result="Passed" start-time="2017-02-21 11:04:49Z" end-time="2017-02-21 11:04:49Z" duration="0.000244" asserts="1" />
            <test-case id="0-5088" name="SupportedByStaticSyntax" fullname="NUnit.Framework.Syntax.AfterTest_AndOperator.SupportedByStaticSyntax" methodname="SupportedByStaticSyntax" classname="NUnit.Framework.Syntax.SyntaxTest" runstate="Runnable" seed="2124892143" result="Passed" start-time="2017-02-21 11:04:49Z" end-time="2017-02-21 11:04:49Z" duration="0.000070" asserts="1" />
          </test-suite>
          <test-suite type="TestFixture" id="0-5084" name="AfterTest_PropertyTest" fullname="NUnit.Framework.Syntax.AfterTest_PropertyTest" classname="NUnit.Framework.Syntax.AfterTest_PropertyTest" runstate="Runnable" testcasecount="2" result="Passed" start-time="2017-02-21 11:04:49Z" end-time="2017-02-21 11:04:49Z" duration="0.006676" total="2" passed="2" failed="0" warnings="0" inconclusive="0" skipped="0" asserts="2">
            <test-case id="0-5086" name="SupportedByConstraintBuilder" fullname="NUnit.Framework.Syntax.AfterTest_PropertyTest.SupportedByConstraintBuilder" methodname="SupportedByConstraintBuilder" classname="NUnit.Framework.Syntax.SyntaxTest" runstate="Runnable" seed="975041035" result="Passed" start-time="2017-02-21 11:04:49Z" end-time="2017-02-21 11:04:49Z" duration="0.000317" asserts="1" />
            <test-case id="0-5085" name="SupportedByStaticSyntax" fullname="NUnit.Framework.Syntax.AfterTest_PropertyTest.SupportedByStaticSyntax" methodname="SupportedByStaticSyntax" classname="NUnit.Framework.Syntax.SyntaxTest" runstate="Runnable" seed="1494737322" result="Passed" start-time="2017-02-21 11:04:49Z" end-time="2017-02-21 11:04:49Z" duration="0.000065" asserts="1" />
          </test-suite>
          <test-suite type="TestFixture" id="0-5072" name="AfterTest_SimpleConstraint" fullname="NUnit.Framework.Syntax.AfterTest_SimpleConstraint" classname="NUnit.Framework.Syntax.AfterTest_SimpleConstraint" runstate="Runnable" testcasecount="2" result="Passed" start-time="2017-02-21 11:04:49Z" end-time="2017-02-21 11:04:49Z" duration="0.005793" total="2" passed="2" failed="0" warnings="0" inconclusive="0" skipped="0" asserts="2">
            <test-case id="0-5074" name="SupportedByConstraintBuilder" fullname="NUnit.Framework.Syntax.AfterTest_SimpleConstraint.SupportedByConstraintBuilder" methodname="SupportedByConstraintBuilder" classname="NUnit.Framework.Syntax.SyntaxTest" runstate="Runnable" seed="1614715829" result="Passed" start-time="2017-02-21 11:04:49Z" end-time="2017-02-21 11:04:49Z" duration="0.000199" asserts="1" />
            <test-case id="0-5073" name="SupportedByStaticSyntax" fullname="NUnit.Framework.Syntax.AfterTest_SimpleConstraint.SupportedByStaticSyntax" methodname="SupportedByStaticSyntax" classname="NUnit.Framework.Syntax.SyntaxTest" runstate="Runnable" seed="352465848" result="Passed" start-time="2017-02-21 11:04:49Z" end-time="2017-02-21 11:04:49Z" duration="0.000061" asserts="1" />
          </test-suite>
          <test-suite type="TestFixture" id="0-5215" name="AllTest" fullname="NUnit.Framework.Syntax.AllTest" classname="NUnit.Framework.Syntax.AllTest" runstate="Runnable" testcasecount="2" result="Passed" start-time="2017-02-21 11:04:49Z" end-time="2017-02-21 11:04:49Z" duration="0.008206" total="2" passed="2" failed="0" warnings="0" inconclusive="0" skipped="0" asserts="2">
            <test-case id="0-5217" name="SupportedByConstraintBuilder" fullname="NUnit.Framework.Syntax.AllTest.SupportedByConstraintBuilder" methodname="SupportedByConstraintBuilder" classname="NUnit.Framework.Syntax.SyntaxTest" runstate="Runnable" seed="1451955225" result="Passed" start-time="2017-02-21 11:04:49Z" end-time="2017-02-21 11:04:49Z" duration="0.000290" asserts="1" />
            <test-case id="0-5216" name="SupportedByStaticSyntax" fullname="NUnit.Framework.Syntax.AllTest.SupportedByStaticSyntax" methodname="SupportedByStaticSyntax" classname="NUnit.Framework.Syntax.SyntaxTest" runstate="Runnable" seed="1202190244" result="Passed" start-time="2017-02-21 11:04:49Z" end-time="2017-02-21 11:04:49Z" duration="0.000082" asserts="1" />
          </test-suite>
          <test-suite type="TestFixture" id="0-5257" name="AndIsEvaluatedBeforeFollowingOr" fullname="NUnit.Framework.Syntax.AndIsEvaluatedBeforeFollowingOr" classname="NUnit.Framework.Syntax.AndIsEvaluatedBeforeFollowingOr" runstate="Runnable" testcasecount="2" result="Passed" start-time="2017-02-21 11:04:49Z" end-time="2017-02-21 11:04:49Z" duration="0.005959" total="2" passed="2" failed="0" warnings="0" inconclusive="0" skipped="0" asserts="2">
            <test-case id="0-5259" name="SupportedByConstraintBuilder" fullname="NUnit.Framework.Syntax.AndIsEvaluatedBeforeFollowingOr.SupportedByConstraintBuilder" methodname="SupportedByConstraintBuilder" classname="NUnit.Framework.Syntax.SyntaxTest" runstate="Runnable" seed="667928511" result="Passed" start-time="2017-02-21 11:04:49Z" end-time="2017-02-21 11:04:49Z" duration="0.000376" asserts="1" />
            <test-case id="0-5258" name="SupportedByStaticSyntax" fullname="NUnit.Framework.Syntax.AndIsEvaluatedBeforeFollowingOr.SupportedByStaticSyntax" methodname="SupportedByStaticSyntax" classname="NUnit.Framework.Syntax.SyntaxTest" runstate="Runnable" seed="1594716854" result="Passed" start-time="2017-02-21 11:04:49Z" end-time="2017-02-21 11:04:49Z" duration="0.000147" asserts="1" />
          </test-suite>
          <test-suite type="TestFixture" id="0-5260" name="AndIsEvaluatedBeforePrecedingOr" fullname="NUnit.Framework.Syntax.AndIsEvaluatedBeforePrecedingOr" classname="NUnit.Framework.Syntax.AndIsEvaluatedBeforePrecedingOr" runstate="Runnable" testcasecount="2" result="Passed" start-time="2017-02-21 11:04:49Z" end-time="2017-02-21 11:04:49Z" duration="0.005820" total="2" passed="2" failed="0" warnings="0" inconclusive="0" skipped="0" asserts="2">
            <test-case id="0-5262" name="SupportedByConstraintBuilder" fullname="NUnit.Framework.Syntax.AndIsEvaluatedBeforePrecedingOr.SupportedByConstraintBuilder" methodname="SupportedByConstraintBuilder" classname="NUnit.Framework.Syntax.SyntaxTest" runstate="Runnable" seed="1826182798" result="Passed" start-time="2017-02-21 11:04:49Z" end-time="2017-02-21 11:04:49Z" duration="0.000451" asserts="1" />
            <test-case id="0-5261" name="SupportedByStaticSyntax" fullname="NUnit.Framework.Syntax.AndIsEvaluatedBeforePrecedingOr.SupportedByStaticSyntax" methodname="SupportedByStaticSyntax" classname="NUnit.Framework.Syntax.SyntaxTest" runstate="Runnable" seed="1475011114" result="Passed" start-time="2017-02-21 11:04:49Z" end-time="2017-02-21 11:04:49Z" duration="0.000093" asserts="1" />
          </test-suite>
          <test-suite type="TestFixture" id="0-5201" name="AndOperatorOverride" fullname="NUnit.Framework.Syntax.AndOperatorOverride" classname="NUnit.Framework.Syntax.AndOperatorOverride" runstate="Runnable" testcasecount="2" result="Passed" start-time="2017-02-21 11:04:49Z" end-time="2017-02-21 11:04:49Z" duration="0.005867" total="2" passed="2" failed="0" warnings="0" inconclusive="0" skipped="0" asserts="2">
            <test-case id="0-5203" name="SupportedByConstraintBuilder" fullname="NUnit.Framework.Syntax.AndOperatorOverride.SupportedByConstraintBuilder" methodname="SupportedByConstraintBuilder" classname="NUnit.Framework.Syntax.SyntaxTest" runstate="Runnable" seed="1003850012" result="Passed" start-time="2017-02-21 11:04:49Z" end-time="2017-02-21 11:04:49Z" duration="0.000300" asserts="1" />
            <test-case id="0-5202" name="SupportedByStaticSyntax" fullname="NUnit.Framework.Syntax.AndOperatorOverride.SupportedByStaticSyntax" methodname="SupportedByStaticSyntax" classname="NUnit.Framework.Syntax.SyntaxTest" runstate="Runnable" seed="1966730533" result="Passed" start-time="2017-02-21 11:04:49Z" end-time="2017-02-21 11:04:49Z" duration="0.000095" asserts="1" />
          </test-suite>
          <test-suite type="TestFixture" id="0-5245" name="AndTest" fullname="NUnit.Framework.Syntax.AndTest" classname="NUnit.Framework.Syntax.AndTest" runstate="Runnable" testcasecount="2" result="Passed" start-time="2017-02-21 11:04:49Z" end-time="2017-02-21 11:04:49Z" duration="0.007343" total="2" passed="2" failed="0" warnings="0" inconclusive="0" skipped="0" asserts="2">
            <test-case id="0-5247" name="SupportedByConstraintBuilder" fullname="NUnit.Framework.Syntax.AndTest.SupportedByConstraintBuilder" methodname="SupportedByConstraintBuilder" classname="NUnit.Framework.Syntax.SyntaxTest" runstate="Runnable" seed="1311383141" result="Passed" start-time="2017-02-21 11:04:49Z" end-time="2017-02-21 11:04:49Z" duration="0.000255" asserts="1" />
            <test-case id="0-5246" name="SupportedByStaticSyntax" fullname="NUnit.Framework.Syntax.AndTest.SupportedByStaticSyntax" methodname="SupportedByStaticSyntax" classname="NUnit.Framework.Syntax.SyntaxTest" runstate="Runnable" seed="757362778" result="Passed" start-time="2017-02-21 11:04:49Z" end-time="2017-02-21 11:04:49Z" duration="0.000081" asserts="1" />
          </test-suite>
          <test-suite type="TestFixture" id="0-5248" name="AndTest_ThreeAndsWithNot" fullname="NUnit.Framework.Syntax.AndTest_ThreeAndsWithNot" classname="NUnit.Framework.Syntax.AndTest_ThreeAndsWithNot" runstate="Runnable" testcasecount="2" result="Passed" start-time="2017-02-21 11:04:49Z" end-time="2017-02-21 11:04:49Z" duration="0.005487" total="2" passed="2" failed="0" warnings="0" inconclusive="0" skipped="0" asserts="2">
            <test-case id="0-5250" name="SupportedByConstraintBuilder" fullname="NUnit.Framework.Syntax.AndTest_ThreeAndsWithNot.SupportedByConstraintBuilder" methodname="SupportedByConstraintBuilder" classname="NUnit.Framework.Syntax.SyntaxTest" runstate="Runnable" seed="257258073" result="Passed" start-time="2017-02-21 11:04:49Z" end-time="2017-02-21 11:04:49Z" duration="0.000285" asserts="1" />
            <test-case id="0-5249" name="SupportedByStaticSyntax" fullname="NUnit.Framework.Syntax.AndTest_ThreeAndsWithNot.SupportedByStaticSyntax" methodname="SupportedByStaticSyntax" classname="NUnit.Framework.Syntax.SyntaxTest" runstate="Runnable" seed="1539961039" result="Passed" start-time="2017-02-21 11:04:49Z" end-time="2017-02-21 11:04:49Z" duration="0.000108" asserts="1" />
          </test-suite>
          <test-suite type="TestFixture" id="0-5106" name="ArbitraryConstraintMatching" fullname="NUnit.Framework.Syntax.ArbitraryConstraintMatching" classname="NUnit.Framework.Syntax.ArbitraryConstraintMatching" runstate="Runnable" testcasecount="6" result="Passed" start-time="2017-02-21 11:04:49Z" end-time="2017-02-21 11:04:49Z" duration="0.020970" total="6" passed="6" failed="0" warnings="0" inconclusive="0" skipped="0" asserts="12">
            <test-case id="0-5112" name="ApplyMatchesToProperty" fullname="NUnit.Framework.Syntax.ArbitraryConstraintMatching.ApplyMatchesToProperty" methodname="ApplyMatchesToProperty" classname="NUnit.Framework.Syntax.ArbitraryConstraintMatching" runstate="Runnable" seed="262955104" result="Passed" start-time="2017-02-21 11:04:49Z" end-time="2017-02-21 11:04:49Z" duration="0.001049" asserts="5" />
            <test-case id="0-5107" name="CanMatchCustomConstraint" fullname="NUnit.Framework.Syntax.ArbitraryConstraintMatching.CanMatchCustomConstraint" methodname="CanMatchCustomConstraint" classname="NUnit.Framework.Syntax.ArbitraryConstraintMatching" runstate="Runnable" seed="2111858585" result="Passed" start-time="2017-02-21 11:04:49Z" end-time="2017-02-21 11:04:49Z" duration="0.000250" asserts="1" />
            <test-case id="0-5108" name="CanMatchCustomConstraintAfterPrefix" fullname="NUnit.Framework.Syntax.ArbitraryConstraintMatching.CanMatchCustomConstraintAfterPrefix" methodname="CanMatchCustomConstraintAfterPrefix" classname="NUnit.Framework.Syntax.ArbitraryConstraintMatching" runstate="Runnable" seed="683747691" result="Passed" start-time="2017-02-21 11:04:49Z" end-time="2017-02-21 11:04:49Z" duration="0.000202" asserts="1" />
            <test-case id="0-5109" name="CanMatchCustomConstraintsUnderAndOperator" fullname="NUnit.Framework.Syntax.ArbitraryConstraintMatching.CanMatchCustomConstraintsUnderAndOperator" methodname="CanMatchCustomConstraintsUnderAndOperator" classname="NUnit.Framework.Syntax.ArbitraryConstraintMatching" runstate="Runnable" seed="1933828239" result="Passed" start-time="2017-02-21 11:04:49Z" end-time="2017-02-21 11:04:49Z" duration="0.000228" asserts="1" />
            <test-case id="0-5111" name="CanMatchLambda" fullname="NUnit.Framework.Syntax.ArbitraryConstraintMatching.CanMatchLambda" methodname="CanMatchLambda" classname="NUnit.Framework.Syntax.ArbitraryConstraintMatching" runstate="Runnable" seed="152847798" result="Passed" start-time="2017-02-21 11:04:49Z" end-time="2017-02-21 11:04:49Z" duration="0.000305" asserts="2" />
            <test-case id="0-5110" name="CanMatchPredicate" fullname="NUnit.Framework.Syntax.ArbitraryConstraintMatching.CanMatchPredicate" methodname="CanMatchPredicate" classname="NUnit.Framework.Syntax.ArbitraryConstraintMatching" runstate="Runnable" seed="1352708251" result="Passed" start-time="2017-02-21 11:04:49Z" end-time="2017-02-21 11:04:49Z" duration="0.000593" asserts="2" />
          </test-suite>
          <test-suite type="TestFixture" id="0-1211" name="AssertionHelperTests" fullname="NUnit.Framework.Syntax.AssertionHelperTests" classname="NUnit.Framework.Syntax.AssertionHelperTests" runstate="Runnable" testcasecount="87" result="Passed" start-time="2017-02-21 11:04:49Z" end-time="2017-02-21 11:04:49Z" duration="0.303151" total="87" passed="87" failed="0" warnings="0" inconclusive="0" skipped="0" asserts="203">
            <test-case id="0-1238" name="After" fullname="NUnit.Framework.Syntax.AssertionHelperTests.After" methodname="After" classname="NUnit.Framework.Syntax.AssertionHelperTests" runstate="Runnable" seed="1376478842" result="Passed" start-time="2017-02-21 11:04:49Z" end-time="2017-02-21 11:04:49Z" duration="0.003956" asserts="2" />
            <test-case id="0-1240" name="After_And" fullname="NUnit.Framework.Syntax.AssertionHelperTests.After_And" methodname="After_And" classname="NUnit.Framework.Syntax.AssertionHelperTests" runstate="Runnable" seed="805372994" result="Passed" start-time="2017-02-21 11:04:49Z" end-time="2017-02-21 11:04:49Z" duration="0.000442" asserts="2" />
            <test-case id="0-1239" name="After_Property" fullname="NUnit.Framework.Syntax.AssertionHelperTests.After_Property" methodname="After_Property" classname="NUnit.Framework.Syntax.AssertionHelperTests" runstate="Runnable" seed="977688584" result="Passed" start-time="2017-02-21 11:04:49Z" end-time="2017-02-21 11:04:49Z" duration="0.000382" asserts="2" />
            <test-case id="0-1214" name="AllItems" fullname="NUnit.Framework.Syntax.AssertionHelperTests.AllItems" methodname="AllItems" classname="NUnit.Framework.Syntax.AssertionHelperTests" runstate="Runnable" seed="1340731066" result="Passed" start-time="2017-02-21 11:04:49Z" end-time="2017-02-21 11:04:49Z" duration="0.000413" asserts="3" />
            <test-case id="0-1262" name="AndConstraint" fullname="NUnit.Framework.Syntax.AssertionHelperTests.AndConstraint" methodname="AndConstraint" classname="NUnit.Framework.Syntax.AssertionHelperTests" runstate="Runnable" seed="1420680069" result="Passed" start-time="2017-02-21 11:04:49Z" end-time="2017-02-21 11:04:49Z" duration="0.000318" asserts="3" />
            <test-case id="0-1263" name="AndConstraint_ThreeAndsWithNot" fullname="NUnit.Framework.Syntax.AssertionHelperTests.AndConstraint_ThreeAndsWithNot" methodname="AndConstraint_ThreeAndsWithNot" classname="NUnit.Framework.Syntax.AssertionHelperTests" runstate="Runnable" seed="1290044673" result="Passed" start-time="2017-02-21 11:04:49Z" end-time="2017-02-21 11:04:49Z" duration="0.000374" asserts="3" />
            <test-case id="0-1297" name="AndOperator" fullname="NUnit.Framework.Syntax.AssertionHelperTests.AndOperator" methodname="AndOperator" classname="NUnit.Framework.Syntax.AssertionHelperTests" runstate="Runnable" seed="1703969294" result="Passed" start-time="2017-02-21 11:04:49Z" end-time="2017-02-21 11:04:49Z" duration="0.000300" asserts="2" />
            <test-case id="0-1292" name="AssignableFromTest" fullname="NUnit.Framework.Syntax.AssertionHelperTests.AssignableFromTest" methodname="AssignableFromTest" classname="NUnit.Framework.Syntax.AssertionHelperTests" runstate="Runnable" seed="414149337" result="Passed" start-time="2017-02-21 11:04:49Z" end-time="2017-02-21 11:04:49Z" duration="0.000291" asserts="2" />
            <test-case id="0-1293" name="AssignableFromTest_Generic" fullname="NUnit.Framework.Syntax.AssertionHelperTests.AssignableFromTest_Generic" methodname="AssignableFromTest_Generic" classname="NUnit.Framework.Syntax.AssertionHelperTests" runstate="Runnable" seed="1921584279" result="Passed" start-time="2017-02-21 11:04:49Z" end-time="2017-02-21 11:04:49Z" duration="0.000248" asserts="2" />
            <test-case id="0-1294" name="AssignableToTest" fullname="NUnit.Framework.Syntax.AssertionHelperTests.AssignableToTest" methodname="AssignableToTest" classname="NUnit.Framework.Syntax.AssertionHelperTests" runstate="Runnable" seed="1219415075" result="Passed" start-time="2017-02-21 11:04:49Z" end-time="2017-02-21 11:04:49Z" duration="0.000274" asserts="2" />
            <test-case id="0-1295" name="AssignableToTest_Generic" fullname="NUnit.Framework.Syntax.AssertionHelperTests.AssignableToTest_Generic" methodname="AssignableToTest_Generic" classname="NUnit.Framework.Syntax.AssertionHelperTests" runstate="Runnable" seed="955440469" result="Passed" start-time="2017-02-21 11:04:49Z" end-time="2017-02-21 11:04:49Z" duration="0.000460" asserts="2" />
            <test-case id="0-1255" name="AtLeast" fullname="NUnit.Framework.Syntax.AssertionHelperTests.AtLeast" methodname="AtLeast" classname="NUnit.Framework.Syntax.AssertionHelperTests" runstate="Runnable" seed="212040636" result="Passed" start-time="2017-02-21 11:04:49Z" end-time="2017-02-21 11:04:49Z" duration="0.000642" asserts="2" />
            <test-case id="0-1258" name="AtMost" fullname="NUnit.Framework.Syntax.AssertionHelperTests.AtMost" methodname="AtMost" classname="NUnit.Framework.Syntax.AssertionHelperTests" runstate="Runnable" seed="1573966382" result="Passed" start-time="2017-02-21 11:04:49Z" end-time="2017-02-21 11:04:49Z" duration="0.000467" asserts="2" />
            <test-case id="0-1227" name="AttributeExistsTest" fullname="NUnit.Framework.Syntax.AssertionHelperTests.AttributeExistsTest" methodname="AttributeExistsTest" classname="NUnit.Framework.Syntax.AssertionHelperTests" runstate="Runnable" seed="1859126312" result="Passed" start-time="2017-02-21 11:04:49Z" end-time="2017-02-21 11:04:49Z" duration="0.000513" asserts="3" />
            <test-case id="0-1229" name="AttributeExistsTest_Generic" fullname="NUnit.Framework.Syntax.AssertionHelperTests.AttributeExistsTest_Generic" methodname="AttributeExistsTest_Generic" classname="NUnit.Framework.Syntax.AssertionHelperTests" runstate="Runnable" seed="679261583" result="Passed" start-time="2017-02-21 11:04:49Z" end-time="2017-02-21 11:04:49Z" duration="0.000434" asserts="3" />
            <test-case id="0-1228" name="AttributeTest_FollowedByConstraint" fullname="NUnit.Framework.Syntax.AssertionHelperTests.AttributeTest_FollowedByConstraint" methodname="AttributeTest_FollowedByConstraint" classname="NUnit.Framework.Syntax.AssertionHelperTests" runstate="Runnable" seed="1479895293" result="Passed" start-time="2017-02-21 11:04:49Z" end-time="2017-02-21 11:04:49Z" duration="0.000416" asserts="3" />
            <test-case id="0-1230" name="AttributeTest_FollowedByConstraint_Generic" fullname="NUnit.Framework.Syntax.AssertionHelperTests.AttributeTest_FollowedByConstraint_Generic" methodname="AttributeTest_FollowedByConstraint_Generic" classname="NUnit.Framework.Syntax.AssertionHelperTests" runstate="Runnable" seed="1766035100" result="Passed" start-time="2017-02-21 11:04:49Z" end-time="2017-02-21 11:04:49Z" duration="0.000409" asserts="3" />
            <test-case id="0-1278" name="BinarySerializableConstraint" fullname="NUnit.Framework.Syntax.AssertionHelperTests.BinarySerializableConstraint" methodname="BinarySerializableConstraint" classname="NUnit.Framework.Syntax.AssertionHelperTests" runstate="Runnable" seed="1755368807" result="Passed" start-time="2017-02-21 11:04:49Z" end-time="2017-02-21 11:04:49Z" duration="0.001019" asserts="2" />
            <test-case id="0-1242" name="CollectionOrdered" fullname="NUnit.Framework.Syntax.AssertionHelperTests.CollectionOrdered" methodname="CollectionOrdered" classname="NUnit.Framework.Syntax.AssertionHelperTests" runstate="Runnable" seed="1434936004" result="Passed" start-time="2017-02-21 11:04:49Z" end-time="2017-02-21 11:04:49Z" duration="0.000429" asserts="2" />
            <test-case id="0-1244" name="CollectionOrdered_Comparer" fullname="NUnit.Framework.Syntax.AssertionHelperTests.CollectionOrdered_Comparer" methodname="CollectionOrdered_Comparer" classname="NUnit.Framework.Syntax.AssertionHelperTests" runstate="Runnable" seed="409524340" result="Passed" start-time="2017-02-21 11:04:49Z" end-time="2017-02-21 11:04:49Z" duration="0.000358" asserts="2" />
            <test-case id="0-1245" name="CollectionOrdered_Comparer_Descending" fullname="NUnit.Framework.Syntax.AssertionHelperTests.CollectionOrdered_Comparer_Descending" methodname="CollectionOrdered_Comparer_Descending" classname="NUnit.Framework.Syntax.AssertionHelperTests" runstate="Runnable" seed="650181713" result="Passed" start-time="2017-02-21 11:04:49Z" end-time="2017-02-21 11:04:49Z" duration="0.000356" asserts="2" />
            <test-case id="0-1243" name="CollectionOrdered_Descending" fullname="NUnit.Framework.Syntax.AssertionHelperTests.CollectionOrdered_Descending" methodname="CollectionOrdered_Descending" classname="NUnit.Framework.Syntax.AssertionHelperTests" runstate="Runnable" seed="2071815547" result="Passed" start-time="2017-02-21 11:04:49Z" end-time="2017-02-21 11:04:49Z" duration="0.000271" asserts="2" />
            <test-case id="0-1246" name="CollectionOrderedBy" fullname="NUnit.Framework.Syntax.AssertionHelperTests.CollectionOrderedBy" methodname="CollectionOrderedBy" classname="NUnit.Framework.Syntax.AssertionHelperTests" runstate="Runnable" seed="185801578" result="Passed" start-time="2017-02-21 11:04:49Z" end-time="2017-02-21 11:04:49Z" duration="0.000257" asserts="2" />
            <test-case id="0-1248" name="CollectionOrderedBy_Comparer" fullname="NUnit.Framework.Syntax.AssertionHelperTests.CollectionOrderedBy_Comparer" methodname="CollectionOrderedBy_Comparer" classname="NUnit.Framework.Syntax.AssertionHelperTests" runstate="Runnable" seed="2014773764" result="Passed" start-time="2017-02-21 11:04:49Z" end-time="2017-02-21 11:04:49Z" duration="0.000398" asserts="2" />
            <test-case id="0-1249" name="CollectionOrderedBy_Comparer_Descending" fullname="NUnit.Framework.Syntax.AssertionHelperTests.CollectionOrderedBy_Comparer_Descending" methodname="CollectionOrderedBy_Comparer_Descending" classname="NUnit.Framework.Syntax.AssertionHelperTests" runstate="Runnable" seed="1862930728" result="Passed" start-time="2017-02-21 11:04:49Z" end-time="2017-02-21 11:04:49Z" duration="0.000387" asserts="2" />
            <test-case id="0-1247" name="CollectionOrderedBy_Descending" fullname="NUnit.Framework.Syntax.AssertionHelperTests.CollectionOrderedBy_Descending" methodname="CollectionOrderedBy_Descending" classname="NUnit.Framework.Syntax.AssertionHelperTests" runstate="Runnable" seed="1194507130" result="Passed" start-time="2017-02-21 11:04:49Z" end-time="2017-02-21 11:04:49Z" duration="0.000322" asserts="2" />
            <test-case id="0-1250" name="ContainsConstraint" fullname="NUnit.Framework.Syntax.AssertionHelperTests.ContainsConstraint" methodname="ContainsConstraint" classname="NUnit.Framework.Syntax.AssertionHelperTests" runstate="Runnable" seed="2006801049" result="Passed" start-time="2017-02-21 11:04:49Z" end-time="2017-02-21 11:04:49Z" duration="0.000522" asserts="2" />
            <test-case id="0-1280" name="ContainsTest" fullname="NUnit.Framework.Syntax.AssertionHelperTests.ContainsTest" methodname="ContainsTest" classname="NUnit.Framework.Syntax.AssertionHelperTests" runstate="Runnable" seed="1564993444" result="Passed" start-time="2017-02-21 11:04:49Z" end-time="2017-02-21 11:04:49Z" duration="0.000399" asserts="2" />
            <test-case id="0-1281" name="ContainsTest_IgnoreCase" fullname="NUnit.Framework.Syntax.AssertionHelperTests.ContainsTest_IgnoreCase" methodname="ContainsTest_IgnoreCase" classname="NUnit.Framework.Syntax.AssertionHelperTests" runstate="Runnable" seed="1966389039" result="Passed" start-time="2017-02-21 11:04:49Z" end-time="2017-02-21 11:04:49Z" duration="0.000271" asserts="2" />
            <test-case id="0-1225" name="CountProperty" fullname="NUnit.Framework.Syntax.AssertionHelperTests.CountProperty" methodname="CountProperty" classname="NUnit.Framework.Syntax.AssertionHelperTests" runstate="Runnable" seed="424983692" result="Passed" start-time="2017-02-21 11:04:49Z" end-time="2017-02-21 11:04:49Z" duration="0.000544" asserts="3" />
            <test-case id="0-1284" name="EndsWithTest" fullname="NUnit.Framework.Syntax.AssertionHelperTests.EndsWithTest" methodname="EndsWithTest" classname="NUnit.Framework.Syntax.AssertionHelperTests" runstate="Runnable" seed="1634534465" result="Passed" start-time="2017-02-21 11:04:49Z" end-time="2017-02-21 11:04:49Z" duration="0.000437" asserts="2" />
            <test-case id="0-1285" name="EndsWithTest_IgnoreCase" fullname="NUnit.Framework.Syntax.AssertionHelperTests.EndsWithTest_IgnoreCase" methodname="EndsWithTest_IgnoreCase" classname="NUnit.Framework.Syntax.AssertionHelperTests" runstate="Runnable" seed="34847642" result="Passed" start-time="2017-02-21 11:04:49Z" end-time="2017-02-21 11:04:49Z" duration="0.000400" asserts="2" />
            <test-case id="0-1260" name="Equal_IgnoreCase" fullname="NUnit.Framework.Syntax.AssertionHelperTests.Equal_IgnoreCase" methodname="Equal_IgnoreCase" classname="NUnit.Framework.Syntax.AssertionHelperTests" runstate="Runnable" seed="1389209576" result="Passed" start-time="2017-02-21 11:04:49Z" end-time="2017-02-21 11:04:49Z" duration="0.000506" asserts="2" />
            <test-case id="0-1261" name="Equal_WithinTolerance" fullname="NUnit.Framework.Syntax.AssertionHelperTests.Equal_WithinTolerance" methodname="Equal_WithinTolerance" classname="NUnit.Framework.Syntax.AssertionHelperTests" runstate="Runnable" seed="1025552979" result="Passed" start-time="2017-02-21 11:04:49Z" end-time="2017-02-21 11:04:49Z" duration="0.000275" asserts="2" />
            <test-case id="0-1259" name="EqualConstraint" fullname="NUnit.Framework.Syntax.AssertionHelperTests.EqualConstraint" methodname="EqualConstraint" classname="NUnit.Framework.Syntax.AssertionHelperTests" runstate="Runnable" seed="679734126" result="Passed" start-time="2017-02-21 11:04:49Z" end-time="2017-02-21 11:04:49Z" duration="0.000224" asserts="2" />
            <test-case id="0-1252" name="EquivalentConstraint" fullname="NUnit.Framework.Syntax.AssertionHelperTests.EquivalentConstraint" methodname="EquivalentConstraint" classname="NUnit.Framework.Syntax.AssertionHelperTests" runstate="Runnable" seed="2107217010" result="Passed" start-time="2017-02-21 11:04:49Z" end-time="2017-02-21 11:04:49Z" duration="0.000538" asserts="2" />
            <test-case id="0-1233" name="FalseTest" fullname="NUnit.Framework.Syntax.AssertionHelperTests.FalseTest" methodname="FalseTest" classname="NUnit.Framework.Syntax.AssertionHelperTests" runstate="Runnable" seed="1360064225" result="Passed" start-time="2017-02-21 11:04:49Z" end-time="2017-02-21 11:04:49Z" duration="0.000237" asserts="2" />
            <test-case id="0-1253" name="GreaterThan" fullname="NUnit.Framework.Syntax.AssertionHelperTests.GreaterThan" methodname="GreaterThan" classname="NUnit.Framework.Syntax.AssertionHelperTests" runstate="Runnable" seed="1827691679" result="Passed" start-time="2017-02-21 11:04:49Z" end-time="2017-02-21 11:04:49Z" duration="0.000226" asserts="2" />
            <test-case id="0-1254" name="GreaterThanOrEqual" fullname="NUnit.Framework.Syntax.AssertionHelperTests.GreaterThanOrEqual" methodname="GreaterThanOrEqual" classname="NUnit.Framework.Syntax.AssertionHelperTests" runstate="Runnable" seed="559764618" result="Passed" start-time="2017-02-21 11:04:49Z" end-time="2017-02-21 11:04:49Z" duration="0.000240" asserts="2" />
            <test-case id="0-1290" name="InstanceOfTest" fullname="NUnit.Framework.Syntax.AssertionHelperTests.InstanceOfTest" methodname="InstanceOfTest" classname="NUnit.Framework.Syntax.AssertionHelperTests" runstate="Runnable" seed="1214632307" result="Passed" start-time="2017-02-21 11:04:49Z" end-time="2017-02-21 11:04:49Z" duration="0.000410" asserts="2" />
            <test-case id="0-1291" name="InstanceOfTest_Generic" fullname="NUnit.Framework.Syntax.AssertionHelperTests.InstanceOfTest_Generic" methodname="InstanceOfTest_Generic" classname="NUnit.Framework.Syntax.AssertionHelperTests" runstate="Runnable" seed="1106601086" result="Passed" start-time="2017-02-21 11:04:49Z" end-time="2017-02-21 11:04:49Z" duration="0.000273" asserts="2" />
            <test-case id="0-1224" name="LengthProperty" fullname="NUnit.Framework.Syntax.AssertionHelperTests.LengthProperty" methodname="LengthProperty" classname="NUnit.Framework.Syntax.AssertionHelperTests" runstate="Runnable" seed="358382208" result="Passed" start-time="2017-02-21 11:04:49Z" end-time="2017-02-21 11:04:49Z" duration="0.000315" asserts="3" />
            <test-case id="0-1256" name="LessThan" fullname="NUnit.Framework.Syntax.AssertionHelperTests.LessThan" methodname="LessThan" classname="NUnit.Framework.Syntax.AssertionHelperTests" runstate="Runnable" seed="341614481" result="Passed" start-time="2017-02-21 11:04:49Z" end-time="2017-02-21 11:04:49Z" duration="0.000282" asserts="2" />
            <test-case id="0-1257" name="LessThanOrEqual" fullname="NUnit.Framework.Syntax.AssertionHelperTests.LessThanOrEqual" methodname="LessThanOrEqual" classname="NUnit.Framework.Syntax.AssertionHelperTests" runstate="Runnable" seed="2007621175" result="Passed" start-time="2017-02-21 11:04:49Z" end-time="2017-02-21 11:04:49Z" duration="0.000274" asserts="2" />
            <test-case id="0-1286" name="MatchesTest" fullname="NUnit.Framework.Syntax.AssertionHelperTests.MatchesTest" methodname="MatchesTest" classname="NUnit.Framework.Syntax.AssertionHelperTests" runstate="Runnable" seed="1183620889" result="Passed" start-time="2017-02-21 11:04:49Z" end-time="2017-02-21 11:04:49Z" duration="0.000290" asserts="2" />
            <test-case id="0-1287" name="MatchesTest_IgnoreCase" fullname="NUnit.Framework.Syntax.AssertionHelperTests.MatchesTest_IgnoreCase" methodname="MatchesTest_IgnoreCase" classname="NUnit.Framework.Syntax.AssertionHelperTests" runstate="Runnable" seed="113641520" result="Passed" start-time="2017-02-21 11:04:49Z" end-time="2017-02-21 11:04:49Z" duration="0.000381" asserts="2" />
            <test-case id="0-1226" name="MessageProperty" fullname="NUnit.Framework.Syntax.AssertionHelperTests.MessageProperty" methodname="MessageProperty" classname="NUnit.Framework.Syntax.AssertionHelperTests" runstate="Runnable" seed="182272355" result="Passed" start-time="2017-02-21 11:04:49Z" end-time="2017-02-21 11:04:49Z" duration="0.000389" asserts="3" />
            <test-case id="0-1237" name="NaNTest" fullname="NUnit.Framework.Syntax.AssertionHelperTests.NaNTest" methodname="NaNTest" classname="NUnit.Framework.Syntax.AssertionHelperTests" runstate="Runnable" seed="271513318" result="Passed" start-time="2017-02-21 11:04:49Z" end-time="2017-02-21 11:04:49Z" duration="0.000320" asserts="2" />
            <test-case id="0-1235" name="NegativeTest" fullname="NUnit.Framework.Syntax.AssertionHelperTests.NegativeTest" methodname="NegativeTest" classname="NUnit.Framework.Syntax.AssertionHelperTests" runstate="Runnable" seed="929280522" result="Passed" start-time="2017-02-21 11:04:49Z" end-time="2017-02-21 11:04:49Z" duration="0.000463" asserts="2" />
            <test-case id="0-1219" name="NoItems" fullname="NUnit.Framework.Syntax.AssertionHelperTests.NoItems" methodname="NoItems" classname="NUnit.Framework.Syntax.AssertionHelperTests" runstate="Runnable" seed="352179698" result="Passed" start-time="2017-02-21 11:04:49Z" end-time="2017-02-21 11:04:49Z" duration="0.001111" asserts="3" />
            <test-case id="0-1213" name="NotNotNotNull" fullname="NUnit.Framework.Syntax.AssertionHelperTests.NotNotNotNull" methodname="NotNotNotNull" classname="NUnit.Framework.Syntax.AssertionHelperTests" runstate="Runnable" seed="481519419" result="Passed" start-time="2017-02-21 11:04:49Z" end-time="2017-02-21 11:04:49Z" duration="0.000500" asserts="3" />
            <test-case id="0-1212" name="NotNull" fullname="NUnit.Framework.Syntax.AssertionHelperTests.NotNull" methodname="NotNull" classname="NUnit.Framework.Syntax.AssertionHelperTests" runstate="Runnable" seed="1144250487" result="Passed" start-time="2017-02-21 11:04:49Z" end-time="2017-02-21 11:04:49Z" duration="0.000426" asserts="3" />
            <test-case id="0-1296" name="NotOperator" fullname="NUnit.Framework.Syntax.AssertionHelperTests.NotOperator" methodname="NotOperator" classname="NUnit.Framework.Syntax.AssertionHelperTests" runstate="Runnable" seed="143882914" result="Passed" start-time="2017-02-21 11:04:49Z" end-time="2017-02-21 11:04:49Z" duration="0.000244" asserts="2" />
            <test-case id="0-1270" name="NotSamePath_IgnoreCase" fullname="NUnit.Framework.Syntax.AssertionHelperTests.NotSamePath_IgnoreCase" methodname="NotSamePath_IgnoreCase" classname="NUnit.Framework.Syntax.AssertionHelperTests" runstate="Runnable" seed="921641574" result="Passed" start-time="2017-02-21 11:04:49Z" end-time="2017-02-21 11:04:49Z" duration="0.000360" asserts="3" />
            <test-case id="0-1272" name="NotSamePath_RespectCase" fullname="NUnit.Framework.Syntax.AssertionHelperTests.NotSamePath_RespectCase" methodname="NotSamePath_RespectCase" classname="NUnit.Framework.Syntax.AssertionHelperTests" runstate="Runnable" seed="1335338483" result="Passed" start-time="2017-02-21 11:04:49Z" end-time="2017-02-21 11:04:49Z" duration="0.000511" asserts="3" />
            <test-case id="0-1275" name="NotSamePathOrUnder_IgnoreCase" fullname="NUnit.Framework.Syntax.AssertionHelperTests.NotSamePathOrUnder_IgnoreCase" methodname="NotSamePathOrUnder_IgnoreCase" classname="NUnit.Framework.Syntax.AssertionHelperTests" runstate="Runnable" seed="275878667" result="Passed" start-time="2017-02-21 11:04:49Z" end-time="2017-02-21 11:04:49Z" duration="0.000626" asserts="3" />
            <test-case id="0-1277" name="NotSamePathOrUnder_RespectCase" fullname="NUnit.Framework.Syntax.AssertionHelperTests.NotSamePathOrUnder_RespectCase" methodname="NotSamePathOrUnder_RespectCase" classname="NUnit.Framework.Syntax.AssertionHelperTests" runstate="Runnable" seed="550265655" result="Passed" start-time="2017-02-21 11:04:49Z" end-time="2017-02-21 11:04:49Z" duration="0.000470" asserts="3" />
            <test-case id="0-1231" name="NullTest" fullname="NUnit.Framework.Syntax.AssertionHelperTests.NullTest" methodname="NullTest" classname="NUnit.Framework.Syntax.AssertionHelperTests" runstate="Runnable" seed="1057910500" result="Passed" start-time="2017-02-21 11:04:49Z" end-time="2017-02-21 11:04:49Z" duration="0.000228" asserts="2" />
            <test-case id="0-1264" name="OrConstraint" fullname="NUnit.Framework.Syntax.AssertionHelperTests.OrConstraint" methodname="OrConstraint" classname="NUnit.Framework.Syntax.AssertionHelperTests" runstate="Runnable" seed="450282014" result="Passed" start-time="2017-02-21 11:04:49Z" end-time="2017-02-21 11:04:49Z" duration="0.000329" asserts="3" />
            <test-case id="0-1267" name="OrConstraint_FollowedByAnd" fullname="NUnit.Framework.Syntax.AssertionHelperTests.OrConstraint_FollowedByAnd" methodname="OrConstraint_FollowedByAnd" classname="NUnit.Framework.Syntax.AssertionHelperTests" runstate="Runnable" seed="2097449351" result="Passed" start-time="2017-02-21 11:04:49Z" end-time="2017-02-21 11:04:49Z" duration="0.000738" asserts="3" />
            <test-case id="0-1266" name="OrConstraint_PrecededByAnd" fullname="NUnit.Framework.Syntax.AssertionHelperTests.OrConstraint_PrecededByAnd" methodname="OrConstraint_PrecededByAnd" classname="NUnit.Framework.Syntax.AssertionHelperTests" runstate="Runnable" seed="589142745" result="Passed" start-time="2017-02-21 11:04:49Z" end-time="2017-02-21 11:04:49Z" duration="0.000695" asserts="3" />
            <test-case id="0-1265" name="OrConstraint_ThreeOrs" fullname="NUnit.Framework.Syntax.AssertionHelperTests.OrConstraint_ThreeOrs" methodname="OrConstraint_ThreeOrs" classname="NUnit.Framework.Syntax.AssertionHelperTests" runstate="Runnable" seed="1805524415" result="Passed" start-time="2017-02-21 11:04:49Z" end-time="2017-02-21 11:04:49Z" duration="0.000379" asserts="3" />
            <test-case id="0-1298" name="OrOperator" fullname="NUnit.Framework.Syntax.AssertionHelperTests.OrOperator" methodname="OrOperator" classname="NUnit.Framework.Syntax.AssertionHelperTests" runstate="Runnable" seed="255410679" result="Passed" start-time="2017-02-21 11:04:49Z" end-time="2017-02-21 11:04:49Z" duration="0.000325" asserts="2" />
            <test-case id="0-1234" name="PositiveTest" fullname="NUnit.Framework.Syntax.AssertionHelperTests.PositiveTest" methodname="PositiveTest" classname="NUnit.Framework.Syntax.AssertionHelperTests" runstate="Runnable" seed="144676949" result="Passed" start-time="2017-02-21 11:04:49Z" end-time="2017-02-21 11:04:49Z" duration="0.000246" asserts="2" />
            <test-case id="0-1220" name="Property" fullname="NUnit.Framework.Syntax.AssertionHelperTests.Property" methodname="Property" classname="NUnit.Framework.Syntax.AssertionHelperTests" runstate="Runnable" seed="920358084" result="Passed" start-time="2017-02-21 11:04:49Z" end-time="2017-02-21 11:04:49Z" duration="0.000268" asserts="3" />
            <test-case id="0-1221" name="Property_FollowedByAnd" fullname="NUnit.Framework.Syntax.AssertionHelperTests.Property_FollowedByAnd" methodname="Property_FollowedByAnd" classname="NUnit.Framework.Syntax.AssertionHelperTests" runstate="Runnable" seed="1980183726" result="Passed" start-time="2017-02-21 11:04:49Z" end-time="2017-02-21 11:04:49Z" duration="0.000468" asserts="3" />
            <test-case id="0-1222" name="Property_FollowedByConstraint" fullname="NUnit.Framework.Syntax.AssertionHelperTests.Property_FollowedByConstraint" methodname="Property_FollowedByConstraint" classname="NUnit.Framework.Syntax.AssertionHelperTests" runstate="Runnable" seed="521751462" result="Passed" start-time="2017-02-21 11:04:49Z" end-time="2017-02-21 11:04:49Z" duration="0.000441" asserts="3" />
            <test-case id="0-1223" name="Property_FollowedByNot" fullname="NUnit.Framework.Syntax.AssertionHelperTests.Property_FollowedByNot" methodname="Property_FollowedByNot" classname="NUnit.Framework.Syntax.AssertionHelperTests" runstate="Runnable" seed="1174744567" result="Passed" start-time="2017-02-21 11:04:49Z" end-time="2017-02-21 11:04:49Z" duration="0.000376" asserts="3" />
            <test-case id="0-1268" name="SamePath" fullname="NUnit.Framework.Syntax.AssertionHelperTests.SamePath" methodname="SamePath" classname="NUnit.Framework.Syntax.AssertionHelperTests" runstate="Runnable" seed="1455794006" result="Passed" start-time="2017-02-21 11:04:49Z" end-time="2017-02-21 11:04:49Z" duration="0.000406" asserts="2" />
            <test-case id="0-1269" name="SamePath_IgnoreCase" fullname="NUnit.Framework.Syntax.AssertionHelperTests.SamePath_IgnoreCase" methodname="SamePath_IgnoreCase" classname="NUnit.Framework.Syntax.AssertionHelperTests" runstate="Runnable" seed="1716930655" result="Passed" start-time="2017-02-21 11:04:49Z" end-time="2017-02-21 11:04:49Z" duration="0.000217" asserts="2" />
            <test-case id="0-1271" name="SamePath_RespectCase" fullname="NUnit.Framework.Syntax.AssertionHelperTests.SamePath_RespectCase" methodname="SamePath_RespectCase" classname="NUnit.Framework.Syntax.AssertionHelperTests" runstate="Runnable" seed="189010078" result="Passed" start-time="2017-02-21 11:04:49Z" end-time="2017-02-21 11:04:49Z" duration="0.002521" asserts="2" />
            <test-case id="0-1273" name="SamePathOrUnder" fullname="NUnit.Framework.Syntax.AssertionHelperTests.SamePathOrUnder" methodname="SamePathOrUnder" classname="NUnit.Framework.Syntax.AssertionHelperTests" runstate="Runnable" seed="1241102697" result="Passed" start-time="2017-02-21 11:04:49Z" end-time="2017-02-21 11:04:49Z" duration="0.000329" asserts="2" />
            <test-case id="0-1274" name="SamePathOrUnder_IgnoreCase" fullname="NUnit.Framework.Syntax.AssertionHelperTests.SamePathOrUnder_IgnoreCase" methodname="SamePathOrUnder_IgnoreCase" classname="NUnit.Framework.Syntax.AssertionHelperTests" runstate="Runnable" seed="587436677" result="Passed" start-time="2017-02-21 11:04:49Z" end-time="2017-02-21 11:04:49Z" duration="0.000383" asserts="2" />
            <test-case id="0-1276" name="SamePathOrUnder_RespectCase" fullname="NUnit.Framework.Syntax.AssertionHelperTests.SamePathOrUnder_RespectCase" methodname="SamePathOrUnder_RespectCase" classname="NUnit.Framework.Syntax.AssertionHelperTests" runstate="Runnable" seed="1214526989" result="Passed" start-time="2017-02-21 11:04:49Z" end-time="2017-02-21 11:04:49Z" duration="0.000513" asserts="2" />
            <test-case id="0-1218" name="Some_AndSome" fullname="NUnit.Framework.Syntax.AssertionHelperTests.Some_AndSome" methodname="Some_AndSome" classname="NUnit.Framework.Syntax.AssertionHelperTests" runstate="Runnable" seed="90312600" result="Passed" start-time="2017-02-21 11:04:49Z" end-time="2017-02-21 11:04:49Z" duration="0.000665" asserts="3" />
            <test-case id="0-1216" name="Some_BeforeBinaryOperators" fullname="NUnit.Framework.Syntax.AssertionHelperTests.Some_BeforeBinaryOperators" methodname="Some_BeforeBinaryOperators" classname="NUnit.Framework.Syntax.AssertionHelperTests" runstate="Runnable" seed="526813257" result="Passed" start-time="2017-02-21 11:04:49Z" end-time="2017-02-21 11:04:49Z" duration="0.000353" asserts="3" />
            <test-case id="0-1215" name="Some_EqualTo" fullname="NUnit.Framework.Syntax.AssertionHelperTests.Some_EqualTo" methodname="Some_EqualTo" classname="NUnit.Framework.Syntax.AssertionHelperTests" runstate="Runnable" seed="2012322422" result="Passed" start-time="2017-02-21 11:04:49Z" end-time="2017-02-21 11:04:49Z" duration="0.000329" asserts="3" />
            <test-case id="0-1217" name="Some_Nested" fullname="NUnit.Framework.Syntax.AssertionHelperTests.Some_Nested" methodname="Some_Nested" classname="NUnit.Framework.Syntax.AssertionHelperTests" runstate="Runnable" seed="781266902" result="Passed" start-time="2017-02-21 11:04:49Z" end-time="2017-02-21 11:04:49Z" duration="0.000382" asserts="3" />
            <test-case id="0-1282" name="StartsWithTest" fullname="NUnit.Framework.Syntax.AssertionHelperTests.StartsWithTest" methodname="StartsWithTest" classname="NUnit.Framework.Syntax.AssertionHelperTests" runstate="Runnable" seed="948530763" result="Passed" start-time="2017-02-21 11:04:49Z" end-time="2017-02-21 11:04:49Z" duration="0.000246" asserts="2" />
            <test-case id="0-1283" name="StartsWithTest_IgnoreCase" fullname="NUnit.Framework.Syntax.AssertionHelperTests.StartsWithTest_IgnoreCase" methodname="StartsWithTest_IgnoreCase" classname="NUnit.Framework.Syntax.AssertionHelperTests" runstate="Runnable" seed="696008173" result="Passed" start-time="2017-02-21 11:04:49Z" end-time="2017-02-21 11:04:49Z" duration="0.000272" asserts="2" />
            <test-case id="0-1251" name="SubsetOfConstraint" fullname="NUnit.Framework.Syntax.AssertionHelperTests.SubsetOfConstraint" methodname="SubsetOfConstraint" classname="NUnit.Framework.Syntax.AssertionHelperTests" runstate="Runnable" seed="1869839196" result="Passed" start-time="2017-02-21 11:04:49Z" end-time="2017-02-21 11:04:49Z" duration="0.000370" asserts="2" />
            <test-case id="0-1232" name="TrueTest" fullname="NUnit.Framework.Syntax.AssertionHelperTests.TrueTest" methodname="TrueTest" classname="NUnit.Framework.Syntax.AssertionHelperTests" runstate="Runnable" seed="751136550" result="Passed" start-time="2017-02-21 11:04:49Z" end-time="2017-02-21 11:04:49Z" duration="0.000235" asserts="2" />
            <test-case id="0-1288" name="TypeOfTest" fullname="NUnit.Framework.Syntax.AssertionHelperTests.TypeOfTest" methodname="TypeOfTest" classname="NUnit.Framework.Syntax.AssertionHelperTests" runstate="Runnable" seed="1723205655" result="Passed" start-time="2017-02-21 11:04:49Z" end-time="2017-02-21 11:04:49Z" duration="0.000733" asserts="2" />
            <test-case id="0-1289" name="TypeOfTest_Generic" fullname="NUnit.Framework.Syntax.AssertionHelperTests.TypeOfTest_Generic" methodname="TypeOfTest_Generic" classname="NUnit.Framework.Syntax.AssertionHelperTests" runstate="Runnable" seed="2118816848" result="Passed" start-time="2017-02-21 11:04:49Z" end-time="2017-02-21 11:04:49Z" duration="0.000212" asserts="2" />
            <test-case id="0-1241" name="UniqueItems" fullname="NUnit.Framework.Syntax.AssertionHelperTests.UniqueItems" methodname="UniqueItems" classname="NUnit.Framework.Syntax.AssertionHelperTests" runstate="Runnable" seed="265477189" result="Passed" start-time="2017-02-21 11:04:49Z" end-time="2017-02-21 11:04:49Z" duration="0.000484" asserts="2" />
            <test-case id="0-1279" name="XmlSerializableConstraint" fullname="NUnit.Framework.Syntax.AssertionHelperTests.XmlSerializableConstraint" methodname="XmlSerializableConstraint" classname="NUnit.Framework.Syntax.AssertionHelperTests" runstate="Runnable" seed="1088568730" result="Passed" start-time="2017-02-21 11:04:49Z" end-time="2017-02-21 11:04:49Z" duration="0.000259" asserts="2" />
            <test-case id="0-1236" name="ZeroTest" fullname="NUnit.Framework.Syntax.AssertionHelperTests.ZeroTest" methodname="ZeroTest" classname="NUnit.Framework.Syntax.AssertionHelperTests" runstate="Runnable" seed="256208460" result="Passed" start-time="2017-02-21 11:04:49Z" end-time="2017-02-21 11:04:49Z" duration="0.000288" asserts="2" />
          </test-suite>
          <test-suite type="TestFixture" id="0-5393" name="AssignableFromTest" fullname="NUnit.Framework.Syntax.AssignableFromTest" classname="NUnit.Framework.Syntax.AssignableFromTest" runstate="Runnable" testcasecount="2" result="Passed" start-time="2017-02-21 11:04:49Z" end-time="2017-02-21 11:04:49Z" duration="0.008972" total="2" passed="2" failed="0" warnings="0" inconclusive="0" skipped="0" asserts="2">
            <test-case id="0-5395" name="SupportedByConstraintBuilder" fullname="NUnit.Framework.Syntax.AssignableFromTest.SupportedByConstraintBuilder" methodname="SupportedByConstraintBuilder" classname="NUnit.Framework.Syntax.SyntaxTest" runstate="Runnable" seed="2080430149" result="Passed" start-time="2017-02-21 11:04:49Z" end-time="2017-02-21 11:04:49Z" duration="0.000394" asserts="1" />
            <test-case id="0-5394" name="SupportedByStaticSyntax" fullname="NUnit.Framework.Syntax.AssignableFromTest.SupportedByStaticSyntax" methodname="SupportedByStaticSyntax" classname="NUnit.Framework.Syntax.SyntaxTest" runstate="Runnable" seed="1733051984" result="Passed" start-time="2017-02-21 11:04:49Z" end-time="2017-02-21 11:04:49Z" duration="0.000086" asserts="1" />
          </test-suite>
          <test-suite type="TestFixture" id="0-5411" name="AssignableFromTest_Generic" fullname="NUnit.Framework.Syntax.AssignableFromTest_Generic" classname="NUnit.Framework.Syntax.AssignableFromTest_Generic" runstate="Runnable" testcasecount="2" result="Passed" start-time="2017-02-21 11:04:49Z" end-time="2017-02-21 11:04:49Z" duration="0.005623" total="2" passed="2" failed="0" warnings="0" inconclusive="0" skipped="0" asserts="2">
            <test-case id="0-5413" name="SupportedByConstraintBuilder" fullname="NUnit.Framework.Syntax.AssignableFromTest_Generic.SupportedByConstraintBuilder" methodname="SupportedByConstraintBuilder" classname="NUnit.Framework.Syntax.SyntaxTest" runstate="Runnable" seed="904540442" result="Passed" start-time="2017-02-21 11:04:49Z" end-time="2017-02-21 11:04:49Z" duration="0.000417" asserts="1" />
            <test-case id="0-5412" name="SupportedByStaticSyntax" fullname="NUnit.Framework.Syntax.AssignableFromTest_Generic.SupportedByStaticSyntax" methodname="SupportedByStaticSyntax" classname="NUnit.Framework.Syntax.SyntaxTest" runstate="Runnable" seed="216875919" result="Passed" start-time="2017-02-21 11:04:49Z" end-time="2017-02-21 11:04:49Z" duration="0.000080" asserts="1" />
          </test-suite>
          <test-suite type="TestFixture" id="0-5396" name="AssignableToTest" fullname="NUnit.Framework.Syntax.AssignableToTest" classname="NUnit.Framework.Syntax.AssignableToTest" runstate="Runnable" testcasecount="2" result="Passed" start-time="2017-02-21 11:04:49Z" end-time="2017-02-21 11:04:49Z" duration="0.005704" total="2" passed="2" failed="0" warnings="0" inconclusive="0" skipped="0" asserts="2">
            <test-case id="0-5398" name="SupportedByConstraintBuilder" fullname="NUnit.Framework.Syntax.AssignableToTest.SupportedByConstraintBuilder" methodname="SupportedByConstraintBuilder" classname="NUnit.Framework.Syntax.SyntaxTest" runstate="Runnable" seed="2107182542" result="Passed" start-time="2017-02-21 11:04:49Z" end-time="2017-02-21 11:04:49Z" duration="0.000445" asserts="1" />
            <test-case id="0-5397" name="SupportedByStaticSyntax" fullname="NUnit.Framework.Syntax.AssignableToTest.SupportedByStaticSyntax" methodname="SupportedByStaticSyntax" classname="NUnit.Framework.Syntax.SyntaxTest" runstate="Runnable" seed="1477514604" result="Passed" start-time="2017-02-21 11:04:49Z" end-time="2017-02-21 11:04:49Z" duration="0.000065" asserts="1" />
          </test-suite>
          <test-suite type="TestFixture" id="0-5414" name="AssignableToTest_Generic" fullname="NUnit.Framework.Syntax.AssignableToTest_Generic" classname="NUnit.Framework.Syntax.AssignableToTest_Generic" runstate="Runnable" testcasecount="2" result="Passed" start-time="2017-02-21 11:04:49Z" end-time="2017-02-21 11:04:49Z" duration="0.005560" total="2" passed="2" failed="0" warnings="0" inconclusive="0" skipped="0" asserts="2">
            <test-case id="0-5416" name="SupportedByConstraintBuilder" fullname="NUnit.Framework.Syntax.AssignableToTest_Generic.SupportedByConstraintBuilder" methodname="SupportedByConstraintBuilder" classname="NUnit.Framework.Syntax.SyntaxTest" runstate="Runnable" seed="1288045620" result="Passed" start-time="2017-02-21 11:04:49Z" end-time="2017-02-21 11:04:49Z" duration="0.000424" asserts="1" />
            <test-case id="0-5415" name="SupportedByStaticSyntax" fullname="NUnit.Framework.Syntax.AssignableToTest_Generic.SupportedByStaticSyntax" methodname="SupportedByStaticSyntax" classname="NUnit.Framework.Syntax.SyntaxTest" runstate="Runnable" seed="397745020" result="Passed" start-time="2017-02-21 11:04:49Z" end-time="2017-02-21 11:04:49Z" duration="0.000062" asserts="1" />
          </test-suite>
          <test-suite type="TestFixture" id="0-5155" name="AtLeastTest" fullname="NUnit.Framework.Syntax.AtLeastTest" classname="NUnit.Framework.Syntax.AtLeastTest" runstate="Runnable" testcasecount="2" result="Passed" start-time="2017-02-21 11:04:49Z" end-time="2017-02-21 11:04:49Z" duration="0.009746" total="2" passed="2" failed="0" warnings="0" inconclusive="0" skipped="0" asserts="2">
            <test-case id="0-5157" name="SupportedByConstraintBuilder" fullname="NUnit.Framework.Syntax.AtLeastTest.SupportedByConstraintBuilder" methodname="SupportedByConstraintBuilder" classname="NUnit.Framework.Syntax.SyntaxTest" runstate="Runnable" seed="2124547492" result="Passed" start-time="2017-02-21 11:04:49Z" end-time="2017-02-21 11:04:49Z" duration="0.000502" asserts="1" />
            <test-case id="0-5156" name="SupportedByStaticSyntax" fullname="NUnit.Framework.Syntax.AtLeastTest.SupportedByStaticSyntax" methodname="SupportedByStaticSyntax" classname="NUnit.Framework.Syntax.SyntaxTest" runstate="Runnable" seed="1335167286" result="Passed" start-time="2017-02-21 11:04:49Z" end-time="2017-02-21 11:04:49Z" duration="0.000082" asserts="1" />
          </test-suite>
          <test-suite type="TestFixture" id="0-5164" name="AtMostTest" fullname="NUnit.Framework.Syntax.AtMostTest" classname="NUnit.Framework.Syntax.AtMostTest" runstate="Runnable" testcasecount="2" result="Passed" start-time="2017-02-21 11:04:49Z" end-time="2017-02-21 11:04:49Z" duration="0.005620" total="2" passed="2" failed="0" warnings="0" inconclusive="0" skipped="0" asserts="2">
            <test-case id="0-5166" name="SupportedByConstraintBuilder" fullname="NUnit.Framework.Syntax.AtMostTest.SupportedByConstraintBuilder" methodname="SupportedByConstraintBuilder" classname="NUnit.Framework.Syntax.SyntaxTest" runstate="Runnable" seed="1048886275" result="Passed" start-time="2017-02-21 11:04:49Z" end-time="2017-02-21 11:04:49Z" duration="0.000355" asserts="1" />
            <test-case id="0-5165" name="SupportedByStaticSyntax" fullname="NUnit.Framework.Syntax.AtMostTest.SupportedByStaticSyntax" methodname="SupportedByStaticSyntax" classname="NUnit.Framework.Syntax.SyntaxTest" runstate="Runnable" seed="260010840" result="Passed" start-time="2017-02-21 11:04:49Z" end-time="2017-02-21 11:04:49Z" duration="0.000064" asserts="1" />
          </test-suite>
          <test-suite type="TestFixture" id="0-5399" name="AttributeTest" fullname="NUnit.Framework.Syntax.AttributeTest" classname="NUnit.Framework.Syntax.AttributeTest" runstate="Runnable" testcasecount="2" result="Passed" start-time="2017-02-21 11:04:49Z" end-time="2017-02-21 11:04:49Z" duration="0.005348" total="2" passed="2" failed="0" warnings="0" inconclusive="0" skipped="0" asserts="2">
            <test-case id="0-5401" name="SupportedByConstraintBuilder" fullname="NUnit.Framework.Syntax.AttributeTest.SupportedByConstraintBuilder" methodname="SupportedByConstraintBuilder" classname="NUnit.Framework.Syntax.SyntaxTest" runstate="Runnable" seed="43696933" result="Passed" start-time="2017-02-21 11:04:49Z" end-time="2017-02-21 11:04:49Z" duration="0.000212" asserts="1" />
            <test-case id="0-5400" name="SupportedByStaticSyntax" fullname="NUnit.Framework.Syntax.AttributeTest.SupportedByStaticSyntax" methodname="SupportedByStaticSyntax" classname="NUnit.Framework.Syntax.SyntaxTest" runstate="Runnable" seed="2049703908" result="Passed" start-time="2017-02-21 11:04:49Z" end-time="2017-02-21 11:04:49Z" duration="0.000081" asserts="1" />
          </test-suite>
          <test-suite type="TestFixture" id="0-5417" name="AttributeTest_Generic" fullname="NUnit.Framework.Syntax.AttributeTest_Generic" classname="NUnit.Framework.Syntax.AttributeTest_Generic" runstate="Runnable" testcasecount="2" result="Passed" start-time="2017-02-21 11:04:49Z" end-time="2017-02-21 11:04:49Z" duration="0.019593" total="2" passed="2" failed="0" warnings="0" inconclusive="0" skipped="0" asserts="2">
            <test-case id="0-5419" name="SupportedByConstraintBuilder" fullname="NUnit.Framework.Syntax.AttributeTest_Generic.SupportedByConstraintBuilder" methodname="SupportedByConstraintBuilder" classname="NUnit.Framework.Syntax.SyntaxTest" runstate="Runnable" seed="132745729" result="Passed" start-time="2017-02-21 11:04:49Z" end-time="2017-02-21 11:04:49Z" duration="0.000638" asserts="1" />
            <test-case id="0-5418" name="SupportedByStaticSyntax" fullname="NUnit.Framework.Syntax.AttributeTest_Generic.SupportedByStaticSyntax" methodname="SupportedByStaticSyntax" classname="NUnit.Framework.Syntax.SyntaxTest" runstate="Runnable" seed="396260508" result="Passed" start-time="2017-02-21 11:04:49Z" end-time="2017-02-21 11:04:49Z" duration="0.000125" asserts="1" />
          </test-suite>
          <test-suite type="TestFixture" id="0-5402" name="AttributeTestWithFollowingConstraint" fullname="NUnit.Framework.Syntax.AttributeTestWithFollowingConstraint" classname="NUnit.Framework.Syntax.AttributeTestWithFollowingConstraint" runstate="Runnable" testcasecount="2" result="Passed" start-time="2017-02-21 11:04:49Z" end-time="2017-02-21 11:04:49Z" duration="0.005682" total="2" passed="2" failed="0" warnings="0" inconclusive="0" skipped="0" asserts="2">
            <test-case id="0-5404" name="SupportedByConstraintBuilder" fullname="NUnit.Framework.Syntax.AttributeTestWithFollowingConstraint.SupportedByConstraintBuilder" methodname="SupportedByConstraintBuilder" classname="NUnit.Framework.Syntax.SyntaxTest" runstate="Runnable" seed="1065214669" result="Passed" start-time="2017-02-21 11:04:49Z" end-time="2017-02-21 11:04:49Z" duration="0.000412" asserts="1" />
            <test-case id="0-5403" name="SupportedByStaticSyntax" fullname="NUnit.Framework.Syntax.AttributeTestWithFollowingConstraint.SupportedByStaticSyntax" methodname="SupportedByStaticSyntax" classname="NUnit.Framework.Syntax.SyntaxTest" runstate="Runnable" seed="1727789498" result="Passed" start-time="2017-02-21 11:04:49Z" end-time="2017-02-21 11:04:49Z" duration="0.000111" asserts="1" />
          </test-suite>
          <test-suite type="TestFixture" id="0-5320" name="BinarySerializableTest" fullname="NUnit.Framework.Syntax.BinarySerializableTest" classname="NUnit.Framework.Syntax.BinarySerializableTest" runstate="Runnable" testcasecount="2" result="Passed" start-time="2017-02-21 11:04:49Z" end-time="2017-02-21 11:04:49Z" duration="0.006150" total="2" passed="2" failed="0" warnings="0" inconclusive="0" skipped="0" asserts="2">
            <test-case id="0-5322" name="SupportedByConstraintBuilder" fullname="NUnit.Framework.Syntax.BinarySerializableTest.SupportedByConstraintBuilder" methodname="SupportedByConstraintBuilder" classname="NUnit.Framework.Syntax.SyntaxTest" runstate="Runnable" seed="1445902371" result="Passed" start-time="2017-02-21 11:04:49Z" end-time="2017-02-21 11:04:49Z" duration="0.000368" asserts="1" />
            <test-case id="0-5321" name="SupportedByStaticSyntax" fullname="NUnit.Framework.Syntax.BinarySerializableTest.SupportedByStaticSyntax" methodname="SupportedByStaticSyntax" classname="NUnit.Framework.Syntax.SyntaxTest" runstate="Runnable" seed="399882076" result="Passed" start-time="2017-02-21 11:04:49Z" end-time="2017-02-21 11:04:49Z" duration="0.000056" asserts="1" />
          </test-suite>
          <test-suite type="TestFixture" id="0-5140" name="CollectionContainsTest" fullname="NUnit.Framework.Syntax.CollectionContainsTest" classname="NUnit.Framework.Syntax.CollectionContainsTest" runstate="Runnable" testcasecount="2" result="Passed" start-time="2017-02-21 11:04:49Z" end-time="2017-02-21 11:04:49Z" duration="0.006060" total="2" passed="2" failed="0" warnings="0" inconclusive="0" skipped="0" asserts="2">
            <test-case id="0-5142" name="SupportedByConstraintBuilder" fullname="NUnit.Framework.Syntax.CollectionContainsTest.SupportedByConstraintBuilder" methodname="SupportedByConstraintBuilder" classname="NUnit.Framework.Syntax.SyntaxTest" runstate="Runnable" seed="1697723864" result="Passed" start-time="2017-02-21 11:04:49Z" end-time="2017-02-21 11:04:49Z" duration="0.000388" asserts="1" />
            <test-case id="0-5141" name="SupportedByStaticSyntax" fullname="NUnit.Framework.Syntax.CollectionContainsTest.SupportedByStaticSyntax" methodname="SupportedByStaticSyntax" classname="NUnit.Framework.Syntax.SyntaxTest" runstate="Runnable" seed="1562362013" result="Passed" start-time="2017-02-21 11:04:49Z" end-time="2017-02-21 11:04:49Z" duration="0.000070" asserts="1" />
          </test-suite>
          <test-suite type="TestFixture" id="0-5146" name="CollectionEquivalentTest" fullname="NUnit.Framework.Syntax.CollectionEquivalentTest" classname="NUnit.Framework.Syntax.CollectionEquivalentTest" runstate="Runnable" testcasecount="2" result="Passed" start-time="2017-02-21 11:04:49Z" end-time="2017-02-21 11:04:49Z" duration="0.007943" total="2" passed="2" failed="0" warnings="0" inconclusive="0" skipped="0" asserts="2">
            <test-case id="0-5148" name="SupportedByConstraintBuilder" fullname="NUnit.Framework.Syntax.CollectionEquivalentTest.SupportedByConstraintBuilder" methodname="SupportedByConstraintBuilder" classname="NUnit.Framework.Syntax.SyntaxTest" runstate="Runnable" seed="1094852302" result="Passed" start-time="2017-02-21 11:04:49Z" end-time="2017-02-21 11:04:49Z" duration="0.000367" asserts="1" />
            <test-case id="0-5147" name="SupportedByStaticSyntax" fullname="NUnit.Framework.Syntax.CollectionEquivalentTest.SupportedByStaticSyntax" methodname="SupportedByStaticSyntax" classname="NUnit.Framework.Syntax.SyntaxTest" runstate="Runnable" seed="1298164929" result="Passed" start-time="2017-02-21 11:04:49Z" end-time="2017-02-21 11:04:49Z" duration="0.000063" asserts="1" />
          </test-suite>
          <test-suite type="TestFixture" id="0-5128" name="CollectionOrderedByTest" fullname="NUnit.Framework.Syntax.CollectionOrderedByTest" classname="NUnit.Framework.Syntax.CollectionOrderedByTest" runstate="Runnable" testcasecount="2" result="Passed" start-time="2017-02-21 11:04:49Z" end-time="2017-02-21 11:04:49Z" duration="0.006849" total="2" passed="2" failed="0" warnings="0" inconclusive="0" skipped="0" asserts="2">
            <test-case id="0-5130" name="SupportedByConstraintBuilder" fullname="NUnit.Framework.Syntax.CollectionOrderedByTest.SupportedByConstraintBuilder" methodname="SupportedByConstraintBuilder" classname="NUnit.Framework.Syntax.SyntaxTest" runstate="Runnable" seed="301991713" result="Passed" start-time="2017-02-21 11:04:49Z" end-time="2017-02-21 11:04:49Z" duration="0.000275" asserts="1" />
            <test-case id="0-5129" name="SupportedByStaticSyntax" fullname="NUnit.Framework.Syntax.CollectionOrderedByTest.SupportedByStaticSyntax" methodname="SupportedByStaticSyntax" classname="NUnit.Framework.Syntax.SyntaxTest" runstate="Runnable" seed="1329779655" result="Passed" start-time="2017-02-21 11:04:49Z" end-time="2017-02-21 11:04:49Z" duration="0.000090" asserts="1" />
          </test-suite>
          <test-suite type="TestFixture" id="0-5134" name="CollectionOrderedByTest_Comparer" fullname="NUnit.Framework.Syntax.CollectionOrderedByTest_Comparer" classname="NUnit.Framework.Syntax.CollectionOrderedByTest_Comparer" runstate="Runnable" testcasecount="2" result="Passed" start-time="2017-02-21 11:04:49Z" end-time="2017-02-21 11:04:49Z" duration="0.005971" total="2" passed="2" failed="0" warnings="0" inconclusive="0" skipped="0" asserts="2">
            <test-case id="0-5136" name="SupportedByConstraintBuilder" fullname="NUnit.Framework.Syntax.CollectionOrderedByTest_Comparer.SupportedByConstraintBuilder" methodname="SupportedByConstraintBuilder" classname="NUnit.Framework.Syntax.SyntaxTest" runstate="Runnable" seed="1860660993" result="Passed" start-time="2017-02-21 11:04:49Z" end-time="2017-02-21 11:04:49Z" duration="0.000231" asserts="1" />
            <test-case id="0-5135" name="SupportedByStaticSyntax" fullname="NUnit.Framework.Syntax.CollectionOrderedByTest_Comparer.SupportedByStaticSyntax" methodname="SupportedByStaticSyntax" classname="NUnit.Framework.Syntax.SyntaxTest" runstate="Runnable" seed="821485150" result="Passed" start-time="2017-02-21 11:04:49Z" end-time="2017-02-21 11:04:49Z" duration="0.000080" asserts="1" />
          </test-suite>
          <test-suite type="TestFixture" id="0-5137" name="CollectionOrderedByTest_Comparer_Descending" fullname="NUnit.Framework.Syntax.CollectionOrderedByTest_Comparer_Descending" classname="NUnit.Framework.Syntax.CollectionOrderedByTest_Comparer_Descending" runstate="Runnable" testcasecount="2" result="Passed" start-time="2017-02-21 11:04:49Z" end-time="2017-02-21 11:04:49Z" duration="0.008026" total="2" passed="2" failed="0" warnings="0" inconclusive="0" skipped="0" asserts="2">
            <test-case id="0-5139" name="SupportedByConstraintBuilder" fullname="NUnit.Framework.Syntax.CollectionOrderedByTest_Comparer_Descending.SupportedByConstraintBuilder" methodname="SupportedByConstraintBuilder" classname="NUnit.Framework.Syntax.SyntaxTest" runstate="Runnable" seed="619207678" result="Passed" start-time="2017-02-21 11:04:49Z" end-time="2017-02-21 11:04:49Z" duration="0.000240" asserts="1" />
            <test-case id="0-5138" name="SupportedByStaticSyntax" fullname="NUnit.Framework.Syntax.CollectionOrderedByTest_Comparer_Descending.SupportedByStaticSyntax" methodname="SupportedByStaticSyntax" classname="NUnit.Framework.Syntax.SyntaxTest" runstate="Runnable" seed="958763126" result="Passed" start-time="2017-02-21 11:04:49Z" end-time="2017-02-21 11:04:49Z" duration="0.000092" asserts="1" />
          </test-suite>
          <test-suite type="TestFixture" id="0-5131" name="CollectionOrderedByTest_Descending" fullname="NUnit.Framework.Syntax.CollectionOrderedByTest_Descending" classname="NUnit.Framework.Syntax.CollectionOrderedByTest_Descending" runstate="Runnable" testcasecount="2" result="Passed" start-time="2017-02-21 11:04:49Z" end-time="2017-02-21 11:04:49Z" duration="0.005552" total="2" passed="2" failed="0" warnings="0" inconclusive="0" skipped="0" asserts="2">
            <test-case id="0-5133" name="SupportedByConstraintBuilder" fullname="NUnit.Framework.Syntax.CollectionOrderedByTest_Descending.SupportedByConstraintBuilder" methodname="SupportedByConstraintBuilder" classname="NUnit.Framework.Syntax.SyntaxTest" runstate="Runnable" seed="589092676" result="Passed" start-time="2017-02-21 11:04:49Z" end-time="2017-02-21 11:04:49Z" duration="0.000164" asserts="1" />
            <test-case id="0-5132" name="SupportedByStaticSyntax" fullname="NUnit.Framework.Syntax.CollectionOrderedByTest_Descending.SupportedByStaticSyntax" methodname="SupportedByStaticSyntax" classname="NUnit.Framework.Syntax.SyntaxTest" runstate="Runnable" seed="577566526" result="Passed" start-time="2017-02-21 11:04:49Z" end-time="2017-02-21 11:04:49Z" duration="0.000043" asserts="1" />
          </test-suite>
          <test-suite type="TestFixture" id="0-5116" name="CollectionOrderedTest" fullname="NUnit.Framework.Syntax.CollectionOrderedTest" classname="NUnit.Framework.Syntax.CollectionOrderedTest" runstate="Runnable" testcasecount="2" result="Passed" start-time="2017-02-21 11:04:49Z" end-time="2017-02-21 11:04:49Z" duration="0.005778" total="2" passed="2" failed="0" warnings="0" inconclusive="0" skipped="0" asserts="2">
            <test-case id="0-5118" name="SupportedByConstraintBuilder" fullname="NUnit.Framework.Syntax.CollectionOrderedTest.SupportedByConstraintBuilder" methodname="SupportedByConstraintBuilder" classname="NUnit.Framework.Syntax.SyntaxTest" runstate="Runnable" seed="1201007042" result="Passed" start-time="2017-02-21 11:04:49Z" end-time="2017-02-21 11:04:49Z" duration="0.000202" asserts="1" />
            <test-case id="0-5117" name="SupportedByStaticSyntax" fullname="NUnit.Framework.Syntax.CollectionOrderedTest.SupportedByStaticSyntax" methodname="SupportedByStaticSyntax" classname="NUnit.Framework.Syntax.SyntaxTest" runstate="Runnable" seed="1230437871" result="Passed" start-time="2017-02-21 11:04:49Z" end-time="2017-02-21 11:04:49Z" duration="0.000074" asserts="1" />
          </test-suite>
          <test-suite type="TestFixture" id="0-5122" name="CollectionOrderedTest_Comparer" fullname="NUnit.Framework.Syntax.CollectionOrderedTest_Comparer" classname="NUnit.Framework.Syntax.CollectionOrderedTest_Comparer" runstate="Runnable" testcasecount="2" result="Passed" start-time="2017-02-21 11:04:49Z" end-time="2017-02-21 11:04:49Z" duration="0.005541" total="2" passed="2" failed="0" warnings="0" inconclusive="0" skipped="0" asserts="2">
            <test-case id="0-5124" name="SupportedByConstraintBuilder" fullname="NUnit.Framework.Syntax.CollectionOrderedTest_Comparer.SupportedByConstraintBuilder" methodname="SupportedByConstraintBuilder" classname="NUnit.Framework.Syntax.SyntaxTest" runstate="Runnable" seed="576450090" result="Passed" start-time="2017-02-21 11:04:49Z" end-time="2017-02-21 11:04:49Z" duration="0.000243" asserts="1" />
            <test-case id="0-5123" name="SupportedByStaticSyntax" fullname="NUnit.Framework.Syntax.CollectionOrderedTest_Comparer.SupportedByStaticSyntax" methodname="SupportedByStaticSyntax" classname="NUnit.Framework.Syntax.SyntaxTest" runstate="Runnable" seed="214327670" result="Passed" start-time="2017-02-21 11:04:49Z" end-time="2017-02-21 11:04:49Z" duration="0.000045" asserts="1" />
          </test-suite>
          <test-suite type="TestFixture" id="0-5125" name="CollectionOrderedTest_Comparer_Descending" fullname="NUnit.Framework.Syntax.CollectionOrderedTest_Comparer_Descending" classname="NUnit.Framework.Syntax.CollectionOrderedTest_Comparer_Descending" runstate="Runnable" testcasecount="2" result="Passed" start-time="2017-02-21 11:04:49Z" end-time="2017-02-21 11:04:49Z" duration="0.007475" total="2" passed="2" failed="0" warnings="0" inconclusive="0" skipped="0" asserts="2">
            <test-case id="0-5127" name="SupportedByConstraintBuilder" fullname="NUnit.Framework.Syntax.CollectionOrderedTest_Comparer_Descending.SupportedByConstraintBuilder" methodname="SupportedByConstraintBuilder" classname="NUnit.Framework.Syntax.SyntaxTest" runstate="Runnable" seed="2066806297" result="Passed" start-time="2017-02-21 11:04:49Z" end-time="2017-02-21 11:04:49Z" duration="0.000180" asserts="1" />
            <test-case id="0-5126" name="SupportedByStaticSyntax" fullname="NUnit.Framework.Syntax.CollectionOrderedTest_Comparer_Descending.SupportedByStaticSyntax" methodname="SupportedByStaticSyntax" classname="NUnit.Framework.Syntax.SyntaxTest" runstate="Runnable" seed="463782028" result="Passed" start-time="2017-02-21 11:04:49Z" end-time="2017-02-21 11:04:49Z" duration="0.000042" asserts="1" />
          </test-suite>
          <test-suite type="TestFixture" id="0-5119" name="CollectionOrderedTest_Descending" fullname="NUnit.Framework.Syntax.CollectionOrderedTest_Descending" classname="NUnit.Framework.Syntax.CollectionOrderedTest_Descending" runstate="Runnable" testcasecount="2" result="Passed" start-time="2017-02-21 11:04:49Z" end-time="2017-02-21 11:04:49Z" duration="0.005631" total="2" passed="2" failed="0" warnings="0" inconclusive="0" skipped="0" asserts="2">
            <test-case id="0-5121" name="SupportedByConstraintBuilder" fullname="NUnit.Framework.Syntax.CollectionOrderedTest_Descending.SupportedByConstraintBuilder" methodname="SupportedByConstraintBuilder" classname="NUnit.Framework.Syntax.SyntaxTest" runstate="Runnable" seed="1477741028" result="Passed" start-time="2017-02-21 11:04:49Z" end-time="2017-02-21 11:04:49Z" duration="0.000175" asserts="1" />
            <test-case id="0-5120" name="SupportedByStaticSyntax" fullname="NUnit.Framework.Syntax.CollectionOrderedTest_Descending.SupportedByStaticSyntax" methodname="SupportedByStaticSyntax" classname="NUnit.Framework.Syntax.SyntaxTest" runstate="Runnable" seed="362723195" result="Passed" start-time="2017-02-21 11:04:49Z" end-time="2017-02-21 11:04:49Z" duration="0.000057" asserts="1" />
          </test-suite>
          <test-suite type="TestFixture" id="0-5143" name="CollectionSubsetTest" fullname="NUnit.Framework.Syntax.CollectionSubsetTest" classname="NUnit.Framework.Syntax.CollectionSubsetTest" runstate="Runnable" testcasecount="2" result="Passed" start-time="2017-02-21 11:04:49Z" end-time="2017-02-21 11:04:49Z" duration="0.005729" total="2" passed="2" failed="0" warnings="0" inconclusive="0" skipped="0" asserts="2">
            <test-case id="0-5145" name="SupportedByConstraintBuilder" fullname="NUnit.Framework.Syntax.CollectionSubsetTest.SupportedByConstraintBuilder" methodname="SupportedByConstraintBuilder" classname="NUnit.Framework.Syntax.SyntaxTest" runstate="Runnable" seed="1296081405" result="Passed" start-time="2017-02-21 11:04:49Z" end-time="2017-02-21 11:04:49Z" duration="0.000281" asserts="1" />
            <test-case id="0-5144" name="SupportedByStaticSyntax" fullname="NUnit.Framework.Syntax.CollectionSubsetTest.SupportedByStaticSyntax" methodname="SupportedByStaticSyntax" classname="NUnit.Framework.Syntax.SyntaxTest" runstate="Runnable" seed="1560456014" result="Passed" start-time="2017-02-21 11:04:49Z" end-time="2017-02-21 11:04:49Z" duration="0.000052" asserts="1" />
          </test-suite>
          <test-suite type="TestFixture" id="0-5347" name="ContainsTest" fullname="NUnit.Framework.Syntax.ContainsTest" classname="NUnit.Framework.Syntax.ContainsTest" runstate="Runnable" testcasecount="2" result="Passed" start-time="2017-02-21 11:04:49Z" end-time="2017-02-21 11:04:49Z" duration="0.007707" total="2" passed="2" failed="0" warnings="0" inconclusive="0" skipped="0" asserts="2">
            <test-case id="0-5349" name="SupportedByConstraintBuilder" fullname="NUnit.Framework.Syntax.ContainsTest.SupportedByConstraintBuilder" methodname="SupportedByConstraintBuilder" classname="NUnit.Framework.Syntax.SyntaxTest" runstate="Runnable" seed="2048865410" result="Passed" start-time="2017-02-21 11:04:49Z" end-time="2017-02-21 11:04:49Z" duration="0.000165" asserts="1" />
            <test-case id="0-5348" name="SupportedByStaticSyntax" fullname="NUnit.Framework.Syntax.ContainsTest.SupportedByStaticSyntax" methodname="SupportedByStaticSyntax" classname="NUnit.Framework.Syntax.SyntaxTest" runstate="Runnable" seed="1778921520" result="Passed" start-time="2017-02-21 11:04:49Z" end-time="2017-02-21 11:04:49Z" duration="0.000083" asserts="1" />
          </test-suite>
          <test-suite type="TestFixture" id="0-5350" name="ContainsTest_IgnoreCase" fullname="NUnit.Framework.Syntax.ContainsTest_IgnoreCase" classname="NUnit.Framework.Syntax.ContainsTest_IgnoreCase" runstate="Runnable" testcasecount="2" result="Passed" start-time="2017-02-21 11:04:49Z" end-time="2017-02-21 11:04:49Z" duration="0.006190" total="2" passed="2" failed="0" warnings="0" inconclusive="0" skipped="0" asserts="2">
            <test-case id="0-5352" name="SupportedByConstraintBuilder" fullname="NUnit.Framework.Syntax.ContainsTest_IgnoreCase.SupportedByConstraintBuilder" methodname="SupportedByConstraintBuilder" classname="NUnit.Framework.Syntax.SyntaxTest" runstate="Runnable" seed="992276182" result="Passed" start-time="2017-02-21 11:04:49Z" end-time="2017-02-21 11:04:49Z" duration="0.000290" asserts="1" />
            <test-case id="0-5351" name="SupportedByStaticSyntax" fullname="NUnit.Framework.Syntax.ContainsTest_IgnoreCase.SupportedByStaticSyntax" methodname="SupportedByStaticSyntax" classname="NUnit.Framework.Syntax.SyntaxTest" runstate="Runnable" seed="856497154" result="Passed" start-time="2017-02-21 11:04:49Z" end-time="2017-02-21 11:04:49Z" duration="0.000091" asserts="1" />
          </test-suite>
          <test-suite type="TestFixture" id="0-5311" name="CountTest" fullname="NUnit.Framework.Syntax.CountTest" classname="NUnit.Framework.Syntax.CountTest" runstate="Runnable" testcasecount="2" result="Passed" start-time="2017-02-21 11:04:49Z" end-time="2017-02-21 11:04:49Z" duration="0.006036" total="2" passed="2" failed="0" warnings="0" inconclusive="0" skipped="0" asserts="2">
            <test-case id="0-5313" name="SupportedByConstraintBuilder" fullname="NUnit.Framework.Syntax.CountTest.SupportedByConstraintBuilder" methodname="SupportedByConstraintBuilder" classname="NUnit.Framework.Syntax.SyntaxTest" runstate="Runnable" seed="84246972" result="Passed" start-time="2017-02-21 11:04:49Z" end-time="2017-02-21 11:04:49Z" duration="0.000303" asserts="1" />
            <test-case id="0-5312" name="SupportedByStaticSyntax" fullname="NUnit.Framework.Syntax.CountTest.SupportedByStaticSyntax" methodname="SupportedByStaticSyntax" classname="NUnit.Framework.Syntax.SyntaxTest" runstate="Runnable" seed="709144451" result="Passed" start-time="2017-02-21 11:04:49Z" end-time="2017-02-21 11:04:49Z" duration="0.000069" asserts="1" />
          </test-suite>
          <test-suite type="TestFixture" id="0-5362" name="EndsWithTest" fullname="NUnit.Framework.Syntax.EndsWithTest" classname="NUnit.Framework.Syntax.EndsWithTest" runstate="Runnable" testcasecount="2" result="Passed" start-time="2017-02-21 11:04:49Z" end-time="2017-02-21 11:04:49Z" duration="0.005926" total="2" passed="2" failed="0" warnings="0" inconclusive="0" skipped="0" asserts="2">
            <test-case id="0-5364" name="SupportedByConstraintBuilder" fullname="NUnit.Framework.Syntax.EndsWithTest.SupportedByConstraintBuilder" methodname="SupportedByConstraintBuilder" classname="NUnit.Framework.Syntax.SyntaxTest" runstate="Runnable" seed="1798863517" result="Passed" start-time="2017-02-21 11:04:49Z" end-time="2017-02-21 11:04:49Z" duration="0.000357" asserts="1" />
            <test-case id="0-5363" name="SupportedByStaticSyntax" fullname="NUnit.Framework.Syntax.EndsWithTest.SupportedByStaticSyntax" methodname="SupportedByStaticSyntax" classname="NUnit.Framework.Syntax.SyntaxTest" runstate="Runnable" seed="1960148659" result="Passed" start-time="2017-02-21 11:04:49Z" end-time="2017-02-21 11:04:49Z" duration="0.000068" asserts="1" />
          </test-suite>
          <test-suite type="TestFixture" id="0-5365" name="EndsWithTest_IgnoreCase" fullname="NUnit.Framework.Syntax.EndsWithTest_IgnoreCase" classname="NUnit.Framework.Syntax.EndsWithTest_IgnoreCase" runstate="Runnable" testcasecount="2" result="Passed" start-time="2017-02-21 11:04:49Z" end-time="2017-02-21 11:04:49Z" duration="0.005526" total="2" passed="2" failed="0" warnings="0" inconclusive="0" skipped="0" asserts="2">
            <test-case id="0-5367" name="SupportedByConstraintBuilder" fullname="NUnit.Framework.Syntax.EndsWithTest_IgnoreCase.SupportedByConstraintBuilder" methodname="SupportedByConstraintBuilder" classname="NUnit.Framework.Syntax.SyntaxTest" runstate="Runnable" seed="1185328217" result="Passed" start-time="2017-02-21 11:04:49Z" end-time="2017-02-21 11:04:49Z" duration="0.000285" asserts="1" />
            <test-case id="0-5366" name="SupportedByStaticSyntax" fullname="NUnit.Framework.Syntax.EndsWithTest_IgnoreCase.SupportedByStaticSyntax" methodname="SupportedByStaticSyntax" classname="NUnit.Framework.Syntax.SyntaxTest" runstate="Runnable" seed="986120500" result="Passed" start-time="2017-02-21 11:04:49Z" end-time="2017-02-21 11:04:49Z" duration="0.000079" asserts="1" />
          </test-suite>
          <test-suite type="TestFixture" id="0-5176" name="EqualityTests" fullname="NUnit.Framework.Syntax.EqualityTests" classname="NUnit.Framework.Syntax.EqualityTests" runstate="Runnable" testcasecount="5" result="Passed" start-time="2017-02-21 11:04:49Z" end-time="2017-02-21 11:04:49Z" duration="0.016766" total="5" passed="5" failed="0" warnings="0" inconclusive="0" skipped="0" asserts="30">
            <test-case id="0-5181" name="EqualityTestsUsingDefaultFloatingPointTolerance" fullname="NUnit.Framework.Syntax.EqualityTests.EqualityTestsUsingDefaultFloatingPointTolerance" methodname="EqualityTestsUsingDefaultFloatingPointTolerance" classname="NUnit.Framework.Syntax.EqualityTests" runstate="Runnable" seed="1206798079" result="Passed" start-time="2017-02-21 11:04:49Z" end-time="2017-02-21 11:04:49Z" duration="0.000559" asserts="3" />
            <test-case id="0-5178" name="EqualityTestsWithTolerance" fullname="NUnit.Framework.Syntax.EqualityTests.EqualityTestsWithTolerance" methodname="EqualityTestsWithTolerance" classname="NUnit.Framework.Syntax.EqualityTests" runstate="Runnable" seed="1213174717" result="Passed" start-time="2017-02-21 11:04:49Z" end-time="2017-02-21 11:04:49Z" duration="0.001185" asserts="8" />
            <test-case id="0-5179" name="EqualityTestsWithTolerance_MixedFloatAndDouble" fullname="NUnit.Framework.Syntax.EqualityTests.EqualityTestsWithTolerance_MixedFloatAndDouble" methodname="EqualityTestsWithTolerance_MixedFloatAndDouble" classname="NUnit.Framework.Syntax.EqualityTests" runstate="Runnable" seed="603389549" result="Passed" start-time="2017-02-21 11:04:49Z" end-time="2017-02-21 11:04:49Z" duration="0.000486" asserts="6" />
            <test-case id="0-5180" name="EqualityTestsWithTolerance_MixingTypesGenerally" fullname="NUnit.Framework.Syntax.EqualityTests.EqualityTestsWithTolerance_MixingTypesGenerally" methodname="EqualityTestsWithTolerance_MixingTypesGenerally" classname="NUnit.Framework.Syntax.EqualityTests" runstate="Runnable" seed="2087344412" result="Passed" start-time="2017-02-21 11:04:49Z" end-time="2017-02-21 11:04:49Z" duration="0.000901" asserts="7" />
            <test-case id="0-5177" name="SimpleEqualityTests" fullname="NUnit.Framework.Syntax.EqualityTests.SimpleEqualityTests" methodname="SimpleEqualityTests" classname="NUnit.Framework.Syntax.EqualityTests" runstate="Runnable" seed="900870962" result="Passed" start-time="2017-02-21 11:04:49Z" end-time="2017-02-21 11:04:49Z" duration="0.000726" asserts="6" />
          </test-suite>
          <test-suite type="TestFixture" id="0-5170" name="EqualToTest_IgnoreCase" fullname="NUnit.Framework.Syntax.EqualToTest_IgnoreCase" classname="NUnit.Framework.Syntax.EqualToTest_IgnoreCase" runstate="Runnable" testcasecount="2" result="Passed" start-time="2017-02-21 11:04:49Z" end-time="2017-02-21 11:04:49Z" duration="0.007934" total="2" passed="2" failed="0" warnings="0" inconclusive="0" skipped="0" asserts="2">
            <test-case id="0-5172" name="SupportedByConstraintBuilder" fullname="NUnit.Framework.Syntax.EqualToTest_IgnoreCase.SupportedByConstraintBuilder" methodname="SupportedByConstraintBuilder" classname="NUnit.Framework.Syntax.SyntaxTest" runstate="Runnable" seed="60792855" result="Passed" start-time="2017-02-21 11:04:49Z" end-time="2017-02-21 11:04:49Z" duration="0.002445" asserts="1" />
            <test-case id="0-5171" name="SupportedByStaticSyntax" fullname="NUnit.Framework.Syntax.EqualToTest_IgnoreCase.SupportedByStaticSyntax" methodname="SupportedByStaticSyntax" classname="NUnit.Framework.Syntax.SyntaxTest" runstate="Runnable" seed="1076859761" result="Passed" start-time="2017-02-21 11:04:49Z" end-time="2017-02-21 11:04:49Z" duration="0.000067" asserts="1" />
          </test-suite>
          <test-suite type="TestFixture" id="0-5173" name="EqualToTest_WithinTolerance" fullname="NUnit.Framework.Syntax.EqualToTest_WithinTolerance" classname="NUnit.Framework.Syntax.EqualToTest_WithinTolerance" runstate="Runnable" testcasecount="2" result="Passed" start-time="2017-02-21 11:04:49Z" end-time="2017-02-21 11:04:49Z" duration="0.005797" total="2" passed="2" failed="0" warnings="0" inconclusive="0" skipped="0" asserts="2">
            <test-case id="0-5175" name="SupportedByConstraintBuilder" fullname="NUnit.Framework.Syntax.EqualToTest_WithinTolerance.SupportedByConstraintBuilder" methodname="SupportedByConstraintBuilder" classname="NUnit.Framework.Syntax.SyntaxTest" runstate="Runnable" seed="2013086281" result="Passed" start-time="2017-02-21 11:04:49Z" end-time="2017-02-21 11:04:49Z" duration="0.000310" asserts="1" />
            <test-case id="0-5174" name="SupportedByStaticSyntax" fullname="NUnit.Framework.Syntax.EqualToTest_WithinTolerance.SupportedByStaticSyntax" methodname="SupportedByStaticSyntax" classname="NUnit.Framework.Syntax.SyntaxTest" runstate="Runnable" seed="1177778394" result="Passed" start-time="2017-02-21 11:04:49Z" end-time="2017-02-21 11:04:49Z" duration="0.000067" asserts="1" />
          </test-suite>
          <test-suite type="TestFixture" id="0-5236" name="Exactly_WithConstraint" fullname="NUnit.Framework.Syntax.Exactly_WithConstraint" classname="NUnit.Framework.Syntax.Exactly_WithConstraint" runstate="Runnable" testcasecount="2" result="Passed" start-time="2017-02-21 11:04:49Z" end-time="2017-02-21 11:04:49Z" duration="0.005884" total="2" passed="2" failed="0" warnings="0" inconclusive="0" skipped="0" asserts="2">
            <test-case id="0-5238" name="SupportedByConstraintBuilder" fullname="NUnit.Framework.Syntax.Exactly_WithConstraint.SupportedByConstraintBuilder" methodname="SupportedByConstraintBuilder" classname="NUnit.Framework.Syntax.SyntaxTest" runstate="Runnable" seed="255441802" result="Passed" start-time="2017-02-21 11:04:49Z" end-time="2017-02-21 11:04:49Z" duration="0.000345" asserts="1" />
            <test-case id="0-5237" name="SupportedByStaticSyntax" fullname="NUnit.Framework.Syntax.Exactly_WithConstraint.SupportedByStaticSyntax" methodname="SupportedByStaticSyntax" classname="NUnit.Framework.Syntax.SyntaxTest" runstate="Runnable" seed="1838510882" result="Passed" start-time="2017-02-21 11:04:49Z" end-time="2017-02-21 11:04:49Z" duration="0.000074" asserts="1" />
          </test-suite>
          <test-suite type="TestFixture" id="0-5242" name="Exactly_WithConstraint_BeforeAndAfterBinaryOperators" fullname="NUnit.Framework.Syntax.Exactly_WithConstraint_BeforeAndAfterBinaryOperators" classname="NUnit.Framework.Syntax.Exactly_WithConstraint_BeforeAndAfterBinaryOperators" runstate="Runnable" testcasecount="2" result="Passed" start-time="2017-02-21 11:04:49Z" end-time="2017-02-21 11:04:49Z" duration="0.008694" total="2" passed="2" failed="0" warnings="0" inconclusive="0" skipped="0" asserts="2">
            <test-case id="0-5244" name="SupportedByConstraintBuilder" fullname="NUnit.Framework.Syntax.Exactly_WithConstraint_BeforeAndAfterBinaryOperators.SupportedByConstraintBuilder" methodname="SupportedByConstraintBuilder" classname="NUnit.Framework.Syntax.SyntaxTest" runstate="Runnable" seed="511759473" result="Passed" start-time="2017-02-21 11:04:49Z" end-time="2017-02-21 11:04:49Z" duration="0.000667" asserts="1" />
            <test-case id="0-5243" name="SupportedByStaticSyntax" fullname="NUnit.Framework.Syntax.Exactly_WithConstraint_BeforeAndAfterBinaryOperators.SupportedByStaticSyntax" methodname="SupportedByStaticSyntax" classname="NUnit.Framework.Syntax.SyntaxTest" runstate="Runnable" seed="319660556" result="Passed" start-time="2017-02-21 11:04:49Z" end-time="2017-02-21 11:04:49Z" duration="0.002600" asserts="1" />
          </test-suite>
          <test-suite type="TestFixture" id="0-5239" name="Exactly_WithConstraint_BeforeBinaryOperators" fullname="NUnit.Framework.Syntax.Exactly_WithConstraint_BeforeBinaryOperators" classname="NUnit.Framework.Syntax.Exactly_WithConstraint_BeforeBinaryOperators" runstate="Runnable" testcasecount="2" result="Passed" start-time="2017-02-21 11:04:49Z" end-time="2017-02-21 11:04:49Z" duration="0.006525" total="2" passed="2" failed="0" warnings="0" inconclusive="0" skipped="0" asserts="2">
            <test-case id="0-5241" name="SupportedByConstraintBuilder" fullname="NUnit.Framework.Syntax.Exactly_WithConstraint_BeforeBinaryOperators.SupportedByConstraintBuilder" methodname="SupportedByConstraintBuilder" classname="NUnit.Framework.Syntax.SyntaxTest" runstate="Runnable" seed="1683491816" result="Passed" start-time="2017-02-21 11:04:49Z" end-time="2017-02-21 11:04:49Z" duration="0.000571" asserts="1" />
            <test-case id="0-5240" name="SupportedByStaticSyntax" fullname="NUnit.Framework.Syntax.Exactly_WithConstraint_BeforeBinaryOperators.SupportedByStaticSyntax" methodname="SupportedByStaticSyntax" classname="NUnit.Framework.Syntax.SyntaxTest" runstate="Runnable" seed="1189715888" result="Passed" start-time="2017-02-21 11:04:49Z" end-time="2017-02-21 11:04:49Z" duration="0.000123" asserts="1" />
          </test-suite>
          <test-suite type="TestFixture" id="0-5233" name="Exactly_WithoutConstraint" fullname="NUnit.Framework.Syntax.Exactly_WithoutConstraint" classname="NUnit.Framework.Syntax.Exactly_WithoutConstraint" runstate="Runnable" testcasecount="2" result="Passed" start-time="2017-02-21 11:04:49Z" end-time="2017-02-21 11:04:49Z" duration="0.005844" total="2" passed="2" failed="0" warnings="0" inconclusive="0" skipped="0" asserts="2">
            <test-case id="0-5235" name="SupportedByConstraintBuilder" fullname="NUnit.Framework.Syntax.Exactly_WithoutConstraint.SupportedByConstraintBuilder" methodname="SupportedByConstraintBuilder" classname="NUnit.Framework.Syntax.SyntaxTest" runstate="Runnable" seed="1738927475" result="Passed" start-time="2017-02-21 11:04:49Z" end-time="2017-02-21 11:04:49Z" duration="0.000279" asserts="1" />
            <test-case id="0-5234" name="SupportedByStaticSyntax" fullname="NUnit.Framework.Syntax.Exactly_WithoutConstraint.SupportedByStaticSyntax" methodname="SupportedByStaticSyntax" classname="NUnit.Framework.Syntax.SyntaxTest" runstate="Runnable" seed="567532520" result="Passed" start-time="2017-02-21 11:04:49Z" end-time="2017-02-21 11:04:49Z" duration="0.000075" asserts="1" />
          </test-suite>
          <test-suite type="TestFixture" id="0-5387" name="ExactTypeTest" fullname="NUnit.Framework.Syntax.ExactTypeTest" classname="NUnit.Framework.Syntax.ExactTypeTest" runstate="Runnable" testcasecount="2" result="Passed" start-time="2017-02-21 11:04:49Z" end-time="2017-02-21 11:04:49Z" duration="0.005761" total="2" passed="2" failed="0" warnings="0" inconclusive="0" skipped="0" asserts="2">
            <test-case id="0-5389" name="SupportedByConstraintBuilder" fullname="NUnit.Framework.Syntax.ExactTypeTest.SupportedByConstraintBuilder" methodname="SupportedByConstraintBuilder" classname="NUnit.Framework.Syntax.SyntaxTest" runstate="Runnable" seed="1375706578" result="Passed" start-time="2017-02-21 11:04:49Z" end-time="2017-02-21 11:04:49Z" duration="0.000286" asserts="1" />
            <test-case id="0-5388" name="SupportedByStaticSyntax" fullname="NUnit.Framework.Syntax.ExactTypeTest.SupportedByStaticSyntax" methodname="SupportedByStaticSyntax" classname="NUnit.Framework.Syntax.SyntaxTest" runstate="Runnable" seed="202017632" result="Passed" start-time="2017-02-21 11:04:49Z" end-time="2017-02-21 11:04:49Z" duration="0.000064" asserts="1" />
          </test-suite>
          <test-suite type="TestFixture" id="0-5405" name="ExactTypeTest_Generic" fullname="NUnit.Framework.Syntax.ExactTypeTest_Generic" classname="NUnit.Framework.Syntax.ExactTypeTest_Generic" runstate="Runnable" testcasecount="2" result="Passed" start-time="2017-02-21 11:04:49Z" end-time="2017-02-21 11:04:49Z" duration="0.005546" total="2" passed="2" failed="0" warnings="0" inconclusive="0" skipped="0" asserts="2">
            <test-case id="0-5407" name="SupportedByConstraintBuilder" fullname="NUnit.Framework.Syntax.ExactTypeTest_Generic.SupportedByConstraintBuilder" methodname="SupportedByConstraintBuilder" classname="NUnit.Framework.Syntax.SyntaxTest" runstate="Runnable" seed="1412761764" result="Passed" start-time="2017-02-21 11:04:49Z" end-time="2017-02-21 11:04:49Z" duration="0.000337" asserts="1" />
            <test-case id="0-5406" name="SupportedByStaticSyntax" fullname="NUnit.Framework.Syntax.ExactTypeTest_Generic.SupportedByStaticSyntax" methodname="SupportedByStaticSyntax" classname="NUnit.Framework.Syntax.SyntaxTest" runstate="Runnable" seed="469405138" result="Passed" start-time="2017-02-21 11:04:49Z" end-time="2017-02-21 11:04:49Z" duration="0.000083" asserts="1" />
          </test-suite>
          <test-suite type="TestFixture" id="0-5332" name="FalseTest" fullname="NUnit.Framework.Syntax.FalseTest" classname="NUnit.Framework.Syntax.FalseTest" runstate="Runnable" testcasecount="2" result="Passed" start-time="2017-02-21 11:04:49Z" end-time="2017-02-21 11:04:49Z" duration="0.005782" total="2" passed="2" failed="0" warnings="0" inconclusive="0" skipped="0" asserts="2">
            <test-case id="0-5334" name="SupportedByConstraintBuilder" fullname="NUnit.Framework.Syntax.FalseTest.SupportedByConstraintBuilder" methodname="SupportedByConstraintBuilder" classname="NUnit.Framework.Syntax.SyntaxTest" runstate="Runnable" seed="1627460146" result="Passed" start-time="2017-02-21 11:04:49Z" end-time="2017-02-21 11:04:49Z" duration="0.000321" asserts="1" />
            <test-case id="0-5333" name="SupportedByStaticSyntax" fullname="NUnit.Framework.Syntax.FalseTest.SupportedByStaticSyntax" methodname="SupportedByStaticSyntax" classname="NUnit.Framework.Syntax.SyntaxTest" runstate="Runnable" seed="71162981" result="Passed" start-time="2017-02-21 11:04:49Z" end-time="2017-02-21 11:04:49Z" duration="0.000060" asserts="1" />
          </test-suite>
          <test-suite type="TestFixture" id="0-5152" name="GreaterThanOrEqualTest" fullname="NUnit.Framework.Syntax.GreaterThanOrEqualTest" classname="NUnit.Framework.Syntax.GreaterThanOrEqualTest" runstate="Runnable" testcasecount="2" result="Passed" start-time="2017-02-21 11:04:49Z" end-time="2017-02-21 11:04:49Z" duration="0.006082" total="2" passed="2" failed="0" warnings="0" inconclusive="0" skipped="0" asserts="2">
            <test-case id="0-5154" name="SupportedByConstraintBuilder" fullname="NUnit.Framework.Syntax.GreaterThanOrEqualTest.SupportedByConstraintBuilder" methodname="SupportedByConstraintBuilder" classname="NUnit.Framework.Syntax.SyntaxTest" runstate="Runnable" seed="458044615" result="Passed" start-time="2017-02-21 11:04:49Z" end-time="2017-02-21 11:04:49Z" duration="0.000523" asserts="1" />
            <test-case id="0-5153" name="SupportedByStaticSyntax" fullname="NUnit.Framework.Syntax.GreaterThanOrEqualTest.SupportedByStaticSyntax" methodname="SupportedByStaticSyntax" classname="NUnit.Framework.Syntax.SyntaxTest" runstate="Runnable" seed="649400182" result="Passed" start-time="2017-02-21 11:04:49Z" end-time="2017-02-21 11:04:49Z" duration="0.000076" asserts="1" />
          </test-suite>
          <test-suite type="TestFixture" id="0-5149" name="GreaterThanTest" fullname="NUnit.Framework.Syntax.GreaterThanTest" classname="NUnit.Framework.Syntax.GreaterThanTest" runstate="Runnable" testcasecount="2" result="Passed" start-time="2017-02-21 11:04:49Z" end-time="2017-02-21 11:04:49Z" duration="0.008209" total="2" passed="2" failed="0" warnings="0" inconclusive="0" skipped="0" asserts="2">
            <test-case id="0-5151" name="SupportedByConstraintBuilder" fullname="NUnit.Framework.Syntax.GreaterThanTest.SupportedByConstraintBuilder" methodname="SupportedByConstraintBuilder" classname="NUnit.Framework.Syntax.SyntaxTest" runstate="Runnable" seed="652287037" result="Passed" start-time="2017-02-21 11:04:49Z" end-time="2017-02-21 11:04:49Z" duration="0.000237" asserts="1" />
            <test-case id="0-5150" name="SupportedByStaticSyntax" fullname="NUnit.Framework.Syntax.GreaterThanTest.SupportedByStaticSyntax" methodname="SupportedByStaticSyntax" classname="NUnit.Framework.Syntax.SyntaxTest" runstate="Runnable" seed="1540367970" result="Passed" start-time="2017-02-21 11:04:49Z" end-time="2017-02-21 11:04:49Z" duration="0.000139" asserts="1" />
          </test-suite>
          <test-suite type="TestFixture" id="0-5390" name="InstanceOfTest" fullname="NUnit.Framework.Syntax.InstanceOfTest" classname="NUnit.Framework.Syntax.InstanceOfTest" runstate="Runnable" testcasecount="2" result="Passed" start-time="2017-02-21 11:04:49Z" end-time="2017-02-21 11:04:49Z" duration="0.006062" total="2" passed="2" failed="0" warnings="0" inconclusive="0" skipped="0" asserts="2">
            <test-case id="0-5392" name="SupportedByConstraintBuilder" fullname="NUnit.Framework.Syntax.InstanceOfTest.SupportedByConstraintBuilder" methodname="SupportedByConstraintBuilder" classname="NUnit.Framework.Syntax.SyntaxTest" runstate="Runnable" seed="226070104" result="Passed" start-time="2017-02-21 11:04:49Z" end-time="2017-02-21 11:04:49Z" duration="0.000191" asserts="1" />
            <test-case id="0-5391" name="SupportedByStaticSyntax" fullname="NUnit.Framework.Syntax.InstanceOfTest.SupportedByStaticSyntax" methodname="SupportedByStaticSyntax" classname="NUnit.Framework.Syntax.SyntaxTest" runstate="Runnable" seed="248403428" result="Passed" start-time="2017-02-21 11:04:49Z" end-time="2017-02-21 11:04:49Z" duration="0.000055" asserts="1" />
          </test-suite>
          <test-suite type="TestFixture" id="0-5408" name="InstanceOfTest_Generic" fullname="NUnit.Framework.Syntax.InstanceOfTest_Generic" classname="NUnit.Framework.Syntax.InstanceOfTest_Generic" runstate="Runnable" testcasecount="2" result="Passed" start-time="2017-02-21 11:04:49Z" end-time="2017-02-21 11:04:49Z" duration="0.005678" total="2" passed="2" failed="0" warnings="0" inconclusive="0" skipped="0" asserts="2">
            <test-case id="0-5410" name="SupportedByConstraintBuilder" fullname="NUnit.Framework.Syntax.InstanceOfTest_Generic.SupportedByConstraintBuilder" methodname="SupportedByConstraintBuilder" classname="NUnit.Framework.Syntax.SyntaxTest" runstate="Runnable" seed="887609194" result="Passed" start-time="2017-02-21 11:04:49Z" end-time="2017-02-21 11:04:49Z" duration="0.000302" asserts="1" />
            <test-case id="0-5409" name="SupportedByStaticSyntax" fullname="NUnit.Framework.Syntax.InstanceOfTest_Generic.SupportedByStaticSyntax" methodname="SupportedByStaticSyntax" classname="NUnit.Framework.Syntax.SyntaxTest" runstate="Runnable" seed="878599600" result="Passed" start-time="2017-02-21 11:04:49Z" end-time="2017-02-21 11:04:49Z" duration="0.000058" asserts="1" />
          </test-suite>
          <test-suite type="TestFixture" id="0-5090" name="AfterSyntaxUsingAnonymousDelegates" fullname="NUnit.Framework.Syntax.AfterSyntaxUsingAnonymousDelegates" classname="NUnit.Framework.Syntax.AfterSyntaxUsingAnonymousDelegates" runstate="Runnable" testcasecount="7" result="Passed" start-time="2017-02-21 11:04:48Z" end-time="2017-02-21 11:04:50Z" duration="1.432904" total="7" passed="7" failed="0" warnings="0" inconclusive="0" skipped="0" asserts="7">
            <test-case id="0-5092" name="EqualToTest" fullname="NUnit.Framework.Syntax.AfterSyntaxUsingAnonymousDelegates.EqualToTest" methodname="EqualToTest" classname="NUnit.Framework.Syntax.AfterSyntaxUsingAnonymousDelegates" runstate="Runnable" seed="1232043777" result="Passed" start-time="2017-02-21 11:04:48Z" end-time="2017-02-21 11:04:48Z" duration="0.205937" asserts="1" />
            <test-case id="0-5094" name="GreaterTest" fullname="NUnit.Framework.Syntax.AfterSyntaxUsingAnonymousDelegates.GreaterTest" methodname="GreaterTest" classname="NUnit.Framework.Syntax.AfterSyntaxUsingAnonymousDelegates" runstate="Runnable" seed="1757335734" result="Passed" start-time="2017-02-21 11:04:48Z" end-time="2017-02-21 11:04:49Z" duration="0.200441" asserts="1" />
            <test-case id="0-5095" name="HasMemberTest" fullname="NUnit.Framework.Syntax.AfterSyntaxUsingAnonymousDelegates.HasMemberTest" methodname="HasMemberTest" classname="NUnit.Framework.Syntax.AfterSyntaxUsingAnonymousDelegates" runstate="Runnable" seed="1131520549" result="Passed" start-time="2017-02-21 11:04:49Z" end-time="2017-02-21 11:04:49Z" duration="0.201281" asserts="1" />
            <test-case id="0-5096" name="NullTest" fullname="NUnit.Framework.Syntax.AfterSyntaxUsingAnonymousDelegates.NullTest" methodname="NullTest" classname="NUnit.Framework.Syntax.AfterSyntaxUsingAnonymousDelegates" runstate="Runnable" seed="1746572644" result="Passed" start-time="2017-02-21 11:04:49Z" end-time="2017-02-21 11:04:49Z" duration="0.201683" asserts="1" />
            <test-case id="0-5093" name="SameAsTest" fullname="NUnit.Framework.Syntax.AfterSyntaxUsingAnonymousDelegates.SameAsTest" methodname="SameAsTest" classname="NUnit.Framework.Syntax.AfterSyntaxUsingAnonymousDelegates" runstate="Runnable" seed="471349140" result="Passed" start-time="2017-02-21 11:04:49Z" end-time="2017-02-21 11:04:49Z" duration="0.200923" asserts="1" />
            <test-case id="0-5097" name="TextTest" fullname="NUnit.Framework.Syntax.AfterSyntaxUsingAnonymousDelegates.TextTest" methodname="TextTest" classname="NUnit.Framework.Syntax.AfterSyntaxUsingAnonymousDelegates" runstate="Runnable" seed="972894918" result="Passed" start-time="2017-02-21 11:04:49Z" end-time="2017-02-21 11:04:50Z" duration="0.200511" asserts="1" />
            <test-case id="0-5091" name="TrueTest" fullname="NUnit.Framework.Syntax.AfterSyntaxUsingAnonymousDelegates.TrueTest" methodname="TrueTest" classname="NUnit.Framework.Syntax.AfterSyntaxUsingAnonymousDelegates" runstate="Runnable" seed="1140778732" result="Passed" start-time="2017-02-21 11:04:50Z" end-time="2017-02-21 11:04:50Z" duration="0.202751" asserts="1" />
          </test-suite>
          <test-suite type="TestFixture" id="0-5098" name="AfterSyntaxUsingLambda" fullname="NUnit.Framework.Syntax.AfterSyntaxUsingLambda" classname="NUnit.Framework.Syntax.AfterSyntaxUsingLambda" runstate="Runnable" testcasecount="7" result="Passed" start-time="2017-02-21 11:04:48Z" end-time="2017-02-21 11:04:50Z" duration="1.424296" total="7" passed="7" failed="0" warnings="0" inconclusive="0" skipped="0" asserts="7">
            <test-case id="0-5100" name="EqualToTest" fullname="NUnit.Framework.Syntax.AfterSyntaxUsingLambda.EqualToTest" methodname="EqualToTest" classname="NUnit.Framework.Syntax.AfterSyntaxUsingLambda" runstate="Runnable" seed="1084463758" result="Passed" start-time="2017-02-21 11:04:48Z" end-time="2017-02-21 11:04:49Z" duration="0.200473" asserts="1" />
            <test-case id="0-5102" name="GreaterTest" fullname="NUnit.Framework.Syntax.AfterSyntaxUsingLambda.GreaterTest" methodname="GreaterTest" classname="NUnit.Framework.Syntax.AfterSyntaxUsingLambda" runstate="Runnable" seed="1394110074" result="Passed" start-time="2017-02-21 11:04:49Z" end-time="2017-02-21 11:04:49Z" duration="0.200547" asserts="1" />
            <test-case id="0-5103" name="HasMemberTest" fullname="NUnit.Framework.Syntax.AfterSyntaxUsingLambda.HasMemberTest" methodname="HasMemberTest" classname="NUnit.Framework.Syntax.AfterSyntaxUsingLambda" runstate="Runnable" seed="942627258" result="Passed" start-time="2017-02-21 11:04:49Z" end-time="2017-02-21 11:04:49Z" duration="0.200556" asserts="1" />
            <test-case id="0-5104" name="NullTest" fullname="NUnit.Framework.Syntax.AfterSyntaxUsingLambda.NullTest" methodname="NullTest" classname="NUnit.Framework.Syntax.AfterSyntaxUsingLambda" runstate="Runnable" seed="551548035" result="Passed" start-time="2017-02-21 11:04:49Z" end-time="2017-02-21 11:04:49Z" duration="0.200526" asserts="1" />
            <test-case id="0-5101" name="SameAsTest" fullname="NUnit.Framework.Syntax.AfterSyntaxUsingLambda.SameAsTest" methodname="SameAsTest" classname="NUnit.Framework.Syntax.AfterSyntaxUsingLambda" runstate="Runnable" seed="719703772" result="Passed" start-time="2017-02-21 11:04:49Z" end-time="2017-02-21 11:04:49Z" duration="0.202377" asserts="1" />
            <test-case id="0-5105" name="TextTest" fullname="NUnit.Framework.Syntax.AfterSyntaxUsingLambda.TextTest" methodname="TextTest" classname="NUnit.Framework.Syntax.AfterSyntaxUsingLambda" runstate="Runnable" seed="2134443324" result="Passed" start-time="2017-02-21 11:04:49Z" end-time="2017-02-21 11:04:50Z" duration="0.200697" asserts="1" />
            <test-case id="0-5099" name="TrueTest" fullname="NUnit.Framework.Syntax.AfterSyntaxUsingLambda.TrueTest" methodname="TrueTest" classname="NUnit.Framework.Syntax.AfterSyntaxUsingLambda" runstate="Runnable" seed="1435537654" result="Passed" start-time="2017-02-21 11:04:50Z" end-time="2017-02-21 11:04:50Z" duration="0.201355" asserts="1" />
          </test-suite>
          <test-suite type="TestFixture" id="0-5308" name="LengthTest" fullname="NUnit.Framework.Syntax.LengthTest" classname="NUnit.Framework.Syntax.LengthTest" runstate="Runnable" testcasecount="2" result="Passed" start-time="2017-02-21 11:04:50Z" end-time="2017-02-21 11:04:50Z" duration="0.006024" total="2" passed="2" failed="0" warnings="0" inconclusive="0" skipped="0" asserts="2">
            <test-case id="0-5310" name="SupportedByConstraintBuilder" fullname="NUnit.Framework.Syntax.LengthTest.SupportedByConstraintBuilder" methodname="SupportedByConstraintBuilder" classname="NUnit.Framework.Syntax.SyntaxTest" runstate="Runnable" seed="2026118375" result="Passed" start-time="2017-02-21 11:04:50Z" end-time="2017-02-21 11:04:50Z" duration="0.000411" asserts="1" />
            <test-case id="0-5309" name="SupportedByStaticSyntax" fullname="NUnit.Framework.Syntax.LengthTest.SupportedByStaticSyntax" methodname="SupportedByStaticSyntax" classname="NUnit.Framework.Syntax.SyntaxTest" runstate="Runnable" seed="967767206" result="Passed" start-time="2017-02-21 11:04:50Z" end-time="2017-02-21 11:04:50Z" duration="0.000094" asserts="1" />
          </test-suite>
          <test-suite type="TestFixture" id="0-5161" name="LessThanOrEqualTest" fullname="NUnit.Framework.Syntax.LessThanOrEqualTest" classname="NUnit.Framework.Syntax.LessThanOrEqualTest" runstate="Runnable" testcasecount="2" result="Passed" start-time="2017-02-21 11:04:50Z" end-time="2017-02-21 11:04:50Z" duration="0.006032" total="2" passed="2" failed="0" warnings="0" inconclusive="0" skipped="0" asserts="2">
            <test-case id="0-5163" name="SupportedByConstraintBuilder" fullname="NUnit.Framework.Syntax.LessThanOrEqualTest.SupportedByConstraintBuilder" methodname="SupportedByConstraintBuilder" classname="NUnit.Framework.Syntax.SyntaxTest" runstate="Runnable" seed="436581170" result="Passed" start-time="2017-02-21 11:04:50Z" end-time="2017-02-21 11:04:50Z" duration="0.000348" asserts="1" />
            <test-case id="0-5162" name="SupportedByStaticSyntax" fullname="NUnit.Framework.Syntax.LessThanOrEqualTest.SupportedByStaticSyntax" methodname="SupportedByStaticSyntax" classname="NUnit.Framework.Syntax.SyntaxTest" runstate="Runnable" seed="391349278" result="Passed" start-time="2017-02-21 11:04:50Z" end-time="2017-02-21 11:04:50Z" duration="0.000084" asserts="1" />
          </test-suite>
          <test-suite type="TestFixture" id="0-5158" name="LessThanTest" fullname="NUnit.Framework.Syntax.LessThanTest" classname="NUnit.Framework.Syntax.LessThanTest" runstate="Runnable" testcasecount="2" result="Passed" start-time="2017-02-21 11:04:50Z" end-time="2017-02-21 11:04:50Z" duration="0.005359" total="2" passed="2" failed="0" warnings="0" inconclusive="0" skipped="0" asserts="2">
            <test-case id="0-5160" name="SupportedByConstraintBuilder" fullname="NUnit.Framework.Syntax.LessThanTest.SupportedByConstraintBuilder" methodname="SupportedByConstraintBuilder" classname="NUnit.Framework.Syntax.SyntaxTest" runstate="Runnable" seed="205002019" result="Passed" start-time="2017-02-21 11:04:50Z" end-time="2017-02-21 11:04:50Z" duration="0.000198" asserts="1" />
            <test-case id="0-5159" name="SupportedByStaticSyntax" fullname="NUnit.Framework.Syntax.LessThanTest.SupportedByStaticSyntax" methodname="SupportedByStaticSyntax" classname="NUnit.Framework.Syntax.SyntaxTest" runstate="Runnable" seed="611455024" result="Passed" start-time="2017-02-21 11:04:50Z" end-time="2017-02-21 11:04:50Z" duration="0.000065" asserts="1" />
          </test-suite>
          <test-suite type="TestFixture" id="0-5207" name="MixedOperatorOverrides" fullname="NUnit.Framework.Syntax.MixedOperatorOverrides" classname="NUnit.Framework.Syntax.MixedOperatorOverrides" runstate="Runnable" testcasecount="1" result="Passed" start-time="2017-02-21 11:04:50Z" end-time="2017-02-21 11:04:50Z" duration="0.006814" total="1" passed="1" failed="0" warnings="0" inconclusive="0" skipped="0" asserts="2">
            <test-case id="0-5208" name="ComplexTests" fullname="NUnit.Framework.Syntax.MixedOperatorOverrides.ComplexTests" methodname="ComplexTests" classname="NUnit.Framework.Syntax.MixedOperatorOverrides" runstate="Runnable" seed="1985603375" result="Passed" start-time="2017-02-21 11:04:50Z" end-time="2017-02-21 11:04:50Z" duration="0.000606" asserts="2" />
          </test-suite>
          <test-suite type="TestFixture" id="0-5314" name="MessageTest" fullname="NUnit.Framework.Syntax.MessageTest" classname="NUnit.Framework.Syntax.MessageTest" runstate="Runnable" testcasecount="2" result="Passed" start-time="2017-02-21 11:04:50Z" end-time="2017-02-21 11:04:50Z" duration="0.009107" total="2" passed="2" failed="0" warnings="0" inconclusive="0" skipped="0" asserts="2">
            <test-case id="0-5316" name="SupportedByConstraintBuilder" fullname="NUnit.Framework.Syntax.MessageTest.SupportedByConstraintBuilder" methodname="SupportedByConstraintBuilder" classname="NUnit.Framework.Syntax.SyntaxTest" runstate="Runnable" seed="938973393" result="Passed" start-time="2017-02-21 11:04:50Z" end-time="2017-02-21 11:04:50Z" duration="0.000249" asserts="1" />
            <test-case id="0-5315" name="SupportedByStaticSyntax" fullname="NUnit.Framework.Syntax.MessageTest.SupportedByStaticSyntax" methodname="SupportedByStaticSyntax" classname="NUnit.Framework.Syntax.SyntaxTest" runstate="Runnable" seed="19923827" result="Passed" start-time="2017-02-21 11:04:50Z" end-time="2017-02-21 11:04:50Z" duration="0.000090" asserts="1" />
          </test-suite>
          <test-suite type="TestFixture" id="0-5344" name="NaNTest" fullname="NUnit.Framework.Syntax.NaNTest" classname="NUnit.Framework.Syntax.NaNTest" runstate="Runnable" testcasecount="2" result="Passed" start-time="2017-02-21 11:04:50Z" end-time="2017-02-21 11:04:50Z" duration="0.006497" total="2" passed="2" failed="0" warnings="0" inconclusive="0" skipped="0" asserts="2">
            <test-case id="0-5346" name="SupportedByConstraintBuilder" fullname="NUnit.Framework.Syntax.NaNTest.SupportedByConstraintBuilder" methodname="SupportedByConstraintBuilder" classname="NUnit.Framework.Syntax.SyntaxTest" runstate="Runnable" seed="898575358" result="Passed" start-time="2017-02-21 11:04:50Z" end-time="2017-02-21 11:04:50Z" duration="0.000992" asserts="1" />
            <test-case id="0-5345" name="SupportedByStaticSyntax" fullname="NUnit.Framework.Syntax.NaNTest.SupportedByStaticSyntax" methodname="SupportedByStaticSyntax" classname="NUnit.Framework.Syntax.SyntaxTest" runstate="Runnable" seed="1181229200" result="Passed" start-time="2017-02-21 11:04:50Z" end-time="2017-02-21 11:04:50Z" duration="0.000059" asserts="1" />
          </test-suite>
          <test-suite type="TestFixture" id="0-5338" name="NegativeTest" fullname="NUnit.Framework.Syntax.NegativeTest" classname="NUnit.Framework.Syntax.NegativeTest" runstate="Runnable" testcasecount="2" result="Passed" start-time="2017-02-21 11:04:50Z" end-time="2017-02-21 11:04:50Z" duration="0.005444" total="2" passed="2" failed="0" warnings="0" inconclusive="0" skipped="0" asserts="2">
            <test-case id="0-5340" name="SupportedByConstraintBuilder" fullname="NUnit.Framework.Syntax.NegativeTest.SupportedByConstraintBuilder" methodname="SupportedByConstraintBuilder" classname="NUnit.Framework.Syntax.SyntaxTest" runstate="Runnable" seed="1942110176" result="Passed" start-time="2017-02-21 11:04:50Z" end-time="2017-02-21 11:04:50Z" duration="0.000365" asserts="1" />
            <test-case id="0-5339" name="SupportedByStaticSyntax" fullname="NUnit.Framework.Syntax.NegativeTest.SupportedByStaticSyntax" methodname="SupportedByStaticSyntax" classname="NUnit.Framework.Syntax.SyntaxTest" runstate="Runnable" seed="1982242768" result="Passed" start-time="2017-02-21 11:04:50Z" end-time="2017-02-21 11:04:50Z" duration="0.000090" asserts="1" />
          </test-suite>
          <test-suite type="TestFixture" id="0-5230" name="NoneTest" fullname="NUnit.Framework.Syntax.NoneTest" classname="NUnit.Framework.Syntax.NoneTest" runstate="Runnable" testcasecount="2" result="Passed" start-time="2017-02-21 11:04:50Z" end-time="2017-02-21 11:04:50Z" duration="0.005517" total="2" passed="2" failed="0" warnings="0" inconclusive="0" skipped="0" asserts="2">
            <test-case id="0-5232" name="SupportedByConstraintBuilder" fullname="NUnit.Framework.Syntax.NoneTest.SupportedByConstraintBuilder" methodname="SupportedByConstraintBuilder" classname="NUnit.Framework.Syntax.SyntaxTest" runstate="Runnable" seed="1158680167" result="Passed" start-time="2017-02-21 11:04:50Z" end-time="2017-02-21 11:04:50Z" duration="0.000277" asserts="1" />
            <test-case id="0-5231" name="SupportedByStaticSyntax" fullname="NUnit.Framework.Syntax.NoneTest.SupportedByStaticSyntax" methodname="SupportedByStaticSyntax" classname="NUnit.Framework.Syntax.SyntaxTest" runstate="Runnable" seed="1898793038" result="Passed" start-time="2017-02-21 11:04:50Z" end-time="2017-02-21 11:04:50Z" duration="0.000081" asserts="1" />
          </test-suite>
          <test-suite type="TestFixture" id="0-5198" name="NotOperatorOverride" fullname="NUnit.Framework.Syntax.NotOperatorOverride" classname="NUnit.Framework.Syntax.NotOperatorOverride" runstate="Runnable" testcasecount="2" result="Passed" start-time="2017-02-21 11:04:50Z" end-time="2017-02-21 11:04:50Z" duration="0.005184" total="2" passed="2" failed="0" warnings="0" inconclusive="0" skipped="0" asserts="2">
            <test-case id="0-5200" name="SupportedByConstraintBuilder" fullname="NUnit.Framework.Syntax.NotOperatorOverride.SupportedByConstraintBuilder" methodname="SupportedByConstraintBuilder" classname="NUnit.Framework.Syntax.SyntaxTest" runstate="Runnable" seed="584369275" result="Passed" start-time="2017-02-21 11:04:50Z" end-time="2017-02-21 11:04:50Z" duration="0.000199" asserts="1" />
            <test-case id="0-5199" name="SupportedByStaticSyntax" fullname="NUnit.Framework.Syntax.NotOperatorOverride.SupportedByStaticSyntax" methodname="SupportedByStaticSyntax" classname="NUnit.Framework.Syntax.SyntaxTest" runstate="Runnable" seed="1218268554" result="Passed" start-time="2017-02-21 11:04:50Z" end-time="2017-02-21 11:04:50Z" duration="0.000066" asserts="1" />
          </test-suite>
          <test-suite type="TestFixture" id="0-5287" name="NotSamePathOrUnderTest_IgnoreCase" fullname="NUnit.Framework.Syntax.NotSamePathOrUnderTest_IgnoreCase" classname="NUnit.Framework.Syntax.NotSamePathOrUnderTest_IgnoreCase" runstate="Runnable" testcasecount="2" result="Passed" start-time="2017-02-21 11:04:50Z" end-time="2017-02-21 11:04:50Z" duration="0.005350" total="2" passed="2" failed="0" warnings="0" inconclusive="0" skipped="0" asserts="2">
            <test-case id="0-5289" name="SupportedByConstraintBuilder" fullname="NUnit.Framework.Syntax.NotSamePathOrUnderTest_IgnoreCase.SupportedByConstraintBuilder" methodname="SupportedByConstraintBuilder" classname="NUnit.Framework.Syntax.SyntaxTest" runstate="Runnable" seed="803311774" result="Passed" start-time="2017-02-21 11:04:50Z" end-time="2017-02-21 11:04:50Z" duration="0.000220" asserts="1" />
            <test-case id="0-5288" name="SupportedByStaticSyntax" fullname="NUnit.Framework.Syntax.NotSamePathOrUnderTest_IgnoreCase.SupportedByStaticSyntax" methodname="SupportedByStaticSyntax" classname="NUnit.Framework.Syntax.SyntaxTest" runstate="Runnable" seed="1149765716" result="Passed" start-time="2017-02-21 11:04:50Z" end-time="2017-02-21 11:04:50Z" duration="0.000096" asserts="1" />
          </test-suite>
          <test-suite type="TestFixture" id="0-5293" name="NotSamePathOrUnderTest_RespectCase" fullname="NUnit.Framework.Syntax.NotSamePathOrUnderTest_RespectCase" classname="NUnit.Framework.Syntax.NotSamePathOrUnderTest_RespectCase" runstate="Runnable" testcasecount="2" result="Passed" start-time="2017-02-21 11:04:50Z" end-time="2017-02-21 11:04:50Z" duration="0.005861" total="2" passed="2" failed="0" warnings="0" inconclusive="0" skipped="0" asserts="2">
            <test-case id="0-5295" name="SupportedByConstraintBuilder" fullname="NUnit.Framework.Syntax.NotSamePathOrUnderTest_RespectCase.SupportedByConstraintBuilder" methodname="SupportedByConstraintBuilder" classname="NUnit.Framework.Syntax.SyntaxTest" runstate="Runnable" seed="2100193895" result="Passed" start-time="2017-02-21 11:04:50Z" end-time="2017-02-21 11:04:50Z" duration="0.000222" asserts="1" />
            <test-case id="0-5294" name="SupportedByStaticSyntax" fullname="NUnit.Framework.Syntax.NotSamePathOrUnderTest_RespectCase.SupportedByStaticSyntax" methodname="SupportedByStaticSyntax" classname="NUnit.Framework.Syntax.SyntaxTest" runstate="Runnable" seed="1716645401" result="Passed" start-time="2017-02-21 11:04:50Z" end-time="2017-02-21 11:04:50Z" duration="0.000102" asserts="1" />
          </test-suite>
          <test-suite type="TestFixture" id="0-5272" name="NotSamePathTest_IgnoreCase" fullname="NUnit.Framework.Syntax.NotSamePathTest_IgnoreCase" classname="NUnit.Framework.Syntax.NotSamePathTest_IgnoreCase" runstate="Runnable" testcasecount="2" result="Passed" start-time="2017-02-21 11:04:50Z" end-time="2017-02-21 11:04:50Z" duration="0.005900" total="2" passed="2" failed="0" warnings="0" inconclusive="0" skipped="0" asserts="2">
            <test-case id="0-5274" name="SupportedByConstraintBuilder" fullname="NUnit.Framework.Syntax.NotSamePathTest_IgnoreCase.SupportedByConstraintBuilder" methodname="SupportedByConstraintBuilder" classname="NUnit.Framework.Syntax.SyntaxTest" runstate="Runnable" seed="1207787666" result="Passed" start-time="2017-02-21 11:04:50Z" end-time="2017-02-21 11:04:50Z" duration="0.000525" asserts="1" />
            <test-case id="0-5273" name="SupportedByStaticSyntax" fullname="NUnit.Framework.Syntax.NotSamePathTest_IgnoreCase.SupportedByStaticSyntax" methodname="SupportedByStaticSyntax" classname="NUnit.Framework.Syntax.SyntaxTest" runstate="Runnable" seed="43528450" result="Passed" start-time="2017-02-21 11:04:50Z" end-time="2017-02-21 11:04:50Z" duration="0.000059" asserts="1" />
          </test-suite>
          <test-suite type="TestFixture" id="0-5278" name="NotSamePathTest_RespectCase" fullname="NUnit.Framework.Syntax.NotSamePathTest_RespectCase" classname="NUnit.Framework.Syntax.NotSamePathTest_RespectCase" runstate="Runnable" testcasecount="2" result="Passed" start-time="2017-02-21 11:04:50Z" end-time="2017-02-21 11:04:50Z" duration="0.005455" total="2" passed="2" failed="0" warnings="0" inconclusive="0" skipped="0" asserts="2">
            <test-case id="0-5280" name="SupportedByConstraintBuilder" fullname="NUnit.Framework.Syntax.NotSamePathTest_RespectCase.SupportedByConstraintBuilder" methodname="SupportedByConstraintBuilder" classname="NUnit.Framework.Syntax.SyntaxTest" runstate="Runnable" seed="1411242648" result="Passed" start-time="2017-02-21 11:04:50Z" end-time="2017-02-21 11:04:50Z" duration="0.000381" asserts="1" />
            <test-case id="0-5279" name="SupportedByStaticSyntax" fullname="NUnit.Framework.Syntax.NotSamePathTest_RespectCase.SupportedByStaticSyntax" methodname="SupportedByStaticSyntax" classname="NUnit.Framework.Syntax.SyntaxTest" runstate="Runnable" seed="1945138058" result="Passed" start-time="2017-02-21 11:04:50Z" end-time="2017-02-21 11:04:50Z" duration="0.000058" asserts="1" />
          </test-suite>
          <test-suite type="TestFixture" id="0-5212" name="NotTest_Cascaded" fullname="NUnit.Framework.Syntax.NotTest_Cascaded" classname="NUnit.Framework.Syntax.NotTest_Cascaded" runstate="Runnable" testcasecount="2" result="Passed" start-time="2017-02-21 11:04:50Z" end-time="2017-02-21 11:04:50Z" duration="0.008290" total="2" passed="2" failed="0" warnings="0" inconclusive="0" skipped="0" asserts="2">
            <test-case id="0-5214" name="SupportedByConstraintBuilder" fullname="NUnit.Framework.Syntax.NotTest_Cascaded.SupportedByConstraintBuilder" methodname="SupportedByConstraintBuilder" classname="NUnit.Framework.Syntax.SyntaxTest" runstate="Runnable" seed="885216996" result="Passed" start-time="2017-02-21 11:04:50Z" end-time="2017-02-21 11:04:50Z" duration="0.000319" asserts="1" />
            <test-case id="0-5213" name="SupportedByStaticSyntax" fullname="NUnit.Framework.Syntax.NotTest_Cascaded.SupportedByStaticSyntax" methodname="SupportedByStaticSyntax" classname="NUnit.Framework.Syntax.SyntaxTest" runstate="Runnable" seed="1772005038" result="Passed" start-time="2017-02-21 11:04:50Z" end-time="2017-02-21 11:04:50Z" duration="0.000100" asserts="1" />
          </test-suite>
          <test-suite type="TestFixture" id="0-5209" name="NotTest" fullname="NUnit.Framework.Syntax.NotTest" classname="NUnit.Framework.Syntax.NotTest" runstate="Runnable" testcasecount="2" result="Passed" start-time="2017-02-21 11:04:50Z" end-time="2017-02-21 11:04:50Z" duration="0.008885" total="2" passed="2" failed="0" warnings="0" inconclusive="0" skipped="0" asserts="2">
            <test-case id="0-5211" name="SupportedByConstraintBuilder" fullname="NUnit.Framework.Syntax.NotTest.SupportedByConstraintBuilder" methodname="SupportedByConstraintBuilder" classname="NUnit.Framework.Syntax.SyntaxTest" runstate="Runnable" seed="1811555512" result="Passed" start-time="2017-02-21 11:04:50Z" end-time="2017-02-21 11:04:50Z" duration="0.000319" asserts="1" />
            <test-case id="0-5210" name="SupportedByStaticSyntax" fullname="NUnit.Framework.Syntax.NotTest.SupportedByStaticSyntax" methodname="SupportedByStaticSyntax" classname="NUnit.Framework.Syntax.SyntaxTest" runstate="Runnable" seed="1025454909" result="Passed" start-time="2017-02-21 11:04:50Z" end-time="2017-02-21 11:04:50Z" duration="0.000098" asserts="1" />
          </test-suite>
          <test-suite type="TestFixture" id="0-5326" name="NullTest" fullname="NUnit.Framework.Syntax.NullTest" classname="NUnit.Framework.Syntax.NullTest" runstate="Runnable" testcasecount="2" result="Passed" start-time="2017-02-21 11:04:50Z" end-time="2017-02-21 11:04:50Z" duration="0.006123" total="2" passed="2" failed="0" warnings="0" inconclusive="0" skipped="0" asserts="2">
            <test-case id="0-5328" name="SupportedByConstraintBuilder" fullname="NUnit.Framework.Syntax.NullTest.SupportedByConstraintBuilder" methodname="SupportedByConstraintBuilder" classname="NUnit.Framework.Syntax.SyntaxTest" runstate="Runnable" seed="1958591970" result="Passed" start-time="2017-02-21 11:04:50Z" end-time="2017-02-21 11:04:50Z" duration="0.000235" asserts="1" />
            <test-case id="0-5327" name="SupportedByStaticSyntax" fullname="NUnit.Framework.Syntax.NullTest.SupportedByStaticSyntax" methodname="SupportedByStaticSyntax" classname="NUnit.Framework.Syntax.SyntaxTest" runstate="Runnable" seed="710243808" result="Passed" start-time="2017-02-21 11:04:50Z" end-time="2017-02-21 11:04:50Z" duration="0.000070" asserts="1" />
          </test-suite>
          <test-suite type="TestFixture" id="0-5263" name="OperatorPrecedenceTests" fullname="NUnit.Framework.Syntax.OperatorPrecedenceTests" classname="NUnit.Framework.Syntax.OperatorPrecedenceTests" runstate="Runnable" testcasecount="2" result="Passed" start-time="2017-02-21 11:04:50Z" end-time="2017-02-21 11:04:50Z" duration="0.007973" total="2" passed="2" failed="0" warnings="0" inconclusive="0" skipped="0" asserts="8">
            <test-case id="0-5265" name="SomeTests" fullname="NUnit.Framework.Syntax.OperatorPrecedenceTests.SomeTests" methodname="SomeTests" classname="NUnit.Framework.Syntax.OperatorPrecedenceTests" runstate="Runnable" seed="104557764" result="Passed" start-time="2017-02-21 11:04:50Z" end-time="2017-02-21 11:04:50Z" duration="0.001545" asserts="2" />
            <test-case id="0-5264" name="WithTests" fullname="NUnit.Framework.Syntax.OperatorPrecedenceTests.WithTests" methodname="WithTests" classname="NUnit.Framework.Syntax.OperatorPrecedenceTests" runstate="Runnable" seed="1524122070" result="Passed" start-time="2017-02-21 11:04:50Z" end-time="2017-02-21 11:04:50Z" duration="0.001533" asserts="6" />
          </test-suite>
          <test-suite type="TestFixture" id="0-5204" name="OrOperatorOverride" fullname="NUnit.Framework.Syntax.OrOperatorOverride" classname="NUnit.Framework.Syntax.OrOperatorOverride" runstate="Runnable" testcasecount="2" result="Passed" start-time="2017-02-21 11:04:50Z" end-time="2017-02-21 11:04:50Z" duration="0.006599" total="2" passed="2" failed="0" warnings="0" inconclusive="0" skipped="0" asserts="2">
            <test-case id="0-5206" name="SupportedByConstraintBuilder" fullname="NUnit.Framework.Syntax.OrOperatorOverride.SupportedByConstraintBuilder" methodname="SupportedByConstraintBuilder" classname="NUnit.Framework.Syntax.SyntaxTest" runstate="Runnable" seed="287432698" result="Passed" start-time="2017-02-21 11:04:50Z" end-time="2017-02-21 11:04:50Z" duration="0.000459" asserts="1" />
            <test-case id="0-5205" name="SupportedByStaticSyntax" fullname="NUnit.Framework.Syntax.OrOperatorOverride.SupportedByStaticSyntax" methodname="SupportedByStaticSyntax" classname="NUnit.Framework.Syntax.SyntaxTest" runstate="Runnable" seed="1222221738" result="Passed" start-time="2017-02-21 11:04:50Z" end-time="2017-02-21 11:04:50Z" duration="0.000100" asserts="1" />
          </test-suite>
          <test-suite type="TestFixture" id="0-5251" name="OrTest" fullname="NUnit.Framework.Syntax.OrTest" classname="NUnit.Framework.Syntax.OrTest" runstate="Runnable" testcasecount="2" result="Passed" start-time="2017-02-21 11:04:50Z" end-time="2017-02-21 11:04:50Z" duration="0.007607" total="2" passed="2" failed="0" warnings="0" inconclusive="0" skipped="0" asserts="2">
            <test-case id="0-5253" name="SupportedByConstraintBuilder" fullname="NUnit.Framework.Syntax.OrTest.SupportedByConstraintBuilder" methodname="SupportedByConstraintBuilder" classname="NUnit.Framework.Syntax.SyntaxTest" runstate="Runnable" seed="754025639" result="Passed" start-time="2017-02-21 11:04:50Z" end-time="2017-02-21 11:04:50Z" duration="0.000423" asserts="1" />
            <test-case id="0-5252" name="SupportedByStaticSyntax" fullname="NUnit.Framework.Syntax.OrTest.SupportedByStaticSyntax" methodname="SupportedByStaticSyntax" classname="NUnit.Framework.Syntax.SyntaxTest" runstate="Runnable" seed="1935562729" result="Passed" start-time="2017-02-21 11:04:50Z" end-time="2017-02-21 11:04:50Z" duration="0.000722" asserts="1" />
          </test-suite>
          <test-suite type="TestFixture" id="0-5254" name="OrTest_ThreeOrs" fullname="NUnit.Framework.Syntax.OrTest_ThreeOrs" classname="NUnit.Framework.Syntax.OrTest_ThreeOrs" runstate="Runnable" testcasecount="2" result="Passed" start-time="2017-02-21 11:04:50Z" end-time="2017-02-21 11:04:50Z" duration="0.006553" total="2" passed="2" failed="0" warnings="0" inconclusive="0" skipped="0" asserts="2">
            <test-case id="0-5256" name="SupportedByConstraintBuilder" fullname="NUnit.Framework.Syntax.OrTest_ThreeOrs.SupportedByConstraintBuilder" methodname="SupportedByConstraintBuilder" classname="NUnit.Framework.Syntax.SyntaxTest" runstate="Runnable" seed="1794723331" result="Passed" start-time="2017-02-21 11:04:50Z" end-time="2017-02-21 11:04:50Z" duration="0.000456" asserts="1" />
            <test-case id="0-5255" name="SupportedByStaticSyntax" fullname="NUnit.Framework.Syntax.OrTest_ThreeOrs.SupportedByStaticSyntax" methodname="SupportedByStaticSyntax" classname="NUnit.Framework.Syntax.SyntaxTest" runstate="Runnable" seed="506470442" result="Passed" start-time="2017-02-21 11:04:50Z" end-time="2017-02-21 11:04:50Z" duration="0.000093" asserts="1" />
          </test-suite>
          <test-suite type="TestFixture" id="0-5335" name="PositiveTest" fullname="NUnit.Framework.Syntax.PositiveTest" classname="NUnit.Framework.Syntax.PositiveTest" runstate="Runnable" testcasecount="2" result="Passed" start-time="2017-02-21 11:04:50Z" end-time="2017-02-21 11:04:50Z" duration="0.005772" total="2" passed="2" failed="0" warnings="0" inconclusive="0" skipped="0" asserts="2">
            <test-case id="0-5337" name="SupportedByConstraintBuilder" fullname="NUnit.Framework.Syntax.PositiveTest.SupportedByConstraintBuilder" methodname="SupportedByConstraintBuilder" classname="NUnit.Framework.Syntax.SyntaxTest" runstate="Runnable" seed="1621200861" result="Passed" start-time="2017-02-21 11:04:50Z" end-time="2017-02-21 11:04:50Z" duration="0.000281" asserts="1" />
            <test-case id="0-5336" name="SupportedByStaticSyntax" fullname="NUnit.Framework.Syntax.PositiveTest.SupportedByStaticSyntax" methodname="SupportedByStaticSyntax" classname="NUnit.Framework.Syntax.SyntaxTest" runstate="Runnable" seed="958776815" result="Passed" start-time="2017-02-21 11:04:50Z" end-time="2017-02-21 11:04:50Z" duration="0.000079" asserts="1" />
          </test-suite>
          <test-suite type="TestFixture" id="0-5296" name="PropertyExistsTest" fullname="NUnit.Framework.Syntax.PropertyExistsTest" classname="NUnit.Framework.Syntax.PropertyExistsTest" runstate="Runnable" testcasecount="2" result="Passed" start-time="2017-02-21 11:04:50Z" end-time="2017-02-21 11:04:50Z" duration="0.006246" total="2" passed="2" failed="0" warnings="0" inconclusive="0" skipped="0" asserts="2">
            <test-case id="0-5298" name="SupportedByConstraintBuilder" fullname="NUnit.Framework.Syntax.PropertyExistsTest.SupportedByConstraintBuilder" methodname="SupportedByConstraintBuilder" classname="NUnit.Framework.Syntax.SyntaxTest" runstate="Runnable" seed="462129102" result="Passed" start-time="2017-02-21 11:04:50Z" end-time="2017-02-21 11:04:50Z" duration="0.000279" asserts="1" />
            <test-case id="0-5297" name="SupportedByStaticSyntax" fullname="NUnit.Framework.Syntax.PropertyExistsTest.SupportedByStaticSyntax" methodname="SupportedByStaticSyntax" classname="NUnit.Framework.Syntax.SyntaxTest" runstate="Runnable" seed="249466538" result="Passed" start-time="2017-02-21 11:04:50Z" end-time="2017-02-21 11:04:50Z" duration="0.000093" asserts="1" />
          </test-suite>
          <test-suite type="TestFixture" id="0-5299" name="PropertyExistsTest_AndFollows" fullname="NUnit.Framework.Syntax.PropertyExistsTest_AndFollows" classname="NUnit.Framework.Syntax.PropertyExistsTest_AndFollows" runstate="Runnable" testcasecount="2" result="Passed" start-time="2017-02-21 11:04:50Z" end-time="2017-02-21 11:04:50Z" duration="0.006601" total="2" passed="2" failed="0" warnings="0" inconclusive="0" skipped="0" asserts="2">
            <test-case id="0-5301" name="SupportedByConstraintBuilder" fullname="NUnit.Framework.Syntax.PropertyExistsTest_AndFollows.SupportedByConstraintBuilder" methodname="SupportedByConstraintBuilder" classname="NUnit.Framework.Syntax.SyntaxTest" runstate="Runnable" seed="494004426" result="Passed" start-time="2017-02-21 11:04:50Z" end-time="2017-02-21 11:04:50Z" duration="0.000401" asserts="1" />
            <test-case id="0-5300" name="SupportedByStaticSyntax" fullname="NUnit.Framework.Syntax.PropertyExistsTest_AndFollows.SupportedByStaticSyntax" methodname="SupportedByStaticSyntax" classname="NUnit.Framework.Syntax.SyntaxTest" runstate="Runnable" seed="1829421397" result="Passed" start-time="2017-02-21 11:04:50Z" end-time="2017-02-21 11:04:50Z" duration="0.000095" asserts="1" />
          </test-suite>
          <test-suite type="TestFixture" id="0-5317" name="PropertySyntaxVariations" fullname="NUnit.Framework.Syntax.PropertySyntaxVariations" classname="NUnit.Framework.Syntax.PropertySyntaxVariations" runstate="Runnable" testcasecount="2" result="Passed" start-time="2017-02-21 11:04:50Z" end-time="2017-02-21 11:04:50Z" duration="0.012845" total="2" passed="2" failed="0" warnings="0" inconclusive="0" skipped="0" asserts="4">
            <test-case id="0-5318" name="ExistenceTest" fullname="NUnit.Framework.Syntax.PropertySyntaxVariations.ExistenceTest" methodname="ExistenceTest" classname="NUnit.Framework.Syntax.PropertySyntaxVariations" runstate="Runnable" seed="887711109" result="Passed" start-time="2017-02-21 11:04:50Z" end-time="2017-02-21 11:04:50Z" duration="0.000364" asserts="2" />
            <test-case id="0-5319" name="SeparateConstraintTest" fullname="NUnit.Framework.Syntax.PropertySyntaxVariations.SeparateConstraintTest" methodname="SeparateConstraintTest" classname="NUnit.Framework.Syntax.PropertySyntaxVariations" runstate="Runnable" seed="1863750822" result="Passed" start-time="2017-02-21 11:04:50Z" end-time="2017-02-21 11:04:50Z" duration="0.001261" asserts="2" />
          </test-suite>
          <test-suite type="TestFixture" id="0-5302" name="PropertyTest_ConstraintFollows" fullname="NUnit.Framework.Syntax.PropertyTest_ConstraintFollows" classname="NUnit.Framework.Syntax.PropertyTest_ConstraintFollows" runstate="Runnable" testcasecount="2" result="Passed" start-time="2017-02-21 11:04:50Z" end-time="2017-02-21 11:04:50Z" duration="0.010350" total="2" passed="2" failed="0" warnings="0" inconclusive="0" skipped="0" asserts="2">
            <test-case id="0-5304" name="SupportedByConstraintBuilder" fullname="NUnit.Framework.Syntax.PropertyTest_ConstraintFollows.SupportedByConstraintBuilder" methodname="SupportedByConstraintBuilder" classname="NUnit.Framework.Syntax.SyntaxTest" runstate="Runnable" seed="609852435" result="Passed" start-time="2017-02-21 11:04:50Z" end-time="2017-02-21 11:04:50Z" duration="0.001546" asserts="1" />
            <test-case id="0-5303" name="SupportedByStaticSyntax" fullname="NUnit.Framework.Syntax.PropertyTest_ConstraintFollows.SupportedByStaticSyntax" methodname="SupportedByStaticSyntax" classname="NUnit.Framework.Syntax.SyntaxTest" runstate="Runnable" seed="1572533749" result="Passed" start-time="2017-02-21 11:04:50Z" end-time="2017-02-21 11:04:50Z" duration="0.000675" asserts="1" />
          </test-suite>
          <test-suite type="TestFixture" id="0-5305" name="PropertyTest_NotFollows" fullname="NUnit.Framework.Syntax.PropertyTest_NotFollows" classname="NUnit.Framework.Syntax.PropertyTest_NotFollows" runstate="Runnable" testcasecount="2" result="Passed" start-time="2017-02-21 11:04:50Z" end-time="2017-02-21 11:04:50Z" duration="0.006427" total="2" passed="2" failed="0" warnings="0" inconclusive="0" skipped="0" asserts="2">
            <test-case id="0-5307" name="SupportedByConstraintBuilder" fullname="NUnit.Framework.Syntax.PropertyTest_NotFollows.SupportedByConstraintBuilder" methodname="SupportedByConstraintBuilder" classname="NUnit.Framework.Syntax.SyntaxTest" runstate="Runnable" seed="90190730" result="Passed" start-time="2017-02-21 11:04:50Z" end-time="2017-02-21 11:04:50Z" duration="0.000347" asserts="1" />
            <test-case id="0-5306" name="SupportedByStaticSyntax" fullname="NUnit.Framework.Syntax.PropertyTest_NotFollows.SupportedByStaticSyntax" methodname="SupportedByStaticSyntax" classname="NUnit.Framework.Syntax.SyntaxTest" runstate="Runnable" seed="791849439" result="Passed" start-time="2017-02-21 11:04:50Z" end-time="2017-02-21 11:04:50Z" duration="0.000140" asserts="1" />
          </test-suite>
          <test-suite type="TestFixture" id="0-5368" name="RegexTest" fullname="NUnit.Framework.Syntax.RegexTest" classname="NUnit.Framework.Syntax.RegexTest" runstate="Runnable" testcasecount="2" result="Passed" start-time="2017-02-21 11:04:50Z" end-time="2017-02-21 11:04:50Z" duration="0.006221" total="2" passed="2" failed="0" warnings="0" inconclusive="0" skipped="0" asserts="2">
            <test-case id="0-5370" name="SupportedByConstraintBuilder" fullname="NUnit.Framework.Syntax.RegexTest.SupportedByConstraintBuilder" methodname="SupportedByConstraintBuilder" classname="NUnit.Framework.Syntax.SyntaxTest" runstate="Runnable" seed="1830308221" result="Passed" start-time="2017-02-21 11:04:50Z" end-time="2017-02-21 11:04:50Z" duration="0.000344" asserts="1" />
            <test-case id="0-5369" name="SupportedByStaticSyntax" fullname="NUnit.Framework.Syntax.RegexTest.SupportedByStaticSyntax" methodname="SupportedByStaticSyntax" classname="NUnit.Framework.Syntax.SyntaxTest" runstate="Runnable" seed="1741068919" result="Passed" start-time="2017-02-21 11:04:50Z" end-time="2017-02-21 11:04:50Z" duration="0.000067" asserts="1" />
          </test-suite>
          <test-suite type="TestFixture" id="0-5371" name="RegexTest_IgnoreCase" fullname="NUnit.Framework.Syntax.RegexTest_IgnoreCase" classname="NUnit.Framework.Syntax.RegexTest_IgnoreCase" runstate="Runnable" testcasecount="2" result="Passed" start-time="2017-02-21 11:04:50Z" end-time="2017-02-21 11:04:50Z" duration="0.006891" total="2" passed="2" failed="0" warnings="0" inconclusive="0" skipped="0" asserts="2">
            <test-case id="0-5373" name="SupportedByConstraintBuilder" fullname="NUnit.Framework.Syntax.RegexTest_IgnoreCase.SupportedByConstraintBuilder" methodname="SupportedByConstraintBuilder" classname="NUnit.Framework.Syntax.SyntaxTest" runstate="Runnable" seed="1938350546" result="Passed" start-time="2017-02-21 11:04:50Z" end-time="2017-02-21 11:04:50Z" duration="0.000284" asserts="1" />
            <test-case id="0-5372" name="SupportedByStaticSyntax" fullname="NUnit.Framework.Syntax.RegexTest_IgnoreCase.SupportedByStaticSyntax" methodname="SupportedByStaticSyntax" classname="NUnit.Framework.Syntax.SyntaxTest" runstate="Runnable" seed="1781010206" result="Passed" start-time="2017-02-21 11:04:50Z" end-time="2017-02-21 11:04:50Z" duration="0.000085" asserts="1" />
          </test-suite>
          <test-suite type="TestFixture" id="0-5281" name="SamePathOrUnderTest" fullname="NUnit.Framework.Syntax.SamePathOrUnderTest" classname="NUnit.Framework.Syntax.SamePathOrUnderTest" runstate="Runnable" testcasecount="2" result="Passed" start-time="2017-02-21 11:04:50Z" end-time="2017-02-21 11:04:50Z" duration="0.005661" total="2" passed="2" failed="0" warnings="0" inconclusive="0" skipped="0" asserts="2">
            <test-case id="0-5283" name="SupportedByConstraintBuilder" fullname="NUnit.Framework.Syntax.SamePathOrUnderTest.SupportedByConstraintBuilder" methodname="SupportedByConstraintBuilder" classname="NUnit.Framework.Syntax.SyntaxTest" runstate="Runnable" seed="1239115374" result="Passed" start-time="2017-02-21 11:04:50Z" end-time="2017-02-21 11:04:50Z" duration="0.000357" asserts="1" />
            <test-case id="0-5282" name="SupportedByStaticSyntax" fullname="NUnit.Framework.Syntax.SamePathOrUnderTest.SupportedByStaticSyntax" methodname="SupportedByStaticSyntax" classname="NUnit.Framework.Syntax.SyntaxTest" runstate="Runnable" seed="392836225" result="Passed" start-time="2017-02-21 11:04:50Z" end-time="2017-02-21 11:04:50Z" duration="0.000098" asserts="1" />
          </test-suite>
          <test-suite type="TestFixture" id="0-5284" name="SamePathOrUnderTest_IgnoreCase" fullname="NUnit.Framework.Syntax.SamePathOrUnderTest_IgnoreCase" classname="NUnit.Framework.Syntax.SamePathOrUnderTest_IgnoreCase" runstate="Runnable" testcasecount="2" result="Passed" start-time="2017-02-21 11:04:50Z" end-time="2017-02-21 11:04:50Z" duration="0.005561" total="2" passed="2" failed="0" warnings="0" inconclusive="0" skipped="0" asserts="2">
            <test-case id="0-5286" name="SupportedByConstraintBuilder" fullname="NUnit.Framework.Syntax.SamePathOrUnderTest_IgnoreCase.SupportedByConstraintBuilder" methodname="SupportedByConstraintBuilder" classname="NUnit.Framework.Syntax.SyntaxTest" runstate="Runnable" seed="111527088" result="Passed" start-time="2017-02-21 11:04:50Z" end-time="2017-02-21 11:04:50Z" duration="0.000246" asserts="1" />
            <test-case id="0-5285" name="SupportedByStaticSyntax" fullname="NUnit.Framework.Syntax.SamePathOrUnderTest_IgnoreCase.SupportedByStaticSyntax" methodname="SupportedByStaticSyntax" classname="NUnit.Framework.Syntax.SyntaxTest" runstate="Runnable" seed="1966153168" result="Passed" start-time="2017-02-21 11:04:50Z" end-time="2017-02-21 11:04:50Z" duration="0.000079" asserts="1" />
          </test-suite>
          <test-suite type="TestFixture" id="0-5290" name="SamePathOrUnderTest_RespectCase" fullname="NUnit.Framework.Syntax.SamePathOrUnderTest_RespectCase" classname="NUnit.Framework.Syntax.SamePathOrUnderTest_RespectCase" runstate="Runnable" testcasecount="2" result="Passed" start-time="2017-02-21 11:04:50Z" end-time="2017-02-21 11:04:50Z" duration="0.007111" total="2" passed="2" failed="0" warnings="0" inconclusive="0" skipped="0" asserts="2">
            <test-case id="0-5292" name="SupportedByConstraintBuilder" fullname="NUnit.Framework.Syntax.SamePathOrUnderTest_RespectCase.SupportedByConstraintBuilder" methodname="SupportedByConstraintBuilder" classname="NUnit.Framework.Syntax.SyntaxTest" runstate="Runnable" seed="93823892" result="Passed" start-time="2017-02-21 11:04:50Z" end-time="2017-02-21 11:04:50Z" duration="0.000227" asserts="1" />
            <test-case id="0-5291" name="SupportedByStaticSyntax" fullname="NUnit.Framework.Syntax.SamePathOrUnderTest_RespectCase.SupportedByStaticSyntax" methodname="SupportedByStaticSyntax" classname="NUnit.Framework.Syntax.SyntaxTest" runstate="Runnable" seed="477229772" result="Passed" start-time="2017-02-21 11:04:50Z" end-time="2017-02-21 11:04:50Z" duration="0.000265" asserts="1" />
          </test-suite>
          <test-suite type="TestFixture" id="0-5266" name="SamePathTest" fullname="NUnit.Framework.Syntax.SamePathTest" classname="NUnit.Framework.Syntax.SamePathTest" runstate="Runnable" testcasecount="2" result="Passed" start-time="2017-02-21 11:04:50Z" end-time="2017-02-21 11:04:50Z" duration="0.006317" total="2" passed="2" failed="0" warnings="0" inconclusive="0" skipped="0" asserts="2">
            <test-case id="0-5268" name="SupportedByConstraintBuilder" fullname="NUnit.Framework.Syntax.SamePathTest.SupportedByConstraintBuilder" methodname="SupportedByConstraintBuilder" classname="NUnit.Framework.Syntax.SyntaxTest" runstate="Runnable" seed="1226155503" result="Passed" start-time="2017-02-21 11:04:50Z" end-time="2017-02-21 11:04:50Z" duration="0.000278" asserts="1" />
            <test-case id="0-5267" name="SupportedByStaticSyntax" fullname="NUnit.Framework.Syntax.SamePathTest.SupportedByStaticSyntax" methodname="SupportedByStaticSyntax" classname="NUnit.Framework.Syntax.SyntaxTest" runstate="Runnable" seed="1768646155" result="Passed" start-time="2017-02-21 11:04:50Z" end-time="2017-02-21 11:04:50Z" duration="0.000179" asserts="1" />
          </test-suite>
          <test-suite type="TestFixture" id="0-5269" name="SamePathTest_IgnoreCase" fullname="NUnit.Framework.Syntax.SamePathTest_IgnoreCase" classname="NUnit.Framework.Syntax.SamePathTest_IgnoreCase" runstate="Runnable" testcasecount="2" result="Passed" start-time="2017-02-21 11:04:50Z" end-time="2017-02-21 11:04:50Z" duration="0.008014" total="2" passed="2" failed="0" warnings="0" inconclusive="0" skipped="0" asserts="2">
            <test-case id="0-5271" name="SupportedByConstraintBuilder" fullname="NUnit.Framework.Syntax.SamePathTest_IgnoreCase.SupportedByConstraintBuilder" methodname="SupportedByConstraintBuilder" classname="NUnit.Framework.Syntax.SyntaxTest" runstate="Runnable" seed="508217600" result="Passed" start-time="2017-02-21 11:04:50Z" end-time="2017-02-21 11:04:50Z" duration="0.000315" asserts="1" />
            <test-case id="0-5270" name="SupportedByStaticSyntax" fullname="NUnit.Framework.Syntax.SamePathTest_IgnoreCase.SupportedByStaticSyntax" methodname="SupportedByStaticSyntax" classname="NUnit.Framework.Syntax.SyntaxTest" runstate="Runnable" seed="1447564478" result="Passed" start-time="2017-02-21 11:04:50Z" end-time="2017-02-21 11:04:50Z" duration="0.000280" asserts="1" />
          </test-suite>
          <test-suite type="TestFixture" id="0-5275" name="SamePathTest_RespectCase" fullname="NUnit.Framework.Syntax.SamePathTest_RespectCase" classname="NUnit.Framework.Syntax.SamePathTest_RespectCase" runstate="Runnable" testcasecount="2" result="Passed" start-time="2017-02-21 11:04:50Z" end-time="2017-02-21 11:04:50Z" duration="0.010552" total="2" passed="2" failed="0" warnings="0" inconclusive="0" skipped="0" asserts="2">
            <test-case id="0-5277" name="SupportedByConstraintBuilder" fullname="NUnit.Framework.Syntax.SamePathTest_RespectCase.SupportedByConstraintBuilder" methodname="SupportedByConstraintBuilder" classname="NUnit.Framework.Syntax.SyntaxTest" runstate="Runnable" seed="1180403553" result="Passed" start-time="2017-02-21 11:04:50Z" end-time="2017-02-21 11:04:50Z" duration="0.000240" asserts="1" />
            <test-case id="0-5276" name="SupportedByStaticSyntax" fullname="NUnit.Framework.Syntax.SamePathTest_RespectCase.SupportedByStaticSyntax" methodname="SupportedByStaticSyntax" classname="NUnit.Framework.Syntax.SyntaxTest" runstate="Runnable" seed="329426789" result="Passed" start-time="2017-02-21 11:04:50Z" end-time="2017-02-21 11:04:50Z" duration="0.003475" asserts="1" />
          </test-suite>
          <test-suite type="TestFixture" id="0-5218" name="SomeTest" fullname="NUnit.Framework.Syntax.SomeTest" classname="NUnit.Framework.Syntax.SomeTest" runstate="Runnable" testcasecount="2" result="Passed" start-time="2017-02-21 11:04:50Z" end-time="2017-02-21 11:04:50Z" duration="0.008202" total="2" passed="2" failed="0" warnings="0" inconclusive="0" skipped="0" asserts="2">
            <test-case id="0-5220" name="SupportedByConstraintBuilder" fullname="NUnit.Framework.Syntax.SomeTest.SupportedByConstraintBuilder" methodname="SupportedByConstraintBuilder" classname="NUnit.Framework.Syntax.SyntaxTest" runstate="Runnable" seed="480863243" result="Passed" start-time="2017-02-21 11:04:50Z" end-time="2017-02-21 11:04:50Z" duration="0.000311" asserts="1" />
            <test-case id="0-5219" name="SupportedByStaticSyntax" fullname="NUnit.Framework.Syntax.SomeTest.SupportedByStaticSyntax" methodname="SupportedByStaticSyntax" classname="NUnit.Framework.Syntax.SyntaxTest" runstate="Runnable" seed="659154847" result="Passed" start-time="2017-02-21 11:04:50Z" end-time="2017-02-21 11:04:50Z" duration="0.000097" asserts="1" />
          </test-suite>
          <test-suite type="TestFixture" id="0-5221" name="SomeTest_BeforeBinaryOperators" fullname="NUnit.Framework.Syntax.SomeTest_BeforeBinaryOperators" classname="NUnit.Framework.Syntax.SomeTest_BeforeBinaryOperators" runstate="Runnable" testcasecount="2" result="Passed" start-time="2017-02-21 11:04:50Z" end-time="2017-02-21 11:04:50Z" duration="0.006100" total="2" passed="2" failed="0" warnings="0" inconclusive="0" skipped="0" asserts="2">
            <test-case id="0-5223" name="SupportedByConstraintBuilder" fullname="NUnit.Framework.Syntax.SomeTest_BeforeBinaryOperators.SupportedByConstraintBuilder" methodname="SupportedByConstraintBuilder" classname="NUnit.Framework.Syntax.SyntaxTest" runstate="Runnable" seed="1539298863" result="Passed" start-time="2017-02-21 11:04:50Z" end-time="2017-02-21 11:04:50Z" duration="0.000386" asserts="1" />
            <test-case id="0-5222" name="SupportedByStaticSyntax" fullname="NUnit.Framework.Syntax.SomeTest_BeforeBinaryOperators.SupportedByStaticSyntax" methodname="SupportedByStaticSyntax" classname="NUnit.Framework.Syntax.SyntaxTest" runstate="Runnable" seed="266298553" result="Passed" start-time="2017-02-21 11:04:50Z" end-time="2017-02-21 11:04:50Z" duration="0.000096" asserts="1" />
          </test-suite>
          <test-suite type="TestFixture" id="0-5224" name="SomeTest_NestedSome" fullname="NUnit.Framework.Syntax.SomeTest_NestedSome" classname="NUnit.Framework.Syntax.SomeTest_NestedSome" runstate="Runnable" testcasecount="2" result="Passed" start-time="2017-02-21 11:04:50Z" end-time="2017-02-21 11:04:50Z" duration="0.006103" total="2" passed="2" failed="0" warnings="0" inconclusive="0" skipped="0" asserts="2">
            <test-case id="0-5226" name="SupportedByConstraintBuilder" fullname="NUnit.Framework.Syntax.SomeTest_NestedSome.SupportedByConstraintBuilder" methodname="SupportedByConstraintBuilder" classname="NUnit.Framework.Syntax.SyntaxTest" runstate="Runnable" seed="1726315736" result="Passed" start-time="2017-02-21 11:04:50Z" end-time="2017-02-21 11:04:50Z" duration="0.000348" asserts="1" />
            <test-case id="0-5225" name="SupportedByStaticSyntax" fullname="NUnit.Framework.Syntax.SomeTest_NestedSome.SupportedByStaticSyntax" methodname="SupportedByStaticSyntax" classname="NUnit.Framework.Syntax.SyntaxTest" runstate="Runnable" seed="1584041176" result="Passed" start-time="2017-02-21 11:04:50Z" end-time="2017-02-21 11:04:50Z" duration="0.000086" asserts="1" />
          </test-suite>
          <test-suite type="TestFixture" id="0-5227" name="SomeTest_UseOfAndSome" fullname="NUnit.Framework.Syntax.SomeTest_UseOfAndSome" classname="NUnit.Framework.Syntax.SomeTest_UseOfAndSome" runstate="Runnable" testcasecount="2" result="Passed" start-time="2017-02-21 11:04:50Z" end-time="2017-02-21 11:04:50Z" duration="0.006144" total="2" passed="2" failed="0" warnings="0" inconclusive="0" skipped="0" asserts="2">
            <test-case id="0-5229" name="SupportedByConstraintBuilder" fullname="NUnit.Framework.Syntax.SomeTest_UseOfAndSome.SupportedByConstraintBuilder" methodname="SupportedByConstraintBuilder" classname="NUnit.Framework.Syntax.SyntaxTest" runstate="Runnable" seed="1513698520" result="Passed" start-time="2017-02-21 11:04:50Z" end-time="2017-02-21 11:04:50Z" duration="0.000411" asserts="1" />
            <test-case id="0-5228" name="SupportedByStaticSyntax" fullname="NUnit.Framework.Syntax.SomeTest_UseOfAndSome.SupportedByStaticSyntax" methodname="SupportedByStaticSyntax" classname="NUnit.Framework.Syntax.SyntaxTest" runstate="Runnable" seed="1261847236" result="Passed" start-time="2017-02-21 11:04:50Z" end-time="2017-02-21 11:04:50Z" duration="0.000108" asserts="1" />
          </test-suite>
          <test-suite type="TestFixture" id="0-5353" name="StartsWithTest" fullname="NUnit.Framework.Syntax.StartsWithTest" classname="NUnit.Framework.Syntax.StartsWithTest" runstate="Runnable" testcasecount="2" result="Passed" start-time="2017-02-21 11:04:50Z" end-time="2017-02-21 11:04:50Z" duration="0.005399" total="2" passed="2" failed="0" warnings="0" inconclusive="0" skipped="0" asserts="2">
            <test-case id="0-5355" name="SupportedByConstraintBuilder" fullname="NUnit.Framework.Syntax.StartsWithTest.SupportedByConstraintBuilder" methodname="SupportedByConstraintBuilder" classname="NUnit.Framework.Syntax.SyntaxTest" runstate="Runnable" seed="1366030860" result="Passed" start-time="2017-02-21 11:04:50Z" end-time="2017-02-21 11:04:50Z" duration="0.000246" asserts="1" />
            <test-case id="0-5354" name="SupportedByStaticSyntax" fullname="NUnit.Framework.Syntax.StartsWithTest.SupportedByStaticSyntax" methodname="SupportedByStaticSyntax" classname="NUnit.Framework.Syntax.SyntaxTest" runstate="Runnable" seed="655186689" result="Passed" start-time="2017-02-21 11:04:50Z" end-time="2017-02-21 11:04:50Z" duration="0.000056" asserts="1" />
          </test-suite>
          <test-suite type="TestFixture" id="0-5356" name="TextStartsWithTest" fullname="NUnit.Framework.Syntax.TextStartsWithTest" classname="NUnit.Framework.Syntax.TextStartsWithTest" runstate="Runnable" testcasecount="2" result="Passed" start-time="2017-02-21 11:04:50Z" end-time="2017-02-21 11:04:50Z" duration="0.008368" total="2" passed="2" failed="0" warnings="0" inconclusive="0" skipped="0" asserts="2">
            <test-case id="0-5358" name="SupportedByConstraintBuilder" fullname="NUnit.Framework.Syntax.TextStartsWithTest.SupportedByConstraintBuilder" methodname="SupportedByConstraintBuilder" classname="NUnit.Framework.Syntax.SyntaxTest" runstate="Runnable" seed="2033078689" result="Passed" start-time="2017-02-21 11:04:50Z" end-time="2017-02-21 11:04:50Z" duration="0.000168" asserts="1" />
            <test-case id="0-5357" name="SupportedByStaticSyntax" fullname="NUnit.Framework.Syntax.TextStartsWithTest.SupportedByStaticSyntax" methodname="SupportedByStaticSyntax" classname="NUnit.Framework.Syntax.SyntaxTest" runstate="Runnable" seed="820068202" result="Passed" start-time="2017-02-21 11:04:50Z" end-time="2017-02-21 11:04:50Z" duration="0.000075" asserts="1" />
          </test-suite>
          <test-suite type="TestFixture" id="0-5359" name="StartsWithTest_IgnoreCase" fullname="NUnit.Framework.Syntax.StartsWithTest_IgnoreCase" classname="NUnit.Framework.Syntax.StartsWithTest_IgnoreCase" runstate="Runnable" testcasecount="2" result="Passed" start-time="2017-02-21 11:04:50Z" end-time="2017-02-21 11:04:50Z" duration="0.007866" total="2" passed="2" failed="0" warnings="0" inconclusive="0" skipped="0" asserts="2">
            <test-case id="0-5361" name="SupportedByConstraintBuilder" fullname="NUnit.Framework.Syntax.StartsWithTest_IgnoreCase.SupportedByConstraintBuilder" methodname="SupportedByConstraintBuilder" classname="NUnit.Framework.Syntax.SyntaxTest" runstate="Runnable" seed="1204935902" result="Passed" start-time="2017-02-21 11:04:50Z" end-time="2017-02-21 11:04:50Z" duration="0.000248" asserts="1" />
            <test-case id="0-5360" name="SupportedByStaticSyntax" fullname="NUnit.Framework.Syntax.StartsWithTest_IgnoreCase.SupportedByStaticSyntax" methodname="SupportedByStaticSyntax" classname="NUnit.Framework.Syntax.SyntaxTest" runstate="Runnable" seed="1467133540" result="Passed" start-time="2017-02-21 11:04:50Z" end-time="2017-02-21 11:04:50Z" duration="0.000089" asserts="1" />
          </test-suite>
          <test-suite type="TestFixture" id="0-5329" name="TrueTest" fullname="NUnit.Framework.Syntax.TrueTest" classname="NUnit.Framework.Syntax.TrueTest" runstate="Runnable" testcasecount="2" result="Passed" start-time="2017-02-21 11:04:50Z" end-time="2017-02-21 11:04:50Z" duration="0.005681" total="2" passed="2" failed="0" warnings="0" inconclusive="0" skipped="0" asserts="2">
            <test-case id="0-5331" name="SupportedByConstraintBuilder" fullname="NUnit.Framework.Syntax.TrueTest.SupportedByConstraintBuilder" methodname="SupportedByConstraintBuilder" classname="NUnit.Framework.Syntax.SyntaxTest" runstate="Runnable" seed="173813235" result="Passed" start-time="2017-02-21 11:04:50Z" end-time="2017-02-21 11:04:50Z" duration="0.000298" asserts="1" />
            <test-case id="0-5330" name="SupportedByStaticSyntax" fullname="NUnit.Framework.Syntax.TrueTest.SupportedByStaticSyntax" methodname="SupportedByStaticSyntax" classname="NUnit.Framework.Syntax.SyntaxTest" runstate="Runnable" seed="530832582" result="Passed" start-time="2017-02-21 11:04:50Z" end-time="2017-02-21 11:04:50Z" duration="0.000072" asserts="1" />
          </test-suite>
          <test-suite type="TestFixture" id="0-5113" name="UniqueTest" fullname="NUnit.Framework.Syntax.UniqueTest" classname="NUnit.Framework.Syntax.UniqueTest" runstate="Runnable" testcasecount="2" result="Passed" start-time="2017-02-21 11:04:50Z" end-time="2017-02-21 11:04:50Z" duration="0.006137" total="2" passed="2" failed="0" warnings="0" inconclusive="0" skipped="0" asserts="2">
            <test-case id="0-5115" name="SupportedByConstraintBuilder" fullname="NUnit.Framework.Syntax.UniqueTest.SupportedByConstraintBuilder" methodname="SupportedByConstraintBuilder" classname="NUnit.Framework.Syntax.SyntaxTest" runstate="Runnable" seed="879565688" result="Passed" start-time="2017-02-21 11:04:50Z" end-time="2017-02-21 11:04:50Z" duration="0.000539" asserts="1" />
            <test-case id="0-5114" name="SupportedByStaticSyntax" fullname="NUnit.Framework.Syntax.UniqueTest.SupportedByStaticSyntax" methodname="SupportedByStaticSyntax" classname="NUnit.Framework.Syntax.SyntaxTest" runstate="Runnable" seed="329208792" result="Passed" start-time="2017-02-21 11:04:50Z" end-time="2017-02-21 11:04:50Z" duration="0.000070" asserts="1" />
          </test-suite>
          <test-suite type="TestFixture" id="0-5323" name="XmlSerializableTest" fullname="NUnit.Framework.Syntax.XmlSerializableTest" classname="NUnit.Framework.Syntax.XmlSerializableTest" runstate="Runnable" testcasecount="2" result="Passed" start-time="2017-02-21 11:04:50Z" end-time="2017-02-21 11:04:50Z" duration="0.010498" total="2" passed="2" failed="0" warnings="0" inconclusive="0" skipped="0" asserts="2">
            <test-case id="0-5325" name="SupportedByConstraintBuilder" fullname="NUnit.Framework.Syntax.XmlSerializableTest.SupportedByConstraintBuilder" methodname="SupportedByConstraintBuilder" classname="NUnit.Framework.Syntax.SyntaxTest" runstate="Runnable" seed="2003222221" result="Passed" start-time="2017-02-21 11:04:50Z" end-time="2017-02-21 11:04:50Z" duration="0.003794" asserts="1" />
            <test-case id="0-5324" name="SupportedByStaticSyntax" fullname="NUnit.Framework.Syntax.XmlSerializableTest.SupportedByStaticSyntax" methodname="SupportedByStaticSyntax" classname="NUnit.Framework.Syntax.SyntaxTest" runstate="Runnable" seed="526573638" result="Passed" start-time="2017-02-21 11:04:50Z" end-time="2017-02-21 11:04:50Z" duration="0.000046" asserts="1" />
          </test-suite>
          <test-suite type="TestFixture" id="0-5374" name="ThrowsTests" fullname="NUnit.Framework.Syntax.ThrowsTests" classname="NUnit.Framework.Syntax.ThrowsTests" runstate="Runnable" testcasecount="12" result="Passed" start-time="2017-02-21 11:04:50Z" end-time="2017-02-21 11:04:50Z" duration="0.041170" total="12" passed="12" failed="0" warnings="0" inconclusive="0" skipped="0" asserts="12">
            <test-case id="0-5384" name="DelegateThrowsException" fullname="NUnit.Framework.Syntax.ThrowsTests.DelegateThrowsException" methodname="DelegateThrowsException" classname="NUnit.Framework.Syntax.ThrowsTests" runstate="Runnable" seed="1890974642" result="Passed" start-time="2017-02-21 11:04:50Z" end-time="2017-02-21 11:04:50Z" duration="0.000332" asserts="1" />
            <test-case id="0-5385" name="LambdaThrowsException" fullname="NUnit.Framework.Syntax.ThrowsTests.LambdaThrowsException" methodname="LambdaThrowsException" classname="NUnit.Framework.Syntax.ThrowsTests" runstate="Runnable" seed="1339903354" result="Passed" start-time="2017-02-21 11:04:50Z" end-time="2017-02-21 11:04:50Z" duration="0.000998" asserts="1" />
            <test-case id="0-5386" name="LambdaThrowsExceptionWithMessage" fullname="NUnit.Framework.Syntax.ThrowsTests.LambdaThrowsExceptionWithMessage" methodname="LambdaThrowsExceptionWithMessage" classname="NUnit.Framework.Syntax.ThrowsTests" runstate="Runnable" seed="1322072878" result="Passed" start-time="2017-02-21 11:04:50Z" end-time="2017-02-21 11:04:50Z" duration="0.000766" asserts="1" />
            <test-case id="0-5375" name="ThrowsException" fullname="NUnit.Framework.Syntax.ThrowsTests.ThrowsException" methodname="ThrowsException" classname="NUnit.Framework.Syntax.ThrowsTests" runstate="Runnable" seed="378570546" result="Passed" start-time="2017-02-21 11:04:50Z" end-time="2017-02-21 11:04:50Z" duration="0.000235" asserts="1" />
            <test-case id="0-5383" name="ThrowsExceptionInstanceOf" fullname="NUnit.Framework.Syntax.ThrowsTests.ThrowsExceptionInstanceOf" methodname="ThrowsExceptionInstanceOf" classname="NUnit.Framework.Syntax.ThrowsTests" runstate="Runnable" seed="35301481" result="Passed" start-time="2017-02-21 11:04:50Z" end-time="2017-02-21 11:04:50Z" duration="0.000266" asserts="1" />
            <test-case id="0-5377" name="ThrowsExceptionTypeOf" fullname="NUnit.Framework.Syntax.ThrowsTests.ThrowsExceptionTypeOf" methodname="ThrowsExceptionTypeOf" classname="NUnit.Framework.Syntax.ThrowsTests" runstate="Runnable" seed="956941269" result="Passed" start-time="2017-02-21 11:04:50Z" end-time="2017-02-21 11:04:50Z" duration="0.000377" asserts="1" />
            <test-case id="0-5380" name="ThrowsExceptionTypeOfAndConstraint" fullname="NUnit.Framework.Syntax.ThrowsTests.ThrowsExceptionTypeOfAndConstraint" methodname="ThrowsExceptionTypeOfAndConstraint" classname="NUnit.Framework.Syntax.ThrowsTests" runstate="Runnable" seed="1595209872" result="Passed" start-time="2017-02-21 11:04:50Z" end-time="2017-02-21 11:04:50Z" duration="0.000445" asserts="1" />
            <test-case id="0-5376" name="ThrowsExceptionWithConstraint" fullname="NUnit.Framework.Syntax.ThrowsTests.ThrowsExceptionWithConstraint" methodname="ThrowsExceptionWithConstraint" classname="NUnit.Framework.Syntax.ThrowsTests" runstate="Runnable" seed="1905995582" result="Passed" start-time="2017-02-21 11:04:50Z" end-time="2017-02-21 11:04:50Z" duration="0.000266" asserts="1" />
            <test-case id="0-5382" name="ThrowsInstanceOf" fullname="NUnit.Framework.Syntax.ThrowsTests.ThrowsInstanceOf" methodname="ThrowsInstanceOf" classname="NUnit.Framework.Syntax.ThrowsTests" runstate="Runnable" seed="1651904924" result="Passed" start-time="2017-02-21 11:04:50Z" end-time="2017-02-21 11:04:50Z" duration="0.000498" asserts="1" />
            <test-case id="0-5378" name="ThrowsTypeOf" fullname="NUnit.Framework.Syntax.ThrowsTests.ThrowsTypeOf" methodname="ThrowsTypeOf" classname="NUnit.Framework.Syntax.ThrowsTests" runstate="Runnable" seed="164754538" result="Passed" start-time="2017-02-21 11:04:50Z" end-time="2017-02-21 11:04:50Z" duration="0.000306" asserts="1" />
            <test-case id="0-5379" name="ThrowsTypeOfAndConstraint" fullname="NUnit.Framework.Syntax.ThrowsTests.ThrowsTypeOfAndConstraint" methodname="ThrowsTypeOfAndConstraint" classname="NUnit.Framework.Syntax.ThrowsTests" runstate="Runnable" seed="360544197" result="Passed" start-time="2017-02-21 11:04:50Z" end-time="2017-02-21 11:04:50Z" duration="0.000334" asserts="1" />
            <test-case id="0-5381" name="ThrowsTypeOfWithConstraint" fullname="NUnit.Framework.Syntax.ThrowsTests.ThrowsTypeOfWithConstraint" methodname="ThrowsTypeOfWithConstraint" classname="NUnit.Framework.Syntax.ThrowsTests" runstate="Runnable" seed="1034921915" result="Passed" start-time="2017-02-21 11:04:50Z" end-time="2017-02-21 11:04:50Z" duration="0.000281" asserts="1" />
          </test-suite>
          <test-suite type="TestFixture" id="0-5341" name="ZeroTest" fullname="NUnit.Framework.Syntax.ZeroTest" classname="NUnit.Framework.Syntax.ZeroTest" runstate="Runnable" testcasecount="2" result="Passed" start-time="2017-02-21 11:04:50Z" end-time="2017-02-21 11:04:50Z" duration="0.008317" total="2" passed="2" failed="0" warnings="0" inconclusive="0" skipped="0" asserts="2">
            <test-case id="0-5343" name="SupportedByConstraintBuilder" fullname="NUnit.Framework.Syntax.ZeroTest.SupportedByConstraintBuilder" methodname="SupportedByConstraintBuilder" classname="NUnit.Framework.Syntax.SyntaxTest" runstate="Runnable" seed="1219841898" result="Passed" start-time="2017-02-21 11:04:50Z" end-time="2017-02-21 11:04:50Z" duration="0.000262" asserts="1" />
            <test-case id="0-5342" name="SupportedByStaticSyntax" fullname="NUnit.Framework.Syntax.ZeroTest.SupportedByStaticSyntax" methodname="SupportedByStaticSyntax" classname="NUnit.Framework.Syntax.SyntaxTest" runstate="Runnable" seed="1992367039" result="Passed" start-time="2017-02-21 11:04:50Z" end-time="2017-02-21 11:04:50Z" duration="0.000060" asserts="1" />
          </test-suite>
          <test-suite type="TestFixture" id="0-5182" name="InvalidCodeTests" fullname="NUnit.Framework.Syntax.InvalidCodeTests" classname="NUnit.Framework.Syntax.InvalidCodeTests" runstate="Runnable" testcasecount="13" result="Passed" start-time="2017-02-21 11:04:49Z" end-time="2017-02-21 11:04:51Z" duration="1.581136" total="13" passed="13" failed="0" warnings="0" inconclusive="0" skipped="0" asserts="0">
            <test-suite type="ParameterizedMethod" id="0-5190" name="CodeShouldNotCompile" fullname="NUnit.Framework.Syntax.InvalidCodeTests.CodeShouldNotCompile" classname="NUnit.Framework.Syntax.InvalidCodeTests" runstate="Runnable" testcasecount="7" result="Passed" start-time="2017-02-21 11:04:49Z" end-time="2017-02-21 11:04:50Z" duration="0.890087" total="7" passed="7" failed="0" warnings="0" inconclusive="0" skipped="0" asserts="0">
              <test-case id="0-5183" name="CodeShouldNotCompile(&quot;Is.Null.Not&quot;)" fullname="NUnit.Framework.Syntax.InvalidCodeTests.CodeShouldNotCompile(&quot;Is.Null.Not&quot;)" methodname="CodeShouldNotCompile" classname="NUnit.Framework.Syntax.InvalidCodeTests" runstate="Runnable" seed="1773620382" result="Passed" start-time="2017-02-21 11:04:49Z" end-time="2017-02-21 11:04:50Z" duration="0.208075" asserts="0" />
              <test-case id="0-5184" name="CodeShouldNotCompile(&quot;Is.Not.Null.GreaterThan(10))&quot;)" fullname="NUnit.Framework.Syntax.InvalidCodeTests.CodeShouldNotCompile(&quot;Is.Not.Null.GreaterThan(10))&quot;)" methodname="CodeShouldNotCompile" classname="NUnit.Framework.Syntax.InvalidCodeTests" runstate="Runnable" seed="1589738699" result="Passed" start-time="2017-02-21 11:04:50Z" end-time="2017-02-21 11:04:50Z" duration="0.052111" asserts="0" />
              <test-case id="0-5185" name="CodeShouldNotCompile(&quot;Is.Null.All&quot;)" fullname="NUnit.Framework.Syntax.InvalidCodeTests.CodeShouldNotCompile(&quot;Is.Null.All&quot;)" methodname="CodeShouldNotCompile" classname="NUnit.Framework.Syntax.InvalidCodeTests" runstate="Runnable" seed="159278952" result="Passed" start-time="2017-02-21 11:04:50Z" end-time="2017-02-21 11:04:50Z" duration="0.099402" asserts="0" />
              <test-case id="0-5186" name="CodeShouldNotCompile(&quot;Is.And&quot;)" fullname="NUnit.Framework.Syntax.InvalidCodeTests.CodeShouldNotCompile(&quot;Is.And&quot;)" methodname="CodeShouldNotCompile" classname="NUnit.Framework.Syntax.InvalidCodeTests" runstate="Runnable" seed="514002645" result="Passed" start-time="2017-02-21 11:04:50Z" end-time="2017-02-21 11:04:50Z" duration="0.124693" asserts="0" />
              <test-case id="0-5187" name="CodeShouldNotCompile(&quot;Is.All.And.And&quot;)" fullname="NUnit.Framework.Syntax.InvalidCodeTests.CodeShouldNotCompile(&quot;Is.All.And.And&quot;)" methodname="CodeShouldNotCompile" classname="NUnit.Framework.Syntax.InvalidCodeTests" runstate="Runnable" seed="751369986" result="Passed" start-time="2017-02-21 11:04:50Z" end-time="2017-02-21 11:04:50Z" duration="0.119715" asserts="0" />
              <test-case id="0-5188" name="CodeShouldNotCompile(&quot;Is.Null.And.Throws&quot;)" fullname="NUnit.Framework.Syntax.InvalidCodeTests.CodeShouldNotCompile(&quot;Is.Null.And.Throws&quot;)" methodname="CodeShouldNotCompile" classname="NUnit.Framework.Syntax.InvalidCodeTests" runstate="Runnable" seed="1053512929" result="Passed" start-time="2017-02-21 11:04:50Z" end-time="2017-02-21 11:04:50Z" duration="0.148655" asserts="0" />
              <test-case id="0-5189" name="CodeShouldNotCompile(&quot;Has.Some.Items&quot;)" fullname="NUnit.Framework.Syntax.InvalidCodeTests.CodeShouldNotCompile(&quot;Has.Some.Items&quot;)" methodname="CodeShouldNotCompile" classname="NUnit.Framework.Syntax.InvalidCodeTests" runstate="Runnable" seed="1791491000" result="Passed" start-time="2017-02-21 11:04:50Z" end-time="2017-02-21 11:04:50Z" duration="0.120377" asserts="0" />
            </test-suite>
            <test-suite type="ParameterizedMethod" id="0-5197" name="CodeShouldNotCompileAsFinishedConstraint" fullname="NUnit.Framework.Syntax.InvalidCodeTests.CodeShouldNotCompileAsFinishedConstraint" classname="NUnit.Framework.Syntax.InvalidCodeTests" runstate="Runnable" testcasecount="6" result="Passed" start-time="2017-02-21 11:04:50Z" end-time="2017-02-21 11:04:51Z" duration="0.686034" total="6" passed="6" failed="0" warnings="0" inconclusive="0" skipped="0" asserts="0">
              <test-case id="0-5191" name="CodeShouldNotCompileAsFinishedConstraint(&quot;Is.Not&quot;)" fullname="NUnit.Framework.Syntax.InvalidCodeTests.CodeShouldNotCompileAsFinishedConstraint(&quot;Is.Not&quot;)" methodname="CodeShouldNotCompileAsFinishedConstraint" classname="NUnit.Framework.Syntax.InvalidCodeTests" runstate="Runnable" seed="666782345" result="Passed" start-time="2017-02-21 11:04:50Z" end-time="2017-02-21 11:04:50Z" duration="0.142544" asserts="0" />
              <test-case id="0-5192" name="CodeShouldNotCompileAsFinishedConstraint(&quot;Is.All&quot;)" fullname="NUnit.Framework.Syntax.InvalidCodeTests.CodeShouldNotCompileAsFinishedConstraint(&quot;Is.All&quot;)" methodname="CodeShouldNotCompileAsFinishedConstraint" classname="NUnit.Framework.Syntax.InvalidCodeTests" runstate="Runnable" seed="2010340022" result="Passed" start-time="2017-02-21 11:04:50Z" end-time="2017-02-21 11:04:50Z" duration="0.118319" asserts="0" />
              <test-case id="0-5193" name="CodeShouldNotCompileAsFinishedConstraint(&quot;Is.Not.All&quot;)" fullname="NUnit.Framework.Syntax.InvalidCodeTests.CodeShouldNotCompileAsFinishedConstraint(&quot;Is.Not.All&quot;)" methodname="CodeShouldNotCompileAsFinishedConstraint" classname="NUnit.Framework.Syntax.InvalidCodeTests" runstate="Runnable" seed="2141850170" result="Passed" start-time="2017-02-21 11:04:50Z" end-time="2017-02-21 11:04:51Z" duration="0.114111" asserts="0" />
              <test-case id="0-5194" name="CodeShouldNotCompileAsFinishedConstraint(&quot;Is.All.Not&quot;)" fullname="NUnit.Framework.Syntax.InvalidCodeTests.CodeShouldNotCompileAsFinishedConstraint(&quot;Is.All.Not&quot;)" methodname="CodeShouldNotCompileAsFinishedConstraint" classname="NUnit.Framework.Syntax.InvalidCodeTests" runstate="Runnable" seed="1990992943" result="Passed" start-time="2017-02-21 11:04:51Z" end-time="2017-02-21 11:04:51Z" duration="0.097737" asserts="0" />
              <test-case id="0-5195" name="CodeShouldNotCompileAsFinishedConstraint(&quot;Has.Some&quot;)" fullname="NUnit.Framework.Syntax.InvalidCodeTests.CodeShouldNotCompileAsFinishedConstraint(&quot;Has.Some&quot;)" methodname="CodeShouldNotCompileAsFinishedConstraint" classname="NUnit.Framework.Syntax.InvalidCodeTests" runstate="Runnable" seed="91573207" result="Passed" start-time="2017-02-21 11:04:51Z" end-time="2017-02-21 11:04:51Z" duration="0.099318" asserts="0" />
              <test-case id="0-5196" name="CodeShouldNotCompileAsFinishedConstraint(&quot;Has.Exactly(5)&quot;)" fullname="NUnit.Framework.Syntax.InvalidCodeTests.CodeShouldNotCompileAsFinishedConstraint(&quot;Has.Exactly(5)&quot;)" methodname="CodeShouldNotCompileAsFinishedConstraint" classname="NUnit.Framework.Syntax.InvalidCodeTests" runstate="Runnable" seed="118595598" result="Passed" start-time="2017-02-21 11:04:51Z" end-time="2017-02-21 11:04:51Z" duration="0.098774" asserts="0" />
            </test-suite>
          </test-suite>
          <test-suite type="TestFixture" id="0-5167" name="EqualToTest" fullname="NUnit.Framework.Syntax.EqualToTest" classname="NUnit.Framework.Syntax.EqualToTest" runstate="Runnable" testcasecount="2" result="Passed" start-time="2017-02-21 11:05:08Z" end-time="2017-02-21 11:05:08Z" duration="0.005399" total="2" passed="2" failed="0" warnings="0" inconclusive="0" skipped="0" asserts="2">
            <properties>
              <property name="ParallelScope" value="None" />
            </properties>
            <test-case id="0-5169" name="SupportedByConstraintBuilder" fullname="NUnit.Framework.Syntax.EqualToTest.SupportedByConstraintBuilder" methodname="SupportedByConstraintBuilder" classname="NUnit.Framework.Syntax.SyntaxTest" runstate="Runnable" seed="1936006168" result="Passed" start-time="2017-02-21 11:05:08Z" end-time="2017-02-21 11:05:08Z" duration="0.000170" asserts="1" />
            <test-case id="0-5168" name="SupportedByStaticSyntax" fullname="NUnit.Framework.Syntax.EqualToTest.SupportedByStaticSyntax" methodname="SupportedByStaticSyntax" classname="NUnit.Framework.Syntax.SyntaxTest" runstate="Runnable" seed="1728567160" result="Passed" start-time="2017-02-21 11:05:08Z" end-time="2017-02-21 11:05:08Z" duration="0.000052" asserts="1" />
          </test-suite>
        </test-suite>
        <test-suite type="TestSuite" id="0-5524" name="Tests" fullname="NUnit.Framework.Tests" runstate="Runnable" testcasecount="241" result="Passed" start-time="2017-02-21 11:04:43Z" end-time="2017-02-21 11:05:08Z" duration="25.526000" total="241" passed="240" failed="0" warnings="0" inconclusive="0" skipped="1" asserts="555">
          <test-suite type="TestSuite" id="0-5526" name="Attributes" fullname="NUnit.Framework.Tests.Attributes" runstate="Runnable" testcasecount="29" result="Passed" start-time="2017-02-21 11:04:43Z" end-time="2017-02-21 11:04:50Z" duration="7.259491" total="29" passed="29" failed="0" warnings="0" inconclusive="0" skipped="0" asserts="38">
            <test-suite type="TestFixture" id="0-1933" name="AuthorTests" fullname="NUnit.Framework.Tests.Attributes.AuthorTests" classname="NUnit.Framework.Tests.Attributes.AuthorTests" runstate="Runnable" testcasecount="7" result="Passed" start-time="2017-02-21 11:04:50Z" end-time="2017-02-21 11:04:50Z" duration="0.023941" total="7" passed="7" failed="0" warnings="0" inconclusive="0" skipped="0" asserts="14">
              <properties>
                <property name="Author" value="Rob Prouse &lt;rob@prouse.org&gt;" />
                <property name="TestOf" value="NUnit.Framework.AuthorAttribute" />
              </properties>
              <test-case id="0-1935" name="Author" fullname="NUnit.Framework.Tests.Attributes.AuthorTests.Author" methodname="Author" classname="NUnit.Framework.Tests.Attributes.AuthorTests" runstate="Runnable" seed="1467840893" result="Passed" start-time="2017-02-21 11:04:50Z" end-time="2017-02-21 11:04:50Z" duration="0.000229" asserts="2" />
              <test-case id="0-1940" name="AuthorOnTestCase" fullname="NUnit.Framework.Tests.Attributes.AuthorTests.AuthorOnTestCase" methodname="AuthorOnTestCase" classname="NUnit.Framework.Tests.Attributes.AuthorTests" runstate="Runnable" seed="758477313" result="Passed" start-time="2017-02-21 11:04:50Z" end-time="2017-02-21 11:04:50Z" duration="0.000560" asserts="3" />
              <test-case id="0-1937" name="FixtureAuthor" fullname="NUnit.Framework.Tests.Attributes.AuthorTests.FixtureAuthor" methodname="FixtureAuthor" classname="NUnit.Framework.Tests.Attributes.AuthorTests" runstate="Runnable" seed="1109053812" result="Passed" start-time="2017-02-21 11:04:50Z" end-time="2017-02-21 11:04:50Z" duration="0.003455" asserts="1" />
              <test-case id="0-1936" name="NoAuthor" fullname="NUnit.Framework.Tests.Attributes.AuthorTests.NoAuthor" methodname="NoAuthor" classname="NUnit.Framework.Tests.Attributes.AuthorTests" runstate="Runnable" seed="1744056987" result="Passed" start-time="2017-02-21 11:04:50Z" end-time="2017-02-21 11:04:50Z" duration="0.000184" asserts="2" />
              <test-case id="0-1934" name="ReflectionTest" fullname="NUnit.Framework.Tests.Attributes.AuthorTests.ReflectionTest" methodname="ReflectionTest" classname="NUnit.Framework.Tests.Attributes.AuthorTests" runstate="Runnable" seed="1637901297" result="Passed" start-time="2017-02-21 11:04:50Z" end-time="2017-02-21 11:04:50Z" duration="0.000207" asserts="2" />
              <test-case id="0-1938" name="SeparateAuthorAttribute" fullname="NUnit.Framework.Tests.Attributes.AuthorTests.SeparateAuthorAttribute" methodname="SeparateAuthorAttribute" classname="NUnit.Framework.Tests.Attributes.AuthorTests" runstate="Runnable" seed="1959850479" result="Passed" start-time="2017-02-21 11:04:50Z" end-time="2017-02-21 11:04:50Z" duration="0.000204" asserts="2" />
              <test-case id="0-1939" name="SeparateAuthorWithEmailAttribute" fullname="NUnit.Framework.Tests.Attributes.AuthorTests.SeparateAuthorWithEmailAttribute" methodname="SeparateAuthorWithEmailAttribute" classname="NUnit.Framework.Tests.Attributes.AuthorTests" runstate="Runnable" seed="83545677" result="Passed" start-time="2017-02-21 11:04:50Z" end-time="2017-02-21 11:04:50Z" duration="0.000225" asserts="2" />
            </test-suite>
            <test-suite type="TestFixture" id="0-2468" name="TestExpectedResult" fullname="NUnit.Framework.Tests.Attributes.TestExpectedResult" classname="NUnit.Framework.Tests.Attributes.TestExpectedResult" runstate="Runnable" testcasecount="7" result="Passed" start-time="2017-02-21 11:04:50Z" end-time="2017-02-21 11:04:50Z" duration="0.023089" total="7" passed="7" failed="0" warnings="0" inconclusive="0" skipped="0" asserts="8">
              <test-case id="0-2470" name="CanExpectDouble" fullname="NUnit.Framework.Tests.Attributes.TestExpectedResult.CanExpectDouble" methodname="CanExpectDouble" classname="NUnit.Framework.Tests.Attributes.TestExpectedResult" runstate="Runnable" seed="573903089" result="Passed" start-time="2017-02-21 11:04:50Z" end-time="2017-02-21 11:04:50Z" duration="0.000266" asserts="1" />
              <test-case id="0-2469" name="CanExpectInt" fullname="NUnit.Framework.Tests.Attributes.TestExpectedResult.CanExpectInt" methodname="CanExpectInt" classname="NUnit.Framework.Tests.Attributes.TestExpectedResult" runstate="Runnable" seed="2078361845" result="Passed" start-time="2017-02-21 11:04:50Z" end-time="2017-02-21 11:04:50Z" duration="0.000172" asserts="1" />
              <test-case id="0-2471" name="CanExpectString" fullname="NUnit.Framework.Tests.Attributes.TestExpectedResult.CanExpectString" methodname="CanExpectString" classname="NUnit.Framework.Tests.Attributes.TestExpectedResult" runstate="Runnable" seed="691731911" result="Passed" start-time="2017-02-21 11:04:50Z" end-time="2017-02-21 11:04:50Z" duration="0.000068" asserts="1" />
              <test-case id="0-2476" name="ExpectedResultDoesNotBlockApplyToTestAttributes" fullname="NUnit.Framework.Tests.Attributes.TestExpectedResult.ExpectedResultDoesNotBlockApplyToTestAttributes" methodname="ExpectedResultDoesNotBlockApplyToTestAttributes" classname="NUnit.Framework.Tests.Attributes.TestExpectedResult" runstate="Runnable" seed="1755256359" result="Passed" start-time="2017-02-21 11:04:50Z" end-time="2017-02-21 11:04:50Z" duration="0.000314" asserts="2">
                <properties>
                  <property name="Description" value="A description" />
                </properties>
              </test-case>
              <test-case id="0-2472" name="ResultCanBeNull" fullname="NUnit.Framework.Tests.Attributes.TestExpectedResult.ResultCanBeNull" methodname="ResultCanBeNull" classname="NUnit.Framework.Tests.Attributes.TestExpectedResult" runstate="Runnable" seed="382566925" result="Passed" start-time="2017-02-21 11:04:50Z" end-time="2017-02-21 11:04:50Z" duration="0.000067" asserts="1" />
              <test-suite type="ParameterizedMethod" id="0-2475" name="TestAttributeExpectedResultDoesNotOverrideTestCaseExpectedResult" fullname="NUnit.Framework.Tests.Attributes.TestExpectedResult.TestAttributeExpectedResultDoesNotOverrideTestCaseExpectedResult" classname="NUnit.Framework.Tests.Attributes.TestExpectedResult" runstate="Runnable" testcasecount="2" result="Passed" start-time="2017-02-21 11:04:50Z" end-time="2017-02-21 11:04:50Z" duration="0.005956" total="2" passed="2" failed="0" warnings="0" inconclusive="0" skipped="0" asserts="2">
                <test-case id="0-2473" name="TestAttributeExpectedResultDoesNotOverrideTestCaseExpectedResult(1,1)" fullname="NUnit.Framework.Tests.Attributes.TestExpectedResult.TestAttributeExpectedResultDoesNotOverrideTestCaseExpectedResult(1,1)" methodname="TestAttributeExpectedResultDoesNotOverrideTestCaseExpectedResult" classname="NUnit.Framework.Tests.Attributes.TestExpectedResult" runstate="Runnable" seed="630351631" result="Passed" start-time="2017-02-21 11:04:50Z" end-time="2017-02-21 11:04:50Z" duration="0.000135" asserts="1" />
                <test-case id="0-2474" name="TestAttributeExpectedResultDoesNotOverrideTestCaseExpectedResult(5,3)" fullname="NUnit.Framework.Tests.Attributes.TestExpectedResult.TestAttributeExpectedResultDoesNotOverrideTestCaseExpectedResult(5,3)" methodname="TestAttributeExpectedResultDoesNotOverrideTestCaseExpectedResult" classname="NUnit.Framework.Tests.Attributes.TestExpectedResult" runstate="Runnable" seed="950780218" result="Passed" start-time="2017-02-21 11:04:50Z" end-time="2017-02-21 11:04:50Z" duration="0.000055" asserts="1" />
              </test-suite>
            </test-suite>
            <test-suite type="TestFixture" id="0-2530" name="TestOrderAttributeTests" fullname="NUnit.Framework.Tests.Attributes.TestOrderAttributeTests" classname="NUnit.Framework.Tests.Attributes.TestOrderAttributeTests" runstate="Runnable" testcasecount="1" result="Passed" start-time="2017-02-21 11:04:50Z" end-time="2017-02-21 11:04:50Z" duration="0.014189" total="1" passed="1" failed="0" warnings="0" inconclusive="0" skipped="0" asserts="0">
              <test-case id="0-2531" name="CheckOrderIsCorrect" fullname="NUnit.Framework.Tests.Attributes.TestOrderAttributeTests.CheckOrderIsCorrect" methodname="CheckOrderIsCorrect" classname="NUnit.Framework.Tests.Attributes.TestOrderAttributeTests" runstate="Runnable" seed="1528779323" result="Passed" start-time="2017-02-21 11:04:50Z" end-time="2017-02-21 11:04:50Z" duration="0.007082" asserts="0" />
            </test-suite>
            <test-suite type="TestFixture" id="0-2522" name="TestOfTests" fullname="NUnit.Framework.Tests.Attributes.TestOfTests" classname="NUnit.Framework.Tests.Attributes.TestOfTests" runstate="Runnable" testcasecount="7" result="Passed" start-time="2017-02-21 11:04:50Z" end-time="2017-02-21 11:04:50Z" duration="0.024803" total="7" passed="7" failed="0" warnings="0" inconclusive="0" skipped="0" asserts="14">
              <properties>
                <property name="Author" value="Rob Prouse &lt;rob@prouse.org&gt;" />
                <property name="TestOf" value="NUnit.Framework.TestOfAttribute" />
              </properties>
              <test-case id="0-2526" name="FixtureTestOf" fullname="NUnit.Framework.Tests.Attributes.TestOfTests.FixtureTestOf" methodname="FixtureTestOf" classname="NUnit.Framework.Tests.Attributes.TestOfTests" runstate="Runnable" seed="1677638776" result="Passed" start-time="2017-02-21 11:04:50Z" end-time="2017-02-21 11:04:50Z" duration="0.001021" asserts="1" />
              <test-case id="0-2525" name="NoTestOf" fullname="NUnit.Framework.Tests.Attributes.TestOfTests.NoTestOf" methodname="NoTestOf" classname="NUnit.Framework.Tests.Attributes.TestOfTests" runstate="Runnable" seed="2038632976" result="Passed" start-time="2017-02-21 11:04:50Z" end-time="2017-02-21 11:04:50Z" duration="0.000177" asserts="2" />
              <test-case id="0-2523" name="ReflectionTest" fullname="NUnit.Framework.Tests.Attributes.TestOfTests.ReflectionTest" methodname="ReflectionTest" classname="NUnit.Framework.Tests.Attributes.TestOfTests" runstate="Runnable" seed="855308204" result="Passed" start-time="2017-02-21 11:04:50Z" end-time="2017-02-21 11:04:50Z" duration="0.001029" asserts="2" />
              <test-case id="0-2527" name="SeparateTestOfAttribute" fullname="NUnit.Framework.Tests.Attributes.TestOfTests.SeparateTestOfAttribute" methodname="SeparateTestOfAttribute" classname="NUnit.Framework.Tests.Attributes.TestOfTests" runstate="Runnable" seed="195295611" result="Passed" start-time="2017-02-21 11:04:50Z" end-time="2017-02-21 11:04:50Z" duration="0.000334" asserts="2" />
              <test-case id="0-2528" name="SeparateTestOfStringMethod" fullname="NUnit.Framework.Tests.Attributes.TestOfTests.SeparateTestOfStringMethod" methodname="SeparateTestOfStringMethod" classname="NUnit.Framework.Tests.Attributes.TestOfTests" runstate="Runnable" seed="1019622662" result="Passed" start-time="2017-02-21 11:04:50Z" end-time="2017-02-21 11:04:50Z" duration="0.000290" asserts="2" />
              <test-case id="0-2524" name="TestOf" fullname="NUnit.Framework.Tests.Attributes.TestOfTests.TestOf" methodname="TestOf" classname="NUnit.Framework.Tests.Attributes.TestOfTests" runstate="Runnable" seed="1607067907" result="Passed" start-time="2017-02-21 11:04:50Z" end-time="2017-02-21 11:04:50Z" duration="0.000307" asserts="2" />
              <test-case id="0-2529" name="TestOfOnTestCase" fullname="NUnit.Framework.Tests.Attributes.TestOfTests.TestOfOnTestCase" methodname="TestOfOnTestCase" classname="NUnit.Framework.Tests.Attributes.TestOfTests" runstate="Runnable" seed="855698634" result="Passed" start-time="2017-02-21 11:04:50Z" end-time="2017-02-21 11:04:50Z" duration="0.000386" asserts="3" />
            </test-suite>
            <test-suite type="TestFixture" id="0-2601" name="ValuesAttributeEnumTests" fullname="NUnit.Framework.Tests.Attributes.ValuesAttributeEnumTests" classname="NUnit.Framework.Tests.Attributes.ValuesAttributeEnumTests" runstate="Runnable" testcasecount="7" result="Passed" start-time="2017-02-21 11:04:50Z" end-time="2017-02-21 11:04:50Z" duration="0.025352" total="7" passed="7" failed="0" warnings="0" inconclusive="0" skipped="0" asserts="2">
              <test-suite type="ParameterizedMethod" id="0-2610" name="TestBoolValues" fullname="NUnit.Framework.Tests.Attributes.ValuesAttributeEnumTests.TestBoolValues" classname="NUnit.Framework.Tests.Attributes.ValuesAttributeEnumTests" runstate="Runnable" testcasecount="2" result="Passed" start-time="2017-02-21 11:04:50Z" end-time="2017-02-21 11:04:50Z" duration="0.005446" total="2" passed="2" failed="0" warnings="0" inconclusive="0" skipped="0" asserts="0">
                <test-case id="0-2608" name="TestBoolValues(True)" fullname="NUnit.Framework.Tests.Attributes.ValuesAttributeEnumTests.TestBoolValues(True)" methodname="TestBoolValues" classname="NUnit.Framework.Tests.Attributes.ValuesAttributeEnumTests" runstate="Runnable" seed="1441559458" result="Passed" start-time="2017-02-21 11:04:50Z" end-time="2017-02-21 11:04:50Z" duration="0.000263" asserts="0" />
                <test-case id="0-2609" name="TestBoolValues(False)" fullname="NUnit.Framework.Tests.Attributes.ValuesAttributeEnumTests.TestBoolValues(False)" methodname="TestBoolValues" classname="NUnit.Framework.Tests.Attributes.ValuesAttributeEnumTests" runstate="Runnable" seed="2068321756" result="Passed" start-time="2017-02-21 11:04:50Z" end-time="2017-02-21 11:04:50Z" duration="0.000046" asserts="0" />
              </test-suite>
              <test-suite type="ParameterizedMethod" id="0-2607" name="TestEnumValues" fullname="NUnit.Framework.Tests.Attributes.ValuesAttributeEnumTests.TestEnumValues" classname="NUnit.Framework.Tests.Attributes.ValuesAttributeEnumTests" runstate="Runnable" testcasecount="5" result="Passed" start-time="2017-02-21 11:04:50Z" end-time="2017-02-21 11:04:50Z" duration="0.014568" total="5" passed="5" failed="0" warnings="0" inconclusive="0" skipped="0" asserts="0">
                <test-case id="0-2602" name="TestEnumValues(One)" fullname="NUnit.Framework.Tests.Attributes.ValuesAttributeEnumTests.TestEnumValues(One)" methodname="TestEnumValues" classname="NUnit.Framework.Tests.Attributes.ValuesAttributeEnumTests" runstate="Runnable" seed="1821964577" result="Passed" start-time="2017-02-21 11:04:50Z" end-time="2017-02-21 11:04:50Z" duration="0.000110" asserts="0" />
                <test-case id="0-2603" name="TestEnumValues(Two)" fullname="NUnit.Framework.Tests.Attributes.ValuesAttributeEnumTests.TestEnumValues(Two)" methodname="TestEnumValues" classname="NUnit.Framework.Tests.Attributes.ValuesAttributeEnumTests" runstate="Runnable" seed="2125280719" result="Passed" start-time="2017-02-21 11:04:50Z" end-time="2017-02-21 11:04:50Z" duration="0.000033" asserts="0" />
                <test-case id="0-2604" name="TestEnumValues(Three)" fullname="NUnit.Framework.Tests.Attributes.ValuesAttributeEnumTests.TestEnumValues(Three)" methodname="TestEnumValues" classname="NUnit.Framework.Tests.Attributes.ValuesAttributeEnumTests" runstate="Runnable" seed="809430865" result="Passed" start-time="2017-02-21 11:04:50Z" end-time="2017-02-21 11:04:50Z" duration="0.000031" asserts="0" />
                <test-case id="0-2605" name="TestEnumValues(Four)" fullname="NUnit.Framework.Tests.Attributes.ValuesAttributeEnumTests.TestEnumValues(Four)" methodname="TestEnumValues" classname="NUnit.Framework.Tests.Attributes.ValuesAttributeEnumTests" runstate="Runnable" seed="1134609433" result="Passed" start-time="2017-02-21 11:04:50Z" end-time="2017-02-21 11:04:50Z" duration="0.000050" asserts="0" />
                <test-case id="0-2606" name="TestEnumValues(Five)" fullname="NUnit.Framework.Tests.Attributes.ValuesAttributeEnumTests.TestEnumValues(Five)" methodname="TestEnumValues" classname="NUnit.Framework.Tests.Attributes.ValuesAttributeEnumTests" runstate="Runnable" seed="755165440" result="Passed" start-time="2017-02-21 11:04:50Z" end-time="2017-02-21 11:04:50Z" duration="0.000084" asserts="0" />
              </test-suite>
            </test-suite>
          </test-suite>
          <test-suite type="TestFixture" id="0-5450" name="TestContextOneTimeTearDownTests" fullname="NUnit.Framework.Tests.TestContextOneTimeTearDownTests" classname="NUnit.Framework.Tests.TestContextOneTimeTearDownTests" runstate="Runnable" testcasecount="3" result="Passed" start-time="2017-02-21 11:04:50Z" end-time="2017-02-21 11:04:50Z" duration="0.012691" total="3" passed="2" failed="0" warnings="0" inconclusive="0" skipped="1" asserts="10">
            <test-case id="0-5453" name="TestExplicit" fullname="NUnit.Framework.Tests.TestContextOneTimeTearDownTests.TestExplicit" methodname="TestExplicit" classname="NUnit.Framework.Tests.TestContextOneTimeTearDownTests" runstate="Explicit" seed="1068611710" result="Skipped" label="Explicit" start-time="2017-02-21 11:04:50Z" end-time="2017-02-21 11:04:50Z" duration="0.000010" asserts="0" />
            <test-case id="0-5452" name="TestFalsehood" fullname="NUnit.Framework.Tests.TestContextOneTimeTearDownTests.TestFalsehood" methodname="TestFalsehood" classname="NUnit.Framework.Tests.TestContextOneTimeTearDownTests" runstate="Runnable" seed="607656759" result="Passed" start-time="2017-02-21 11:04:50Z" end-time="2017-02-21 11:04:50Z" duration="0.000168" asserts="1" />
            <test-case id="0-5451" name="TestTruth" fullname="NUnit.Framework.Tests.TestContextOneTimeTearDownTests.TestTruth" methodname="TestTruth" classname="NUnit.Framework.Tests.TestContextOneTimeTearDownTests" runstate="Runnable" seed="1867298493" result="Passed" start-time="2017-02-21 11:04:50Z" end-time="2017-02-21 11:04:50Z" duration="0.000155" asserts="1" />
          </test-suite>
          <test-suite type="TestFixture" id="0-5448" name="TestContextTearDownTests" fullname="NUnit.Framework.Tests.TestContextTearDownTests" classname="NUnit.Framework.Tests.TestContextTearDownTests" runstate="Runnable" testcasecount="1" result="Passed" start-time="2017-02-21 11:04:50Z" end-time="2017-02-21 11:04:50Z" duration="0.003783" total="1" passed="1" failed="0" warnings="0" inconclusive="0" skipped="0" asserts="10">
            <test-case id="0-5449" name="TestTheMeaningOfLife" fullname="NUnit.Framework.Tests.TestContextTearDownTests.TestTheMeaningOfLife" methodname="TestTheMeaningOfLife" classname="NUnit.Framework.Tests.TestContextTearDownTests" runstate="Runnable" seed="1799749853" result="Passed" start-time="2017-02-21 11:04:50Z" end-time="2017-02-21 11:04:50Z" duration="0.000888" asserts="10" />
          </test-suite>
          <test-suite type="TestFixture" id="0-5420" name="TestContextTests" fullname="NUnit.Framework.Tests.TestContextTests" classname="NUnit.Framework.Tests.TestContextTests" runstate="Runnable" testcasecount="23" result="Passed" start-time="2017-02-21 11:04:50Z" end-time="2017-02-21 11:04:50Z" duration="0.118800" total="23" passed="23" failed="0" warnings="0" inconclusive="0" skipped="0" asserts="18">
            <test-case id="0-5424" name="ConstructorAccessWorkDirectory" fullname="NUnit.Framework.Tests.TestContextTests.ConstructorAccessWorkDirectory" methodname="ConstructorAccessWorkDirectory" classname="NUnit.Framework.Tests.TestContextTests" runstate="Runnable" seed="896090212" result="Passed" start-time="2017-02-21 11:04:50Z" end-time="2017-02-21 11:04:50Z" duration="0.000375" asserts="1" />
            <test-case id="0-5426" name="ConstructorCanAccessFixtureName" fullname="NUnit.Framework.Tests.TestContextTests.ConstructorCanAccessFixtureName" methodname="ConstructorCanAccessFixtureName" classname="NUnit.Framework.Tests.TestContextTests" runstate="Runnable" seed="497765442" result="Passed" start-time="2017-02-21 11:04:50Z" end-time="2017-02-21 11:04:50Z" duration="0.000133" asserts="1" />
            <test-case id="0-5421" name="ConstructorCanAccessTestDirectory" fullname="NUnit.Framework.Tests.TestContextTests.ConstructorCanAccessTestDirectory" methodname="ConstructorCanAccessTestDirectory" classname="NUnit.Framework.Tests.TestContextTests" runstate="Runnable" seed="1282173841" result="Passed" start-time="2017-02-21 11:04:50Z" end-time="2017-02-21 11:04:50Z" duration="0.000132" asserts="1" />
            <test-case id="0-5430" name="SetUpCanAccessTestFullName" fullname="NUnit.Framework.Tests.TestContextTests.SetUpCanAccessTestFullName" methodname="SetUpCanAccessTestFullName" classname="NUnit.Framework.Tests.TestContextTests" runstate="Runnable" seed="755196542" result="Passed" start-time="2017-02-21 11:04:50Z" end-time="2017-02-21 11:04:50Z" duration="0.000165" asserts="1" />
            <test-case id="0-5439" name="SetUpCanAccessTestId" fullname="NUnit.Framework.Tests.TestContextTests.SetUpCanAccessTestId" methodname="SetUpCanAccessTestId" classname="NUnit.Framework.Tests.TestContextTests" runstate="Runnable" seed="761488088" result="Passed" start-time="2017-02-21 11:04:50Z" end-time="2017-02-21 11:04:50Z" duration="0.000177" asserts="1" />
            <test-case id="0-5434" name="SetUpCanAccessTestMethodName" fullname="NUnit.Framework.Tests.TestContextTests.SetUpCanAccessTestMethodName" methodname="SetUpCanAccessTestMethodName" classname="NUnit.Framework.Tests.TestContextTests" runstate="Runnable" seed="405321538" result="Passed" start-time="2017-02-21 11:04:50Z" end-time="2017-02-21 11:04:50Z" duration="0.000209" asserts="1" />
            <test-case id="0-5427" name="SetUpCanAccessTestName" fullname="NUnit.Framework.Tests.TestContextTests.SetUpCanAccessTestName" methodname="SetUpCanAccessTestName" classname="NUnit.Framework.Tests.TestContextTests" runstate="Runnable" seed="1817435506" result="Passed" start-time="2017-02-21 11:04:50Z" end-time="2017-02-21 11:04:50Z" duration="0.000280" asserts="1" />
            <test-case id="0-5431" name="TestCanAccessItsOwnFullName" fullname="NUnit.Framework.Tests.TestContextTests.TestCanAccessItsOwnFullName" methodname="TestCanAccessItsOwnFullName" classname="NUnit.Framework.Tests.TestContextTests" runstate="Runnable" seed="414330449" result="Passed" start-time="2017-02-21 11:04:50Z" end-time="2017-02-21 11:04:50Z" duration="0.000252" asserts="1" />
            <test-case id="0-5438" name="TestCanAccessItsOwnId" fullname="NUnit.Framework.Tests.TestContextTests.TestCanAccessItsOwnId" methodname="TestCanAccessItsOwnId" classname="NUnit.Framework.Tests.TestContextTests" runstate="Runnable" seed="131925134" result="Passed" start-time="2017-02-21 11:04:50Z" end-time="2017-02-21 11:04:50Z" duration="0.000799" asserts="1" />
            <test-case id="0-5435" name="TestCanAccessItsOwnMethodName" fullname="NUnit.Framework.Tests.TestContextTests.TestCanAccessItsOwnMethodName" methodname="TestCanAccessItsOwnMethodName" classname="NUnit.Framework.Tests.TestContextTests" runstate="Runnable" seed="2097843885" result="Passed" start-time="2017-02-21 11:04:50Z" end-time="2017-02-21 11:04:50Z" duration="0.000295" asserts="1" />
            <test-case id="0-5425" name="TestCanAccessItsOwnName" fullname="NUnit.Framework.Tests.TestContextTests.TestCanAccessItsOwnName" methodname="TestCanAccessItsOwnName" classname="NUnit.Framework.Tests.TestContextTests" runstate="Runnable" seed="1178418303" result="Passed" start-time="2017-02-21 11:04:50Z" end-time="2017-02-21 11:04:50Z" duration="0.000629" asserts="1" />
            <test-case id="0-5440" name="TestCanAccessItsOwnProperties" fullname="NUnit.Framework.Tests.TestContextTests.TestCanAccessItsOwnProperties" methodname="TestCanAccessItsOwnProperties" classname="NUnit.Framework.Tests.TestContextTests" runstate="Runnable" seed="168977422" result="Passed" start-time="2017-02-21 11:04:50Z" end-time="2017-02-21 11:04:50Z" duration="0.000268" asserts="1">
              <properties>
                <property name="Answer" value="42" />
              </properties>
            </test-case>
            <test-case id="0-5444" name="TestCanAccessTestState_FailingTest" fullname="NUnit.Framework.Tests.TestContextTests.TestCanAccessTestState_FailingTest" methodname="TestCanAccessTestState_FailingTest" classname="NUnit.Framework.Tests.TestContextTests" runstate="Runnable" seed="1483401271" result="Passed" start-time="2017-02-21 11:04:50Z" end-time="2017-02-21 11:04:50Z" duration="0.004582" asserts="0" />
            <test-case id="0-5443" name="TestCanAccessTestState_FailureInSetUp" fullname="NUnit.Framework.Tests.TestContextTests.TestCanAccessTestState_FailureInSetUp" methodname="TestCanAccessTestState_FailureInSetUp" classname="NUnit.Framework.Tests.TestContextTests" runstate="Runnable" seed="398465855" result="Passed" start-time="2017-02-21 11:04:50Z" end-time="2017-02-21 11:04:50Z" duration="0.006941" asserts="0" />
            <test-case id="0-5445" name="TestCanAccessTestState_IgnoredInSetUp" fullname="NUnit.Framework.Tests.TestContextTests.TestCanAccessTestState_IgnoredInSetUp" methodname="TestCanAccessTestState_IgnoredInSetUp" classname="NUnit.Framework.Tests.TestContextTests" runstate="Runnable" seed="738258256" result="Passed" start-time="2017-02-21 11:04:50Z" end-time="2017-02-21 11:04:50Z" duration="0.001767" asserts="0" />
            <test-case id="0-5442" name="TestCanAccessTestState_PassingTest" fullname="NUnit.Framework.Tests.TestContextTests.TestCanAccessTestState_PassingTest" methodname="TestCanAccessTestState_PassingTest" classname="NUnit.Framework.Tests.TestContextTests" runstate="Runnable" seed="333624427" result="Passed" start-time="2017-02-21 11:04:50Z" end-time="2017-02-21 11:04:50Z" duration="0.000519" asserts="0" />
            <test-case id="0-5441" name="TestCanAccessWorkDirectory" fullname="NUnit.Framework.Tests.TestContextTests.TestCanAccessWorkDirectory" methodname="TestCanAccessWorkDirectory" classname="NUnit.Framework.Tests.TestContextTests" runstate="Runnable" seed="151085524" result="Passed" start-time="2017-02-21 11:04:50Z" end-time="2017-02-21 11:04:50Z" duration="0.000214" asserts="2" />
            <test-suite type="ParameterizedMethod" id="0-5433" name="TestCaseCanAccessItsOwnFullName" fullname="NUnit.Framework.Tests.TestContextTests.TestCaseCanAccessItsOwnFullName" classname="NUnit.Framework.Tests.TestContextTests" runstate="Runnable" testcasecount="1" result="Passed" start-time="2017-02-21 11:04:50Z" end-time="2017-02-21 11:04:50Z" duration="0.003073" total="1" passed="1" failed="0" warnings="0" inconclusive="0" skipped="0" asserts="1">
              <test-case id="0-5432" name="TestCaseCanAccessItsOwnFullName(42)" fullname="NUnit.Framework.Tests.TestContextTests.TestCaseCanAccessItsOwnFullName(42)" methodname="TestCaseCanAccessItsOwnFullName" classname="NUnit.Framework.Tests.TestContextTests" runstate="Runnable" seed="1716916939" result="Passed" start-time="2017-02-21 11:04:50Z" end-time="2017-02-21 11:04:50Z" duration="0.000299" asserts="1" />
            </test-suite>
            <test-suite type="ParameterizedMethod" id="0-5437" name="TestCaseCanAccessItsOwnMethodName" fullname="NUnit.Framework.Tests.TestContextTests.TestCaseCanAccessItsOwnMethodName" classname="NUnit.Framework.Tests.TestContextTests" runstate="Runnable" testcasecount="1" result="Passed" start-time="2017-02-21 11:04:50Z" end-time="2017-02-21 11:04:50Z" duration="0.003010" total="1" passed="1" failed="0" warnings="0" inconclusive="0" skipped="0" asserts="1">
              <test-case id="0-5436" name="TestCaseCanAccessItsOwnMethodName(5)" fullname="NUnit.Framework.Tests.TestContextTests.TestCaseCanAccessItsOwnMethodName(5)" methodname="TestCaseCanAccessItsOwnMethodName" classname="NUnit.Framework.Tests.TestContextTests" runstate="Runnable" seed="952120755" result="Passed" start-time="2017-02-21 11:04:50Z" end-time="2017-02-21 11:04:50Z" duration="0.000186" asserts="1" />
            </test-suite>
            <test-suite type="ParameterizedMethod" id="0-5429" name="TestCaseCanAccessItsOwnName" fullname="NUnit.Framework.Tests.TestContextTests.TestCaseCanAccessItsOwnName" classname="NUnit.Framework.Tests.TestContextTests" runstate="Runnable" testcasecount="1" result="Passed" start-time="2017-02-21 11:04:50Z" end-time="2017-02-21 11:04:50Z" duration="0.002977" total="1" passed="1" failed="0" warnings="0" inconclusive="0" skipped="0" asserts="1">
              <test-case id="0-5428" name="TestCaseCanAccessItsOwnName(5)" fullname="NUnit.Framework.Tests.TestContextTests.TestCaseCanAccessItsOwnName(5)" methodname="TestCaseCanAccessItsOwnName" classname="NUnit.Framework.Tests.TestContextTests" runstate="Runnable" seed="1355307918" result="Passed" start-time="2017-02-21 11:04:50Z" end-time="2017-02-21 11:04:50Z" duration="0.000184" asserts="1" />
            </test-suite>
            <test-suite type="ParameterizedMethod" id="0-5423" name="TestCaseSourceCanAccessTestDirectory" fullname="NUnit.Framework.Tests.TestContextTests.TestCaseSourceCanAccessTestDirectory" classname="NUnit.Framework.Tests.TestContextTests" runstate="Runnable" testcasecount="1" result="Passed" start-time="2017-02-21 11:04:50Z" end-time="2017-02-21 11:04:50Z" duration="0.003206" total="1" passed="1" failed="0" warnings="0" inconclusive="0" skipped="0" asserts="1">
              <test-case id="0-5422" name="TestCaseSourceCanAccessTestDirectory(&quot;/home/tinedel/projects/nunit-3.6/bin/Release/net-4.5&quot;)" fullname="NUnit.Framework.Tests.TestContextTests.TestCaseSourceCanAccessTestDirectory(&quot;/home/tinedel/projects/nunit-3.6/bin/Release/net-4.5&quot;)" methodname="TestCaseSourceCanAccessTestDirectory" classname="NUnit.Framework.Tests.TestContextTests" runstate="Runnable" seed="1313536133" result="Passed" start-time="2017-02-21 11:04:50Z" end-time="2017-02-21 11:04:50Z" duration="0.000192" asserts="1" />
            </test-suite>
            <test-case id="0-5447" name="TestContextStoresFailureInfoForOneTimeTearDown" fullname="NUnit.Framework.Tests.TestContextTests.TestContextStoresFailureInfoForOneTimeTearDown" methodname="TestContextStoresFailureInfoForOneTimeTearDown" classname="NUnit.Framework.Tests.TestContextTests" runstate="Runnable" seed="1535974159" result="Passed" start-time="2017-02-21 11:04:50Z" end-time="2017-02-21 11:04:50Z" duration="0.011965" asserts="0" />
            <test-case id="0-5446" name="TestContextStoresFailureInfoForTearDown" fullname="NUnit.Framework.Tests.TestContextTests.TestContextStoresFailureInfoForTearDown" methodname="TestContextStoresFailureInfoForTearDown" classname="NUnit.Framework.Tests.TestContextTests" runstate="Runnable" seed="409450397" result="Passed" start-time="2017-02-21 11:04:50Z" end-time="2017-02-21 11:04:50Z" duration="0.006139" asserts="0" />
          </test-suite>
          <test-suite type="TestSuite" id="0-5528" name="Compatibility" fullname="NUnit.Framework.Tests.Compatibility" runstate="Runnable" testcasecount="86" result="Passed" start-time="2017-02-21 11:04:43Z" end-time="2017-02-21 11:04:50Z" duration="7.614543" total="86" passed="86" failed="0" warnings="0" inconclusive="0" skipped="0" asserts="137">
            <test-suite type="TestFixture" id="0-2653" name="AttributeHelperTests" fullname="NUnit.Framework.Tests.Compatibility.AttributeHelperTests" classname="NUnit.Framework.Tests.Compatibility.AttributeHelperTests" runstate="Runnable" testcasecount="8" result="Passed" start-time="2017-02-21 11:04:50Z" end-time="2017-02-21 11:04:50Z" duration="0.025322" total="8" passed="8" failed="0" warnings="0" inconclusive="0" skipped="0" asserts="32">
              <test-case id="0-2654" name="CanGetAttributesOnAssemblies" fullname="NUnit.Framework.Tests.Compatibility.AttributeHelperTests.CanGetAttributesOnAssemblies" methodname="CanGetAttributesOnAssemblies" classname="NUnit.Framework.Tests.Compatibility.AttributeHelperTests" runstate="Runnable" seed="617755981" result="Passed" start-time="2017-02-21 11:04:50Z" end-time="2017-02-21 11:04:50Z" duration="0.000446" asserts="3" />
              <test-case id="0-2655" name="CanGetAttributesOnClasses" fullname="NUnit.Framework.Tests.Compatibility.AttributeHelperTests.CanGetAttributesOnClasses" methodname="CanGetAttributesOnClasses" classname="NUnit.Framework.Tests.Compatibility.AttributeHelperTests" runstate="Runnable" seed="1053182117" result="Passed" start-time="2017-02-21 11:04:50Z" end-time="2017-02-21 11:04:50Z" duration="0.000478" asserts="3" />
              <test-case id="0-2656" name="CanGetAttributesOnDerivedClasses" fullname="NUnit.Framework.Tests.Compatibility.AttributeHelperTests.CanGetAttributesOnDerivedClasses" methodname="CanGetAttributesOnDerivedClasses" classname="NUnit.Framework.Tests.Compatibility.AttributeHelperTests" runstate="Runnable" seed="1759924930" result="Passed" start-time="2017-02-21 11:04:50Z" end-time="2017-02-21 11:04:50Z" duration="0.001113" asserts="3" />
              <test-case id="0-2660" name="CanGetAttributesOnFields" fullname="NUnit.Framework.Tests.Compatibility.AttributeHelperTests.CanGetAttributesOnFields" methodname="CanGetAttributesOnFields" classname="NUnit.Framework.Tests.Compatibility.AttributeHelperTests" runstate="Runnable" seed="1027703818" result="Passed" start-time="2017-02-21 11:04:50Z" end-time="2017-02-21 11:04:50Z" duration="0.000585" asserts="4" />
              <test-case id="0-2658" name="CanGetAttributesOnMethods" fullname="NUnit.Framework.Tests.Compatibility.AttributeHelperTests.CanGetAttributesOnMethods" methodname="CanGetAttributesOnMethods" classname="NUnit.Framework.Tests.Compatibility.AttributeHelperTests" runstate="Runnable" seed="483303207" result="Passed" start-time="2017-02-21 11:04:50Z" end-time="2017-02-21 11:04:50Z" duration="0.000367" asserts="4" />
              <test-case id="0-2661" name="CanGetAttributesOnParameters" fullname="NUnit.Framework.Tests.Compatibility.AttributeHelperTests.CanGetAttributesOnParameters" methodname="CanGetAttributesOnParameters" classname="NUnit.Framework.Tests.Compatibility.AttributeHelperTests" runstate="Runnable" seed="299621522" result="Passed" start-time="2017-02-21 11:04:50Z" end-time="2017-02-21 11:04:50Z" duration="0.000753" asserts="8" />
              <test-case id="0-2659" name="CanGetAttributesOnProperties" fullname="NUnit.Framework.Tests.Compatibility.AttributeHelperTests.CanGetAttributesOnProperties" methodname="CanGetAttributesOnProperties" classname="NUnit.Framework.Tests.Compatibility.AttributeHelperTests" runstate="Runnable" seed="420231389" result="Passed" start-time="2017-02-21 11:04:50Z" end-time="2017-02-21 11:04:50Z" duration="0.000940" asserts="4" />
              <test-case id="0-2657" name="DoesNotGetAttributesOnDerivedClassesWhenInheritedIsFalse" fullname="NUnit.Framework.Tests.Compatibility.AttributeHelperTests.DoesNotGetAttributesOnDerivedClassesWhenInheritedIsFalse" methodname="DoesNotGetAttributesOnDerivedClassesWhenInheritedIsFalse" classname="NUnit.Framework.Tests.Compatibility.AttributeHelperTests" runstate="Runnable" seed="1478638764" result="Passed" start-time="2017-02-21 11:04:50Z" end-time="2017-02-21 11:04:50Z" duration="0.000267" asserts="3" />
            </test-suite>
            <test-suite type="TestFixture" id="0-2662" name="ReflectionExtensionsTests" fullname="NUnit.Framework.Tests.Compatibility.ReflectionExtensionsTests" classname="NUnit.Framework.Tests.Compatibility.ReflectionExtensionsTests" runstate="Runnable" testcasecount="78" result="Passed" start-time="2017-02-21 11:04:50Z" end-time="2017-02-21 11:04:50Z" duration="0.353057" total="78" passed="78" failed="0" warnings="0" inconclusive="0" skipped="0" asserts="105">
              <test-case id="0-2663" name="CanCallTypeInfoOnAllPlatforms" fullname="NUnit.Framework.Tests.Compatibility.ReflectionExtensionsTests.CanCallTypeInfoOnAllPlatforms" methodname="CanCallTypeInfoOnAllPlatforms" classname="NUnit.Framework.Tests.Compatibility.ReflectionExtensionsTests" runstate="Runnable" seed="480806192" result="Passed" start-time="2017-02-21 11:04:50Z" end-time="2017-02-21 11:04:50Z" duration="0.000740" asserts="1" />
              <test-case id="0-2665" name="CanGetConstructors" fullname="NUnit.Framework.Tests.Compatibility.ReflectionExtensionsTests.CanGetConstructors" methodname="CanGetConstructors" classname="NUnit.Framework.Tests.Compatibility.ReflectionExtensionsTests" runstate="Runnable" seed="1937008567" result="Passed" start-time="2017-02-21 11:04:50Z" end-time="2017-02-21 11:04:50Z" duration="0.000379" asserts="7" />
              <test-suite type="ParameterizedMethod" id="0-2669" name="CanGetConstructorWithParams" fullname="NUnit.Framework.Tests.Compatibility.ReflectionExtensionsTests.CanGetConstructorWithParams" classname="NUnit.Framework.Tests.Compatibility.ReflectionExtensionsTests" runstate="Runnable" testcasecount="3" result="Passed" start-time="2017-02-21 11:04:50Z" end-time="2017-02-21 11:04:50Z" duration="0.009251" total="3" passed="3" failed="0" warnings="0" inconclusive="0" skipped="0" asserts="3">
                <test-case id="0-2666" name="CanGetConstructorWithParams(System.String)" fullname="NUnit.Framework.Tests.Compatibility.ReflectionExtensionsTests.CanGetConstructorWithParams(System.String)" methodname="CanGetConstructorWithParams" classname="NUnit.Framework.Tests.Compatibility.ReflectionExtensionsTests" runstate="Runnable" seed="474665523" result="Passed" start-time="2017-02-21 11:04:50Z" end-time="2017-02-21 11:04:50Z" duration="0.000347" asserts="1" />
                <test-case id="0-2667" name="CanGetConstructorWithParams(System.Double)" fullname="NUnit.Framework.Tests.Compatibility.ReflectionExtensionsTests.CanGetConstructorWithParams(System.Double)" methodname="CanGetConstructorWithParams" classname="NUnit.Framework.Tests.Compatibility.ReflectionExtensionsTests" runstate="Runnable" seed="1605299547" result="Passed" start-time="2017-02-21 11:04:50Z" end-time="2017-02-21 11:04:50Z" duration="0.000109" asserts="1" />
                <test-case id="0-2668" name="CanGetConstructorWithParams(System.Int32)" fullname="NUnit.Framework.Tests.Compatibility.ReflectionExtensionsTests.CanGetConstructorWithParams(System.Int32)" methodname="CanGetConstructorWithParams" classname="NUnit.Framework.Tests.Compatibility.ReflectionExtensionsTests" runstate="Runnable" seed="444422817" result="Passed" start-time="2017-02-21 11:04:50Z" end-time="2017-02-21 11:04:50Z" duration="0.000073" asserts="1" />
              </test-suite>
              <test-case id="0-2664" name="CanGetGenericArguments" fullname="NUnit.Framework.Tests.Compatibility.ReflectionExtensionsTests.CanGetGenericArguments" methodname="CanGetGenericArguments" classname="NUnit.Framework.Tests.Compatibility.ReflectionExtensionsTests" runstate="Runnable" seed="1669481433" result="Passed" start-time="2017-02-21 11:04:50Z" end-time="2017-02-21 11:04:50Z" duration="0.000367" asserts="3" />
              <test-case id="0-2670" name="CanGetGenericConstructor" fullname="NUnit.Framework.Tests.Compatibility.ReflectionExtensionsTests.CanGetGenericConstructor" methodname="CanGetGenericConstructor" classname="NUnit.Framework.Tests.Compatibility.ReflectionExtensionsTests" runstate="Runnable" seed="223448348" result="Passed" start-time="2017-02-21 11:04:50Z" end-time="2017-02-21 11:04:50Z" duration="0.000287" asserts="1" />
              <test-suite type="ParameterizedMethod" id="0-2750" name="CanGetGetMethod" fullname="NUnit.Framework.Tests.Compatibility.ReflectionExtensionsTests.CanGetGetMethod" classname="NUnit.Framework.Tests.Compatibility.ReflectionExtensionsTests" runstate="Runnable" testcasecount="4" result="Passed" start-time="2017-02-21 11:04:50Z" end-time="2017-02-21 11:04:50Z" duration="0.014440" total="4" passed="4" failed="0" warnings="0" inconclusive="0" skipped="0" asserts="8">
                <test-case id="0-2746" name="CanGetGetMethod(&quot;Name&quot;,False,True)" fullname="NUnit.Framework.Tests.Compatibility.ReflectionExtensionsTests.CanGetGetMethod(&quot;Name&quot;,False,True)" methodname="CanGetGetMethod" classname="NUnit.Framework.Tests.Compatibility.ReflectionExtensionsTests" runstate="Runnable" seed="2020411410" result="Passed" start-time="2017-02-21 11:04:50Z" end-time="2017-02-21 11:04:50Z" duration="0.000656" asserts="2" />
                <test-case id="0-2747" name="CanGetGetMethod(&quot;Name&quot;,True,True)" fullname="NUnit.Framework.Tests.Compatibility.ReflectionExtensionsTests.CanGetGetMethod(&quot;Name&quot;,True,True)" methodname="CanGetGetMethod" classname="NUnit.Framework.Tests.Compatibility.ReflectionExtensionsTests" runstate="Runnable" seed="198726823" result="Passed" start-time="2017-02-21 11:04:50Z" end-time="2017-02-21 11:04:50Z" duration="0.000179" asserts="2" />
                <test-case id="0-2748" name="CanGetGetMethod(&quot;Private&quot;,False,False)" fullname="NUnit.Framework.Tests.Compatibility.ReflectionExtensionsTests.CanGetGetMethod(&quot;Private&quot;,False,False)" methodname="CanGetGetMethod" classname="NUnit.Framework.Tests.Compatibility.ReflectionExtensionsTests" runstate="Runnable" seed="479586575" result="Passed" start-time="2017-02-21 11:04:50Z" end-time="2017-02-21 11:04:50Z" duration="0.000159" asserts="2" />
                <test-case id="0-2749" name="CanGetGetMethod(&quot;Private&quot;,True,True)" fullname="NUnit.Framework.Tests.Compatibility.ReflectionExtensionsTests.CanGetGetMethod(&quot;Private&quot;,True,True)" methodname="CanGetGetMethod" classname="NUnit.Framework.Tests.Compatibility.ReflectionExtensionsTests" runstate="Runnable" seed="922063655" result="Passed" start-time="2017-02-21 11:04:50Z" end-time="2017-02-21 11:04:50Z" duration="0.000498" asserts="2" />
              </test-suite>
              <test-suite type="ParameterizedMethod" id="0-2677" name="CanGetInterfaces" fullname="NUnit.Framework.Tests.Compatibility.ReflectionExtensionsTests.CanGetInterfaces" classname="NUnit.Framework.Tests.Compatibility.ReflectionExtensionsTests" runstate="Runnable" testcasecount="4" result="Passed" start-time="2017-02-21 11:04:50Z" end-time="2017-02-21 11:04:50Z" duration="0.019838" total="4" passed="4" failed="0" warnings="0" inconclusive="0" skipped="0" asserts="8">
                <test-case id="0-2673" name="CanGetInterfaces(NUnit.Framework.Tests.Compatibility.BaseTestClass,System.IDisposable)" fullname="NUnit.Framework.Tests.Compatibility.ReflectionExtensionsTests.CanGetInterfaces(NUnit.Framework.Tests.Compatibility.BaseTestClass,System.IDisposable)" methodname="CanGetInterfaces" classname="NUnit.Framework.Tests.Compatibility.ReflectionExtensionsTests" runstate="Runnable" seed="2035800540" result="Passed" start-time="2017-02-21 11:04:50Z" end-time="2017-02-21 11:04:50Z" duration="0.000476" asserts="2" />
                <test-case id="0-2674" name="CanGetInterfaces(NUnit.Framework.Tests.Compatibility.DerivedTestClass,System.IDisposable)" fullname="NUnit.Framework.Tests.Compatibility.ReflectionExtensionsTests.CanGetInterfaces(NUnit.Framework.Tests.Compatibility.DerivedTestClass,System.IDisposable)" methodname="CanGetInterfaces" classname="NUnit.Framework.Tests.Compatibility.ReflectionExtensionsTests" runstate="Runnable" seed="655269134" result="Passed" start-time="2017-02-21 11:04:50Z" end-time="2017-02-21 11:04:50Z" duration="0.003340" asserts="2" />
                <test-case id="0-2675" name="CanGetInterfaces(System.Collections.Generic.List`1[System.Int32],System.Collections.Generic.IList`1[System.Int32])" fullname="NUnit.Framework.Tests.Compatibility.ReflectionExtensionsTests.CanGetInterfaces(System.Collections.Generic.List`1[System.Int32],System.Collections.Generic.IList`1[System.Int32])" methodname="CanGetInterfaces" classname="NUnit.Framework.Tests.Compatibility.ReflectionExtensionsTests" runstate="Runnable" seed="1440525399" result="Passed" start-time="2017-02-21 11:04:50Z" end-time="2017-02-21 11:04:50Z" duration="0.000395" asserts="2" />
                <test-case id="0-2676" name="CanGetInterfaces(System.Collections.Generic.List`1[System.Int32],System.Collections.Generic.IEnumerable`1[System.Int32])" fullname="NUnit.Framework.Tests.Compatibility.ReflectionExtensionsTests.CanGetInterfaces(System.Collections.Generic.List`1[System.Int32],System.Collections.Generic.IEnumerable`1[System.Int32])" methodname="CanGetInterfaces" classname="NUnit.Framework.Tests.Compatibility.ReflectionExtensionsTests" runstate="Runnable" seed="277827896" result="Passed" start-time="2017-02-21 11:04:50Z" end-time="2017-02-21 11:04:50Z" duration="0.000218" asserts="2" />
              </test-suite>
              <test-suite type="ParameterizedMethod" id="0-2686" name="CanGetMember" fullname="NUnit.Framework.Tests.Compatibility.ReflectionExtensionsTests.CanGetMember" classname="NUnit.Framework.Tests.Compatibility.ReflectionExtensionsTests" runstate="Runnable" testcasecount="8" result="Passed" start-time="2017-02-21 11:04:50Z" end-time="2017-02-21 11:04:50Z" duration="0.028912" total="8" passed="8" failed="0" warnings="0" inconclusive="0" skipped="0" asserts="16">
                <test-case id="0-2678" name="CanGetMember(NUnit.Framework.Tests.Compatibility.BaseTestClass,&quot;Name&quot;)" fullname="NUnit.Framework.Tests.Compatibility.ReflectionExtensionsTests.CanGetMember(NUnit.Framework.Tests.Compatibility.BaseTestClass,&quot;Name&quot;)" methodname="CanGetMember" classname="NUnit.Framework.Tests.Compatibility.ReflectionExtensionsTests" runstate="Runnable" seed="1681783626" result="Passed" start-time="2017-02-21 11:04:50Z" end-time="2017-02-21 11:04:50Z" duration="0.000458" asserts="2" />
                <test-case id="0-2679" name="CanGetMember(NUnit.Framework.Tests.Compatibility.BaseTestClass,&quot;StaticString&quot;)" fullname="NUnit.Framework.Tests.Compatibility.ReflectionExtensionsTests.CanGetMember(NUnit.Framework.Tests.Compatibility.BaseTestClass,&quot;StaticString&quot;)" methodname="CanGetMember" classname="NUnit.Framework.Tests.Compatibility.ReflectionExtensionsTests" runstate="Runnable" seed="409944471" result="Passed" start-time="2017-02-21 11:04:50Z" end-time="2017-02-21 11:04:50Z" duration="0.000134" asserts="2" />
                <test-case id="0-2680" name="CanGetMember(NUnit.Framework.Tests.Compatibility.BaseTestClass,&quot;Protected&quot;)" fullname="NUnit.Framework.Tests.Compatibility.ReflectionExtensionsTests.CanGetMember(NUnit.Framework.Tests.Compatibility.BaseTestClass,&quot;Protected&quot;)" methodname="CanGetMember" classname="NUnit.Framework.Tests.Compatibility.ReflectionExtensionsTests" runstate="Runnable" seed="707165656" result="Passed" start-time="2017-02-21 11:04:50Z" end-time="2017-02-21 11:04:50Z" duration="0.000136" asserts="2" />
                <test-case id="0-2681" name="CanGetMember(NUnit.Framework.Tests.Compatibility.BaseTestClass,&quot;Dispose&quot;)" fullname="NUnit.Framework.Tests.Compatibility.ReflectionExtensionsTests.CanGetMember(NUnit.Framework.Tests.Compatibility.BaseTestClass,&quot;Dispose&quot;)" methodname="CanGetMember" classname="NUnit.Framework.Tests.Compatibility.ReflectionExtensionsTests" runstate="Runnable" seed="295131085" result="Passed" start-time="2017-02-21 11:04:50Z" end-time="2017-02-21 11:04:50Z" duration="0.000145" asserts="2" />
                <test-case id="0-2682" name="CanGetMember(NUnit.Framework.Tests.Compatibility.BaseTestClass,&quot;Private&quot;)" fullname="NUnit.Framework.Tests.Compatibility.ReflectionExtensionsTests.CanGetMember(NUnit.Framework.Tests.Compatibility.BaseTestClass,&quot;Private&quot;)" methodname="CanGetMember" classname="NUnit.Framework.Tests.Compatibility.ReflectionExtensionsTests" runstate="Runnable" seed="131741900" result="Passed" start-time="2017-02-21 11:04:50Z" end-time="2017-02-21 11:04:50Z" duration="0.000143" asserts="2" />
                <test-case id="0-2683" name="CanGetMember(NUnit.Framework.Tests.Compatibility.DerivedTestClass,&quot;Name&quot;)" fullname="NUnit.Framework.Tests.Compatibility.ReflectionExtensionsTests.CanGetMember(NUnit.Framework.Tests.Compatibility.DerivedTestClass,&quot;Name&quot;)" methodname="CanGetMember" classname="NUnit.Framework.Tests.Compatibility.ReflectionExtensionsTests" runstate="Runnable" seed="373417320" result="Passed" start-time="2017-02-21 11:04:50Z" end-time="2017-02-21 11:04:50Z" duration="0.000351" asserts="2" />
                <test-case id="0-2684" name="CanGetMember(NUnit.Framework.Tests.Compatibility.DerivedTestClass,&quot;Protected&quot;)" fullname="NUnit.Framework.Tests.Compatibility.ReflectionExtensionsTests.CanGetMember(NUnit.Framework.Tests.Compatibility.DerivedTestClass,&quot;Protected&quot;)" methodname="CanGetMember" classname="NUnit.Framework.Tests.Compatibility.ReflectionExtensionsTests" runstate="Runnable" seed="525228301" result="Passed" start-time="2017-02-21 11:04:50Z" end-time="2017-02-21 11:04:50Z" duration="0.000311" asserts="2" />
                <test-case id="0-2685" name="CanGetMember(NUnit.Framework.Tests.Compatibility.DerivedTestClass,&quot;Dispose&quot;)" fullname="NUnit.Framework.Tests.Compatibility.ReflectionExtensionsTests.CanGetMember(NUnit.Framework.Tests.Compatibility.DerivedTestClass,&quot;Dispose&quot;)" methodname="CanGetMember" classname="NUnit.Framework.Tests.Compatibility.ReflectionExtensionsTests" runstate="Runnable" seed="1334724141" result="Passed" start-time="2017-02-21 11:04:50Z" end-time="2017-02-21 11:04:50Z" duration="0.000138" asserts="2" />
              </test-suite>
              <test-suite type="ParameterizedMethod" id="0-2726" name="CanGetMethodByName" fullname="NUnit.Framework.Tests.Compatibility.ReflectionExtensionsTests.CanGetMethodByName" classname="NUnit.Framework.Tests.Compatibility.ReflectionExtensionsTests" runstate="Runnable" testcasecount="4" result="Passed" start-time="2017-02-21 11:04:50Z" end-time="2017-02-21 11:04:50Z" duration="0.031881" total="4" passed="4" failed="0" warnings="0" inconclusive="0" skipped="0" asserts="4">
                <test-case id="0-2722" name="CanGetMethodByName(NUnit.Framework.Tests.Compatibility.BaseTestClass,&quot;Dispose&quot;,True)" fullname="NUnit.Framework.Tests.Compatibility.ReflectionExtensionsTests.CanGetMethodByName(NUnit.Framework.Tests.Compatibility.BaseTestClass,&quot;Dispose&quot;,True)" methodname="CanGetMethodByName" classname="NUnit.Framework.Tests.Compatibility.ReflectionExtensionsTests" runstate="Runnable" seed="1090560126" result="Passed" start-time="2017-02-21 11:04:50Z" end-time="2017-02-21 11:04:50Z" duration="0.000327" asserts="1" />
                <test-case id="0-2723" name="CanGetMethodByName(NUnit.Framework.Tests.Compatibility.DerivedTestClass,&quot;Dispose&quot;,True)" fullname="NUnit.Framework.Tests.Compatibility.ReflectionExtensionsTests.CanGetMethodByName(NUnit.Framework.Tests.Compatibility.DerivedTestClass,&quot;Dispose&quot;,True)" methodname="CanGetMethodByName" classname="NUnit.Framework.Tests.Compatibility.ReflectionExtensionsTests" runstate="Runnable" seed="1260196688" result="Passed" start-time="2017-02-21 11:04:50Z" end-time="2017-02-21 11:04:50Z" duration="0.000115" asserts="1" />
                <test-case id="0-2724" name="CanGetMethodByName(NUnit.Framework.Tests.Compatibility.BaseTestClass,&quot;Goodbye&quot;,False)" fullname="NUnit.Framework.Tests.Compatibility.ReflectionExtensionsTests.CanGetMethodByName(NUnit.Framework.Tests.Compatibility.BaseTestClass,&quot;Goodbye&quot;,False)" methodname="CanGetMethodByName" classname="NUnit.Framework.Tests.Compatibility.ReflectionExtensionsTests" runstate="Runnable" seed="244533076" result="Passed" start-time="2017-02-21 11:04:50Z" end-time="2017-02-21 11:04:50Z" duration="0.000094" asserts="1" />
                <test-case id="0-2725" name="CanGetMethodByName(NUnit.Framework.Tests.Compatibility.DerivedTestClass,&quot;Goodbye&quot;,False)" fullname="NUnit.Framework.Tests.Compatibility.ReflectionExtensionsTests.CanGetMethodByName(NUnit.Framework.Tests.Compatibility.DerivedTestClass,&quot;Goodbye&quot;,False)" methodname="CanGetMethodByName" classname="NUnit.Framework.Tests.Compatibility.ReflectionExtensionsTests" runstate="Runnable" seed="57656046" result="Passed" start-time="2017-02-21 11:04:50Z" end-time="2017-02-21 11:04:50Z" duration="0.000096" asserts="1" />
              </test-suite>
              <test-suite type="ParameterizedMethod" id="0-2733" name="CanGetMethodByNameAndArgs" fullname="NUnit.Framework.Tests.Compatibility.ReflectionExtensionsTests.CanGetMethodByNameAndArgs" classname="NUnit.Framework.Tests.Compatibility.ReflectionExtensionsTests" runstate="Runnable" testcasecount="6" result="Passed" start-time="2017-02-21 11:04:50Z" end-time="2017-02-21 11:04:50Z" duration="0.025091" total="6" passed="6" failed="0" warnings="0" inconclusive="0" skipped="0" asserts="6">
                <test-case id="0-2727" name="CanGetMethodByNameAndArgs(NUnit.Framework.Tests.Compatibility.BaseTestClass,&quot;Hello&quot;,System.Type[],True)" fullname="NUnit.Framework.Tests.Compatibility.ReflectionExtensionsTests.CanGetMethodByNameAndArgs(NUnit.Framework.Tests.Compatibility.BaseTestClass,&quot;Hello&quot;,System.Type[],True)" methodname="CanGetMethodByNameAndArgs" classname="NUnit.Framework.Tests.Compatibility.ReflectionExtensionsTests" runstate="Runnable" seed="495181467" result="Passed" start-time="2017-02-21 11:04:50Z" end-time="2017-02-21 11:04:50Z" duration="0.000460" asserts="1" />
                <test-case id="0-2728" name="CanGetMethodByNameAndArgs(NUnit.Framework.Tests.Compatibility.DerivedTestClass,&quot;Hello&quot;,System.Type[],True)" fullname="NUnit.Framework.Tests.Compatibility.ReflectionExtensionsTests.CanGetMethodByNameAndArgs(NUnit.Framework.Tests.Compatibility.DerivedTestClass,&quot;Hello&quot;,System.Type[],True)" methodname="CanGetMethodByNameAndArgs" classname="NUnit.Framework.Tests.Compatibility.ReflectionExtensionsTests" runstate="Runnable" seed="1352356341" result="Passed" start-time="2017-02-21 11:04:50Z" end-time="2017-02-21 11:04:50Z" duration="0.000140" asserts="1" />
                <test-case id="0-2729" name="CanGetMethodByNameAndArgs(NUnit.Framework.Tests.Compatibility.BaseTestClass,&quot;Hello&quot;,System.Type[],True)" fullname="NUnit.Framework.Tests.Compatibility.ReflectionExtensionsTests.CanGetMethodByNameAndArgs(NUnit.Framework.Tests.Compatibility.BaseTestClass,&quot;Hello&quot;,System.Type[],True)" methodname="CanGetMethodByNameAndArgs" classname="NUnit.Framework.Tests.Compatibility.ReflectionExtensionsTests" runstate="Runnable" seed="350953543" result="Passed" start-time="2017-02-21 11:04:50Z" end-time="2017-02-21 11:04:50Z" duration="0.000149" asserts="1" />
                <test-case id="0-2730" name="CanGetMethodByNameAndArgs(NUnit.Framework.Tests.Compatibility.DerivedTestClass,&quot;Hello&quot;,System.Type[],True)" fullname="NUnit.Framework.Tests.Compatibility.ReflectionExtensionsTests.CanGetMethodByNameAndArgs(NUnit.Framework.Tests.Compatibility.DerivedTestClass,&quot;Hello&quot;,System.Type[],True)" methodname="CanGetMethodByNameAndArgs" classname="NUnit.Framework.Tests.Compatibility.ReflectionExtensionsTests" runstate="Runnable" seed="908562582" result="Passed" start-time="2017-02-21 11:04:50Z" end-time="2017-02-21 11:04:50Z" duration="0.000123" asserts="1" />
                <test-case id="0-2731" name="CanGetMethodByNameAndArgs(NUnit.Framework.Tests.Compatibility.BaseTestClass,&quot;Goodbye&quot;,System.Type[],False)" fullname="NUnit.Framework.Tests.Compatibility.ReflectionExtensionsTests.CanGetMethodByNameAndArgs(NUnit.Framework.Tests.Compatibility.BaseTestClass,&quot;Goodbye&quot;,System.Type[],False)" methodname="CanGetMethodByNameAndArgs" classname="NUnit.Framework.Tests.Compatibility.ReflectionExtensionsTests" runstate="Runnable" seed="1138362457" result="Passed" start-time="2017-02-21 11:04:50Z" end-time="2017-02-21 11:04:50Z" duration="0.000128" asserts="1" />
                <test-case id="0-2732" name="CanGetMethodByNameAndArgs(NUnit.Framework.Tests.Compatibility.DerivedTestClass,&quot;Goodbye&quot;,System.Type[],False)" fullname="NUnit.Framework.Tests.Compatibility.ReflectionExtensionsTests.CanGetMethodByNameAndArgs(NUnit.Framework.Tests.Compatibility.DerivedTestClass,&quot;Goodbye&quot;,System.Type[],False)" methodname="CanGetMethodByNameAndArgs" classname="NUnit.Framework.Tests.Compatibility.ReflectionExtensionsTests" runstate="Runnable" seed="1003746374" result="Passed" start-time="2017-02-21 11:04:50Z" end-time="2017-02-21 11:04:50Z" duration="0.000186" asserts="1" />
              </test-suite>
              <test-suite type="ParameterizedMethod" id="0-2741" name="CanGetMethodByNameAndBindingFlags" fullname="NUnit.Framework.Tests.Compatibility.ReflectionExtensionsTests.CanGetMethodByNameAndBindingFlags" classname="NUnit.Framework.Tests.Compatibility.ReflectionExtensionsTests" runstate="Runnable" testcasecount="7" result="Passed" start-time="2017-02-21 11:04:50Z" end-time="2017-02-21 11:04:50Z" duration="0.023820" total="7" passed="7" failed="0" warnings="0" inconclusive="0" skipped="0" asserts="7">
                <test-case id="0-2734" name="CanGetMethodByNameAndBindingFlags(NUnit.Framework.Tests.Compatibility.BaseTestClass,&quot;Dispose&quot;,Instance, Public,True)" fullname="NUnit.Framework.Tests.Compatibility.ReflectionExtensionsTests.CanGetMethodByNameAndBindingFlags(NUnit.Framework.Tests.Compatibility.BaseTestClass,&quot;Dispose&quot;,Instance, Public,True)" methodname="CanGetMethodByNameAndBindingFlags" classname="NUnit.Framework.Tests.Compatibility.ReflectionExtensionsTests" runstate="Runnable" seed="1172268297" result="Passed" start-time="2017-02-21 11:04:50Z" end-time="2017-02-21 11:04:50Z" duration="0.000811" asserts="1" />
                <test-case id="0-2735" name="CanGetMethodByNameAndBindingFlags(NUnit.Framework.Tests.Compatibility.DerivedTestClass,&quot;Dispose&quot;,Instance, Public,True)" fullname="NUnit.Framework.Tests.Compatibility.ReflectionExtensionsTests.CanGetMethodByNameAndBindingFlags(NUnit.Framework.Tests.Compatibility.DerivedTestClass,&quot;Dispose&quot;,Instance, Public,True)" methodname="CanGetMethodByNameAndBindingFlags" classname="NUnit.Framework.Tests.Compatibility.ReflectionExtensionsTests" runstate="Runnable" seed="606895676" result="Passed" start-time="2017-02-21 11:04:50Z" end-time="2017-02-21 11:04:50Z" duration="0.000153" asserts="1" />
                <test-case id="0-2736" name="CanGetMethodByNameAndBindingFlags(NUnit.Framework.Tests.Compatibility.BaseTestClass,&quot;Dispose&quot;,Instance, Public,True)" fullname="NUnit.Framework.Tests.Compatibility.ReflectionExtensionsTests.CanGetMethodByNameAndBindingFlags(NUnit.Framework.Tests.Compatibility.BaseTestClass,&quot;Dispose&quot;,Instance, Public,True)" methodname="CanGetMethodByNameAndBindingFlags" classname="NUnit.Framework.Tests.Compatibility.ReflectionExtensionsTests" runstate="Runnable" seed="2112103155" result="Passed" start-time="2017-02-21 11:04:50Z" end-time="2017-02-21 11:04:50Z" duration="0.000140" asserts="1" />
                <test-case id="0-2737" name="CanGetMethodByNameAndBindingFlags(NUnit.Framework.Tests.Compatibility.DerivedTestClass,&quot;Dispose&quot;,Instance, Public,True)" fullname="NUnit.Framework.Tests.Compatibility.ReflectionExtensionsTests.CanGetMethodByNameAndBindingFlags(NUnit.Framework.Tests.Compatibility.DerivedTestClass,&quot;Dispose&quot;,Instance, Public,True)" methodname="CanGetMethodByNameAndBindingFlags" classname="NUnit.Framework.Tests.Compatibility.ReflectionExtensionsTests" runstate="Runnable" seed="1397814017" result="Passed" start-time="2017-02-21 11:04:50Z" end-time="2017-02-21 11:04:50Z" duration="0.000135" asserts="1" />
                <test-case id="0-2738" name="CanGetMethodByNameAndBindingFlags(NUnit.Framework.Tests.Compatibility.BaseTestClass,&quot;StaticMethod&quot;,Static, Public,True)" fullname="NUnit.Framework.Tests.Compatibility.ReflectionExtensionsTests.CanGetMethodByNameAndBindingFlags(NUnit.Framework.Tests.Compatibility.BaseTestClass,&quot;StaticMethod&quot;,Static, Public,True)" methodname="CanGetMethodByNameAndBindingFlags" classname="NUnit.Framework.Tests.Compatibility.ReflectionExtensionsTests" runstate="Runnable" seed="1544062272" result="Passed" start-time="2017-02-21 11:04:50Z" end-time="2017-02-21 11:04:50Z" duration="0.000117" asserts="1" />
                <test-case id="0-2739" name="CanGetMethodByNameAndBindingFlags(NUnit.Framework.Tests.Compatibility.DerivedTestClass,&quot;StaticMethod&quot;,Static, Public,False)" fullname="NUnit.Framework.Tests.Compatibility.ReflectionExtensionsTests.CanGetMethodByNameAndBindingFlags(NUnit.Framework.Tests.Compatibility.DerivedTestClass,&quot;StaticMethod&quot;,Static, Public,False)" methodname="CanGetMethodByNameAndBindingFlags" classname="NUnit.Framework.Tests.Compatibility.ReflectionExtensionsTests" runstate="Runnable" seed="1090892985" result="Passed" start-time="2017-02-21 11:04:50Z" end-time="2017-02-21 11:04:50Z" duration="0.000520" asserts="1" />
                <test-case id="0-2740" name="CanGetMethodByNameAndBindingFlags(NUnit.Framework.Tests.Compatibility.BaseTestClass,&quot;Goodbye&quot;,Instance, NonPublic,True)" fullname="NUnit.Framework.Tests.Compatibility.ReflectionExtensionsTests.CanGetMethodByNameAndBindingFlags(NUnit.Framework.Tests.Compatibility.BaseTestClass,&quot;Goodbye&quot;,Instance, NonPublic,True)" methodname="CanGetMethodByNameAndBindingFlags" classname="NUnit.Framework.Tests.Compatibility.ReflectionExtensionsTests" runstate="Runnable" seed="147849610" result="Passed" start-time="2017-02-21 11:04:50Z" end-time="2017-02-21 11:04:50Z" duration="0.000158" asserts="1" />
              </test-suite>
              <test-suite type="ParameterizedMethod" id="0-2693" name="CanGetProperty" fullname="NUnit.Framework.Tests.Compatibility.ReflectionExtensionsTests.CanGetProperty" classname="NUnit.Framework.Tests.Compatibility.ReflectionExtensionsTests" runstate="Runnable" testcasecount="3" result="Passed" start-time="2017-02-21 11:04:50Z" end-time="2017-02-21 11:04:50Z" duration="0.009574" total="3" passed="3" failed="0" warnings="0" inconclusive="0" skipped="0" asserts="3">
                <test-case id="0-2690" name="CanGetProperty(NUnit.Framework.Tests.Compatibility.BaseTestClass,&quot;Name&quot;)" fullname="NUnit.Framework.Tests.Compatibility.ReflectionExtensionsTests.CanGetProperty(NUnit.Framework.Tests.Compatibility.BaseTestClass,&quot;Name&quot;)" methodname="CanGetProperty" classname="NUnit.Framework.Tests.Compatibility.ReflectionExtensionsTests" runstate="Runnable" seed="718464386" result="Passed" start-time="2017-02-21 11:04:50Z" end-time="2017-02-21 11:04:50Z" duration="0.000439" asserts="1" />
                <test-case id="0-2691" name="CanGetProperty(NUnit.Framework.Tests.Compatibility.DerivedTestClass,&quot;Name&quot;)" fullname="NUnit.Framework.Tests.Compatibility.ReflectionExtensionsTests.CanGetProperty(NUnit.Framework.Tests.Compatibility.DerivedTestClass,&quot;Name&quot;)" methodname="CanGetProperty" classname="NUnit.Framework.Tests.Compatibility.ReflectionExtensionsTests" runstate="Runnable" seed="878979891" result="Passed" start-time="2017-02-21 11:04:50Z" end-time="2017-02-21 11:04:50Z" duration="0.000120" asserts="1" />
                <test-case id="0-2692" name="CanGetProperty(NUnit.Framework.Tests.Compatibility.BaseTestClass,&quot;StaticString&quot;)" fullname="NUnit.Framework.Tests.Compatibility.ReflectionExtensionsTests.CanGetProperty(NUnit.Framework.Tests.Compatibility.BaseTestClass,&quot;StaticString&quot;)" methodname="CanGetProperty" classname="NUnit.Framework.Tests.Compatibility.ReflectionExtensionsTests" runstate="Runnable" seed="1006564514" result="Passed" start-time="2017-02-21 11:04:50Z" end-time="2017-02-21 11:04:50Z" duration="0.000106" asserts="1" />
              </test-suite>
              <test-suite type="ParameterizedMethod" id="0-2721" name="CanGetPropertyWithBindingFlags" fullname="NUnit.Framework.Tests.Compatibility.ReflectionExtensionsTests.CanGetPropertyWithBindingFlags" classname="NUnit.Framework.Tests.Compatibility.ReflectionExtensionsTests" runstate="Runnable" testcasecount="26" result="Passed" start-time="2017-02-21 11:04:50Z" end-time="2017-02-21 11:04:50Z" duration="0.092961" total="26" passed="26" failed="0" warnings="0" inconclusive="0" skipped="0" asserts="26">
                <test-case id="0-2695" name="CanGetPropertyWithBindingFlags(NUnit.Framework.Tests.Compatibility.BaseTestClass,&quot;Name&quot;,Instance, Public, NonPublic,True)" fullname="NUnit.Framework.Tests.Compatibility.ReflectionExtensionsTests.CanGetPropertyWithBindingFlags(NUnit.Framework.Tests.Compatibility.BaseTestClass,&quot;Name&quot;,Instance, Public, NonPublic,True)" methodname="CanGetPropertyWithBindingFlags" classname="NUnit.Framework.Tests.Compatibility.ReflectionExtensionsTests" runstate="Runnable" seed="762031760" result="Passed" start-time="2017-02-21 11:04:50Z" end-time="2017-02-21 11:04:50Z" duration="0.000341" asserts="1" />
                <test-case id="0-2696" name="CanGetPropertyWithBindingFlags(NUnit.Framework.Tests.Compatibility.DerivedTestClass,&quot;Name&quot;,Instance, Public, NonPublic,True)" fullname="NUnit.Framework.Tests.Compatibility.ReflectionExtensionsTests.CanGetPropertyWithBindingFlags(NUnit.Framework.Tests.Compatibility.DerivedTestClass,&quot;Name&quot;,Instance, Public, NonPublic,True)" methodname="CanGetPropertyWithBindingFlags" classname="NUnit.Framework.Tests.Compatibility.ReflectionExtensionsTests" runstate="Runnable" seed="693851332" result="Passed" start-time="2017-02-21 11:04:50Z" end-time="2017-02-21 11:04:50Z" duration="0.000168" asserts="1" />
                <test-case id="0-2697" name="CanGetPropertyWithBindingFlags(NUnit.Framework.Tests.Compatibility.BaseTestClass,&quot;Private&quot;,Instance, Public, NonPublic,True)" fullname="NUnit.Framework.Tests.Compatibility.ReflectionExtensionsTests.CanGetPropertyWithBindingFlags(NUnit.Framework.Tests.Compatibility.BaseTestClass,&quot;Private&quot;,Instance, Public, NonPublic,True)" methodname="CanGetPropertyWithBindingFlags" classname="NUnit.Framework.Tests.Compatibility.ReflectionExtensionsTests" runstate="Runnable" seed="277706045" result="Passed" start-time="2017-02-21 11:04:50Z" end-time="2017-02-21 11:04:50Z" duration="0.000173" asserts="1" />
                <test-case id="0-2698" name="CanGetPropertyWithBindingFlags(NUnit.Framework.Tests.Compatibility.BaseTestClass,&quot;StaticString&quot;,Instance, Public, NonPublic,False)" fullname="NUnit.Framework.Tests.Compatibility.ReflectionExtensionsTests.CanGetPropertyWithBindingFlags(NUnit.Framework.Tests.Compatibility.BaseTestClass,&quot;StaticString&quot;,Instance, Public, NonPublic,False)" methodname="CanGetPropertyWithBindingFlags" classname="NUnit.Framework.Tests.Compatibility.ReflectionExtensionsTests" runstate="Runnable" seed="1561754556" result="Passed" start-time="2017-02-21 11:04:50Z" end-time="2017-02-21 11:04:50Z" duration="0.000191" asserts="1" />
                <test-case id="0-2699" name="CanGetPropertyWithBindingFlags(NUnit.Framework.Tests.Compatibility.DerivedTestClass,&quot;StaticString&quot;,Instance, Public, NonPublic,False)" fullname="NUnit.Framework.Tests.Compatibility.ReflectionExtensionsTests.CanGetPropertyWithBindingFlags(NUnit.Framework.Tests.Compatibility.DerivedTestClass,&quot;StaticString&quot;,Instance, Public, NonPublic,False)" methodname="CanGetPropertyWithBindingFlags" classname="NUnit.Framework.Tests.Compatibility.ReflectionExtensionsTests" runstate="Runnable" seed="1364052411" result="Passed" start-time="2017-02-21 11:04:50Z" end-time="2017-02-21 11:04:50Z" duration="0.000169" asserts="1" />
                <test-case id="0-2700" name="CanGetPropertyWithBindingFlags(NUnit.Framework.Tests.Compatibility.BaseTestClass,&quot;Name&quot;,Static, Public, NonPublic,False)" fullname="NUnit.Framework.Tests.Compatibility.ReflectionExtensionsTests.CanGetPropertyWithBindingFlags(NUnit.Framework.Tests.Compatibility.BaseTestClass,&quot;Name&quot;,Static, Public, NonPublic,False)" methodname="CanGetPropertyWithBindingFlags" classname="NUnit.Framework.Tests.Compatibility.ReflectionExtensionsTests" runstate="Runnable" seed="352477443" result="Passed" start-time="2017-02-21 11:04:50Z" end-time="2017-02-21 11:04:50Z" duration="0.001509" asserts="1" />
                <test-case id="0-2701" name="CanGetPropertyWithBindingFlags(NUnit.Framework.Tests.Compatibility.DerivedTestClass,&quot;Name&quot;,Static, Public, NonPublic,False)" fullname="NUnit.Framework.Tests.Compatibility.ReflectionExtensionsTests.CanGetPropertyWithBindingFlags(NUnit.Framework.Tests.Compatibility.DerivedTestClass,&quot;Name&quot;,Static, Public, NonPublic,False)" methodname="CanGetPropertyWithBindingFlags" classname="NUnit.Framework.Tests.Compatibility.ReflectionExtensionsTests" runstate="Runnable" seed="607466975" result="Passed" start-time="2017-02-21 11:04:50Z" end-time="2017-02-21 11:04:50Z" duration="0.000270" asserts="1" />
                <test-case id="0-2702" name="CanGetPropertyWithBindingFlags(NUnit.Framework.Tests.Compatibility.BaseTestClass,&quot;Private&quot;,Static, Public, NonPublic,False)" fullname="NUnit.Framework.Tests.Compatibility.ReflectionExtensionsTests.CanGetPropertyWithBindingFlags(NUnit.Framework.Tests.Compatibility.BaseTestClass,&quot;Private&quot;,Static, Public, NonPublic,False)" methodname="CanGetPropertyWithBindingFlags" classname="NUnit.Framework.Tests.Compatibility.ReflectionExtensionsTests" runstate="Runnable" seed="1296852707" result="Passed" start-time="2017-02-21 11:04:50Z" end-time="2017-02-21 11:04:50Z" duration="0.000260" asserts="1" />
                <test-case id="0-2703" name="CanGetPropertyWithBindingFlags(NUnit.Framework.Tests.Compatibility.DerivedTestClass,&quot;Private&quot;,Static, Public, NonPublic,False)" fullname="NUnit.Framework.Tests.Compatibility.ReflectionExtensionsTests.CanGetPropertyWithBindingFlags(NUnit.Framework.Tests.Compatibility.DerivedTestClass,&quot;Private&quot;,Static, Public, NonPublic,False)" methodname="CanGetPropertyWithBindingFlags" classname="NUnit.Framework.Tests.Compatibility.ReflectionExtensionsTests" runstate="Runnable" seed="681117753" result="Passed" start-time="2017-02-21 11:04:50Z" end-time="2017-02-21 11:04:50Z" duration="0.000254" asserts="1" />
                <test-case id="0-2704" name="CanGetPropertyWithBindingFlags(NUnit.Framework.Tests.Compatibility.BaseTestClass,&quot;StaticString&quot;,Static, Public, NonPublic,True)" fullname="NUnit.Framework.Tests.Compatibility.ReflectionExtensionsTests.CanGetPropertyWithBindingFlags(NUnit.Framework.Tests.Compatibility.BaseTestClass,&quot;StaticString&quot;,Static, Public, NonPublic,True)" methodname="CanGetPropertyWithBindingFlags" classname="NUnit.Framework.Tests.Compatibility.ReflectionExtensionsTests" runstate="Runnable" seed="1651301994" result="Passed" start-time="2017-02-21 11:04:50Z" end-time="2017-02-21 11:04:50Z" duration="0.000251" asserts="1" />
                <test-case id="0-2705" name="CanGetPropertyWithBindingFlags(NUnit.Framework.Tests.Compatibility.DerivedTestClass,&quot;StaticString&quot;,Static, Public, NonPublic,False)" fullname="NUnit.Framework.Tests.Compatibility.ReflectionExtensionsTests.CanGetPropertyWithBindingFlags(NUnit.Framework.Tests.Compatibility.DerivedTestClass,&quot;StaticString&quot;,Static, Public, NonPublic,False)" methodname="CanGetPropertyWithBindingFlags" classname="NUnit.Framework.Tests.Compatibility.ReflectionExtensionsTests" runstate="Runnable" seed="399252058" result="Passed" start-time="2017-02-21 11:04:50Z" end-time="2017-02-21 11:04:50Z" duration="0.000258" asserts="1" />
                <test-case id="0-2706" name="CanGetPropertyWithBindingFlags(NUnit.Framework.Tests.Compatibility.BaseTestClass,&quot;Name&quot;,Instance, Static, Public,True)" fullname="NUnit.Framework.Tests.Compatibility.ReflectionExtensionsTests.CanGetPropertyWithBindingFlags(NUnit.Framework.Tests.Compatibility.BaseTestClass,&quot;Name&quot;,Instance, Static, Public,True)" methodname="CanGetPropertyWithBindingFlags" classname="NUnit.Framework.Tests.Compatibility.ReflectionExtensionsTests" runstate="Runnable" seed="1485262463" result="Passed" start-time="2017-02-21 11:04:50Z" end-time="2017-02-21 11:04:50Z" duration="0.000331" asserts="1" />
                <test-case id="0-2707" name="CanGetPropertyWithBindingFlags(NUnit.Framework.Tests.Compatibility.DerivedTestClass,&quot;Name&quot;,Instance, Static, Public,True)" fullname="NUnit.Framework.Tests.Compatibility.ReflectionExtensionsTests.CanGetPropertyWithBindingFlags(NUnit.Framework.Tests.Compatibility.DerivedTestClass,&quot;Name&quot;,Instance, Static, Public,True)" methodname="CanGetPropertyWithBindingFlags" classname="NUnit.Framework.Tests.Compatibility.ReflectionExtensionsTests" runstate="Runnable" seed="262030093" result="Passed" start-time="2017-02-21 11:04:50Z" end-time="2017-02-21 11:04:50Z" duration="0.001318" asserts="1" />
                <test-case id="0-2708" name="CanGetPropertyWithBindingFlags(NUnit.Framework.Tests.Compatibility.BaseTestClass,&quot;Private&quot;,Instance, Static, Public,False)" fullname="NUnit.Framework.Tests.Compatibility.ReflectionExtensionsTests.CanGetPropertyWithBindingFlags(NUnit.Framework.Tests.Compatibility.BaseTestClass,&quot;Private&quot;,Instance, Static, Public,False)" methodname="CanGetPropertyWithBindingFlags" classname="NUnit.Framework.Tests.Compatibility.ReflectionExtensionsTests" runstate="Runnable" seed="1594109005" result="Passed" start-time="2017-02-21 11:04:50Z" end-time="2017-02-21 11:04:50Z" duration="0.000154" asserts="1" />
                <test-case id="0-2709" name="CanGetPropertyWithBindingFlags(NUnit.Framework.Tests.Compatibility.DerivedTestClass,&quot;Private&quot;,Instance, Static, Public,False)" fullname="NUnit.Framework.Tests.Compatibility.ReflectionExtensionsTests.CanGetPropertyWithBindingFlags(NUnit.Framework.Tests.Compatibility.DerivedTestClass,&quot;Private&quot;,Instance, Static, Public,False)" methodname="CanGetPropertyWithBindingFlags" classname="NUnit.Framework.Tests.Compatibility.ReflectionExtensionsTests" runstate="Runnable" seed="530715378" result="Passed" start-time="2017-02-21 11:04:50Z" end-time="2017-02-21 11:04:50Z" duration="0.000325" asserts="1" />
                <test-case id="0-2710" name="CanGetPropertyWithBindingFlags(NUnit.Framework.Tests.Compatibility.BaseTestClass,&quot;StaticString&quot;,Instance, Static, Public,True)" fullname="NUnit.Framework.Tests.Compatibility.ReflectionExtensionsTests.CanGetPropertyWithBindingFlags(NUnit.Framework.Tests.Compatibility.BaseTestClass,&quot;StaticString&quot;,Instance, Static, Public,True)" methodname="CanGetPropertyWithBindingFlags" classname="NUnit.Framework.Tests.Compatibility.ReflectionExtensionsTests" runstate="Runnable" seed="1129993515" result="Passed" start-time="2017-02-21 11:04:50Z" end-time="2017-02-21 11:04:50Z" duration="0.000319" asserts="1" />
                <test-case id="0-2711" name="CanGetPropertyWithBindingFlags(NUnit.Framework.Tests.Compatibility.DerivedTestClass,&quot;StaticString&quot;,Instance, Static, Public,False)" fullname="NUnit.Framework.Tests.Compatibility.ReflectionExtensionsTests.CanGetPropertyWithBindingFlags(NUnit.Framework.Tests.Compatibility.DerivedTestClass,&quot;StaticString&quot;,Instance, Static, Public,False)" methodname="CanGetPropertyWithBindingFlags" classname="NUnit.Framework.Tests.Compatibility.ReflectionExtensionsTests" runstate="Runnable" seed="679584109" result="Passed" start-time="2017-02-21 11:04:50Z" end-time="2017-02-21 11:04:50Z" duration="0.000278" asserts="1" />
                <test-case id="0-2712" name="CanGetPropertyWithBindingFlags(NUnit.Framework.Tests.Compatibility.BaseTestClass,&quot;Name&quot;,Instance, Static, NonPublic,False)" fullname="NUnit.Framework.Tests.Compatibility.ReflectionExtensionsTests.CanGetPropertyWithBindingFlags(NUnit.Framework.Tests.Compatibility.BaseTestClass,&quot;Name&quot;,Instance, Static, NonPublic,False)" methodname="CanGetPropertyWithBindingFlags" classname="NUnit.Framework.Tests.Compatibility.ReflectionExtensionsTests" runstate="Runnable" seed="1172865536" result="Passed" start-time="2017-02-21 11:04:50Z" end-time="2017-02-21 11:04:50Z" duration="0.000200" asserts="1" />
                <test-case id="0-2713" name="CanGetPropertyWithBindingFlags(NUnit.Framework.Tests.Compatibility.DerivedTestClass,&quot;Name&quot;,Instance, Static, NonPublic,False)" fullname="NUnit.Framework.Tests.Compatibility.ReflectionExtensionsTests.CanGetPropertyWithBindingFlags(NUnit.Framework.Tests.Compatibility.DerivedTestClass,&quot;Name&quot;,Instance, Static, NonPublic,False)" methodname="CanGetPropertyWithBindingFlags" classname="NUnit.Framework.Tests.Compatibility.ReflectionExtensionsTests" runstate="Runnable" seed="944711880" result="Passed" start-time="2017-02-21 11:04:50Z" end-time="2017-02-21 11:04:50Z" duration="0.000159" asserts="1" />
                <test-case id="0-2714" name="CanGetPropertyWithBindingFlags(NUnit.Framework.Tests.Compatibility.BaseTestClass,&quot;Private&quot;,Instance, Static, NonPublic,True)" fullname="NUnit.Framework.Tests.Compatibility.ReflectionExtensionsTests.CanGetPropertyWithBindingFlags(NUnit.Framework.Tests.Compatibility.BaseTestClass,&quot;Private&quot;,Instance, Static, NonPublic,True)" methodname="CanGetPropertyWithBindingFlags" classname="NUnit.Framework.Tests.Compatibility.ReflectionExtensionsTests" runstate="Runnable" seed="522167704" result="Passed" start-time="2017-02-21 11:04:50Z" end-time="2017-02-21 11:04:50Z" duration="0.000152" asserts="1" />
                <test-case id="0-2715" name="CanGetPropertyWithBindingFlags(NUnit.Framework.Tests.Compatibility.BaseTestClass,&quot;StaticString&quot;,Instance, Static, NonPublic,False)" fullname="NUnit.Framework.Tests.Compatibility.ReflectionExtensionsTests.CanGetPropertyWithBindingFlags(NUnit.Framework.Tests.Compatibility.BaseTestClass,&quot;StaticString&quot;,Instance, Static, NonPublic,False)" methodname="CanGetPropertyWithBindingFlags" classname="NUnit.Framework.Tests.Compatibility.ReflectionExtensionsTests" runstate="Runnable" seed="32011590" result="Passed" start-time="2017-02-21 11:04:50Z" end-time="2017-02-21 11:04:50Z" duration="0.000398" asserts="1" />
                <test-case id="0-2716" name="CanGetPropertyWithBindingFlags(NUnit.Framework.Tests.Compatibility.DerivedTestClass,&quot;StaticString&quot;,Instance, Static, NonPublic,False)" fullname="NUnit.Framework.Tests.Compatibility.ReflectionExtensionsTests.CanGetPropertyWithBindingFlags(NUnit.Framework.Tests.Compatibility.DerivedTestClass,&quot;StaticString&quot;,Instance, Static, NonPublic,False)" methodname="CanGetPropertyWithBindingFlags" classname="NUnit.Framework.Tests.Compatibility.ReflectionExtensionsTests" runstate="Runnable" seed="928576215" result="Passed" start-time="2017-02-21 11:04:50Z" end-time="2017-02-21 11:04:50Z" duration="0.000174" asserts="1" />
                <test-case id="0-2717" name="CanGetPropertyWithBindingFlags(NUnit.Framework.Tests.Compatibility.BaseTestClass,&quot;PubPriv&quot;,Instance, Static, Public,True)" fullname="NUnit.Framework.Tests.Compatibility.ReflectionExtensionsTests.CanGetPropertyWithBindingFlags(NUnit.Framework.Tests.Compatibility.BaseTestClass,&quot;PubPriv&quot;,Instance, Static, Public,True)" methodname="CanGetPropertyWithBindingFlags" classname="NUnit.Framework.Tests.Compatibility.ReflectionExtensionsTests" runstate="Runnable" seed="579095960" result="Passed" start-time="2017-02-21 11:04:50Z" end-time="2017-02-21 11:04:50Z" duration="0.000723" asserts="1" />
                <test-case id="0-2718" name="CanGetPropertyWithBindingFlags(NUnit.Framework.Tests.Compatibility.DerivedTestClass,&quot;PubPriv&quot;,Instance, Static, Public,True)" fullname="NUnit.Framework.Tests.Compatibility.ReflectionExtensionsTests.CanGetPropertyWithBindingFlags(NUnit.Framework.Tests.Compatibility.DerivedTestClass,&quot;PubPriv&quot;,Instance, Static, Public,True)" methodname="CanGetPropertyWithBindingFlags" classname="NUnit.Framework.Tests.Compatibility.ReflectionExtensionsTests" runstate="Runnable" seed="922087801" result="Passed" start-time="2017-02-21 11:04:50Z" end-time="2017-02-21 11:04:50Z" duration="0.000182" asserts="1" />
                <test-case id="0-2719" name="CanGetPropertyWithBindingFlags(NUnit.Framework.Tests.Compatibility.BaseTestClass,&quot;PubPriv&quot;,Instance, Static, NonPublic,False)" fullname="NUnit.Framework.Tests.Compatibility.ReflectionExtensionsTests.CanGetPropertyWithBindingFlags(NUnit.Framework.Tests.Compatibility.BaseTestClass,&quot;PubPriv&quot;,Instance, Static, NonPublic,False)" methodname="CanGetPropertyWithBindingFlags" classname="NUnit.Framework.Tests.Compatibility.ReflectionExtensionsTests" runstate="Runnable" seed="1763906915" result="Passed" start-time="2017-02-21 11:04:50Z" end-time="2017-02-21 11:04:50Z" duration="0.000935" asserts="1" />
                <test-case id="0-2720" name="CanGetPropertyWithBindingFlags(NUnit.Framework.Tests.Compatibility.DerivedTestClass,&quot;PubPriv&quot;,Instance, Static, NonPublic,False)" fullname="NUnit.Framework.Tests.Compatibility.ReflectionExtensionsTests.CanGetPropertyWithBindingFlags(NUnit.Framework.Tests.Compatibility.DerivedTestClass,&quot;PubPriv&quot;,Instance, Static, NonPublic,False)" methodname="CanGetPropertyWithBindingFlags" classname="NUnit.Framework.Tests.Compatibility.ReflectionExtensionsTests" runstate="Runnable" seed="990657941" result="Passed" start-time="2017-02-21 11:04:50Z" end-time="2017-02-21 11:04:50Z" duration="0.000167" asserts="1" />
              </test-suite>
              <test-case id="0-2688" name="CanGetPublicField" fullname="NUnit.Framework.Tests.Compatibility.ReflectionExtensionsTests.CanGetPublicField" methodname="CanGetPublicField" classname="NUnit.Framework.Tests.Compatibility.ReflectionExtensionsTests" runstate="Runnable" seed="2112633841" result="Passed" start-time="2017-02-21 11:04:50Z" end-time="2017-02-21 11:04:50Z" duration="0.000277" asserts="1" />
              <test-suite type="ParameterizedMethod" id="0-2745" name="DoesNotFindStaticMethodsOnBase" fullname="NUnit.Framework.Tests.Compatibility.ReflectionExtensionsTests.DoesNotFindStaticMethodsOnBase" classname="NUnit.Framework.Tests.Compatibility.ReflectionExtensionsTests" runstate="Runnable" testcasecount="3" result="Passed" start-time="2017-02-21 11:04:50Z" end-time="2017-02-21 11:04:50Z" duration="0.010407" total="3" passed="3" failed="0" warnings="0" inconclusive="0" skipped="0" asserts="0">
                <test-case id="0-2742" name="DoesNotFindStaticMethodsOnBase(Static)" fullname="NUnit.Framework.Tests.Compatibility.ReflectionExtensionsTests.DoesNotFindStaticMethodsOnBase(Static)" methodname="DoesNotFindStaticMethodsOnBase" classname="NUnit.Framework.Tests.Compatibility.ReflectionExtensionsTests" runstate="Runnable" seed="683950927" result="Passed" start-time="2017-02-21 11:04:50Z" end-time="2017-02-21 11:04:50Z" duration="0.000638" asserts="0" />
                <test-case id="0-2743" name="DoesNotFindStaticMethodsOnBase(FlattenHierarchy)" fullname="NUnit.Framework.Tests.Compatibility.ReflectionExtensionsTests.DoesNotFindStaticMethodsOnBase(FlattenHierarchy)" methodname="DoesNotFindStaticMethodsOnBase" classname="NUnit.Framework.Tests.Compatibility.ReflectionExtensionsTests" runstate="Runnable" seed="1907860059" result="Passed" start-time="2017-02-21 11:04:50Z" end-time="2017-02-21 11:04:50Z" duration="0.000277" asserts="0" />
                <test-case id="0-2744" name="DoesNotFindStaticMethodsOnBase(Default)" fullname="NUnit.Framework.Tests.Compatibility.ReflectionExtensionsTests.DoesNotFindStaticMethodsOnBase(Default)" methodname="DoesNotFindStaticMethodsOnBase" classname="NUnit.Framework.Tests.Compatibility.ReflectionExtensionsTests" runstate="Runnable" seed="1436166545" result="Passed" start-time="2017-02-21 11:04:50Z" end-time="2017-02-21 11:04:50Z" duration="0.000328" asserts="0" />
              </test-suite>
              <test-case id="0-2689" name="DoesNotGetPrivateField" fullname="NUnit.Framework.Tests.Compatibility.ReflectionExtensionsTests.DoesNotGetPrivateField" methodname="DoesNotGetPrivateField" classname="NUnit.Framework.Tests.Compatibility.ReflectionExtensionsTests" runstate="Runnable" seed="1635768720" result="Passed" start-time="2017-02-21 11:04:50Z" end-time="2017-02-21 11:04:50Z" duration="0.000436" asserts="1" />
              <test-case id="0-2694" name="DoesNotGetStaticPropertyOnBase" fullname="NUnit.Framework.Tests.Compatibility.ReflectionExtensionsTests.DoesNotGetStaticPropertyOnBase" methodname="DoesNotGetStaticPropertyOnBase" classname="NUnit.Framework.Tests.Compatibility.ReflectionExtensionsTests" runstate="Runnable" seed="1633681400" result="Passed" start-time="2017-02-21 11:04:50Z" end-time="2017-02-21 11:04:50Z" duration="0.000582" asserts="1" />
              <test-case id="0-2687" name="GetStaticMemberOnBaseClass" fullname="NUnit.Framework.Tests.Compatibility.ReflectionExtensionsTests.GetStaticMemberOnBaseClass" methodname="GetStaticMemberOnBaseClass" classname="NUnit.Framework.Tests.Compatibility.ReflectionExtensionsTests" runstate="Runnable" seed="42818368" result="Passed" start-time="2017-02-21 11:04:50Z" end-time="2017-02-21 11:04:50Z" duration="0.000468" asserts="2" />
              <test-case id="0-2671" name="IsAssignableFromTest" fullname="NUnit.Framework.Tests.Compatibility.ReflectionExtensionsTests.IsAssignableFromTest" methodname="IsAssignableFromTest" classname="NUnit.Framework.Tests.Compatibility.ReflectionExtensionsTests" runstate="Runnable" seed="1735386863" result="Passed" start-time="2017-02-21 11:04:50Z" end-time="2017-02-21 11:04:50Z" duration="0.000465" asserts="2" />
              <test-case id="0-2672" name="IsInstanceOfTypeTest" fullname="NUnit.Framework.Tests.Compatibility.ReflectionExtensionsTests.IsInstanceOfTypeTest" methodname="IsInstanceOfTypeTest" classname="NUnit.Framework.Tests.Compatibility.ReflectionExtensionsTests" runstate="Runnable" seed="242871154" result="Passed" start-time="2017-02-21 11:04:50Z" end-time="2017-02-21 11:04:50Z" duration="0.000657" asserts="5" />
            </test-suite>
          </test-suite>
          <test-suite type="TestFixture" id="0-5500" name="TextOutputTests" fullname="NUnit.Framework.Tests.TextOutputTests" classname="NUnit.Framework.Tests.TextOutputTests" runstate="Runnable" testcasecount="10" result="Passed" start-time="2017-02-21 11:04:50Z" end-time="2017-02-21 11:04:50Z" duration="0.042554" total="10" passed="10" failed="0" warnings="0" inconclusive="0" skipped="0" asserts="5">
            <test-case id="0-5503" name="ConsoleErrorWrite_WritesToListener" fullname="NUnit.Framework.Tests.TextOutputTests.ConsoleErrorWrite_WritesToListener" methodname="ConsoleErrorWrite_WritesToListener" classname="NUnit.Framework.Tests.TextOutputTests" runstate="Runnable" seed="59787573" result="Passed" start-time="2017-02-21 11:04:50Z" end-time="2017-02-21 11:04:50Z" duration="0.001042" asserts="0" />
            <test-case id="0-5504" name="ConsoleErrorWriteLine_WritesToListener" fullname="NUnit.Framework.Tests.TextOutputTests.ConsoleErrorWriteLine_WritesToListener" methodname="ConsoleErrorWriteLine_WritesToListener" classname="NUnit.Framework.Tests.TextOutputTests" runstate="Runnable" seed="654905531" result="Passed" start-time="2017-02-21 11:04:50Z" end-time="2017-02-21 11:04:50Z" duration="0.000870" asserts="0" />
            <test-case id="0-5501" name="ConsoleWrite_WritesToResult" fullname="NUnit.Framework.Tests.TextOutputTests.ConsoleWrite_WritesToResult" methodname="ConsoleWrite_WritesToResult" classname="NUnit.Framework.Tests.TextOutputTests" runstate="Runnable" seed="1667534761" result="Passed" start-time="2017-02-21 11:04:50Z" end-time="2017-02-21 11:04:50Z" duration="0.000452" asserts="1">
              <output><![CDATA[Should go to the result]]></output>
            </test-case>
            <test-case id="0-5502" name="ConsoleWriteLine_WritesToResult" fullname="NUnit.Framework.Tests.TextOutputTests.ConsoleWriteLine_WritesToResult" methodname="ConsoleWriteLine_WritesToResult" classname="NUnit.Framework.Tests.TextOutputTests" runstate="Runnable" seed="923510857" result="Passed" start-time="2017-02-21 11:04:50Z" end-time="2017-02-21 11:04:50Z" duration="0.000748" asserts="1">
              <output><![CDATA[Should go to the result
]]></output>
            </test-case>
            <test-case id="0-5505" name="MultipleWrites" fullname="NUnit.Framework.Tests.TextOutputTests.MultipleWrites" methodname="MultipleWrites" classname="NUnit.Framework.Tests.TextOutputTests" runstate="Runnable" seed="2101768103" result="Passed" start-time="2017-02-21 11:04:50Z" end-time="2017-02-21 11:04:50Z" duration="0.003386" asserts="0">
              <output><![CDATA[This line is added to the result and displayed when test ends
As is this line
]]></output>
            </test-case>
            <test-case id="0-5506" name="TestContextError_WritesToListener" fullname="NUnit.Framework.Tests.TextOutputTests.TestContextError_WritesToListener" methodname="TestContextError_WritesToListener" classname="NUnit.Framework.Tests.TextOutputTests" runstate="Runnable" seed="781832466" result="Passed" start-time="2017-02-21 11:04:50Z" end-time="2017-02-21 11:04:50Z" duration="0.000880" asserts="0" />
            <test-case id="0-5508" name="TestContextOut_WritesToResult" fullname="NUnit.Framework.Tests.TextOutputTests.TestContextOut_WritesToResult" methodname="TestContextOut_WritesToResult" classname="NUnit.Framework.Tests.TextOutputTests" runstate="Runnable" seed="1115784124" result="Passed" start-time="2017-02-21 11:04:50Z" end-time="2017-02-21 11:04:50Z" duration="0.000201" asserts="1">
              <output><![CDATA[Should go to the result
]]></output>
            </test-case>
            <test-case id="0-5507" name="TestContextProgress_WritesToListener" fullname="NUnit.Framework.Tests.TextOutputTests.TestContextProgress_WritesToListener" methodname="TestContextProgress_WritesToListener" classname="NUnit.Framework.Tests.TextOutputTests" runstate="Runnable" seed="776457844" result="Passed" start-time="2017-02-21 11:04:50Z" end-time="2017-02-21 11:04:50Z" duration="0.000848" asserts="0" />
            <test-case id="0-5509" name="TestContextWrite_WritesToResult" fullname="NUnit.Framework.Tests.TextOutputTests.TestContextWrite_WritesToResult" methodname="TestContextWrite_WritesToResult" classname="NUnit.Framework.Tests.TextOutputTests" runstate="Runnable" seed="7126542" result="Passed" start-time="2017-02-21 11:04:50Z" end-time="2017-02-21 11:04:50Z" duration="0.000350" asserts="1">
              <output><![CDATA[Should go to the result]]></output>
            </test-case>
            <test-case id="0-5510" name="TestContextWriteLine_WritesToResult" fullname="NUnit.Framework.Tests.TextOutputTests.TestContextWriteLine_WritesToResult" methodname="TestContextWriteLine_WritesToResult" classname="NUnit.Framework.Tests.TextOutputTests" runstate="Runnable" seed="1211617414" result="Passed" start-time="2017-02-21 11:04:50Z" end-time="2017-02-21 11:04:50Z" duration="0.003965" asserts="1">
              <output><![CDATA[Should go to the result
]]></output>
            </test-case>
          </test-suite>
          <test-suite type="TestFixture" id="0-5511" name="ThrowsTests" fullname="NUnit.Framework.Tests.ThrowsTests" classname="NUnit.Framework.Tests.ThrowsTests" runstate="Runnable" testcasecount="1" result="Passed" start-time="2017-02-21 11:04:50Z" end-time="2017-02-21 11:04:50Z" duration="0.003249" total="1" passed="1" failed="0" warnings="0" inconclusive="0" skipped="0" asserts="1">
            <test-case id="0-5512" name="ArgumentNullException_ConstraintMatchesThrownArgumentNullException" fullname="NUnit.Framework.Tests.ThrowsTests.ArgumentNullException_ConstraintMatchesThrownArgumentNullException" methodname="ArgumentNullException_ConstraintMatchesThrownArgumentNullException" classname="NUnit.Framework.Tests.ThrowsTests" runstate="Runnable" seed="881111994" result="Passed" start-time="2017-02-21 11:04:50Z" end-time="2017-02-21 11:04:50Z" duration="0.000270" asserts="1" />
          </test-suite>
          <test-suite type="TestFixture" id="0-5454" name="TestParametersTests" fullname="NUnit.Framework.Tests.TestParametersTests" classname="NUnit.Framework.Tests.TestParametersTests" runstate="Runnable" testcasecount="37" result="Passed" start-time="2017-02-21 11:04:50Z" end-time="2017-02-21 11:04:51Z" duration="0.148465" total="37" passed="37" failed="0" warnings="0" inconclusive="0" skipped="0" asserts="37">
            <test-case id="0-5461" name="Add_AccumulatesNames" fullname="NUnit.Framework.Tests.TestParametersTests.Add_AccumulatesNames" methodname="Add_AccumulatesNames" classname="NUnit.Framework.Tests.TestParametersTests" runstate="Runnable" seed="685675033" result="Passed" start-time="2017-02-21 11:04:50Z" end-time="2017-02-21 11:04:50Z" duration="0.001534" asserts="1" />
            <test-case id="0-5460" name="Add_IncrementsCount" fullname="NUnit.Framework.Tests.TestParametersTests.Add_IncrementsCount" methodname="Add_IncrementsCount" classname="NUnit.Framework.Tests.TestParametersTests" runstate="Runnable" seed="987730826" result="Passed" start-time="2017-02-21 11:04:50Z" end-time="2017-02-21 11:04:50Z" duration="0.000293" asserts="1" />
            <test-case id="0-5459" name="Add_NullKeyThrowsException" fullname="NUnit.Framework.Tests.TestParametersTests.Add_NullKeyThrowsException" methodname="Add_NullKeyThrowsException" classname="NUnit.Framework.Tests.TestParametersTests" runstate="Runnable" seed="2134923945" result="Passed" start-time="2017-02-21 11:04:50Z" end-time="2017-02-21 11:04:50Z" duration="0.000945" asserts="1" />
            <test-case id="0-5462" name="Add_ParameterExists" fullname="NUnit.Framework.Tests.TestParametersTests.Add_ParameterExists" methodname="Add_ParameterExists" classname="NUnit.Framework.Tests.TestParametersTests" runstate="Runnable" seed="37824624" result="Passed" start-time="2017-02-21 11:04:50Z" end-time="2017-02-21 11:04:50Z" duration="0.000278" asserts="1" />
            <test-case id="0-5466" name="Get_NullKeyThrowsException" fullname="NUnit.Framework.Tests.TestParametersTests.Get_NullKeyThrowsException" methodname="Get_NullKeyThrowsException" classname="NUnit.Framework.Tests.TestParametersTests" runstate="Runnable" seed="1787382081" result="Passed" start-time="2017-02-21 11:04:50Z" end-time="2017-02-21 11:04:50Z" duration="0.000557" asserts="1" />
            <test-case id="0-5465" name="Get_ValueIsCorrect" fullname="NUnit.Framework.Tests.TestParametersTests.Get_ValueIsCorrect" methodname="Get_ValueIsCorrect" classname="NUnit.Framework.Tests.TestParametersTests" runstate="Runnable" seed="1347461881" result="Passed" start-time="2017-02-21 11:04:50Z" end-time="2017-02-21 11:04:50Z" duration="0.000232" asserts="1" />
            <test-case id="0-5484" name="GetBoolean_BadValueThrowsException" fullname="NUnit.Framework.Tests.TestParametersTests.GetBoolean_BadValueThrowsException" methodname="GetBoolean_BadValueThrowsException" classname="NUnit.Framework.Tests.TestParametersTests" runstate="Runnable" seed="1474255433" result="Passed" start-time="2017-02-21 11:04:50Z" end-time="2017-02-21 11:04:50Z" duration="0.000835" asserts="1" />
            <test-case id="0-5483" name="GetBoolean_MissingValue" fullname="NUnit.Framework.Tests.TestParametersTests.GetBoolean_MissingValue" methodname="GetBoolean_MissingValue" classname="NUnit.Framework.Tests.TestParametersTests" runstate="Runnable" seed="904765998" result="Passed" start-time="2017-02-21 11:04:50Z" end-time="2017-02-21 11:04:50Z" duration="0.000281" asserts="1" />
            <test-case id="0-5482" name="GetBoolean_ValueIsCorrect" fullname="NUnit.Framework.Tests.TestParametersTests.GetBoolean_ValueIsCorrect" methodname="GetBoolean_ValueIsCorrect" classname="NUnit.Framework.Tests.TestParametersTests" runstate="Runnable" seed="1392811874" result="Passed" start-time="2017-02-21 11:04:50Z" end-time="2017-02-21 11:04:50Z" duration="0.000313" asserts="1" />
            <test-case id="0-5487" name="GetChar_BadValueThrowsException" fullname="NUnit.Framework.Tests.TestParametersTests.GetChar_BadValueThrowsException" methodname="GetChar_BadValueThrowsException" classname="NUnit.Framework.Tests.TestParametersTests" runstate="Runnable" seed="1703715538" result="Passed" start-time="2017-02-21 11:04:50Z" end-time="2017-02-21 11:04:50Z" duration="0.001429" asserts="1" />
            <test-case id="0-5486" name="GetChar_MissingValue" fullname="NUnit.Framework.Tests.TestParametersTests.GetChar_MissingValue" methodname="GetChar_MissingValue" classname="NUnit.Framework.Tests.TestParametersTests" runstate="Runnable" seed="632819728" result="Passed" start-time="2017-02-21 11:04:50Z" end-time="2017-02-21 11:04:50Z" duration="0.000797" asserts="1" />
            <test-case id="0-5485" name="GetChar_ValueIsCorrect" fullname="NUnit.Framework.Tests.TestParametersTests.GetChar_ValueIsCorrect" methodname="GetChar_ValueIsCorrect" classname="NUnit.Framework.Tests.TestParametersTests" runstate="Runnable" seed="1949716373" result="Passed" start-time="2017-02-21 11:04:50Z" end-time="2017-02-21 11:04:50Z" duration="0.000313" asserts="1" />
            <test-case id="0-5490" name="GetDateTime_BadValueThrowsException" fullname="NUnit.Framework.Tests.TestParametersTests.GetDateTime_BadValueThrowsException" methodname="GetDateTime_BadValueThrowsException" classname="NUnit.Framework.Tests.TestParametersTests" runstate="Runnable" seed="815610482" result="Passed" start-time="2017-02-21 11:04:50Z" end-time="2017-02-21 11:04:50Z" duration="0.004987" asserts="1" />
            <test-case id="0-5489" name="GetDateTime_MissingValue" fullname="NUnit.Framework.Tests.TestParametersTests.GetDateTime_MissingValue" methodname="GetDateTime_MissingValue" classname="NUnit.Framework.Tests.TestParametersTests" runstate="Runnable" seed="1993416972" result="Passed" start-time="2017-02-21 11:04:50Z" end-time="2017-02-21 11:04:50Z" duration="0.000340" asserts="1" />
            <test-case id="0-5488" name="GetDateTime_ValueIsCorrect" fullname="NUnit.Framework.Tests.TestParametersTests.GetDateTime_ValueIsCorrect" methodname="GetDateTime_ValueIsCorrect" classname="NUnit.Framework.Tests.TestParametersTests" runstate="Runnable" seed="905064413" result="Passed" start-time="2017-02-21 11:04:50Z" end-time="2017-02-21 11:04:50Z" duration="0.000396" asserts="1" />
            <test-case id="0-5481" name="GetDecimal_BadFormatThrowsException" fullname="NUnit.Framework.Tests.TestParametersTests.GetDecimal_BadFormatThrowsException" methodname="GetDecimal_BadFormatThrowsException" classname="NUnit.Framework.Tests.TestParametersTests" runstate="Runnable" seed="290266775" result="Passed" start-time="2017-02-21 11:04:50Z" end-time="2017-02-21 11:04:50Z" duration="0.001051" asserts="1" />
            <test-case id="0-5480" name="GetDecimal_BadValueThrowsException" fullname="NUnit.Framework.Tests.TestParametersTests.GetDecimal_BadValueThrowsException" methodname="GetDecimal_BadValueThrowsException" classname="NUnit.Framework.Tests.TestParametersTests" runstate="Runnable" seed="650934756" result="Passed" start-time="2017-02-21 11:04:50Z" end-time="2017-02-21 11:04:50Z" duration="0.000549" asserts="1" />
            <test-case id="0-5479" name="GetDecimal_MissingValue" fullname="NUnit.Framework.Tests.TestParametersTests.GetDecimal_MissingValue" methodname="GetDecimal_MissingValue" classname="NUnit.Framework.Tests.TestParametersTests" runstate="Runnable" seed="1566482119" result="Passed" start-time="2017-02-21 11:04:50Z" end-time="2017-02-21 11:04:50Z" duration="0.000429" asserts="1" />
            <test-case id="0-5478" name="GetDecimal_ValueIsCorrect" fullname="NUnit.Framework.Tests.TestParametersTests.GetDecimal_ValueIsCorrect" methodname="GetDecimal_ValueIsCorrect" classname="NUnit.Framework.Tests.TestParametersTests" runstate="Runnable" seed="1298924792" result="Passed" start-time="2017-02-21 11:04:50Z" end-time="2017-02-21 11:04:50Z" duration="0.000388" asserts="1" />
            <test-case id="0-5477" name="GetDouble_BadFormatThrowsException" fullname="NUnit.Framework.Tests.TestParametersTests.GetDouble_BadFormatThrowsException" methodname="GetDouble_BadFormatThrowsException" classname="NUnit.Framework.Tests.TestParametersTests" runstate="Runnable" seed="1905944115" result="Passed" start-time="2017-02-21 11:04:50Z" end-time="2017-02-21 11:04:50Z" duration="0.001199" asserts="1" />
            <test-case id="0-5476" name="GetDouble_BadValueThrowsException" fullname="NUnit.Framework.Tests.TestParametersTests.GetDouble_BadValueThrowsException" methodname="GetDouble_BadValueThrowsException" classname="NUnit.Framework.Tests.TestParametersTests" runstate="Runnable" seed="1687937009" result="Passed" start-time="2017-02-21 11:04:50Z" end-time="2017-02-21 11:04:50Z" duration="0.000574" asserts="1" />
            <test-case id="0-5475" name="GetDouble_MissingValue" fullname="NUnit.Framework.Tests.TestParametersTests.GetDouble_MissingValue" methodname="GetDouble_MissingValue" classname="NUnit.Framework.Tests.TestParametersTests" runstate="Runnable" seed="982827067" result="Passed" start-time="2017-02-21 11:04:50Z" end-time="2017-02-21 11:04:50Z" duration="0.000301" asserts="1" />
            <test-case id="0-5474" name="GetDouble_ValueIsCorrect" fullname="NUnit.Framework.Tests.TestParametersTests.GetDouble_ValueIsCorrect" methodname="GetDouble_ValueIsCorrect" classname="NUnit.Framework.Tests.TestParametersTests" runstate="Runnable" seed="1896294254" result="Passed" start-time="2017-02-21 11:04:50Z" end-time="2017-02-21 11:04:50Z" duration="0.000428" asserts="1" />
            <test-case id="0-5473" name="GetInt_BadValueThrowsException" fullname="NUnit.Framework.Tests.TestParametersTests.GetInt_BadValueThrowsException" methodname="GetInt_BadValueThrowsException" classname="NUnit.Framework.Tests.TestParametersTests" runstate="Runnable" seed="697401071" result="Passed" start-time="2017-02-21 11:04:50Z" end-time="2017-02-21 11:04:50Z" duration="0.001087" asserts="1" />
            <test-case id="0-5471" name="GetInt_MissingValue" fullname="NUnit.Framework.Tests.TestParametersTests.GetInt_MissingValue" methodname="GetInt_MissingValue" classname="NUnit.Framework.Tests.TestParametersTests" runstate="Runnable" seed="1059417184" result="Passed" start-time="2017-02-21 11:04:50Z" end-time="2017-02-21 11:04:50Z" duration="0.000299" asserts="1" />
            <test-case id="0-5472" name="GetInt_NullKeyThrowsException" fullname="NUnit.Framework.Tests.TestParametersTests.GetInt_NullKeyThrowsException" methodname="GetInt_NullKeyThrowsException" classname="NUnit.Framework.Tests.TestParametersTests" runstate="Runnable" seed="1501214777" result="Passed" start-time="2017-02-21 11:04:50Z" end-time="2017-02-21 11:04:50Z" duration="0.000374" asserts="1" />
            <test-case id="0-5470" name="GetInt_ValueIsCorrect" fullname="NUnit.Framework.Tests.TestParametersTests.GetInt_ValueIsCorrect" methodname="GetInt_ValueIsCorrect" classname="NUnit.Framework.Tests.TestParametersTests" runstate="Runnable" seed="787989844" result="Passed" start-time="2017-02-21 11:04:50Z" end-time="2017-02-21 11:04:50Z" duration="0.000265" asserts="1" />
            <test-case id="0-5468" name="GetString_MissingValue" fullname="NUnit.Framework.Tests.TestParametersTests.GetString_MissingValue" methodname="GetString_MissingValue" classname="NUnit.Framework.Tests.TestParametersTests" runstate="Runnable" seed="1570583277" result="Passed" start-time="2017-02-21 11:04:50Z" end-time="2017-02-21 11:04:50Z" duration="0.000217" asserts="1" />
            <test-case id="0-5469" name="GetString_NullKeyThrowsException" fullname="NUnit.Framework.Tests.TestParametersTests.GetString_NullKeyThrowsException" methodname="GetString_NullKeyThrowsException" classname="NUnit.Framework.Tests.TestParametersTests" runstate="Runnable" seed="991237093" result="Passed" start-time="2017-02-21 11:04:50Z" end-time="2017-02-21 11:04:50Z" duration="0.000973" asserts="1" />
            <test-case id="0-5467" name="GetString_ValueIsCorrect" fullname="NUnit.Framework.Tests.TestParametersTests.GetString_ValueIsCorrect" methodname="GetString_ValueIsCorrect" classname="NUnit.Framework.Tests.TestParametersTests" runstate="Runnable" seed="1333355591" result="Passed" start-time="2017-02-21 11:04:51Z" end-time="2017-02-21 11:04:51Z" duration="0.000326" asserts="1" />
            <test-case id="0-5491" name="GetUnsupportedType_ThrowsException" fullname="NUnit.Framework.Tests.TestParametersTests.GetUnsupportedType_ThrowsException" methodname="GetUnsupportedType_ThrowsException" classname="NUnit.Framework.Tests.TestParametersTests" runstate="Runnable" seed="524701436" result="Passed" start-time="2017-02-21 11:04:51Z" end-time="2017-02-21 11:04:51Z" duration="0.001911" asserts="1" />
            <test-case id="0-5464" name="Indexer_NullKeyThrowsException" fullname="NUnit.Framework.Tests.TestParametersTests.Indexer_NullKeyThrowsException" methodname="Indexer_NullKeyThrowsException" classname="NUnit.Framework.Tests.TestParametersTests" runstate="Runnable" seed="859283458" result="Passed" start-time="2017-02-21 11:04:51Z" end-time="2017-02-21 11:04:51Z" duration="0.000417" asserts="1" />
            <test-case id="0-5463" name="Indexer_ValueIsCorrect" fullname="NUnit.Framework.Tests.TestParametersTests.Indexer_ValueIsCorrect" methodname="Indexer_ValueIsCorrect" classname="NUnit.Framework.Tests.TestParametersTests" runstate="Runnable" seed="1159391505" result="Passed" start-time="2017-02-21 11:04:51Z" end-time="2017-02-21 11:04:51Z" duration="0.000308" asserts="1" />
            <test-case id="0-5455" name="Initially_CountIsZero" fullname="NUnit.Framework.Tests.TestParametersTests.Initially_CountIsZero" methodname="Initially_CountIsZero" classname="NUnit.Framework.Tests.TestParametersTests" runstate="Runnable" seed="779640396" result="Passed" start-time="2017-02-21 11:04:51Z" end-time="2017-02-21 11:04:51Z" duration="0.000450" asserts="1" />
            <test-case id="0-5457" name="Initially_ExistsIsFalse" fullname="NUnit.Framework.Tests.TestParametersTests.Initially_ExistsIsFalse" methodname="Initially_ExistsIsFalse" classname="NUnit.Framework.Tests.TestParametersTests" runstate="Runnable" seed="262818203" result="Passed" start-time="2017-02-21 11:04:51Z" end-time="2017-02-21 11:04:51Z" duration="0.000198" asserts="1" />
            <test-case id="0-5458" name="Initially_NamesAreEmpty" fullname="NUnit.Framework.Tests.TestParametersTests.Initially_NamesAreEmpty" methodname="Initially_NamesAreEmpty" classname="NUnit.Framework.Tests.TestParametersTests" runstate="Runnable" seed="1299870418" result="Passed" start-time="2017-02-21 11:04:51Z" end-time="2017-02-21 11:04:51Z" duration="0.000464" asserts="1" />
            <test-case id="0-5456" name="Initially_ValuesAreNull" fullname="NUnit.Framework.Tests.TestParametersTests.Initially_ValuesAreNull" methodname="Initially_ValuesAreNull" classname="NUnit.Framework.Tests.TestParametersTests" runstate="Runnable" seed="191355729" result="Passed" start-time="2017-02-21 11:04:51Z" end-time="2017-02-21 11:04:51Z" duration="0.000143" asserts="1" />
          </test-suite>
          <test-suite type="TestFixture" id="0-1842" name="ActionAttributeTests" fullname="NUnit.Framework.Tests.ActionAttributeTests" classname="NUnit.Framework.Tests.ActionAttributeTests" runstate="Runnable" testcasecount="10" result="Passed" start-time="2017-02-21 11:05:08Z" end-time="2017-02-21 11:05:08Z" duration="0.056283" total="10" passed="10" failed="0" warnings="0" inconclusive="0" skipped="0" asserts="241">
            <properties>
              <property name="ParallelScope" value="None" />
            </properties>
            <test-case id="0-1845" name="ActionsWrappingAssembly" fullname="NUnit.Framework.Tests.ActionAttributeTests.ActionsWrappingAssembly" methodname="ActionsWrappingAssembly" classname="NUnit.Framework.Tests.ActionAttributeTests" runstate="Runnable" seed="1950665465" result="Passed" start-time="2017-02-21 11:05:08Z" end-time="2017-02-21 11:05:08Z" duration="0.000752" asserts="9" />
            <test-case id="0-1848" name="ActionsWrappingParameterizedMethodSuite" fullname="NUnit.Framework.Tests.ActionAttributeTests.ActionsWrappingParameterizedMethodSuite" methodname="ActionsWrappingParameterizedMethodSuite" classname="NUnit.Framework.Tests.ActionAttributeTests" runstate="Runnable" seed="584137438" result="Passed" start-time="2017-02-21 11:05:08Z" end-time="2017-02-21 11:05:08Z" duration="0.000382" asserts="8" />
            <test-case id="0-1846" name="ActionsWrappingSetUpFixture" fullname="NUnit.Framework.Tests.ActionAttributeTests.ActionsWrappingSetUpFixture" methodname="ActionsWrappingSetUpFixture" classname="NUnit.Framework.Tests.ActionAttributeTests" runstate="Runnable" seed="104703918" result="Passed" start-time="2017-02-21 11:05:08Z" end-time="2017-02-21 11:05:08Z" duration="0.000231" asserts="20" />
            <test-case id="0-1847" name="ActionsWrappingTestFixture" fullname="NUnit.Framework.Tests.ActionAttributeTests.ActionsWrappingTestFixture" methodname="ActionsWrappingTestFixture" classname="NUnit.Framework.Tests.ActionAttributeTests" runstate="Runnable" seed="1817869358" result="Passed" start-time="2017-02-21 11:05:08Z" end-time="2017-02-21 11:05:08Z" duration="0.000275" asserts="38" />
            <test-suite type="ParameterizedMethod" id="0-1853" name="ActionsWrappingTestMethod" fullname="NUnit.Framework.Tests.ActionAttributeTests.ActionsWrappingTestMethod" classname="NUnit.Framework.Tests.ActionAttributeTests" runstate="Runnable" testcasecount="3" result="Passed" start-time="2017-02-21 11:05:08Z" end-time="2017-02-21 11:05:08Z" duration="0.008911" total="3" passed="3" failed="0" warnings="0" inconclusive="0" skipped="0" asserts="162">
              <test-case id="0-1850" name="ActionsWrappingTestMethod(&quot;CaseOne&quot;)" fullname="NUnit.Framework.Tests.ActionAttributeTests.ActionsWrappingTestMethod(&quot;CaseOne&quot;)" methodname="ActionsWrappingTestMethod" classname="NUnit.Framework.Tests.ActionAttributeTests" runstate="Runnable" seed="352336176" result="Passed" start-time="2017-02-21 11:05:08Z" end-time="2017-02-21 11:05:08Z" duration="0.000925" asserts="54" />
              <test-case id="0-1851" name="ActionsWrappingTestMethod(&quot;CaseTwo&quot;)" fullname="NUnit.Framework.Tests.ActionAttributeTests.ActionsWrappingTestMethod(&quot;CaseTwo&quot;)" methodname="ActionsWrappingTestMethod" classname="NUnit.Framework.Tests.ActionAttributeTests" runstate="Runnable" seed="1642520967" result="Passed" start-time="2017-02-21 11:05:08Z" end-time="2017-02-21 11:05:08Z" duration="0.000148" asserts="54" />
              <test-case id="0-1852" name="ActionsWrappingTestMethod(&quot;SimpleTest&quot;)" fullname="NUnit.Framework.Tests.ActionAttributeTests.ActionsWrappingTestMethod(&quot;SimpleTest&quot;)" methodname="ActionsWrappingTestMethod" classname="NUnit.Framework.Tests.ActionAttributeTests" runstate="Runnable" seed="1843638034" result="Passed" start-time="2017-02-21 11:05:08Z" end-time="2017-02-21 11:05:08Z" duration="0.000171" asserts="54" />
            </test-suite>
            <test-case id="0-1849" name="CorrectNumberOfEventsReceived" fullname="NUnit.Framework.Tests.ActionAttributeTests.CorrectNumberOfEventsReceived" methodname="CorrectNumberOfEventsReceived" classname="NUnit.Framework.Tests.ActionAttributeTests" runstate="Runnable" seed="76814089" result="Passed" start-time="2017-02-21 11:05:08Z" end-time="2017-02-21 11:05:08Z" duration="0.000216" asserts="1" />
            <test-case id="0-1844" name="ExpectedOutput_InCorrectOrder" fullname="NUnit.Framework.Tests.ActionAttributeTests.ExpectedOutput_InCorrectOrder" methodname="ExpectedOutput_InCorrectOrder" classname="NUnit.Framework.Tests.ActionAttributeTests" runstate="Runnable" seed="1163384640" result="Passed" start-time="2017-02-21 11:05:08Z" end-time="2017-02-21 11:05:08Z" duration="0.001026" asserts="0" />
            <test-case id="0-1843" name="TestsRunSuccessfully" fullname="NUnit.Framework.Tests.ActionAttributeTests.TestsRunSuccessfully" methodname="TestsRunSuccessfully" classname="NUnit.Framework.Tests.ActionAttributeTests" runstate="Runnable" seed="1542230289" result="Passed" start-time="2017-02-21 11:05:08Z" end-time="2017-02-21 11:05:08Z" duration="0.000143" asserts="1" />
          </test-suite>
          <test-suite type="TestSuite" id="0-5531" name="Constraints" fullname="NUnit.Framework.Tests.Constraints" runstate="Runnable" testcasecount="41" result="Passed" start-time="2017-02-21 11:04:43Z" end-time="2017-02-21 11:05:08Z" duration="25.518891" total="41" passed="41" failed="0" warnings="0" inconclusive="0" skipped="0" asserts="58">
            <test-suite type="TestFixture" id="0-3035" name="DictionaryContainsKeyConstraintTests" fullname="NUnit.Framework.Tests.Constraints.DictionaryContainsKeyConstraintTests" classname="NUnit.Framework.Tests.Constraints.DictionaryContainsKeyConstraintTests" runstate="Runnable" testcasecount="8" result="Passed" start-time="2017-02-21 11:04:50Z" end-time="2017-02-21 11:04:50Z" duration="0.045013" total="8" passed="8" failed="0" warnings="0" inconclusive="0" skipped="0" asserts="8">
              <test-case id="0-3039" name="FailsWhenKeyIsMissing" fullname="NUnit.Framework.Tests.Constraints.DictionaryContainsKeyConstraintTests.FailsWhenKeyIsMissing" methodname="FailsWhenKeyIsMissing" classname="NUnit.Framework.Tests.Constraints.DictionaryContainsKeyConstraintTests" runstate="Runnable" seed="836678658" result="Passed" start-time="2017-02-21 11:04:50Z" end-time="2017-02-21 11:04:50Z" duration="0.005913" asserts="1" />
              <test-case id="0-3040" name="FailsWhenNotUsedAgainstADictionary" fullname="NUnit.Framework.Tests.Constraints.DictionaryContainsKeyConstraintTests.FailsWhenNotUsedAgainstADictionary" methodname="FailsWhenNotUsedAgainstADictionary" classname="NUnit.Framework.Tests.Constraints.DictionaryContainsKeyConstraintTests" runstate="Runnable" seed="1043535581" result="Passed" start-time="2017-02-21 11:04:50Z" end-time="2017-02-21 11:04:50Z" duration="0.004120" asserts="1" />
              <test-case id="0-3042" name="IgnoreCaseIsHonored" fullname="NUnit.Framework.Tests.Constraints.DictionaryContainsKeyConstraintTests.IgnoreCaseIsHonored" methodname="IgnoreCaseIsHonored" classname="NUnit.Framework.Tests.Constraints.DictionaryContainsKeyConstraintTests" runstate="Runnable" seed="2125953283" result="Passed" start-time="2017-02-21 11:04:50Z" end-time="2017-02-21 11:04:50Z" duration="0.000327" asserts="1" />
              <test-case id="0-3038" name="SucceedsWhenKeyIsNotPresentUsingContainKey" fullname="NUnit.Framework.Tests.Constraints.DictionaryContainsKeyConstraintTests.SucceedsWhenKeyIsNotPresentUsingContainKey" methodname="SucceedsWhenKeyIsNotPresentUsingContainKey" classname="NUnit.Framework.Tests.Constraints.DictionaryContainsKeyConstraintTests" runstate="Runnable" seed="1745605776" result="Passed" start-time="2017-02-21 11:04:50Z" end-time="2017-02-21 11:04:50Z" duration="0.000412" asserts="1" />
              <test-case id="0-3036" name="SucceedsWhenKeyIsPresent" fullname="NUnit.Framework.Tests.Constraints.DictionaryContainsKeyConstraintTests.SucceedsWhenKeyIsPresent" methodname="SucceedsWhenKeyIsPresent" classname="NUnit.Framework.Tests.Constraints.DictionaryContainsKeyConstraintTests" runstate="Runnable" seed="754081100" result="Passed" start-time="2017-02-21 11:04:50Z" end-time="2017-02-21 11:04:50Z" duration="0.000283" asserts="1" />
              <test-case id="0-3037" name="SucceedsWhenKeyIsPresentUsingContainKey" fullname="NUnit.Framework.Tests.Constraints.DictionaryContainsKeyConstraintTests.SucceedsWhenKeyIsPresentUsingContainKey" methodname="SucceedsWhenKeyIsPresentUsingContainKey" classname="NUnit.Framework.Tests.Constraints.DictionaryContainsKeyConstraintTests" runstate="Runnable" seed="1635666802" result="Passed" start-time="2017-02-21 11:04:50Z" end-time="2017-02-21 11:04:50Z" duration="0.000472" asserts="1" />
              <test-case id="0-3043" name="UsingIsHonored" fullname="NUnit.Framework.Tests.Constraints.DictionaryContainsKeyConstraintTests.UsingIsHonored" methodname="UsingIsHonored" classname="NUnit.Framework.Tests.Constraints.DictionaryContainsKeyConstraintTests" runstate="Runnable" seed="518984445" result="Passed" start-time="2017-02-21 11:04:50Z" end-time="2017-02-21 11:04:50Z" duration="0.000619" asserts="1" />
              <test-case id="0-3041" name="WorksWithNonGenericDictionary" fullname="NUnit.Framework.Tests.Constraints.DictionaryContainsKeyConstraintTests.WorksWithNonGenericDictionary" methodname="WorksWithNonGenericDictionary" classname="NUnit.Framework.Tests.Constraints.DictionaryContainsKeyConstraintTests" runstate="Runnable" seed="1635354023" result="Passed" start-time="2017-02-21 11:04:50Z" end-time="2017-02-21 11:04:50Z" duration="0.000360" asserts="1" />
            </test-suite>
            <test-suite type="TestFixture" id="0-3044" name="DictionaryContainsValueConstraintTests" fullname="NUnit.Framework.Tests.Constraints.DictionaryContainsValueConstraintTests" classname="NUnit.Framework.Tests.Constraints.DictionaryContainsValueConstraintTests" runstate="Runnable" testcasecount="8" result="Passed" start-time="2017-02-21 11:04:50Z" end-time="2017-02-21 11:04:50Z" duration="0.045350" total="8" passed="8" failed="0" warnings="0" inconclusive="0" skipped="0" asserts="8">
              <test-case id="0-3049" name="FailsWhenNotUsedAgainstADictionary" fullname="NUnit.Framework.Tests.Constraints.DictionaryContainsValueConstraintTests.FailsWhenNotUsedAgainstADictionary" methodname="FailsWhenNotUsedAgainstADictionary" classname="NUnit.Framework.Tests.Constraints.DictionaryContainsValueConstraintTests" runstate="Runnable" seed="2058612102" result="Passed" start-time="2017-02-21 11:04:50Z" end-time="2017-02-21 11:04:50Z" duration="0.000799" asserts="1" />
              <test-case id="0-3046" name="FailsWhenValueIsMissing" fullname="NUnit.Framework.Tests.Constraints.DictionaryContainsValueConstraintTests.FailsWhenValueIsMissing" methodname="FailsWhenValueIsMissing" classname="NUnit.Framework.Tests.Constraints.DictionaryContainsValueConstraintTests" runstate="Runnable" seed="1057957611" result="Passed" start-time="2017-02-21 11:04:50Z" end-time="2017-02-21 11:04:50Z" duration="0.015638" asserts="1" />
              <test-case id="0-3051" name="IgnoreCaseIsHonored" fullname="NUnit.Framework.Tests.Constraints.DictionaryContainsValueConstraintTests.IgnoreCaseIsHonored" methodname="IgnoreCaseIsHonored" classname="NUnit.Framework.Tests.Constraints.DictionaryContainsValueConstraintTests" runstate="Runnable" seed="1681621219" result="Passed" start-time="2017-02-21 11:04:50Z" end-time="2017-02-21 11:04:50Z" duration="0.000788" asserts="1" />
              <test-case id="0-3048" name="SucceedsWhenValueIsNotPresentUsingContainKey" fullname="NUnit.Framework.Tests.Constraints.DictionaryContainsValueConstraintTests.SucceedsWhenValueIsNotPresentUsingContainKey" methodname="SucceedsWhenValueIsNotPresentUsingContainKey" classname="NUnit.Framework.Tests.Constraints.DictionaryContainsValueConstraintTests" runstate="Runnable" seed="511063733" result="Passed" start-time="2017-02-21 11:04:50Z" end-time="2017-02-21 11:04:50Z" duration="0.002990" asserts="1" />
              <test-case id="0-3045" name="SucceedsWhenValueIsPresent" fullname="NUnit.Framework.Tests.Constraints.DictionaryContainsValueConstraintTests.SucceedsWhenValueIsPresent" methodname="SucceedsWhenValueIsPresent" classname="NUnit.Framework.Tests.Constraints.DictionaryContainsValueConstraintTests" runstate="Runnable" seed="1982742027" result="Passed" start-time="2017-02-21 11:04:50Z" end-time="2017-02-21 11:04:50Z" duration="0.000642" asserts="1" />
              <test-case id="0-3047" name="SucceedsWhenValueIsPresentUsingContainKey" fullname="NUnit.Framework.Tests.Constraints.DictionaryContainsValueConstraintTests.SucceedsWhenValueIsPresentUsingContainKey" methodname="SucceedsWhenValueIsPresentUsingContainKey" classname="NUnit.Framework.Tests.Constraints.DictionaryContainsValueConstraintTests" runstate="Runnable" seed="6269926" result="Passed" start-time="2017-02-21 11:04:50Z" end-time="2017-02-21 11:04:50Z" duration="0.000588" asserts="1" />
              <test-case id="0-3052" name="UsingIsHonored" fullname="NUnit.Framework.Tests.Constraints.DictionaryContainsValueConstraintTests.UsingIsHonored" methodname="UsingIsHonored" classname="NUnit.Framework.Tests.Constraints.DictionaryContainsValueConstraintTests" runstate="Runnable" seed="361502399" result="Passed" start-time="2017-02-21 11:04:50Z" end-time="2017-02-21 11:04:50Z" duration="0.000540" asserts="1" />
              <test-case id="0-3050" name="WorksWithNonGenericDictionary" fullname="NUnit.Framework.Tests.Constraints.DictionaryContainsValueConstraintTests.WorksWithNonGenericDictionary" methodname="WorksWithNonGenericDictionary" classname="NUnit.Framework.Tests.Constraints.DictionaryContainsValueConstraintTests" runstate="Runnable" seed="1219324282" result="Passed" start-time="2017-02-21 11:04:50Z" end-time="2017-02-21 11:04:50Z" duration="0.000860" asserts="1" />
            </test-suite>
            <test-suite type="TestFixture" id="0-3428" name="FileOrDirectoryExistsConstraintTests" fullname="NUnit.Framework.Tests.Constraints.FileOrDirectoryExistsConstraintTests" classname="NUnit.Framework.Tests.Constraints.FileOrDirectoryExistsConstraintTests" runstate="Runnable" testcasecount="17" result="Passed" start-time="2017-02-21 11:04:50Z" end-time="2017-02-21 11:04:50Z" duration="0.101604" total="17" passed="17" failed="0" warnings="0" inconclusive="0" skipped="0" asserts="32">
              <test-case id="0-3437" name="FailsWhenDirectoryInfoDoesNotExist" fullname="NUnit.Framework.Tests.Constraints.FileOrDirectoryExistsConstraintTests.FailsWhenDirectoryInfoDoesNotExist" methodname="FailsWhenDirectoryInfoDoesNotExist" classname="NUnit.Framework.Tests.Constraints.FileOrDirectoryExistsConstraintTests" runstate="Runnable" seed="460482336" result="Passed" start-time="2017-02-21 11:04:50Z" end-time="2017-02-21 11:04:50Z" duration="0.001513" asserts="2" />
              <test-case id="0-3443" name="FailsWhenDirectoryInfoIsNull" fullname="NUnit.Framework.Tests.Constraints.FileOrDirectoryExistsConstraintTests.FailsWhenDirectoryInfoIsNull" methodname="FailsWhenDirectoryInfoIsNull" classname="NUnit.Framework.Tests.Constraints.FileOrDirectoryExistsConstraintTests" runstate="Runnable" seed="371376806" result="Passed" start-time="2017-02-21 11:04:50Z" end-time="2017-02-21 11:04:50Z" duration="0.000662" asserts="2" />
              <test-case id="0-3440" name="FailsWhenDirectoryStringDoesNotExist" fullname="NUnit.Framework.Tests.Constraints.FileOrDirectoryExistsConstraintTests.FailsWhenDirectoryStringDoesNotExist" methodname="FailsWhenDirectoryStringDoesNotExist" classname="NUnit.Framework.Tests.Constraints.FileOrDirectoryExistsConstraintTests" runstate="Runnable" seed="1646129583" result="Passed" start-time="2017-02-21 11:04:50Z" end-time="2017-02-21 11:04:50Z" duration="0.000586" asserts="2" />
              <test-case id="0-3438" name="FailsWhenFileInfoDoesNotExist" fullname="NUnit.Framework.Tests.Constraints.FileOrDirectoryExistsConstraintTests.FailsWhenFileInfoDoesNotExist" methodname="FailsWhenFileInfoDoesNotExist" classname="NUnit.Framework.Tests.Constraints.FileOrDirectoryExistsConstraintTests" runstate="Runnable" seed="1021429604" result="Passed" start-time="2017-02-21 11:04:50Z" end-time="2017-02-21 11:04:50Z" duration="0.000663" asserts="2" />
              <test-case id="0-3442" name="FailsWhenFileInfoIsNull" fullname="NUnit.Framework.Tests.Constraints.FileOrDirectoryExistsConstraintTests.FailsWhenFileInfoIsNull" methodname="FailsWhenFileInfoIsNull" classname="NUnit.Framework.Tests.Constraints.FileOrDirectoryExistsConstraintTests" runstate="Runnable" seed="865013938" result="Passed" start-time="2017-02-21 11:04:50Z" end-time="2017-02-21 11:04:50Z" duration="0.000679" asserts="2" />
              <test-case id="0-3439" name="FailsWhenFileStringDoesNotExist" fullname="NUnit.Framework.Tests.Constraints.FileOrDirectoryExistsConstraintTests.FailsWhenFileStringDoesNotExist" methodname="FailsWhenFileStringDoesNotExist" classname="NUnit.Framework.Tests.Constraints.FileOrDirectoryExistsConstraintTests" runstate="Runnable" seed="1413982329" result="Passed" start-time="2017-02-21 11:04:50Z" end-time="2017-02-21 11:04:50Z" duration="0.000671" asserts="2" />
              <test-case id="0-3436" name="FailsWhenIgnoreDirectoriesIsTrueWithDirectoryInfo" fullname="NUnit.Framework.Tests.Constraints.FileOrDirectoryExistsConstraintTests.FailsWhenIgnoreDirectoriesIsTrueWithDirectoryInfo" methodname="FailsWhenIgnoreDirectoriesIsTrueWithDirectoryInfo" classname="NUnit.Framework.Tests.Constraints.FileOrDirectoryExistsConstraintTests" runstate="Runnable" seed="192703278" result="Passed" start-time="2017-02-21 11:04:50Z" end-time="2017-02-21 11:04:50Z" duration="0.000955" asserts="2" />
              <test-case id="0-3435" name="FailsWhenIgnoreDirectoriesIsTrueWithDirectoryString" fullname="NUnit.Framework.Tests.Constraints.FileOrDirectoryExistsConstraintTests.FailsWhenIgnoreDirectoriesIsTrueWithDirectoryString" methodname="FailsWhenIgnoreDirectoriesIsTrueWithDirectoryString" classname="NUnit.Framework.Tests.Constraints.FileOrDirectoryExistsConstraintTests" runstate="Runnable" seed="1082137406" result="Passed" start-time="2017-02-21 11:04:50Z" end-time="2017-02-21 11:04:50Z" duration="0.000576" asserts="1" />
              <test-case id="0-3434" name="FailsWhenIgnoreFilesIsTrueWithFileInfo" fullname="NUnit.Framework.Tests.Constraints.FileOrDirectoryExistsConstraintTests.FailsWhenIgnoreFilesIsTrueWithFileInfo" methodname="FailsWhenIgnoreFilesIsTrueWithFileInfo" classname="NUnit.Framework.Tests.Constraints.FileOrDirectoryExistsConstraintTests" runstate="Runnable" seed="1440608507" result="Passed" start-time="2017-02-21 11:04:50Z" end-time="2017-02-21 11:04:50Z" duration="0.001146" asserts="2" />
              <test-case id="0-3433" name="FailsWhenIgnoreFilesIsTrueWithFileString" fullname="NUnit.Framework.Tests.Constraints.FileOrDirectoryExistsConstraintTests.FailsWhenIgnoreFilesIsTrueWithFileString" methodname="FailsWhenIgnoreFilesIsTrueWithFileString" classname="NUnit.Framework.Tests.Constraints.FileOrDirectoryExistsConstraintTests" runstate="Runnable" seed="1112056520" result="Passed" start-time="2017-02-21 11:04:50Z" end-time="2017-02-21 11:04:50Z" duration="0.006814" asserts="1" />
              <test-case id="0-3441" name="FailsWhenNotStringOrDirectoryInfo" fullname="NUnit.Framework.Tests.Constraints.FileOrDirectoryExistsConstraintTests.FailsWhenNotStringOrDirectoryInfo" methodname="FailsWhenNotStringOrDirectoryInfo" classname="NUnit.Framework.Tests.Constraints.FileOrDirectoryExistsConstraintTests" runstate="Runnable" seed="445931646" result="Passed" start-time="2017-02-21 11:04:50Z" end-time="2017-02-21 11:04:50Z" duration="0.001692" asserts="2" />
              <test-case id="0-3445" name="FailsWhenStringIsEmpty" fullname="NUnit.Framework.Tests.Constraints.FileOrDirectoryExistsConstraintTests.FailsWhenStringIsEmpty" methodname="FailsWhenStringIsEmpty" classname="NUnit.Framework.Tests.Constraints.FileOrDirectoryExistsConstraintTests" runstate="Runnable" seed="455571192" result="Passed" start-time="2017-02-21 11:04:50Z" end-time="2017-02-21 11:04:50Z" duration="0.000568" asserts="2" />
              <test-case id="0-3444" name="FailsWhenStringIsNull" fullname="NUnit.Framework.Tests.Constraints.FileOrDirectoryExistsConstraintTests.FailsWhenStringIsNull" methodname="FailsWhenStringIsNull" classname="NUnit.Framework.Tests.Constraints.FileOrDirectoryExistsConstraintTests" runstate="Runnable" seed="2061217244" result="Passed" start-time="2017-02-21 11:04:50Z" end-time="2017-02-21 11:04:50Z" duration="0.000755" asserts="2" />
              <test-case id="0-3430" name="PassesWhenDirectoryInfoExists" fullname="NUnit.Framework.Tests.Constraints.FileOrDirectoryExistsConstraintTests.PassesWhenDirectoryInfoExists" methodname="PassesWhenDirectoryInfoExists" classname="NUnit.Framework.Tests.Constraints.FileOrDirectoryExistsConstraintTests" runstate="Runnable" seed="471861642" result="Passed" start-time="2017-02-21 11:04:50Z" end-time="2017-02-21 11:04:50Z" duration="0.000909" asserts="2" />
              <test-case id="0-3432" name="PassesWhenDirectoryStringExists" fullname="NUnit.Framework.Tests.Constraints.FileOrDirectoryExistsConstraintTests.PassesWhenDirectoryStringExists" methodname="PassesWhenDirectoryStringExists" classname="NUnit.Framework.Tests.Constraints.FileOrDirectoryExistsConstraintTests" runstate="Runnable" seed="642182199" result="Passed" start-time="2017-02-21 11:04:50Z" end-time="2017-02-21 11:04:50Z" duration="0.000403" asserts="2" />
              <test-case id="0-3429" name="PassesWhenFileInfoExists" fullname="NUnit.Framework.Tests.Constraints.FileOrDirectoryExistsConstraintTests.PassesWhenFileInfoExists" methodname="PassesWhenFileInfoExists" classname="NUnit.Framework.Tests.Constraints.FileOrDirectoryExistsConstraintTests" runstate="Runnable" seed="153267894" result="Passed" start-time="2017-02-21 11:04:50Z" end-time="2017-02-21 11:04:50Z" duration="0.001861" asserts="2" />
              <test-case id="0-3431" name="PassesWhenFileStringExists" fullname="NUnit.Framework.Tests.Constraints.FileOrDirectoryExistsConstraintTests.PassesWhenFileStringExists" methodname="PassesWhenFileStringExists" classname="NUnit.Framework.Tests.Constraints.FileOrDirectoryExistsConstraintTests" runstate="Runnable" seed="1917771194" result="Passed" start-time="2017-02-21 11:04:50Z" end-time="2017-02-21 11:04:50Z" duration="0.003194" asserts="2" />
            </test-suite>
            <test-suite type="TestFixture" id="0-4002" name="ToleranceTests" fullname="NUnit.Framework.Tests.Constraints.ToleranceTests" classname="NUnit.Framework.Tests.Constraints.ToleranceTests" runstate="Runnable" testcasecount="8" result="Passed" start-time="2017-02-21 11:05:08Z" end-time="2017-02-21 11:05:08Z" duration="0.023562" total="8" passed="8" failed="0" warnings="0" inconclusive="0" skipped="0" asserts="10">
              <properties>
                <property name="ParallelScope" value="None" />
              </properties>
              <test-case id="0-4004" name="TestGlobalDefaultTolerance_Failure" fullname="NUnit.Framework.Tests.Constraints.ToleranceTests.TestGlobalDefaultTolerance_Failure" methodname="TestGlobalDefaultTolerance_Failure" classname="NUnit.Framework.Tests.Constraints.ToleranceTests" runstate="Runnable" seed="1711057837" result="Passed" start-time="2017-02-21 11:05:08Z" end-time="2017-02-21 11:05:08Z" duration="0.000401" asserts="1" />
              <test-case id="0-4003" name="TestGlobalDefaultTolerance_Success" fullname="NUnit.Framework.Tests.Constraints.ToleranceTests.TestGlobalDefaultTolerance_Success" methodname="TestGlobalDefaultTolerance_Success" classname="NUnit.Framework.Tests.Constraints.ToleranceTests" runstate="Runnable" seed="1756077517" result="Passed" start-time="2017-02-21 11:05:08Z" end-time="2017-02-21 11:05:08Z" duration="0.000281" asserts="1" />
              <test-case id="0-4010" name="TestModeMustFollowTolerance" fullname="NUnit.Framework.Tests.Constraints.ToleranceTests.TestModeMustFollowTolerance" methodname="TestModeMustFollowTolerance" classname="NUnit.Framework.Tests.Constraints.ToleranceTests" runstate="Runnable" seed="1750760321" result="Passed" start-time="2017-02-21 11:05:08Z" end-time="2017-02-21 11:05:08Z" duration="0.000921" asserts="1" />
              <test-case id="0-4008" name="TestModesCanOnlyBeUsedOnce" fullname="NUnit.Framework.Tests.Constraints.ToleranceTests.TestModesCanOnlyBeUsedOnce" methodname="TestModesCanOnlyBeUsedOnce" classname="NUnit.Framework.Tests.Constraints.ToleranceTests" runstate="Runnable" seed="739566283" result="Passed" start-time="2017-02-21 11:05:08Z" end-time="2017-02-21 11:05:08Z" duration="0.000497" asserts="1" />
              <test-case id="0-4009" name="TestNumericToleranceRequired" fullname="NUnit.Framework.Tests.Constraints.ToleranceTests.TestNumericToleranceRequired" methodname="TestNumericToleranceRequired" classname="NUnit.Framework.Tests.Constraints.ToleranceTests" runstate="Runnable" seed="91480753" result="Passed" start-time="2017-02-21 11:05:08Z" end-time="2017-02-21 11:05:08Z" duration="0.000400" asserts="1" />
              <test-case id="0-4005" name="TestToleranceDefault" fullname="NUnit.Framework.Tests.Constraints.ToleranceTests.TestToleranceDefault" methodname="TestToleranceDefault" classname="NUnit.Framework.Tests.Constraints.ToleranceTests" runstate="Runnable" seed="830650441" result="Passed" start-time="2017-02-21 11:05:08Z" end-time="2017-02-21 11:05:08Z" duration="0.000197" asserts="2" />
              <test-case id="0-4006" name="TestToleranceExact" fullname="NUnit.Framework.Tests.Constraints.ToleranceTests.TestToleranceExact" methodname="TestToleranceExact" classname="NUnit.Framework.Tests.Constraints.ToleranceTests" runstate="Runnable" seed="790696006" result="Passed" start-time="2017-02-21 11:05:08Z" end-time="2017-02-21 11:05:08Z" duration="0.000173" asserts="2" />
              <test-case id="0-4007" name="TestWithinCanOnlyBeUsedOnce" fullname="NUnit.Framework.Tests.Constraints.ToleranceTests.TestWithinCanOnlyBeUsedOnce" methodname="TestWithinCanOnlyBeUsedOnce" classname="NUnit.Framework.Tests.Constraints.ToleranceTests" runstate="Runnable" seed="1993605252" result="Passed" start-time="2017-02-21 11:05:08Z" end-time="2017-02-21 11:05:08Z" duration="0.000499" asserts="1" />
            </test-suite>
          </test-suite>
        </test-suite>
      </test-suite>
    </test-suite>
  </test-suite>
</test-run>